[2023-02-02T05:10:54.609+0000] {taskinstance.py:1083} INFO - Dependencies all met for <TaskInstance: our_dag_with_python_operator_v07.get_name scheduled__2021-10-07T00:00:00+00:00 [queued]>
[2023-02-02T05:10:54.720+0000] {taskinstance.py:1083} INFO - Dependencies all met for <TaskInstance: our_dag_with_python_operator_v07.get_name scheduled__2021-10-07T00:00:00+00:00 [queued]>
[2023-02-02T05:10:54.722+0000] {taskinstance.py:1279} INFO - 
--------------------------------------------------------------------------------
[2023-02-02T05:10:54.725+0000] {taskinstance.py:1280} INFO - Starting attempt 1 of 6
[2023-02-02T05:10:54.729+0000] {taskinstance.py:1281} INFO - 
--------------------------------------------------------------------------------
[2023-02-02T05:10:54.795+0000] {taskinstance.py:1300} INFO - Executing <Task(PythonOperator): get_name> on 2021-10-07 00:00:00+00:00
[2023-02-02T05:10:54.881+0000] {standard_task_runner.py:55} INFO - Started process 3047 to run task
[2023-02-02T05:10:54.991+0000] {standard_task_runner.py:82} INFO - Running: ['***', 'tasks', 'run', 'our_dag_with_python_operator_v07', 'get_name', 'scheduled__2021-10-07T00:00:00+00:00', '--job-id', '130', '--raw', '--subdir', 'DAGS_FOLDER/dag_python_operator.py', '--cfg-path', '/tmp/tmponnn79t_']
[2023-02-02T05:10:55.002+0000] {standard_task_runner.py:83} INFO - Job 130: Subtask get_name
[2023-02-02T05:10:56.521+0000] {task_command.py:388} INFO - Running <TaskInstance: our_dag_with_python_operator_v07.get_name scheduled__2021-10-07T00:00:00+00:00 [running]> on host 178c757a8fee
[2023-02-02T05:10:57.581+0000] {taskinstance.py:1509} INFO - Exporting the following env vars:
AIRFLOW_CTX_DAG_OWNER=coder2j
AIRFLOW_CTX_DAG_ID=our_dag_with_python_operator_v07
AIRFLOW_CTX_TASK_ID=get_name
AIRFLOW_CTX_EXECUTION_DATE=2021-10-07T00:00:00+00:00
AIRFLOW_CTX_TRY_NUMBER=1
AIRFLOW_CTX_DAG_RUN_ID=scheduled__2021-10-07T00:00:00+00:00
[2023-02-02T05:10:57.845+0000] {python.py:177} INFO - Done. Returned value was: None
[2023-02-02T05:10:57.989+0000] {taskinstance.py:1323} INFO - Marking task as SUCCESS. dag_id=our_dag_with_python_operator_v07, task_id=get_name, execution_date=20211007T000000, start_date=20230202T051054, end_date=20230202T051057
[2023-02-02T05:10:58.447+0000] {local_task_job.py:208} INFO - Task exited with return code 0
[2023-02-02T05:10:59.118+0000] {taskinstance.py:2578} INFO - 1 downstream tasks scheduled from follow-on schedule check
