[2023-02-02T09:17:30.421+0000] {taskinstance.py:1083} INFO - Dependencies all met for <TaskInstance: our_first_dag_v4.second_task scheduled__2022-02-16T00:00:00+00:00 [queued]>
[2023-02-02T09:17:31.544+0000] {taskinstance.py:1083} INFO - Dependencies all met for <TaskInstance: our_first_dag_v4.second_task scheduled__2022-02-16T00:00:00+00:00 [queued]>
[2023-02-02T09:17:31.716+0000] {taskinstance.py:1279} INFO - 
--------------------------------------------------------------------------------
[2023-02-02T09:17:31.722+0000] {taskinstance.py:1280} INFO - Starting attempt 1 of 6
[2023-02-02T09:17:31.730+0000] {taskinstance.py:1281} INFO - 
--------------------------------------------------------------------------------
[2023-02-02T09:17:33.049+0000] {taskinstance.py:1300} INFO - Executing <Task(BashOperator): second_task> on 2022-02-16 00:00:00+00:00
[2023-02-02T09:17:33.792+0000] {standard_task_runner.py:55} INFO - Started process 2490 to run task
[2023-02-02T09:17:34.122+0000] {standard_task_runner.py:82} INFO - Running: ['***', 'tasks', 'run', 'our_first_dag_v4', 'second_task', 'scheduled__2022-02-16T00:00:00+00:00', '--job-id', '753', '--raw', '--subdir', 'DAGS_FOLDER/forth_dag.py', '--cfg-path', '/tmp/tmpur3p8cx8']
[2023-02-02T09:17:34.217+0000] {standard_task_runner.py:83} INFO - Job 753: Subtask second_task
[2023-02-02T09:17:41.206+0000] {task_command.py:388} INFO - Running <TaskInstance: our_first_dag_v4.second_task scheduled__2022-02-16T00:00:00+00:00 [running]> on host 178c757a8fee
[2023-02-02T09:17:47.793+0000] {taskinstance.py:1509} INFO - Exporting the following env vars:
AIRFLOW_CTX_DAG_OWNER=archana
AIRFLOW_CTX_DAG_ID=our_first_dag_v4
AIRFLOW_CTX_TASK_ID=second_task
AIRFLOW_CTX_EXECUTION_DATE=2022-02-16T00:00:00+00:00
AIRFLOW_CTX_TRY_NUMBER=1
AIRFLOW_CTX_DAG_RUN_ID=scheduled__2022-02-16T00:00:00+00:00
[2023-02-02T09:17:47.827+0000] {subprocess.py:63} INFO - Tmp dir root location: 
 /tmp
[2023-02-02T09:17:47.864+0000] {subprocess.py:75} INFO - Running command: ['/bin/bash', '-c', 'echo hey, I am task2 and will be running after the task1']
[2023-02-02T09:17:48.247+0000] {subprocess.py:86} INFO - Output:
[2023-02-02T09:17:48.301+0000] {subprocess.py:93} INFO - hey, I am task2 and will be running after the task1
[2023-02-02T09:17:48.330+0000] {subprocess.py:97} INFO - Command exited with return code 0
[2023-02-02T09:17:49.153+0000] {taskinstance.py:1323} INFO - Marking task as SUCCESS. dag_id=our_first_dag_v4, task_id=second_task, execution_date=20220216T000000, start_date=20230202T091730, end_date=20230202T091749
[2023-02-02T09:17:51.535+0000] {local_task_job.py:208} INFO - Task exited with return code 0
[2023-02-02T09:17:52.521+0000] {taskinstance.py:2578} INFO - 0 downstream tasks scheduled from follow-on schedule check
