[2023-02-02T14:26:09.419+0000] {taskinstance.py:1083} INFO - Dependencies all met for <TaskInstance: dag_with_catchup_backfill_v1.task1 scheduled__2023-01-16T00:00:00+00:00 [queued]>
[2023-02-02T14:26:13.774+0000] {taskinstance.py:1083} INFO - Dependencies all met for <TaskInstance: dag_with_catchup_backfill_v1.task1 scheduled__2023-01-16T00:00:00+00:00 [queued]>
[2023-02-02T14:26:13.779+0000] {taskinstance.py:1279} INFO - 
--------------------------------------------------------------------------------
[2023-02-02T14:26:13.787+0000] {taskinstance.py:1280} INFO - Starting attempt 1 of 6
[2023-02-02T14:26:13.794+0000] {taskinstance.py:1281} INFO - 
--------------------------------------------------------------------------------
[2023-02-02T14:26:23.424+0000] {taskinstance.py:1300} INFO - Executing <Task(BashOperator): task1> on 2023-01-16 00:00:00+00:00
[2023-02-02T14:26:25.348+0000] {standard_task_runner.py:55} INFO - Started process 15637 to run task
[2023-02-02T14:26:25.992+0000] {standard_task_runner.py:82} INFO - Running: ['***', 'tasks', 'run', 'dag_with_catchup_backfill_v1', 'task1', 'scheduled__2023-01-16T00:00:00+00:00', '--job-id', '1326', '--raw', '--subdir', 'DAGS_FOLDER/dag_with_catchup_and_backfill.py', '--cfg-path', '/tmp/tmpmh97e62z']
[2023-02-02T14:26:26.047+0000] {standard_task_runner.py:83} INFO - Job 1326: Subtask task1
[2023-02-02T14:27:08.113+0000] {task_command.py:388} INFO - Running <TaskInstance: dag_with_catchup_backfill_v1.task1 scheduled__2023-01-16T00:00:00+00:00 [running]> on host 178c757a8fee
[2023-02-02T14:28:37.395+0000] {taskinstance.py:1509} INFO - Exporting the following env vars:
AIRFLOW_CTX_DAG_OWNER=archana
AIRFLOW_CTX_DAG_ID=dag_with_catchup_backfill_v1
AIRFLOW_CTX_TASK_ID=task1
AIRFLOW_CTX_EXECUTION_DATE=2023-01-16T00:00:00+00:00
AIRFLOW_CTX_TRY_NUMBER=1
AIRFLOW_CTX_DAG_RUN_ID=scheduled__2023-01-16T00:00:00+00:00
[2023-02-02T14:28:40.490+0000] {subprocess.py:63} INFO - Tmp dir root location: 
 /tmp
[2023-02-02T14:28:42.990+0000] {subprocess.py:75} INFO - Running command: ['/bin/bash', '-c', 'echo This is a simple Bash Command!']
[2023-02-02T14:28:50.238+0000] {subprocess.py:86} INFO - Output:
[2023-02-02T14:28:51.143+0000] {subprocess.py:93} INFO - This is a simple Bash Command!
[2023-02-02T14:28:52.127+0000] {subprocess.py:97} INFO - Command exited with return code 0
[2023-02-02T14:29:16.899+0000] {taskinstance.py:1323} INFO - Marking task as SUCCESS. dag_id=dag_with_catchup_backfill_v1, task_id=task1, execution_date=20230116T000000, start_date=20230202T142609, end_date=20230202T142916
[2023-02-02T14:29:39.052+0000] {local_task_job.py:208} INFO - Task exited with return code 0
[2023-02-02T14:30:01.958+0000] {taskinstance.py:2578} INFO - 0 downstream tasks scheduled from follow-on schedule check
