[2023-02-02T09:19:29.324+0000] {taskinstance.py:1083} INFO - Dependencies all met for <TaskInstance: our_first_dag_v3.first_task scheduled__2021-08-17T00:00:00+00:00 [queued]>
[2023-02-02T09:19:30.254+0000] {taskinstance.py:1083} INFO - Dependencies all met for <TaskInstance: our_first_dag_v3.first_task scheduled__2021-08-17T00:00:00+00:00 [queued]>
[2023-02-02T09:19:30.316+0000] {taskinstance.py:1279} INFO - 
--------------------------------------------------------------------------------
[2023-02-02T09:19:30.328+0000] {taskinstance.py:1280} INFO - Starting attempt 1 of 6
[2023-02-02T09:19:30.336+0000] {taskinstance.py:1281} INFO - 
--------------------------------------------------------------------------------
[2023-02-02T09:19:30.614+0000] {taskinstance.py:1300} INFO - Executing <Task(BashOperator): first_task> on 2021-08-17 00:00:00+00:00
[2023-02-02T09:19:30.948+0000] {standard_task_runner.py:55} INFO - Started process 2678 to run task
[2023-02-02T09:19:31.187+0000] {standard_task_runner.py:82} INFO - Running: ['***', 'tasks', 'run', 'our_first_dag_v3', 'first_task', 'scheduled__2021-08-17T00:00:00+00:00', '--job-id', '799', '--raw', '--subdir', 'DAGS_FOLDER/third_dag.py', '--cfg-path', '/tmp/tmprjb6yynu']
[2023-02-02T09:19:31.253+0000] {standard_task_runner.py:83} INFO - Job 799: Subtask first_task
[2023-02-02T09:19:37.195+0000] {task_command.py:388} INFO - Running <TaskInstance: our_first_dag_v3.first_task scheduled__2021-08-17T00:00:00+00:00 [running]> on host 178c757a8fee
[2023-02-02T09:19:42.513+0000] {taskinstance.py:1509} INFO - Exporting the following env vars:
AIRFLOW_CTX_DAG_OWNER=archana
AIRFLOW_CTX_DAG_ID=our_first_dag_v3
AIRFLOW_CTX_TASK_ID=first_task
AIRFLOW_CTX_EXECUTION_DATE=2021-08-17T00:00:00+00:00
AIRFLOW_CTX_TRY_NUMBER=1
AIRFLOW_CTX_DAG_RUN_ID=scheduled__2021-08-17T00:00:00+00:00
[2023-02-02T09:19:42.595+0000] {subprocess.py:63} INFO - Tmp dir root location: 
 /tmp
[2023-02-02T09:19:42.611+0000] {subprocess.py:75} INFO - Running command: ['/bin/bash', '-c', 'echo hello world, this is the first task!']
[2023-02-02T09:19:43.254+0000] {subprocess.py:86} INFO - Output:
[2023-02-02T09:19:43.317+0000] {subprocess.py:93} INFO - hello world, this is the first task!
[2023-02-02T09:19:43.341+0000] {subprocess.py:97} INFO - Command exited with return code 0
[2023-02-02T09:19:44.199+0000] {taskinstance.py:1323} INFO - Marking task as SUCCESS. dag_id=our_first_dag_v3, task_id=first_task, execution_date=20210817T000000, start_date=20230202T091929, end_date=20230202T091944
[2023-02-02T09:19:45.831+0000] {local_task_job.py:208} INFO - Task exited with return code 0
[2023-02-02T09:19:47.924+0000] {taskinstance.py:2578} INFO - 0 downstream tasks scheduled from follow-on schedule check
