[2023-02-02T09:17:17.526+0000] {taskinstance.py:1083} INFO - Dependencies all met for <TaskInstance: our_first_dag_v4.first_task scheduled__2022-02-22T00:00:00+00:00 [queued]>
[2023-02-02T09:17:17.717+0000] {taskinstance.py:1083} INFO - Dependencies all met for <TaskInstance: our_first_dag_v4.first_task scheduled__2022-02-22T00:00:00+00:00 [queued]>
[2023-02-02T09:17:17.720+0000] {taskinstance.py:1279} INFO - 
--------------------------------------------------------------------------------
[2023-02-02T09:17:17.722+0000] {taskinstance.py:1280} INFO - Starting attempt 1 of 6
[2023-02-02T09:17:17.724+0000] {taskinstance.py:1281} INFO - 
--------------------------------------------------------------------------------
[2023-02-02T09:17:17.850+0000] {taskinstance.py:1300} INFO - Executing <Task(BashOperator): first_task> on 2022-02-22 00:00:00+00:00
[2023-02-02T09:17:19.143+0000] {standard_task_runner.py:55} INFO - Started process 2475 to run task
[2023-02-02T09:17:19.253+0000] {standard_task_runner.py:82} INFO - Running: ['***', 'tasks', 'run', 'our_first_dag_v4', 'first_task', 'scheduled__2022-02-22T00:00:00+00:00', '--job-id', '750', '--raw', '--subdir', 'DAGS_FOLDER/forth_dag.py', '--cfg-path', '/tmp/tmpk4dm63vk']
[2023-02-02T09:17:19.271+0000] {standard_task_runner.py:83} INFO - Job 750: Subtask first_task
[2023-02-02T09:17:30.968+0000] {task_command.py:388} INFO - Running <TaskInstance: our_first_dag_v4.first_task scheduled__2022-02-22T00:00:00+00:00 [running]> on host 178c757a8fee
[2023-02-02T09:17:38.494+0000] {taskinstance.py:1509} INFO - Exporting the following env vars:
AIRFLOW_CTX_DAG_OWNER=archana
AIRFLOW_CTX_DAG_ID=our_first_dag_v4
AIRFLOW_CTX_TASK_ID=first_task
AIRFLOW_CTX_EXECUTION_DATE=2022-02-22T00:00:00+00:00
AIRFLOW_CTX_TRY_NUMBER=1
AIRFLOW_CTX_DAG_RUN_ID=scheduled__2022-02-22T00:00:00+00:00
[2023-02-02T09:17:39.574+0000] {subprocess.py:63} INFO - Tmp dir root location: 
 /tmp
[2023-02-02T09:17:40.439+0000] {subprocess.py:75} INFO - Running command: ['/bin/bash', '-c', 'echo hello world, this is the first task!']
[2023-02-02T09:17:43.109+0000] {subprocess.py:86} INFO - Output:
[2023-02-02T09:17:43.714+0000] {subprocess.py:93} INFO - hello world, this is the first task!
[2023-02-02T09:17:43.979+0000] {subprocess.py:97} INFO - Command exited with return code 0
[2023-02-02T09:17:46.818+0000] {taskinstance.py:1323} INFO - Marking task as SUCCESS. dag_id=our_first_dag_v4, task_id=first_task, execution_date=20220222T000000, start_date=20230202T091717, end_date=20230202T091746
[2023-02-02T09:17:47.406+0000] {local_task_job.py:208} INFO - Task exited with return code 0
[2023-02-02T09:17:48.682+0000] {taskinstance.py:2578} INFO - 0 downstream tasks scheduled from follow-on schedule check
