[2023-02-02T05:10:16.775+0000] {taskinstance.py:1083} INFO - Dependencies all met for <TaskInstance: our_first_dag_v4.first_task scheduled__2021-08-29T00:00:00+00:00 [queued]>
[2023-02-02T05:10:16.925+0000] {taskinstance.py:1083} INFO - Dependencies all met for <TaskInstance: our_first_dag_v4.first_task scheduled__2021-08-29T00:00:00+00:00 [queued]>
[2023-02-02T05:10:16.930+0000] {taskinstance.py:1279} INFO - 
--------------------------------------------------------------------------------
[2023-02-02T05:10:16.933+0000] {taskinstance.py:1280} INFO - Starting attempt 1 of 6
[2023-02-02T05:10:16.934+0000] {taskinstance.py:1281} INFO - 
--------------------------------------------------------------------------------
[2023-02-02T05:10:17.083+0000] {taskinstance.py:1300} INFO - Executing <Task(BashOperator): first_task> on 2021-08-29 00:00:00+00:00
[2023-02-02T05:10:17.186+0000] {standard_task_runner.py:55} INFO - Started process 2894 to run task
[2023-02-02T05:10:17.387+0000] {standard_task_runner.py:82} INFO - Running: ['***', 'tasks', 'run', 'our_first_dag_v4', 'first_task', 'scheduled__2021-08-29T00:00:00+00:00', '--job-id', '88', '--raw', '--subdir', 'DAGS_FOLDER/our_first_dag.py', '--cfg-path', '/tmp/tmpw7efdpgi']
[2023-02-02T05:10:17.403+0000] {standard_task_runner.py:83} INFO - Job 88: Subtask first_task
[2023-02-02T05:10:19.698+0000] {task_command.py:388} INFO - Running <TaskInstance: our_first_dag_v4.first_task scheduled__2021-08-29T00:00:00+00:00 [running]> on host 178c757a8fee
[2023-02-02T05:10:22.159+0000] {taskinstance.py:1509} INFO - Exporting the following env vars:
AIRFLOW_CTX_DAG_OWNER=archana
AIRFLOW_CTX_DAG_ID=our_first_dag_v4
AIRFLOW_CTX_TASK_ID=first_task
AIRFLOW_CTX_EXECUTION_DATE=2021-08-29T00:00:00+00:00
AIRFLOW_CTX_TRY_NUMBER=1
AIRFLOW_CTX_DAG_RUN_ID=scheduled__2021-08-29T00:00:00+00:00
[2023-02-02T05:10:22.223+0000] {subprocess.py:63} INFO - Tmp dir root location: 
 /tmp
[2023-02-02T05:10:22.268+0000] {subprocess.py:75} INFO - Running command: ['/bin/bash', '-c', 'echo hello world, this is the first task!']
[2023-02-02T05:10:22.709+0000] {subprocess.py:86} INFO - Output:
[2023-02-02T05:10:22.759+0000] {subprocess.py:93} INFO - hello world, this is the first task!
[2023-02-02T05:10:22.787+0000] {subprocess.py:97} INFO - Command exited with return code 0
[2023-02-02T05:10:24.990+0000] {taskinstance.py:1323} INFO - Marking task as SUCCESS. dag_id=our_first_dag_v4, task_id=first_task, execution_date=20210829T000000, start_date=20230202T051016, end_date=20230202T051024
[2023-02-02T05:10:26.175+0000] {local_task_job.py:208} INFO - Task exited with return code 0
[2023-02-02T05:10:26.753+0000] {taskinstance.py:2578} INFO - 2 downstream tasks scheduled from follow-on schedule check
