[2023-02-01T06:17:41.915+0000] {taskinstance.py:1083} INFO - Dependencies all met for <TaskInstance: our_first_dag.first_task scheduled__2021-09-08T00:00:00+00:00 [queued]>
[2023-02-01T06:17:42.013+0000] {taskinstance.py:1083} INFO - Dependencies all met for <TaskInstance: our_first_dag.first_task scheduled__2021-09-08T00:00:00+00:00 [queued]>
[2023-02-01T06:17:42.015+0000] {taskinstance.py:1279} INFO - 
--------------------------------------------------------------------------------
[2023-02-01T06:17:42.017+0000] {taskinstance.py:1280} INFO - Starting attempt 1 of 6
[2023-02-01T06:17:42.018+0000] {taskinstance.py:1281} INFO - 
--------------------------------------------------------------------------------
[2023-02-01T06:17:42.186+0000] {taskinstance.py:1300} INFO - Executing <Task(BashOperator): first_task> on 2021-09-08 00:00:00+00:00
[2023-02-01T06:17:42.258+0000] {standard_task_runner.py:55} INFO - Started process 2814 to run task
[2023-02-01T06:17:42.414+0000] {standard_task_runner.py:82} INFO - Running: ['***', 'tasks', 'run', 'our_first_dag', 'first_task', 'scheduled__2021-09-08T00:00:00+00:00', '--job-id', '77', '--raw', '--subdir', 'DAGS_FOLDER/our_first_dag.py', '--cfg-path', '/tmp/tmpxxowh801']
[2023-02-01T06:17:42.428+0000] {standard_task_runner.py:83} INFO - Job 77: Subtask first_task
[2023-02-01T06:17:43.125+0000] {task_command.py:388} INFO - Running <TaskInstance: our_first_dag.first_task scheduled__2021-09-08T00:00:00+00:00 [running]> on host b58e6c3ede27
[2023-02-01T06:17:45.543+0000] {taskinstance.py:1509} INFO - Exporting the following env vars:
AIRFLOW_CTX_DAG_OWNER=archana
AIRFLOW_CTX_DAG_ID=our_first_dag
AIRFLOW_CTX_TASK_ID=first_task
AIRFLOW_CTX_EXECUTION_DATE=2021-09-08T00:00:00+00:00
AIRFLOW_CTX_TRY_NUMBER=1
AIRFLOW_CTX_DAG_RUN_ID=scheduled__2021-09-08T00:00:00+00:00
[2023-02-01T06:17:45.580+0000] {subprocess.py:63} INFO - Tmp dir root location: 
 /tmp
[2023-02-01T06:17:45.628+0000] {subprocess.py:75} INFO - Running command: ['/bin/bash', '-c', 'echo hello world, this is the first task!']
[2023-02-01T06:17:45.795+0000] {subprocess.py:86} INFO - Output:
[2023-02-01T06:17:45.842+0000] {subprocess.py:93} INFO - hello world, this is the first task!
[2023-02-01T06:17:45.848+0000] {subprocess.py:97} INFO - Command exited with return code 0
[2023-02-01T06:17:46.955+0000] {taskinstance.py:1323} INFO - Marking task as SUCCESS. dag_id=our_first_dag, task_id=first_task, execution_date=20210908T000000, start_date=20230201T061741, end_date=20230201T061746
[2023-02-01T06:17:47.936+0000] {local_task_job.py:208} INFO - Task exited with return code 0
[2023-02-01T06:17:48.279+0000] {taskinstance.py:2578} INFO - 0 downstream tasks scheduled from follow-on schedule check
