[2023-02-02T05:10:15.924+0000] {taskinstance.py:1083} INFO - Dependencies all met for <TaskInstance: our_first_dag_v4.first_task scheduled__2021-08-27T00:00:00+00:00 [queued]>
[2023-02-02T05:10:16.009+0000] {taskinstance.py:1083} INFO - Dependencies all met for <TaskInstance: our_first_dag_v4.first_task scheduled__2021-08-27T00:00:00+00:00 [queued]>
[2023-02-02T05:10:16.012+0000] {taskinstance.py:1279} INFO - 
--------------------------------------------------------------------------------
[2023-02-02T05:10:16.016+0000] {taskinstance.py:1280} INFO - Starting attempt 1 of 6
[2023-02-02T05:10:16.018+0000] {taskinstance.py:1281} INFO - 
--------------------------------------------------------------------------------
[2023-02-02T05:10:16.195+0000] {taskinstance.py:1300} INFO - Executing <Task(BashOperator): first_task> on 2021-08-27 00:00:00+00:00
[2023-02-02T05:10:16.225+0000] {standard_task_runner.py:55} INFO - Started process 2892 to run task
[2023-02-02T05:10:16.338+0000] {standard_task_runner.py:82} INFO - Running: ['***', 'tasks', 'run', 'our_first_dag_v4', 'first_task', 'scheduled__2021-08-27T00:00:00+00:00', '--job-id', '86', '--raw', '--subdir', 'DAGS_FOLDER/our_first_dag.py', '--cfg-path', '/tmp/tmpg6x116be']
[2023-02-02T05:10:16.361+0000] {standard_task_runner.py:83} INFO - Job 86: Subtask first_task
[2023-02-02T05:10:17.156+0000] {task_command.py:388} INFO - Running <TaskInstance: our_first_dag_v4.first_task scheduled__2021-08-27T00:00:00+00:00 [running]> on host 178c757a8fee
[2023-02-02T05:10:18.710+0000] {taskinstance.py:1509} INFO - Exporting the following env vars:
AIRFLOW_CTX_DAG_OWNER=archana
AIRFLOW_CTX_DAG_ID=our_first_dag_v4
AIRFLOW_CTX_TASK_ID=first_task
AIRFLOW_CTX_EXECUTION_DATE=2021-08-27T00:00:00+00:00
AIRFLOW_CTX_TRY_NUMBER=1
AIRFLOW_CTX_DAG_RUN_ID=scheduled__2021-08-27T00:00:00+00:00
[2023-02-02T05:10:18.734+0000] {subprocess.py:63} INFO - Tmp dir root location: 
 /tmp
[2023-02-02T05:10:18.773+0000] {subprocess.py:75} INFO - Running command: ['/bin/bash', '-c', 'echo hello world, this is the first task!']
[2023-02-02T05:10:19.319+0000] {subprocess.py:86} INFO - Output:
[2023-02-02T05:10:19.397+0000] {subprocess.py:93} INFO - hello world, this is the first task!
[2023-02-02T05:10:19.414+0000] {subprocess.py:97} INFO - Command exited with return code 0
[2023-02-02T05:10:20.193+0000] {taskinstance.py:1323} INFO - Marking task as SUCCESS. dag_id=our_first_dag_v4, task_id=first_task, execution_date=20210827T000000, start_date=20230202T051015, end_date=20230202T051020
[2023-02-02T05:10:21.791+0000] {local_task_job.py:208} INFO - Task exited with return code 0
[2023-02-02T05:10:22.470+0000] {taskinstance.py:2578} INFO - 0 downstream tasks scheduled from follow-on schedule check
