[2023-02-02T09:23:58.006+0000] {taskinstance.py:1083} INFO - Dependencies all met for <TaskInstance: our_first_dag_v2.first_task scheduled__2021-09-07T00:00:00+00:00 [queued]>
[2023-02-02T09:23:59.749+0000] {taskinstance.py:1083} INFO - Dependencies all met for <TaskInstance: our_first_dag_v2.first_task scheduled__2021-09-07T00:00:00+00:00 [queued]>
[2023-02-02T09:23:59.821+0000] {taskinstance.py:1279} INFO - 
--------------------------------------------------------------------------------
[2023-02-02T09:23:59.824+0000] {taskinstance.py:1280} INFO - Starting attempt 1 of 6
[2023-02-02T09:23:59.825+0000] {taskinstance.py:1281} INFO - 
--------------------------------------------------------------------------------
[2023-02-02T09:24:01.144+0000] {taskinstance.py:1300} INFO - Executing <Task(BashOperator): first_task> on 2021-09-07 00:00:00+00:00
[2023-02-02T09:24:01.364+0000] {standard_task_runner.py:55} INFO - Started process 3143 to run task
[2023-02-02T09:24:01.623+0000] {standard_task_runner.py:82} INFO - Running: ['***', 'tasks', 'run', 'our_first_dag_v2', 'first_task', 'scheduled__2021-09-07T00:00:00+00:00', '--job-id', '912', '--raw', '--subdir', 'DAGS_FOLDER/second_dag.py', '--cfg-path', '/tmp/tmp8x8rnftg']
[2023-02-02T09:24:01.644+0000] {standard_task_runner.py:83} INFO - Job 912: Subtask first_task
[2023-02-02T09:24:05.390+0000] {task_command.py:388} INFO - Running <TaskInstance: our_first_dag_v2.first_task scheduled__2021-09-07T00:00:00+00:00 [running]> on host 178c757a8fee
[2023-02-02T09:24:11.780+0000] {taskinstance.py:1509} INFO - Exporting the following env vars:
AIRFLOW_CTX_DAG_OWNER=archana
AIRFLOW_CTX_DAG_ID=our_first_dag_v2
AIRFLOW_CTX_TASK_ID=first_task
AIRFLOW_CTX_EXECUTION_DATE=2021-09-07T00:00:00+00:00
AIRFLOW_CTX_TRY_NUMBER=1
AIRFLOW_CTX_DAG_RUN_ID=scheduled__2021-09-07T00:00:00+00:00
[2023-02-02T09:24:12.019+0000] {subprocess.py:63} INFO - Tmp dir root location: 
 /tmp
[2023-02-02T09:24:12.094+0000] {subprocess.py:75} INFO - Running command: ['/bin/bash', '-c', 'echo hello world, this is the first task!']
[2023-02-02T09:24:13.891+0000] {subprocess.py:86} INFO - Output:
[2023-02-02T09:24:14.143+0000] {subprocess.py:93} INFO - hello world, this is the first task!
[2023-02-02T09:24:14.174+0000] {subprocess.py:97} INFO - Command exited with return code 0
[2023-02-02T09:24:16.689+0000] {taskinstance.py:1323} INFO - Marking task as SUCCESS. dag_id=our_first_dag_v2, task_id=first_task, execution_date=20210907T000000, start_date=20230202T092358, end_date=20230202T092416
[2023-02-02T09:24:18.517+0000] {local_task_job.py:208} INFO - Task exited with return code 0
[2023-02-02T09:24:19.292+0000] {taskinstance.py:2578} INFO - 0 downstream tasks scheduled from follow-on schedule check
