[2023-02-02T06:06:15.697+0000] {taskinstance.py:1083} INFO - Dependencies all met for <TaskInstance: our_first_dag_v.first_task scheduled__2021-08-05T00:00:00+00:00 [queued]>
[2023-02-02T06:06:15.987+0000] {taskinstance.py:1083} INFO - Dependencies all met for <TaskInstance: our_first_dag_v.first_task scheduled__2021-08-05T00:00:00+00:00 [queued]>
[2023-02-02T06:06:15.989+0000] {taskinstance.py:1279} INFO - 
--------------------------------------------------------------------------------
[2023-02-02T06:06:15.991+0000] {taskinstance.py:1280} INFO - Starting attempt 1 of 6
[2023-02-02T06:06:15.992+0000] {taskinstance.py:1281} INFO - 
--------------------------------------------------------------------------------
[2023-02-02T06:06:16.236+0000] {taskinstance.py:1300} INFO - Executing <Task(BashOperator): first_task> on 2021-08-05 00:00:00+00:00
[2023-02-02T06:06:16.377+0000] {standard_task_runner.py:55} INFO - Started process 637 to run task
[2023-02-02T06:06:16.469+0000] {standard_task_runner.py:82} INFO - Running: ['***', 'tasks', 'run', 'our_first_dag_v', 'first_task', 'scheduled__2021-08-05T00:00:00+00:00', '--job-id', '712', '--raw', '--subdir', 'DAGS_FOLDER/our_first_dag.py', '--cfg-path', '/tmp/tmpjjn3k6ij']
[2023-02-02T06:06:16.491+0000] {standard_task_runner.py:83} INFO - Job 712: Subtask first_task
[2023-02-02T06:06:17.509+0000] {task_command.py:388} INFO - Running <TaskInstance: our_first_dag_v.first_task scheduled__2021-08-05T00:00:00+00:00 [running]> on host 178c757a8fee
[2023-02-02T06:06:19.148+0000] {taskinstance.py:1509} INFO - Exporting the following env vars:
AIRFLOW_CTX_DAG_OWNER=archana
AIRFLOW_CTX_DAG_ID=our_first_dag_v
AIRFLOW_CTX_TASK_ID=first_task
AIRFLOW_CTX_EXECUTION_DATE=2021-08-05T00:00:00+00:00
AIRFLOW_CTX_TRY_NUMBER=1
AIRFLOW_CTX_DAG_RUN_ID=scheduled__2021-08-05T00:00:00+00:00
[2023-02-02T06:06:19.215+0000] {subprocess.py:63} INFO - Tmp dir root location: 
 /tmp
[2023-02-02T06:06:19.225+0000] {subprocess.py:75} INFO - Running command: ['/bin/bash', '-c', 'echo hello world, this is the first task!']
[2023-02-02T06:06:19.612+0000] {subprocess.py:86} INFO - Output:
[2023-02-02T06:06:19.689+0000] {subprocess.py:93} INFO - hello world, this is the first task!
[2023-02-02T06:06:19.695+0000] {subprocess.py:97} INFO - Command exited with return code 0
[2023-02-02T06:06:20.301+0000] {taskinstance.py:1323} INFO - Marking task as SUCCESS. dag_id=our_first_dag_v, task_id=first_task, execution_date=20210805T000000, start_date=20230202T060615, end_date=20230202T060620
[2023-02-02T06:06:20.724+0000] {local_task_job.py:208} INFO - Task exited with return code 0
[2023-02-02T06:06:21.276+0000] {taskinstance.py:2578} INFO - 0 downstream tasks scheduled from follow-on schedule check
