[2023-02-02T09:19:33.281+0000] {taskinstance.py:1083} INFO - Dependencies all met for <TaskInstance: our_first_dag_v3.second_task scheduled__2021-08-09T00:00:00+00:00 [queued]>
[2023-02-02T09:19:37.551+0000] {taskinstance.py:1083} INFO - Dependencies all met for <TaskInstance: our_first_dag_v3.second_task scheduled__2021-08-09T00:00:00+00:00 [queued]>
[2023-02-02T09:19:37.643+0000] {taskinstance.py:1279} INFO - 
--------------------------------------------------------------------------------
[2023-02-02T09:19:37.644+0000] {taskinstance.py:1280} INFO - Starting attempt 1 of 6
[2023-02-02T09:19:37.646+0000] {taskinstance.py:1281} INFO - 
--------------------------------------------------------------------------------
[2023-02-02T09:19:39.164+0000] {taskinstance.py:1300} INFO - Executing <Task(BashOperator): second_task> on 2021-08-09 00:00:00+00:00
[2023-02-02T09:19:39.704+0000] {standard_task_runner.py:55} INFO - Started process 2692 to run task
[2023-02-02T09:19:39.797+0000] {standard_task_runner.py:82} INFO - Running: ['***', 'tasks', 'run', 'our_first_dag_v3', 'second_task', 'scheduled__2021-08-09T00:00:00+00:00', '--job-id', '804', '--raw', '--subdir', 'DAGS_FOLDER/third_dag.py', '--cfg-path', '/tmp/tmpbv7x5gf2']
[2023-02-02T09:19:39.800+0000] {standard_task_runner.py:83} INFO - Job 804: Subtask second_task
[2023-02-02T09:19:43.780+0000] {task_command.py:388} INFO - Running <TaskInstance: our_first_dag_v3.second_task scheduled__2021-08-09T00:00:00+00:00 [running]> on host 178c757a8fee
[2023-02-02T09:19:48.047+0000] {taskinstance.py:1509} INFO - Exporting the following env vars:
AIRFLOW_CTX_DAG_OWNER=archana
AIRFLOW_CTX_DAG_ID=our_first_dag_v3
AIRFLOW_CTX_TASK_ID=second_task
AIRFLOW_CTX_EXECUTION_DATE=2021-08-09T00:00:00+00:00
AIRFLOW_CTX_TRY_NUMBER=1
AIRFLOW_CTX_DAG_RUN_ID=scheduled__2021-08-09T00:00:00+00:00
[2023-02-02T09:19:48.129+0000] {subprocess.py:63} INFO - Tmp dir root location: 
 /tmp
[2023-02-02T09:19:48.145+0000] {subprocess.py:75} INFO - Running command: ['/bin/bash', '-c', 'echo hey, I am task2 and will be running after the task1']
[2023-02-02T09:19:48.694+0000] {subprocess.py:86} INFO - Output:
[2023-02-02T09:19:48.733+0000] {subprocess.py:93} INFO - hey, I am task2 and will be running after the task1
[2023-02-02T09:19:48.763+0000] {subprocess.py:97} INFO - Command exited with return code 0
[2023-02-02T09:19:49.190+0000] {taskinstance.py:1323} INFO - Marking task as SUCCESS. dag_id=our_first_dag_v3, task_id=second_task, execution_date=20210809T000000, start_date=20230202T091933, end_date=20230202T091949
[2023-02-02T09:19:50.666+0000] {local_task_job.py:208} INFO - Task exited with return code 0
[2023-02-02T09:19:51.968+0000] {taskinstance.py:2578} INFO - 0 downstream tasks scheduled from follow-on schedule check
