[2023-02-02T05:16:07.976+0000] {taskinstance.py:1083} INFO - Dependencies all met for <TaskInstance: our_first_dag_v4.first_task scheduled__2022-01-02T00:00:00+00:00 [queued]>
[2023-02-02T05:16:08.115+0000] {taskinstance.py:1083} INFO - Dependencies all met for <TaskInstance: our_first_dag_v4.first_task scheduled__2022-01-02T00:00:00+00:00 [queued]>
[2023-02-02T05:16:08.129+0000] {taskinstance.py:1279} INFO - 
--------------------------------------------------------------------------------
[2023-02-02T05:16:08.134+0000] {taskinstance.py:1280} INFO - Starting attempt 1 of 6
[2023-02-02T05:16:08.141+0000] {taskinstance.py:1281} INFO - 
--------------------------------------------------------------------------------
[2023-02-02T05:16:08.287+0000] {taskinstance.py:1300} INFO - Executing <Task(BashOperator): first_task> on 2022-01-02 00:00:00+00:00
[2023-02-02T05:16:08.339+0000] {standard_task_runner.py:55} INFO - Started process 4283 to run task
[2023-02-02T05:16:08.415+0000] {standard_task_runner.py:82} INFO - Running: ['***', 'tasks', 'run', 'our_first_dag_v4', 'first_task', 'scheduled__2022-01-02T00:00:00+00:00', '--job-id', '494', '--raw', '--subdir', 'DAGS_FOLDER/our_first_dag.py', '--cfg-path', '/tmp/tmp0r1jc8p0']
[2023-02-02T05:16:08.432+0000] {standard_task_runner.py:83} INFO - Job 494: Subtask first_task
[2023-02-02T05:16:09.776+0000] {task_command.py:388} INFO - Running <TaskInstance: our_first_dag_v4.first_task scheduled__2022-01-02T00:00:00+00:00 [running]> on host 178c757a8fee
[2023-02-02T05:16:11.962+0000] {taskinstance.py:1509} INFO - Exporting the following env vars:
AIRFLOW_CTX_DAG_OWNER=archana
AIRFLOW_CTX_DAG_ID=our_first_dag_v4
AIRFLOW_CTX_TASK_ID=first_task
AIRFLOW_CTX_EXECUTION_DATE=2022-01-02T00:00:00+00:00
AIRFLOW_CTX_TRY_NUMBER=1
AIRFLOW_CTX_DAG_RUN_ID=scheduled__2022-01-02T00:00:00+00:00
[2023-02-02T05:16:11.996+0000] {subprocess.py:63} INFO - Tmp dir root location: 
 /tmp
[2023-02-02T05:16:12.012+0000] {subprocess.py:75} INFO - Running command: ['/bin/bash', '-c', 'echo hello world, this is the first task!']
[2023-02-02T05:16:12.239+0000] {subprocess.py:86} INFO - Output:
[2023-02-02T05:16:12.266+0000] {subprocess.py:93} INFO - hello world, this is the first task!
[2023-02-02T05:16:12.271+0000] {subprocess.py:97} INFO - Command exited with return code 0
[2023-02-02T05:16:12.454+0000] {taskinstance.py:1323} INFO - Marking task as SUCCESS. dag_id=our_first_dag_v4, task_id=first_task, execution_date=20220102T000000, start_date=20230202T051608, end_date=20230202T051612
[2023-02-02T05:16:12.714+0000] {local_task_job.py:208} INFO - Task exited with return code 0
[2023-02-02T05:16:13.014+0000] {taskinstance.py:2578} INFO - 0 downstream tasks scheduled from follow-on schedule check
