[2023-02-02T05:13:39.371+0000] {taskinstance.py:1083} INFO - Dependencies all met for <TaskInstance: our_first_dag_v4.second_task scheduled__2021-11-02T00:00:00+00:00 [queued]>
[2023-02-02T05:13:39.532+0000] {taskinstance.py:1083} INFO - Dependencies all met for <TaskInstance: our_first_dag_v4.second_task scheduled__2021-11-02T00:00:00+00:00 [queued]>
[2023-02-02T05:13:39.539+0000] {taskinstance.py:1279} INFO - 
--------------------------------------------------------------------------------
[2023-02-02T05:13:39.540+0000] {taskinstance.py:1280} INFO - Starting attempt 1 of 6
[2023-02-02T05:13:39.541+0000] {taskinstance.py:1281} INFO - 
--------------------------------------------------------------------------------
[2023-02-02T05:13:39.938+0000] {taskinstance.py:1300} INFO - Executing <Task(BashOperator): second_task> on 2021-11-02 00:00:00+00:00
[2023-02-02T05:13:40.004+0000] {standard_task_runner.py:55} INFO - Started process 3679 to run task
[2023-02-02T05:13:40.079+0000] {standard_task_runner.py:82} INFO - Running: ['***', 'tasks', 'run', 'our_first_dag_v4', 'second_task', 'scheduled__2021-11-02T00:00:00+00:00', '--job-id', '318', '--raw', '--subdir', 'DAGS_FOLDER/our_first_dag.py', '--cfg-path', '/tmp/tmpj15724e8']
[2023-02-02T05:13:40.099+0000] {standard_task_runner.py:83} INFO - Job 318: Subtask second_task
[2023-02-02T05:13:41.299+0000] {task_command.py:388} INFO - Running <TaskInstance: our_first_dag_v4.second_task scheduled__2021-11-02T00:00:00+00:00 [running]> on host 178c757a8fee
[2023-02-02T05:13:42.211+0000] {taskinstance.py:1509} INFO - Exporting the following env vars:
AIRFLOW_CTX_DAG_OWNER=archana
AIRFLOW_CTX_DAG_ID=our_first_dag_v4
AIRFLOW_CTX_TASK_ID=second_task
AIRFLOW_CTX_EXECUTION_DATE=2021-11-02T00:00:00+00:00
AIRFLOW_CTX_TRY_NUMBER=1
AIRFLOW_CTX_DAG_RUN_ID=scheduled__2021-11-02T00:00:00+00:00
[2023-02-02T05:13:42.218+0000] {subprocess.py:63} INFO - Tmp dir root location: 
 /tmp
[2023-02-02T05:13:42.235+0000] {subprocess.py:75} INFO - Running command: ['/bin/bash', '-c', 'echo hey, I am task2 and will be running after the task1']
[2023-02-02T05:13:42.417+0000] {subprocess.py:86} INFO - Output:
[2023-02-02T05:13:42.474+0000] {subprocess.py:93} INFO - hey, I am task2 and will be running after the task1
[2023-02-02T05:13:42.480+0000] {subprocess.py:97} INFO - Command exited with return code 0
[2023-02-02T05:13:42.709+0000] {taskinstance.py:1323} INFO - Marking task as SUCCESS. dag_id=our_first_dag_v4, task_id=second_task, execution_date=20211102T000000, start_date=20230202T051339, end_date=20230202T051342
[2023-02-02T05:13:43.219+0000] {local_task_job.py:208} INFO - Task exited with return code 0
[2023-02-02T05:13:43.613+0000] {taskinstance.py:2578} INFO - 0 downstream tasks scheduled from follow-on schedule check
