[2023-02-02T05:15:59.964+0000] {taskinstance.py:1083} INFO - Dependencies all met for <TaskInstance: our_first_dag_v4.third_task scheduled__2021-12-31T00:00:00+00:00 [queued]>
[2023-02-02T05:16:00.137+0000] {taskinstance.py:1083} INFO - Dependencies all met for <TaskInstance: our_first_dag_v4.third_task scheduled__2021-12-31T00:00:00+00:00 [queued]>
[2023-02-02T05:16:00.153+0000] {taskinstance.py:1279} INFO - 
--------------------------------------------------------------------------------
[2023-02-02T05:16:00.161+0000] {taskinstance.py:1280} INFO - Starting attempt 1 of 6
[2023-02-02T05:16:00.167+0000] {taskinstance.py:1281} INFO - 
--------------------------------------------------------------------------------
[2023-02-02T05:16:00.377+0000] {taskinstance.py:1300} INFO - Executing <Task(BashOperator): third_task> on 2021-12-31 00:00:00+00:00
[2023-02-02T05:16:00.451+0000] {standard_task_runner.py:55} INFO - Started process 4266 to run task
[2023-02-02T05:16:00.507+0000] {standard_task_runner.py:82} INFO - Running: ['***', 'tasks', 'run', 'our_first_dag_v4', 'third_task', 'scheduled__2021-12-31T00:00:00+00:00', '--job-id', '492', '--raw', '--subdir', 'DAGS_FOLDER/our_first_dag.py', '--cfg-path', '/tmp/tmp4hzsg2fk']
[2023-02-02T05:16:00.519+0000] {standard_task_runner.py:83} INFO - Job 492: Subtask third_task
[2023-02-02T05:16:01.194+0000] {task_command.py:388} INFO - Running <TaskInstance: our_first_dag_v4.third_task scheduled__2021-12-31T00:00:00+00:00 [running]> on host 178c757a8fee
[2023-02-02T05:16:02.693+0000] {taskinstance.py:1509} INFO - Exporting the following env vars:
AIRFLOW_CTX_DAG_OWNER=archana
AIRFLOW_CTX_DAG_ID=our_first_dag_v4
AIRFLOW_CTX_TASK_ID=third_task
AIRFLOW_CTX_EXECUTION_DATE=2021-12-31T00:00:00+00:00
AIRFLOW_CTX_TRY_NUMBER=1
AIRFLOW_CTX_DAG_RUN_ID=scheduled__2021-12-31T00:00:00+00:00
[2023-02-02T05:16:02.700+0000] {subprocess.py:63} INFO - Tmp dir root location: 
 /tmp
[2023-02-02T05:16:02.736+0000] {subprocess.py:75} INFO - Running command: ['/bin/bash', '-c', 'echo hey, I am task3 and will be running after task1 as task2']
[2023-02-02T05:16:02.837+0000] {subprocess.py:86} INFO - Output:
[2023-02-02T05:16:02.853+0000] {subprocess.py:93} INFO - hey, I am task3 and will be running after task1 as task2
[2023-02-02T05:16:02.857+0000] {subprocess.py:97} INFO - Command exited with return code 0
[2023-02-02T05:16:03.171+0000] {taskinstance.py:1323} INFO - Marking task as SUCCESS. dag_id=our_first_dag_v4, task_id=third_task, execution_date=20211231T000000, start_date=20230202T051559, end_date=20230202T051603
[2023-02-02T05:16:03.892+0000] {local_task_job.py:208} INFO - Task exited with return code 0
[2023-02-02T05:16:04.304+0000] {taskinstance.py:2578} INFO - 0 downstream tasks scheduled from follow-on schedule check
