[2023-02-01T06:15:39.955+0000] {taskinstance.py:1083} INFO - Dependencies all met for <TaskInstance: our_first_dag.first_task scheduled__2021-08-06T00:00:00+00:00 [queued]>
[2023-02-01T06:15:40.297+0000] {taskinstance.py:1083} INFO - Dependencies all met for <TaskInstance: our_first_dag.first_task scheduled__2021-08-06T00:00:00+00:00 [queued]>
[2023-02-01T06:15:40.321+0000] {taskinstance.py:1279} INFO - 
--------------------------------------------------------------------------------
[2023-02-01T06:15:40.340+0000] {taskinstance.py:1280} INFO - Starting attempt 1 of 6
[2023-02-01T06:15:40.348+0000] {taskinstance.py:1281} INFO - 
--------------------------------------------------------------------------------
[2023-02-01T06:15:41.543+0000] {taskinstance.py:1300} INFO - Executing <Task(BashOperator): first_task> on 2021-08-06 00:00:00+00:00
[2023-02-01T06:15:41.660+0000] {standard_task_runner.py:55} INFO - Started process 2664 to run task
[2023-02-01T06:15:41.735+0000] {standard_task_runner.py:82} INFO - Running: ['***', 'tasks', 'run', 'our_first_dag', 'first_task', 'scheduled__2021-08-06T00:00:00+00:00', '--job-id', '44', '--raw', '--subdir', 'DAGS_FOLDER/our_first_dag.py', '--cfg-path', '/tmp/tmppfcdz45p']
[2023-02-01T06:15:41.751+0000] {standard_task_runner.py:83} INFO - Job 44: Subtask first_task
[2023-02-01T06:15:42.619+0000] {task_command.py:388} INFO - Running <TaskInstance: our_first_dag.first_task scheduled__2021-08-06T00:00:00+00:00 [running]> on host b58e6c3ede27
[2023-02-01T06:15:45.394+0000] {taskinstance.py:1509} INFO - Exporting the following env vars:
AIRFLOW_CTX_DAG_OWNER=archana
AIRFLOW_CTX_DAG_ID=our_first_dag
AIRFLOW_CTX_TASK_ID=first_task
AIRFLOW_CTX_EXECUTION_DATE=2021-08-06T00:00:00+00:00
AIRFLOW_CTX_TRY_NUMBER=1
AIRFLOW_CTX_DAG_RUN_ID=scheduled__2021-08-06T00:00:00+00:00
[2023-02-01T06:15:45.500+0000] {subprocess.py:63} INFO - Tmp dir root location: 
 /tmp
[2023-02-01T06:15:45.566+0000] {subprocess.py:75} INFO - Running command: ['/bin/bash', '-c', 'echo hello world, this is the first task!']
[2023-02-01T06:15:46.046+0000] {subprocess.py:86} INFO - Output:
[2023-02-01T06:15:46.181+0000] {subprocess.py:93} INFO - hello world, this is the first task!
[2023-02-01T06:15:46.234+0000] {subprocess.py:97} INFO - Command exited with return code 0
[2023-02-01T06:15:48.074+0000] {taskinstance.py:1323} INFO - Marking task as SUCCESS. dag_id=our_first_dag, task_id=first_task, execution_date=20210806T000000, start_date=20230201T061540, end_date=20230201T061548
[2023-02-01T06:15:49.550+0000] {local_task_job.py:208} INFO - Task exited with return code 0
[2023-02-01T06:15:51.301+0000] {taskinstance.py:2578} INFO - 0 downstream tasks scheduled from follow-on schedule check
