[2023-02-02T05:18:09.845+0000] {taskinstance.py:1083} INFO - Dependencies all met for <TaskInstance: our_dag_with_python_operator_v07.get_age scheduled__2021-10-22T00:00:00+00:00 [queued]>
[2023-02-02T05:18:09.997+0000] {taskinstance.py:1083} INFO - Dependencies all met for <TaskInstance: our_dag_with_python_operator_v07.get_age scheduled__2021-10-22T00:00:00+00:00 [queued]>
[2023-02-02T05:18:10.000+0000] {taskinstance.py:1279} INFO - 
--------------------------------------------------------------------------------
[2023-02-02T05:18:10.009+0000] {taskinstance.py:1280} INFO - Starting attempt 1 of 6
[2023-02-02T05:18:10.015+0000] {taskinstance.py:1281} INFO - 
--------------------------------------------------------------------------------
[2023-02-02T05:18:10.212+0000] {taskinstance.py:1300} INFO - Executing <Task(PythonOperator): get_age> on 2021-10-22 00:00:00+00:00
[2023-02-02T05:18:10.264+0000] {standard_task_runner.py:55} INFO - Started process 4717 to run task
[2023-02-02T05:18:10.342+0000] {standard_task_runner.py:82} INFO - Running: ['***', 'tasks', 'run', 'our_dag_with_python_operator_v07', 'get_age', 'scheduled__2021-10-22T00:00:00+00:00', '--job-id', '625', '--raw', '--subdir', 'DAGS_FOLDER/dag_python_operator.py', '--cfg-path', '/tmp/tmpmewvmo0v']
[2023-02-02T05:18:10.353+0000] {standard_task_runner.py:83} INFO - Job 625: Subtask get_age
[2023-02-02T05:18:11.226+0000] {task_command.py:388} INFO - Running <TaskInstance: our_dag_with_python_operator_v07.get_age scheduled__2021-10-22T00:00:00+00:00 [running]> on host 178c757a8fee
[2023-02-02T05:18:13.216+0000] {taskinstance.py:1509} INFO - Exporting the following env vars:
AIRFLOW_CTX_DAG_OWNER=coder2j
AIRFLOW_CTX_DAG_ID=our_dag_with_python_operator_v07
AIRFLOW_CTX_TASK_ID=get_age
AIRFLOW_CTX_EXECUTION_DATE=2021-10-22T00:00:00+00:00
AIRFLOW_CTX_TRY_NUMBER=1
AIRFLOW_CTX_DAG_RUN_ID=scheduled__2021-10-22T00:00:00+00:00
[2023-02-02T05:18:13.482+0000] {python.py:177} INFO - Done. Returned value was: None
[2023-02-02T05:18:13.622+0000] {taskinstance.py:1323} INFO - Marking task as SUCCESS. dag_id=our_dag_with_python_operator_v07, task_id=get_age, execution_date=20211022T000000, start_date=20230202T051809, end_date=20230202T051813
[2023-02-02T05:18:14.363+0000] {local_task_job.py:208} INFO - Task exited with return code 0
[2023-02-02T05:18:14.821+0000] {taskinstance.py:2578} INFO - 1 downstream tasks scheduled from follow-on schedule check
