[2023-02-01T06:17:07.194+0000] {taskinstance.py:1083} INFO - Dependencies all met for <TaskInstance: our_first_dag.first_task scheduled__2021-08-26T00:00:00+00:00 [queued]>
[2023-02-01T06:17:07.467+0000] {taskinstance.py:1083} INFO - Dependencies all met for <TaskInstance: our_first_dag.first_task scheduled__2021-08-26T00:00:00+00:00 [queued]>
[2023-02-01T06:17:07.481+0000] {taskinstance.py:1279} INFO - 
--------------------------------------------------------------------------------
[2023-02-01T06:17:07.486+0000] {taskinstance.py:1280} INFO - Starting attempt 1 of 6
[2023-02-01T06:17:07.492+0000] {taskinstance.py:1281} INFO - 
--------------------------------------------------------------------------------
[2023-02-01T06:17:08.025+0000] {taskinstance.py:1300} INFO - Executing <Task(BashOperator): first_task> on 2021-08-26 00:00:00+00:00
[2023-02-01T06:17:08.208+0000] {standard_task_runner.py:55} INFO - Started process 2767 to run task
[2023-02-01T06:17:08.278+0000] {standard_task_runner.py:82} INFO - Running: ['***', 'tasks', 'run', 'our_first_dag', 'first_task', 'scheduled__2021-08-26T00:00:00+00:00', '--job-id', '65', '--raw', '--subdir', 'DAGS_FOLDER/our_first_dag.py', '--cfg-path', '/tmp/tmpnngrs60p']
[2023-02-01T06:17:08.287+0000] {standard_task_runner.py:83} INFO - Job 65: Subtask first_task
[2023-02-01T06:17:10.077+0000] {task_command.py:388} INFO - Running <TaskInstance: our_first_dag.first_task scheduled__2021-08-26T00:00:00+00:00 [running]> on host b58e6c3ede27
[2023-02-01T06:17:11.256+0000] {taskinstance.py:1509} INFO - Exporting the following env vars:
AIRFLOW_CTX_DAG_OWNER=archana
AIRFLOW_CTX_DAG_ID=our_first_dag
AIRFLOW_CTX_TASK_ID=first_task
AIRFLOW_CTX_EXECUTION_DATE=2021-08-26T00:00:00+00:00
AIRFLOW_CTX_TRY_NUMBER=1
AIRFLOW_CTX_DAG_RUN_ID=scheduled__2021-08-26T00:00:00+00:00
[2023-02-01T06:17:11.422+0000] {subprocess.py:63} INFO - Tmp dir root location: 
 /tmp
[2023-02-01T06:17:11.464+0000] {subprocess.py:75} INFO - Running command: ['/bin/bash', '-c', 'echo hello world, this is the first task!']
[2023-02-01T06:17:11.889+0000] {subprocess.py:86} INFO - Output:
[2023-02-01T06:17:11.949+0000] {subprocess.py:93} INFO - hello world, this is the first task!
[2023-02-01T06:17:11.960+0000] {subprocess.py:97} INFO - Command exited with return code 0
[2023-02-01T06:17:12.948+0000] {taskinstance.py:1323} INFO - Marking task as SUCCESS. dag_id=our_first_dag, task_id=first_task, execution_date=20210826T000000, start_date=20230201T061707, end_date=20230201T061712
[2023-02-01T06:17:15.158+0000] {local_task_job.py:208} INFO - Task exited with return code 0
[2023-02-01T06:17:15.626+0000] {taskinstance.py:2578} INFO - 0 downstream tasks scheduled from follow-on schedule check
