[2023-02-02T05:19:17.283+0000] {taskinstance.py:1083} INFO - Dependencies all met for <TaskInstance: our_first_dag_v4.third_task scheduled__2022-02-07T00:00:00+00:00 [queued]>
[2023-02-02T05:19:18.293+0000] {taskinstance.py:1083} INFO - Dependencies all met for <TaskInstance: our_first_dag_v4.third_task scheduled__2022-02-07T00:00:00+00:00 [queued]>
[2023-02-02T05:19:18.306+0000] {taskinstance.py:1279} INFO - 
--------------------------------------------------------------------------------
[2023-02-02T05:19:18.322+0000] {taskinstance.py:1280} INFO - Starting attempt 1 of 6
[2023-02-02T05:19:18.367+0000] {taskinstance.py:1281} INFO - 
--------------------------------------------------------------------------------
[2023-02-02T05:19:19.076+0000] {taskinstance.py:1300} INFO - Executing <Task(BashOperator): third_task> on 2022-02-07 00:00:00+00:00
[2023-02-02T05:19:19.303+0000] {standard_task_runner.py:55} INFO - Started process 4858 to run task
[2023-02-02T05:19:19.472+0000] {standard_task_runner.py:82} INFO - Running: ['***', 'tasks', 'run', 'our_first_dag_v4', 'third_task', 'scheduled__2022-02-07T00:00:00+00:00', '--job-id', '670', '--raw', '--subdir', 'DAGS_FOLDER/our_first_dag.py', '--cfg-path', '/tmp/tmpfcjw8wqq']
[2023-02-02T05:19:19.499+0000] {standard_task_runner.py:83} INFO - Job 670: Subtask third_task
[2023-02-02T05:19:21.055+0000] {task_command.py:388} INFO - Running <TaskInstance: our_first_dag_v4.third_task scheduled__2022-02-07T00:00:00+00:00 [running]> on host 178c757a8fee
[2023-02-02T05:19:22.760+0000] {taskinstance.py:1509} INFO - Exporting the following env vars:
AIRFLOW_CTX_DAG_OWNER=archana
AIRFLOW_CTX_DAG_ID=our_first_dag_v4
AIRFLOW_CTX_TASK_ID=third_task
AIRFLOW_CTX_EXECUTION_DATE=2022-02-07T00:00:00+00:00
AIRFLOW_CTX_TRY_NUMBER=1
AIRFLOW_CTX_DAG_RUN_ID=scheduled__2022-02-07T00:00:00+00:00
[2023-02-02T05:19:22.770+0000] {subprocess.py:63} INFO - Tmp dir root location: 
 /tmp
[2023-02-02T05:19:22.784+0000] {subprocess.py:75} INFO - Running command: ['/bin/bash', '-c', 'echo hey, I am task3 and will be running after task1 as task2']
[2023-02-02T05:19:22.994+0000] {subprocess.py:86} INFO - Output:
[2023-02-02T05:19:23.062+0000] {subprocess.py:93} INFO - hey, I am task3 and will be running after task1 as task2
[2023-02-02T05:19:23.065+0000] {subprocess.py:97} INFO - Command exited with return code 0
[2023-02-02T05:19:23.274+0000] {taskinstance.py:1323} INFO - Marking task as SUCCESS. dag_id=our_first_dag_v4, task_id=third_task, execution_date=20220207T000000, start_date=20230202T051917, end_date=20230202T051923
[2023-02-02T05:19:23.736+0000] {local_task_job.py:208} INFO - Task exited with return code 0
[2023-02-02T05:19:23.989+0000] {taskinstance.py:2578} INFO - 0 downstream tasks scheduled from follow-on schedule check
