[2023-02-03T04:40:07.198+0000] {taskinstance.py:1083} INFO - Dependencies all met for <TaskInstance: dag_with_taskflow_api_v01.get_name scheduled__2023-02-02T00:00:00+00:00 [queued]>
[2023-02-03T04:40:07.682+0000] {taskinstance.py:1083} INFO - Dependencies all met for <TaskInstance: dag_with_taskflow_api_v01.get_name scheduled__2023-02-02T00:00:00+00:00 [queued]>
[2023-02-03T04:40:07.684+0000] {taskinstance.py:1279} INFO - 
--------------------------------------------------------------------------------
[2023-02-03T04:40:07.685+0000] {taskinstance.py:1280} INFO - Starting attempt 1 of 6
[2023-02-03T04:40:07.686+0000] {taskinstance.py:1281} INFO - 
--------------------------------------------------------------------------------
[2023-02-03T04:40:08.220+0000] {taskinstance.py:1300} INFO - Executing <Task(_PythonDecoratedOperator): get_name> on 2023-02-02 00:00:00+00:00
[2023-02-03T04:40:08.393+0000] {standard_task_runner.py:55} INFO - Started process 102 to run task
[2023-02-03T04:40:08.613+0000] {standard_task_runner.py:82} INFO - Running: ['***', 'tasks', 'run', 'dag_with_taskflow_api_v01', 'get_name', 'scheduled__2023-02-02T00:00:00+00:00', '--job-id', '1351', '--raw', '--subdir', 'DAGS_FOLDER/dag_with_taskflow_api.py', '--cfg-path', '/tmp/tmpg6up6t5n']
[2023-02-03T04:40:08.691+0000] {standard_task_runner.py:83} INFO - Job 1351: Subtask get_name
[2023-02-03T04:40:11.243+0000] {task_command.py:388} INFO - Running <TaskInstance: dag_with_taskflow_api_v01.get_name scheduled__2023-02-02T00:00:00+00:00 [running]> on host 178c757a8fee
[2023-02-03T04:40:12.063+0000] {taskinstance.py:1509} INFO - Exporting the following env vars:
AIRFLOW_CTX_DAG_OWNER=archana
AIRFLOW_CTX_DAG_ID=dag_with_taskflow_api_v01
AIRFLOW_CTX_TASK_ID=get_name
AIRFLOW_CTX_EXECUTION_DATE=2023-02-02T00:00:00+00:00
AIRFLOW_CTX_TRY_NUMBER=1
AIRFLOW_CTX_DAG_RUN_ID=scheduled__2023-02-02T00:00:00+00:00
[2023-02-03T04:40:12.072+0000] {python.py:177} INFO - Done. Returned value was: Aarohi
[2023-02-03T04:40:12.201+0000] {taskinstance.py:1323} INFO - Marking task as SUCCESS. dag_id=dag_with_taskflow_api_v01, task_id=get_name, execution_date=20230202T000000, start_date=20230203T044007, end_date=20230203T044012
[2023-02-03T04:40:12.500+0000] {local_task_job.py:208} INFO - Task exited with return code 0
[2023-02-03T04:40:12.862+0000] {taskinstance.py:2578} INFO - 1 downstream tasks scheduled from follow-on schedule check
