[2023-02-02T10:37:42.191+0000] {taskinstance.py:1083} INFO - Dependencies all met for <TaskInstance: dag_with_taskflow_api_v02.greet scheduled__2023-01-31T00:00:00+00:00 [queued]>
[2023-02-02T10:37:42.208+0000] {taskinstance.py:1083} INFO - Dependencies all met for <TaskInstance: dag_with_taskflow_api_v02.greet scheduled__2023-01-31T00:00:00+00:00 [queued]>
[2023-02-02T10:37:42.209+0000] {taskinstance.py:1279} INFO - 
--------------------------------------------------------------------------------
[2023-02-02T10:37:42.209+0000] {taskinstance.py:1280} INFO - Starting attempt 1 of 6
[2023-02-02T10:37:42.210+0000] {taskinstance.py:1281} INFO - 
--------------------------------------------------------------------------------
[2023-02-02T10:37:42.231+0000] {taskinstance.py:1300} INFO - Executing <Task(_PythonDecoratedOperator): greet> on 2023-01-31 00:00:00+00:00
[2023-02-02T10:37:42.241+0000] {standard_task_runner.py:55} INFO - Started process 6991 to run task
[2023-02-02T10:37:42.249+0000] {standard_task_runner.py:82} INFO - Running: ['***', 'tasks', 'run', 'dag_with_taskflow_api_v02', 'greet', 'scheduled__2023-01-31T00:00:00+00:00', '--job-id', '1000', '--raw', '--subdir', 'DAGS_FOLDER/dag_with_taskflow_api2.py', '--cfg-path', '/tmp/tmp_sjsjihf']
[2023-02-02T10:37:42.250+0000] {standard_task_runner.py:83} INFO - Job 1000: Subtask greet
[2023-02-02T10:37:42.337+0000] {task_command.py:388} INFO - Running <TaskInstance: dag_with_taskflow_api_v02.greet scheduled__2023-01-31T00:00:00+00:00 [running]> on host 178c757a8fee
[2023-02-02T10:37:42.481+0000] {taskinstance.py:1509} INFO - Exporting the following env vars:
AIRFLOW_CTX_DAG_OWNER=archana
AIRFLOW_CTX_DAG_ID=dag_with_taskflow_api_v02
AIRFLOW_CTX_TASK_ID=greet
AIRFLOW_CTX_EXECUTION_DATE=2023-01-31T00:00:00+00:00
AIRFLOW_CTX_TRY_NUMBER=1
AIRFLOW_CTX_DAG_RUN_ID=scheduled__2023-01-31T00:00:00+00:00
[2023-02-02T10:37:42.484+0000] {logging_mixin.py:137} INFO - Hello World! My name is Aarohi Karpe and I am 3 years old!
[2023-02-02T10:37:42.485+0000] {python.py:177} INFO - Done. Returned value was: None
[2023-02-02T10:37:42.498+0000] {taskinstance.py:1323} INFO - Marking task as SUCCESS. dag_id=dag_with_taskflow_api_v02, task_id=greet, execution_date=20230131T000000, start_date=20230202T103742, end_date=20230202T103742
[2023-02-02T10:37:42.546+0000] {local_task_job.py:208} INFO - Task exited with return code 0
[2023-02-02T10:37:42.574+0000] {taskinstance.py:2578} INFO - 0 downstream tasks scheduled from follow-on schedule check
