[2023-02-02T09:24:43.579+0000] {taskinstance.py:1083} INFO - Dependencies all met for <TaskInstance: our_first_dag_v.first_task scheduled__2021-08-29T00:00:00+00:00 [queued]>
[2023-02-02T09:24:44.360+0000] {taskinstance.py:1083} INFO - Dependencies all met for <TaskInstance: our_first_dag_v.first_task scheduled__2021-08-29T00:00:00+00:00 [queued]>
[2023-02-02T09:24:44.375+0000] {taskinstance.py:1279} INFO - 
--------------------------------------------------------------------------------
[2023-02-02T09:24:44.396+0000] {taskinstance.py:1280} INFO - Starting attempt 1 of 6
[2023-02-02T09:24:44.399+0000] {taskinstance.py:1281} INFO - 
--------------------------------------------------------------------------------
[2023-02-02T09:24:44.775+0000] {taskinstance.py:1300} INFO - Executing <Task(BashOperator): first_task> on 2021-08-29 00:00:00+00:00
[2023-02-02T09:24:45.370+0000] {standard_task_runner.py:55} INFO - Started process 3201 to run task
[2023-02-02T09:24:45.933+0000] {standard_task_runner.py:82} INFO - Running: ['***', 'tasks', 'run', 'our_first_dag_v', 'first_task', 'scheduled__2021-08-29T00:00:00+00:00', '--job-id', '929', '--raw', '--subdir', 'DAGS_FOLDER/our_first_dag.py', '--cfg-path', '/tmp/tmp6fxyy76b']
[2023-02-02T09:24:45.991+0000] {standard_task_runner.py:83} INFO - Job 929: Subtask first_task
[2023-02-02T09:24:49.653+0000] {task_command.py:388} INFO - Running <TaskInstance: our_first_dag_v.first_task scheduled__2021-08-29T00:00:00+00:00 [running]> on host 178c757a8fee
[2023-02-02T09:24:57.879+0000] {taskinstance.py:1509} INFO - Exporting the following env vars:
AIRFLOW_CTX_DAG_OWNER=archana
AIRFLOW_CTX_DAG_ID=our_first_dag_v
AIRFLOW_CTX_TASK_ID=first_task
AIRFLOW_CTX_EXECUTION_DATE=2021-08-29T00:00:00+00:00
AIRFLOW_CTX_TRY_NUMBER=1
AIRFLOW_CTX_DAG_RUN_ID=scheduled__2021-08-29T00:00:00+00:00
[2023-02-02T09:24:58.117+0000] {subprocess.py:63} INFO - Tmp dir root location: 
 /tmp
[2023-02-02T09:24:58.205+0000] {subprocess.py:75} INFO - Running command: ['/bin/bash', '-c', 'echo hello world, this is the first task!']
[2023-02-02T09:24:59.898+0000] {subprocess.py:86} INFO - Output:
[2023-02-02T09:24:59.965+0000] {subprocess.py:93} INFO - hello world, this is the first task!
[2023-02-02T09:25:00.005+0000] {subprocess.py:97} INFO - Command exited with return code 0
[2023-02-02T09:25:07.208+0000] {taskinstance.py:1323} INFO - Marking task as SUCCESS. dag_id=our_first_dag_v, task_id=first_task, execution_date=20210829T000000, start_date=20230202T092443, end_date=20230202T092507
[2023-02-02T09:25:18.406+0000] {local_task_job.py:208} INFO - Task exited with return code 0
[2023-02-02T09:25:21.682+0000] {taskinstance.py:2578} INFO - 0 downstream tasks scheduled from follow-on schedule check
