[2023-02-02T09:28:21.213+0000] {taskinstance.py:1083} INFO - Dependencies all met for <TaskInstance: our_first_dag_v2.second_task scheduled__2021-09-05T00:00:00+00:00 [queued]>
[2023-02-02T09:28:22.234+0000] {taskinstance.py:1083} INFO - Dependencies all met for <TaskInstance: our_first_dag_v2.second_task scheduled__2021-09-05T00:00:00+00:00 [queued]>
[2023-02-02T09:28:22.256+0000] {taskinstance.py:1279} INFO - 
--------------------------------------------------------------------------------
[2023-02-02T09:28:22.259+0000] {taskinstance.py:1280} INFO - Starting attempt 1 of 6
[2023-02-02T09:28:22.261+0000] {taskinstance.py:1281} INFO - 
--------------------------------------------------------------------------------
[2023-02-02T09:28:22.520+0000] {taskinstance.py:1300} INFO - Executing <Task(BashOperator): second_task> on 2021-09-05 00:00:00+00:00
[2023-02-02T09:28:22.607+0000] {standard_task_runner.py:55} INFO - Started process 3415 to run task
[2023-02-02T09:28:23.355+0000] {standard_task_runner.py:82} INFO - Running: ['***', 'tasks', 'run', 'our_first_dag_v2', 'second_task', 'scheduled__2021-09-05T00:00:00+00:00', '--job-id', '967', '--raw', '--subdir', 'DAGS_FOLDER/second_dag.py', '--cfg-path', '/tmp/tmpy9co2djw']
[2023-02-02T09:28:23.518+0000] {standard_task_runner.py:83} INFO - Job 967: Subtask second_task
[2023-02-02T09:28:30.840+0000] {task_command.py:388} INFO - Running <TaskInstance: our_first_dag_v2.second_task scheduled__2021-09-05T00:00:00+00:00 [running]> on host 178c757a8fee
[2023-02-02T09:28:43.031+0000] {taskinstance.py:1509} INFO - Exporting the following env vars:
AIRFLOW_CTX_DAG_OWNER=archana
AIRFLOW_CTX_DAG_ID=our_first_dag_v2
AIRFLOW_CTX_TASK_ID=second_task
AIRFLOW_CTX_EXECUTION_DATE=2021-09-05T00:00:00+00:00
AIRFLOW_CTX_TRY_NUMBER=1
AIRFLOW_CTX_DAG_RUN_ID=scheduled__2021-09-05T00:00:00+00:00
[2023-02-02T09:28:43.626+0000] {subprocess.py:63} INFO - Tmp dir root location: 
 /tmp
[2023-02-02T09:28:44.204+0000] {subprocess.py:75} INFO - Running command: ['/bin/bash', '-c', 'echo hey, I am task2 and will be running after the task1']
[2023-02-02T09:28:45.575+0000] {subprocess.py:86} INFO - Output:
[2023-02-02T09:28:45.755+0000] {subprocess.py:93} INFO - hey, I am task2 and will be running after the task1
[2023-02-02T09:28:45.765+0000] {subprocess.py:97} INFO - Command exited with return code 0
[2023-02-02T09:28:53.194+0000] {taskinstance.py:1323} INFO - Marking task as SUCCESS. dag_id=our_first_dag_v2, task_id=second_task, execution_date=20210905T000000, start_date=20230202T092821, end_date=20230202T092853
[2023-02-02T09:28:56.995+0000] {local_task_job.py:208} INFO - Task exited with return code 0
[2023-02-02T09:28:58.542+0000] {taskinstance.py:2578} INFO - 0 downstream tasks scheduled from follow-on schedule check
