[2023-02-02T09:20:10.342+0000] {taskinstance.py:1083} INFO - Dependencies all met for <TaskInstance: our_first_dag_v.first_task scheduled__2021-08-11T00:00:00+00:00 [queued]>
[2023-02-02T09:20:11.059+0000] {taskinstance.py:1083} INFO - Dependencies all met for <TaskInstance: our_first_dag_v.first_task scheduled__2021-08-11T00:00:00+00:00 [queued]>
[2023-02-02T09:20:11.071+0000] {taskinstance.py:1279} INFO - 
--------------------------------------------------------------------------------
[2023-02-02T09:20:11.081+0000] {taskinstance.py:1280} INFO - Starting attempt 1 of 6
[2023-02-02T09:20:11.082+0000] {taskinstance.py:1281} INFO - 
--------------------------------------------------------------------------------
[2023-02-02T09:20:11.991+0000] {taskinstance.py:1300} INFO - Executing <Task(BashOperator): first_task> on 2021-08-11 00:00:00+00:00
[2023-02-02T09:20:12.134+0000] {standard_task_runner.py:55} INFO - Started process 2754 to run task
[2023-02-02T09:20:12.535+0000] {standard_task_runner.py:82} INFO - Running: ['***', 'tasks', 'run', 'our_first_dag_v', 'first_task', 'scheduled__2021-08-11T00:00:00+00:00', '--job-id', '823', '--raw', '--subdir', 'DAGS_FOLDER/our_first_dag.py', '--cfg-path', '/tmp/tmpsxi5hqf2']
[2023-02-02T09:20:12.575+0000] {standard_task_runner.py:83} INFO - Job 823: Subtask first_task
[2023-02-02T09:20:18.950+0000] {task_command.py:388} INFO - Running <TaskInstance: our_first_dag_v.first_task scheduled__2021-08-11T00:00:00+00:00 [running]> on host 178c757a8fee
[2023-02-02T09:20:22.995+0000] {taskinstance.py:1509} INFO - Exporting the following env vars:
AIRFLOW_CTX_DAG_OWNER=archana
AIRFLOW_CTX_DAG_ID=our_first_dag_v
AIRFLOW_CTX_TASK_ID=first_task
AIRFLOW_CTX_EXECUTION_DATE=2021-08-11T00:00:00+00:00
AIRFLOW_CTX_TRY_NUMBER=1
AIRFLOW_CTX_DAG_RUN_ID=scheduled__2021-08-11T00:00:00+00:00
[2023-02-02T09:20:23.016+0000] {subprocess.py:63} INFO - Tmp dir root location: 
 /tmp
[2023-02-02T09:20:23.029+0000] {subprocess.py:75} INFO - Running command: ['/bin/bash', '-c', 'echo hello world, this is the first task!']
[2023-02-02T09:20:23.675+0000] {subprocess.py:86} INFO - Output:
[2023-02-02T09:20:23.796+0000] {subprocess.py:93} INFO - hello world, this is the first task!
[2023-02-02T09:20:23.857+0000] {subprocess.py:97} INFO - Command exited with return code 0
[2023-02-02T09:20:24.510+0000] {taskinstance.py:1323} INFO - Marking task as SUCCESS. dag_id=our_first_dag_v, task_id=first_task, execution_date=20210811T000000, start_date=20230202T092010, end_date=20230202T092024
[2023-02-02T09:20:24.894+0000] {local_task_job.py:208} INFO - Task exited with return code 0
[2023-02-02T09:20:26.897+0000] {taskinstance.py:2578} INFO - 0 downstream tasks scheduled from follow-on schedule check
