[2023-02-02T05:18:44.067+0000] {taskinstance.py:1083} INFO - Dependencies all met for <TaskInstance: our_dag_with_python_operator_v07.greet scheduled__2021-10-18T00:00:00+00:00 [queued]>
[2023-02-02T05:18:44.193+0000] {taskinstance.py:1083} INFO - Dependencies all met for <TaskInstance: our_dag_with_python_operator_v07.greet scheduled__2021-10-18T00:00:00+00:00 [queued]>
[2023-02-02T05:18:44.195+0000] {taskinstance.py:1279} INFO - 
--------------------------------------------------------------------------------
[2023-02-02T05:18:44.205+0000] {taskinstance.py:1280} INFO - Starting attempt 1 of 6
[2023-02-02T05:18:44.207+0000] {taskinstance.py:1281} INFO - 
--------------------------------------------------------------------------------
[2023-02-02T05:18:45.041+0000] {taskinstance.py:1300} INFO - Executing <Task(PythonOperator): greet> on 2021-10-18 00:00:00+00:00
[2023-02-02T05:18:45.603+0000] {standard_task_runner.py:55} INFO - Started process 4795 to run task
[2023-02-02T05:18:45.706+0000] {standard_task_runner.py:82} INFO - Running: ['***', 'tasks', 'run', 'our_dag_with_python_operator_v07', 'greet', 'scheduled__2021-10-18T00:00:00+00:00', '--job-id', '653', '--raw', '--subdir', 'DAGS_FOLDER/dag_python_operator.py', '--cfg-path', '/tmp/tmpzvrgj63u']
[2023-02-02T05:18:45.710+0000] {standard_task_runner.py:83} INFO - Job 653: Subtask greet
[2023-02-02T05:18:51.498+0000] {task_command.py:388} INFO - Running <TaskInstance: our_dag_with_python_operator_v07.greet scheduled__2021-10-18T00:00:00+00:00 [running]> on host 178c757a8fee
[2023-02-02T05:18:59.668+0000] {taskinstance.py:1509} INFO - Exporting the following env vars:
AIRFLOW_CTX_DAG_OWNER=coder2j
AIRFLOW_CTX_DAG_ID=our_dag_with_python_operator_v07
AIRFLOW_CTX_TASK_ID=greet
AIRFLOW_CTX_EXECUTION_DATE=2021-10-18T00:00:00+00:00
AIRFLOW_CTX_TRY_NUMBER=1
AIRFLOW_CTX_DAG_RUN_ID=scheduled__2021-10-18T00:00:00+00:00
[2023-02-02T05:18:59.788+0000] {logging_mixin.py:137} INFO - some dict:  {'a': 1, 'b': 2}
[2023-02-02T05:19:01.704+0000] {logging_mixin.py:137} INFO - Hello World! My name is Jerry Fridman, and I am 19 years old!
[2023-02-02T05:19:01.715+0000] {python.py:177} INFO - Done. Returned value was: None
[2023-02-02T05:19:02.276+0000] {taskinstance.py:1323} INFO - Marking task as SUCCESS. dag_id=our_dag_with_python_operator_v07, task_id=greet, execution_date=20211018T000000, start_date=20230202T051844, end_date=20230202T051902
[2023-02-02T05:19:04.315+0000] {local_task_job.py:208} INFO - Task exited with return code 0
[2023-02-02T05:19:05.016+0000] {taskinstance.py:2578} INFO - 0 downstream tasks scheduled from follow-on schedule check
