[2023-02-02T06:06:04.724+0000] {taskinstance.py:1083} INFO - Dependencies all met for <TaskInstance: our_first_dag_v2.first_task scheduled__2021-08-13T00:00:00+00:00 [queued]>
[2023-02-02T06:06:05.349+0000] {taskinstance.py:1083} INFO - Dependencies all met for <TaskInstance: our_first_dag_v2.first_task scheduled__2021-08-13T00:00:00+00:00 [queued]>
[2023-02-02T06:06:05.422+0000] {taskinstance.py:1279} INFO - 
--------------------------------------------------------------------------------
[2023-02-02T06:06:05.426+0000] {taskinstance.py:1280} INFO - Starting attempt 1 of 6
[2023-02-02T06:06:05.428+0000] {taskinstance.py:1281} INFO - 
--------------------------------------------------------------------------------
[2023-02-02T06:06:06.236+0000] {taskinstance.py:1300} INFO - Executing <Task(BashOperator): first_task> on 2021-08-13 00:00:00+00:00
[2023-02-02T06:06:06.428+0000] {standard_task_runner.py:55} INFO - Started process 597 to run task
[2023-02-02T06:06:06.587+0000] {standard_task_runner.py:82} INFO - Running: ['***', 'tasks', 'run', 'our_first_dag_v2', 'first_task', 'scheduled__2021-08-13T00:00:00+00:00', '--job-id', '700', '--raw', '--subdir', 'DAGS_FOLDER/second_dag.py', '--cfg-path', '/tmp/tmpq0_iabni']
[2023-02-02T06:06:06.598+0000] {standard_task_runner.py:83} INFO - Job 700: Subtask first_task
[2023-02-02T06:06:09.305+0000] {task_command.py:388} INFO - Running <TaskInstance: our_first_dag_v2.first_task scheduled__2021-08-13T00:00:00+00:00 [running]> on host 178c757a8fee
[2023-02-02T06:06:11.111+0000] {taskinstance.py:1509} INFO - Exporting the following env vars:
AIRFLOW_CTX_DAG_OWNER=archana
AIRFLOW_CTX_DAG_ID=our_first_dag_v2
AIRFLOW_CTX_TASK_ID=first_task
AIRFLOW_CTX_EXECUTION_DATE=2021-08-13T00:00:00+00:00
AIRFLOW_CTX_TRY_NUMBER=1
AIRFLOW_CTX_DAG_RUN_ID=scheduled__2021-08-13T00:00:00+00:00
[2023-02-02T06:06:11.155+0000] {subprocess.py:63} INFO - Tmp dir root location: 
 /tmp
[2023-02-02T06:06:11.174+0000] {subprocess.py:75} INFO - Running command: ['/bin/bash', '-c', 'echo hello world, this is the first task!']
[2023-02-02T06:06:11.416+0000] {subprocess.py:86} INFO - Output:
[2023-02-02T06:06:11.496+0000] {subprocess.py:93} INFO - hello world, this is the first task!
[2023-02-02T06:06:11.507+0000] {subprocess.py:97} INFO - Command exited with return code 0
[2023-02-02T06:06:11.741+0000] {taskinstance.py:1323} INFO - Marking task as SUCCESS. dag_id=our_first_dag_v2, task_id=first_task, execution_date=20210813T000000, start_date=20230202T060604, end_date=20230202T060611
[2023-02-02T06:06:12.146+0000] {local_task_job.py:208} INFO - Task exited with return code 0
[2023-02-02T06:06:12.362+0000] {taskinstance.py:2578} INFO - 1 downstream tasks scheduled from follow-on schedule check
