[2023-02-02T11:32:00.362+0000] {taskinstance.py:1083} INFO - Dependencies all met for <TaskInstance: dag_with_catchup_backfill_v1.first_task scheduled__2022-11-07T00:00:00+00:00 [queued]>
[2023-02-02T11:32:00.622+0000] {taskinstance.py:1083} INFO - Dependencies all met for <TaskInstance: dag_with_catchup_backfill_v1.first_task scheduled__2022-11-07T00:00:00+00:00 [queued]>
[2023-02-02T11:32:00.632+0000] {taskinstance.py:1279} INFO - 
--------------------------------------------------------------------------------
[2023-02-02T11:32:00.636+0000] {taskinstance.py:1280} INFO - Starting attempt 1 of 6
[2023-02-02T11:32:00.644+0000] {taskinstance.py:1281} INFO - 
--------------------------------------------------------------------------------
[2023-02-02T11:32:00.883+0000] {taskinstance.py:1300} INFO - Executing <Task(BashOperator): first_task> on 2022-11-07 00:00:00+00:00
[2023-02-02T11:32:00.993+0000] {standard_task_runner.py:55} INFO - Started process 9714 to run task
[2023-02-02T11:32:01.071+0000] {standard_task_runner.py:82} INFO - Running: ['***', 'tasks', 'run', 'dag_with_catchup_backfill_v1', 'first_task', 'scheduled__2022-11-07T00:00:00+00:00', '--job-id', '1083', '--raw', '--subdir', 'DAGS_FOLDER/dag_with_catchup_and_backfill.py', '--cfg-path', '/tmp/tmp1h7tessr']
[2023-02-02T11:32:01.085+0000] {standard_task_runner.py:83} INFO - Job 1083: Subtask first_task
[2023-02-02T11:32:02.212+0000] {task_command.py:388} INFO - Running <TaskInstance: dag_with_catchup_backfill_v1.first_task scheduled__2022-11-07T00:00:00+00:00 [running]> on host 178c757a8fee
[2023-02-02T11:32:03.235+0000] {taskinstance.py:1509} INFO - Exporting the following env vars:
AIRFLOW_CTX_DAG_OWNER=archana
AIRFLOW_CTX_DAG_ID=dag_with_catchup_backfill_v1
AIRFLOW_CTX_TASK_ID=first_task
AIRFLOW_CTX_EXECUTION_DATE=2022-11-07T00:00:00+00:00
AIRFLOW_CTX_TRY_NUMBER=1
AIRFLOW_CTX_DAG_RUN_ID=scheduled__2022-11-07T00:00:00+00:00
[2023-02-02T11:32:03.307+0000] {subprocess.py:63} INFO - Tmp dir root location: 
 /tmp
[2023-02-02T11:32:03.316+0000] {subprocess.py:75} INFO - Running command: ['/bin/bash', '-c', 'This is a simple Bash Command!']
[2023-02-02T11:32:03.541+0000] {subprocess.py:86} INFO - Output:
[2023-02-02T11:32:03.638+0000] {subprocess.py:93} INFO - /bin/bash: line 1: This: command not found
[2023-02-02T11:32:03.645+0000] {subprocess.py:97} INFO - Command exited with return code 127
[2023-02-02T11:32:03.739+0000] {taskinstance.py:1768} ERROR - Task failed with exception
Traceback (most recent call last):
  File "/home/airflow/.local/lib/python3.7/site-packages/airflow/operators/bash.py", line 197, in execute
    f"Bash command failed. The command returned a non-zero exit code {result.exit_code}."
airflow.exceptions.AirflowException: Bash command failed. The command returned a non-zero exit code 127.
[2023-02-02T11:32:03.854+0000] {taskinstance.py:1323} INFO - Marking task as UP_FOR_RETRY. dag_id=dag_with_catchup_backfill_v1, task_id=first_task, execution_date=20221107T000000, start_date=20230202T113200, end_date=20230202T113203
[2023-02-02T11:32:04.322+0000] {standard_task_runner.py:105} ERROR - Failed to execute job 1083 for task first_task (Bash command failed. The command returned a non-zero exit code 127.; 9714)
[2023-02-02T11:32:05.339+0000] {local_task_job.py:208} INFO - Task exited with return code 1
[2023-02-02T11:32:10.936+0000] {taskinstance.py:2578} INFO - 0 downstream tasks scheduled from follow-on schedule check
