[2023-02-02T09:19:37.465+0000] {taskinstance.py:1083} INFO - Dependencies all met for <TaskInstance: our_first_dag_v3.third_task scheduled__2021-08-09T00:00:00+00:00 [queued]>
[2023-02-02T09:19:38.068+0000] {taskinstance.py:1083} INFO - Dependencies all met for <TaskInstance: our_first_dag_v3.third_task scheduled__2021-08-09T00:00:00+00:00 [queued]>
[2023-02-02T09:19:38.109+0000] {taskinstance.py:1279} INFO - 
--------------------------------------------------------------------------------
[2023-02-02T09:19:38.118+0000] {taskinstance.py:1280} INFO - Starting attempt 1 of 6
[2023-02-02T09:19:38.123+0000] {taskinstance.py:1281} INFO - 
--------------------------------------------------------------------------------
[2023-02-02T09:19:39.564+0000] {taskinstance.py:1300} INFO - Executing <Task(BashOperator): third_task> on 2021-08-09 00:00:00+00:00
[2023-02-02T09:19:39.984+0000] {standard_task_runner.py:55} INFO - Started process 2693 to run task
[2023-02-02T09:19:40.726+0000] {standard_task_runner.py:82} INFO - Running: ['***', 'tasks', 'run', 'our_first_dag_v3', 'third_task', 'scheduled__2021-08-09T00:00:00+00:00', '--job-id', '805', '--raw', '--subdir', 'DAGS_FOLDER/third_dag.py', '--cfg-path', '/tmp/tmpa1u832u1']
[2023-02-02T09:19:40.830+0000] {standard_task_runner.py:83} INFO - Job 805: Subtask third_task
[2023-02-02T09:19:44.299+0000] {task_command.py:388} INFO - Running <TaskInstance: our_first_dag_v3.third_task scheduled__2021-08-09T00:00:00+00:00 [running]> on host 178c757a8fee
[2023-02-02T09:19:47.881+0000] {taskinstance.py:1509} INFO - Exporting the following env vars:
AIRFLOW_CTX_DAG_OWNER=archana
AIRFLOW_CTX_DAG_ID=our_first_dag_v3
AIRFLOW_CTX_TASK_ID=third_task
AIRFLOW_CTX_EXECUTION_DATE=2021-08-09T00:00:00+00:00
AIRFLOW_CTX_TRY_NUMBER=1
AIRFLOW_CTX_DAG_RUN_ID=scheduled__2021-08-09T00:00:00+00:00
[2023-02-02T09:19:47.898+0000] {subprocess.py:63} INFO - Tmp dir root location: 
 /tmp
[2023-02-02T09:19:47.945+0000] {subprocess.py:75} INFO - Running command: ['/bin/bash', '-c', 'echo hey, I am task3 and will be running after task1 as task2']
[2023-02-02T09:19:48.449+0000] {subprocess.py:86} INFO - Output:
[2023-02-02T09:19:48.466+0000] {subprocess.py:93} INFO - hey, I am task3 and will be running after task1 as task2
[2023-02-02T09:19:48.474+0000] {subprocess.py:97} INFO - Command exited with return code 0
[2023-02-02T09:19:49.829+0000] {taskinstance.py:1323} INFO - Marking task as SUCCESS. dag_id=our_first_dag_v3, task_id=third_task, execution_date=20210809T000000, start_date=20230202T091937, end_date=20230202T091949
[2023-02-02T09:19:51.074+0000] {local_task_job.py:208} INFO - Task exited with return code 0
[2023-02-02T09:19:53.563+0000] {taskinstance.py:2578} INFO - 0 downstream tasks scheduled from follow-on schedule check
