[2023-02-02T05:10:21.529+0000] {taskinstance.py:1083} INFO - Dependencies all met for <TaskInstance: our_first_dag_v4.first_task scheduled__2021-08-31T00:00:00+00:00 [queued]>
[2023-02-02T05:10:21.790+0000] {taskinstance.py:1083} INFO - Dependencies all met for <TaskInstance: our_first_dag_v4.first_task scheduled__2021-08-31T00:00:00+00:00 [queued]>
[2023-02-02T05:10:21.793+0000] {taskinstance.py:1279} INFO - 
--------------------------------------------------------------------------------
[2023-02-02T05:10:21.795+0000] {taskinstance.py:1280} INFO - Starting attempt 1 of 6
[2023-02-02T05:10:21.797+0000] {taskinstance.py:1281} INFO - 
--------------------------------------------------------------------------------
[2023-02-02T05:10:22.660+0000] {taskinstance.py:1300} INFO - Executing <Task(BashOperator): first_task> on 2021-08-31 00:00:00+00:00
[2023-02-02T05:10:22.864+0000] {standard_task_runner.py:55} INFO - Started process 2909 to run task
[2023-02-02T05:10:23.512+0000] {standard_task_runner.py:82} INFO - Running: ['***', 'tasks', 'run', 'our_first_dag_v4', 'first_task', 'scheduled__2021-08-31T00:00:00+00:00', '--job-id', '95', '--raw', '--subdir', 'DAGS_FOLDER/our_first_dag.py', '--cfg-path', '/tmp/tmp6r783jnk']
[2023-02-02T05:10:23.698+0000] {standard_task_runner.py:83} INFO - Job 95: Subtask first_task
[2023-02-02T05:10:26.178+0000] {task_command.py:388} INFO - Running <TaskInstance: our_first_dag_v4.first_task scheduled__2021-08-31T00:00:00+00:00 [running]> on host 178c757a8fee
[2023-02-02T05:10:27.893+0000] {taskinstance.py:1509} INFO - Exporting the following env vars:
AIRFLOW_CTX_DAG_OWNER=archana
AIRFLOW_CTX_DAG_ID=our_first_dag_v4
AIRFLOW_CTX_TASK_ID=first_task
AIRFLOW_CTX_EXECUTION_DATE=2021-08-31T00:00:00+00:00
AIRFLOW_CTX_TRY_NUMBER=1
AIRFLOW_CTX_DAG_RUN_ID=scheduled__2021-08-31T00:00:00+00:00
[2023-02-02T05:10:28.014+0000] {subprocess.py:63} INFO - Tmp dir root location: 
 /tmp
[2023-02-02T05:10:28.028+0000] {subprocess.py:75} INFO - Running command: ['/bin/bash', '-c', 'echo hello world, this is the first task!']
[2023-02-02T05:10:28.329+0000] {subprocess.py:86} INFO - Output:
[2023-02-02T05:10:28.442+0000] {subprocess.py:93} INFO - hello world, this is the first task!
[2023-02-02T05:10:28.509+0000] {subprocess.py:97} INFO - Command exited with return code 0
[2023-02-02T05:10:28.750+0000] {taskinstance.py:1323} INFO - Marking task as SUCCESS. dag_id=our_first_dag_v4, task_id=first_task, execution_date=20210831T000000, start_date=20230202T051021, end_date=20230202T051028
[2023-02-02T05:10:29.343+0000] {local_task_job.py:208} INFO - Task exited with return code 0
[2023-02-02T05:10:29.745+0000] {taskinstance.py:2578} INFO - 0 downstream tasks scheduled from follow-on schedule check
