[2023-02-02T09:29:29.466+0000] {taskinstance.py:1083} INFO - Dependencies all met for <TaskInstance: our_first_dag_v3.third_task scheduled__2021-09-06T00:00:00+00:00 [queued]>
[2023-02-02T09:29:31.516+0000] {taskinstance.py:1083} INFO - Dependencies all met for <TaskInstance: our_first_dag_v3.third_task scheduled__2021-09-06T00:00:00+00:00 [queued]>
[2023-02-02T09:29:31.600+0000] {taskinstance.py:1279} INFO - 
--------------------------------------------------------------------------------
[2023-02-02T09:29:31.624+0000] {taskinstance.py:1280} INFO - Starting attempt 1 of 6
[2023-02-02T09:29:31.669+0000] {taskinstance.py:1281} INFO - 
--------------------------------------------------------------------------------
[2023-02-02T09:29:33.337+0000] {taskinstance.py:1300} INFO - Executing <Task(BashOperator): third_task> on 2021-09-06 00:00:00+00:00
[2023-02-02T09:29:34.340+0000] {standard_task_runner.py:55} INFO - Started process 3477 to run task
[2023-02-02T09:29:35.177+0000] {standard_task_runner.py:82} INFO - Running: ['***', 'tasks', 'run', 'our_first_dag_v3', 'third_task', 'scheduled__2021-09-06T00:00:00+00:00', '--job-id', '979', '--raw', '--subdir', 'DAGS_FOLDER/third_dag.py', '--cfg-path', '/tmp/tmpsttbv8or']
[2023-02-02T09:29:35.506+0000] {standard_task_runner.py:83} INFO - Job 979: Subtask third_task
[2023-02-02T09:29:47.818+0000] {task_command.py:388} INFO - Running <TaskInstance: our_first_dag_v3.third_task scheduled__2021-09-06T00:00:00+00:00 [running]> on host 178c757a8fee
[2023-02-02T09:30:16.302+0000] {taskinstance.py:1509} INFO - Exporting the following env vars:
AIRFLOW_CTX_DAG_OWNER=archana
AIRFLOW_CTX_DAG_ID=our_first_dag_v3
AIRFLOW_CTX_TASK_ID=third_task
AIRFLOW_CTX_EXECUTION_DATE=2021-09-06T00:00:00+00:00
AIRFLOW_CTX_TRY_NUMBER=1
AIRFLOW_CTX_DAG_RUN_ID=scheduled__2021-09-06T00:00:00+00:00
[2023-02-02T09:30:16.550+0000] {subprocess.py:63} INFO - Tmp dir root location: 
 /tmp
[2023-02-02T09:30:16.777+0000] {subprocess.py:75} INFO - Running command: ['/bin/bash', '-c', 'echo hey, I am task3 and will be running after task1 as task2']
[2023-02-02T09:30:18.654+0000] {subprocess.py:86} INFO - Output:
[2023-02-02T09:30:18.920+0000] {subprocess.py:93} INFO - hey, I am task3 and will be running after task1 as task2
[2023-02-02T09:30:18.951+0000] {subprocess.py:97} INFO - Command exited with return code 0
[2023-02-02T09:30:20.839+0000] {taskinstance.py:1323} INFO - Marking task as SUCCESS. dag_id=our_first_dag_v3, task_id=third_task, execution_date=20210906T000000, start_date=20230202T092930, end_date=20230202T093020
[2023-02-02T09:30:22.474+0000] {local_task_job.py:208} INFO - Task exited with return code 0
[2023-02-02T09:30:23.224+0000] {taskinstance.py:2578} INFO - 0 downstream tasks scheduled from follow-on schedule check
