[2023-02-02T09:23:48.702+0000] {taskinstance.py:1083} INFO - Dependencies all met for <TaskInstance: our_first_dag_v3.first_task scheduled__2021-09-05T00:00:00+00:00 [queued]>
[2023-02-02T09:23:50.557+0000] {taskinstance.py:1083} INFO - Dependencies all met for <TaskInstance: our_first_dag_v3.first_task scheduled__2021-09-05T00:00:00+00:00 [queued]>
[2023-02-02T09:23:50.584+0000] {taskinstance.py:1279} INFO - 
--------------------------------------------------------------------------------
[2023-02-02T09:23:50.628+0000] {taskinstance.py:1280} INFO - Starting attempt 1 of 6
[2023-02-02T09:23:50.665+0000] {taskinstance.py:1281} INFO - 
--------------------------------------------------------------------------------
[2023-02-02T09:23:51.922+0000] {taskinstance.py:1300} INFO - Executing <Task(BashOperator): first_task> on 2021-09-05 00:00:00+00:00
[2023-02-02T09:23:52.290+0000] {standard_task_runner.py:55} INFO - Started process 3124 to run task
[2023-02-02T09:23:52.489+0000] {standard_task_runner.py:82} INFO - Running: ['***', 'tasks', 'run', 'our_first_dag_v3', 'first_task', 'scheduled__2021-09-05T00:00:00+00:00', '--job-id', '910', '--raw', '--subdir', 'DAGS_FOLDER/third_dag.py', '--cfg-path', '/tmp/tmp1u8dgaq5']
[2023-02-02T09:23:52.564+0000] {standard_task_runner.py:83} INFO - Job 910: Subtask first_task
[2023-02-02T09:23:56.730+0000] {task_command.py:388} INFO - Running <TaskInstance: our_first_dag_v3.first_task scheduled__2021-09-05T00:00:00+00:00 [running]> on host 178c757a8fee
[2023-02-02T09:23:59.613+0000] {taskinstance.py:1509} INFO - Exporting the following env vars:
AIRFLOW_CTX_DAG_OWNER=archana
AIRFLOW_CTX_DAG_ID=our_first_dag_v3
AIRFLOW_CTX_TASK_ID=first_task
AIRFLOW_CTX_EXECUTION_DATE=2021-09-05T00:00:00+00:00
AIRFLOW_CTX_TRY_NUMBER=1
AIRFLOW_CTX_DAG_RUN_ID=scheduled__2021-09-05T00:00:00+00:00
[2023-02-02T09:23:59.734+0000] {subprocess.py:63} INFO - Tmp dir root location: 
 /tmp
[2023-02-02T09:23:59.791+0000] {subprocess.py:75} INFO - Running command: ['/bin/bash', '-c', 'echo hello world, this is the first task!']
[2023-02-02T09:24:00.662+0000] {subprocess.py:86} INFO - Output:
[2023-02-02T09:24:00.797+0000] {subprocess.py:93} INFO - hello world, this is the first task!
[2023-02-02T09:24:00.842+0000] {subprocess.py:97} INFO - Command exited with return code 0
[2023-02-02T09:24:01.757+0000] {taskinstance.py:1323} INFO - Marking task as SUCCESS. dag_id=our_first_dag_v3, task_id=first_task, execution_date=20210905T000000, start_date=20230202T092349, end_date=20230202T092401
[2023-02-02T09:24:02.942+0000] {local_task_job.py:208} INFO - Task exited with return code 0
[2023-02-02T09:24:05.341+0000] {taskinstance.py:2578} INFO - 2 downstream tasks scheduled from follow-on schedule check
