[2023-02-02T12:26:51.960+0000] {taskinstance.py:1083} INFO - Dependencies all met for <TaskInstance: dag_with_catchup_backfill_v1.task1 scheduled__2022-11-24T00:00:00+00:00 [queued]>
[2023-02-02T12:26:52.156+0000] {taskinstance.py:1083} INFO - Dependencies all met for <TaskInstance: dag_with_catchup_backfill_v1.task1 scheduled__2022-11-24T00:00:00+00:00 [queued]>
[2023-02-02T12:26:52.158+0000] {taskinstance.py:1279} INFO - 
--------------------------------------------------------------------------------
[2023-02-02T12:26:52.160+0000] {taskinstance.py:1280} INFO - Starting attempt 4 of 6
[2023-02-02T12:26:52.161+0000] {taskinstance.py:1281} INFO - 
--------------------------------------------------------------------------------
[2023-02-02T12:26:52.363+0000] {taskinstance.py:1300} INFO - Executing <Task(BashOperator): task1> on 2022-11-24 00:00:00+00:00
[2023-02-02T12:26:52.447+0000] {standard_task_runner.py:55} INFO - Started process 10850 to run task
[2023-02-02T12:26:52.555+0000] {standard_task_runner.py:82} INFO - Running: ['***', 'tasks', 'run', 'dag_with_catchup_backfill_v1', 'task1', 'scheduled__2022-11-24T00:00:00+00:00', '--job-id', '1177', '--raw', '--subdir', 'DAGS_FOLDER/dag_with_catchup_and_backfill.py', '--cfg-path', '/tmp/tmpkc1q7f6c']
[2023-02-02T12:26:52.572+0000] {standard_task_runner.py:83} INFO - Job 1177: Subtask task1
[2023-02-02T12:26:53.144+0000] {task_command.py:388} INFO - Running <TaskInstance: dag_with_catchup_backfill_v1.task1 scheduled__2022-11-24T00:00:00+00:00 [running]> on host 178c757a8fee
[2023-02-02T12:26:53.483+0000] {taskinstance.py:1509} INFO - Exporting the following env vars:
AIRFLOW_CTX_DAG_OWNER=archana
AIRFLOW_CTX_DAG_ID=dag_with_catchup_backfill_v1
AIRFLOW_CTX_TASK_ID=task1
AIRFLOW_CTX_EXECUTION_DATE=2022-11-24T00:00:00+00:00
AIRFLOW_CTX_TRY_NUMBER=4
AIRFLOW_CTX_DAG_RUN_ID=scheduled__2022-11-24T00:00:00+00:00
[2023-02-02T12:26:53.492+0000] {subprocess.py:63} INFO - Tmp dir root location: 
 /tmp
[2023-02-02T12:26:53.493+0000] {subprocess.py:75} INFO - Running command: ['/bin/bash', '-c', 'This is a simple Bash Command!']
[2023-02-02T12:26:53.556+0000] {subprocess.py:86} INFO - Output:
[2023-02-02T12:26:53.562+0000] {subprocess.py:93} INFO - /bin/bash: line 1: This: command not found
[2023-02-02T12:26:53.563+0000] {subprocess.py:97} INFO - Command exited with return code 127
[2023-02-02T12:26:53.603+0000] {taskinstance.py:1768} ERROR - Task failed with exception
Traceback (most recent call last):
  File "/home/airflow/.local/lib/python3.7/site-packages/airflow/operators/bash.py", line 197, in execute
    f"Bash command failed. The command returned a non-zero exit code {result.exit_code}."
airflow.exceptions.AirflowException: Bash command failed. The command returned a non-zero exit code 127.
[2023-02-02T12:26:53.610+0000] {taskinstance.py:1323} INFO - Marking task as UP_FOR_RETRY. dag_id=dag_with_catchup_backfill_v1, task_id=task1, execution_date=20221124T000000, start_date=20230202T122652, end_date=20230202T122653
[2023-02-02T12:26:53.639+0000] {standard_task_runner.py:105} ERROR - Failed to execute job 1177 for task task1 (Bash command failed. The command returned a non-zero exit code 127.; 10850)
[2023-02-02T12:26:53.700+0000] {local_task_job.py:208} INFO - Task exited with return code 1
[2023-02-02T12:26:53.779+0000] {taskinstance.py:2578} INFO - 0 downstream tasks scheduled from follow-on schedule check
