[2023-02-02T14:15:18.474+0000] {taskinstance.py:1083} INFO - Dependencies all met for <TaskInstance: dag_with_catchup_backfill_v1.task1 scheduled__2022-11-24T00:00:00+00:00 [queued]>
[2023-02-02T14:15:22.990+0000] {taskinstance.py:1083} INFO - Dependencies all met for <TaskInstance: dag_with_catchup_backfill_v1.task1 scheduled__2022-11-24T00:00:00+00:00 [queued]>
[2023-02-02T14:15:23.048+0000] {taskinstance.py:1279} INFO - 
--------------------------------------------------------------------------------
[2023-02-02T14:15:23.055+0000] {taskinstance.py:1280} INFO - Starting attempt 6 of 6
[2023-02-02T14:15:23.076+0000] {taskinstance.py:1281} INFO - 
--------------------------------------------------------------------------------
[2023-02-02T14:15:24.151+0000] {taskinstance.py:1300} INFO - Executing <Task(BashOperator): task1> on 2022-11-24 00:00:00+00:00
[2023-02-02T14:15:24.328+0000] {standard_task_runner.py:55} INFO - Started process 15161 to run task
[2023-02-02T14:15:25.064+0000] {standard_task_runner.py:82} INFO - Running: ['***', 'tasks', 'run', 'dag_with_catchup_backfill_v1', 'task1', 'scheduled__2022-11-24T00:00:00+00:00', '--job-id', '1267', '--raw', '--subdir', 'DAGS_FOLDER/dag_with_catchup_and_backfill.py', '--cfg-path', '/tmp/tmp9bauj1he']
[2023-02-02T14:15:25.186+0000] {standard_task_runner.py:83} INFO - Job 1267: Subtask task1
[2023-02-02T14:15:34.386+0000] {task_command.py:388} INFO - Running <TaskInstance: dag_with_catchup_backfill_v1.task1 scheduled__2022-11-24T00:00:00+00:00 [running]> on host 178c757a8fee
[2023-02-02T14:15:59.636+0000] {taskinstance.py:1509} INFO - Exporting the following env vars:
AIRFLOW_CTX_DAG_OWNER=archana
AIRFLOW_CTX_DAG_ID=dag_with_catchup_backfill_v1
AIRFLOW_CTX_TASK_ID=task1
AIRFLOW_CTX_EXECUTION_DATE=2022-11-24T00:00:00+00:00
AIRFLOW_CTX_TRY_NUMBER=6
AIRFLOW_CTX_DAG_RUN_ID=scheduled__2022-11-24T00:00:00+00:00
[2023-02-02T14:16:00.201+0000] {subprocess.py:63} INFO - Tmp dir root location: 
 /tmp
[2023-02-02T14:16:00.475+0000] {subprocess.py:75} INFO - Running command: ['/bin/bash', '-c', 'echo This is a simple Bash Command!']
[2023-02-02T14:16:02.614+0000] {subprocess.py:86} INFO - Output:
[2023-02-02T14:16:02.982+0000] {subprocess.py:93} INFO - This is a simple Bash Command!
[2023-02-02T14:16:03.040+0000] {subprocess.py:97} INFO - Command exited with return code 0
[2023-02-02T14:16:04.459+0000] {taskinstance.py:1323} INFO - Marking task as SUCCESS. dag_id=dag_with_catchup_backfill_v1, task_id=task1, execution_date=20221124T000000, start_date=20230202T141518, end_date=20230202T141604
[2023-02-02T14:16:07.371+0000] {local_task_job.py:208} INFO - Task exited with return code 0
[2023-02-02T14:16:08.269+0000] {taskinstance.py:2578} INFO - 0 downstream tasks scheduled from follow-on schedule check
