[2023-02-02T05:10:59.523+0000] {taskinstance.py:1083} INFO - Dependencies all met for <TaskInstance: our_dag_with_python_operator_v07.get_age scheduled__2021-10-09T00:00:00+00:00 [queued]>
[2023-02-02T05:10:59.667+0000] {taskinstance.py:1083} INFO - Dependencies all met for <TaskInstance: our_dag_with_python_operator_v07.get_age scheduled__2021-10-09T00:00:00+00:00 [queued]>
[2023-02-02T05:10:59.669+0000] {taskinstance.py:1279} INFO - 
--------------------------------------------------------------------------------
[2023-02-02T05:10:59.670+0000] {taskinstance.py:1280} INFO - Starting attempt 1 of 6
[2023-02-02T05:10:59.675+0000] {taskinstance.py:1281} INFO - 
--------------------------------------------------------------------------------
[2023-02-02T05:10:59.809+0000] {taskinstance.py:1300} INFO - Executing <Task(PythonOperator): get_age> on 2021-10-09 00:00:00+00:00
[2023-02-02T05:10:59.876+0000] {standard_task_runner.py:55} INFO - Started process 3059 to run task
[2023-02-02T05:11:00.070+0000] {standard_task_runner.py:82} INFO - Running: ['***', 'tasks', 'run', 'our_dag_with_python_operator_v07', 'get_age', 'scheduled__2021-10-09T00:00:00+00:00', '--job-id', '138', '--raw', '--subdir', 'DAGS_FOLDER/dag_python_operator.py', '--cfg-path', '/tmp/tmpam9f7wvp']
[2023-02-02T05:11:00.087+0000] {standard_task_runner.py:83} INFO - Job 138: Subtask get_age
[2023-02-02T05:11:01.426+0000] {task_command.py:388} INFO - Running <TaskInstance: our_dag_with_python_operator_v07.get_age scheduled__2021-10-09T00:00:00+00:00 [running]> on host 178c757a8fee
[2023-02-02T05:11:03.756+0000] {taskinstance.py:1509} INFO - Exporting the following env vars:
AIRFLOW_CTX_DAG_OWNER=coder2j
AIRFLOW_CTX_DAG_ID=our_dag_with_python_operator_v07
AIRFLOW_CTX_TASK_ID=get_age
AIRFLOW_CTX_EXECUTION_DATE=2021-10-09T00:00:00+00:00
AIRFLOW_CTX_TRY_NUMBER=1
AIRFLOW_CTX_DAG_RUN_ID=scheduled__2021-10-09T00:00:00+00:00
[2023-02-02T05:11:04.129+0000] {python.py:177} INFO - Done. Returned value was: None
[2023-02-02T05:11:04.319+0000] {taskinstance.py:1323} INFO - Marking task as SUCCESS. dag_id=our_dag_with_python_operator_v07, task_id=get_age, execution_date=20211009T000000, start_date=20230202T051059, end_date=20230202T051104
[2023-02-02T05:11:04.625+0000] {local_task_job.py:208} INFO - Task exited with return code 0
[2023-02-02T05:11:05.122+0000] {taskinstance.py:2578} INFO - 0 downstream tasks scheduled from follow-on schedule check
