[2023-02-01T05:30:03.479+0000] {processor.py:153} INFO - Started process (PID=49) to work on /opt/airflow/dags/create_dag_with_python_operator.py
[2023-02-01T05:30:03.485+0000] {processor.py:743} INFO - Processing file /opt/airflow/dags/create_dag_with_python_operator.py for tasks to queue
[2023-02-01T05:30:03.497+0000] {logging_mixin.py:137} INFO - [2023-02-01T05:30:03.496+0000] {dagbag.py:538} INFO - Filling up the DagBag from /opt/airflow/dags/create_dag_with_python_operator.py
[2023-02-01T05:30:03.712+0000] {processor.py:753} INFO - DAG(s) dict_keys(['our_dag_with_python_operator_v07']) retrieved from /opt/airflow/dags/create_dag_with_python_operator.py
[2023-02-01T05:30:04.958+0000] {logging_mixin.py:137} INFO - [2023-02-01T05:30:04.952+0000] {manager.py:504} INFO - Created Permission View: can read on DAG:our_dag_with_python_operator_v07
[2023-02-01T05:30:05.054+0000] {logging_mixin.py:137} INFO - [2023-02-01T05:30:05.053+0000] {manager.py:504} INFO - Created Permission View: can delete on DAG:our_dag_with_python_operator_v07
[2023-02-01T05:30:05.100+0000] {logging_mixin.py:137} INFO - [2023-02-01T05:30:05.100+0000] {manager.py:504} INFO - Created Permission View: can edit on DAG:our_dag_with_python_operator_v07
[2023-02-01T05:30:05.107+0000] {logging_mixin.py:137} INFO - [2023-02-01T05:30:05.106+0000] {dag.py:2690} INFO - Sync 1 DAGs
[2023-02-01T05:30:05.173+0000] {logging_mixin.py:137} INFO - [2023-02-01T05:30:05.173+0000] {dag.py:2711} INFO - Creating ORM DAG for our_dag_with_python_operator_v07
[2023-02-01T05:30:05.265+0000] {logging_mixin.py:137} INFO - [2023-02-01T05:30:05.265+0000] {dag.py:3441} INFO - Setting next_dagrun for our_dag_with_python_operator_v07 to 2021-10-06T00:00:00+00:00, run_after=2021-10-07T00:00:00+00:00
[2023-02-01T05:30:05.449+0000] {processor.py:175} INFO - Processing /opt/airflow/dags/create_dag_with_python_operator.py took 1.998 seconds
[2023-02-01T05:30:35.705+0000] {processor.py:153} INFO - Started process (PID=105) to work on /opt/airflow/dags/create_dag_with_python_operator.py
[2023-02-01T05:30:35.711+0000] {processor.py:743} INFO - Processing file /opt/airflow/dags/create_dag_with_python_operator.py for tasks to queue
[2023-02-01T05:30:35.716+0000] {logging_mixin.py:137} INFO - [2023-02-01T05:30:35.715+0000] {dagbag.py:538} INFO - Filling up the DagBag from /opt/airflow/dags/create_dag_with_python_operator.py
[2023-02-01T05:30:35.761+0000] {processor.py:753} INFO - DAG(s) dict_keys(['our_dag_with_python_operator_v07']) retrieved from /opt/airflow/dags/create_dag_with_python_operator.py
[2023-02-01T05:30:35.828+0000] {logging_mixin.py:137} INFO - [2023-02-01T05:30:35.828+0000] {dag.py:2690} INFO - Sync 1 DAGs
[2023-02-01T05:30:35.892+0000] {logging_mixin.py:137} INFO - [2023-02-01T05:30:35.892+0000] {dag.py:3441} INFO - Setting next_dagrun for our_dag_with_python_operator_v07 to 2021-10-06T00:00:00+00:00, run_after=2021-10-07T00:00:00+00:00
[2023-02-01T05:30:35.971+0000] {processor.py:175} INFO - Processing /opt/airflow/dags/create_dag_with_python_operator.py took 0.273 seconds
[2023-02-01T05:31:06.320+0000] {processor.py:153} INFO - Started process (PID=182) to work on /opt/airflow/dags/create_dag_with_python_operator.py
[2023-02-01T05:31:06.323+0000] {processor.py:743} INFO - Processing file /opt/airflow/dags/create_dag_with_python_operator.py for tasks to queue
[2023-02-01T05:31:06.324+0000] {logging_mixin.py:137} INFO - [2023-02-01T05:31:06.324+0000] {dagbag.py:538} INFO - Filling up the DagBag from /opt/airflow/dags/create_dag_with_python_operator.py
[2023-02-01T05:31:06.354+0000] {processor.py:753} INFO - DAG(s) dict_keys(['our_dag_with_python_operator_v07']) retrieved from /opt/airflow/dags/create_dag_with_python_operator.py
[2023-02-01T05:31:06.394+0000] {logging_mixin.py:137} INFO - [2023-02-01T05:31:06.394+0000] {dag.py:2690} INFO - Sync 1 DAGs
[2023-02-01T05:31:06.433+0000] {logging_mixin.py:137} INFO - [2023-02-01T05:31:06.432+0000] {dag.py:3441} INFO - Setting next_dagrun for our_dag_with_python_operator_v07 to 2021-10-06T00:00:00+00:00, run_after=2021-10-07T00:00:00+00:00
[2023-02-01T05:31:06.466+0000] {processor.py:175} INFO - Processing /opt/airflow/dags/create_dag_with_python_operator.py took 0.150 seconds
[2023-02-01T05:31:36.938+0000] {processor.py:153} INFO - Started process (PID=252) to work on /opt/airflow/dags/create_dag_with_python_operator.py
[2023-02-01T05:31:36.941+0000] {processor.py:743} INFO - Processing file /opt/airflow/dags/create_dag_with_python_operator.py for tasks to queue
[2023-02-01T05:31:36.943+0000] {logging_mixin.py:137} INFO - [2023-02-01T05:31:36.943+0000] {dagbag.py:538} INFO - Filling up the DagBag from /opt/airflow/dags/create_dag_with_python_operator.py
[2023-02-01T05:31:36.982+0000] {processor.py:753} INFO - DAG(s) dict_keys(['our_dag_with_python_operator_v07']) retrieved from /opt/airflow/dags/create_dag_with_python_operator.py
[2023-02-01T05:31:37.042+0000] {logging_mixin.py:137} INFO - [2023-02-01T05:31:37.042+0000] {dag.py:2690} INFO - Sync 1 DAGs
[2023-02-01T05:31:37.073+0000] {logging_mixin.py:137} INFO - [2023-02-01T05:31:37.073+0000] {dag.py:3441} INFO - Setting next_dagrun for our_dag_with_python_operator_v07 to 2021-10-06T00:00:00+00:00, run_after=2021-10-07T00:00:00+00:00
[2023-02-01T05:31:37.095+0000] {processor.py:175} INFO - Processing /opt/airflow/dags/create_dag_with_python_operator.py took 0.166 seconds
[2023-02-01T05:32:07.915+0000] {processor.py:153} INFO - Started process (PID=320) to work on /opt/airflow/dags/create_dag_with_python_operator.py
[2023-02-01T05:32:07.918+0000] {processor.py:743} INFO - Processing file /opt/airflow/dags/create_dag_with_python_operator.py for tasks to queue
[2023-02-01T05:32:07.920+0000] {logging_mixin.py:137} INFO - [2023-02-01T05:32:07.920+0000] {dagbag.py:538} INFO - Filling up the DagBag from /opt/airflow/dags/create_dag_with_python_operator.py
[2023-02-01T05:32:07.966+0000] {processor.py:753} INFO - DAG(s) dict_keys(['our_dag_with_python_operator_v07']) retrieved from /opt/airflow/dags/create_dag_with_python_operator.py
[2023-02-01T05:32:08.010+0000] {logging_mixin.py:137} INFO - [2023-02-01T05:32:08.009+0000] {dag.py:2690} INFO - Sync 1 DAGs
[2023-02-01T05:32:08.042+0000] {logging_mixin.py:137} INFO - [2023-02-01T05:32:08.041+0000] {dag.py:3441} INFO - Setting next_dagrun for our_dag_with_python_operator_v07 to 2021-10-06T00:00:00+00:00, run_after=2021-10-07T00:00:00+00:00
[2023-02-01T05:32:08.062+0000] {processor.py:175} INFO - Processing /opt/airflow/dags/create_dag_with_python_operator.py took 0.158 seconds
[2023-02-01T05:32:38.222+0000] {processor.py:153} INFO - Started process (PID=388) to work on /opt/airflow/dags/create_dag_with_python_operator.py
[2023-02-01T05:32:38.226+0000] {processor.py:743} INFO - Processing file /opt/airflow/dags/create_dag_with_python_operator.py for tasks to queue
[2023-02-01T05:32:38.228+0000] {logging_mixin.py:137} INFO - [2023-02-01T05:32:38.228+0000] {dagbag.py:538} INFO - Filling up the DagBag from /opt/airflow/dags/create_dag_with_python_operator.py
[2023-02-01T05:32:38.286+0000] {processor.py:753} INFO - DAG(s) dict_keys(['our_dag_with_python_operator_v07']) retrieved from /opt/airflow/dags/create_dag_with_python_operator.py
[2023-02-01T05:32:38.332+0000] {logging_mixin.py:137} INFO - [2023-02-01T05:32:38.332+0000] {dag.py:2690} INFO - Sync 1 DAGs
[2023-02-01T05:32:38.364+0000] {logging_mixin.py:137} INFO - [2023-02-01T05:32:38.363+0000] {dag.py:3441} INFO - Setting next_dagrun for our_dag_with_python_operator_v07 to 2021-10-06T00:00:00+00:00, run_after=2021-10-07T00:00:00+00:00
[2023-02-01T05:32:38.397+0000] {processor.py:175} INFO - Processing /opt/airflow/dags/create_dag_with_python_operator.py took 0.189 seconds
[2023-02-01T05:33:09.109+0000] {processor.py:153} INFO - Started process (PID=469) to work on /opt/airflow/dags/create_dag_with_python_operator.py
[2023-02-01T05:33:09.113+0000] {processor.py:743} INFO - Processing file /opt/airflow/dags/create_dag_with_python_operator.py for tasks to queue
[2023-02-01T05:33:09.118+0000] {logging_mixin.py:137} INFO - [2023-02-01T05:33:09.117+0000] {dagbag.py:538} INFO - Filling up the DagBag from /opt/airflow/dags/create_dag_with_python_operator.py
[2023-02-01T05:33:09.177+0000] {processor.py:753} INFO - DAG(s) dict_keys(['our_dag_with_python_operator_v07']) retrieved from /opt/airflow/dags/create_dag_with_python_operator.py
[2023-02-01T05:33:09.217+0000] {logging_mixin.py:137} INFO - [2023-02-01T05:33:09.217+0000] {dag.py:2690} INFO - Sync 1 DAGs
[2023-02-01T05:33:09.246+0000] {logging_mixin.py:137} INFO - [2023-02-01T05:33:09.246+0000] {dag.py:3441} INFO - Setting next_dagrun for our_dag_with_python_operator_v07 to 2021-10-06T00:00:00+00:00, run_after=2021-10-07T00:00:00+00:00
[2023-02-01T05:33:09.266+0000] {processor.py:175} INFO - Processing /opt/airflow/dags/create_dag_with_python_operator.py took 0.169 seconds
[2023-02-01T05:33:39.689+0000] {processor.py:153} INFO - Started process (PID=536) to work on /opt/airflow/dags/create_dag_with_python_operator.py
[2023-02-01T05:33:39.692+0000] {processor.py:743} INFO - Processing file /opt/airflow/dags/create_dag_with_python_operator.py for tasks to queue
[2023-02-01T05:33:39.694+0000] {logging_mixin.py:137} INFO - [2023-02-01T05:33:39.694+0000] {dagbag.py:538} INFO - Filling up the DagBag from /opt/airflow/dags/create_dag_with_python_operator.py
[2023-02-01T05:33:39.767+0000] {processor.py:753} INFO - DAG(s) dict_keys(['our_dag_with_python_operator_v07']) retrieved from /opt/airflow/dags/create_dag_with_python_operator.py
[2023-02-01T05:33:39.829+0000] {logging_mixin.py:137} INFO - [2023-02-01T05:33:39.829+0000] {dag.py:2690} INFO - Sync 1 DAGs
[2023-02-01T05:33:39.891+0000] {logging_mixin.py:137} INFO - [2023-02-01T05:33:39.891+0000] {dag.py:3441} INFO - Setting next_dagrun for our_dag_with_python_operator_v07 to 2021-10-06T00:00:00+00:00, run_after=2021-10-07T00:00:00+00:00
[2023-02-01T05:33:39.930+0000] {processor.py:175} INFO - Processing /opt/airflow/dags/create_dag_with_python_operator.py took 0.255 seconds
[2023-02-01T05:34:10.116+0000] {processor.py:153} INFO - Started process (PID=605) to work on /opt/airflow/dags/create_dag_with_python_operator.py
[2023-02-01T05:34:10.119+0000] {processor.py:743} INFO - Processing file /opt/airflow/dags/create_dag_with_python_operator.py for tasks to queue
[2023-02-01T05:34:10.121+0000] {logging_mixin.py:137} INFO - [2023-02-01T05:34:10.121+0000] {dagbag.py:538} INFO - Filling up the DagBag from /opt/airflow/dags/create_dag_with_python_operator.py
[2023-02-01T05:34:10.175+0000] {processor.py:753} INFO - DAG(s) dict_keys(['our_dag_with_python_operator_v07']) retrieved from /opt/airflow/dags/create_dag_with_python_operator.py
[2023-02-01T05:34:10.248+0000] {logging_mixin.py:137} INFO - [2023-02-01T05:34:10.247+0000] {dag.py:2690} INFO - Sync 1 DAGs
[2023-02-01T05:34:10.280+0000] {logging_mixin.py:137} INFO - [2023-02-01T05:34:10.280+0000] {dag.py:3441} INFO - Setting next_dagrun for our_dag_with_python_operator_v07 to 2021-10-06T00:00:00+00:00, run_after=2021-10-07T00:00:00+00:00
[2023-02-01T05:34:10.301+0000] {processor.py:175} INFO - Processing /opt/airflow/dags/create_dag_with_python_operator.py took 0.199 seconds
[2023-02-01T05:34:41.368+0000] {processor.py:153} INFO - Started process (PID=672) to work on /opt/airflow/dags/create_dag_with_python_operator.py
[2023-02-01T05:34:41.372+0000] {processor.py:743} INFO - Processing file /opt/airflow/dags/create_dag_with_python_operator.py for tasks to queue
[2023-02-01T05:34:41.373+0000] {logging_mixin.py:137} INFO - [2023-02-01T05:34:41.373+0000] {dagbag.py:538} INFO - Filling up the DagBag from /opt/airflow/dags/create_dag_with_python_operator.py
[2023-02-01T05:34:41.433+0000] {processor.py:753} INFO - DAG(s) dict_keys(['our_dag_with_python_operator_v07']) retrieved from /opt/airflow/dags/create_dag_with_python_operator.py
[2023-02-01T05:34:41.505+0000] {logging_mixin.py:137} INFO - [2023-02-01T05:34:41.505+0000] {dag.py:2690} INFO - Sync 1 DAGs
[2023-02-01T05:34:41.544+0000] {logging_mixin.py:137} INFO - [2023-02-01T05:34:41.544+0000] {dag.py:3441} INFO - Setting next_dagrun for our_dag_with_python_operator_v07 to 2021-10-06T00:00:00+00:00, run_after=2021-10-07T00:00:00+00:00
[2023-02-01T05:34:41.579+0000] {processor.py:175} INFO - Processing /opt/airflow/dags/create_dag_with_python_operator.py took 0.227 seconds
[2023-02-01T05:35:12.061+0000] {processor.py:153} INFO - Started process (PID=740) to work on /opt/airflow/dags/create_dag_with_python_operator.py
[2023-02-01T05:35:12.064+0000] {processor.py:743} INFO - Processing file /opt/airflow/dags/create_dag_with_python_operator.py for tasks to queue
[2023-02-01T05:35:12.066+0000] {logging_mixin.py:137} INFO - [2023-02-01T05:35:12.066+0000] {dagbag.py:538} INFO - Filling up the DagBag from /opt/airflow/dags/create_dag_with_python_operator.py
[2023-02-01T05:35:12.143+0000] {processor.py:753} INFO - DAG(s) dict_keys(['our_dag_with_python_operator_v07']) retrieved from /opt/airflow/dags/create_dag_with_python_operator.py
[2023-02-01T05:35:12.208+0000] {logging_mixin.py:137} INFO - [2023-02-01T05:35:12.208+0000] {dag.py:2690} INFO - Sync 1 DAGs
[2023-02-01T05:35:12.267+0000] {logging_mixin.py:137} INFO - [2023-02-01T05:35:12.267+0000] {dag.py:3441} INFO - Setting next_dagrun for our_dag_with_python_operator_v07 to 2021-10-06T00:00:00+00:00, run_after=2021-10-07T00:00:00+00:00
[2023-02-01T05:35:12.294+0000] {processor.py:175} INFO - Processing /opt/airflow/dags/create_dag_with_python_operator.py took 0.242 seconds
[2023-02-01T05:35:43.242+0000] {processor.py:153} INFO - Started process (PID=808) to work on /opt/airflow/dags/create_dag_with_python_operator.py
[2023-02-01T05:35:43.251+0000] {processor.py:743} INFO - Processing file /opt/airflow/dags/create_dag_with_python_operator.py for tasks to queue
[2023-02-01T05:35:43.257+0000] {logging_mixin.py:137} INFO - [2023-02-01T05:35:43.256+0000] {dagbag.py:538} INFO - Filling up the DagBag from /opt/airflow/dags/create_dag_with_python_operator.py
[2023-02-01T05:35:43.335+0000] {processor.py:753} INFO - DAG(s) dict_keys(['our_dag_with_python_operator_v07']) retrieved from /opt/airflow/dags/create_dag_with_python_operator.py
[2023-02-01T05:35:43.416+0000] {logging_mixin.py:137} INFO - [2023-02-01T05:35:43.416+0000] {dag.py:2690} INFO - Sync 1 DAGs
[2023-02-01T05:35:43.454+0000] {logging_mixin.py:137} INFO - [2023-02-01T05:35:43.453+0000] {dag.py:3441} INFO - Setting next_dagrun for our_dag_with_python_operator_v07 to 2021-10-06T00:00:00+00:00, run_after=2021-10-07T00:00:00+00:00
[2023-02-01T05:35:43.477+0000] {processor.py:175} INFO - Processing /opt/airflow/dags/create_dag_with_python_operator.py took 0.255 seconds
[2023-02-01T05:36:14.380+0000] {processor.py:153} INFO - Started process (PID=890) to work on /opt/airflow/dags/create_dag_with_python_operator.py
[2023-02-01T05:36:14.386+0000] {processor.py:743} INFO - Processing file /opt/airflow/dags/create_dag_with_python_operator.py for tasks to queue
[2023-02-01T05:36:14.392+0000] {logging_mixin.py:137} INFO - [2023-02-01T05:36:14.392+0000] {dagbag.py:538} INFO - Filling up the DagBag from /opt/airflow/dags/create_dag_with_python_operator.py
[2023-02-01T05:36:14.496+0000] {processor.py:753} INFO - DAG(s) dict_keys(['our_dag_with_python_operator_v07']) retrieved from /opt/airflow/dags/create_dag_with_python_operator.py
[2023-02-01T05:36:14.737+0000] {logging_mixin.py:137} INFO - [2023-02-01T05:36:14.736+0000] {dag.py:2690} INFO - Sync 1 DAGs
[2023-02-01T05:36:14.901+0000] {logging_mixin.py:137} INFO - [2023-02-01T05:36:14.901+0000] {dag.py:3441} INFO - Setting next_dagrun for our_dag_with_python_operator_v07 to 2021-10-06T00:00:00+00:00, run_after=2021-10-07T00:00:00+00:00
[2023-02-01T05:36:15.071+0000] {processor.py:175} INFO - Processing /opt/airflow/dags/create_dag_with_python_operator.py took 0.706 seconds
[2023-02-01T05:36:45.715+0000] {processor.py:153} INFO - Started process (PID=943) to work on /opt/airflow/dags/create_dag_with_python_operator.py
[2023-02-01T05:36:45.722+0000] {processor.py:743} INFO - Processing file /opt/airflow/dags/create_dag_with_python_operator.py for tasks to queue
[2023-02-01T05:36:45.726+0000] {logging_mixin.py:137} INFO - [2023-02-01T05:36:45.725+0000] {dagbag.py:538} INFO - Filling up the DagBag from /opt/airflow/dags/create_dag_with_python_operator.py
[2023-02-01T05:36:45.805+0000] {processor.py:753} INFO - DAG(s) dict_keys(['our_dag_with_python_operator_v07']) retrieved from /opt/airflow/dags/create_dag_with_python_operator.py
[2023-02-01T05:36:45.895+0000] {logging_mixin.py:137} INFO - [2023-02-01T05:36:45.895+0000] {dag.py:2690} INFO - Sync 1 DAGs
[2023-02-01T05:36:45.973+0000] {logging_mixin.py:137} INFO - [2023-02-01T05:36:45.973+0000] {dag.py:3441} INFO - Setting next_dagrun for our_dag_with_python_operator_v07 to 2021-10-06T00:00:00+00:00, run_after=2021-10-07T00:00:00+00:00
[2023-02-01T05:36:46.005+0000] {processor.py:175} INFO - Processing /opt/airflow/dags/create_dag_with_python_operator.py took 0.327 seconds
[2023-02-01T05:37:16.558+0000] {processor.py:153} INFO - Started process (PID=1010) to work on /opt/airflow/dags/create_dag_with_python_operator.py
[2023-02-01T05:37:16.563+0000] {processor.py:743} INFO - Processing file /opt/airflow/dags/create_dag_with_python_operator.py for tasks to queue
[2023-02-01T05:37:16.567+0000] {logging_mixin.py:137} INFO - [2023-02-01T05:37:16.566+0000] {dagbag.py:538} INFO - Filling up the DagBag from /opt/airflow/dags/create_dag_with_python_operator.py
[2023-02-01T05:37:16.633+0000] {processor.py:753} INFO - DAG(s) dict_keys(['our_dag_with_python_operator_v07']) retrieved from /opt/airflow/dags/create_dag_with_python_operator.py
[2023-02-01T05:37:16.739+0000] {logging_mixin.py:137} INFO - [2023-02-01T05:37:16.738+0000] {dag.py:2690} INFO - Sync 1 DAGs
[2023-02-01T05:37:16.790+0000] {logging_mixin.py:137} INFO - [2023-02-01T05:37:16.790+0000] {dag.py:3441} INFO - Setting next_dagrun for our_dag_with_python_operator_v07 to 2021-10-06T00:00:00+00:00, run_after=2021-10-07T00:00:00+00:00
[2023-02-01T05:37:16.815+0000] {processor.py:175} INFO - Processing /opt/airflow/dags/create_dag_with_python_operator.py took 0.277 seconds
[2023-02-01T05:37:47.911+0000] {processor.py:153} INFO - Started process (PID=1086) to work on /opt/airflow/dags/create_dag_with_python_operator.py
[2023-02-01T05:37:47.917+0000] {processor.py:743} INFO - Processing file /opt/airflow/dags/create_dag_with_python_operator.py for tasks to queue
[2023-02-01T05:37:47.923+0000] {logging_mixin.py:137} INFO - [2023-02-01T05:37:47.923+0000] {dagbag.py:538} INFO - Filling up the DagBag from /opt/airflow/dags/create_dag_with_python_operator.py
[2023-02-01T05:37:48.047+0000] {processor.py:753} INFO - DAG(s) dict_keys(['our_dag_with_python_operator_v07']) retrieved from /opt/airflow/dags/create_dag_with_python_operator.py
[2023-02-01T05:37:48.183+0000] {logging_mixin.py:137} INFO - [2023-02-01T05:37:48.183+0000] {dag.py:2690} INFO - Sync 1 DAGs
[2023-02-01T05:37:48.250+0000] {logging_mixin.py:137} INFO - [2023-02-01T05:37:48.249+0000] {dag.py:3441} INFO - Setting next_dagrun for our_dag_with_python_operator_v07 to 2021-10-06T00:00:00+00:00, run_after=2021-10-07T00:00:00+00:00
[2023-02-01T05:37:48.320+0000] {processor.py:175} INFO - Processing /opt/airflow/dags/create_dag_with_python_operator.py took 0.452 seconds
[2023-02-01T05:38:18.917+0000] {processor.py:153} INFO - Started process (PID=1147) to work on /opt/airflow/dags/create_dag_with_python_operator.py
[2023-02-01T05:38:18.923+0000] {processor.py:743} INFO - Processing file /opt/airflow/dags/create_dag_with_python_operator.py for tasks to queue
[2023-02-01T05:38:18.937+0000] {logging_mixin.py:137} INFO - [2023-02-01T05:38:18.935+0000] {dagbag.py:538} INFO - Filling up the DagBag from /opt/airflow/dags/create_dag_with_python_operator.py
[2023-02-01T05:38:19.030+0000] {processor.py:753} INFO - DAG(s) dict_keys(['our_dag_with_python_operator_v07']) retrieved from /opt/airflow/dags/create_dag_with_python_operator.py
[2023-02-01T05:38:19.110+0000] {logging_mixin.py:137} INFO - [2023-02-01T05:38:19.110+0000] {dag.py:2690} INFO - Sync 1 DAGs
[2023-02-01T05:38:19.155+0000] {logging_mixin.py:137} INFO - [2023-02-01T05:38:19.155+0000] {dag.py:3441} INFO - Setting next_dagrun for our_dag_with_python_operator_v07 to 2021-10-06T00:00:00+00:00, run_after=2021-10-07T00:00:00+00:00
[2023-02-01T05:38:19.183+0000] {processor.py:175} INFO - Processing /opt/airflow/dags/create_dag_with_python_operator.py took 0.278 seconds
[2023-02-01T05:38:50.206+0000] {processor.py:153} INFO - Started process (PID=1214) to work on /opt/airflow/dags/create_dag_with_python_operator.py
[2023-02-01T05:38:50.210+0000] {processor.py:743} INFO - Processing file /opt/airflow/dags/create_dag_with_python_operator.py for tasks to queue
[2023-02-01T05:38:50.212+0000] {logging_mixin.py:137} INFO - [2023-02-01T05:38:50.212+0000] {dagbag.py:538} INFO - Filling up the DagBag from /opt/airflow/dags/create_dag_with_python_operator.py
[2023-02-01T05:38:50.278+0000] {processor.py:753} INFO - DAG(s) dict_keys(['our_dag_with_python_operator_v07']) retrieved from /opt/airflow/dags/create_dag_with_python_operator.py
[2023-02-01T05:38:50.363+0000] {logging_mixin.py:137} INFO - [2023-02-01T05:38:50.363+0000] {dag.py:2690} INFO - Sync 1 DAGs
[2023-02-01T05:38:50.403+0000] {logging_mixin.py:137} INFO - [2023-02-01T05:38:50.403+0000] {dag.py:3441} INFO - Setting next_dagrun for our_dag_with_python_operator_v07 to 2021-10-06T00:00:00+00:00, run_after=2021-10-07T00:00:00+00:00
[2023-02-01T05:38:50.432+0000] {processor.py:175} INFO - Processing /opt/airflow/dags/create_dag_with_python_operator.py took 0.240 seconds
[2023-02-01T05:39:21.908+0000] {processor.py:153} INFO - Started process (PID=1282) to work on /opt/airflow/dags/create_dag_with_python_operator.py
[2023-02-01T05:39:21.953+0000] {processor.py:743} INFO - Processing file /opt/airflow/dags/create_dag_with_python_operator.py for tasks to queue
[2023-02-01T05:39:21.992+0000] {logging_mixin.py:137} INFO - [2023-02-01T05:39:21.964+0000] {dagbag.py:538} INFO - Filling up the DagBag from /opt/airflow/dags/create_dag_with_python_operator.py
[2023-02-01T05:39:22.254+0000] {processor.py:753} INFO - DAG(s) dict_keys(['our_dag_with_python_operator_v07']) retrieved from /opt/airflow/dags/create_dag_with_python_operator.py
[2023-02-01T05:39:23.553+0000] {logging_mixin.py:137} INFO - [2023-02-01T05:39:23.520+0000] {dag.py:2690} INFO - Sync 1 DAGs
[2023-02-01T05:39:24.471+0000] {logging_mixin.py:137} INFO - [2023-02-01T05:39:24.464+0000] {dag.py:3441} INFO - Setting next_dagrun for our_dag_with_python_operator_v07 to 2021-10-06T00:00:00+00:00, run_after=2021-10-07T00:00:00+00:00
[2023-02-01T05:39:25.606+0000] {processor.py:175} INFO - Processing /opt/airflow/dags/create_dag_with_python_operator.py took 3.766 seconds
[2023-02-01T05:39:59.266+0000] {processor.py:153} INFO - Started process (PID=1352) to work on /opt/airflow/dags/create_dag_with_python_operator.py
[2023-02-01T05:39:59.276+0000] {processor.py:743} INFO - Processing file /opt/airflow/dags/create_dag_with_python_operator.py for tasks to queue
[2023-02-01T05:39:59.308+0000] {logging_mixin.py:137} INFO - [2023-02-01T05:39:59.307+0000] {dagbag.py:538} INFO - Filling up the DagBag from /opt/airflow/dags/create_dag_with_python_operator.py
[2023-02-01T05:39:59.462+0000] {processor.py:753} INFO - DAG(s) dict_keys(['our_dag_with_python_operator_v07']) retrieved from /opt/airflow/dags/create_dag_with_python_operator.py
[2023-02-01T05:39:59.844+0000] {logging_mixin.py:137} INFO - [2023-02-01T05:39:59.844+0000] {dag.py:2690} INFO - Sync 1 DAGs
[2023-02-01T05:39:59.950+0000] {logging_mixin.py:137} INFO - [2023-02-01T05:39:59.950+0000] {dag.py:3441} INFO - Setting next_dagrun for our_dag_with_python_operator_v07 to 2021-10-06T00:00:00+00:00, run_after=2021-10-07T00:00:00+00:00
[2023-02-01T05:40:00.082+0000] {processor.py:175} INFO - Processing /opt/airflow/dags/create_dag_with_python_operator.py took 0.835 seconds
[2023-02-01T05:40:30.567+0000] {processor.py:153} INFO - Started process (PID=1421) to work on /opt/airflow/dags/create_dag_with_python_operator.py
[2023-02-01T05:40:30.572+0000] {processor.py:743} INFO - Processing file /opt/airflow/dags/create_dag_with_python_operator.py for tasks to queue
[2023-02-01T05:40:30.575+0000] {logging_mixin.py:137} INFO - [2023-02-01T05:40:30.575+0000] {dagbag.py:538} INFO - Filling up the DagBag from /opt/airflow/dags/create_dag_with_python_operator.py
[2023-02-01T05:40:30.676+0000] {processor.py:753} INFO - DAG(s) dict_keys(['our_dag_with_python_operator_v07']) retrieved from /opt/airflow/dags/create_dag_with_python_operator.py
[2023-02-01T05:40:30.795+0000] {logging_mixin.py:137} INFO - [2023-02-01T05:40:30.794+0000] {dag.py:2690} INFO - Sync 1 DAGs
[2023-02-01T05:40:30.970+0000] {logging_mixin.py:137} INFO - [2023-02-01T05:40:30.969+0000] {dag.py:3441} INFO - Setting next_dagrun for our_dag_with_python_operator_v07 to 2021-10-06T00:00:00+00:00, run_after=2021-10-07T00:00:00+00:00
[2023-02-01T05:40:31.062+0000] {processor.py:175} INFO - Processing /opt/airflow/dags/create_dag_with_python_operator.py took 0.506 seconds
[2023-02-01T05:41:01.350+0000] {processor.py:153} INFO - Started process (PID=1489) to work on /opt/airflow/dags/create_dag_with_python_operator.py
[2023-02-01T05:41:01.354+0000] {processor.py:743} INFO - Processing file /opt/airflow/dags/create_dag_with_python_operator.py for tasks to queue
[2023-02-01T05:41:01.357+0000] {logging_mixin.py:137} INFO - [2023-02-01T05:41:01.357+0000] {dagbag.py:538} INFO - Filling up the DagBag from /opt/airflow/dags/create_dag_with_python_operator.py
[2023-02-01T05:41:01.451+0000] {processor.py:753} INFO - DAG(s) dict_keys(['our_dag_with_python_operator_v07']) retrieved from /opt/airflow/dags/create_dag_with_python_operator.py
[2023-02-01T05:41:01.567+0000] {logging_mixin.py:137} INFO - [2023-02-01T05:41:01.566+0000] {dag.py:2690} INFO - Sync 1 DAGs
[2023-02-01T05:41:01.637+0000] {logging_mixin.py:137} INFO - [2023-02-01T05:41:01.636+0000] {dag.py:3441} INFO - Setting next_dagrun for our_dag_with_python_operator_v07 to 2021-10-06T00:00:00+00:00, run_after=2021-10-07T00:00:00+00:00
[2023-02-01T05:41:01.711+0000] {processor.py:175} INFO - Processing /opt/airflow/dags/create_dag_with_python_operator.py took 0.370 seconds
[2023-02-01T05:41:31.900+0000] {processor.py:153} INFO - Started process (PID=1551) to work on /opt/airflow/dags/create_dag_with_python_operator.py
[2023-02-01T05:41:31.907+0000] {processor.py:743} INFO - Processing file /opt/airflow/dags/create_dag_with_python_operator.py for tasks to queue
[2023-02-01T05:41:31.926+0000] {logging_mixin.py:137} INFO - [2023-02-01T05:41:31.925+0000] {dagbag.py:538} INFO - Filling up the DagBag from /opt/airflow/dags/create_dag_with_python_operator.py
[2023-02-01T05:41:32.150+0000] {processor.py:753} INFO - DAG(s) dict_keys(['our_dag_with_python_operator_v07']) retrieved from /opt/airflow/dags/create_dag_with_python_operator.py
[2023-02-01T05:41:32.424+0000] {logging_mixin.py:137} INFO - [2023-02-01T05:41:32.424+0000] {dag.py:2690} INFO - Sync 1 DAGs
[2023-02-01T05:41:32.637+0000] {logging_mixin.py:137} INFO - [2023-02-01T05:41:32.636+0000] {dag.py:3441} INFO - Setting next_dagrun for our_dag_with_python_operator_v07 to 2021-10-06T00:00:00+00:00, run_after=2021-10-07T00:00:00+00:00
[2023-02-01T05:41:32.898+0000] {processor.py:175} INFO - Processing /opt/airflow/dags/create_dag_with_python_operator.py took 1.014 seconds
[2023-02-01T05:42:03.680+0000] {processor.py:153} INFO - Started process (PID=1618) to work on /opt/airflow/dags/create_dag_with_python_operator.py
[2023-02-01T05:42:03.684+0000] {processor.py:743} INFO - Processing file /opt/airflow/dags/create_dag_with_python_operator.py for tasks to queue
[2023-02-01T05:42:03.686+0000] {logging_mixin.py:137} INFO - [2023-02-01T05:42:03.686+0000] {dagbag.py:538} INFO - Filling up the DagBag from /opt/airflow/dags/create_dag_with_python_operator.py
[2023-02-01T05:42:03.758+0000] {processor.py:753} INFO - DAG(s) dict_keys(['our_dag_with_python_operator_v07']) retrieved from /opt/airflow/dags/create_dag_with_python_operator.py
[2023-02-01T05:42:03.877+0000] {logging_mixin.py:137} INFO - [2023-02-01T05:42:03.877+0000] {dag.py:2690} INFO - Sync 1 DAGs
[2023-02-01T05:42:03.976+0000] {logging_mixin.py:137} INFO - [2023-02-01T05:42:03.976+0000] {dag.py:3441} INFO - Setting next_dagrun for our_dag_with_python_operator_v07 to 2021-10-06T00:00:00+00:00, run_after=2021-10-07T00:00:00+00:00
[2023-02-01T05:42:04.059+0000] {processor.py:175} INFO - Processing /opt/airflow/dags/create_dag_with_python_operator.py took 0.389 seconds
[2023-02-01T05:42:35.164+0000] {processor.py:153} INFO - Started process (PID=1691) to work on /opt/airflow/dags/create_dag_with_python_operator.py
[2023-02-01T05:42:35.171+0000] {processor.py:743} INFO - Processing file /opt/airflow/dags/create_dag_with_python_operator.py for tasks to queue
[2023-02-01T05:42:35.180+0000] {logging_mixin.py:137} INFO - [2023-02-01T05:42:35.179+0000] {dagbag.py:538} INFO - Filling up the DagBag from /opt/airflow/dags/create_dag_with_python_operator.py
[2023-02-01T05:42:35.318+0000] {processor.py:753} INFO - DAG(s) dict_keys(['our_dag_with_python_operator_v07']) retrieved from /opt/airflow/dags/create_dag_with_python_operator.py
[2023-02-01T05:42:35.401+0000] {logging_mixin.py:137} INFO - [2023-02-01T05:42:35.401+0000] {dag.py:2690} INFO - Sync 1 DAGs
[2023-02-01T05:42:35.508+0000] {logging_mixin.py:137} INFO - [2023-02-01T05:42:35.507+0000] {dag.py:3441} INFO - Setting next_dagrun for our_dag_with_python_operator_v07 to 2021-10-06T00:00:00+00:00, run_after=2021-10-07T00:00:00+00:00
[2023-02-01T05:42:35.574+0000] {processor.py:175} INFO - Processing /opt/airflow/dags/create_dag_with_python_operator.py took 0.428 seconds
[2023-02-01T05:43:06.080+0000] {processor.py:153} INFO - Started process (PID=1760) to work on /opt/airflow/dags/create_dag_with_python_operator.py
[2023-02-01T05:43:06.107+0000] {processor.py:743} INFO - Processing file /opt/airflow/dags/create_dag_with_python_operator.py for tasks to queue
[2023-02-01T05:43:06.116+0000] {logging_mixin.py:137} INFO - [2023-02-01T05:43:06.115+0000] {dagbag.py:538} INFO - Filling up the DagBag from /opt/airflow/dags/create_dag_with_python_operator.py
[2023-02-01T05:43:06.449+0000] {processor.py:753} INFO - DAG(s) dict_keys(['our_dag_with_python_operator_v07']) retrieved from /opt/airflow/dags/create_dag_with_python_operator.py
[2023-02-01T05:43:06.652+0000] {logging_mixin.py:137} INFO - [2023-02-01T05:43:06.651+0000] {dag.py:2690} INFO - Sync 1 DAGs
[2023-02-01T05:43:06.784+0000] {logging_mixin.py:137} INFO - [2023-02-01T05:43:06.784+0000] {dag.py:3441} INFO - Setting next_dagrun for our_dag_with_python_operator_v07 to 2021-10-06T00:00:00+00:00, run_after=2021-10-07T00:00:00+00:00
[2023-02-01T05:43:06.837+0000] {processor.py:175} INFO - Processing /opt/airflow/dags/create_dag_with_python_operator.py took 0.801 seconds
