[2023-02-02T05:14:43.593+0000] {taskinstance.py:1083} INFO - Dependencies all met for <TaskInstance: our_first_dag_v4.first_task scheduled__2021-12-12T00:00:00+00:00 [queued]>
[2023-02-02T05:14:43.747+0000] {taskinstance.py:1083} INFO - Dependencies all met for <TaskInstance: our_first_dag_v4.first_task scheduled__2021-12-12T00:00:00+00:00 [queued]>
[2023-02-02T05:14:43.754+0000] {taskinstance.py:1279} INFO - 
--------------------------------------------------------------------------------
[2023-02-02T05:14:43.756+0000] {taskinstance.py:1280} INFO - Starting attempt 1 of 6
[2023-02-02T05:14:43.762+0000] {taskinstance.py:1281} INFO - 
--------------------------------------------------------------------------------
[2023-02-02T05:14:43.842+0000] {taskinstance.py:1300} INFO - Executing <Task(BashOperator): first_task> on 2021-12-12 00:00:00+00:00
[2023-02-02T05:14:43.860+0000] {standard_task_runner.py:55} INFO - Started process 4001 to run task
[2023-02-02T05:14:44.034+0000] {standard_task_runner.py:82} INFO - Running: ['***', 'tasks', 'run', 'our_first_dag_v4', 'first_task', 'scheduled__2021-12-12T00:00:00+00:00', '--job-id', '413', '--raw', '--subdir', 'DAGS_FOLDER/our_first_dag.py', '--cfg-path', '/tmp/tmphd60pddh']
[2023-02-02T05:14:44.074+0000] {standard_task_runner.py:83} INFO - Job 413: Subtask first_task
[2023-02-02T05:14:44.660+0000] {task_command.py:388} INFO - Running <TaskInstance: our_first_dag_v4.first_task scheduled__2021-12-12T00:00:00+00:00 [running]> on host 178c757a8fee
[2023-02-02T05:14:45.387+0000] {taskinstance.py:1509} INFO - Exporting the following env vars:
AIRFLOW_CTX_DAG_OWNER=archana
AIRFLOW_CTX_DAG_ID=our_first_dag_v4
AIRFLOW_CTX_TASK_ID=first_task
AIRFLOW_CTX_EXECUTION_DATE=2021-12-12T00:00:00+00:00
AIRFLOW_CTX_TRY_NUMBER=1
AIRFLOW_CTX_DAG_RUN_ID=scheduled__2021-12-12T00:00:00+00:00
[2023-02-02T05:14:45.398+0000] {subprocess.py:63} INFO - Tmp dir root location: 
 /tmp
[2023-02-02T05:14:45.413+0000] {subprocess.py:75} INFO - Running command: ['/bin/bash', '-c', 'echo hello world, this is the first task!']
[2023-02-02T05:14:45.618+0000] {subprocess.py:86} INFO - Output:
[2023-02-02T05:14:45.699+0000] {subprocess.py:93} INFO - hello world, this is the first task!
[2023-02-02T05:14:45.701+0000] {subprocess.py:97} INFO - Command exited with return code 0
[2023-02-02T05:14:45.802+0000] {taskinstance.py:1323} INFO - Marking task as SUCCESS. dag_id=our_first_dag_v4, task_id=first_task, execution_date=20211212T000000, start_date=20230202T051443, end_date=20230202T051445
[2023-02-02T05:14:46.126+0000] {local_task_job.py:208} INFO - Task exited with return code 0
[2023-02-02T05:14:46.737+0000] {taskinstance.py:2578} INFO - 2 downstream tasks scheduled from follow-on schedule check
