[2023-02-03T04:40:08.122+0000] {taskinstance.py:1077} INFO - Dependencies not met for <TaskInstance: dag_with_catchup_backfill_v1.task1 scheduled__2023-01-28T00:00:00+00:00 [up_for_retry]>, dependency 'Not In Retry Period' FAILED: Task is not ready for retry yet but will be retried automatically. Current date is 2023-02-03T04:40:08.073569+00:00 and task will be retried at 2023-02-03T04:44:24.582491+00:00.
[2023-02-03T04:40:09.119+0000] {local_task_job.py:147} INFO - Task is not able to be run
[2023-02-03T04:44:25.642+0000] {taskinstance.py:1083} INFO - Dependencies all met for <TaskInstance: dag_with_catchup_backfill_v1.task1 scheduled__2023-01-28T00:00:00+00:00 [queued]>
[2023-02-03T04:44:25.661+0000] {taskinstance.py:1083} INFO - Dependencies all met for <TaskInstance: dag_with_catchup_backfill_v1.task1 scheduled__2023-01-28T00:00:00+00:00 [queued]>
[2023-02-03T04:44:25.662+0000] {taskinstance.py:1279} INFO - 
--------------------------------------------------------------------------------
[2023-02-03T04:44:25.664+0000] {taskinstance.py:1280} INFO - Starting attempt 2 of 6
[2023-02-03T04:44:25.664+0000] {taskinstance.py:1281} INFO - 
--------------------------------------------------------------------------------
[2023-02-03T04:44:25.698+0000] {taskinstance.py:1300} INFO - Executing <Task(BashOperator): task1> on 2023-01-28 00:00:00+00:00
[2023-02-03T04:44:25.707+0000] {standard_task_runner.py:55} INFO - Started process 351 to run task
[2023-02-03T04:44:25.725+0000] {standard_task_runner.py:82} INFO - Running: ['***', 'tasks', 'run', 'dag_with_catchup_backfill_v1', 'task1', 'scheduled__2023-01-28T00:00:00+00:00', '--job-id', '1361', '--raw', '--subdir', 'DAGS_FOLDER/dag_with_catchup_and_backfill.py', '--cfg-path', '/tmp/tmp28g_us78']
[2023-02-03T04:44:25.727+0000] {standard_task_runner.py:83} INFO - Job 1361: Subtask task1
[2023-02-03T04:44:26.070+0000] {task_command.py:388} INFO - Running <TaskInstance: dag_with_catchup_backfill_v1.task1 scheduled__2023-01-28T00:00:00+00:00 [running]> on host 178c757a8fee
[2023-02-03T04:44:26.297+0000] {taskinstance.py:1509} INFO - Exporting the following env vars:
AIRFLOW_CTX_DAG_OWNER=archana
AIRFLOW_CTX_DAG_ID=dag_with_catchup_backfill_v1
AIRFLOW_CTX_TASK_ID=task1
AIRFLOW_CTX_EXECUTION_DATE=2023-01-28T00:00:00+00:00
AIRFLOW_CTX_TRY_NUMBER=2
AIRFLOW_CTX_DAG_RUN_ID=scheduled__2023-01-28T00:00:00+00:00
[2023-02-03T04:44:26.302+0000] {subprocess.py:63} INFO - Tmp dir root location: 
 /tmp
[2023-02-03T04:44:26.305+0000] {subprocess.py:75} INFO - Running command: ['/bin/bash', '-c', 'echo This is a simple Bash Command!']
[2023-02-03T04:44:26.321+0000] {subprocess.py:86} INFO - Output:
[2023-02-03T04:44:26.324+0000] {subprocess.py:93} INFO - This is a simple Bash Command!
[2023-02-03T04:44:26.326+0000] {subprocess.py:97} INFO - Command exited with return code 0
[2023-02-03T04:44:26.387+0000] {taskinstance.py:1323} INFO - Marking task as SUCCESS. dag_id=dag_with_catchup_backfill_v1, task_id=task1, execution_date=20230128T000000, start_date=20230203T044425, end_date=20230203T044426
[2023-02-03T04:44:26.447+0000] {local_task_job.py:208} INFO - Task exited with return code 0
[2023-02-03T04:44:26.474+0000] {taskinstance.py:2578} INFO - 0 downstream tasks scheduled from follow-on schedule check
