[2023-02-02T14:26:15.890+0000] {taskinstance.py:1083} INFO - Dependencies all met for <TaskInstance: dag_with_catchup_backfill_v1.task1 scheduled__2023-01-20T00:00:00+00:00 [queued]>
[2023-02-02T14:26:24.048+0000] {taskinstance.py:1083} INFO - Dependencies all met for <TaskInstance: dag_with_catchup_backfill_v1.task1 scheduled__2023-01-20T00:00:00+00:00 [queued]>
[2023-02-02T14:26:24.233+0000] {taskinstance.py:1279} INFO - 
--------------------------------------------------------------------------------
[2023-02-02T14:26:24.299+0000] {taskinstance.py:1280} INFO - Starting attempt 1 of 6
[2023-02-02T14:26:24.384+0000] {taskinstance.py:1281} INFO - 
--------------------------------------------------------------------------------
[2023-02-02T14:26:41.776+0000] {taskinstance.py:1300} INFO - Executing <Task(BashOperator): task1> on 2023-01-20 00:00:00+00:00
[2023-02-02T14:26:43.549+0000] {standard_task_runner.py:55} INFO - Started process 15649 to run task
[2023-02-02T14:26:47.258+0000] {standard_task_runner.py:82} INFO - Running: ['***', 'tasks', 'run', 'dag_with_catchup_backfill_v1', 'task1', 'scheduled__2023-01-20T00:00:00+00:00', '--job-id', '1329', '--raw', '--subdir', 'DAGS_FOLDER/dag_with_catchup_and_backfill.py', '--cfg-path', '/tmp/tmpzr6re6co']
[2023-02-02T14:26:48.303+0000] {standard_task_runner.py:83} INFO - Job 1329: Subtask task1
[2023-02-02T14:27:30.381+0000] {task_command.py:388} INFO - Running <TaskInstance: dag_with_catchup_backfill_v1.task1 scheduled__2023-01-20T00:00:00+00:00 [running]> on host 178c757a8fee
[2023-02-02T14:28:54.056+0000] {taskinstance.py:1509} INFO - Exporting the following env vars:
AIRFLOW_CTX_DAG_OWNER=archana
AIRFLOW_CTX_DAG_ID=dag_with_catchup_backfill_v1
AIRFLOW_CTX_TASK_ID=task1
AIRFLOW_CTX_EXECUTION_DATE=2023-01-20T00:00:00+00:00
AIRFLOW_CTX_TRY_NUMBER=1
AIRFLOW_CTX_DAG_RUN_ID=scheduled__2023-01-20T00:00:00+00:00
[2023-02-02T14:28:55.836+0000] {subprocess.py:63} INFO - Tmp dir root location: 
 /tmp
[2023-02-02T14:28:58.710+0000] {subprocess.py:75} INFO - Running command: ['/bin/bash', '-c', 'echo This is a simple Bash Command!']
[2023-02-02T14:29:06.545+0000] {subprocess.py:86} INFO - Output:
[2023-02-02T14:29:07.698+0000] {subprocess.py:93} INFO - This is a simple Bash Command!
[2023-02-02T14:29:07.803+0000] {subprocess.py:97} INFO - Command exited with return code 0
[2023-02-02T14:29:32.444+0000] {taskinstance.py:1323} INFO - Marking task as SUCCESS. dag_id=dag_with_catchup_backfill_v1, task_id=task1, execution_date=20230120T000000, start_date=20230202T142617, end_date=20230202T142932
[2023-02-02T14:29:57.317+0000] {local_task_job.py:208} INFO - Task exited with return code 0
[2023-02-02T14:30:11.656+0000] {taskinstance.py:2578} INFO - 0 downstream tasks scheduled from follow-on schedule check
