[2023-02-02T09:18:06.152+0000] {taskinstance.py:1083} INFO - Dependencies all met for <TaskInstance: our_first_dag_v3.second_task scheduled__2021-08-08T00:00:00+00:00 [queued]>
[2023-02-02T09:18:06.425+0000] {taskinstance.py:1083} INFO - Dependencies all met for <TaskInstance: our_first_dag_v3.second_task scheduled__2021-08-08T00:00:00+00:00 [queued]>
[2023-02-02T09:18:06.430+0000] {taskinstance.py:1279} INFO - 
--------------------------------------------------------------------------------
[2023-02-02T09:18:06.431+0000] {taskinstance.py:1280} INFO - Starting attempt 1 of 6
[2023-02-02T09:18:06.432+0000] {taskinstance.py:1281} INFO - 
--------------------------------------------------------------------------------
[2023-02-02T09:18:06.771+0000] {taskinstance.py:1300} INFO - Executing <Task(BashOperator): second_task> on 2021-08-08 00:00:00+00:00
[2023-02-02T09:18:06.882+0000] {standard_task_runner.py:55} INFO - Started process 2553 to run task
[2023-02-02T09:18:07.101+0000] {standard_task_runner.py:82} INFO - Running: ['***', 'tasks', 'run', 'our_first_dag_v3', 'second_task', 'scheduled__2021-08-08T00:00:00+00:00', '--job-id', '773', '--raw', '--subdir', 'DAGS_FOLDER/third_dag.py', '--cfg-path', '/tmp/tmp_jdny09_']
[2023-02-02T09:18:07.141+0000] {standard_task_runner.py:83} INFO - Job 773: Subtask second_task
[2023-02-02T09:18:11.792+0000] {task_command.py:388} INFO - Running <TaskInstance: our_first_dag_v3.second_task scheduled__2021-08-08T00:00:00+00:00 [running]> on host 178c757a8fee
[2023-02-02T09:18:23.508+0000] {taskinstance.py:1509} INFO - Exporting the following env vars:
AIRFLOW_CTX_DAG_OWNER=archana
AIRFLOW_CTX_DAG_ID=our_first_dag_v3
AIRFLOW_CTX_TASK_ID=second_task
AIRFLOW_CTX_EXECUTION_DATE=2021-08-08T00:00:00+00:00
AIRFLOW_CTX_TRY_NUMBER=1
AIRFLOW_CTX_DAG_RUN_ID=scheduled__2021-08-08T00:00:00+00:00
[2023-02-02T09:18:23.648+0000] {subprocess.py:63} INFO - Tmp dir root location: 
 /tmp
[2023-02-02T09:18:23.679+0000] {subprocess.py:75} INFO - Running command: ['/bin/bash', '-c', 'echo hey, I am task2 and will be running after the task1']
[2023-02-02T09:18:24.249+0000] {subprocess.py:86} INFO - Output:
[2023-02-02T09:18:24.440+0000] {subprocess.py:93} INFO - hey, I am task2 and will be running after the task1
[2023-02-02T09:18:24.498+0000] {subprocess.py:97} INFO - Command exited with return code 0
[2023-02-02T09:18:25.485+0000] {taskinstance.py:1323} INFO - Marking task as SUCCESS. dag_id=our_first_dag_v3, task_id=second_task, execution_date=20210808T000000, start_date=20230202T091806, end_date=20230202T091825
[2023-02-02T09:18:27.486+0000] {local_task_job.py:208} INFO - Task exited with return code 0
[2023-02-02T09:18:29.221+0000] {taskinstance.py:2578} INFO - 0 downstream tasks scheduled from follow-on schedule check
