[2023-02-02T05:09:55.868+0000] {taskinstance.py:1083} INFO - Dependencies all met for <TaskInstance: our_first_dag_v4.second_task scheduled__2021-08-11T00:00:00+00:00 [queued]>
[2023-02-02T05:09:55.962+0000] {taskinstance.py:1083} INFO - Dependencies all met for <TaskInstance: our_first_dag_v4.second_task scheduled__2021-08-11T00:00:00+00:00 [queued]>
[2023-02-02T05:09:55.964+0000] {taskinstance.py:1279} INFO - 
--------------------------------------------------------------------------------
[2023-02-02T05:09:55.970+0000] {taskinstance.py:1280} INFO - Starting attempt 1 of 6
[2023-02-02T05:09:55.972+0000] {taskinstance.py:1281} INFO - 
--------------------------------------------------------------------------------
[2023-02-02T05:09:56.177+0000] {taskinstance.py:1300} INFO - Executing <Task(BashOperator): second_task> on 2021-08-11 00:00:00+00:00
[2023-02-02T05:09:56.227+0000] {standard_task_runner.py:55} INFO - Started process 2790 to run task
[2023-02-02T05:09:56.280+0000] {standard_task_runner.py:82} INFO - Running: ['***', 'tasks', 'run', 'our_first_dag_v4', 'second_task', 'scheduled__2021-08-11T00:00:00+00:00', '--job-id', '57', '--raw', '--subdir', 'DAGS_FOLDER/our_first_dag.py', '--cfg-path', '/tmp/tmpkcz64p4s']
[2023-02-02T05:09:56.284+0000] {standard_task_runner.py:83} INFO - Job 57: Subtask second_task
[2023-02-02T05:09:56.952+0000] {task_command.py:388} INFO - Running <TaskInstance: our_first_dag_v4.second_task scheduled__2021-08-11T00:00:00+00:00 [running]> on host 178c757a8fee
[2023-02-02T05:09:57.748+0000] {taskinstance.py:1509} INFO - Exporting the following env vars:
AIRFLOW_CTX_DAG_OWNER=archana
AIRFLOW_CTX_DAG_ID=our_first_dag_v4
AIRFLOW_CTX_TASK_ID=second_task
AIRFLOW_CTX_EXECUTION_DATE=2021-08-11T00:00:00+00:00
AIRFLOW_CTX_TRY_NUMBER=1
AIRFLOW_CTX_DAG_RUN_ID=scheduled__2021-08-11T00:00:00+00:00
[2023-02-02T05:09:57.758+0000] {subprocess.py:63} INFO - Tmp dir root location: 
 /tmp
[2023-02-02T05:09:57.760+0000] {subprocess.py:75} INFO - Running command: ['/bin/bash', '-c', 'echo hey, I am task2 and will be running after the task1']
[2023-02-02T05:09:57.920+0000] {subprocess.py:86} INFO - Output:
[2023-02-02T05:09:57.930+0000] {subprocess.py:93} INFO - hey, I am task2 and will be running after the task1
[2023-02-02T05:09:57.981+0000] {subprocess.py:97} INFO - Command exited with return code 0
[2023-02-02T05:09:58.277+0000] {taskinstance.py:1323} INFO - Marking task as SUCCESS. dag_id=our_first_dag_v4, task_id=second_task, execution_date=20210811T000000, start_date=20230202T050955, end_date=20230202T050958
[2023-02-02T05:09:58.690+0000] {local_task_job.py:208} INFO - Task exited with return code 0
[2023-02-02T05:09:58.994+0000] {taskinstance.py:2578} INFO - 0 downstream tasks scheduled from follow-on schedule check
