[2023-02-02T09:21:44.692+0000] {taskinstance.py:1083} INFO - Dependencies all met for <TaskInstance: our_first_dag_v2.first_task scheduled__2021-08-28T00:00:00+00:00 [queued]>
[2023-02-02T09:21:44.920+0000] {taskinstance.py:1083} INFO - Dependencies all met for <TaskInstance: our_first_dag_v2.first_task scheduled__2021-08-28T00:00:00+00:00 [queued]>
[2023-02-02T09:21:44.929+0000] {taskinstance.py:1279} INFO - 
--------------------------------------------------------------------------------
[2023-02-02T09:21:44.933+0000] {taskinstance.py:1280} INFO - Starting attempt 1 of 6
[2023-02-02T09:21:44.935+0000] {taskinstance.py:1281} INFO - 
--------------------------------------------------------------------------------
[2023-02-02T09:21:45.186+0000] {taskinstance.py:1300} INFO - Executing <Task(BashOperator): first_task> on 2021-08-28 00:00:00+00:00
[2023-02-02T09:21:45.357+0000] {standard_task_runner.py:55} INFO - Started process 2921 to run task
[2023-02-02T09:21:45.663+0000] {standard_task_runner.py:82} INFO - Running: ['***', 'tasks', 'run', 'our_first_dag_v2', 'first_task', 'scheduled__2021-08-28T00:00:00+00:00', '--job-id', '859', '--raw', '--subdir', 'DAGS_FOLDER/second_dag.py', '--cfg-path', '/tmp/tmpy1ogif0x']
[2023-02-02T09:21:45.671+0000] {standard_task_runner.py:83} INFO - Job 859: Subtask first_task
[2023-02-02T09:21:48.920+0000] {task_command.py:388} INFO - Running <TaskInstance: our_first_dag_v2.first_task scheduled__2021-08-28T00:00:00+00:00 [running]> on host 178c757a8fee
[2023-02-02T09:21:52.039+0000] {taskinstance.py:1509} INFO - Exporting the following env vars:
AIRFLOW_CTX_DAG_OWNER=archana
AIRFLOW_CTX_DAG_ID=our_first_dag_v2
AIRFLOW_CTX_TASK_ID=first_task
AIRFLOW_CTX_EXECUTION_DATE=2021-08-28T00:00:00+00:00
AIRFLOW_CTX_TRY_NUMBER=1
AIRFLOW_CTX_DAG_RUN_ID=scheduled__2021-08-28T00:00:00+00:00
[2023-02-02T09:21:52.183+0000] {subprocess.py:63} INFO - Tmp dir root location: 
 /tmp
[2023-02-02T09:21:52.271+0000] {subprocess.py:75} INFO - Running command: ['/bin/bash', '-c', 'echo hello world, this is the first task!']
[2023-02-02T09:21:52.979+0000] {subprocess.py:86} INFO - Output:
[2023-02-02T09:21:53.063+0000] {subprocess.py:93} INFO - hello world, this is the first task!
[2023-02-02T09:21:53.069+0000] {subprocess.py:97} INFO - Command exited with return code 0
[2023-02-02T09:21:55.367+0000] {taskinstance.py:1323} INFO - Marking task as SUCCESS. dag_id=our_first_dag_v2, task_id=first_task, execution_date=20210828T000000, start_date=20230202T092144, end_date=20230202T092155
[2023-02-02T09:21:57.553+0000] {local_task_job.py:208} INFO - Task exited with return code 0
[2023-02-02T09:21:58.136+0000] {taskinstance.py:2578} INFO - 0 downstream tasks scheduled from follow-on schedule check
