[2023-02-02T09:18:51.759+0000] {taskinstance.py:1083} INFO - Dependencies all met for <TaskInstance: our_first_dag_v2.second_task scheduled__2021-08-06T00:00:00+00:00 [queued]>
[2023-02-02T09:18:52.017+0000] {taskinstance.py:1083} INFO - Dependencies all met for <TaskInstance: our_first_dag_v2.second_task scheduled__2021-08-06T00:00:00+00:00 [queued]>
[2023-02-02T09:18:52.030+0000] {taskinstance.py:1279} INFO - 
--------------------------------------------------------------------------------
[2023-02-02T09:18:52.033+0000] {taskinstance.py:1280} INFO - Starting attempt 1 of 6
[2023-02-02T09:18:52.035+0000] {taskinstance.py:1281} INFO - 
--------------------------------------------------------------------------------
[2023-02-02T09:18:53.026+0000] {taskinstance.py:1300} INFO - Executing <Task(BashOperator): second_task> on 2021-08-06 00:00:00+00:00
[2023-02-02T09:18:53.090+0000] {standard_task_runner.py:55} INFO - Started process 2625 to run task
[2023-02-02T09:18:53.823+0000] {standard_task_runner.py:82} INFO - Running: ['***', 'tasks', 'run', 'our_first_dag_v2', 'second_task', 'scheduled__2021-08-06T00:00:00+00:00', '--job-id', '791', '--raw', '--subdir', 'DAGS_FOLDER/second_dag.py', '--cfg-path', '/tmp/tmp_u9gjizk']
[2023-02-02T09:18:53.966+0000] {standard_task_runner.py:83} INFO - Job 791: Subtask second_task
[2023-02-02T09:19:04.075+0000] {task_command.py:388} INFO - Running <TaskInstance: our_first_dag_v2.second_task scheduled__2021-08-06T00:00:00+00:00 [running]> on host 178c757a8fee
[2023-02-02T09:19:10.134+0000] {taskinstance.py:1509} INFO - Exporting the following env vars:
AIRFLOW_CTX_DAG_OWNER=archana
AIRFLOW_CTX_DAG_ID=our_first_dag_v2
AIRFLOW_CTX_TASK_ID=second_task
AIRFLOW_CTX_EXECUTION_DATE=2021-08-06T00:00:00+00:00
AIRFLOW_CTX_TRY_NUMBER=1
AIRFLOW_CTX_DAG_RUN_ID=scheduled__2021-08-06T00:00:00+00:00
[2023-02-02T09:19:10.228+0000] {subprocess.py:63} INFO - Tmp dir root location: 
 /tmp
[2023-02-02T09:19:10.362+0000] {subprocess.py:75} INFO - Running command: ['/bin/bash', '-c', 'echo hey, I am task2 and will be running after the task1']
[2023-02-02T09:19:11.166+0000] {subprocess.py:86} INFO - Output:
[2023-02-02T09:19:11.543+0000] {subprocess.py:93} INFO - hey, I am task2 and will be running after the task1
[2023-02-02T09:19:11.599+0000] {subprocess.py:97} INFO - Command exited with return code 0
[2023-02-02T09:19:12.978+0000] {taskinstance.py:1323} INFO - Marking task as SUCCESS. dag_id=our_first_dag_v2, task_id=second_task, execution_date=20210806T000000, start_date=20230202T091851, end_date=20230202T091912
[2023-02-02T09:19:16.242+0000] {local_task_job.py:208} INFO - Task exited with return code 0
[2023-02-02T09:19:17.837+0000] {taskinstance.py:2578} INFO - 0 downstream tasks scheduled from follow-on schedule check
