[2023-02-03T04:40:08.556+0000] {taskinstance.py:1083} INFO - Dependencies all met for <TaskInstance: dag_with_taskflow_api_v02.get_age scheduled__2023-02-02T00:00:00+00:00 [queued]>
[2023-02-03T04:40:09.911+0000] {taskinstance.py:1083} INFO - Dependencies all met for <TaskInstance: dag_with_taskflow_api_v02.get_age scheduled__2023-02-02T00:00:00+00:00 [queued]>
[2023-02-03T04:40:09.955+0000] {taskinstance.py:1279} INFO - 
--------------------------------------------------------------------------------
[2023-02-03T04:40:10.013+0000] {taskinstance.py:1280} INFO - Starting attempt 1 of 6
[2023-02-03T04:40:10.101+0000] {taskinstance.py:1281} INFO - 
--------------------------------------------------------------------------------
[2023-02-03T04:40:10.769+0000] {taskinstance.py:1300} INFO - Executing <Task(_PythonDecoratedOperator): get_age> on 2023-02-02 00:00:00+00:00
[2023-02-03T04:40:10.835+0000] {standard_task_runner.py:55} INFO - Started process 106 to run task
[2023-02-03T04:40:11.025+0000] {standard_task_runner.py:82} INFO - Running: ['***', 'tasks', 'run', 'dag_with_taskflow_api_v02', 'get_age', 'scheduled__2023-02-02T00:00:00+00:00', '--job-id', '1352', '--raw', '--subdir', 'DAGS_FOLDER/dag_with_taskflow_api2.py', '--cfg-path', '/tmp/tmpt9n8pbdu']
[2023-02-03T04:40:11.048+0000] {standard_task_runner.py:83} INFO - Job 1352: Subtask get_age
[2023-02-03T04:40:11.913+0000] {task_command.py:388} INFO - Running <TaskInstance: dag_with_taskflow_api_v02.get_age scheduled__2023-02-02T00:00:00+00:00 [running]> on host 178c757a8fee
[2023-02-03T04:40:12.812+0000] {taskinstance.py:1509} INFO - Exporting the following env vars:
AIRFLOW_CTX_DAG_OWNER=archana
AIRFLOW_CTX_DAG_ID=dag_with_taskflow_api_v02
AIRFLOW_CTX_TASK_ID=get_age
AIRFLOW_CTX_EXECUTION_DATE=2023-02-02T00:00:00+00:00
AIRFLOW_CTX_TRY_NUMBER=1
AIRFLOW_CTX_DAG_RUN_ID=scheduled__2023-02-02T00:00:00+00:00
[2023-02-03T04:40:12.835+0000] {python.py:177} INFO - Done. Returned value was: 3
[2023-02-03T04:40:13.064+0000] {taskinstance.py:1323} INFO - Marking task as SUCCESS. dag_id=dag_with_taskflow_api_v02, task_id=get_age, execution_date=20230202T000000, start_date=20230203T044009, end_date=20230203T044013
[2023-02-03T04:40:13.390+0000] {local_task_job.py:208} INFO - Task exited with return code 0
[2023-02-03T04:40:13.623+0000] {taskinstance.py:2578} INFO - 1 downstream tasks scheduled from follow-on schedule check
