[2023-02-01T04:19:20.176+0000] {taskinstance.py:1083} INFO - Dependencies all met for <TaskInstance: example_task_group_decorator.task_start scheduled__2023-01-31T04:19:17.367861+00:00 [queued]>
[2023-02-01T04:19:20.192+0000] {taskinstance.py:1083} INFO - Dependencies all met for <TaskInstance: example_task_group_decorator.task_start scheduled__2023-01-31T04:19:17.367861+00:00 [queued]>
[2023-02-01T04:19:20.194+0000] {taskinstance.py:1279} INFO - 
--------------------------------------------------------------------------------
[2023-02-01T04:19:20.196+0000] {taskinstance.py:1280} INFO - Starting attempt 1 of 1
[2023-02-01T04:19:20.198+0000] {taskinstance.py:1281} INFO - 
--------------------------------------------------------------------------------
[2023-02-01T04:19:20.216+0000] {taskinstance.py:1300} INFO - Executing <Task(_PythonDecoratedOperator): task_start> on 2023-01-31 04:19:17.367861+00:00
[2023-02-01T04:19:20.231+0000] {standard_task_runner.py:55} INFO - Started process 541 to run task
[2023-02-01T04:19:20.247+0000] {standard_task_runner.py:82} INFO - Running: ['***', 'tasks', 'run', 'example_task_group_decorator', 'task_start', 'scheduled__2023-01-31T04:19:17.367861+00:00', '--job-id', '8', '--raw', '--subdir', '/home/***/.local/lib/python3.7/site-packages/***/example_dags/example_task_group_decorator.py', '--cfg-path', '/tmp/tmp87y9klim']
[2023-02-01T04:19:20.251+0000] {standard_task_runner.py:83} INFO - Job 8: Subtask task_start
[2023-02-01T04:19:20.347+0000] {task_command.py:388} INFO - Running <TaskInstance: example_task_group_decorator.task_start scheduled__2023-01-31T04:19:17.367861+00:00 [running]> on host 3206a4d67398
[2023-02-01T04:19:20.457+0000] {taskinstance.py:1509} INFO - Exporting the following env vars:
AIRFLOW_CTX_DAG_OWNER=***
AIRFLOW_CTX_DAG_ID=example_task_group_decorator
AIRFLOW_CTX_TASK_ID=task_start
AIRFLOW_CTX_EXECUTION_DATE=2023-01-31T04:19:17.367861+00:00
AIRFLOW_CTX_TRY_NUMBER=1
AIRFLOW_CTX_DAG_RUN_ID=scheduled__2023-01-31T04:19:17.367861+00:00
[2023-02-01T04:19:20.460+0000] {python.py:177} INFO - Done. Returned value was: [Task_start]
[2023-02-01T04:19:20.503+0000] {taskinstance.py:1323} INFO - Marking task as SUCCESS. dag_id=example_task_group_decorator, task_id=task_start, execution_date=20230131T041917, start_date=20230201T041920, end_date=20230201T041920
[2023-02-01T04:19:20.551+0000] {local_task_job.py:208} INFO - Task exited with return code 0
[2023-02-01T04:19:20.600+0000] {taskinstance.py:2578} INFO - 5 downstream tasks scheduled from follow-on schedule check
