[2023-02-02T09:17:11.793+0000] {taskinstance.py:1083} INFO - Dependencies all met for <TaskInstance: our_first_dag_v4.third_task scheduled__2022-02-16T00:00:00+00:00 [queued]>
[2023-02-02T09:17:12.131+0000] {taskinstance.py:1083} INFO - Dependencies all met for <TaskInstance: our_first_dag_v4.third_task scheduled__2022-02-16T00:00:00+00:00 [queued]>
[2023-02-02T09:17:12.147+0000] {taskinstance.py:1279} INFO - 
--------------------------------------------------------------------------------
[2023-02-02T09:17:12.152+0000] {taskinstance.py:1280} INFO - Starting attempt 1 of 6
[2023-02-02T09:17:12.167+0000] {taskinstance.py:1281} INFO - 
--------------------------------------------------------------------------------
[2023-02-02T09:17:12.968+0000] {taskinstance.py:1300} INFO - Executing <Task(BashOperator): third_task> on 2022-02-16 00:00:00+00:00
[2023-02-02T09:17:13.164+0000] {standard_task_runner.py:55} INFO - Started process 2471 to run task
[2023-02-02T09:17:13.958+0000] {standard_task_runner.py:82} INFO - Running: ['***', 'tasks', 'run', 'our_first_dag_v4', 'third_task', 'scheduled__2022-02-16T00:00:00+00:00', '--job-id', '748', '--raw', '--subdir', 'DAGS_FOLDER/forth_dag.py', '--cfg-path', '/tmp/tmp66g1hmkl']
[2023-02-02T09:17:14.174+0000] {standard_task_runner.py:83} INFO - Job 748: Subtask third_task
[2023-02-02T09:17:16.284+0000] {task_command.py:388} INFO - Running <TaskInstance: our_first_dag_v4.third_task scheduled__2022-02-16T00:00:00+00:00 [running]> on host 178c757a8fee
[2023-02-02T09:17:19.650+0000] {taskinstance.py:1509} INFO - Exporting the following env vars:
AIRFLOW_CTX_DAG_OWNER=archana
AIRFLOW_CTX_DAG_ID=our_first_dag_v4
AIRFLOW_CTX_TASK_ID=third_task
AIRFLOW_CTX_EXECUTION_DATE=2022-02-16T00:00:00+00:00
AIRFLOW_CTX_TRY_NUMBER=1
AIRFLOW_CTX_DAG_RUN_ID=scheduled__2022-02-16T00:00:00+00:00
[2023-02-02T09:17:20.345+0000] {subprocess.py:63} INFO - Tmp dir root location: 
 /tmp
[2023-02-02T09:17:20.390+0000] {subprocess.py:75} INFO - Running command: ['/bin/bash', '-c', 'echo hey, I am task3 and will be running after task1 as task2']
[2023-02-02T09:17:21.296+0000] {subprocess.py:86} INFO - Output:
[2023-02-02T09:17:21.789+0000] {subprocess.py:93} INFO - hey, I am task3 and will be running after task1 as task2
[2023-02-02T09:17:21.838+0000] {subprocess.py:97} INFO - Command exited with return code 0
[2023-02-02T09:17:28.489+0000] {taskinstance.py:1323} INFO - Marking task as SUCCESS. dag_id=our_first_dag_v4, task_id=third_task, execution_date=20220216T000000, start_date=20230202T091711, end_date=20230202T091728
[2023-02-02T09:17:31.327+0000] {local_task_job.py:208} INFO - Task exited with return code 0
[2023-02-02T09:17:32.491+0000] {taskinstance.py:2578} INFO - 0 downstream tasks scheduled from follow-on schedule check
