[2023-02-02T09:30:11.000+0000] {taskinstance.py:1083} INFO - Dependencies all met for <TaskInstance: our_first_dag_v3.first_task scheduled__2021-09-18T00:00:00+00:00 [queued]>
[2023-02-02T09:30:15.156+0000] {taskinstance.py:1083} INFO - Dependencies all met for <TaskInstance: our_first_dag_v3.first_task scheduled__2021-09-18T00:00:00+00:00 [queued]>
[2023-02-02T09:30:15.220+0000] {taskinstance.py:1279} INFO - 
--------------------------------------------------------------------------------
[2023-02-02T09:30:15.244+0000] {taskinstance.py:1280} INFO - Starting attempt 1 of 6
[2023-02-02T09:30:15.266+0000] {taskinstance.py:1281} INFO - 
--------------------------------------------------------------------------------
[2023-02-02T09:30:18.145+0000] {taskinstance.py:1300} INFO - Executing <Task(BashOperator): first_task> on 2021-09-18 00:00:00+00:00
[2023-02-02T09:30:18.604+0000] {standard_task_runner.py:55} INFO - Started process 3510 to run task
[2023-02-02T09:30:19.141+0000] {standard_task_runner.py:82} INFO - Running: ['***', 'tasks', 'run', 'our_first_dag_v3', 'first_task', 'scheduled__2021-09-18T00:00:00+00:00', '--job-id', '984', '--raw', '--subdir', 'DAGS_FOLDER/third_dag.py', '--cfg-path', '/tmp/tmp52bpy7l3']
[2023-02-02T09:30:19.194+0000] {standard_task_runner.py:83} INFO - Job 984: Subtask first_task
[2023-02-02T09:30:22.370+0000] {task_command.py:388} INFO - Running <TaskInstance: our_first_dag_v3.first_task scheduled__2021-09-18T00:00:00+00:00 [running]> on host 178c757a8fee
[2023-02-02T09:30:24.783+0000] {taskinstance.py:1509} INFO - Exporting the following env vars:
AIRFLOW_CTX_DAG_OWNER=archana
AIRFLOW_CTX_DAG_ID=our_first_dag_v3
AIRFLOW_CTX_TASK_ID=first_task
AIRFLOW_CTX_EXECUTION_DATE=2021-09-18T00:00:00+00:00
AIRFLOW_CTX_TRY_NUMBER=1
AIRFLOW_CTX_DAG_RUN_ID=scheduled__2021-09-18T00:00:00+00:00
[2023-02-02T09:30:24.868+0000] {subprocess.py:63} INFO - Tmp dir root location: 
 /tmp
[2023-02-02T09:30:24.882+0000] {subprocess.py:75} INFO - Running command: ['/bin/bash', '-c', 'echo hello world, this is the first task!']
[2023-02-02T09:30:25.635+0000] {subprocess.py:86} INFO - Output:
[2023-02-02T09:30:25.752+0000] {subprocess.py:93} INFO - hello world, this is the first task!
[2023-02-02T09:30:25.819+0000] {subprocess.py:97} INFO - Command exited with return code 0
[2023-02-02T09:30:27.132+0000] {taskinstance.py:1323} INFO - Marking task as SUCCESS. dag_id=our_first_dag_v3, task_id=first_task, execution_date=20210918T000000, start_date=20230202T093011, end_date=20230202T093027
[2023-02-02T09:30:27.540+0000] {local_task_job.py:208} INFO - Task exited with return code 0
[2023-02-02T09:30:28.475+0000] {taskinstance.py:2578} INFO - 2 downstream tasks scheduled from follow-on schedule check
