[2023-02-02T09:27:15.520+0000] {taskinstance.py:1083} INFO - Dependencies all met for <TaskInstance: our_first_dag_v3.first_task scheduled__2021-09-12T00:00:00+00:00 [queued]>
[2023-02-02T09:27:17.750+0000] {taskinstance.py:1083} INFO - Dependencies all met for <TaskInstance: our_first_dag_v3.first_task scheduled__2021-09-12T00:00:00+00:00 [queued]>
[2023-02-02T09:27:17.828+0000] {taskinstance.py:1279} INFO - 
--------------------------------------------------------------------------------
[2023-02-02T09:27:17.832+0000] {taskinstance.py:1280} INFO - Starting attempt 1 of 6
[2023-02-02T09:27:17.834+0000] {taskinstance.py:1281} INFO - 
--------------------------------------------------------------------------------
[2023-02-02T09:27:19.969+0000] {taskinstance.py:1300} INFO - Executing <Task(BashOperator): first_task> on 2021-09-12 00:00:00+00:00
[2023-02-02T09:27:20.856+0000] {standard_task_runner.py:55} INFO - Started process 3354 to run task
[2023-02-02T09:27:21.475+0000] {standard_task_runner.py:82} INFO - Running: ['***', 'tasks', 'run', 'our_first_dag_v3', 'first_task', 'scheduled__2021-09-12T00:00:00+00:00', '--job-id', '955', '--raw', '--subdir', 'DAGS_FOLDER/third_dag.py', '--cfg-path', '/tmp/tmp8n9mkrxj']
[2023-02-02T09:27:21.574+0000] {standard_task_runner.py:83} INFO - Job 955: Subtask first_task
[2023-02-02T09:27:26.397+0000] {task_command.py:388} INFO - Running <TaskInstance: our_first_dag_v3.first_task scheduled__2021-09-12T00:00:00+00:00 [running]> on host 178c757a8fee
[2023-02-02T09:27:47.272+0000] {taskinstance.py:1509} INFO - Exporting the following env vars:
AIRFLOW_CTX_DAG_OWNER=archana
AIRFLOW_CTX_DAG_ID=our_first_dag_v3
AIRFLOW_CTX_TASK_ID=first_task
AIRFLOW_CTX_EXECUTION_DATE=2021-09-12T00:00:00+00:00
AIRFLOW_CTX_TRY_NUMBER=1
AIRFLOW_CTX_DAG_RUN_ID=scheduled__2021-09-12T00:00:00+00:00
[2023-02-02T09:27:47.600+0000] {subprocess.py:63} INFO - Tmp dir root location: 
 /tmp
[2023-02-02T09:27:47.857+0000] {subprocess.py:75} INFO - Running command: ['/bin/bash', '-c', 'echo hello world, this is the first task!']
[2023-02-02T09:27:49.210+0000] {subprocess.py:86} INFO - Output:
[2023-02-02T09:27:49.549+0000] {subprocess.py:93} INFO - hello world, this is the first task!
[2023-02-02T09:27:49.578+0000] {subprocess.py:97} INFO - Command exited with return code 0
[2023-02-02T09:27:53.159+0000] {taskinstance.py:1323} INFO - Marking task as SUCCESS. dag_id=our_first_dag_v3, task_id=first_task, execution_date=20210912T000000, start_date=20230202T092716, end_date=20230202T092753
[2023-02-02T09:27:59.710+0000] {local_task_job.py:208} INFO - Task exited with return code 0
[2023-02-02T09:28:00.855+0000] {taskinstance.py:2578} INFO - 2 downstream tasks scheduled from follow-on schedule check
