[2023-02-02T06:05:57.283+0000] {taskinstance.py:1083} INFO - Dependencies all met for <TaskInstance: our_first_dag_v2.second_task scheduled__2021-07-31T00:00:00+00:00 [queued]>
[2023-02-02T06:05:57.590+0000] {taskinstance.py:1083} INFO - Dependencies all met for <TaskInstance: our_first_dag_v2.second_task scheduled__2021-07-31T00:00:00+00:00 [queued]>
[2023-02-02T06:05:57.591+0000] {taskinstance.py:1279} INFO - 
--------------------------------------------------------------------------------
[2023-02-02T06:05:57.592+0000] {taskinstance.py:1280} INFO - Starting attempt 1 of 6
[2023-02-02T06:05:57.593+0000] {taskinstance.py:1281} INFO - 
--------------------------------------------------------------------------------
[2023-02-02T06:05:58.150+0000] {taskinstance.py:1300} INFO - Executing <Task(BashOperator): second_task> on 2021-07-31 00:00:00+00:00
[2023-02-02T06:05:58.188+0000] {standard_task_runner.py:55} INFO - Started process 572 to run task
[2023-02-02T06:05:58.245+0000] {standard_task_runner.py:82} INFO - Running: ['***', 'tasks', 'run', 'our_first_dag_v2', 'second_task', 'scheduled__2021-07-31T00:00:00+00:00', '--job-id', '690', '--raw', '--subdir', 'DAGS_FOLDER/second_dag.py', '--cfg-path', '/tmp/tmp7gps8aii']
[2023-02-02T06:05:58.251+0000] {standard_task_runner.py:83} INFO - Job 690: Subtask second_task
[2023-02-02T06:06:00.385+0000] {task_command.py:388} INFO - Running <TaskInstance: our_first_dag_v2.second_task scheduled__2021-07-31T00:00:00+00:00 [running]> on host 178c757a8fee
[2023-02-02T06:06:02.633+0000] {taskinstance.py:1509} INFO - Exporting the following env vars:
AIRFLOW_CTX_DAG_OWNER=archana
AIRFLOW_CTX_DAG_ID=our_first_dag_v2
AIRFLOW_CTX_TASK_ID=second_task
AIRFLOW_CTX_EXECUTION_DATE=2021-07-31T00:00:00+00:00
AIRFLOW_CTX_TRY_NUMBER=1
AIRFLOW_CTX_DAG_RUN_ID=scheduled__2021-07-31T00:00:00+00:00
[2023-02-02T06:06:02.656+0000] {subprocess.py:63} INFO - Tmp dir root location: 
 /tmp
[2023-02-02T06:06:02.726+0000] {subprocess.py:75} INFO - Running command: ['/bin/bash', '-c', 'echo hey, I am task2 and will be running after the task1']
[2023-02-02T06:06:02.881+0000] {subprocess.py:86} INFO - Output:
[2023-02-02T06:06:02.949+0000] {subprocess.py:93} INFO - hey, I am task2 and will be running after the task1
[2023-02-02T06:06:02.954+0000] {subprocess.py:97} INFO - Command exited with return code 0
[2023-02-02T06:06:03.556+0000] {taskinstance.py:1323} INFO - Marking task as SUCCESS. dag_id=our_first_dag_v2, task_id=second_task, execution_date=20210731T000000, start_date=20230202T060557, end_date=20230202T060603
[2023-02-02T06:06:04.230+0000] {local_task_job.py:208} INFO - Task exited with return code 0
[2023-02-02T06:06:04.771+0000] {taskinstance.py:2578} INFO - 0 downstream tasks scheduled from follow-on schedule check
