[2023-02-02T05:14:16.775+0000] {taskinstance.py:1083} INFO - Dependencies all met for <TaskInstance: our_first_dag_v4.first_task scheduled__2021-11-26T00:00:00+00:00 [queued]>
[2023-02-02T05:14:16.910+0000] {taskinstance.py:1083} INFO - Dependencies all met for <TaskInstance: our_first_dag_v4.first_task scheduled__2021-11-26T00:00:00+00:00 [queued]>
[2023-02-02T05:14:16.912+0000] {taskinstance.py:1279} INFO - 
--------------------------------------------------------------------------------
[2023-02-02T05:14:16.913+0000] {taskinstance.py:1280} INFO - Starting attempt 1 of 6
[2023-02-02T05:14:16.914+0000] {taskinstance.py:1281} INFO - 
--------------------------------------------------------------------------------
[2023-02-02T05:14:17.093+0000] {taskinstance.py:1300} INFO - Executing <Task(BashOperator): first_task> on 2021-11-26 00:00:00+00:00
[2023-02-02T05:14:17.178+0000] {standard_task_runner.py:55} INFO - Started process 3854 to run task
[2023-02-02T05:14:17.280+0000] {standard_task_runner.py:82} INFO - Running: ['***', 'tasks', 'run', 'our_first_dag_v4', 'first_task', 'scheduled__2021-11-26T00:00:00+00:00', '--job-id', '371', '--raw', '--subdir', 'DAGS_FOLDER/our_first_dag.py', '--cfg-path', '/tmp/tmpg1ec605t']
[2023-02-02T05:14:17.300+0000] {standard_task_runner.py:83} INFO - Job 371: Subtask first_task
[2023-02-02T05:14:17.855+0000] {task_command.py:388} INFO - Running <TaskInstance: our_first_dag_v4.first_task scheduled__2021-11-26T00:00:00+00:00 [running]> on host 178c757a8fee
[2023-02-02T05:14:19.322+0000] {taskinstance.py:1509} INFO - Exporting the following env vars:
AIRFLOW_CTX_DAG_OWNER=archana
AIRFLOW_CTX_DAG_ID=our_first_dag_v4
AIRFLOW_CTX_TASK_ID=first_task
AIRFLOW_CTX_EXECUTION_DATE=2021-11-26T00:00:00+00:00
AIRFLOW_CTX_TRY_NUMBER=1
AIRFLOW_CTX_DAG_RUN_ID=scheduled__2021-11-26T00:00:00+00:00
[2023-02-02T05:14:19.333+0000] {subprocess.py:63} INFO - Tmp dir root location: 
 /tmp
[2023-02-02T05:14:19.335+0000] {subprocess.py:75} INFO - Running command: ['/bin/bash', '-c', 'echo hello world, this is the first task!']
[2023-02-02T05:14:19.585+0000] {subprocess.py:86} INFO - Output:
[2023-02-02T05:14:19.624+0000] {subprocess.py:93} INFO - hello world, this is the first task!
[2023-02-02T05:14:19.636+0000] {subprocess.py:97} INFO - Command exited with return code 0
[2023-02-02T05:14:19.825+0000] {taskinstance.py:1323} INFO - Marking task as SUCCESS. dag_id=our_first_dag_v4, task_id=first_task, execution_date=20211126T000000, start_date=20230202T051416, end_date=20230202T051419
[2023-02-02T05:14:20.071+0000] {local_task_job.py:208} INFO - Task exited with return code 0
[2023-02-02T05:14:20.331+0000] {taskinstance.py:2578} INFO - 2 downstream tasks scheduled from follow-on schedule check
