[2023-02-02T05:09:55.737+0000] {taskinstance.py:1083} INFO - Dependencies all met for <TaskInstance: our_first_dag_v4.third_task scheduled__2021-08-14T00:00:00+00:00 [queued]>
[2023-02-02T05:09:55.894+0000] {taskinstance.py:1083} INFO - Dependencies all met for <TaskInstance: our_first_dag_v4.third_task scheduled__2021-08-14T00:00:00+00:00 [queued]>
[2023-02-02T05:09:55.897+0000] {taskinstance.py:1279} INFO - 
--------------------------------------------------------------------------------
[2023-02-02T05:09:55.901+0000] {taskinstance.py:1280} INFO - Starting attempt 1 of 6
[2023-02-02T05:09:55.906+0000] {taskinstance.py:1281} INFO - 
--------------------------------------------------------------------------------
[2023-02-02T05:09:56.119+0000] {taskinstance.py:1300} INFO - Executing <Task(BashOperator): third_task> on 2021-08-14 00:00:00+00:00
[2023-02-02T05:09:56.197+0000] {standard_task_runner.py:55} INFO - Started process 2789 to run task
[2023-02-02T05:09:56.273+0000] {standard_task_runner.py:82} INFO - Running: ['***', 'tasks', 'run', 'our_first_dag_v4', 'third_task', 'scheduled__2021-08-14T00:00:00+00:00', '--job-id', '59', '--raw', '--subdir', 'DAGS_FOLDER/our_first_dag.py', '--cfg-path', '/tmp/tmpizprhjq5']
[2023-02-02T05:09:56.295+0000] {standard_task_runner.py:83} INFO - Job 59: Subtask third_task
[2023-02-02T05:09:57.160+0000] {task_command.py:388} INFO - Running <TaskInstance: our_first_dag_v4.third_task scheduled__2021-08-14T00:00:00+00:00 [running]> on host 178c757a8fee
[2023-02-02T05:09:58.060+0000] {taskinstance.py:1509} INFO - Exporting the following env vars:
AIRFLOW_CTX_DAG_OWNER=archana
AIRFLOW_CTX_DAG_ID=our_first_dag_v4
AIRFLOW_CTX_TASK_ID=third_task
AIRFLOW_CTX_EXECUTION_DATE=2021-08-14T00:00:00+00:00
AIRFLOW_CTX_TRY_NUMBER=1
AIRFLOW_CTX_DAG_RUN_ID=scheduled__2021-08-14T00:00:00+00:00
[2023-02-02T05:09:58.072+0000] {subprocess.py:63} INFO - Tmp dir root location: 
 /tmp
[2023-02-02T05:09:58.087+0000] {subprocess.py:75} INFO - Running command: ['/bin/bash', '-c', 'echo hey, I am task3 and will be running after task1 as task2']
[2023-02-02T05:09:58.191+0000] {subprocess.py:86} INFO - Output:
[2023-02-02T05:09:58.210+0000] {subprocess.py:93} INFO - hey, I am task3 and will be running after task1 as task2
[2023-02-02T05:09:58.223+0000] {subprocess.py:97} INFO - Command exited with return code 0
[2023-02-02T05:09:58.556+0000] {taskinstance.py:1323} INFO - Marking task as SUCCESS. dag_id=our_first_dag_v4, task_id=third_task, execution_date=20210814T000000, start_date=20230202T050955, end_date=20230202T050958
[2023-02-02T05:09:58.836+0000] {local_task_job.py:208} INFO - Task exited with return code 0
[2023-02-02T05:09:59.107+0000] {taskinstance.py:2578} INFO - 0 downstream tasks scheduled from follow-on schedule check
