[2023-02-02T14:19:28.937+0000] {taskinstance.py:1083} INFO - Dependencies all met for <TaskInstance: dag_with_catchup_backfill_v1.task1 scheduled__2022-12-18T00:00:00+00:00 [queued]>
[2023-02-02T14:19:34.588+0000] {taskinstance.py:1083} INFO - Dependencies all met for <TaskInstance: dag_with_catchup_backfill_v1.task1 scheduled__2022-12-18T00:00:00+00:00 [queued]>
[2023-02-02T14:19:34.718+0000] {taskinstance.py:1279} INFO - 
--------------------------------------------------------------------------------
[2023-02-02T14:19:34.752+0000] {taskinstance.py:1280} INFO - Starting attempt 1 of 6
[2023-02-02T14:19:34.754+0000] {taskinstance.py:1281} INFO - 
--------------------------------------------------------------------------------
[2023-02-02T14:19:38.452+0000] {taskinstance.py:1300} INFO - Executing <Task(BashOperator): task1> on 2022-12-18 00:00:00+00:00
[2023-02-02T14:19:38.952+0000] {standard_task_runner.py:55} INFO - Started process 15368 to run task
[2023-02-02T14:19:39.330+0000] {standard_task_runner.py:82} INFO - Running: ['***', 'tasks', 'run', 'dag_with_catchup_backfill_v1', 'task1', 'scheduled__2022-12-18T00:00:00+00:00', '--job-id', '1296', '--raw', '--subdir', 'DAGS_FOLDER/dag_with_catchup_and_backfill.py', '--cfg-path', '/tmp/tmpv7yag0yu']
[2023-02-02T14:19:39.384+0000] {standard_task_runner.py:83} INFO - Job 1296: Subtask task1
[2023-02-02T14:19:44.845+0000] {task_command.py:388} INFO - Running <TaskInstance: dag_with_catchup_backfill_v1.task1 scheduled__2022-12-18T00:00:00+00:00 [running]> on host 178c757a8fee
[2023-02-02T14:19:57.399+0000] {taskinstance.py:1509} INFO - Exporting the following env vars:
AIRFLOW_CTX_DAG_OWNER=archana
AIRFLOW_CTX_DAG_ID=dag_with_catchup_backfill_v1
AIRFLOW_CTX_TASK_ID=task1
AIRFLOW_CTX_EXECUTION_DATE=2022-12-18T00:00:00+00:00
AIRFLOW_CTX_TRY_NUMBER=1
AIRFLOW_CTX_DAG_RUN_ID=scheduled__2022-12-18T00:00:00+00:00
[2023-02-02T14:19:57.514+0000] {subprocess.py:63} INFO - Tmp dir root location: 
 /tmp
[2023-02-02T14:19:57.565+0000] {subprocess.py:75} INFO - Running command: ['/bin/bash', '-c', 'echo This is a simple Bash Command!']
[2023-02-02T14:20:00.072+0000] {subprocess.py:86} INFO - Output:
[2023-02-02T14:20:00.241+0000] {subprocess.py:93} INFO - This is a simple Bash Command!
[2023-02-02T14:20:00.262+0000] {subprocess.py:97} INFO - Command exited with return code 0
[2023-02-02T14:20:02.383+0000] {taskinstance.py:1323} INFO - Marking task as SUCCESS. dag_id=dag_with_catchup_backfill_v1, task_id=task1, execution_date=20221218T000000, start_date=20230202T141929, end_date=20230202T142002
[2023-02-02T14:20:07.124+0000] {local_task_job.py:208} INFO - Task exited with return code 0
[2023-02-02T14:20:11.680+0000] {taskinstance.py:2578} INFO - 0 downstream tasks scheduled from follow-on schedule check
