[2023-02-03T04:40:16.634+0000] {taskinstance.py:1083} INFO - Dependencies all met for <TaskInstance: dag_with_taskflow_api_v01.greet scheduled__2023-02-02T00:00:00+00:00 [queued]>
[2023-02-03T04:40:16.666+0000] {taskinstance.py:1083} INFO - Dependencies all met for <TaskInstance: dag_with_taskflow_api_v01.greet scheduled__2023-02-02T00:00:00+00:00 [queued]>
[2023-02-03T04:40:16.683+0000] {taskinstance.py:1279} INFO - 
--------------------------------------------------------------------------------
[2023-02-03T04:40:16.684+0000] {taskinstance.py:1280} INFO - Starting attempt 1 of 6
[2023-02-03T04:40:16.687+0000] {taskinstance.py:1281} INFO - 
--------------------------------------------------------------------------------
[2023-02-03T04:40:16.753+0000] {taskinstance.py:1300} INFO - Executing <Task(_PythonDecoratedOperator): greet> on 2023-02-02 00:00:00+00:00
[2023-02-03T04:40:16.778+0000] {standard_task_runner.py:55} INFO - Started process 114 to run task
[2023-02-03T04:40:16.811+0000] {standard_task_runner.py:82} INFO - Running: ['***', 'tasks', 'run', 'dag_with_taskflow_api_v01', 'greet', 'scheduled__2023-02-02T00:00:00+00:00', '--job-id', '1356', '--raw', '--subdir', 'DAGS_FOLDER/dag_with_taskflow_api.py', '--cfg-path', '/tmp/tmp5coi_1zl']
[2023-02-03T04:40:16.814+0000] {standard_task_runner.py:83} INFO - Job 1356: Subtask greet
[2023-02-03T04:40:17.252+0000] {task_command.py:388} INFO - Running <TaskInstance: dag_with_taskflow_api_v01.greet scheduled__2023-02-02T00:00:00+00:00 [running]> on host 178c757a8fee
[2023-02-03T04:40:17.581+0000] {taskinstance.py:1509} INFO - Exporting the following env vars:
AIRFLOW_CTX_DAG_OWNER=archana
AIRFLOW_CTX_DAG_ID=dag_with_taskflow_api_v01
AIRFLOW_CTX_TASK_ID=greet
AIRFLOW_CTX_EXECUTION_DATE=2023-02-02T00:00:00+00:00
AIRFLOW_CTX_TRY_NUMBER=1
AIRFLOW_CTX_DAG_RUN_ID=scheduled__2023-02-02T00:00:00+00:00
[2023-02-03T04:40:17.585+0000] {logging_mixin.py:137} INFO - Hello World! My name is Aarohi and I am 3 years old!
[2023-02-03T04:40:17.587+0000] {python.py:177} INFO - Done. Returned value was: None
[2023-02-03T04:40:17.610+0000] {taskinstance.py:1323} INFO - Marking task as SUCCESS. dag_id=dag_with_taskflow_api_v01, task_id=greet, execution_date=20230202T000000, start_date=20230203T044016, end_date=20230203T044017
[2023-02-03T04:40:17.709+0000] {local_task_job.py:208} INFO - Task exited with return code 0
[2023-02-03T04:40:17.778+0000] {taskinstance.py:2578} INFO - 0 downstream tasks scheduled from follow-on schedule check
