[2023-02-02T05:12:40.738+0000] {taskinstance.py:1083} INFO - Dependencies all met for <TaskInstance: our_first_dag_v4.first_task scheduled__2021-10-14T00:00:00+00:00 [queued]>
[2023-02-02T05:12:40.844+0000] {taskinstance.py:1083} INFO - Dependencies all met for <TaskInstance: our_first_dag_v4.first_task scheduled__2021-10-14T00:00:00+00:00 [queued]>
[2023-02-02T05:12:40.846+0000] {taskinstance.py:1279} INFO - 
--------------------------------------------------------------------------------
[2023-02-02T05:12:40.850+0000] {taskinstance.py:1280} INFO - Starting attempt 1 of 6
[2023-02-02T05:12:40.853+0000] {taskinstance.py:1281} INFO - 
--------------------------------------------------------------------------------
[2023-02-02T05:12:41.100+0000] {taskinstance.py:1300} INFO - Executing <Task(BashOperator): first_task> on 2021-10-14 00:00:00+00:00
[2023-02-02T05:12:41.201+0000] {standard_task_runner.py:55} INFO - Started process 3426 to run task
[2023-02-02T05:12:41.391+0000] {standard_task_runner.py:82} INFO - Running: ['***', 'tasks', 'run', 'our_first_dag_v4', 'first_task', 'scheduled__2021-10-14T00:00:00+00:00', '--job-id', '249', '--raw', '--subdir', 'DAGS_FOLDER/our_first_dag.py', '--cfg-path', '/tmp/tmpw9l_5m43']
[2023-02-02T05:12:41.448+0000] {standard_task_runner.py:83} INFO - Job 249: Subtask first_task
[2023-02-02T05:12:42.191+0000] {task_command.py:388} INFO - Running <TaskInstance: our_first_dag_v4.first_task scheduled__2021-10-14T00:00:00+00:00 [running]> on host 178c757a8fee
[2023-02-02T05:12:42.555+0000] {taskinstance.py:1509} INFO - Exporting the following env vars:
AIRFLOW_CTX_DAG_OWNER=archana
AIRFLOW_CTX_DAG_ID=our_first_dag_v4
AIRFLOW_CTX_TASK_ID=first_task
AIRFLOW_CTX_EXECUTION_DATE=2021-10-14T00:00:00+00:00
AIRFLOW_CTX_TRY_NUMBER=1
AIRFLOW_CTX_DAG_RUN_ID=scheduled__2021-10-14T00:00:00+00:00
[2023-02-02T05:12:42.559+0000] {subprocess.py:63} INFO - Tmp dir root location: 
 /tmp
[2023-02-02T05:12:42.563+0000] {subprocess.py:75} INFO - Running command: ['/bin/bash', '-c', 'echo hello world, this is the first task!']
[2023-02-02T05:12:42.653+0000] {subprocess.py:86} INFO - Output:
[2023-02-02T05:12:42.660+0000] {subprocess.py:93} INFO - hello world, this is the first task!
[2023-02-02T05:12:42.662+0000] {subprocess.py:97} INFO - Command exited with return code 0
[2023-02-02T05:12:42.787+0000] {taskinstance.py:1323} INFO - Marking task as SUCCESS. dag_id=our_first_dag_v4, task_id=first_task, execution_date=20211014T000000, start_date=20230202T051240, end_date=20230202T051242
[2023-02-02T05:12:43.020+0000] {local_task_job.py:208} INFO - Task exited with return code 0
[2023-02-02T05:12:43.284+0000] {taskinstance.py:2578} INFO - 0 downstream tasks scheduled from follow-on schedule check
