[2023-02-02T05:15:34.975+0000] {taskinstance.py:1083} INFO - Dependencies all met for <TaskInstance: our_first_dag_v4.second_task scheduled__2021-12-19T00:00:00+00:00 [queued]>
[2023-02-02T05:15:35.407+0000] {taskinstance.py:1083} INFO - Dependencies all met for <TaskInstance: our_first_dag_v4.second_task scheduled__2021-12-19T00:00:00+00:00 [queued]>
[2023-02-02T05:15:35.411+0000] {taskinstance.py:1279} INFO - 
--------------------------------------------------------------------------------
[2023-02-02T05:15:35.412+0000] {taskinstance.py:1280} INFO - Starting attempt 1 of 6
[2023-02-02T05:15:35.427+0000] {taskinstance.py:1281} INFO - 
--------------------------------------------------------------------------------
[2023-02-02T05:15:35.726+0000] {taskinstance.py:1300} INFO - Executing <Task(BashOperator): second_task> on 2021-12-19 00:00:00+00:00
[2023-02-02T05:15:35.833+0000] {standard_task_runner.py:55} INFO - Started process 4170 to run task
[2023-02-02T05:15:36.000+0000] {standard_task_runner.py:82} INFO - Running: ['***', 'tasks', 'run', 'our_first_dag_v4', 'second_task', 'scheduled__2021-12-19T00:00:00+00:00', '--job-id', '460', '--raw', '--subdir', 'DAGS_FOLDER/our_first_dag.py', '--cfg-path', '/tmp/tmpynyf56es']
[2023-02-02T05:15:36.019+0000] {standard_task_runner.py:83} INFO - Job 460: Subtask second_task
[2023-02-02T05:15:37.351+0000] {task_command.py:388} INFO - Running <TaskInstance: our_first_dag_v4.second_task scheduled__2021-12-19T00:00:00+00:00 [running]> on host 178c757a8fee
[2023-02-02T05:15:41.329+0000] {taskinstance.py:1509} INFO - Exporting the following env vars:
AIRFLOW_CTX_DAG_OWNER=archana
AIRFLOW_CTX_DAG_ID=our_first_dag_v4
AIRFLOW_CTX_TASK_ID=second_task
AIRFLOW_CTX_EXECUTION_DATE=2021-12-19T00:00:00+00:00
AIRFLOW_CTX_TRY_NUMBER=1
AIRFLOW_CTX_DAG_RUN_ID=scheduled__2021-12-19T00:00:00+00:00
[2023-02-02T05:15:41.406+0000] {subprocess.py:63} INFO - Tmp dir root location: 
 /tmp
[2023-02-02T05:15:41.409+0000] {subprocess.py:75} INFO - Running command: ['/bin/bash', '-c', 'echo hey, I am task2 and will be running after the task1']
[2023-02-02T05:15:42.677+0000] {subprocess.py:86} INFO - Output:
[2023-02-02T05:15:43.036+0000] {subprocess.py:93} INFO - hey, I am task2 and will be running after the task1
[2023-02-02T05:15:43.111+0000] {subprocess.py:97} INFO - Command exited with return code 0
[2023-02-02T05:15:44.197+0000] {taskinstance.py:1323} INFO - Marking task as SUCCESS. dag_id=our_first_dag_v4, task_id=second_task, execution_date=20211219T000000, start_date=20230202T051535, end_date=20230202T051544
[2023-02-02T05:15:45.001+0000] {local_task_job.py:208} INFO - Task exited with return code 0
[2023-02-02T05:15:45.447+0000] {taskinstance.py:2578} INFO - 0 downstream tasks scheduled from follow-on schedule check
