[2023-02-02T05:18:03.606+0000] {taskinstance.py:1083} INFO - Dependencies all met for <TaskInstance: our_dag_with_python_operator_v07.get_name scheduled__2021-10-19T00:00:00+00:00 [queued]>
[2023-02-02T05:18:04.087+0000] {taskinstance.py:1083} INFO - Dependencies all met for <TaskInstance: our_dag_with_python_operator_v07.get_name scheduled__2021-10-19T00:00:00+00:00 [queued]>
[2023-02-02T05:18:04.105+0000] {taskinstance.py:1279} INFO - 
--------------------------------------------------------------------------------
[2023-02-02T05:18:04.114+0000] {taskinstance.py:1280} INFO - Starting attempt 1 of 6
[2023-02-02T05:18:04.115+0000] {taskinstance.py:1281} INFO - 
--------------------------------------------------------------------------------
[2023-02-02T05:18:04.633+0000] {taskinstance.py:1300} INFO - Executing <Task(PythonOperator): get_name> on 2021-10-19 00:00:00+00:00
[2023-02-02T05:18:04.728+0000] {standard_task_runner.py:55} INFO - Started process 4691 to run task
[2023-02-02T05:18:04.908+0000] {standard_task_runner.py:82} INFO - Running: ['***', 'tasks', 'run', 'our_dag_with_python_operator_v07', 'get_name', 'scheduled__2021-10-19T00:00:00+00:00', '--job-id', '616', '--raw', '--subdir', 'DAGS_FOLDER/dag_python_operator.py', '--cfg-path', '/tmp/tmpe4hg630h']
[2023-02-02T05:18:04.945+0000] {standard_task_runner.py:83} INFO - Job 616: Subtask get_name
[2023-02-02T05:18:06.184+0000] {task_command.py:388} INFO - Running <TaskInstance: our_dag_with_python_operator_v07.get_name scheduled__2021-10-19T00:00:00+00:00 [running]> on host 178c757a8fee
[2023-02-02T05:18:07.200+0000] {taskinstance.py:1509} INFO - Exporting the following env vars:
AIRFLOW_CTX_DAG_OWNER=coder2j
AIRFLOW_CTX_DAG_ID=our_dag_with_python_operator_v07
AIRFLOW_CTX_TASK_ID=get_name
AIRFLOW_CTX_EXECUTION_DATE=2021-10-19T00:00:00+00:00
AIRFLOW_CTX_TRY_NUMBER=1
AIRFLOW_CTX_DAG_RUN_ID=scheduled__2021-10-19T00:00:00+00:00
[2023-02-02T05:18:07.401+0000] {python.py:177} INFO - Done. Returned value was: None
[2023-02-02T05:18:07.509+0000] {taskinstance.py:1323} INFO - Marking task as SUCCESS. dag_id=our_dag_with_python_operator_v07, task_id=get_name, execution_date=20211019T000000, start_date=20230202T051803, end_date=20230202T051807
[2023-02-02T05:18:07.843+0000] {local_task_job.py:208} INFO - Task exited with return code 0
[2023-02-02T05:18:08.393+0000] {taskinstance.py:2578} INFO - 1 downstream tasks scheduled from follow-on schedule check
