[2023-02-02T06:07:43.865+0000] {taskinstance.py:1083} INFO - Dependencies all met for <TaskInstance: our_first_dag_v3.second_task scheduled__2021-07-30T00:00:00+00:00 [queued]>
[2023-02-02T06:07:44.448+0000] {taskinstance.py:1083} INFO - Dependencies all met for <TaskInstance: our_first_dag_v3.second_task scheduled__2021-07-30T00:00:00+00:00 [queued]>
[2023-02-02T06:07:44.457+0000] {taskinstance.py:1279} INFO - 
--------------------------------------------------------------------------------
[2023-02-02T06:07:44.460+0000] {taskinstance.py:1280} INFO - Starting attempt 1 of 6
[2023-02-02T06:07:44.462+0000] {taskinstance.py:1281} INFO - 
--------------------------------------------------------------------------------
[2023-02-02T06:07:44.924+0000] {taskinstance.py:1300} INFO - Executing <Task(BashOperator): second_task> on 2021-07-30 00:00:00+00:00
[2023-02-02T06:07:45.360+0000] {standard_task_runner.py:55} INFO - Started process 757 to run task
[2023-02-02T06:07:45.480+0000] {standard_task_runner.py:82} INFO - Running: ['***', 'tasks', 'run', 'our_first_dag_v3', 'second_task', 'scheduled__2021-07-30T00:00:00+00:00', '--job-id', '727', '--raw', '--subdir', 'DAGS_FOLDER/third_dag.py', '--cfg-path', '/tmp/tmp3td0y8gf']
[2023-02-02T06:07:45.538+0000] {standard_task_runner.py:83} INFO - Job 727: Subtask second_task
[2023-02-02T06:07:48.859+0000] {task_command.py:388} INFO - Running <TaskInstance: our_first_dag_v3.second_task scheduled__2021-07-30T00:00:00+00:00 [running]> on host 178c757a8fee
[2023-02-02T06:07:49.918+0000] {taskinstance.py:1509} INFO - Exporting the following env vars:
AIRFLOW_CTX_DAG_OWNER=archana
AIRFLOW_CTX_DAG_ID=our_first_dag_v3
AIRFLOW_CTX_TASK_ID=second_task
AIRFLOW_CTX_EXECUTION_DATE=2021-07-30T00:00:00+00:00
AIRFLOW_CTX_TRY_NUMBER=1
AIRFLOW_CTX_DAG_RUN_ID=scheduled__2021-07-30T00:00:00+00:00
[2023-02-02T06:07:49.930+0000] {subprocess.py:63} INFO - Tmp dir root location: 
 /tmp
[2023-02-02T06:07:49.952+0000] {subprocess.py:75} INFO - Running command: ['/bin/bash', '-c', 'echo hey, I am task2 and will be running after the task1']
[2023-02-02T06:07:50.091+0000] {subprocess.py:86} INFO - Output:
[2023-02-02T06:07:50.102+0000] {subprocess.py:93} INFO - hey, I am task2 and will be running after the task1
[2023-02-02T06:07:50.111+0000] {subprocess.py:97} INFO - Command exited with return code 0
[2023-02-02T06:07:50.542+0000] {taskinstance.py:1323} INFO - Marking task as SUCCESS. dag_id=our_first_dag_v3, task_id=second_task, execution_date=20210730T000000, start_date=20230202T060744, end_date=20230202T060750
[2023-02-02T06:07:51.115+0000] {local_task_job.py:208} INFO - Task exited with return code 0
[2023-02-02T06:07:51.241+0000] {taskinstance.py:2578} INFO - 0 downstream tasks scheduled from follow-on schedule check
