[2023-02-02T09:28:01.744+0000] {taskinstance.py:1083} INFO - Dependencies all met for <TaskInstance: our_first_dag_v3.first_task scheduled__2021-09-15T00:00:00+00:00 [queued]>
[2023-02-02T09:28:02.960+0000] {taskinstance.py:1083} INFO - Dependencies all met for <TaskInstance: our_first_dag_v3.first_task scheduled__2021-09-15T00:00:00+00:00 [queued]>
[2023-02-02T09:28:03.035+0000] {taskinstance.py:1279} INFO - 
--------------------------------------------------------------------------------
[2023-02-02T09:28:03.066+0000] {taskinstance.py:1280} INFO - Starting attempt 1 of 6
[2023-02-02T09:28:03.094+0000] {taskinstance.py:1281} INFO - 
--------------------------------------------------------------------------------
[2023-02-02T09:28:07.365+0000] {taskinstance.py:1300} INFO - Executing <Task(BashOperator): first_task> on 2021-09-15 00:00:00+00:00
[2023-02-02T09:28:08.038+0000] {standard_task_runner.py:55} INFO - Started process 3393 to run task
[2023-02-02T09:28:08.444+0000] {standard_task_runner.py:82} INFO - Running: ['***', 'tasks', 'run', 'our_first_dag_v3', 'first_task', 'scheduled__2021-09-15T00:00:00+00:00', '--job-id', '963', '--raw', '--subdir', 'DAGS_FOLDER/third_dag.py', '--cfg-path', '/tmp/tmpvmira2w6']
[2023-02-02T09:28:08.484+0000] {standard_task_runner.py:83} INFO - Job 963: Subtask first_task
[2023-02-02T09:28:19.426+0000] {task_command.py:388} INFO - Running <TaskInstance: our_first_dag_v3.first_task scheduled__2021-09-15T00:00:00+00:00 [running]> on host 178c757a8fee
[2023-02-02T09:28:27.854+0000] {taskinstance.py:1509} INFO - Exporting the following env vars:
AIRFLOW_CTX_DAG_OWNER=archana
AIRFLOW_CTX_DAG_ID=our_first_dag_v3
AIRFLOW_CTX_TASK_ID=first_task
AIRFLOW_CTX_EXECUTION_DATE=2021-09-15T00:00:00+00:00
AIRFLOW_CTX_TRY_NUMBER=1
AIRFLOW_CTX_DAG_RUN_ID=scheduled__2021-09-15T00:00:00+00:00
[2023-02-02T09:28:27.995+0000] {subprocess.py:63} INFO - Tmp dir root location: 
 /tmp
[2023-02-02T09:28:28.097+0000] {subprocess.py:75} INFO - Running command: ['/bin/bash', '-c', 'echo hello world, this is the first task!']
[2023-02-02T09:28:31.572+0000] {subprocess.py:86} INFO - Output:
[2023-02-02T09:28:31.817+0000] {subprocess.py:93} INFO - hello world, this is the first task!
[2023-02-02T09:28:31.840+0000] {subprocess.py:97} INFO - Command exited with return code 0
[2023-02-02T09:28:39.858+0000] {taskinstance.py:1323} INFO - Marking task as SUCCESS. dag_id=our_first_dag_v3, task_id=first_task, execution_date=20210915T000000, start_date=20230202T092802, end_date=20230202T092839
[2023-02-02T09:28:48.826+0000] {local_task_job.py:208} INFO - Task exited with return code 0
[2023-02-02T09:28:53.917+0000] {taskinstance.py:2578} INFO - 2 downstream tasks scheduled from follow-on schedule check
