[2023-02-02T09:26:47.317+0000] {taskinstance.py:1083} INFO - Dependencies all met for <TaskInstance: our_first_dag_v3.second_task scheduled__2021-09-02T00:00:00+00:00 [queued]>
[2023-02-02T09:26:53.071+0000] {taskinstance.py:1083} INFO - Dependencies all met for <TaskInstance: our_first_dag_v3.second_task scheduled__2021-09-02T00:00:00+00:00 [queued]>
[2023-02-02T09:26:53.335+0000] {taskinstance.py:1279} INFO - 
--------------------------------------------------------------------------------
[2023-02-02T09:26:53.407+0000] {taskinstance.py:1280} INFO - Starting attempt 1 of 6
[2023-02-02T09:26:53.424+0000] {taskinstance.py:1281} INFO - 
--------------------------------------------------------------------------------
[2023-02-02T09:26:58.532+0000] {taskinstance.py:1300} INFO - Executing <Task(BashOperator): second_task> on 2021-09-02 00:00:00+00:00
[2023-02-02T09:26:59.073+0000] {standard_task_runner.py:55} INFO - Started process 3328 to run task
[2023-02-02T09:26:59.307+0000] {standard_task_runner.py:82} INFO - Running: ['***', 'tasks', 'run', 'our_first_dag_v3', 'second_task', 'scheduled__2021-09-02T00:00:00+00:00', '--job-id', '951', '--raw', '--subdir', 'DAGS_FOLDER/third_dag.py', '--cfg-path', '/tmp/tmpu53vo2wt']
[2023-02-02T09:26:59.367+0000] {standard_task_runner.py:83} INFO - Job 951: Subtask second_task
[2023-02-02T09:27:07.233+0000] {task_command.py:388} INFO - Running <TaskInstance: our_first_dag_v3.second_task scheduled__2021-09-02T00:00:00+00:00 [running]> on host 178c757a8fee
[2023-02-02T09:27:16.222+0000] {taskinstance.py:1509} INFO - Exporting the following env vars:
AIRFLOW_CTX_DAG_OWNER=archana
AIRFLOW_CTX_DAG_ID=our_first_dag_v3
AIRFLOW_CTX_TASK_ID=second_task
AIRFLOW_CTX_EXECUTION_DATE=2021-09-02T00:00:00+00:00
AIRFLOW_CTX_TRY_NUMBER=1
AIRFLOW_CTX_DAG_RUN_ID=scheduled__2021-09-02T00:00:00+00:00
[2023-02-02T09:27:16.429+0000] {subprocess.py:63} INFO - Tmp dir root location: 
 /tmp
[2023-02-02T09:27:16.621+0000] {subprocess.py:75} INFO - Running command: ['/bin/bash', '-c', 'echo hey, I am task2 and will be running after the task1']
[2023-02-02T09:27:17.729+0000] {subprocess.py:86} INFO - Output:
[2023-02-02T09:27:17.902+0000] {subprocess.py:93} INFO - hey, I am task2 and will be running after the task1
[2023-02-02T09:27:17.970+0000] {subprocess.py:97} INFO - Command exited with return code 0
[2023-02-02T09:27:21.020+0000] {taskinstance.py:1323} INFO - Marking task as SUCCESS. dag_id=our_first_dag_v3, task_id=second_task, execution_date=20210902T000000, start_date=20230202T092647, end_date=20230202T092720
[2023-02-02T09:27:25.080+0000] {local_task_job.py:208} INFO - Task exited with return code 0
[2023-02-02T09:27:26.331+0000] {taskinstance.py:2578} INFO - 0 downstream tasks scheduled from follow-on schedule check
