[2023-02-01T04:19:36.352+0000] {taskinstance.py:1083} INFO - Dependencies all met for <TaskInstance: example_task_group_decorator.task_group_function__1.task_1 scheduled__2023-01-31T04:19:17.367861+00:00 [queued]>
[2023-02-01T04:19:36.566+0000] {taskinstance.py:1083} INFO - Dependencies all met for <TaskInstance: example_task_group_decorator.task_group_function__1.task_1 scheduled__2023-01-31T04:19:17.367861+00:00 [queued]>
[2023-02-01T04:19:36.572+0000] {taskinstance.py:1279} INFO - 
--------------------------------------------------------------------------------
[2023-02-01T04:19:36.574+0000] {taskinstance.py:1280} INFO - Starting attempt 1 of 1
[2023-02-01T04:19:36.576+0000] {taskinstance.py:1281} INFO - 
--------------------------------------------------------------------------------
[2023-02-01T04:19:36.797+0000] {taskinstance.py:1300} INFO - Executing <Task(_PythonDecoratedOperator): task_group_function__1.task_1> on 2023-01-31 04:19:17.367861+00:00
[2023-02-01T04:19:36.919+0000] {standard_task_runner.py:55} INFO - Started process 559 to run task
[2023-02-01T04:19:37.063+0000] {standard_task_runner.py:82} INFO - Running: ['***', 'tasks', 'run', 'example_task_group_decorator', 'task_group_function__1.task_1', 'scheduled__2023-01-31T04:19:17.367861+00:00', '--job-id', '11', '--raw', '--subdir', '/home/***/.local/lib/python3.7/site-packages/***/example_dags/example_task_group_decorator.py', '--cfg-path', '/tmp/tmpd7i64j2f']
[2023-02-01T04:19:37.077+0000] {standard_task_runner.py:83} INFO - Job 11: Subtask task_group_function__1.task_1
[2023-02-01T04:19:38.138+0000] {task_command.py:388} INFO - Running <TaskInstance: example_task_group_decorator.task_group_function__1.task_1 scheduled__2023-01-31T04:19:17.367861+00:00 [running]> on host 3206a4d67398
[2023-02-01T04:19:38.680+0000] {taskinstance.py:1509} INFO - Exporting the following env vars:
AIRFLOW_CTX_DAG_OWNER=***
AIRFLOW_CTX_DAG_ID=example_task_group_decorator
AIRFLOW_CTX_TASK_ID=task_group_function__1.task_1
AIRFLOW_CTX_EXECUTION_DATE=2023-01-31T04:19:17.367861+00:00
AIRFLOW_CTX_TRY_NUMBER=1
AIRFLOW_CTX_DAG_RUN_ID=scheduled__2023-01-31T04:19:17.367861+00:00
[2023-02-01T04:19:38.696+0000] {python.py:177} INFO - Done. Returned value was: [ Task1 1 ]
[2023-02-01T04:19:38.862+0000] {taskinstance.py:1323} INFO - Marking task as SUCCESS. dag_id=example_task_group_decorator, task_id=task_group_function__1.task_1, execution_date=20230131T041917, start_date=20230201T041936, end_date=20230201T041938
[2023-02-01T04:19:39.136+0000] {local_task_job.py:208} INFO - Task exited with return code 0
[2023-02-01T04:19:39.548+0000] {taskinstance.py:2578} INFO - 1 downstream tasks scheduled from follow-on schedule check
