[2023-02-02T05:14:13.101+0000] {taskinstance.py:1083} INFO - Dependencies all met for <TaskInstance: our_first_dag_v4.first_task scheduled__2021-11-22T00:00:00+00:00 [queued]>
[2023-02-02T05:14:13.183+0000] {taskinstance.py:1083} INFO - Dependencies all met for <TaskInstance: our_first_dag_v4.first_task scheduled__2021-11-22T00:00:00+00:00 [queued]>
[2023-02-02T05:14:13.185+0000] {taskinstance.py:1279} INFO - 
--------------------------------------------------------------------------------
[2023-02-02T05:14:13.185+0000] {taskinstance.py:1280} INFO - Starting attempt 1 of 6
[2023-02-02T05:14:13.186+0000] {taskinstance.py:1281} INFO - 
--------------------------------------------------------------------------------
[2023-02-02T05:14:13.214+0000] {taskinstance.py:1300} INFO - Executing <Task(BashOperator): first_task> on 2021-11-22 00:00:00+00:00
[2023-02-02T05:14:13.224+0000] {standard_task_runner.py:55} INFO - Started process 3834 to run task
[2023-02-02T05:14:13.252+0000] {standard_task_runner.py:82} INFO - Running: ['***', 'tasks', 'run', 'our_first_dag_v4', 'first_task', 'scheduled__2021-11-22T00:00:00+00:00', '--job-id', '365', '--raw', '--subdir', 'DAGS_FOLDER/our_first_dag.py', '--cfg-path', '/tmp/tmpexovg0pb']
[2023-02-02T05:14:13.254+0000] {standard_task_runner.py:83} INFO - Job 365: Subtask first_task
[2023-02-02T05:14:13.450+0000] {task_command.py:388} INFO - Running <TaskInstance: our_first_dag_v4.first_task scheduled__2021-11-22T00:00:00+00:00 [running]> on host 178c757a8fee
[2023-02-02T05:14:13.857+0000] {taskinstance.py:1509} INFO - Exporting the following env vars:
AIRFLOW_CTX_DAG_OWNER=archana
AIRFLOW_CTX_DAG_ID=our_first_dag_v4
AIRFLOW_CTX_TASK_ID=first_task
AIRFLOW_CTX_EXECUTION_DATE=2021-11-22T00:00:00+00:00
AIRFLOW_CTX_TRY_NUMBER=1
AIRFLOW_CTX_DAG_RUN_ID=scheduled__2021-11-22T00:00:00+00:00
[2023-02-02T05:14:13.879+0000] {subprocess.py:63} INFO - Tmp dir root location: 
 /tmp
[2023-02-02T05:14:13.889+0000] {subprocess.py:75} INFO - Running command: ['/bin/bash', '-c', 'echo hello world, this is the first task!']
[2023-02-02T05:14:14.019+0000] {subprocess.py:86} INFO - Output:
[2023-02-02T05:14:14.030+0000] {subprocess.py:93} INFO - hello world, this is the first task!
[2023-02-02T05:14:14.036+0000] {subprocess.py:97} INFO - Command exited with return code 0
[2023-02-02T05:14:14.167+0000] {taskinstance.py:1323} INFO - Marking task as SUCCESS. dag_id=our_first_dag_v4, task_id=first_task, execution_date=20211122T000000, start_date=20230202T051413, end_date=20230202T051414
[2023-02-02T05:14:14.383+0000] {local_task_job.py:208} INFO - Task exited with return code 0
[2023-02-02T05:14:14.491+0000] {taskinstance.py:2578} INFO - 2 downstream tasks scheduled from follow-on schedule check
