[2023-02-02T05:18:25.679+0000] {taskinstance.py:1083} INFO - Dependencies all met for <TaskInstance: our_dag_with_python_operator_v07.greet scheduled__2021-10-13T00:00:00+00:00 [queued]>
[2023-02-02T05:18:25.977+0000] {taskinstance.py:1083} INFO - Dependencies all met for <TaskInstance: our_dag_with_python_operator_v07.greet scheduled__2021-10-13T00:00:00+00:00 [queued]>
[2023-02-02T05:18:25.991+0000] {taskinstance.py:1279} INFO - 
--------------------------------------------------------------------------------
[2023-02-02T05:18:25.992+0000] {taskinstance.py:1280} INFO - Starting attempt 1 of 6
[2023-02-02T05:18:25.993+0000] {taskinstance.py:1281} INFO - 
--------------------------------------------------------------------------------
[2023-02-02T05:18:26.246+0000] {taskinstance.py:1300} INFO - Executing <Task(PythonOperator): greet> on 2021-10-13 00:00:00+00:00
[2023-02-02T05:18:26.317+0000] {standard_task_runner.py:55} INFO - Started process 4757 to run task
[2023-02-02T05:18:26.406+0000] {standard_task_runner.py:82} INFO - Running: ['***', 'tasks', 'run', 'our_dag_with_python_operator_v07', 'greet', 'scheduled__2021-10-13T00:00:00+00:00', '--job-id', '643', '--raw', '--subdir', 'DAGS_FOLDER/dag_python_operator.py', '--cfg-path', '/tmp/tmpf4gaq9ov']
[2023-02-02T05:18:26.417+0000] {standard_task_runner.py:83} INFO - Job 643: Subtask greet
[2023-02-02T05:18:27.421+0000] {task_command.py:388} INFO - Running <TaskInstance: our_dag_with_python_operator_v07.greet scheduled__2021-10-13T00:00:00+00:00 [running]> on host 178c757a8fee
[2023-02-02T05:18:29.830+0000] {taskinstance.py:1509} INFO - Exporting the following env vars:
AIRFLOW_CTX_DAG_OWNER=coder2j
AIRFLOW_CTX_DAG_ID=our_dag_with_python_operator_v07
AIRFLOW_CTX_TASK_ID=greet
AIRFLOW_CTX_EXECUTION_DATE=2021-10-13T00:00:00+00:00
AIRFLOW_CTX_TRY_NUMBER=1
AIRFLOW_CTX_DAG_RUN_ID=scheduled__2021-10-13T00:00:00+00:00
[2023-02-02T05:18:29.917+0000] {logging_mixin.py:137} INFO - some dict:  {'a': 1, 'b': 2}
[2023-02-02T05:18:33.144+0000] {logging_mixin.py:137} INFO - Hello World! My name is Jerry Fridman, and I am 19 years old!
[2023-02-02T05:18:33.235+0000] {python.py:177} INFO - Done. Returned value was: None
[2023-02-02T05:18:35.023+0000] {taskinstance.py:1323} INFO - Marking task as SUCCESS. dag_id=our_dag_with_python_operator_v07, task_id=greet, execution_date=20211013T000000, start_date=20230202T051825, end_date=20230202T051834
[2023-02-02T05:18:38.606+0000] {local_task_job.py:208} INFO - Task exited with return code 0
[2023-02-02T05:18:39.534+0000] {taskinstance.py:2578} INFO - 0 downstream tasks scheduled from follow-on schedule check
