[2023-02-02T14:16:31.980+0000] {taskinstance.py:1083} INFO - Dependencies all met for <TaskInstance: dag_with_catchup_backfill_v1.task1 scheduled__2022-11-12T00:00:00+00:00 [queued]>
[2023-02-02T14:16:32.695+0000] {taskinstance.py:1083} INFO - Dependencies all met for <TaskInstance: dag_with_catchup_backfill_v1.task1 scheduled__2022-11-12T00:00:00+00:00 [queued]>
[2023-02-02T14:16:32.721+0000] {taskinstance.py:1279} INFO - 
--------------------------------------------------------------------------------
[2023-02-02T14:16:32.755+0000] {taskinstance.py:1280} INFO - Starting attempt 7 of 12
[2023-02-02T14:16:32.764+0000] {taskinstance.py:1281} INFO - 
--------------------------------------------------------------------------------
[2023-02-02T14:16:33.600+0000] {taskinstance.py:1300} INFO - Executing <Task(BashOperator): task1> on 2022-11-12 00:00:00+00:00
[2023-02-02T14:16:33.792+0000] {standard_task_runner.py:55} INFO - Started process 15219 to run task
[2023-02-02T14:16:34.018+0000] {standard_task_runner.py:82} INFO - Running: ['***', 'tasks', 'run', 'dag_with_catchup_backfill_v1', 'task1', 'scheduled__2022-11-12T00:00:00+00:00', '--job-id', '1274', '--raw', '--subdir', 'DAGS_FOLDER/dag_with_catchup_and_backfill.py', '--cfg-path', '/tmp/tmpqsvx4akr']
[2023-02-02T14:16:34.062+0000] {standard_task_runner.py:83} INFO - Job 1274: Subtask task1
[2023-02-02T14:16:38.627+0000] {task_command.py:388} INFO - Running <TaskInstance: dag_with_catchup_backfill_v1.task1 scheduled__2022-11-12T00:00:00+00:00 [running]> on host 178c757a8fee
[2023-02-02T14:16:48.174+0000] {taskinstance.py:1509} INFO - Exporting the following env vars:
AIRFLOW_CTX_DAG_OWNER=archana
AIRFLOW_CTX_DAG_ID=dag_with_catchup_backfill_v1
AIRFLOW_CTX_TASK_ID=task1
AIRFLOW_CTX_EXECUTION_DATE=2022-11-12T00:00:00+00:00
AIRFLOW_CTX_TRY_NUMBER=7
AIRFLOW_CTX_DAG_RUN_ID=scheduled__2022-11-12T00:00:00+00:00
[2023-02-02T14:16:48.674+0000] {subprocess.py:63} INFO - Tmp dir root location: 
 /tmp
[2023-02-02T14:16:48.917+0000] {subprocess.py:75} INFO - Running command: ['/bin/bash', '-c', 'echo This is a simple Bash Command!']
[2023-02-02T14:16:50.331+0000] {subprocess.py:86} INFO - Output:
[2023-02-02T14:16:50.410+0000] {subprocess.py:93} INFO - This is a simple Bash Command!
[2023-02-02T14:16:50.444+0000] {subprocess.py:97} INFO - Command exited with return code 0
[2023-02-02T14:16:53.068+0000] {taskinstance.py:1323} INFO - Marking task as SUCCESS. dag_id=dag_with_catchup_backfill_v1, task_id=task1, execution_date=20221112T000000, start_date=20230202T141632, end_date=20230202T141653
[2023-02-02T14:16:56.431+0000] {local_task_job.py:208} INFO - Task exited with return code 0
[2023-02-02T14:16:58.684+0000] {taskinstance.py:2578} INFO - 0 downstream tasks scheduled from follow-on schedule check
