[2023-02-02T09:21:23.738+0000] {taskinstance.py:1083} INFO - Dependencies all met for <TaskInstance: our_first_dag_v.first_task scheduled__2021-08-16T00:00:00+00:00 [queued]>
[2023-02-02T09:21:23.904+0000] {taskinstance.py:1083} INFO - Dependencies all met for <TaskInstance: our_first_dag_v.first_task scheduled__2021-08-16T00:00:00+00:00 [queued]>
[2023-02-02T09:21:23.906+0000] {taskinstance.py:1279} INFO - 
--------------------------------------------------------------------------------
[2023-02-02T09:21:23.910+0000] {taskinstance.py:1280} INFO - Starting attempt 1 of 6
[2023-02-02T09:21:23.913+0000] {taskinstance.py:1281} INFO - 
--------------------------------------------------------------------------------
[2023-02-02T09:21:24.223+0000] {taskinstance.py:1300} INFO - Executing <Task(BashOperator): first_task> on 2021-08-16 00:00:00+00:00
[2023-02-02T09:21:24.461+0000] {standard_task_runner.py:55} INFO - Started process 2880 to run task
[2023-02-02T09:21:24.576+0000] {standard_task_runner.py:82} INFO - Running: ['***', 'tasks', 'run', 'our_first_dag_v', 'first_task', 'scheduled__2021-08-16T00:00:00+00:00', '--job-id', '854', '--raw', '--subdir', 'DAGS_FOLDER/our_first_dag.py', '--cfg-path', '/tmp/tmp23azfrfs']
[2023-02-02T09:21:24.606+0000] {standard_task_runner.py:83} INFO - Job 854: Subtask first_task
[2023-02-02T09:21:26.522+0000] {task_command.py:388} INFO - Running <TaskInstance: our_first_dag_v.first_task scheduled__2021-08-16T00:00:00+00:00 [running]> on host 178c757a8fee
[2023-02-02T09:21:34.386+0000] {taskinstance.py:1509} INFO - Exporting the following env vars:
AIRFLOW_CTX_DAG_OWNER=archana
AIRFLOW_CTX_DAG_ID=our_first_dag_v
AIRFLOW_CTX_TASK_ID=first_task
AIRFLOW_CTX_EXECUTION_DATE=2021-08-16T00:00:00+00:00
AIRFLOW_CTX_TRY_NUMBER=1
AIRFLOW_CTX_DAG_RUN_ID=scheduled__2021-08-16T00:00:00+00:00
[2023-02-02T09:21:34.567+0000] {subprocess.py:63} INFO - Tmp dir root location: 
 /tmp
[2023-02-02T09:21:34.618+0000] {subprocess.py:75} INFO - Running command: ['/bin/bash', '-c', 'echo hello world, this is the first task!']
[2023-02-02T09:21:35.677+0000] {subprocess.py:86} INFO - Output:
[2023-02-02T09:21:35.919+0000] {subprocess.py:93} INFO - hello world, this is the first task!
[2023-02-02T09:21:36.067+0000] {subprocess.py:97} INFO - Command exited with return code 0
[2023-02-02T09:21:37.600+0000] {taskinstance.py:1323} INFO - Marking task as SUCCESS. dag_id=our_first_dag_v, task_id=first_task, execution_date=20210816T000000, start_date=20230202T092123, end_date=20230202T092137
[2023-02-02T09:21:40.014+0000] {local_task_job.py:208} INFO - Task exited with return code 0
[2023-02-02T09:21:40.876+0000] {taskinstance.py:2578} INFO - 0 downstream tasks scheduled from follow-on schedule check
