[2023-02-02T05:17:10.304+0000] {taskinstance.py:1083} INFO - Dependencies all met for <TaskInstance: our_first_dag_v4.second_task scheduled__2022-01-24T00:00:00+00:00 [queued]>
[2023-02-02T05:17:10.414+0000] {taskinstance.py:1083} INFO - Dependencies all met for <TaskInstance: our_first_dag_v4.second_task scheduled__2022-01-24T00:00:00+00:00 [queued]>
[2023-02-02T05:17:10.418+0000] {taskinstance.py:1279} INFO - 
--------------------------------------------------------------------------------
[2023-02-02T05:17:10.420+0000] {taskinstance.py:1280} INFO - Starting attempt 1 of 6
[2023-02-02T05:17:10.421+0000] {taskinstance.py:1281} INFO - 
--------------------------------------------------------------------------------
[2023-02-02T05:17:10.549+0000] {taskinstance.py:1300} INFO - Executing <Task(BashOperator): second_task> on 2022-01-24 00:00:00+00:00
[2023-02-02T05:17:10.628+0000] {standard_task_runner.py:55} INFO - Started process 4527 to run task
[2023-02-02T05:17:10.711+0000] {standard_task_runner.py:82} INFO - Running: ['***', 'tasks', 'run', 'our_first_dag_v4', 'second_task', 'scheduled__2022-01-24T00:00:00+00:00', '--job-id', '563', '--raw', '--subdir', 'DAGS_FOLDER/our_first_dag.py', '--cfg-path', '/tmp/tmpn_xgy8lk']
[2023-02-02T05:17:10.724+0000] {standard_task_runner.py:83} INFO - Job 563: Subtask second_task
[2023-02-02T05:17:11.926+0000] {task_command.py:388} INFO - Running <TaskInstance: our_first_dag_v4.second_task scheduled__2022-01-24T00:00:00+00:00 [running]> on host 178c757a8fee
[2023-02-02T05:17:13.326+0000] {taskinstance.py:1509} INFO - Exporting the following env vars:
AIRFLOW_CTX_DAG_OWNER=archana
AIRFLOW_CTX_DAG_ID=our_first_dag_v4
AIRFLOW_CTX_TASK_ID=second_task
AIRFLOW_CTX_EXECUTION_DATE=2022-01-24T00:00:00+00:00
AIRFLOW_CTX_TRY_NUMBER=1
AIRFLOW_CTX_DAG_RUN_ID=scheduled__2022-01-24T00:00:00+00:00
[2023-02-02T05:17:13.394+0000] {subprocess.py:63} INFO - Tmp dir root location: 
 /tmp
[2023-02-02T05:17:13.434+0000] {subprocess.py:75} INFO - Running command: ['/bin/bash', '-c', 'echo hey, I am task2 and will be running after the task1']
[2023-02-02T05:17:13.995+0000] {subprocess.py:86} INFO - Output:
[2023-02-02T05:17:14.141+0000] {subprocess.py:93} INFO - hey, I am task2 and will be running after the task1
[2023-02-02T05:17:14.192+0000] {subprocess.py:97} INFO - Command exited with return code 0
[2023-02-02T05:17:15.244+0000] {taskinstance.py:1323} INFO - Marking task as SUCCESS. dag_id=our_first_dag_v4, task_id=second_task, execution_date=20220124T000000, start_date=20230202T051710, end_date=20230202T051715
[2023-02-02T05:17:17.116+0000] {local_task_job.py:208} INFO - Task exited with return code 0
[2023-02-02T05:17:18.613+0000] {taskinstance.py:2578} INFO - 0 downstream tasks scheduled from follow-on schedule check
