[2023-02-02T09:24:01.691+0000] {taskinstance.py:1083} INFO - Dependencies all met for <TaskInstance: our_first_dag_v2.second_task scheduled__2021-08-27T00:00:00+00:00 [queued]>
[2023-02-02T09:24:02.219+0000] {taskinstance.py:1083} INFO - Dependencies all met for <TaskInstance: our_first_dag_v2.second_task scheduled__2021-08-27T00:00:00+00:00 [queued]>
[2023-02-02T09:24:02.227+0000] {taskinstance.py:1279} INFO - 
--------------------------------------------------------------------------------
[2023-02-02T09:24:02.238+0000] {taskinstance.py:1280} INFO - Starting attempt 1 of 6
[2023-02-02T09:24:02.241+0000] {taskinstance.py:1281} INFO - 
--------------------------------------------------------------------------------
[2023-02-02T09:24:03.353+0000] {taskinstance.py:1300} INFO - Executing <Task(BashOperator): second_task> on 2021-08-27 00:00:00+00:00
[2023-02-02T09:24:03.996+0000] {standard_task_runner.py:55} INFO - Started process 3146 to run task
[2023-02-02T09:24:04.374+0000] {standard_task_runner.py:82} INFO - Running: ['***', 'tasks', 'run', 'our_first_dag_v2', 'second_task', 'scheduled__2021-08-27T00:00:00+00:00', '--job-id', '917', '--raw', '--subdir', 'DAGS_FOLDER/second_dag.py', '--cfg-path', '/tmp/tmp_gg4jv1d']
[2023-02-02T09:24:04.474+0000] {standard_task_runner.py:83} INFO - Job 917: Subtask second_task
[2023-02-02T09:24:07.956+0000] {task_command.py:388} INFO - Running <TaskInstance: our_first_dag_v2.second_task scheduled__2021-08-27T00:00:00+00:00 [running]> on host 178c757a8fee
[2023-02-02T09:24:16.976+0000] {taskinstance.py:1509} INFO - Exporting the following env vars:
AIRFLOW_CTX_DAG_OWNER=archana
AIRFLOW_CTX_DAG_ID=our_first_dag_v2
AIRFLOW_CTX_TASK_ID=second_task
AIRFLOW_CTX_EXECUTION_DATE=2021-08-27T00:00:00+00:00
AIRFLOW_CTX_TRY_NUMBER=1
AIRFLOW_CTX_DAG_RUN_ID=scheduled__2021-08-27T00:00:00+00:00
[2023-02-02T09:24:17.052+0000] {subprocess.py:63} INFO - Tmp dir root location: 
 /tmp
[2023-02-02T09:24:17.061+0000] {subprocess.py:75} INFO - Running command: ['/bin/bash', '-c', 'echo hey, I am task2 and will be running after the task1']
[2023-02-02T09:24:17.504+0000] {subprocess.py:86} INFO - Output:
[2023-02-02T09:24:17.629+0000] {subprocess.py:93} INFO - hey, I am task2 and will be running after the task1
[2023-02-02T09:24:17.684+0000] {subprocess.py:97} INFO - Command exited with return code 0
[2023-02-02T09:24:19.056+0000] {taskinstance.py:1323} INFO - Marking task as SUCCESS. dag_id=our_first_dag_v2, task_id=second_task, execution_date=20210827T000000, start_date=20230202T092401, end_date=20230202T092419
[2023-02-02T09:24:21.108+0000] {local_task_job.py:208} INFO - Task exited with return code 0
[2023-02-02T09:24:21.877+0000] {taskinstance.py:2578} INFO - 0 downstream tasks scheduled from follow-on schedule check
