[2023-02-02T14:22:16.968+0000] {taskinstance.py:1083} INFO - Dependencies all met for <TaskInstance: dag_with_catchup_backfill_v1.task1 scheduled__2023-01-07T00:00:00+00:00 [queued]>
[2023-02-02T14:22:23.927+0000] {taskinstance.py:1083} INFO - Dependencies all met for <TaskInstance: dag_with_catchup_backfill_v1.task1 scheduled__2023-01-07T00:00:00+00:00 [queued]>
[2023-02-02T14:22:24.104+0000] {taskinstance.py:1279} INFO - 
--------------------------------------------------------------------------------
[2023-02-02T14:22:24.126+0000] {taskinstance.py:1280} INFO - Starting attempt 1 of 6
[2023-02-02T14:22:24.158+0000] {taskinstance.py:1281} INFO - 
--------------------------------------------------------------------------------
[2023-02-02T14:22:29.969+0000] {taskinstance.py:1300} INFO - Executing <Task(BashOperator): task1> on 2023-01-07 00:00:00+00:00
[2023-02-02T14:22:31.933+0000] {standard_task_runner.py:55} INFO - Started process 15501 to run task
[2023-02-02T14:22:33.835+0000] {standard_task_runner.py:82} INFO - Running: ['***', 'tasks', 'run', 'dag_with_catchup_backfill_v1', 'task1', 'scheduled__2023-01-07T00:00:00+00:00', '--job-id', '1316', '--raw', '--subdir', 'DAGS_FOLDER/dag_with_catchup_and_backfill.py', '--cfg-path', '/tmp/tmp5f3c2wp_']
[2023-02-02T14:22:34.561+0000] {standard_task_runner.py:83} INFO - Job 1316: Subtask task1
[2023-02-02T14:23:24.749+0000] {task_command.py:388} INFO - Running <TaskInstance: dag_with_catchup_backfill_v1.task1 scheduled__2023-01-07T00:00:00+00:00 [running]> on host 178c757a8fee
[2023-02-02T14:24:26.570+0000] {taskinstance.py:1509} INFO - Exporting the following env vars:
AIRFLOW_CTX_DAG_OWNER=archana
AIRFLOW_CTX_DAG_ID=dag_with_catchup_backfill_v1
AIRFLOW_CTX_TASK_ID=task1
AIRFLOW_CTX_EXECUTION_DATE=2023-01-07T00:00:00+00:00
AIRFLOW_CTX_TRY_NUMBER=1
AIRFLOW_CTX_DAG_RUN_ID=scheduled__2023-01-07T00:00:00+00:00
[2023-02-02T14:24:26.999+0000] {subprocess.py:63} INFO - Tmp dir root location: 
 /tmp
[2023-02-02T14:24:27.126+0000] {subprocess.py:75} INFO - Running command: ['/bin/bash', '-c', 'echo This is a simple Bash Command!']
[2023-02-02T14:24:32.926+0000] {subprocess.py:86} INFO - Output:
[2023-02-02T14:24:33.459+0000] {subprocess.py:93} INFO - This is a simple Bash Command!
[2023-02-02T14:24:33.584+0000] {subprocess.py:97} INFO - Command exited with return code 0
[2023-02-02T14:24:47.901+0000] {taskinstance.py:1323} INFO - Marking task as SUCCESS. dag_id=dag_with_catchup_backfill_v1, task_id=task1, execution_date=20230107T000000, start_date=20230202T142218, end_date=20230202T142447
[2023-02-02T14:25:02.550+0000] {local_task_job.py:208} INFO - Task exited with return code 0
[2023-02-02T14:25:08.938+0000] {taskinstance.py:2578} INFO - 0 downstream tasks scheduled from follow-on schedule check
