[2023-02-02T05:15:14.731+0000] {taskinstance.py:1083} INFO - Dependencies all met for <TaskInstance: our_first_dag_v4.first_task scheduled__2021-12-22T00:00:00+00:00 [queued]>
[2023-02-02T05:15:15.120+0000] {taskinstance.py:1083} INFO - Dependencies all met for <TaskInstance: our_first_dag_v4.first_task scheduled__2021-12-22T00:00:00+00:00 [queued]>
[2023-02-02T05:15:15.155+0000] {taskinstance.py:1279} INFO - 
--------------------------------------------------------------------------------
[2023-02-02T05:15:15.176+0000] {taskinstance.py:1280} INFO - Starting attempt 1 of 6
[2023-02-02T05:15:15.178+0000] {taskinstance.py:1281} INFO - 
--------------------------------------------------------------------------------
[2023-02-02T05:15:16.147+0000] {taskinstance.py:1300} INFO - Executing <Task(BashOperator): first_task> on 2021-12-22 00:00:00+00:00
[2023-02-02T05:15:16.291+0000] {standard_task_runner.py:55} INFO - Started process 4116 to run task
[2023-02-02T05:15:16.320+0000] {standard_task_runner.py:82} INFO - Running: ['***', 'tasks', 'run', 'our_first_dag_v4', 'first_task', 'scheduled__2021-12-22T00:00:00+00:00', '--job-id', '445', '--raw', '--subdir', 'DAGS_FOLDER/our_first_dag.py', '--cfg-path', '/tmp/tmpelscb5wf']
[2023-02-02T05:15:16.324+0000] {standard_task_runner.py:83} INFO - Job 445: Subtask first_task
[2023-02-02T05:15:21.209+0000] {task_command.py:388} INFO - Running <TaskInstance: our_first_dag_v4.first_task scheduled__2021-12-22T00:00:00+00:00 [running]> on host 178c757a8fee
[2023-02-02T05:15:24.471+0000] {taskinstance.py:1509} INFO - Exporting the following env vars:
AIRFLOW_CTX_DAG_OWNER=archana
AIRFLOW_CTX_DAG_ID=our_first_dag_v4
AIRFLOW_CTX_TASK_ID=first_task
AIRFLOW_CTX_EXECUTION_DATE=2021-12-22T00:00:00+00:00
AIRFLOW_CTX_TRY_NUMBER=1
AIRFLOW_CTX_DAG_RUN_ID=scheduled__2021-12-22T00:00:00+00:00
[2023-02-02T05:15:24.521+0000] {subprocess.py:63} INFO - Tmp dir root location: 
 /tmp
[2023-02-02T05:15:24.538+0000] {subprocess.py:75} INFO - Running command: ['/bin/bash', '-c', 'echo hello world, this is the first task!']
[2023-02-02T05:15:24.801+0000] {subprocess.py:86} INFO - Output:
[2023-02-02T05:15:24.861+0000] {subprocess.py:93} INFO - hello world, this is the first task!
[2023-02-02T05:15:24.889+0000] {subprocess.py:97} INFO - Command exited with return code 0
[2023-02-02T05:15:25.406+0000] {taskinstance.py:1323} INFO - Marking task as SUCCESS. dag_id=our_first_dag_v4, task_id=first_task, execution_date=20211222T000000, start_date=20230202T051514, end_date=20230202T051525
[2023-02-02T05:15:26.383+0000] {local_task_job.py:208} INFO - Task exited with return code 0
[2023-02-02T05:15:27.148+0000] {taskinstance.py:2578} INFO - 2 downstream tasks scheduled from follow-on schedule check
