[2023-02-02T05:16:51.646+0000] {taskinstance.py:1083} INFO - Dependencies all met for <TaskInstance: our_first_dag_v4.second_task scheduled__2022-01-15T00:00:00+00:00 [queued]>
[2023-02-02T05:16:51.778+0000] {taskinstance.py:1083} INFO - Dependencies all met for <TaskInstance: our_first_dag_v4.second_task scheduled__2022-01-15T00:00:00+00:00 [queued]>
[2023-02-02T05:16:51.800+0000] {taskinstance.py:1279} INFO - 
--------------------------------------------------------------------------------
[2023-02-02T05:16:51.805+0000] {taskinstance.py:1280} INFO - Starting attempt 1 of 6
[2023-02-02T05:16:51.806+0000] {taskinstance.py:1281} INFO - 
--------------------------------------------------------------------------------
[2023-02-02T05:16:52.070+0000] {taskinstance.py:1300} INFO - Executing <Task(BashOperator): second_task> on 2022-01-15 00:00:00+00:00
[2023-02-02T05:16:52.113+0000] {standard_task_runner.py:55} INFO - Started process 4432 to run task
[2023-02-02T05:16:52.162+0000] {standard_task_runner.py:82} INFO - Running: ['***', 'tasks', 'run', 'our_first_dag_v4', 'second_task', 'scheduled__2022-01-15T00:00:00+00:00', '--job-id', '541', '--raw', '--subdir', 'DAGS_FOLDER/our_first_dag.py', '--cfg-path', '/tmp/tmpyg8z734j']
[2023-02-02T05:16:52.166+0000] {standard_task_runner.py:83} INFO - Job 541: Subtask second_task
[2023-02-02T05:16:52.948+0000] {task_command.py:388} INFO - Running <TaskInstance: our_first_dag_v4.second_task scheduled__2022-01-15T00:00:00+00:00 [running]> on host 178c757a8fee
[2023-02-02T05:16:53.707+0000] {taskinstance.py:1509} INFO - Exporting the following env vars:
AIRFLOW_CTX_DAG_OWNER=archana
AIRFLOW_CTX_DAG_ID=our_first_dag_v4
AIRFLOW_CTX_TASK_ID=second_task
AIRFLOW_CTX_EXECUTION_DATE=2022-01-15T00:00:00+00:00
AIRFLOW_CTX_TRY_NUMBER=1
AIRFLOW_CTX_DAG_RUN_ID=scheduled__2022-01-15T00:00:00+00:00
[2023-02-02T05:16:53.712+0000] {subprocess.py:63} INFO - Tmp dir root location: 
 /tmp
[2023-02-02T05:16:53.716+0000] {subprocess.py:75} INFO - Running command: ['/bin/bash', '-c', 'echo hey, I am task2 and will be running after the task1']
[2023-02-02T05:16:53.879+0000] {subprocess.py:86} INFO - Output:
[2023-02-02T05:16:53.903+0000] {subprocess.py:93} INFO - hey, I am task2 and will be running after the task1
[2023-02-02T05:16:53.906+0000] {subprocess.py:97} INFO - Command exited with return code 0
[2023-02-02T05:16:54.091+0000] {taskinstance.py:1323} INFO - Marking task as SUCCESS. dag_id=our_first_dag_v4, task_id=second_task, execution_date=20220115T000000, start_date=20230202T051651, end_date=20230202T051654
[2023-02-02T05:16:54.389+0000] {local_task_job.py:208} INFO - Task exited with return code 0
[2023-02-02T05:16:54.573+0000] {taskinstance.py:2578} INFO - 0 downstream tasks scheduled from follow-on schedule check
