[2023-02-02T05:17:35.102+0000] {taskinstance.py:1083} INFO - Dependencies all met for <TaskInstance: our_dag_with_python_operator_v07.greet scheduled__2021-10-06T00:00:00+00:00 [queued]>
[2023-02-02T05:17:35.421+0000] {taskinstance.py:1083} INFO - Dependencies all met for <TaskInstance: our_dag_with_python_operator_v07.greet scheduled__2021-10-06T00:00:00+00:00 [queued]>
[2023-02-02T05:17:35.426+0000] {taskinstance.py:1279} INFO - 
--------------------------------------------------------------------------------
[2023-02-02T05:17:35.428+0000] {taskinstance.py:1280} INFO - Starting attempt 1 of 6
[2023-02-02T05:17:35.434+0000] {taskinstance.py:1281} INFO - 
--------------------------------------------------------------------------------
[2023-02-02T05:17:35.778+0000] {taskinstance.py:1300} INFO - Executing <Task(PythonOperator): greet> on 2021-10-06 00:00:00+00:00
[2023-02-02T05:17:35.838+0000] {standard_task_runner.py:55} INFO - Started process 4610 to run task
[2023-02-02T05:17:35.879+0000] {standard_task_runner.py:82} INFO - Running: ['***', 'tasks', 'run', 'our_dag_with_python_operator_v07', 'greet', 'scheduled__2021-10-06T00:00:00+00:00', '--job-id', '587', '--raw', '--subdir', 'DAGS_FOLDER/dag_python_operator.py', '--cfg-path', '/tmp/tmpx9g01sgr']
[2023-02-02T05:17:35.885+0000] {standard_task_runner.py:83} INFO - Job 587: Subtask greet
[2023-02-02T05:17:36.732+0000] {task_command.py:388} INFO - Running <TaskInstance: our_dag_with_python_operator_v07.greet scheduled__2021-10-06T00:00:00+00:00 [running]> on host 178c757a8fee
[2023-02-02T05:17:38.354+0000] {taskinstance.py:1509} INFO - Exporting the following env vars:
AIRFLOW_CTX_DAG_OWNER=coder2j
AIRFLOW_CTX_DAG_ID=our_dag_with_python_operator_v07
AIRFLOW_CTX_TASK_ID=greet
AIRFLOW_CTX_EXECUTION_DATE=2021-10-06T00:00:00+00:00
AIRFLOW_CTX_TRY_NUMBER=1
AIRFLOW_CTX_DAG_RUN_ID=scheduled__2021-10-06T00:00:00+00:00
[2023-02-02T05:17:38.433+0000] {logging_mixin.py:137} INFO - some dict:  {'a': 1, 'b': 2}
[2023-02-02T05:17:39.148+0000] {logging_mixin.py:137} INFO - Hello World! My name is Jerry Fridman, and I am 19 years old!
[2023-02-02T05:17:39.155+0000] {python.py:177} INFO - Done. Returned value was: None
[2023-02-02T05:17:39.241+0000] {taskinstance.py:1323} INFO - Marking task as SUCCESS. dag_id=our_dag_with_python_operator_v07, task_id=greet, execution_date=20211006T000000, start_date=20230202T051735, end_date=20230202T051739
[2023-02-02T05:17:40.357+0000] {local_task_job.py:208} INFO - Task exited with return code 0
[2023-02-02T05:17:40.853+0000] {taskinstance.py:2578} INFO - 0 downstream tasks scheduled from follow-on schedule check
