[2023-02-02T05:13:02.994+0000] {taskinstance.py:1083} INFO - Dependencies all met for <TaskInstance: our_first_dag_v4.first_task scheduled__2021-10-27T00:00:00+00:00 [queued]>
[2023-02-02T05:13:03.068+0000] {taskinstance.py:1083} INFO - Dependencies all met for <TaskInstance: our_first_dag_v4.first_task scheduled__2021-10-27T00:00:00+00:00 [queued]>
[2023-02-02T05:13:03.077+0000] {taskinstance.py:1279} INFO - 
--------------------------------------------------------------------------------
[2023-02-02T05:13:03.080+0000] {taskinstance.py:1280} INFO - Starting attempt 1 of 6
[2023-02-02T05:13:03.082+0000] {taskinstance.py:1281} INFO - 
--------------------------------------------------------------------------------
[2023-02-02T05:13:03.413+0000] {taskinstance.py:1300} INFO - Executing <Task(BashOperator): first_task> on 2021-10-27 00:00:00+00:00
[2023-02-02T05:13:03.540+0000] {standard_task_runner.py:55} INFO - Started process 3547 to run task
[2023-02-02T05:13:03.687+0000] {standard_task_runner.py:82} INFO - Running: ['***', 'tasks', 'run', 'our_first_dag_v4', 'first_task', 'scheduled__2021-10-27T00:00:00+00:00', '--job-id', '280', '--raw', '--subdir', 'DAGS_FOLDER/our_first_dag.py', '--cfg-path', '/tmp/tmpg2tv8904']
[2023-02-02T05:13:03.705+0000] {standard_task_runner.py:83} INFO - Job 280: Subtask first_task
[2023-02-02T05:13:04.301+0000] {task_command.py:388} INFO - Running <TaskInstance: our_first_dag_v4.first_task scheduled__2021-10-27T00:00:00+00:00 [running]> on host 178c757a8fee
[2023-02-02T05:13:05.146+0000] {taskinstance.py:1509} INFO - Exporting the following env vars:
AIRFLOW_CTX_DAG_OWNER=archana
AIRFLOW_CTX_DAG_ID=our_first_dag_v4
AIRFLOW_CTX_TASK_ID=first_task
AIRFLOW_CTX_EXECUTION_DATE=2021-10-27T00:00:00+00:00
AIRFLOW_CTX_TRY_NUMBER=1
AIRFLOW_CTX_DAG_RUN_ID=scheduled__2021-10-27T00:00:00+00:00
[2023-02-02T05:13:05.159+0000] {subprocess.py:63} INFO - Tmp dir root location: 
 /tmp
[2023-02-02T05:13:05.162+0000] {subprocess.py:75} INFO - Running command: ['/bin/bash', '-c', 'echo hello world, this is the first task!']
[2023-02-02T05:13:05.370+0000] {subprocess.py:86} INFO - Output:
[2023-02-02T05:13:05.421+0000] {subprocess.py:93} INFO - hello world, this is the first task!
[2023-02-02T05:13:05.425+0000] {subprocess.py:97} INFO - Command exited with return code 0
[2023-02-02T05:13:05.568+0000] {taskinstance.py:1323} INFO - Marking task as SUCCESS. dag_id=our_first_dag_v4, task_id=first_task, execution_date=20211027T000000, start_date=20230202T051303, end_date=20230202T051305
[2023-02-02T05:13:06.068+0000] {local_task_job.py:208} INFO - Task exited with return code 0
[2023-02-02T05:13:06.536+0000] {taskinstance.py:2578} INFO - 0 downstream tasks scheduled from follow-on schedule check
