[2023-02-02T14:15:00.784+0000] {taskinstance.py:1083} INFO - Dependencies all met for <TaskInstance: dag_with_catchup_backfill_v1.task1 scheduled__2022-11-08T00:00:00+00:00 [queued]>
[2023-02-02T14:15:01.444+0000] {taskinstance.py:1083} INFO - Dependencies all met for <TaskInstance: dag_with_catchup_backfill_v1.task1 scheduled__2022-11-08T00:00:00+00:00 [queued]>
[2023-02-02T14:15:01.474+0000] {taskinstance.py:1279} INFO - 
--------------------------------------------------------------------------------
[2023-02-02T14:15:01.493+0000] {taskinstance.py:1280} INFO - Starting attempt 8 of 12
[2023-02-02T14:15:01.519+0000] {taskinstance.py:1281} INFO - 
--------------------------------------------------------------------------------
[2023-02-02T14:15:01.938+0000] {taskinstance.py:1300} INFO - Executing <Task(BashOperator): task1> on 2022-11-08 00:00:00+00:00
[2023-02-02T14:15:02.102+0000] {standard_task_runner.py:55} INFO - Started process 15138 to run task
[2023-02-02T14:15:02.387+0000] {standard_task_runner.py:82} INFO - Running: ['***', 'tasks', 'run', 'dag_with_catchup_backfill_v1', 'task1', 'scheduled__2022-11-08T00:00:00+00:00', '--job-id', '1254', '--raw', '--subdir', 'DAGS_FOLDER/dag_with_catchup_and_backfill.py', '--cfg-path', '/tmp/tmpue865tto']
[2023-02-02T14:15:02.450+0000] {standard_task_runner.py:83} INFO - Job 1254: Subtask task1
[2023-02-02T14:15:08.081+0000] {task_command.py:388} INFO - Running <TaskInstance: dag_with_catchup_backfill_v1.task1 scheduled__2022-11-08T00:00:00+00:00 [running]> on host 178c757a8fee
[2023-02-02T14:15:20.830+0000] {taskinstance.py:1509} INFO - Exporting the following env vars:
AIRFLOW_CTX_DAG_OWNER=archana
AIRFLOW_CTX_DAG_ID=dag_with_catchup_backfill_v1
AIRFLOW_CTX_TASK_ID=task1
AIRFLOW_CTX_EXECUTION_DATE=2022-11-08T00:00:00+00:00
AIRFLOW_CTX_TRY_NUMBER=8
AIRFLOW_CTX_DAG_RUN_ID=scheduled__2022-11-08T00:00:00+00:00
[2023-02-02T14:15:21.625+0000] {subprocess.py:63} INFO - Tmp dir root location: 
 /tmp
[2023-02-02T14:15:21.823+0000] {subprocess.py:75} INFO - Running command: ['/bin/bash', '-c', 'echo This is a simple Bash Command!']
[2023-02-02T14:15:24.027+0000] {subprocess.py:86} INFO - Output:
[2023-02-02T14:15:24.335+0000] {subprocess.py:93} INFO - This is a simple Bash Command!
[2023-02-02T14:15:24.373+0000] {subprocess.py:97} INFO - Command exited with return code 0
[2023-02-02T14:15:28.885+0000] {taskinstance.py:1323} INFO - Marking task as SUCCESS. dag_id=dag_with_catchup_backfill_v1, task_id=task1, execution_date=20221108T000000, start_date=20230202T141500, end_date=20230202T141528
[2023-02-02T14:15:36.226+0000] {local_task_job.py:208} INFO - Task exited with return code 0
[2023-02-02T14:15:43.945+0000] {taskinstance.py:2578} INFO - 0 downstream tasks scheduled from follow-on schedule check
