[2023-02-02T06:05:59.524+0000] {taskinstance.py:1083} INFO - Dependencies all met for <TaskInstance: our_first_dag_v2.first_task scheduled__2021-08-10T00:00:00+00:00 [queued]>
[2023-02-02T06:06:00.012+0000] {taskinstance.py:1083} INFO - Dependencies all met for <TaskInstance: our_first_dag_v2.first_task scheduled__2021-08-10T00:00:00+00:00 [queued]>
[2023-02-02T06:06:00.055+0000] {taskinstance.py:1279} INFO - 
--------------------------------------------------------------------------------
[2023-02-02T06:06:00.067+0000] {taskinstance.py:1280} INFO - Starting attempt 1 of 6
[2023-02-02T06:06:00.077+0000] {taskinstance.py:1281} INFO - 
--------------------------------------------------------------------------------
[2023-02-02T06:06:01.202+0000] {taskinstance.py:1300} INFO - Executing <Task(BashOperator): first_task> on 2021-08-10 00:00:00+00:00
[2023-02-02T06:06:01.507+0000] {standard_task_runner.py:55} INFO - Started process 580 to run task
[2023-02-02T06:06:01.630+0000] {standard_task_runner.py:82} INFO - Running: ['***', 'tasks', 'run', 'our_first_dag_v2', 'first_task', 'scheduled__2021-08-10T00:00:00+00:00', '--job-id', '696', '--raw', '--subdir', 'DAGS_FOLDER/second_dag.py', '--cfg-path', '/tmp/tmp7hf6qbxn']
[2023-02-02T06:06:01.651+0000] {standard_task_runner.py:83} INFO - Job 696: Subtask first_task
[2023-02-02T06:06:03.193+0000] {task_command.py:388} INFO - Running <TaskInstance: our_first_dag_v2.first_task scheduled__2021-08-10T00:00:00+00:00 [running]> on host 178c757a8fee
[2023-02-02T06:06:06.239+0000] {taskinstance.py:1509} INFO - Exporting the following env vars:
AIRFLOW_CTX_DAG_OWNER=archana
AIRFLOW_CTX_DAG_ID=our_first_dag_v2
AIRFLOW_CTX_TASK_ID=first_task
AIRFLOW_CTX_EXECUTION_DATE=2021-08-10T00:00:00+00:00
AIRFLOW_CTX_TRY_NUMBER=1
AIRFLOW_CTX_DAG_RUN_ID=scheduled__2021-08-10T00:00:00+00:00
[2023-02-02T06:06:06.256+0000] {subprocess.py:63} INFO - Tmp dir root location: 
 /tmp
[2023-02-02T06:06:06.301+0000] {subprocess.py:75} INFO - Running command: ['/bin/bash', '-c', 'echo hello world, this is the first task!']
[2023-02-02T06:06:06.566+0000] {subprocess.py:86} INFO - Output:
[2023-02-02T06:06:06.580+0000] {subprocess.py:93} INFO - hello world, this is the first task!
[2023-02-02T06:06:06.590+0000] {subprocess.py:97} INFO - Command exited with return code 0
[2023-02-02T06:06:07.561+0000] {taskinstance.py:1323} INFO - Marking task as SUCCESS. dag_id=our_first_dag_v2, task_id=first_task, execution_date=20210810T000000, start_date=20230202T060559, end_date=20230202T060607
[2023-02-02T06:06:08.568+0000] {local_task_job.py:208} INFO - Task exited with return code 0
[2023-02-02T06:06:09.134+0000] {taskinstance.py:2578} INFO - 1 downstream tasks scheduled from follow-on schedule check
