[2023-02-02T05:18:09.181+0000] {taskinstance.py:1083} INFO - Dependencies all met for <TaskInstance: our_first_dag_v4.first_task scheduled__2022-02-06T00:00:00+00:00 [queued]>
[2023-02-02T05:18:09.306+0000] {taskinstance.py:1083} INFO - Dependencies all met for <TaskInstance: our_first_dag_v4.first_task scheduled__2022-02-06T00:00:00+00:00 [queued]>
[2023-02-02T05:18:09.308+0000] {taskinstance.py:1279} INFO - 
--------------------------------------------------------------------------------
[2023-02-02T05:18:09.309+0000] {taskinstance.py:1280} INFO - Starting attempt 1 of 6
[2023-02-02T05:18:09.315+0000] {taskinstance.py:1281} INFO - 
--------------------------------------------------------------------------------
[2023-02-02T05:18:09.700+0000] {taskinstance.py:1300} INFO - Executing <Task(BashOperator): first_task> on 2022-02-06 00:00:00+00:00
[2023-02-02T05:18:09.785+0000] {standard_task_runner.py:55} INFO - Started process 4716 to run task
[2023-02-02T05:18:09.920+0000] {standard_task_runner.py:82} INFO - Running: ['***', 'tasks', 'run', 'our_first_dag_v4', 'first_task', 'scheduled__2022-02-06T00:00:00+00:00', '--job-id', '624', '--raw', '--subdir', 'DAGS_FOLDER/our_first_dag.py', '--cfg-path', '/tmp/tmpz4ded3v8']
[2023-02-02T05:18:09.935+0000] {standard_task_runner.py:83} INFO - Job 624: Subtask first_task
[2023-02-02T05:18:10.605+0000] {task_command.py:388} INFO - Running <TaskInstance: our_first_dag_v4.first_task scheduled__2022-02-06T00:00:00+00:00 [running]> on host 178c757a8fee
[2023-02-02T05:18:11.714+0000] {taskinstance.py:1509} INFO - Exporting the following env vars:
AIRFLOW_CTX_DAG_OWNER=archana
AIRFLOW_CTX_DAG_ID=our_first_dag_v4
AIRFLOW_CTX_TASK_ID=first_task
AIRFLOW_CTX_EXECUTION_DATE=2022-02-06T00:00:00+00:00
AIRFLOW_CTX_TRY_NUMBER=1
AIRFLOW_CTX_DAG_RUN_ID=scheduled__2022-02-06T00:00:00+00:00
[2023-02-02T05:18:11.721+0000] {subprocess.py:63} INFO - Tmp dir root location: 
 /tmp
[2023-02-02T05:18:11.762+0000] {subprocess.py:75} INFO - Running command: ['/bin/bash', '-c', 'echo hello world, this is the first task!']
[2023-02-02T05:18:12.082+0000] {subprocess.py:86} INFO - Output:
[2023-02-02T05:18:12.188+0000] {subprocess.py:93} INFO - hello world, this is the first task!
[2023-02-02T05:18:12.240+0000] {subprocess.py:97} INFO - Command exited with return code 0
[2023-02-02T05:18:12.830+0000] {taskinstance.py:1323} INFO - Marking task as SUCCESS. dag_id=our_first_dag_v4, task_id=first_task, execution_date=20220206T000000, start_date=20230202T051809, end_date=20230202T051812
[2023-02-02T05:18:13.519+0000] {local_task_job.py:208} INFO - Task exited with return code 0
[2023-02-02T05:18:14.165+0000] {taskinstance.py:2578} INFO - 0 downstream tasks scheduled from follow-on schedule check
