[2023-02-02T14:17:47.132+0000] {taskinstance.py:1083} INFO - Dependencies all met for <TaskInstance: dag_with_catchup_backfill_v1.task1 scheduled__2022-12-08T00:00:00+00:00 [queued]>
[2023-02-02T14:17:49.951+0000] {taskinstance.py:1083} INFO - Dependencies all met for <TaskInstance: dag_with_catchup_backfill_v1.task1 scheduled__2022-12-08T00:00:00+00:00 [queued]>
[2023-02-02T14:17:50.005+0000] {taskinstance.py:1279} INFO - 
--------------------------------------------------------------------------------
[2023-02-02T14:17:50.020+0000] {taskinstance.py:1280} INFO - Starting attempt 1 of 6
[2023-02-02T14:17:50.037+0000] {taskinstance.py:1281} INFO - 
--------------------------------------------------------------------------------
[2023-02-02T14:17:51.678+0000] {taskinstance.py:1300} INFO - Executing <Task(BashOperator): task1> on 2022-12-08 00:00:00+00:00
[2023-02-02T14:17:53.669+0000] {standard_task_runner.py:55} INFO - Started process 15301 to run task
[2023-02-02T14:17:54.669+0000] {standard_task_runner.py:82} INFO - Running: ['***', 'tasks', 'run', 'dag_with_catchup_backfill_v1', 'task1', 'scheduled__2022-12-08T00:00:00+00:00', '--job-id', '1287', '--raw', '--subdir', 'DAGS_FOLDER/dag_with_catchup_and_backfill.py', '--cfg-path', '/tmp/tmpi02i0qha']
[2023-02-02T14:17:54.964+0000] {standard_task_runner.py:83} INFO - Job 1287: Subtask task1
[2023-02-02T14:18:09.121+0000] {task_command.py:388} INFO - Running <TaskInstance: dag_with_catchup_backfill_v1.task1 scheduled__2022-12-08T00:00:00+00:00 [running]> on host 178c757a8fee
[2023-02-02T14:18:56.861+0000] {taskinstance.py:1509} INFO - Exporting the following env vars:
AIRFLOW_CTX_DAG_OWNER=archana
AIRFLOW_CTX_DAG_ID=dag_with_catchup_backfill_v1
AIRFLOW_CTX_TASK_ID=task1
AIRFLOW_CTX_EXECUTION_DATE=2022-12-08T00:00:00+00:00
AIRFLOW_CTX_TRY_NUMBER=1
AIRFLOW_CTX_DAG_RUN_ID=scheduled__2022-12-08T00:00:00+00:00
[2023-02-02T14:18:58.524+0000] {subprocess.py:63} INFO - Tmp dir root location: 
 /tmp
[2023-02-02T14:18:59.233+0000] {subprocess.py:75} INFO - Running command: ['/bin/bash', '-c', 'echo This is a simple Bash Command!']
[2023-02-02T14:19:03.269+0000] {subprocess.py:86} INFO - Output:
[2023-02-02T14:19:04.220+0000] {subprocess.py:93} INFO - This is a simple Bash Command!
[2023-02-02T14:19:04.415+0000] {subprocess.py:97} INFO - Command exited with return code 0
[2023-02-02T14:19:21.809+0000] {taskinstance.py:1323} INFO - Marking task as SUCCESS. dag_id=dag_with_catchup_backfill_v1, task_id=task1, execution_date=20221208T000000, start_date=20230202T141747, end_date=20230202T141921
[2023-02-02T14:19:34.157+0000] {local_task_job.py:208} INFO - Task exited with return code 0
[2023-02-02T14:19:37.826+0000] {taskinstance.py:2578} INFO - 0 downstream tasks scheduled from follow-on schedule check
