[2023-02-02T09:22:05.241+0000] {taskinstance.py:1083} INFO - Dependencies all met for <TaskInstance: our_first_dag_v2.second_task scheduled__2021-08-20T00:00:00+00:00 [queued]>
[2023-02-02T09:22:05.931+0000] {taskinstance.py:1083} INFO - Dependencies all met for <TaskInstance: our_first_dag_v2.second_task scheduled__2021-08-20T00:00:00+00:00 [queued]>
[2023-02-02T09:22:05.975+0000] {taskinstance.py:1279} INFO - 
--------------------------------------------------------------------------------
[2023-02-02T09:22:05.983+0000] {taskinstance.py:1280} INFO - Starting attempt 1 of 6
[2023-02-02T09:22:05.991+0000] {taskinstance.py:1281} INFO - 
--------------------------------------------------------------------------------
[2023-02-02T09:22:07.120+0000] {taskinstance.py:1300} INFO - Executing <Task(BashOperator): second_task> on 2021-08-20 00:00:00+00:00
[2023-02-02T09:22:07.273+0000] {standard_task_runner.py:55} INFO - Started process 2965 to run task
[2023-02-02T09:22:07.606+0000] {standard_task_runner.py:82} INFO - Running: ['***', 'tasks', 'run', 'our_first_dag_v2', 'second_task', 'scheduled__2021-08-20T00:00:00+00:00', '--job-id', '874', '--raw', '--subdir', 'DAGS_FOLDER/second_dag.py', '--cfg-path', '/tmp/tmplus0k3c3']
[2023-02-02T09:22:07.673+0000] {standard_task_runner.py:83} INFO - Job 874: Subtask second_task
[2023-02-02T09:22:10.929+0000] {task_command.py:388} INFO - Running <TaskInstance: our_first_dag_v2.second_task scheduled__2021-08-20T00:00:00+00:00 [running]> on host 178c757a8fee
[2023-02-02T09:22:16.466+0000] {taskinstance.py:1509} INFO - Exporting the following env vars:
AIRFLOW_CTX_DAG_OWNER=archana
AIRFLOW_CTX_DAG_ID=our_first_dag_v2
AIRFLOW_CTX_TASK_ID=second_task
AIRFLOW_CTX_EXECUTION_DATE=2021-08-20T00:00:00+00:00
AIRFLOW_CTX_TRY_NUMBER=1
AIRFLOW_CTX_DAG_RUN_ID=scheduled__2021-08-20T00:00:00+00:00
[2023-02-02T09:22:16.521+0000] {subprocess.py:63} INFO - Tmp dir root location: 
 /tmp
[2023-02-02T09:22:16.530+0000] {subprocess.py:75} INFO - Running command: ['/bin/bash', '-c', 'echo hey, I am task2 and will be running after the task1']
[2023-02-02T09:22:17.045+0000] {subprocess.py:86} INFO - Output:
[2023-02-02T09:22:17.167+0000] {subprocess.py:93} INFO - hey, I am task2 and will be running after the task1
[2023-02-02T09:22:17.200+0000] {subprocess.py:97} INFO - Command exited with return code 0
[2023-02-02T09:22:19.132+0000] {taskinstance.py:1323} INFO - Marking task as SUCCESS. dag_id=our_first_dag_v2, task_id=second_task, execution_date=20210820T000000, start_date=20230202T092205, end_date=20230202T092219
[2023-02-02T09:22:21.500+0000] {local_task_job.py:208} INFO - Task exited with return code 0
[2023-02-02T09:22:21.966+0000] {taskinstance.py:2578} INFO - 0 downstream tasks scheduled from follow-on schedule check
