[2023-02-02T05:14:36.666+0000] {taskinstance.py:1083} INFO - Dependencies all met for <TaskInstance: our_first_dag_v4.second_task scheduled__2021-12-01T00:00:00+00:00 [queued]>
[2023-02-02T05:14:36.868+0000] {taskinstance.py:1083} INFO - Dependencies all met for <TaskInstance: our_first_dag_v4.second_task scheduled__2021-12-01T00:00:00+00:00 [queued]>
[2023-02-02T05:14:36.870+0000] {taskinstance.py:1279} INFO - 
--------------------------------------------------------------------------------
[2023-02-02T05:14:36.872+0000] {taskinstance.py:1280} INFO - Starting attempt 1 of 6
[2023-02-02T05:14:36.873+0000] {taskinstance.py:1281} INFO - 
--------------------------------------------------------------------------------
[2023-02-02T05:14:37.073+0000] {taskinstance.py:1300} INFO - Executing <Task(BashOperator): second_task> on 2021-12-01 00:00:00+00:00
[2023-02-02T05:14:37.160+0000] {standard_task_runner.py:55} INFO - Started process 3971 to run task
[2023-02-02T05:14:37.263+0000] {standard_task_runner.py:82} INFO - Running: ['***', 'tasks', 'run', 'our_first_dag_v4', 'second_task', 'scheduled__2021-12-01T00:00:00+00:00', '--job-id', '405', '--raw', '--subdir', 'DAGS_FOLDER/our_first_dag.py', '--cfg-path', '/tmp/tmpt6sz9f1n']
[2023-02-02T05:14:37.274+0000] {standard_task_runner.py:83} INFO - Job 405: Subtask second_task
[2023-02-02T05:14:38.133+0000] {task_command.py:388} INFO - Running <TaskInstance: our_first_dag_v4.second_task scheduled__2021-12-01T00:00:00+00:00 [running]> on host 178c757a8fee
[2023-02-02T05:14:38.995+0000] {taskinstance.py:1509} INFO - Exporting the following env vars:
AIRFLOW_CTX_DAG_OWNER=archana
AIRFLOW_CTX_DAG_ID=our_first_dag_v4
AIRFLOW_CTX_TASK_ID=second_task
AIRFLOW_CTX_EXECUTION_DATE=2021-12-01T00:00:00+00:00
AIRFLOW_CTX_TRY_NUMBER=1
AIRFLOW_CTX_DAG_RUN_ID=scheduled__2021-12-01T00:00:00+00:00
[2023-02-02T05:14:38.999+0000] {subprocess.py:63} INFO - Tmp dir root location: 
 /tmp
[2023-02-02T05:14:39.002+0000] {subprocess.py:75} INFO - Running command: ['/bin/bash', '-c', 'echo hey, I am task2 and will be running after the task1']
[2023-02-02T05:14:39.136+0000] {subprocess.py:86} INFO - Output:
[2023-02-02T05:14:39.181+0000] {subprocess.py:93} INFO - hey, I am task2 and will be running after the task1
[2023-02-02T05:14:39.189+0000] {subprocess.py:97} INFO - Command exited with return code 0
[2023-02-02T05:14:39.319+0000] {taskinstance.py:1323} INFO - Marking task as SUCCESS. dag_id=our_first_dag_v4, task_id=second_task, execution_date=20211201T000000, start_date=20230202T051436, end_date=20230202T051439
[2023-02-02T05:14:39.828+0000] {local_task_job.py:208} INFO - Task exited with return code 0
[2023-02-02T05:14:40.086+0000] {taskinstance.py:2578} INFO - 0 downstream tasks scheduled from follow-on schedule check
