[2023-02-02T09:29:47.362+0000] {taskinstance.py:1083} INFO - Dependencies all met for <TaskInstance: our_first_dag_v3.second_task scheduled__2021-09-06T00:00:00+00:00 [queued]>
[2023-02-02T09:29:53.283+0000] {taskinstance.py:1083} INFO - Dependencies all met for <TaskInstance: our_first_dag_v3.second_task scheduled__2021-09-06T00:00:00+00:00 [queued]>
[2023-02-02T09:29:53.607+0000] {taskinstance.py:1279} INFO - 
--------------------------------------------------------------------------------
[2023-02-02T09:29:53.709+0000] {taskinstance.py:1280} INFO - Starting attempt 1 of 6
[2023-02-02T09:29:53.743+0000] {taskinstance.py:1281} INFO - 
--------------------------------------------------------------------------------
[2023-02-02T09:29:56.600+0000] {taskinstance.py:1300} INFO - Executing <Task(BashOperator): second_task> on 2021-09-06 00:00:00+00:00
[2023-02-02T09:29:59.012+0000] {standard_task_runner.py:55} INFO - Started process 3498 to run task
[2023-02-02T09:30:01.758+0000] {standard_task_runner.py:82} INFO - Running: ['***', 'tasks', 'run', 'our_first_dag_v3', 'second_task', 'scheduled__2021-09-06T00:00:00+00:00', '--job-id', '981', '--raw', '--subdir', 'DAGS_FOLDER/third_dag.py', '--cfg-path', '/tmp/tmp5_vyyday']
[2023-02-02T09:30:02.277+0000] {standard_task_runner.py:83} INFO - Job 981: Subtask second_task
[2023-02-02T09:30:18.998+0000] {task_command.py:388} INFO - Running <TaskInstance: our_first_dag_v3.second_task scheduled__2021-09-06T00:00:00+00:00 [running]> on host 178c757a8fee
[2023-02-02T09:30:22.517+0000] {taskinstance.py:1509} INFO - Exporting the following env vars:
AIRFLOW_CTX_DAG_OWNER=archana
AIRFLOW_CTX_DAG_ID=our_first_dag_v3
AIRFLOW_CTX_TASK_ID=second_task
AIRFLOW_CTX_EXECUTION_DATE=2021-09-06T00:00:00+00:00
AIRFLOW_CTX_TRY_NUMBER=1
AIRFLOW_CTX_DAG_RUN_ID=scheduled__2021-09-06T00:00:00+00:00
[2023-02-02T09:30:22.568+0000] {subprocess.py:63} INFO - Tmp dir root location: 
 /tmp
[2023-02-02T09:30:22.586+0000] {subprocess.py:75} INFO - Running command: ['/bin/bash', '-c', 'echo hey, I am task2 and will be running after the task1']
[2023-02-02T09:30:22.955+0000] {subprocess.py:86} INFO - Output:
[2023-02-02T09:30:23.027+0000] {subprocess.py:93} INFO - hey, I am task2 and will be running after the task1
[2023-02-02T09:30:23.044+0000] {subprocess.py:97} INFO - Command exited with return code 0
[2023-02-02T09:30:24.025+0000] {taskinstance.py:1323} INFO - Marking task as SUCCESS. dag_id=our_first_dag_v3, task_id=second_task, execution_date=20210906T000000, start_date=20230202T092947, end_date=20230202T093024
[2023-02-02T09:30:25.073+0000] {local_task_job.py:208} INFO - Task exited with return code 0
[2023-02-02T09:30:25.756+0000] {taskinstance.py:2578} INFO - 0 downstream tasks scheduled from follow-on schedule check
