[2023-02-02T09:20:49.276+0000] {taskinstance.py:1083} INFO - Dependencies all met for <TaskInstance: our_first_dag_v2.first_task scheduled__2021-08-22T00:00:00+00:00 [queued]>
[2023-02-02T09:20:50.928+0000] {taskinstance.py:1083} INFO - Dependencies all met for <TaskInstance: our_first_dag_v2.first_task scheduled__2021-08-22T00:00:00+00:00 [queued]>
[2023-02-02T09:20:50.995+0000] {taskinstance.py:1279} INFO - 
--------------------------------------------------------------------------------
[2023-02-02T09:20:51.006+0000] {taskinstance.py:1280} INFO - Starting attempt 1 of 6
[2023-02-02T09:20:51.020+0000] {taskinstance.py:1281} INFO - 
--------------------------------------------------------------------------------
[2023-02-02T09:20:53.568+0000] {taskinstance.py:1300} INFO - Executing <Task(BashOperator): first_task> on 2021-08-22 00:00:00+00:00
[2023-02-02T09:20:54.214+0000] {standard_task_runner.py:55} INFO - Started process 2818 to run task
[2023-02-02T09:20:54.902+0000] {standard_task_runner.py:82} INFO - Running: ['***', 'tasks', 'run', 'our_first_dag_v2', 'first_task', 'scheduled__2021-08-22T00:00:00+00:00', '--job-id', '832', '--raw', '--subdir', 'DAGS_FOLDER/second_dag.py', '--cfg-path', '/tmp/tmpbwl4bkz4']
[2023-02-02T09:20:54.972+0000] {standard_task_runner.py:83} INFO - Job 832: Subtask first_task
[2023-02-02T09:20:58.723+0000] {task_command.py:388} INFO - Running <TaskInstance: our_first_dag_v2.first_task scheduled__2021-08-22T00:00:00+00:00 [running]> on host 178c757a8fee
[2023-02-02T09:21:02.845+0000] {taskinstance.py:1509} INFO - Exporting the following env vars:
AIRFLOW_CTX_DAG_OWNER=archana
AIRFLOW_CTX_DAG_ID=our_first_dag_v2
AIRFLOW_CTX_TASK_ID=first_task
AIRFLOW_CTX_EXECUTION_DATE=2021-08-22T00:00:00+00:00
AIRFLOW_CTX_TRY_NUMBER=1
AIRFLOW_CTX_DAG_RUN_ID=scheduled__2021-08-22T00:00:00+00:00
[2023-02-02T09:21:02.923+0000] {subprocess.py:63} INFO - Tmp dir root location: 
 /tmp
[2023-02-02T09:21:03.010+0000] {subprocess.py:75} INFO - Running command: ['/bin/bash', '-c', 'echo hello world, this is the first task!']
[2023-02-02T09:21:03.619+0000] {subprocess.py:86} INFO - Output:
[2023-02-02T09:21:03.792+0000] {subprocess.py:93} INFO - hello world, this is the first task!
[2023-02-02T09:21:03.824+0000] {subprocess.py:97} INFO - Command exited with return code 0
[2023-02-02T09:21:05.249+0000] {taskinstance.py:1323} INFO - Marking task as SUCCESS. dag_id=our_first_dag_v2, task_id=first_task, execution_date=20210822T000000, start_date=20230202T092049, end_date=20230202T092105
[2023-02-02T09:21:06.766+0000] {local_task_job.py:208} INFO - Task exited with return code 0
[2023-02-02T09:21:07.024+0000] {taskinstance.py:2578} INFO - 0 downstream tasks scheduled from follow-on schedule check
