[2023-02-02T05:11:38.710+0000] {taskinstance.py:1083} INFO - Dependencies all met for <TaskInstance: our_first_dag_v4.first_task scheduled__2021-09-22T00:00:00+00:00 [queued]>
[2023-02-02T05:11:38.744+0000] {taskinstance.py:1083} INFO - Dependencies all met for <TaskInstance: our_first_dag_v4.first_task scheduled__2021-09-22T00:00:00+00:00 [queued]>
[2023-02-02T05:11:38.745+0000] {taskinstance.py:1279} INFO - 
--------------------------------------------------------------------------------
[2023-02-02T05:11:38.746+0000] {taskinstance.py:1280} INFO - Starting attempt 1 of 6
[2023-02-02T05:11:38.747+0000] {taskinstance.py:1281} INFO - 
--------------------------------------------------------------------------------
[2023-02-02T05:11:38.785+0000] {taskinstance.py:1300} INFO - Executing <Task(BashOperator): first_task> on 2021-09-22 00:00:00+00:00
[2023-02-02T05:11:38.795+0000] {standard_task_runner.py:55} INFO - Started process 3215 to run task
[2023-02-02T05:11:38.847+0000] {standard_task_runner.py:82} INFO - Running: ['***', 'tasks', 'run', 'our_first_dag_v4', 'first_task', 'scheduled__2021-09-22T00:00:00+00:00', '--job-id', '186', '--raw', '--subdir', 'DAGS_FOLDER/our_first_dag.py', '--cfg-path', '/tmp/tmpbknqpsz9']
[2023-02-02T05:11:38.849+0000] {standard_task_runner.py:83} INFO - Job 186: Subtask first_task
[2023-02-02T05:11:39.134+0000] {task_command.py:388} INFO - Running <TaskInstance: our_first_dag_v4.first_task scheduled__2021-09-22T00:00:00+00:00 [running]> on host 178c757a8fee
[2023-02-02T05:11:39.421+0000] {taskinstance.py:1509} INFO - Exporting the following env vars:
AIRFLOW_CTX_DAG_OWNER=archana
AIRFLOW_CTX_DAG_ID=our_first_dag_v4
AIRFLOW_CTX_TASK_ID=first_task
AIRFLOW_CTX_EXECUTION_DATE=2021-09-22T00:00:00+00:00
AIRFLOW_CTX_TRY_NUMBER=1
AIRFLOW_CTX_DAG_RUN_ID=scheduled__2021-09-22T00:00:00+00:00
[2023-02-02T05:11:39.430+0000] {subprocess.py:63} INFO - Tmp dir root location: 
 /tmp
[2023-02-02T05:11:39.437+0000] {subprocess.py:75} INFO - Running command: ['/bin/bash', '-c', 'echo hello world, this is the first task!']
[2023-02-02T05:11:39.617+0000] {subprocess.py:86} INFO - Output:
[2023-02-02T05:11:39.641+0000] {subprocess.py:93} INFO - hello world, this is the first task!
[2023-02-02T05:11:39.643+0000] {subprocess.py:97} INFO - Command exited with return code 0
[2023-02-02T05:11:39.834+0000] {taskinstance.py:1323} INFO - Marking task as SUCCESS. dag_id=our_first_dag_v4, task_id=first_task, execution_date=20210922T000000, start_date=20230202T051138, end_date=20230202T051139
[2023-02-02T05:11:39.977+0000] {local_task_job.py:208} INFO - Task exited with return code 0
[2023-02-02T05:11:40.054+0000] {taskinstance.py:2578} INFO - 2 downstream tasks scheduled from follow-on schedule check
