[2023-02-02T09:28:41.866+0000] {taskinstance.py:1083} INFO - Dependencies all met for <TaskInstance: our_first_dag_v2.first_task scheduled__2021-09-16T00:00:00+00:00 [queued]>
[2023-02-02T09:28:44.843+0000] {taskinstance.py:1083} INFO - Dependencies all met for <TaskInstance: our_first_dag_v2.first_task scheduled__2021-09-16T00:00:00+00:00 [queued]>
[2023-02-02T09:28:44.864+0000] {taskinstance.py:1279} INFO - 
--------------------------------------------------------------------------------
[2023-02-02T09:28:44.875+0000] {taskinstance.py:1280} INFO - Starting attempt 1 of 6
[2023-02-02T09:28:44.889+0000] {taskinstance.py:1281} INFO - 
--------------------------------------------------------------------------------
[2023-02-02T09:28:49.241+0000] {taskinstance.py:1300} INFO - Executing <Task(BashOperator): first_task> on 2021-09-16 00:00:00+00:00
[2023-02-02T09:28:50.880+0000] {standard_task_runner.py:55} INFO - Started process 3436 to run task
[2023-02-02T09:28:51.554+0000] {standard_task_runner.py:82} INFO - Running: ['***', 'tasks', 'run', 'our_first_dag_v2', 'first_task', 'scheduled__2021-09-16T00:00:00+00:00', '--job-id', '971', '--raw', '--subdir', 'DAGS_FOLDER/second_dag.py', '--cfg-path', '/tmp/tmphfklfisr']
[2023-02-02T09:28:51.635+0000] {standard_task_runner.py:83} INFO - Job 971: Subtask first_task
[2023-02-02T09:28:57.062+0000] {task_command.py:388} INFO - Running <TaskInstance: our_first_dag_v2.first_task scheduled__2021-09-16T00:00:00+00:00 [running]> on host 178c757a8fee
[2023-02-02T09:29:03.078+0000] {taskinstance.py:1509} INFO - Exporting the following env vars:
AIRFLOW_CTX_DAG_OWNER=archana
AIRFLOW_CTX_DAG_ID=our_first_dag_v2
AIRFLOW_CTX_TASK_ID=first_task
AIRFLOW_CTX_EXECUTION_DATE=2021-09-16T00:00:00+00:00
AIRFLOW_CTX_TRY_NUMBER=1
AIRFLOW_CTX_DAG_RUN_ID=scheduled__2021-09-16T00:00:00+00:00
[2023-02-02T09:29:03.326+0000] {subprocess.py:63} INFO - Tmp dir root location: 
 /tmp
[2023-02-02T09:29:03.357+0000] {subprocess.py:75} INFO - Running command: ['/bin/bash', '-c', 'echo hello world, this is the first task!']
[2023-02-02T09:29:05.391+0000] {subprocess.py:86} INFO - Output:
[2023-02-02T09:29:05.829+0000] {subprocess.py:93} INFO - hello world, this is the first task!
[2023-02-02T09:29:05.852+0000] {subprocess.py:97} INFO - Command exited with return code 0
[2023-02-02T09:29:13.249+0000] {taskinstance.py:1323} INFO - Marking task as SUCCESS. dag_id=our_first_dag_v2, task_id=first_task, execution_date=20210916T000000, start_date=20230202T092842, end_date=20230202T092913
[2023-02-02T09:29:20.716+0000] {local_task_job.py:208} INFO - Task exited with return code 0
[2023-02-02T09:29:21.024+0000] {taskinstance.py:2578} INFO - 1 downstream tasks scheduled from follow-on schedule check
