[2023-02-02T06:05:58.521+0000] {taskinstance.py:1083} INFO - Dependencies all met for <TaskInstance: our_first_dag_v2.first_task scheduled__2021-08-04T00:00:00+00:00 [queued]>
[2023-02-02T06:05:58.688+0000] {taskinstance.py:1083} INFO - Dependencies all met for <TaskInstance: our_first_dag_v2.first_task scheduled__2021-08-04T00:00:00+00:00 [queued]>
[2023-02-02T06:05:58.691+0000] {taskinstance.py:1279} INFO - 
--------------------------------------------------------------------------------
[2023-02-02T06:05:58.693+0000] {taskinstance.py:1280} INFO - Starting attempt 1 of 6
[2023-02-02T06:05:58.696+0000] {taskinstance.py:1281} INFO - 
--------------------------------------------------------------------------------
[2023-02-02T06:05:59.508+0000] {taskinstance.py:1300} INFO - Executing <Task(BashOperator): first_task> on 2021-08-04 00:00:00+00:00
[2023-02-02T06:05:59.792+0000] {standard_task_runner.py:55} INFO - Started process 576 to run task
[2023-02-02T06:06:00.253+0000] {standard_task_runner.py:82} INFO - Running: ['***', 'tasks', 'run', 'our_first_dag_v2', 'first_task', 'scheduled__2021-08-04T00:00:00+00:00', '--job-id', '691', '--raw', '--subdir', 'DAGS_FOLDER/second_dag.py', '--cfg-path', '/tmp/tmps74_48om']
[2023-02-02T06:06:00.298+0000] {standard_task_runner.py:83} INFO - Job 691: Subtask first_task
[2023-02-02T06:06:02.616+0000] {task_command.py:388} INFO - Running <TaskInstance: our_first_dag_v2.first_task scheduled__2021-08-04T00:00:00+00:00 [running]> on host 178c757a8fee
[2023-02-02T06:06:04.511+0000] {taskinstance.py:1509} INFO - Exporting the following env vars:
AIRFLOW_CTX_DAG_OWNER=archana
AIRFLOW_CTX_DAG_ID=our_first_dag_v2
AIRFLOW_CTX_TASK_ID=first_task
AIRFLOW_CTX_EXECUTION_DATE=2021-08-04T00:00:00+00:00
AIRFLOW_CTX_TRY_NUMBER=1
AIRFLOW_CTX_DAG_RUN_ID=scheduled__2021-08-04T00:00:00+00:00
[2023-02-02T06:06:04.568+0000] {subprocess.py:63} INFO - Tmp dir root location: 
 /tmp
[2023-02-02T06:06:04.604+0000] {subprocess.py:75} INFO - Running command: ['/bin/bash', '-c', 'echo hello world, this is the first task!']
[2023-02-02T06:06:04.904+0000] {subprocess.py:86} INFO - Output:
[2023-02-02T06:06:04.924+0000] {subprocess.py:93} INFO - hello world, this is the first task!
[2023-02-02T06:06:04.998+0000] {subprocess.py:97} INFO - Command exited with return code 0
[2023-02-02T06:06:05.963+0000] {taskinstance.py:1323} INFO - Marking task as SUCCESS. dag_id=our_first_dag_v2, task_id=first_task, execution_date=20210804T000000, start_date=20230202T060558, end_date=20230202T060605
[2023-02-02T06:06:06.678+0000] {local_task_job.py:208} INFO - Task exited with return code 0
[2023-02-02T06:06:07.859+0000] {taskinstance.py:2578} INFO - 1 downstream tasks scheduled from follow-on schedule check
