[2023-02-02T14:16:23.670+0000] {taskinstance.py:1083} INFO - Dependencies all met for <TaskInstance: dag_with_catchup_backfill_v1.task1 scheduled__2022-11-09T00:00:00+00:00 [queued]>
[2023-02-02T14:16:24.250+0000] {taskinstance.py:1083} INFO - Dependencies all met for <TaskInstance: dag_with_catchup_backfill_v1.task1 scheduled__2022-11-09T00:00:00+00:00 [queued]>
[2023-02-02T14:16:24.254+0000] {taskinstance.py:1279} INFO - 
--------------------------------------------------------------------------------
[2023-02-02T14:16:24.257+0000] {taskinstance.py:1280} INFO - Starting attempt 7 of 12
[2023-02-02T14:16:24.258+0000] {taskinstance.py:1281} INFO - 
--------------------------------------------------------------------------------
[2023-02-02T14:16:24.908+0000] {taskinstance.py:1300} INFO - Executing <Task(BashOperator): task1> on 2022-11-09 00:00:00+00:00
[2023-02-02T14:16:25.253+0000] {standard_task_runner.py:55} INFO - Started process 15216 to run task
[2023-02-02T14:16:25.778+0000] {standard_task_runner.py:82} INFO - Running: ['***', 'tasks', 'run', 'dag_with_catchup_backfill_v1', 'task1', 'scheduled__2022-11-09T00:00:00+00:00', '--job-id', '1270', '--raw', '--subdir', 'DAGS_FOLDER/dag_with_catchup_and_backfill.py', '--cfg-path', '/tmp/tmp3nocjsev']
[2023-02-02T14:16:25.857+0000] {standard_task_runner.py:83} INFO - Job 1270: Subtask task1
[2023-02-02T14:16:32.632+0000] {task_command.py:388} INFO - Running <TaskInstance: dag_with_catchup_backfill_v1.task1 scheduled__2022-11-09T00:00:00+00:00 [running]> on host 178c757a8fee
[2023-02-02T14:16:37.167+0000] {taskinstance.py:1509} INFO - Exporting the following env vars:
AIRFLOW_CTX_DAG_OWNER=archana
AIRFLOW_CTX_DAG_ID=dag_with_catchup_backfill_v1
AIRFLOW_CTX_TASK_ID=task1
AIRFLOW_CTX_EXECUTION_DATE=2022-11-09T00:00:00+00:00
AIRFLOW_CTX_TRY_NUMBER=7
AIRFLOW_CTX_DAG_RUN_ID=scheduled__2022-11-09T00:00:00+00:00
[2023-02-02T14:16:37.282+0000] {subprocess.py:63} INFO - Tmp dir root location: 
 /tmp
[2023-02-02T14:16:37.344+0000] {subprocess.py:75} INFO - Running command: ['/bin/bash', '-c', 'echo This is a simple Bash Command!']
[2023-02-02T14:16:38.552+0000] {subprocess.py:86} INFO - Output:
[2023-02-02T14:16:38.810+0000] {subprocess.py:93} INFO - This is a simple Bash Command!
[2023-02-02T14:16:38.885+0000] {subprocess.py:97} INFO - Command exited with return code 0
[2023-02-02T14:16:41.770+0000] {taskinstance.py:1323} INFO - Marking task as SUCCESS. dag_id=dag_with_catchup_backfill_v1, task_id=task1, execution_date=20221109T000000, start_date=20230202T141623, end_date=20230202T141641
[2023-02-02T14:16:46.165+0000] {local_task_job.py:208} INFO - Task exited with return code 0
[2023-02-02T14:16:49.134+0000] {taskinstance.py:2578} INFO - 0 downstream tasks scheduled from follow-on schedule check
