[2023-02-02T05:11:45.025+0000] {taskinstance.py:1083} INFO - Dependencies all met for <TaskInstance: our_first_dag_v4.third_task scheduled__2021-09-21T00:00:00+00:00 [queued]>
[2023-02-02T05:11:45.334+0000] {taskinstance.py:1083} INFO - Dependencies all met for <TaskInstance: our_first_dag_v4.third_task scheduled__2021-09-21T00:00:00+00:00 [queued]>
[2023-02-02T05:11:45.340+0000] {taskinstance.py:1279} INFO - 
--------------------------------------------------------------------------------
[2023-02-02T05:11:45.342+0000] {taskinstance.py:1280} INFO - Starting attempt 1 of 6
[2023-02-02T05:11:45.343+0000] {taskinstance.py:1281} INFO - 
--------------------------------------------------------------------------------
[2023-02-02T05:11:45.496+0000] {taskinstance.py:1300} INFO - Executing <Task(BashOperator): third_task> on 2021-09-21 00:00:00+00:00
[2023-02-02T05:11:45.524+0000] {standard_task_runner.py:55} INFO - Started process 3254 to run task
[2023-02-02T05:11:45.569+0000] {standard_task_runner.py:82} INFO - Running: ['***', 'tasks', 'run', 'our_first_dag_v4', 'third_task', 'scheduled__2021-09-21T00:00:00+00:00', '--job-id', '194', '--raw', '--subdir', 'DAGS_FOLDER/our_first_dag.py', '--cfg-path', '/tmp/tmph59tf82p']
[2023-02-02T05:11:45.589+0000] {standard_task_runner.py:83} INFO - Job 194: Subtask third_task
[2023-02-02T05:11:46.808+0000] {task_command.py:388} INFO - Running <TaskInstance: our_first_dag_v4.third_task scheduled__2021-09-21T00:00:00+00:00 [running]> on host 178c757a8fee
[2023-02-02T05:11:48.366+0000] {taskinstance.py:1509} INFO - Exporting the following env vars:
AIRFLOW_CTX_DAG_OWNER=archana
AIRFLOW_CTX_DAG_ID=our_first_dag_v4
AIRFLOW_CTX_TASK_ID=third_task
AIRFLOW_CTX_EXECUTION_DATE=2021-09-21T00:00:00+00:00
AIRFLOW_CTX_TRY_NUMBER=1
AIRFLOW_CTX_DAG_RUN_ID=scheduled__2021-09-21T00:00:00+00:00
[2023-02-02T05:11:48.403+0000] {subprocess.py:63} INFO - Tmp dir root location: 
 /tmp
[2023-02-02T05:11:48.410+0000] {subprocess.py:75} INFO - Running command: ['/bin/bash', '-c', 'echo hey, I am task3 and will be running after task1 as task2']
[2023-02-02T05:11:48.814+0000] {subprocess.py:86} INFO - Output:
[2023-02-02T05:11:48.846+0000] {subprocess.py:93} INFO - hey, I am task3 and will be running after task1 as task2
[2023-02-02T05:11:48.851+0000] {subprocess.py:97} INFO - Command exited with return code 0
[2023-02-02T05:11:49.253+0000] {taskinstance.py:1323} INFO - Marking task as SUCCESS. dag_id=our_first_dag_v4, task_id=third_task, execution_date=20210921T000000, start_date=20230202T051145, end_date=20230202T051149
[2023-02-02T05:11:49.890+0000] {local_task_job.py:208} INFO - Task exited with return code 0
[2023-02-02T05:11:50.220+0000] {taskinstance.py:2578} INFO - 0 downstream tasks scheduled from follow-on schedule check
