[2023-02-01T06:14:43.433+0000] {taskinstance.py:1083} INFO - Dependencies all met for <TaskInstance: our_first_dag.first_task scheduled__2021-07-30T00:00:00+00:00 [queued]>
[2023-02-01T06:14:44.111+0000] {taskinstance.py:1083} INFO - Dependencies all met for <TaskInstance: our_first_dag.first_task scheduled__2021-07-30T00:00:00+00:00 [queued]>
[2023-02-01T06:14:44.131+0000] {taskinstance.py:1279} INFO - 
--------------------------------------------------------------------------------
[2023-02-01T06:14:44.149+0000] {taskinstance.py:1280} INFO - Starting attempt 1 of 6
[2023-02-01T06:14:44.155+0000] {taskinstance.py:1281} INFO - 
--------------------------------------------------------------------------------
[2023-02-01T06:14:47.107+0000] {taskinstance.py:1300} INFO - Executing <Task(BashOperator): first_task> on 2021-07-30 00:00:00+00:00
[2023-02-01T06:14:47.730+0000] {standard_task_runner.py:55} INFO - Started process 2616 to run task
[2023-02-01T06:14:48.276+0000] {standard_task_runner.py:82} INFO - Running: ['***', 'tasks', 'run', 'our_first_dag', 'first_task', 'scheduled__2021-07-30T00:00:00+00:00', '--job-id', '38', '--raw', '--subdir', 'DAGS_FOLDER/our_first_dag.py', '--cfg-path', '/tmp/tmpa2tpklv8']
[2023-02-01T06:14:48.452+0000] {standard_task_runner.py:83} INFO - Job 38: Subtask first_task
[2023-02-01T06:14:54.832+0000] {task_command.py:388} INFO - Running <TaskInstance: our_first_dag.first_task scheduled__2021-07-30T00:00:00+00:00 [running]> on host b58e6c3ede27
[2023-02-01T06:14:58.062+0000] {taskinstance.py:1509} INFO - Exporting the following env vars:
AIRFLOW_CTX_DAG_OWNER=archana
AIRFLOW_CTX_DAG_ID=our_first_dag
AIRFLOW_CTX_TASK_ID=first_task
AIRFLOW_CTX_EXECUTION_DATE=2021-07-30T00:00:00+00:00
AIRFLOW_CTX_TRY_NUMBER=1
AIRFLOW_CTX_DAG_RUN_ID=scheduled__2021-07-30T00:00:00+00:00
[2023-02-01T06:14:58.277+0000] {subprocess.py:63} INFO - Tmp dir root location: 
 /tmp
[2023-02-01T06:14:58.382+0000] {subprocess.py:75} INFO - Running command: ['/bin/bash', '-c', 'echo hello world, this is the first task!']
[2023-02-01T06:14:59.151+0000] {subprocess.py:86} INFO - Output:
[2023-02-01T06:14:59.261+0000] {subprocess.py:93} INFO - hello world, this is the first task!
[2023-02-01T06:14:59.319+0000] {subprocess.py:97} INFO - Command exited with return code 0
[2023-02-01T06:15:02.260+0000] {taskinstance.py:1323} INFO - Marking task as SUCCESS. dag_id=our_first_dag, task_id=first_task, execution_date=20210730T000000, start_date=20230201T061443, end_date=20230201T061502
[2023-02-01T06:15:16.709+0000] {local_task_job.py:208} INFO - Task exited with return code 0
[2023-02-01T06:15:19.607+0000] {taskinstance.py:2578} INFO - 0 downstream tasks scheduled from follow-on schedule check
[2023-02-01T08:58:41.367+0000] {taskinstance.py:1083} INFO - Dependencies all met for <TaskInstance: our_first_dag.first_task scheduled__2021-07-30T00:00:00+00:00 [queued]>
[2023-02-01T08:58:41.398+0000] {taskinstance.py:1083} INFO - Dependencies all met for <TaskInstance: our_first_dag.first_task scheduled__2021-07-30T00:00:00+00:00 [queued]>
[2023-02-01T08:58:41.400+0000] {taskinstance.py:1279} INFO - 
--------------------------------------------------------------------------------
[2023-02-01T08:58:41.401+0000] {taskinstance.py:1280} INFO - Starting attempt 1 of 6
[2023-02-01T08:58:41.403+0000] {taskinstance.py:1281} INFO - 
--------------------------------------------------------------------------------
[2023-02-01T08:58:41.464+0000] {taskinstance.py:1300} INFO - Executing <Task(BashOperator): first_task> on 2021-07-30 00:00:00+00:00
[2023-02-01T08:58:41.485+0000] {standard_task_runner.py:55} INFO - Started process 298 to run task
[2023-02-01T08:58:41.533+0000] {standard_task_runner.py:82} INFO - Running: ['***', 'tasks', 'run', 'our_first_dag', 'first_task', 'scheduled__2021-07-30T00:00:00+00:00', '--job-id', '3', '--raw', '--subdir', 'DAGS_FOLDER/our_first_dag.py', '--cfg-path', '/tmp/tmpl4jufup4']
[2023-02-01T08:58:41.542+0000] {standard_task_runner.py:83} INFO - Job 3: Subtask first_task
[2023-02-01T08:58:42.073+0000] {task_command.py:388} INFO - Running <TaskInstance: our_first_dag.first_task scheduled__2021-07-30T00:00:00+00:00 [running]> on host 178c757a8fee
[2023-02-01T08:58:42.508+0000] {taskinstance.py:1509} INFO - Exporting the following env vars:
AIRFLOW_CTX_DAG_OWNER=archana
AIRFLOW_CTX_DAG_ID=our_first_dag
AIRFLOW_CTX_TASK_ID=first_task
AIRFLOW_CTX_EXECUTION_DATE=2021-07-30T00:00:00+00:00
AIRFLOW_CTX_TRY_NUMBER=1
AIRFLOW_CTX_DAG_RUN_ID=scheduled__2021-07-30T00:00:00+00:00
[2023-02-01T08:58:42.519+0000] {subprocess.py:63} INFO - Tmp dir root location: 
 /tmp
[2023-02-01T08:58:42.523+0000] {subprocess.py:75} INFO - Running command: ['/bin/bash', '-c', 'echo hello world, this is the first task!']
[2023-02-01T08:58:42.608+0000] {subprocess.py:86} INFO - Output:
[2023-02-01T08:58:42.626+0000] {subprocess.py:93} INFO - hello world, this is the first task!
[2023-02-01T08:58:42.628+0000] {subprocess.py:97} INFO - Command exited with return code 0
[2023-02-01T08:58:42.837+0000] {taskinstance.py:1323} INFO - Marking task as SUCCESS. dag_id=our_first_dag, task_id=first_task, execution_date=20210730T000000, start_date=20230201T085841, end_date=20230201T085842
[2023-02-01T08:58:42.936+0000] {local_task_job.py:208} INFO - Task exited with return code 0
[2023-02-01T08:58:43.139+0000] {taskinstance.py:2578} INFO - 0 downstream tasks scheduled from follow-on schedule check
