[2023-02-01T06:16:44.946+0000] {taskinstance.py:1083} INFO - Dependencies all met for <TaskInstance: our_first_dag.first_task scheduled__2021-08-19T00:00:00+00:00 [queued]>
[2023-02-01T06:16:45.061+0000] {taskinstance.py:1083} INFO - Dependencies all met for <TaskInstance: our_first_dag.first_task scheduled__2021-08-19T00:00:00+00:00 [queued]>
[2023-02-01T06:16:45.086+0000] {taskinstance.py:1279} INFO - 
--------------------------------------------------------------------------------
[2023-02-01T06:16:45.107+0000] {taskinstance.py:1280} INFO - Starting attempt 1 of 6
[2023-02-01T06:16:45.110+0000] {taskinstance.py:1281} INFO - 
--------------------------------------------------------------------------------
[2023-02-01T06:16:45.362+0000] {taskinstance.py:1300} INFO - Executing <Task(BashOperator): first_task> on 2021-08-19 00:00:00+00:00
[2023-02-01T06:16:45.468+0000] {standard_task_runner.py:55} INFO - Started process 2731 to run task
[2023-02-01T06:16:45.535+0000] {standard_task_runner.py:82} INFO - Running: ['***', 'tasks', 'run', 'our_first_dag', 'first_task', 'scheduled__2021-08-19T00:00:00+00:00', '--job-id', '57', '--raw', '--subdir', 'DAGS_FOLDER/our_first_dag.py', '--cfg-path', '/tmp/tmpxyqwy7tv']
[2023-02-01T06:16:45.541+0000] {standard_task_runner.py:83} INFO - Job 57: Subtask first_task
[2023-02-01T06:16:46.316+0000] {task_command.py:388} INFO - Running <TaskInstance: our_first_dag.first_task scheduled__2021-08-19T00:00:00+00:00 [running]> on host b58e6c3ede27
[2023-02-01T06:16:46.888+0000] {taskinstance.py:1509} INFO - Exporting the following env vars:
AIRFLOW_CTX_DAG_OWNER=archana
AIRFLOW_CTX_DAG_ID=our_first_dag
AIRFLOW_CTX_TASK_ID=first_task
AIRFLOW_CTX_EXECUTION_DATE=2021-08-19T00:00:00+00:00
AIRFLOW_CTX_TRY_NUMBER=1
AIRFLOW_CTX_DAG_RUN_ID=scheduled__2021-08-19T00:00:00+00:00
[2023-02-01T06:16:46.898+0000] {subprocess.py:63} INFO - Tmp dir root location: 
 /tmp
[2023-02-01T06:16:46.908+0000] {subprocess.py:75} INFO - Running command: ['/bin/bash', '-c', 'echo hello world, this is the first task!']
[2023-02-01T06:16:46.992+0000] {subprocess.py:86} INFO - Output:
[2023-02-01T06:16:47.007+0000] {subprocess.py:93} INFO - hello world, this is the first task!
[2023-02-01T06:16:47.011+0000] {subprocess.py:97} INFO - Command exited with return code 0
[2023-02-01T06:16:47.176+0000] {taskinstance.py:1323} INFO - Marking task as SUCCESS. dag_id=our_first_dag, task_id=first_task, execution_date=20210819T000000, start_date=20230201T061644, end_date=20230201T061647
[2023-02-01T06:16:47.354+0000] {local_task_job.py:208} INFO - Task exited with return code 0
[2023-02-01T06:16:47.496+0000] {taskinstance.py:2578} INFO - 0 downstream tasks scheduled from follow-on schedule check
