[2023-02-01T04:25:38.685+0000] {taskinstance.py:1083} INFO - Dependencies all met for <TaskInstance: example_bash_operator.runme_0 scheduled__2023-01-31T00:00:00+00:00 [queued]>
[2023-02-01T04:25:38.759+0000] {taskinstance.py:1083} INFO - Dependencies all met for <TaskInstance: example_bash_operator.runme_0 scheduled__2023-01-31T00:00:00+00:00 [queued]>
[2023-02-01T04:25:38.763+0000] {taskinstance.py:1279} INFO - 
--------------------------------------------------------------------------------
[2023-02-01T04:25:38.766+0000] {taskinstance.py:1280} INFO - Starting attempt 1 of 1
[2023-02-01T04:25:38.769+0000] {taskinstance.py:1281} INFO - 
--------------------------------------------------------------------------------
[2023-02-01T04:25:38.836+0000] {taskinstance.py:1300} INFO - Executing <Task(BashOperator): runme_0> on 2023-01-31 00:00:00+00:00
[2023-02-01T04:25:38.926+0000] {standard_task_runner.py:55} INFO - Started process 944 to run task
[2023-02-01T04:25:38.972+0000] {standard_task_runner.py:82} INFO - Running: ['***', 'tasks', 'run', 'example_bash_operator', 'runme_0', 'scheduled__2023-01-31T00:00:00+00:00', '--job-id', '29', '--raw', '--subdir', '/home/***/.local/lib/python3.7/site-packages/***/example_dags/example_bash_operator.py', '--cfg-path', '/tmp/tmp7sunfzfp']
[2023-02-01T04:25:38.976+0000] {standard_task_runner.py:83} INFO - Job 29: Subtask runme_0
[2023-02-01T04:25:39.503+0000] {task_command.py:388} INFO - Running <TaskInstance: example_bash_operator.runme_0 scheduled__2023-01-31T00:00:00+00:00 [running]> on host 3206a4d67398
[2023-02-01T04:25:39.757+0000] {taskinstance.py:1509} INFO - Exporting the following env vars:
AIRFLOW_CTX_DAG_OWNER=***
AIRFLOW_CTX_DAG_ID=example_bash_operator
AIRFLOW_CTX_TASK_ID=runme_0
AIRFLOW_CTX_EXECUTION_DATE=2023-01-31T00:00:00+00:00
AIRFLOW_CTX_TRY_NUMBER=1
AIRFLOW_CTX_DAG_RUN_ID=scheduled__2023-01-31T00:00:00+00:00
[2023-02-01T04:25:39.764+0000] {subprocess.py:63} INFO - Tmp dir root location: 
 /tmp
[2023-02-01T04:25:39.770+0000] {subprocess.py:75} INFO - Running command: ['/bin/bash', '-c', 'echo "example_bash_operator__runme_0__20230131" && sleep 1']
[2023-02-01T04:25:39.816+0000] {subprocess.py:86} INFO - Output:
[2023-02-01T04:25:39.822+0000] {subprocess.py:93} INFO - example_bash_operator__runme_0__20230131
[2023-02-01T04:25:40.828+0000] {subprocess.py:97} INFO - Command exited with return code 0
[2023-02-01T04:25:40.920+0000] {taskinstance.py:1323} INFO - Marking task as SUCCESS. dag_id=example_bash_operator, task_id=runme_0, execution_date=20230131T000000, start_date=20230201T042538, end_date=20230201T042540
[2023-02-01T04:25:41.029+0000] {local_task_job.py:208} INFO - Task exited with return code 0
[2023-02-01T04:25:41.079+0000] {taskinstance.py:2578} INFO - 1 downstream tasks scheduled from follow-on schedule check
