[2023-02-02T05:19:25.426+0000] {taskinstance.py:1083} INFO - Dependencies all met for <TaskInstance: our_dag_with_python_operator_v07.get_name scheduled__2021-10-28T00:00:00+00:00 [queued]>
[2023-02-02T05:19:25.524+0000] {taskinstance.py:1083} INFO - Dependencies all met for <TaskInstance: our_dag_with_python_operator_v07.get_name scheduled__2021-10-28T00:00:00+00:00 [queued]>
[2023-02-02T05:19:25.525+0000] {taskinstance.py:1279} INFO - 
--------------------------------------------------------------------------------
[2023-02-02T05:19:25.526+0000] {taskinstance.py:1280} INFO - Starting attempt 1 of 6
[2023-02-02T05:19:25.527+0000] {taskinstance.py:1281} INFO - 
--------------------------------------------------------------------------------
[2023-02-02T05:19:25.694+0000] {taskinstance.py:1300} INFO - Executing <Task(PythonOperator): get_name> on 2021-10-28 00:00:00+00:00
[2023-02-02T05:19:25.722+0000] {standard_task_runner.py:55} INFO - Started process 4878 to run task
[2023-02-02T05:19:25.805+0000] {standard_task_runner.py:82} INFO - Running: ['***', 'tasks', 'run', 'our_dag_with_python_operator_v07', 'get_name', 'scheduled__2021-10-28T00:00:00+00:00', '--job-id', '681', '--raw', '--subdir', 'DAGS_FOLDER/dag_python_operator.py', '--cfg-path', '/tmp/tmp54y8lieu']
[2023-02-02T05:19:25.812+0000] {standard_task_runner.py:83} INFO - Job 681: Subtask get_name
[2023-02-02T05:19:26.331+0000] {task_command.py:388} INFO - Running <TaskInstance: our_dag_with_python_operator_v07.get_name scheduled__2021-10-28T00:00:00+00:00 [running]> on host 178c757a8fee
[2023-02-02T05:19:26.630+0000] {taskinstance.py:1509} INFO - Exporting the following env vars:
AIRFLOW_CTX_DAG_OWNER=coder2j
AIRFLOW_CTX_DAG_ID=our_dag_with_python_operator_v07
AIRFLOW_CTX_TASK_ID=get_name
AIRFLOW_CTX_EXECUTION_DATE=2021-10-28T00:00:00+00:00
AIRFLOW_CTX_TRY_NUMBER=1
AIRFLOW_CTX_DAG_RUN_ID=scheduled__2021-10-28T00:00:00+00:00
[2023-02-02T05:19:26.703+0000] {python.py:177} INFO - Done. Returned value was: None
[2023-02-02T05:19:26.743+0000] {taskinstance.py:1323} INFO - Marking task as SUCCESS. dag_id=our_dag_with_python_operator_v07, task_id=get_name, execution_date=20211028T000000, start_date=20230202T051925, end_date=20230202T051926
[2023-02-02T05:19:26.800+0000] {local_task_job.py:208} INFO - Task exited with return code 0
[2023-02-02T05:19:26.842+0000] {taskinstance.py:2578} INFO - 1 downstream tasks scheduled from follow-on schedule check
