[2023-02-02T09:21:28.378+0000] {taskinstance.py:1083} INFO - Dependencies all met for <TaskInstance: our_first_dag_v.first_task scheduled__2021-08-18T00:00:00+00:00 [queued]>
[2023-02-02T09:21:28.846+0000] {taskinstance.py:1083} INFO - Dependencies all met for <TaskInstance: our_first_dag_v.first_task scheduled__2021-08-18T00:00:00+00:00 [queued]>
[2023-02-02T09:21:28.856+0000] {taskinstance.py:1279} INFO - 
--------------------------------------------------------------------------------
[2023-02-02T09:21:28.869+0000] {taskinstance.py:1280} INFO - Starting attempt 1 of 6
[2023-02-02T09:21:28.876+0000] {taskinstance.py:1281} INFO - 
--------------------------------------------------------------------------------
[2023-02-02T09:21:30.356+0000] {taskinstance.py:1300} INFO - Executing <Task(BashOperator): first_task> on 2021-08-18 00:00:00+00:00
[2023-02-02T09:21:30.749+0000] {standard_task_runner.py:55} INFO - Started process 2893 to run task
[2023-02-02T09:21:30.910+0000] {standard_task_runner.py:82} INFO - Running: ['***', 'tasks', 'run', 'our_first_dag_v', 'first_task', 'scheduled__2021-08-18T00:00:00+00:00', '--job-id', '857', '--raw', '--subdir', 'DAGS_FOLDER/our_first_dag.py', '--cfg-path', '/tmp/tmpf39p2jvi']
[2023-02-02T09:21:30.978+0000] {standard_task_runner.py:83} INFO - Job 857: Subtask first_task
[2023-02-02T09:21:37.765+0000] {task_command.py:388} INFO - Running <TaskInstance: our_first_dag_v.first_task scheduled__2021-08-18T00:00:00+00:00 [running]> on host 178c757a8fee
[2023-02-02T09:21:40.255+0000] {taskinstance.py:1509} INFO - Exporting the following env vars:
AIRFLOW_CTX_DAG_OWNER=archana
AIRFLOW_CTX_DAG_ID=our_first_dag_v
AIRFLOW_CTX_TASK_ID=first_task
AIRFLOW_CTX_EXECUTION_DATE=2021-08-18T00:00:00+00:00
AIRFLOW_CTX_TRY_NUMBER=1
AIRFLOW_CTX_DAG_RUN_ID=scheduled__2021-08-18T00:00:00+00:00
[2023-02-02T09:21:40.261+0000] {subprocess.py:63} INFO - Tmp dir root location: 
 /tmp
[2023-02-02T09:21:40.266+0000] {subprocess.py:75} INFO - Running command: ['/bin/bash', '-c', 'echo hello world, this is the first task!']
[2023-02-02T09:21:40.948+0000] {subprocess.py:86} INFO - Output:
[2023-02-02T09:21:41.082+0000] {subprocess.py:93} INFO - hello world, this is the first task!
[2023-02-02T09:21:41.140+0000] {subprocess.py:97} INFO - Command exited with return code 0
[2023-02-02T09:21:41.725+0000] {taskinstance.py:1323} INFO - Marking task as SUCCESS. dag_id=our_first_dag_v, task_id=first_task, execution_date=20210818T000000, start_date=20230202T092128, end_date=20230202T092141
[2023-02-02T09:21:43.457+0000] {local_task_job.py:208} INFO - Task exited with return code 0
[2023-02-02T09:21:44.193+0000] {taskinstance.py:2578} INFO - 0 downstream tasks scheduled from follow-on schedule check
