[2023-02-02T10:24:40.809+0000] {taskinstance.py:1083} INFO - Dependencies all met for <TaskInstance: dag_with_taskflow_api_v01.get_name scheduled__2023-02-01T00:00:00+00:00 [queued]>
[2023-02-02T10:24:41.228+0000] {taskinstance.py:1083} INFO - Dependencies all met for <TaskInstance: dag_with_taskflow_api_v01.get_name scheduled__2023-02-01T00:00:00+00:00 [queued]>
[2023-02-02T10:24:41.235+0000] {taskinstance.py:1279} INFO - 
--------------------------------------------------------------------------------
[2023-02-02T10:24:41.258+0000] {taskinstance.py:1280} INFO - Starting attempt 1 of 6
[2023-02-02T10:24:41.261+0000] {taskinstance.py:1281} INFO - 
--------------------------------------------------------------------------------
[2023-02-02T10:24:41.528+0000] {taskinstance.py:1300} INFO - Executing <Task(_PythonDecoratedOperator): get_name> on 2023-02-01 00:00:00+00:00
[2023-02-02T10:24:41.621+0000] {standard_task_runner.py:55} INFO - Started process 6243 to run task
[2023-02-02T10:24:41.670+0000] {standard_task_runner.py:82} INFO - Running: ['***', 'tasks', 'run', 'dag_with_taskflow_api_v01', 'get_name', 'scheduled__2023-02-01T00:00:00+00:00', '--job-id', '993', '--raw', '--subdir', 'DAGS_FOLDER/dag_with_taskflow_api.py', '--cfg-path', '/tmp/tmpupjjgl7_']
[2023-02-02T10:24:41.676+0000] {standard_task_runner.py:83} INFO - Job 993: Subtask get_name
[2023-02-02T10:24:42.740+0000] {task_command.py:388} INFO - Running <TaskInstance: dag_with_taskflow_api_v01.get_name scheduled__2023-02-01T00:00:00+00:00 [running]> on host 178c757a8fee
[2023-02-02T10:24:43.405+0000] {taskinstance.py:1509} INFO - Exporting the following env vars:
AIRFLOW_CTX_DAG_OWNER=archana
AIRFLOW_CTX_DAG_ID=dag_with_taskflow_api_v01
AIRFLOW_CTX_TASK_ID=get_name
AIRFLOW_CTX_EXECUTION_DATE=2023-02-01T00:00:00+00:00
AIRFLOW_CTX_TRY_NUMBER=1
AIRFLOW_CTX_DAG_RUN_ID=scheduled__2023-02-01T00:00:00+00:00
[2023-02-02T10:24:43.426+0000] {python.py:177} INFO - Done. Returned value was: Aarohi
[2023-02-02T10:24:43.494+0000] {taskinstance.py:1323} INFO - Marking task as SUCCESS. dag_id=dag_with_taskflow_api_v01, task_id=get_name, execution_date=20230201T000000, start_date=20230202T102440, end_date=20230202T102443
[2023-02-02T10:24:43.732+0000] {local_task_job.py:208} INFO - Task exited with return code 0
[2023-02-02T10:24:43.927+0000] {taskinstance.py:2578} INFO - 0 downstream tasks scheduled from follow-on schedule check
