[2023-02-02T14:29:04.270+0000] {taskinstance.py:1083} INFO - Dependencies all met for <TaskInstance: dag_with_catchup_backfill_v1.task1 scheduled__2023-01-25T00:00:00+00:00 [queued]>
[2023-02-02T14:29:18.814+0000] {taskinstance.py:1083} INFO - Dependencies all met for <TaskInstance: dag_with_catchup_backfill_v1.task1 scheduled__2023-01-25T00:00:00+00:00 [queued]>
[2023-02-02T14:29:19.400+0000] {taskinstance.py:1279} INFO - 
--------------------------------------------------------------------------------
[2023-02-02T14:29:19.426+0000] {taskinstance.py:1280} INFO - Starting attempt 1 of 6
[2023-02-02T14:29:19.489+0000] {taskinstance.py:1281} INFO - 
--------------------------------------------------------------------------------
[2023-02-02T14:29:36.661+0000] {taskinstance.py:1300} INFO - Executing <Task(BashOperator): task1> on 2023-01-25 00:00:00+00:00
[2023-02-02T14:29:39.181+0000] {standard_task_runner.py:55} INFO - Started process 15733 to run task
[2023-02-02T14:29:42.727+0000] {standard_task_runner.py:82} INFO - Running: ['***', 'tasks', 'run', 'dag_with_catchup_backfill_v1', 'task1', 'scheduled__2023-01-25T00:00:00+00:00', '--job-id', '1334', '--raw', '--subdir', 'DAGS_FOLDER/dag_with_catchup_and_backfill.py', '--cfg-path', '/tmp/tmpslnfw_vn']
[2023-02-02T14:29:43.934+0000] {standard_task_runner.py:83} INFO - Job 1334: Subtask task1
[2023-02-02T14:30:41.809+0000] {task_command.py:388} INFO - Running <TaskInstance: dag_with_catchup_backfill_v1.task1 scheduled__2023-01-25T00:00:00+00:00 [running]> on host 178c757a8fee
[2023-02-02T14:31:28.960+0000] {taskinstance.py:1509} INFO - Exporting the following env vars:
AIRFLOW_CTX_DAG_OWNER=archana
AIRFLOW_CTX_DAG_ID=dag_with_catchup_backfill_v1
AIRFLOW_CTX_TASK_ID=task1
AIRFLOW_CTX_EXECUTION_DATE=2023-01-25T00:00:00+00:00
AIRFLOW_CTX_TRY_NUMBER=1
AIRFLOW_CTX_DAG_RUN_ID=scheduled__2023-01-25T00:00:00+00:00
[2023-02-02T14:31:30.723+0000] {subprocess.py:63} INFO - Tmp dir root location: 
 /tmp
[2023-02-02T14:31:31.395+0000] {subprocess.py:75} INFO - Running command: ['/bin/bash', '-c', 'echo This is a simple Bash Command!']
[2023-02-02T14:31:36.752+0000] {subprocess.py:86} INFO - Output:
[2023-02-02T14:31:37.542+0000] {subprocess.py:93} INFO - This is a simple Bash Command!
[2023-02-02T14:31:37.936+0000] {subprocess.py:97} INFO - Command exited with return code 0
[2023-02-02T14:31:56.436+0000] {taskinstance.py:1323} INFO - Marking task as SUCCESS. dag_id=dag_with_catchup_backfill_v1, task_id=task1, execution_date=20230125T000000, start_date=20230202T142906, end_date=20230202T143156
[2023-02-02T14:32:37.198+0000] {local_task_job.py:208} INFO - Task exited with return code 0
[2023-02-02T14:32:50.983+0000] {taskinstance.py:2578} INFO - 0 downstream tasks scheduled from follow-on schedule check
