[2023-02-02T09:18:06.712+0000] {taskinstance.py:1083} INFO - Dependencies all met for <TaskInstance: our_first_dag_v3.third_task scheduled__2021-08-03T00:00:00+00:00 [queued]>
[2023-02-02T09:18:07.113+0000] {taskinstance.py:1083} INFO - Dependencies all met for <TaskInstance: our_first_dag_v3.third_task scheduled__2021-08-03T00:00:00+00:00 [queued]>
[2023-02-02T09:18:07.189+0000] {taskinstance.py:1279} INFO - 
--------------------------------------------------------------------------------
[2023-02-02T09:18:07.196+0000] {taskinstance.py:1280} INFO - Starting attempt 1 of 6
[2023-02-02T09:18:07.199+0000] {taskinstance.py:1281} INFO - 
--------------------------------------------------------------------------------
[2023-02-02T09:18:07.696+0000] {taskinstance.py:1300} INFO - Executing <Task(BashOperator): third_task> on 2021-08-03 00:00:00+00:00
[2023-02-02T09:18:07.854+0000] {standard_task_runner.py:55} INFO - Started process 2557 to run task
[2023-02-02T09:18:08.130+0000] {standard_task_runner.py:82} INFO - Running: ['***', 'tasks', 'run', 'our_first_dag_v3', 'third_task', 'scheduled__2021-08-03T00:00:00+00:00', '--job-id', '777', '--raw', '--subdir', 'DAGS_FOLDER/third_dag.py', '--cfg-path', '/tmp/tmpzdxf44pl']
[2023-02-02T09:18:08.179+0000] {standard_task_runner.py:83} INFO - Job 777: Subtask third_task
[2023-02-02T09:18:16.392+0000] {task_command.py:388} INFO - Running <TaskInstance: our_first_dag_v3.third_task scheduled__2021-08-03T00:00:00+00:00 [running]> on host 178c757a8fee
[2023-02-02T09:18:23.802+0000] {taskinstance.py:1509} INFO - Exporting the following env vars:
AIRFLOW_CTX_DAG_OWNER=archana
AIRFLOW_CTX_DAG_ID=our_first_dag_v3
AIRFLOW_CTX_TASK_ID=third_task
AIRFLOW_CTX_EXECUTION_DATE=2021-08-03T00:00:00+00:00
AIRFLOW_CTX_TRY_NUMBER=1
AIRFLOW_CTX_DAG_RUN_ID=scheduled__2021-08-03T00:00:00+00:00
[2023-02-02T09:18:23.907+0000] {subprocess.py:63} INFO - Tmp dir root location: 
 /tmp
[2023-02-02T09:18:23.956+0000] {subprocess.py:75} INFO - Running command: ['/bin/bash', '-c', 'echo hey, I am task3 and will be running after task1 as task2']
[2023-02-02T09:18:24.506+0000] {subprocess.py:86} INFO - Output:
[2023-02-02T09:18:24.657+0000] {subprocess.py:93} INFO - hey, I am task3 and will be running after task1 as task2
[2023-02-02T09:18:24.717+0000] {subprocess.py:97} INFO - Command exited with return code 0
[2023-02-02T09:18:26.122+0000] {taskinstance.py:1323} INFO - Marking task as SUCCESS. dag_id=our_first_dag_v3, task_id=third_task, execution_date=20210803T000000, start_date=20230202T091806, end_date=20230202T091826
[2023-02-02T09:18:27.582+0000] {local_task_job.py:208} INFO - Task exited with return code 0
[2023-02-02T09:18:29.032+0000] {taskinstance.py:2578} INFO - 0 downstream tasks scheduled from follow-on schedule check
