[2023-02-02T09:20:59.221+0000] {taskinstance.py:1083} INFO - Dependencies all met for <TaskInstance: our_first_dag_v3.second_task scheduled__2021-08-12T00:00:00+00:00 [queued]>
[2023-02-02T09:21:00.555+0000] {taskinstance.py:1083} INFO - Dependencies all met for <TaskInstance: our_first_dag_v3.second_task scheduled__2021-08-12T00:00:00+00:00 [queued]>
[2023-02-02T09:21:00.600+0000] {taskinstance.py:1279} INFO - 
--------------------------------------------------------------------------------
[2023-02-02T09:21:00.612+0000] {taskinstance.py:1280} INFO - Starting attempt 1 of 6
[2023-02-02T09:21:00.630+0000] {taskinstance.py:1281} INFO - 
--------------------------------------------------------------------------------
[2023-02-02T09:21:01.588+0000] {taskinstance.py:1300} INFO - Executing <Task(BashOperator): second_task> on 2021-08-12 00:00:00+00:00
[2023-02-02T09:21:01.712+0000] {standard_task_runner.py:55} INFO - Started process 2832 to run task
[2023-02-02T09:21:01.998+0000] {standard_task_runner.py:82} INFO - Running: ['***', 'tasks', 'run', 'our_first_dag_v3', 'second_task', 'scheduled__2021-08-12T00:00:00+00:00', '--job-id', '840', '--raw', '--subdir', 'DAGS_FOLDER/third_dag.py', '--cfg-path', '/tmp/tmph2y3f76r']
[2023-02-02T09:21:02.050+0000] {standard_task_runner.py:83} INFO - Job 840: Subtask second_task
[2023-02-02T09:21:04.528+0000] {task_command.py:388} INFO - Running <TaskInstance: our_first_dag_v3.second_task scheduled__2021-08-12T00:00:00+00:00 [running]> on host 178c757a8fee
[2023-02-02T09:21:08.120+0000] {taskinstance.py:1509} INFO - Exporting the following env vars:
AIRFLOW_CTX_DAG_OWNER=archana
AIRFLOW_CTX_DAG_ID=our_first_dag_v3
AIRFLOW_CTX_TASK_ID=second_task
AIRFLOW_CTX_EXECUTION_DATE=2021-08-12T00:00:00+00:00
AIRFLOW_CTX_TRY_NUMBER=1
AIRFLOW_CTX_DAG_RUN_ID=scheduled__2021-08-12T00:00:00+00:00
[2023-02-02T09:21:08.226+0000] {subprocess.py:63} INFO - Tmp dir root location: 
 /tmp
[2023-02-02T09:21:08.290+0000] {subprocess.py:75} INFO - Running command: ['/bin/bash', '-c', 'echo hey, I am task2 and will be running after the task1']
[2023-02-02T09:21:08.893+0000] {subprocess.py:86} INFO - Output:
[2023-02-02T09:21:08.970+0000] {subprocess.py:93} INFO - hey, I am task2 and will be running after the task1
[2023-02-02T09:21:08.977+0000] {subprocess.py:97} INFO - Command exited with return code 0
[2023-02-02T09:21:09.846+0000] {taskinstance.py:1323} INFO - Marking task as SUCCESS. dag_id=our_first_dag_v3, task_id=second_task, execution_date=20210812T000000, start_date=20230202T092059, end_date=20230202T092109
[2023-02-02T09:21:11.702+0000] {local_task_job.py:208} INFO - Task exited with return code 0
[2023-02-02T09:21:12.089+0000] {taskinstance.py:2578} INFO - 0 downstream tasks scheduled from follow-on schedule check
