[2023-02-02T05:18:15.463+0000] {taskinstance.py:1083} INFO - Dependencies all met for <TaskInstance: our_dag_with_python_operator_v07.get_name scheduled__2021-10-23T00:00:00+00:00 [queued]>
[2023-02-02T05:18:15.663+0000] {taskinstance.py:1083} INFO - Dependencies all met for <TaskInstance: our_dag_with_python_operator_v07.get_name scheduled__2021-10-23T00:00:00+00:00 [queued]>
[2023-02-02T05:18:15.675+0000] {taskinstance.py:1279} INFO - 
--------------------------------------------------------------------------------
[2023-02-02T05:18:15.676+0000] {taskinstance.py:1280} INFO - Starting attempt 1 of 6
[2023-02-02T05:18:15.678+0000] {taskinstance.py:1281} INFO - 
--------------------------------------------------------------------------------
[2023-02-02T05:18:16.184+0000] {taskinstance.py:1300} INFO - Executing <Task(PythonOperator): get_name> on 2021-10-23 00:00:00+00:00
[2023-02-02T05:18:16.294+0000] {standard_task_runner.py:55} INFO - Started process 4736 to run task
[2023-02-02T05:18:16.413+0000] {standard_task_runner.py:82} INFO - Running: ['***', 'tasks', 'run', 'our_dag_with_python_operator_v07', 'get_name', 'scheduled__2021-10-23T00:00:00+00:00', '--job-id', '632', '--raw', '--subdir', 'DAGS_FOLDER/dag_python_operator.py', '--cfg-path', '/tmp/tmpk_dbe9v6']
[2023-02-02T05:18:16.438+0000] {standard_task_runner.py:83} INFO - Job 632: Subtask get_name
[2023-02-02T05:18:17.989+0000] {task_command.py:388} INFO - Running <TaskInstance: our_dag_with_python_operator_v07.get_name scheduled__2021-10-23T00:00:00+00:00 [running]> on host 178c757a8fee
[2023-02-02T05:18:20.037+0000] {taskinstance.py:1509} INFO - Exporting the following env vars:
AIRFLOW_CTX_DAG_OWNER=coder2j
AIRFLOW_CTX_DAG_ID=our_dag_with_python_operator_v07
AIRFLOW_CTX_TASK_ID=get_name
AIRFLOW_CTX_EXECUTION_DATE=2021-10-23T00:00:00+00:00
AIRFLOW_CTX_TRY_NUMBER=1
AIRFLOW_CTX_DAG_RUN_ID=scheduled__2021-10-23T00:00:00+00:00
[2023-02-02T05:18:20.452+0000] {python.py:177} INFO - Done. Returned value was: None
[2023-02-02T05:18:20.801+0000] {taskinstance.py:1323} INFO - Marking task as SUCCESS. dag_id=our_dag_with_python_operator_v07, task_id=get_name, execution_date=20211023T000000, start_date=20230202T051815, end_date=20230202T051820
[2023-02-02T05:18:22.215+0000] {local_task_job.py:208} INFO - Task exited with return code 0
[2023-02-02T05:18:22.714+0000] {taskinstance.py:2578} INFO - 0 downstream tasks scheduled from follow-on schedule check
