[2023-02-02T09:17:32.262+0000] {taskinstance.py:1083} INFO - Dependencies all met for <TaskInstance: our_first_dag_v4.second_task scheduled__2022-02-17T00:00:00+00:00 [queued]>
[2023-02-02T09:17:32.618+0000] {taskinstance.py:1083} INFO - Dependencies all met for <TaskInstance: our_first_dag_v4.second_task scheduled__2022-02-17T00:00:00+00:00 [queued]>
[2023-02-02T09:17:32.628+0000] {taskinstance.py:1279} INFO - 
--------------------------------------------------------------------------------
[2023-02-02T09:17:32.639+0000] {taskinstance.py:1280} INFO - Starting attempt 1 of 6
[2023-02-02T09:17:32.643+0000] {taskinstance.py:1281} INFO - 
--------------------------------------------------------------------------------
[2023-02-02T09:17:34.159+0000] {taskinstance.py:1300} INFO - Executing <Task(BashOperator): second_task> on 2022-02-17 00:00:00+00:00
[2023-02-02T09:17:34.463+0000] {standard_task_runner.py:55} INFO - Started process 2494 to run task
[2023-02-02T09:17:34.738+0000] {standard_task_runner.py:82} INFO - Running: ['***', 'tasks', 'run', 'our_first_dag_v4', 'second_task', 'scheduled__2022-02-17T00:00:00+00:00', '--job-id', '757', '--raw', '--subdir', 'DAGS_FOLDER/forth_dag.py', '--cfg-path', '/tmp/tmp5za3ic7y']
[2023-02-02T09:17:34.777+0000] {standard_task_runner.py:83} INFO - Job 757: Subtask second_task
[2023-02-02T09:17:45.871+0000] {task_command.py:388} INFO - Running <TaskInstance: our_first_dag_v4.second_task scheduled__2022-02-17T00:00:00+00:00 [running]> on host 178c757a8fee
[2023-02-02T09:17:48.878+0000] {taskinstance.py:1509} INFO - Exporting the following env vars:
AIRFLOW_CTX_DAG_OWNER=archana
AIRFLOW_CTX_DAG_ID=our_first_dag_v4
AIRFLOW_CTX_TASK_ID=second_task
AIRFLOW_CTX_EXECUTION_DATE=2022-02-17T00:00:00+00:00
AIRFLOW_CTX_TRY_NUMBER=1
AIRFLOW_CTX_DAG_RUN_ID=scheduled__2022-02-17T00:00:00+00:00
[2023-02-02T09:17:48.994+0000] {subprocess.py:63} INFO - Tmp dir root location: 
 /tmp
[2023-02-02T09:17:49.012+0000] {subprocess.py:75} INFO - Running command: ['/bin/bash', '-c', 'echo hey, I am task2 and will be running after the task1']
[2023-02-02T09:17:49.283+0000] {subprocess.py:86} INFO - Output:
[2023-02-02T09:17:49.320+0000] {subprocess.py:93} INFO - hey, I am task2 and will be running after the task1
[2023-02-02T09:17:49.344+0000] {subprocess.py:97} INFO - Command exited with return code 0
[2023-02-02T09:17:51.409+0000] {taskinstance.py:1323} INFO - Marking task as SUCCESS. dag_id=our_first_dag_v4, task_id=second_task, execution_date=20220217T000000, start_date=20230202T091732, end_date=20230202T091751
[2023-02-02T09:17:53.434+0000] {local_task_job.py:208} INFO - Task exited with return code 0
[2023-02-02T09:17:54.054+0000] {taskinstance.py:2578} INFO - 0 downstream tasks scheduled from follow-on schedule check
