[2023-02-02T14:21:50.082+0000] {taskinstance.py:1083} INFO - Dependencies all met for <TaskInstance: dag_with_catchup_backfill_v1.task1 scheduled__2022-12-30T00:00:00+00:00 [queued]>
[2023-02-02T14:21:55.491+0000] {taskinstance.py:1083} INFO - Dependencies all met for <TaskInstance: dag_with_catchup_backfill_v1.task1 scheduled__2022-12-30T00:00:00+00:00 [queued]>
[2023-02-02T14:21:55.583+0000] {taskinstance.py:1279} INFO - 
--------------------------------------------------------------------------------
[2023-02-02T14:21:55.608+0000] {taskinstance.py:1280} INFO - Starting attempt 1 of 6
[2023-02-02T14:21:55.633+0000] {taskinstance.py:1281} INFO - 
--------------------------------------------------------------------------------
[2023-02-02T14:21:59.619+0000] {taskinstance.py:1300} INFO - Executing <Task(BashOperator): task1> on 2022-12-30 00:00:00+00:00
[2023-02-02T14:22:00.752+0000] {standard_task_runner.py:55} INFO - Started process 15482 to run task
[2023-02-02T14:22:01.808+0000] {standard_task_runner.py:82} INFO - Running: ['***', 'tasks', 'run', 'dag_with_catchup_backfill_v1', 'task1', 'scheduled__2022-12-30T00:00:00+00:00', '--job-id', '1311', '--raw', '--subdir', 'DAGS_FOLDER/dag_with_catchup_and_backfill.py', '--cfg-path', '/tmp/tmpmg05azp2']
[2023-02-02T14:22:02.028+0000] {standard_task_runner.py:83} INFO - Job 1311: Subtask task1
[2023-02-02T14:22:20.831+0000] {task_command.py:388} INFO - Running <TaskInstance: dag_with_catchup_backfill_v1.task1 scheduled__2022-12-30T00:00:00+00:00 [running]> on host 178c757a8fee
[2023-02-02T14:22:53.176+0000] {taskinstance.py:1509} INFO - Exporting the following env vars:
AIRFLOW_CTX_DAG_OWNER=archana
AIRFLOW_CTX_DAG_ID=dag_with_catchup_backfill_v1
AIRFLOW_CTX_TASK_ID=task1
AIRFLOW_CTX_EXECUTION_DATE=2022-12-30T00:00:00+00:00
AIRFLOW_CTX_TRY_NUMBER=1
AIRFLOW_CTX_DAG_RUN_ID=scheduled__2022-12-30T00:00:00+00:00
[2023-02-02T14:22:53.711+0000] {subprocess.py:63} INFO - Tmp dir root location: 
 /tmp
[2023-02-02T14:22:54.821+0000] {subprocess.py:75} INFO - Running command: ['/bin/bash', '-c', 'echo This is a simple Bash Command!']
[2023-02-02T14:23:06.511+0000] {subprocess.py:86} INFO - Output:
[2023-02-02T14:23:08.533+0000] {subprocess.py:93} INFO - This is a simple Bash Command!
[2023-02-02T14:23:08.872+0000] {subprocess.py:97} INFO - Command exited with return code 0
[2023-02-02T14:23:20.105+0000] {taskinstance.py:1323} INFO - Marking task as SUCCESS. dag_id=dag_with_catchup_backfill_v1, task_id=task1, execution_date=20221230T000000, start_date=20230202T142150, end_date=20230202T142320
[2023-02-02T14:23:50.201+0000] {local_task_job.py:208} INFO - Task exited with return code 0
[2023-02-02T14:24:06.099+0000] {taskinstance.py:2578} INFO - 0 downstream tasks scheduled from follow-on schedule check
