[2023-02-02T05:17:17.962+0000] {taskinstance.py:1083} INFO - Dependencies all met for <TaskInstance: our_first_dag_v4.first_task scheduled__2022-02-02T00:00:00+00:00 [queued]>
[2023-02-02T05:17:18.528+0000] {taskinstance.py:1083} INFO - Dependencies all met for <TaskInstance: our_first_dag_v4.first_task scheduled__2022-02-02T00:00:00+00:00 [queued]>
[2023-02-02T05:17:18.602+0000] {taskinstance.py:1279} INFO - 
--------------------------------------------------------------------------------
[2023-02-02T05:17:18.608+0000] {taskinstance.py:1280} INFO - Starting attempt 1 of 6
[2023-02-02T05:17:18.611+0000] {taskinstance.py:1281} INFO - 
--------------------------------------------------------------------------------
[2023-02-02T05:17:18.998+0000] {taskinstance.py:1300} INFO - Executing <Task(BashOperator): first_task> on 2022-02-02 00:00:00+00:00
[2023-02-02T05:17:19.072+0000] {standard_task_runner.py:55} INFO - Started process 4553 to run task
[2023-02-02T05:17:19.207+0000] {standard_task_runner.py:82} INFO - Running: ['***', 'tasks', 'run', 'our_first_dag_v4', 'first_task', 'scheduled__2022-02-02T00:00:00+00:00', '--job-id', '571', '--raw', '--subdir', 'DAGS_FOLDER/our_first_dag.py', '--cfg-path', '/tmp/tmpi3suyd_h']
[2023-02-02T05:17:19.232+0000] {standard_task_runner.py:83} INFO - Job 571: Subtask first_task
[2023-02-02T05:17:20.377+0000] {task_command.py:388} INFO - Running <TaskInstance: our_first_dag_v4.first_task scheduled__2022-02-02T00:00:00+00:00 [running]> on host 178c757a8fee
[2023-02-02T05:17:21.689+0000] {taskinstance.py:1509} INFO - Exporting the following env vars:
AIRFLOW_CTX_DAG_OWNER=archana
AIRFLOW_CTX_DAG_ID=our_first_dag_v4
AIRFLOW_CTX_TASK_ID=first_task
AIRFLOW_CTX_EXECUTION_DATE=2022-02-02T00:00:00+00:00
AIRFLOW_CTX_TRY_NUMBER=1
AIRFLOW_CTX_DAG_RUN_ID=scheduled__2022-02-02T00:00:00+00:00
[2023-02-02T05:17:21.704+0000] {subprocess.py:63} INFO - Tmp dir root location: 
 /tmp
[2023-02-02T05:17:21.726+0000] {subprocess.py:75} INFO - Running command: ['/bin/bash', '-c', 'echo hello world, this is the first task!']
[2023-02-02T05:17:22.183+0000] {subprocess.py:86} INFO - Output:
[2023-02-02T05:17:22.188+0000] {subprocess.py:93} INFO - hello world, this is the first task!
[2023-02-02T05:17:22.192+0000] {subprocess.py:97} INFO - Command exited with return code 0
[2023-02-02T05:17:22.809+0000] {taskinstance.py:1323} INFO - Marking task as SUCCESS. dag_id=our_first_dag_v4, task_id=first_task, execution_date=20220202T000000, start_date=20230202T051718, end_date=20230202T051722
[2023-02-02T05:17:23.817+0000] {local_task_job.py:208} INFO - Task exited with return code 0
[2023-02-02T05:17:26.903+0000] {taskinstance.py:2578} INFO - 0 downstream tasks scheduled from follow-on schedule check
