[2023-02-02T05:15:49.670+0000] {taskinstance.py:1083} INFO - Dependencies all met for <TaskInstance: our_first_dag_v4.third_task scheduled__2021-12-24T00:00:00+00:00 [queued]>
[2023-02-02T05:15:49.929+0000] {taskinstance.py:1083} INFO - Dependencies all met for <TaskInstance: our_first_dag_v4.third_task scheduled__2021-12-24T00:00:00+00:00 [queued]>
[2023-02-02T05:15:49.943+0000] {taskinstance.py:1279} INFO - 
--------------------------------------------------------------------------------
[2023-02-02T05:15:49.944+0000] {taskinstance.py:1280} INFO - Starting attempt 1 of 6
[2023-02-02T05:15:49.945+0000] {taskinstance.py:1281} INFO - 
--------------------------------------------------------------------------------
[2023-02-02T05:15:50.152+0000] {taskinstance.py:1300} INFO - Executing <Task(BashOperator): third_task> on 2021-12-24 00:00:00+00:00
[2023-02-02T05:15:50.207+0000] {standard_task_runner.py:55} INFO - Started process 4215 to run task
[2023-02-02T05:15:50.365+0000] {standard_task_runner.py:82} INFO - Running: ['***', 'tasks', 'run', 'our_first_dag_v4', 'third_task', 'scheduled__2021-12-24T00:00:00+00:00', '--job-id', '472', '--raw', '--subdir', 'DAGS_FOLDER/our_first_dag.py', '--cfg-path', '/tmp/tmpqt_8_kyr']
[2023-02-02T05:15:50.385+0000] {standard_task_runner.py:83} INFO - Job 472: Subtask third_task
[2023-02-02T05:15:51.231+0000] {task_command.py:388} INFO - Running <TaskInstance: our_first_dag_v4.third_task scheduled__2021-12-24T00:00:00+00:00 [running]> on host 178c757a8fee
[2023-02-02T05:15:51.955+0000] {taskinstance.py:1509} INFO - Exporting the following env vars:
AIRFLOW_CTX_DAG_OWNER=archana
AIRFLOW_CTX_DAG_ID=our_first_dag_v4
AIRFLOW_CTX_TASK_ID=third_task
AIRFLOW_CTX_EXECUTION_DATE=2021-12-24T00:00:00+00:00
AIRFLOW_CTX_TRY_NUMBER=1
AIRFLOW_CTX_DAG_RUN_ID=scheduled__2021-12-24T00:00:00+00:00
[2023-02-02T05:15:51.960+0000] {subprocess.py:63} INFO - Tmp dir root location: 
 /tmp
[2023-02-02T05:15:51.972+0000] {subprocess.py:75} INFO - Running command: ['/bin/bash', '-c', 'echo hey, I am task3 and will be running after task1 as task2']
[2023-02-02T05:15:52.104+0000] {subprocess.py:86} INFO - Output:
[2023-02-02T05:15:52.170+0000] {subprocess.py:93} INFO - hey, I am task3 and will be running after task1 as task2
[2023-02-02T05:15:52.182+0000] {subprocess.py:97} INFO - Command exited with return code 0
[2023-02-02T05:15:52.390+0000] {taskinstance.py:1323} INFO - Marking task as SUCCESS. dag_id=our_first_dag_v4, task_id=third_task, execution_date=20211224T000000, start_date=20230202T051549, end_date=20230202T051552
[2023-02-02T05:15:52.924+0000] {local_task_job.py:208} INFO - Task exited with return code 0
[2023-02-02T05:15:53.229+0000] {taskinstance.py:2578} INFO - 0 downstream tasks scheduled from follow-on schedule check
