[2023-02-02T09:23:48.925+0000] {taskinstance.py:1083} INFO - Dependencies all met for <TaskInstance: our_first_dag_v2.first_task scheduled__2021-09-06T00:00:00+00:00 [queued]>
[2023-02-02T09:23:50.173+0000] {taskinstance.py:1083} INFO - Dependencies all met for <TaskInstance: our_first_dag_v2.first_task scheduled__2021-09-06T00:00:00+00:00 [queued]>
[2023-02-02T09:23:50.257+0000] {taskinstance.py:1279} INFO - 
--------------------------------------------------------------------------------
[2023-02-02T09:23:50.265+0000] {taskinstance.py:1280} INFO - Starting attempt 1 of 6
[2023-02-02T09:23:50.270+0000] {taskinstance.py:1281} INFO - 
--------------------------------------------------------------------------------
[2023-02-02T09:23:51.304+0000] {taskinstance.py:1300} INFO - Executing <Task(BashOperator): first_task> on 2021-09-06 00:00:00+00:00
[2023-02-02T09:23:51.475+0000] {standard_task_runner.py:55} INFO - Started process 3123 to run task
[2023-02-02T09:23:51.943+0000] {standard_task_runner.py:82} INFO - Running: ['***', 'tasks', 'run', 'our_first_dag_v2', 'first_task', 'scheduled__2021-09-06T00:00:00+00:00', '--job-id', '909', '--raw', '--subdir', 'DAGS_FOLDER/second_dag.py', '--cfg-path', '/tmp/tmpzwq2mcna']
[2023-02-02T09:23:51.975+0000] {standard_task_runner.py:83} INFO - Job 909: Subtask first_task
[2023-02-02T09:23:53.829+0000] {task_command.py:388} INFO - Running <TaskInstance: our_first_dag_v2.first_task scheduled__2021-09-06T00:00:00+00:00 [running]> on host 178c757a8fee
[2023-02-02T09:23:57.860+0000] {taskinstance.py:1509} INFO - Exporting the following env vars:
AIRFLOW_CTX_DAG_OWNER=archana
AIRFLOW_CTX_DAG_ID=our_first_dag_v2
AIRFLOW_CTX_TASK_ID=first_task
AIRFLOW_CTX_EXECUTION_DATE=2021-09-06T00:00:00+00:00
AIRFLOW_CTX_TRY_NUMBER=1
AIRFLOW_CTX_DAG_RUN_ID=scheduled__2021-09-06T00:00:00+00:00
[2023-02-02T09:23:57.910+0000] {subprocess.py:63} INFO - Tmp dir root location: 
 /tmp
[2023-02-02T09:23:58.002+0000] {subprocess.py:75} INFO - Running command: ['/bin/bash', '-c', 'echo hello world, this is the first task!']
[2023-02-02T09:23:58.633+0000] {subprocess.py:86} INFO - Output:
[2023-02-02T09:23:58.828+0000] {subprocess.py:93} INFO - hello world, this is the first task!
[2023-02-02T09:23:58.867+0000] {subprocess.py:97} INFO - Command exited with return code 0
[2023-02-02T09:24:00.079+0000] {taskinstance.py:1323} INFO - Marking task as SUCCESS. dag_id=our_first_dag_v2, task_id=first_task, execution_date=20210906T000000, start_date=20230202T092349, end_date=20230202T092400
[2023-02-02T09:24:02.011+0000] {local_task_job.py:208} INFO - Task exited with return code 0
[2023-02-02T09:24:02.873+0000] {taskinstance.py:2578} INFO - 0 downstream tasks scheduled from follow-on schedule check
