[2023-02-02T05:18:57.062+0000] {taskinstance.py:1083} INFO - Dependencies all met for <TaskInstance: our_dag_with_python_operator_v07.greet scheduled__2021-10-20T00:00:00+00:00 [queued]>
[2023-02-02T05:18:58.719+0000] {taskinstance.py:1083} INFO - Dependencies all met for <TaskInstance: our_dag_with_python_operator_v07.greet scheduled__2021-10-20T00:00:00+00:00 [queued]>
[2023-02-02T05:18:58.772+0000] {taskinstance.py:1279} INFO - 
--------------------------------------------------------------------------------
[2023-02-02T05:18:58.779+0000] {taskinstance.py:1280} INFO - Starting attempt 1 of 6
[2023-02-02T05:18:58.789+0000] {taskinstance.py:1281} INFO - 
--------------------------------------------------------------------------------
[2023-02-02T05:19:00.842+0000] {taskinstance.py:1300} INFO - Executing <Task(PythonOperator): greet> on 2021-10-20 00:00:00+00:00
[2023-02-02T05:19:01.775+0000] {standard_task_runner.py:82} INFO - Running: ['***', 'tasks', 'run', 'our_dag_with_python_operator_v07', 'greet', 'scheduled__2021-10-20T00:00:00+00:00', '--job-id', '659', '--raw', '--subdir', 'DAGS_FOLDER/dag_python_operator.py', '--cfg-path', '/tmp/tmpug7dsffo']
[2023-02-02T05:19:01.833+0000] {standard_task_runner.py:83} INFO - Job 659: Subtask greet
[2023-02-02T05:19:01.740+0000] {standard_task_runner.py:55} INFO - Started process 4812 to run task
[2023-02-02T05:19:04.849+0000] {task_command.py:388} INFO - Running <TaskInstance: our_dag_with_python_operator_v07.greet scheduled__2021-10-20T00:00:00+00:00 [running]> on host 178c757a8fee
[2023-02-02T05:19:08.080+0000] {taskinstance.py:1509} INFO - Exporting the following env vars:
AIRFLOW_CTX_DAG_OWNER=coder2j
AIRFLOW_CTX_DAG_ID=our_dag_with_python_operator_v07
AIRFLOW_CTX_TASK_ID=greet
AIRFLOW_CTX_EXECUTION_DATE=2021-10-20T00:00:00+00:00
AIRFLOW_CTX_TRY_NUMBER=1
AIRFLOW_CTX_DAG_RUN_ID=scheduled__2021-10-20T00:00:00+00:00
[2023-02-02T05:19:08.222+0000] {logging_mixin.py:137} INFO - some dict:  {'a': 1, 'b': 2}
[2023-02-02T05:19:08.721+0000] {logging_mixin.py:137} INFO - Hello World! My name is Jerry Fridman, and I am 19 years old!
[2023-02-02T05:19:08.726+0000] {python.py:177} INFO - Done. Returned value was: None
[2023-02-02T05:19:08.855+0000] {taskinstance.py:1323} INFO - Marking task as SUCCESS. dag_id=our_dag_with_python_operator_v07, task_id=greet, execution_date=20211020T000000, start_date=20230202T051857, end_date=20230202T051908
[2023-02-02T05:19:09.567+0000] {local_task_job.py:208} INFO - Task exited with return code 0
[2023-02-02T05:19:10.051+0000] {taskinstance.py:2578} INFO - 0 downstream tasks scheduled from follow-on schedule check
