[2023-02-02T09:20:10.994+0000] {taskinstance.py:1083} INFO - Dependencies all met for <TaskInstance: our_first_dag_v.first_task scheduled__2021-08-12T00:00:00+00:00 [queued]>
[2023-02-02T09:20:11.900+0000] {taskinstance.py:1083} INFO - Dependencies all met for <TaskInstance: our_first_dag_v.first_task scheduled__2021-08-12T00:00:00+00:00 [queued]>
[2023-02-02T09:20:11.945+0000] {taskinstance.py:1279} INFO - 
--------------------------------------------------------------------------------
[2023-02-02T09:20:11.948+0000] {taskinstance.py:1280} INFO - Starting attempt 1 of 6
[2023-02-02T09:20:11.949+0000] {taskinstance.py:1281} INFO - 
--------------------------------------------------------------------------------
[2023-02-02T09:20:12.510+0000] {taskinstance.py:1300} INFO - Executing <Task(BashOperator): first_task> on 2021-08-12 00:00:00+00:00
[2023-02-02T09:20:13.042+0000] {standard_task_runner.py:55} INFO - Started process 2762 to run task
[2023-02-02T09:20:13.232+0000] {standard_task_runner.py:82} INFO - Running: ['***', 'tasks', 'run', 'our_first_dag_v', 'first_task', 'scheduled__2021-08-12T00:00:00+00:00', '--job-id', '821', '--raw', '--subdir', 'DAGS_FOLDER/our_first_dag.py', '--cfg-path', '/tmp/tmp0au6_hcq']
[2023-02-02T09:20:13.289+0000] {standard_task_runner.py:83} INFO - Job 821: Subtask first_task
[2023-02-02T09:20:19.614+0000] {task_command.py:388} INFO - Running <TaskInstance: our_first_dag_v.first_task scheduled__2021-08-12T00:00:00+00:00 [running]> on host 178c757a8fee
[2023-02-02T09:20:25.002+0000] {taskinstance.py:1509} INFO - Exporting the following env vars:
AIRFLOW_CTX_DAG_OWNER=archana
AIRFLOW_CTX_DAG_ID=our_first_dag_v
AIRFLOW_CTX_TASK_ID=first_task
AIRFLOW_CTX_EXECUTION_DATE=2021-08-12T00:00:00+00:00
AIRFLOW_CTX_TRY_NUMBER=1
AIRFLOW_CTX_DAG_RUN_ID=scheduled__2021-08-12T00:00:00+00:00
[2023-02-02T09:20:25.063+0000] {subprocess.py:63} INFO - Tmp dir root location: 
 /tmp
[2023-02-02T09:20:25.079+0000] {subprocess.py:75} INFO - Running command: ['/bin/bash', '-c', 'echo hello world, this is the first task!']
[2023-02-02T09:20:25.461+0000] {subprocess.py:86} INFO - Output:
[2023-02-02T09:20:25.541+0000] {subprocess.py:93} INFO - hello world, this is the first task!
[2023-02-02T09:20:25.565+0000] {subprocess.py:97} INFO - Command exited with return code 0
[2023-02-02T09:20:27.565+0000] {taskinstance.py:1323} INFO - Marking task as SUCCESS. dag_id=our_first_dag_v, task_id=first_task, execution_date=20210812T000000, start_date=20230202T092011, end_date=20230202T092027
[2023-02-02T09:20:29.651+0000] {local_task_job.py:208} INFO - Task exited with return code 0
[2023-02-02T09:20:30.756+0000] {taskinstance.py:2578} INFO - 0 downstream tasks scheduled from follow-on schedule check
