[2023-02-02T05:12:26.071+0000] {taskinstance.py:1083} INFO - Dependencies all met for <TaskInstance: our_first_dag_v4.third_task scheduled__2021-10-04T00:00:00+00:00 [queued]>
[2023-02-02T05:12:26.840+0000] {taskinstance.py:1083} INFO - Dependencies all met for <TaskInstance: our_first_dag_v4.third_task scheduled__2021-10-04T00:00:00+00:00 [queued]>
[2023-02-02T05:12:26.843+0000] {taskinstance.py:1279} INFO - 
--------------------------------------------------------------------------------
[2023-02-02T05:12:26.845+0000] {taskinstance.py:1280} INFO - Starting attempt 1 of 6
[2023-02-02T05:12:26.846+0000] {taskinstance.py:1281} INFO - 
--------------------------------------------------------------------------------
[2023-02-02T05:12:26.984+0000] {taskinstance.py:1300} INFO - Executing <Task(BashOperator): third_task> on 2021-10-04 00:00:00+00:00
[2023-02-02T05:12:27.004+0000] {standard_task_runner.py:55} INFO - Started process 3387 to run task
[2023-02-02T05:12:27.153+0000] {standard_task_runner.py:82} INFO - Running: ['***', 'tasks', 'run', 'our_first_dag_v4', 'third_task', 'scheduled__2021-10-04T00:00:00+00:00', '--job-id', '234', '--raw', '--subdir', 'DAGS_FOLDER/our_first_dag.py', '--cfg-path', '/tmp/tmpztiikn8i']
[2023-02-02T05:12:27.266+0000] {standard_task_runner.py:83} INFO - Job 234: Subtask third_task
[2023-02-02T05:12:29.704+0000] {task_command.py:388} INFO - Running <TaskInstance: our_first_dag_v4.third_task scheduled__2021-10-04T00:00:00+00:00 [running]> on host 178c757a8fee
[2023-02-02T05:12:31.822+0000] {taskinstance.py:1509} INFO - Exporting the following env vars:
AIRFLOW_CTX_DAG_OWNER=archana
AIRFLOW_CTX_DAG_ID=our_first_dag_v4
AIRFLOW_CTX_TASK_ID=third_task
AIRFLOW_CTX_EXECUTION_DATE=2021-10-04T00:00:00+00:00
AIRFLOW_CTX_TRY_NUMBER=1
AIRFLOW_CTX_DAG_RUN_ID=scheduled__2021-10-04T00:00:00+00:00
[2023-02-02T05:12:31.936+0000] {subprocess.py:63} INFO - Tmp dir root location: 
 /tmp
[2023-02-02T05:12:31.949+0000] {subprocess.py:75} INFO - Running command: ['/bin/bash', '-c', 'echo hey, I am task3 and will be running after task1 as task2']
[2023-02-02T05:12:33.080+0000] {subprocess.py:86} INFO - Output:
[2023-02-02T05:12:33.122+0000] {subprocess.py:93} INFO - hey, I am task3 and will be running after task1 as task2
[2023-02-02T05:12:33.147+0000] {subprocess.py:97} INFO - Command exited with return code 0
[2023-02-02T05:12:33.853+0000] {taskinstance.py:1323} INFO - Marking task as SUCCESS. dag_id=our_first_dag_v4, task_id=third_task, execution_date=20211004T000000, start_date=20230202T051226, end_date=20230202T051233
[2023-02-02T05:12:34.452+0000] {local_task_job.py:208} INFO - Task exited with return code 0
[2023-02-02T05:12:34.739+0000] {taskinstance.py:2578} INFO - 0 downstream tasks scheduled from follow-on schedule check
