[2023-02-01T06:14:43.921+0000] {taskinstance.py:1083} INFO - Dependencies all met for <TaskInstance: our_first_dag.first_task scheduled__2021-08-03T00:00:00+00:00 [queued]>
[2023-02-01T06:14:44.231+0000] {taskinstance.py:1083} INFO - Dependencies all met for <TaskInstance: our_first_dag.first_task scheduled__2021-08-03T00:00:00+00:00 [queued]>
[2023-02-01T06:14:44.244+0000] {taskinstance.py:1279} INFO - 
--------------------------------------------------------------------------------
[2023-02-01T06:14:44.250+0000] {taskinstance.py:1280} INFO - Starting attempt 1 of 6
[2023-02-01T06:14:44.261+0000] {taskinstance.py:1281} INFO - 
--------------------------------------------------------------------------------
[2023-02-01T06:14:46.713+0000] {taskinstance.py:1300} INFO - Executing <Task(BashOperator): first_task> on 2021-08-03 00:00:00+00:00
[2023-02-01T06:14:48.005+0000] {standard_task_runner.py:55} INFO - Started process 2618 to run task
[2023-02-01T06:14:48.139+0000] {standard_task_runner.py:82} INFO - Running: ['***', 'tasks', 'run', 'our_first_dag', 'first_task', 'scheduled__2021-08-03T00:00:00+00:00', '--job-id', '39', '--raw', '--subdir', 'DAGS_FOLDER/our_first_dag.py', '--cfg-path', '/tmp/tmpwrpm6lwz']
[2023-02-01T06:14:48.404+0000] {standard_task_runner.py:83} INFO - Job 39: Subtask first_task
[2023-02-01T06:14:52.588+0000] {task_command.py:388} INFO - Running <TaskInstance: our_first_dag.first_task scheduled__2021-08-03T00:00:00+00:00 [running]> on host b58e6c3ede27
[2023-02-01T06:14:57.699+0000] {taskinstance.py:1509} INFO - Exporting the following env vars:
AIRFLOW_CTX_DAG_OWNER=archana
AIRFLOW_CTX_DAG_ID=our_first_dag
AIRFLOW_CTX_TASK_ID=first_task
AIRFLOW_CTX_EXECUTION_DATE=2021-08-03T00:00:00+00:00
AIRFLOW_CTX_TRY_NUMBER=1
AIRFLOW_CTX_DAG_RUN_ID=scheduled__2021-08-03T00:00:00+00:00
[2023-02-01T06:14:57.829+0000] {subprocess.py:63} INFO - Tmp dir root location: 
 /tmp
[2023-02-01T06:14:57.893+0000] {subprocess.py:75} INFO - Running command: ['/bin/bash', '-c', 'echo hello world, this is the first task!']
[2023-02-01T06:14:58.360+0000] {subprocess.py:86} INFO - Output:
[2023-02-01T06:14:58.858+0000] {subprocess.py:93} INFO - hello world, this is the first task!
[2023-02-01T06:14:58.867+0000] {subprocess.py:97} INFO - Command exited with return code 0
[2023-02-01T06:15:02.233+0000] {taskinstance.py:1323} INFO - Marking task as SUCCESS. dag_id=our_first_dag, task_id=first_task, execution_date=20210803T000000, start_date=20230201T061444, end_date=20230201T061502
[2023-02-01T06:15:19.110+0000] {local_task_job.py:208} INFO - Task exited with return code 0
[2023-02-01T06:15:21.633+0000] {taskinstance.py:2578} INFO - 0 downstream tasks scheduled from follow-on schedule check
[2023-02-01T08:58:43.610+0000] {taskinstance.py:1083} INFO - Dependencies all met for <TaskInstance: our_first_dag.first_task scheduled__2021-08-03T00:00:00+00:00 [queued]>
[2023-02-01T08:58:43.636+0000] {taskinstance.py:1083} INFO - Dependencies all met for <TaskInstance: our_first_dag.first_task scheduled__2021-08-03T00:00:00+00:00 [queued]>
[2023-02-01T08:58:43.638+0000] {taskinstance.py:1279} INFO - 
--------------------------------------------------------------------------------
[2023-02-01T08:58:43.640+0000] {taskinstance.py:1280} INFO - Starting attempt 1 of 6
[2023-02-01T08:58:43.648+0000] {taskinstance.py:1281} INFO - 
--------------------------------------------------------------------------------
[2023-02-01T08:58:43.686+0000] {taskinstance.py:1300} INFO - Executing <Task(BashOperator): first_task> on 2021-08-03 00:00:00+00:00
[2023-02-01T08:58:43.723+0000] {standard_task_runner.py:55} INFO - Started process 306 to run task
[2023-02-01T08:58:43.739+0000] {standard_task_runner.py:82} INFO - Running: ['***', 'tasks', 'run', 'our_first_dag', 'first_task', 'scheduled__2021-08-03T00:00:00+00:00', '--job-id', '7', '--raw', '--subdir', 'DAGS_FOLDER/our_first_dag.py', '--cfg-path', '/tmp/tmp3a436e22']
[2023-02-01T08:58:43.743+0000] {standard_task_runner.py:83} INFO - Job 7: Subtask first_task
[2023-02-01T08:58:44.079+0000] {task_command.py:388} INFO - Running <TaskInstance: our_first_dag.first_task scheduled__2021-08-03T00:00:00+00:00 [running]> on host 178c757a8fee
[2023-02-01T08:58:44.310+0000] {taskinstance.py:1509} INFO - Exporting the following env vars:
AIRFLOW_CTX_DAG_OWNER=archana
AIRFLOW_CTX_DAG_ID=our_first_dag
AIRFLOW_CTX_TASK_ID=first_task
AIRFLOW_CTX_EXECUTION_DATE=2021-08-03T00:00:00+00:00
AIRFLOW_CTX_TRY_NUMBER=1
AIRFLOW_CTX_DAG_RUN_ID=scheduled__2021-08-03T00:00:00+00:00
[2023-02-01T08:58:44.326+0000] {subprocess.py:63} INFO - Tmp dir root location: 
 /tmp
[2023-02-01T08:58:44.334+0000] {subprocess.py:75} INFO - Running command: ['/bin/bash', '-c', 'echo hello world, this is the first task!']
[2023-02-01T08:58:44.378+0000] {subprocess.py:86} INFO - Output:
[2023-02-01T08:58:44.385+0000] {subprocess.py:93} INFO - hello world, this is the first task!
[2023-02-01T08:58:44.387+0000] {subprocess.py:97} INFO - Command exited with return code 0
[2023-02-01T08:58:44.480+0000] {taskinstance.py:1323} INFO - Marking task as SUCCESS. dag_id=our_first_dag, task_id=first_task, execution_date=20210803T000000, start_date=20230201T085843, end_date=20230201T085844
[2023-02-01T08:58:44.573+0000] {local_task_job.py:208} INFO - Task exited with return code 0
[2023-02-01T08:58:44.673+0000] {taskinstance.py:2578} INFO - 0 downstream tasks scheduled from follow-on schedule check
