[2023-02-02T09:29:47.742+0000] {taskinstance.py:1083} INFO - Dependencies all met for <TaskInstance: our_first_dag_v2.first_task scheduled__2021-09-18T00:00:00+00:00 [queued]>
[2023-02-02T09:29:51.156+0000] {taskinstance.py:1083} INFO - Dependencies all met for <TaskInstance: our_first_dag_v2.first_task scheduled__2021-09-18T00:00:00+00:00 [queued]>
[2023-02-02T09:29:51.257+0000] {taskinstance.py:1279} INFO - 
--------------------------------------------------------------------------------
[2023-02-02T09:29:51.265+0000] {taskinstance.py:1280} INFO - Starting attempt 1 of 6
[2023-02-02T09:29:51.276+0000] {taskinstance.py:1281} INFO - 
--------------------------------------------------------------------------------
[2023-02-02T09:29:55.084+0000] {taskinstance.py:1300} INFO - Executing <Task(BashOperator): first_task> on 2021-09-18 00:00:00+00:00
[2023-02-02T09:29:57.725+0000] {standard_task_runner.py:55} INFO - Started process 3497 to run task
[2023-02-02T09:29:58.986+0000] {standard_task_runner.py:82} INFO - Running: ['***', 'tasks', 'run', 'our_first_dag_v2', 'first_task', 'scheduled__2021-09-18T00:00:00+00:00', '--job-id', '982', '--raw', '--subdir', 'DAGS_FOLDER/second_dag.py', '--cfg-path', '/tmp/tmpvmtzrkaf']
[2023-02-02T09:29:59.755+0000] {standard_task_runner.py:83} INFO - Job 982: Subtask first_task
[2023-02-02T09:30:15.888+0000] {task_command.py:388} INFO - Running <TaskInstance: our_first_dag_v2.first_task scheduled__2021-09-18T00:00:00+00:00 [running]> on host 178c757a8fee
[2023-02-02T09:30:21.754+0000] {taskinstance.py:1509} INFO - Exporting the following env vars:
AIRFLOW_CTX_DAG_OWNER=archana
AIRFLOW_CTX_DAG_ID=our_first_dag_v2
AIRFLOW_CTX_TASK_ID=first_task
AIRFLOW_CTX_EXECUTION_DATE=2021-09-18T00:00:00+00:00
AIRFLOW_CTX_TRY_NUMBER=1
AIRFLOW_CTX_DAG_RUN_ID=scheduled__2021-09-18T00:00:00+00:00
[2023-02-02T09:30:21.951+0000] {subprocess.py:63} INFO - Tmp dir root location: 
 /tmp
[2023-02-02T09:30:21.970+0000] {subprocess.py:75} INFO - Running command: ['/bin/bash', '-c', 'echo hello world, this is the first task!']
[2023-02-02T09:30:22.244+0000] {subprocess.py:86} INFO - Output:
[2023-02-02T09:30:22.282+0000] {subprocess.py:93} INFO - hello world, this is the first task!
[2023-02-02T09:30:22.293+0000] {subprocess.py:97} INFO - Command exited with return code 0
[2023-02-02T09:30:22.782+0000] {taskinstance.py:1323} INFO - Marking task as SUCCESS. dag_id=our_first_dag_v2, task_id=first_task, execution_date=20210918T000000, start_date=20230202T092948, end_date=20230202T093022
[2023-02-02T09:30:24.107+0000] {local_task_job.py:208} INFO - Task exited with return code 0
[2023-02-02T09:30:24.943+0000] {taskinstance.py:2578} INFO - 1 downstream tasks scheduled from follow-on schedule check
