[2023-02-02T06:06:21.680+0000] {taskinstance.py:1083} INFO - Dependencies all met for <TaskInstance: our_dag_with_python_operator_v07.get_age scheduled__2021-10-30T00:00:00+00:00 [queued]>
[2023-02-02T06:06:21.970+0000] {taskinstance.py:1083} INFO - Dependencies all met for <TaskInstance: our_dag_with_python_operator_v07.get_age scheduled__2021-10-30T00:00:00+00:00 [queued]>
[2023-02-02T06:06:21.983+0000] {taskinstance.py:1279} INFO - 
--------------------------------------------------------------------------------
[2023-02-02T06:06:21.986+0000] {taskinstance.py:1280} INFO - Starting attempt 1 of 6
[2023-02-02T06:06:21.988+0000] {taskinstance.py:1281} INFO - 
--------------------------------------------------------------------------------
[2023-02-02T06:06:22.290+0000] {taskinstance.py:1300} INFO - Executing <Task(PythonOperator): get_age> on 2021-10-30 00:00:00+00:00
[2023-02-02T06:06:22.382+0000] {standard_task_runner.py:55} INFO - Started process 652 to run task
[2023-02-02T06:06:22.511+0000] {standard_task_runner.py:82} INFO - Running: ['***', 'tasks', 'run', 'our_dag_with_python_operator_v07', 'get_age', 'scheduled__2021-10-30T00:00:00+00:00', '--job-id', '716', '--raw', '--subdir', 'DAGS_FOLDER/dag_python_operator.py', '--cfg-path', '/tmp/tmpr5atwpk1']
[2023-02-02T06:06:22.539+0000] {standard_task_runner.py:83} INFO - Job 716: Subtask get_age
[2023-02-02T06:06:23.092+0000] {task_command.py:388} INFO - Running <TaskInstance: our_dag_with_python_operator_v07.get_age scheduled__2021-10-30T00:00:00+00:00 [running]> on host 178c757a8fee
[2023-02-02T06:06:23.355+0000] {taskinstance.py:1509} INFO - Exporting the following env vars:
AIRFLOW_CTX_DAG_OWNER=coder2j
AIRFLOW_CTX_DAG_ID=our_dag_with_python_operator_v07
AIRFLOW_CTX_TASK_ID=get_age
AIRFLOW_CTX_EXECUTION_DATE=2021-10-30T00:00:00+00:00
AIRFLOW_CTX_TRY_NUMBER=1
AIRFLOW_CTX_DAG_RUN_ID=scheduled__2021-10-30T00:00:00+00:00
[2023-02-02T06:06:23.430+0000] {python.py:177} INFO - Done. Returned value was: None
[2023-02-02T06:06:23.462+0000] {taskinstance.py:1323} INFO - Marking task as SUCCESS. dag_id=our_dag_with_python_operator_v07, task_id=get_age, execution_date=20211030T000000, start_date=20230202T060621, end_date=20230202T060623
[2023-02-02T06:06:23.544+0000] {local_task_job.py:208} INFO - Task exited with return code 0
[2023-02-02T06:06:23.640+0000] {taskinstance.py:2578} INFO - 1 downstream tasks scheduled from follow-on schedule check
