[2023-02-02T05:13:53.555+0000] {taskinstance.py:1083} INFO - Dependencies all met for <TaskInstance: our_first_dag_v4.third_task scheduled__2021-11-10T00:00:00+00:00 [queued]>
[2023-02-02T05:13:53.742+0000] {taskinstance.py:1083} INFO - Dependencies all met for <TaskInstance: our_first_dag_v4.third_task scheduled__2021-11-10T00:00:00+00:00 [queued]>
[2023-02-02T05:13:53.744+0000] {taskinstance.py:1279} INFO - 
--------------------------------------------------------------------------------
[2023-02-02T05:13:53.746+0000] {taskinstance.py:1280} INFO - Starting attempt 1 of 6
[2023-02-02T05:13:53.747+0000] {taskinstance.py:1281} INFO - 
--------------------------------------------------------------------------------
[2023-02-02T05:13:54.269+0000] {taskinstance.py:1300} INFO - Executing <Task(BashOperator): third_task> on 2021-11-10 00:00:00+00:00
[2023-02-02T05:13:54.374+0000] {standard_task_runner.py:55} INFO - Started process 3749 to run task
[2023-02-02T05:13:54.484+0000] {standard_task_runner.py:82} INFO - Running: ['***', 'tasks', 'run', 'our_first_dag_v4', 'third_task', 'scheduled__2021-11-10T00:00:00+00:00', '--job-id', '341', '--raw', '--subdir', 'DAGS_FOLDER/our_first_dag.py', '--cfg-path', '/tmp/tmp3e3m_3ba']
[2023-02-02T05:13:54.508+0000] {standard_task_runner.py:83} INFO - Job 341: Subtask third_task
[2023-02-02T05:13:55.270+0000] {task_command.py:388} INFO - Running <TaskInstance: our_first_dag_v4.third_task scheduled__2021-11-10T00:00:00+00:00 [running]> on host 178c757a8fee
[2023-02-02T05:13:56.623+0000] {taskinstance.py:1509} INFO - Exporting the following env vars:
AIRFLOW_CTX_DAG_OWNER=archana
AIRFLOW_CTX_DAG_ID=our_first_dag_v4
AIRFLOW_CTX_TASK_ID=third_task
AIRFLOW_CTX_EXECUTION_DATE=2021-11-10T00:00:00+00:00
AIRFLOW_CTX_TRY_NUMBER=1
AIRFLOW_CTX_DAG_RUN_ID=scheduled__2021-11-10T00:00:00+00:00
[2023-02-02T05:13:56.628+0000] {subprocess.py:63} INFO - Tmp dir root location: 
 /tmp
[2023-02-02T05:13:56.630+0000] {subprocess.py:75} INFO - Running command: ['/bin/bash', '-c', 'echo hey, I am task3 and will be running after task1 as task2']
[2023-02-02T05:13:57.049+0000] {subprocess.py:86} INFO - Output:
[2023-02-02T05:13:57.166+0000] {subprocess.py:93} INFO - hey, I am task3 and will be running after task1 as task2
[2023-02-02T05:13:57.233+0000] {subprocess.py:97} INFO - Command exited with return code 0
[2023-02-02T05:13:57.797+0000] {taskinstance.py:1323} INFO - Marking task as SUCCESS. dag_id=our_first_dag_v4, task_id=third_task, execution_date=20211110T000000, start_date=20230202T051353, end_date=20230202T051357
[2023-02-02T05:13:58.732+0000] {local_task_job.py:208} INFO - Task exited with return code 0
[2023-02-02T05:13:59.015+0000] {taskinstance.py:2578} INFO - 0 downstream tasks scheduled from follow-on schedule check
