[2023-02-02T09:28:58.388+0000] {taskinstance.py:1083} INFO - Dependencies all met for <TaskInstance: our_first_dag_v3.second_task scheduled__2021-09-04T00:00:00+00:00 [queued]>
[2023-02-02T09:28:59.232+0000] {taskinstance.py:1083} INFO - Dependencies all met for <TaskInstance: our_first_dag_v3.second_task scheduled__2021-09-04T00:00:00+00:00 [queued]>
[2023-02-02T09:28:59.337+0000] {taskinstance.py:1279} INFO - 
--------------------------------------------------------------------------------
[2023-02-02T09:28:59.339+0000] {taskinstance.py:1280} INFO - Starting attempt 1 of 6
[2023-02-02T09:28:59.343+0000] {taskinstance.py:1281} INFO - 
--------------------------------------------------------------------------------
[2023-02-02T09:29:00.533+0000] {taskinstance.py:1300} INFO - Executing <Task(BashOperator): second_task> on 2021-09-04 00:00:00+00:00
[2023-02-02T09:29:00.886+0000] {standard_task_runner.py:55} INFO - Started process 3452 to run task
[2023-02-02T09:29:01.231+0000] {standard_task_runner.py:82} INFO - Running: ['***', 'tasks', 'run', 'our_first_dag_v3', 'second_task', 'scheduled__2021-09-04T00:00:00+00:00', '--job-id', '974', '--raw', '--subdir', 'DAGS_FOLDER/third_dag.py', '--cfg-path', '/tmp/tmpufc0lgml']
[2023-02-02T09:29:01.319+0000] {standard_task_runner.py:83} INFO - Job 974: Subtask second_task
[2023-02-02T09:29:13.473+0000] {task_command.py:388} INFO - Running <TaskInstance: our_first_dag_v3.second_task scheduled__2021-09-04T00:00:00+00:00 [running]> on host 178c757a8fee
[2023-02-02T09:29:20.196+0000] {taskinstance.py:1509} INFO - Exporting the following env vars:
AIRFLOW_CTX_DAG_OWNER=archana
AIRFLOW_CTX_DAG_ID=our_first_dag_v3
AIRFLOW_CTX_TASK_ID=second_task
AIRFLOW_CTX_EXECUTION_DATE=2021-09-04T00:00:00+00:00
AIRFLOW_CTX_TRY_NUMBER=1
AIRFLOW_CTX_DAG_RUN_ID=scheduled__2021-09-04T00:00:00+00:00
[2023-02-02T09:29:20.492+0000] {subprocess.py:63} INFO - Tmp dir root location: 
 /tmp
[2023-02-02T09:29:20.553+0000] {subprocess.py:75} INFO - Running command: ['/bin/bash', '-c', 'echo hey, I am task2 and will be running after the task1']
[2023-02-02T09:29:21.915+0000] {subprocess.py:86} INFO - Output:
[2023-02-02T09:29:22.158+0000] {subprocess.py:93} INFO - hey, I am task2 and will be running after the task1
[2023-02-02T09:29:22.204+0000] {subprocess.py:97} INFO - Command exited with return code 0
[2023-02-02T09:29:26.094+0000] {taskinstance.py:1323} INFO - Marking task as SUCCESS. dag_id=our_first_dag_v3, task_id=second_task, execution_date=20210904T000000, start_date=20230202T092858, end_date=20230202T092926
[2023-02-02T09:29:32.240+0000] {local_task_job.py:208} INFO - Task exited with return code 0
[2023-02-02T09:29:34.367+0000] {taskinstance.py:2578} INFO - 0 downstream tasks scheduled from follow-on schedule check
