[2023-02-02T06:06:15.024+0000] {taskinstance.py:1083} INFO - Dependencies all met for <TaskInstance: our_first_dag_v.first_task scheduled__2021-08-04T00:00:00+00:00 [queued]>
[2023-02-02T06:06:15.418+0000] {taskinstance.py:1083} INFO - Dependencies all met for <TaskInstance: our_first_dag_v.first_task scheduled__2021-08-04T00:00:00+00:00 [queued]>
[2023-02-02T06:06:15.464+0000] {taskinstance.py:1279} INFO - 
--------------------------------------------------------------------------------
[2023-02-02T06:06:15.471+0000] {taskinstance.py:1280} INFO - Starting attempt 1 of 6
[2023-02-02T06:06:15.473+0000] {taskinstance.py:1281} INFO - 
--------------------------------------------------------------------------------
[2023-02-02T06:06:15.936+0000] {taskinstance.py:1300} INFO - Executing <Task(BashOperator): first_task> on 2021-08-04 00:00:00+00:00
[2023-02-02T06:06:16.029+0000] {standard_task_runner.py:55} INFO - Started process 635 to run task
[2023-02-02T06:06:16.145+0000] {standard_task_runner.py:82} INFO - Running: ['***', 'tasks', 'run', 'our_first_dag_v', 'first_task', 'scheduled__2021-08-04T00:00:00+00:00', '--job-id', '710', '--raw', '--subdir', 'DAGS_FOLDER/our_first_dag.py', '--cfg-path', '/tmp/tmpz14019l_']
[2023-02-02T06:06:16.181+0000] {standard_task_runner.py:83} INFO - Job 710: Subtask first_task
[2023-02-02T06:06:17.314+0000] {task_command.py:388} INFO - Running <TaskInstance: our_first_dag_v.first_task scheduled__2021-08-04T00:00:00+00:00 [running]> on host 178c757a8fee
[2023-02-02T06:06:19.046+0000] {taskinstance.py:1509} INFO - Exporting the following env vars:
AIRFLOW_CTX_DAG_OWNER=archana
AIRFLOW_CTX_DAG_ID=our_first_dag_v
AIRFLOW_CTX_TASK_ID=first_task
AIRFLOW_CTX_EXECUTION_DATE=2021-08-04T00:00:00+00:00
AIRFLOW_CTX_TRY_NUMBER=1
AIRFLOW_CTX_DAG_RUN_ID=scheduled__2021-08-04T00:00:00+00:00
[2023-02-02T06:06:19.236+0000] {subprocess.py:63} INFO - Tmp dir root location: 
 /tmp
[2023-02-02T06:06:19.255+0000] {subprocess.py:75} INFO - Running command: ['/bin/bash', '-c', 'echo hello world, this is the first task!']
[2023-02-02T06:06:19.572+0000] {subprocess.py:86} INFO - Output:
[2023-02-02T06:06:19.741+0000] {subprocess.py:93} INFO - hello world, this is the first task!
[2023-02-02T06:06:19.752+0000] {subprocess.py:97} INFO - Command exited with return code 0
[2023-02-02T06:06:20.832+0000] {taskinstance.py:1323} INFO - Marking task as SUCCESS. dag_id=our_first_dag_v, task_id=first_task, execution_date=20210804T000000, start_date=20230202T060615, end_date=20230202T060620
[2023-02-02T06:06:21.558+0000] {local_task_job.py:208} INFO - Task exited with return code 0
[2023-02-02T06:06:21.836+0000] {taskinstance.py:2578} INFO - 0 downstream tasks scheduled from follow-on schedule check
