[2023-02-02T14:16:38.612+0000] {taskinstance.py:1083} INFO - Dependencies all met for <TaskInstance: dag_with_catchup_backfill_v1.task1 scheduled__2022-11-16T00:00:00+00:00 [queued]>
[2023-02-02T14:16:39.718+0000] {taskinstance.py:1083} INFO - Dependencies all met for <TaskInstance: dag_with_catchup_backfill_v1.task1 scheduled__2022-11-16T00:00:00+00:00 [queued]>
[2023-02-02T14:16:39.806+0000] {taskinstance.py:1279} INFO - 
--------------------------------------------------------------------------------
[2023-02-02T14:16:39.809+0000] {taskinstance.py:1280} INFO - Starting attempt 9 of 14
[2023-02-02T14:16:39.815+0000] {taskinstance.py:1281} INFO - 
--------------------------------------------------------------------------------
[2023-02-02T14:16:43.026+0000] {taskinstance.py:1300} INFO - Executing <Task(BashOperator): task1> on 2022-11-16 00:00:00+00:00
[2023-02-02T14:16:43.455+0000] {standard_task_runner.py:55} INFO - Started process 15240 to run task
[2023-02-02T14:16:43.603+0000] {standard_task_runner.py:82} INFO - Running: ['***', 'tasks', 'run', 'dag_with_catchup_backfill_v1', 'task1', 'scheduled__2022-11-16T00:00:00+00:00', '--job-id', '1278', '--raw', '--subdir', 'DAGS_FOLDER/dag_with_catchup_and_backfill.py', '--cfg-path', '/tmp/tmp7dxnwfln']
[2023-02-02T14:16:43.668+0000] {standard_task_runner.py:83} INFO - Job 1278: Subtask task1
[2023-02-02T14:16:46.837+0000] {task_command.py:388} INFO - Running <TaskInstance: dag_with_catchup_backfill_v1.task1 scheduled__2022-11-16T00:00:00+00:00 [running]> on host 178c757a8fee
[2023-02-02T14:16:58.282+0000] {taskinstance.py:1509} INFO - Exporting the following env vars:
AIRFLOW_CTX_DAG_OWNER=archana
AIRFLOW_CTX_DAG_ID=dag_with_catchup_backfill_v1
AIRFLOW_CTX_TASK_ID=task1
AIRFLOW_CTX_EXECUTION_DATE=2022-11-16T00:00:00+00:00
AIRFLOW_CTX_TRY_NUMBER=9
AIRFLOW_CTX_DAG_RUN_ID=scheduled__2022-11-16T00:00:00+00:00
[2023-02-02T14:16:58.454+0000] {subprocess.py:63} INFO - Tmp dir root location: 
 /tmp
[2023-02-02T14:16:58.469+0000] {subprocess.py:75} INFO - Running command: ['/bin/bash', '-c', 'echo This is a simple Bash Command!']
[2023-02-02T14:16:59.391+0000] {subprocess.py:86} INFO - Output:
[2023-02-02T14:16:59.611+0000] {subprocess.py:93} INFO - This is a simple Bash Command!
[2023-02-02T14:16:59.616+0000] {subprocess.py:97} INFO - Command exited with return code 0
[2023-02-02T14:17:00.654+0000] {taskinstance.py:1323} INFO - Marking task as SUCCESS. dag_id=dag_with_catchup_backfill_v1, task_id=task1, execution_date=20221116T000000, start_date=20230202T141638, end_date=20230202T141700
[2023-02-02T14:17:02.167+0000] {local_task_job.py:208} INFO - Task exited with return code 0
[2023-02-02T14:17:02.863+0000] {taskinstance.py:2578} INFO - 0 downstream tasks scheduled from follow-on schedule check
