[2023-02-01T04:19:36.722+0000] {taskinstance.py:1083} INFO - Dependencies all met for <TaskInstance: example_task_group_decorator.task_group_function__3.task_2 scheduled__2023-01-31T04:19:17.367861+00:00 [queued]>
[2023-02-01T04:19:37.018+0000] {taskinstance.py:1083} INFO - Dependencies all met for <TaskInstance: example_task_group_decorator.task_group_function__3.task_2 scheduled__2023-01-31T04:19:17.367861+00:00 [queued]>
[2023-02-01T04:19:37.031+0000] {taskinstance.py:1279} INFO - 
--------------------------------------------------------------------------------
[2023-02-01T04:19:37.041+0000] {taskinstance.py:1280} INFO - Starting attempt 1 of 1
[2023-02-01T04:19:37.051+0000] {taskinstance.py:1281} INFO - 
--------------------------------------------------------------------------------
[2023-02-01T04:19:37.349+0000] {taskinstance.py:1300} INFO - Executing <Task(_PythonDecoratedOperator): task_group_function__3.task_2> on 2023-01-31 04:19:17.367861+00:00
[2023-02-01T04:19:37.454+0000] {standard_task_runner.py:55} INFO - Started process 562 to run task
[2023-02-01T04:19:37.496+0000] {standard_task_runner.py:82} INFO - Running: ['***', 'tasks', 'run', 'example_task_group_decorator', 'task_group_function__3.task_2', 'scheduled__2023-01-31T04:19:17.367861+00:00', '--job-id', '14', '--raw', '--subdir', '/home/***/.local/lib/python3.7/site-packages/***/example_dags/example_task_group_decorator.py', '--cfg-path', '/tmp/tmpehawm_rb']
[2023-02-01T04:19:37.503+0000] {standard_task_runner.py:83} INFO - Job 14: Subtask task_group_function__3.task_2
[2023-02-01T04:19:38.397+0000] {task_command.py:388} INFO - Running <TaskInstance: example_task_group_decorator.task_group_function__3.task_2 scheduled__2023-01-31T04:19:17.367861+00:00 [running]> on host 3206a4d67398
[2023-02-01T04:19:38.785+0000] {taskinstance.py:1509} INFO - Exporting the following env vars:
AIRFLOW_CTX_DAG_OWNER=***
AIRFLOW_CTX_DAG_ID=example_task_group_decorator
AIRFLOW_CTX_TASK_ID=task_group_function__3.task_2
AIRFLOW_CTX_EXECUTION_DATE=2023-01-31T04:19:17.367861+00:00
AIRFLOW_CTX_TRY_NUMBER=1
AIRFLOW_CTX_DAG_RUN_ID=scheduled__2023-01-31T04:19:17.367861+00:00
[2023-02-01T04:19:38.803+0000] {python.py:177} INFO - Done. Returned value was: [ Task2 [ Task1 3 ] ]
[2023-02-01T04:19:38.888+0000] {taskinstance.py:1323} INFO - Marking task as SUCCESS. dag_id=example_task_group_decorator, task_id=task_group_function__3.task_2, execution_date=20230131T041917, start_date=20230201T041936, end_date=20230201T041938
[2023-02-01T04:19:39.098+0000] {local_task_job.py:208} INFO - Task exited with return code 0
[2023-02-01T04:19:39.362+0000] {taskinstance.py:2578} INFO - 1 downstream tasks scheduled from follow-on schedule check
