[2023-02-02T05:12:57.616+0000] {taskinstance.py:1083} INFO - Dependencies all met for <TaskInstance: our_first_dag_v4.third_task scheduled__2021-10-17T00:00:00+00:00 [queued]>
[2023-02-02T05:12:57.865+0000] {taskinstance.py:1083} INFO - Dependencies all met for <TaskInstance: our_first_dag_v4.third_task scheduled__2021-10-17T00:00:00+00:00 [queued]>
[2023-02-02T05:12:57.867+0000] {taskinstance.py:1279} INFO - 
--------------------------------------------------------------------------------
[2023-02-02T05:12:57.868+0000] {taskinstance.py:1280} INFO - Starting attempt 1 of 6
[2023-02-02T05:12:57.869+0000] {taskinstance.py:1281} INFO - 
--------------------------------------------------------------------------------
[2023-02-02T05:12:58.191+0000] {taskinstance.py:1300} INFO - Executing <Task(BashOperator): third_task> on 2021-10-17 00:00:00+00:00
[2023-02-02T05:12:58.286+0000] {standard_task_runner.py:55} INFO - Started process 3511 to run task
[2023-02-02T05:12:58.408+0000] {standard_task_runner.py:82} INFO - Running: ['***', 'tasks', 'run', 'our_first_dag_v4', 'third_task', 'scheduled__2021-10-17T00:00:00+00:00', '--job-id', '270', '--raw', '--subdir', 'DAGS_FOLDER/our_first_dag.py', '--cfg-path', '/tmp/tmpkq5ow5wr']
[2023-02-02T05:12:58.412+0000] {standard_task_runner.py:83} INFO - Job 270: Subtask third_task
[2023-02-02T05:12:59.530+0000] {task_command.py:388} INFO - Running <TaskInstance: our_first_dag_v4.third_task scheduled__2021-10-17T00:00:00+00:00 [running]> on host 178c757a8fee
[2023-02-02T05:13:00.568+0000] {taskinstance.py:1509} INFO - Exporting the following env vars:
AIRFLOW_CTX_DAG_OWNER=archana
AIRFLOW_CTX_DAG_ID=our_first_dag_v4
AIRFLOW_CTX_TASK_ID=third_task
AIRFLOW_CTX_EXECUTION_DATE=2021-10-17T00:00:00+00:00
AIRFLOW_CTX_TRY_NUMBER=1
AIRFLOW_CTX_DAG_RUN_ID=scheduled__2021-10-17T00:00:00+00:00
[2023-02-02T05:13:00.599+0000] {subprocess.py:63} INFO - Tmp dir root location: 
 /tmp
[2023-02-02T05:13:00.610+0000] {subprocess.py:75} INFO - Running command: ['/bin/bash', '-c', 'echo hey, I am task3 and will be running after task1 as task2']
[2023-02-02T05:13:00.697+0000] {subprocess.py:86} INFO - Output:
[2023-02-02T05:13:00.702+0000] {subprocess.py:93} INFO - hey, I am task3 and will be running after task1 as task2
[2023-02-02T05:13:00.706+0000] {subprocess.py:97} INFO - Command exited with return code 0
[2023-02-02T05:13:01.139+0000] {taskinstance.py:1323} INFO - Marking task as SUCCESS. dag_id=our_first_dag_v4, task_id=third_task, execution_date=20211017T000000, start_date=20230202T051257, end_date=20230202T051301
[2023-02-02T05:13:01.629+0000] {local_task_job.py:208} INFO - Task exited with return code 0
[2023-02-02T05:13:02.351+0000] {taskinstance.py:2578} INFO - 0 downstream tasks scheduled from follow-on schedule check
