[2023-02-02T09:19:33.466+0000] {taskinstance.py:1083} INFO - Dependencies all met for <TaskInstance: our_first_dag_v4.first_task scheduled__2022-03-01T00:00:00+00:00 [queued]>
[2023-02-02T09:19:36.476+0000] {taskinstance.py:1083} INFO - Dependencies all met for <TaskInstance: our_first_dag_v4.first_task scheduled__2022-03-01T00:00:00+00:00 [queued]>
[2023-02-02T09:19:36.530+0000] {taskinstance.py:1279} INFO - 
--------------------------------------------------------------------------------
[2023-02-02T09:19:36.535+0000] {taskinstance.py:1280} INFO - Starting attempt 1 of 6
[2023-02-02T09:19:36.542+0000] {taskinstance.py:1281} INFO - 
--------------------------------------------------------------------------------
[2023-02-02T09:19:37.975+0000] {taskinstance.py:1300} INFO - Executing <Task(BashOperator): first_task> on 2022-03-01 00:00:00+00:00
[2023-02-02T09:19:38.422+0000] {standard_task_runner.py:55} INFO - Started process 2691 to run task
[2023-02-02T09:19:38.974+0000] {standard_task_runner.py:82} INFO - Running: ['***', 'tasks', 'run', 'our_first_dag_v4', 'first_task', 'scheduled__2022-03-01T00:00:00+00:00', '--job-id', '803', '--raw', '--subdir', 'DAGS_FOLDER/forth_dag.py', '--cfg-path', '/tmp/tmpf4gfd6o6']
[2023-02-02T09:19:39.058+0000] {standard_task_runner.py:83} INFO - Job 803: Subtask first_task
[2023-02-02T09:19:42.254+0000] {task_command.py:388} INFO - Running <TaskInstance: our_first_dag_v4.first_task scheduled__2022-03-01T00:00:00+00:00 [running]> on host 178c757a8fee
[2023-02-02T09:19:46.102+0000] {taskinstance.py:1509} INFO - Exporting the following env vars:
AIRFLOW_CTX_DAG_OWNER=archana
AIRFLOW_CTX_DAG_ID=our_first_dag_v4
AIRFLOW_CTX_TASK_ID=first_task
AIRFLOW_CTX_EXECUTION_DATE=2022-03-01T00:00:00+00:00
AIRFLOW_CTX_TRY_NUMBER=1
AIRFLOW_CTX_DAG_RUN_ID=scheduled__2022-03-01T00:00:00+00:00
[2023-02-02T09:19:46.463+0000] {subprocess.py:63} INFO - Tmp dir root location: 
 /tmp
[2023-02-02T09:19:46.907+0000] {subprocess.py:75} INFO - Running command: ['/bin/bash', '-c', 'echo hello world, this is the first task!']
[2023-02-02T09:19:47.644+0000] {subprocess.py:86} INFO - Output:
[2023-02-02T09:19:47.745+0000] {subprocess.py:93} INFO - hello world, this is the first task!
[2023-02-02T09:19:47.787+0000] {subprocess.py:97} INFO - Command exited with return code 0
[2023-02-02T09:19:48.799+0000] {taskinstance.py:1323} INFO - Marking task as SUCCESS. dag_id=our_first_dag_v4, task_id=first_task, execution_date=20220301T000000, start_date=20230202T091934, end_date=20230202T091948
[2023-02-02T09:19:50.819+0000] {local_task_job.py:208} INFO - Task exited with return code 0
[2023-02-02T09:19:52.160+0000] {taskinstance.py:2578} INFO - 0 downstream tasks scheduled from follow-on schedule check
