[2023-02-02T09:20:56.060+0000] {taskinstance.py:1083} INFO - Dependencies all met for <TaskInstance: our_first_dag_v2.first_task scheduled__2021-08-26T00:00:00+00:00 [queued]>
[2023-02-02T09:20:57.615+0000] {taskinstance.py:1083} INFO - Dependencies all met for <TaskInstance: our_first_dag_v2.first_task scheduled__2021-08-26T00:00:00+00:00 [queued]>
[2023-02-02T09:20:57.671+0000] {taskinstance.py:1279} INFO - 
--------------------------------------------------------------------------------
[2023-02-02T09:20:57.687+0000] {taskinstance.py:1280} INFO - Starting attempt 1 of 6
[2023-02-02T09:20:57.689+0000] {taskinstance.py:1281} INFO - 
--------------------------------------------------------------------------------
[2023-02-02T09:20:58.366+0000] {taskinstance.py:1300} INFO - Executing <Task(BashOperator): first_task> on 2021-08-26 00:00:00+00:00
[2023-02-02T09:20:59.035+0000] {standard_task_runner.py:55} INFO - Started process 2828 to run task
[2023-02-02T09:20:59.511+0000] {standard_task_runner.py:82} INFO - Running: ['***', 'tasks', 'run', 'our_first_dag_v2', 'first_task', 'scheduled__2021-08-26T00:00:00+00:00', '--job-id', '838', '--raw', '--subdir', 'DAGS_FOLDER/second_dag.py', '--cfg-path', '/tmp/tmpagl7jsbw']
[2023-02-02T09:20:59.721+0000] {standard_task_runner.py:83} INFO - Job 838: Subtask first_task
[2023-02-02T09:21:03.200+0000] {task_command.py:388} INFO - Running <TaskInstance: our_first_dag_v2.first_task scheduled__2021-08-26T00:00:00+00:00 [running]> on host 178c757a8fee
[2023-02-02T09:21:06.025+0000] {taskinstance.py:1509} INFO - Exporting the following env vars:
AIRFLOW_CTX_DAG_OWNER=archana
AIRFLOW_CTX_DAG_ID=our_first_dag_v2
AIRFLOW_CTX_TASK_ID=first_task
AIRFLOW_CTX_EXECUTION_DATE=2021-08-26T00:00:00+00:00
AIRFLOW_CTX_TRY_NUMBER=1
AIRFLOW_CTX_DAG_RUN_ID=scheduled__2021-08-26T00:00:00+00:00
[2023-02-02T09:21:06.071+0000] {subprocess.py:63} INFO - Tmp dir root location: 
 /tmp
[2023-02-02T09:21:06.084+0000] {subprocess.py:75} INFO - Running command: ['/bin/bash', '-c', 'echo hello world, this is the first task!']
[2023-02-02T09:21:06.375+0000] {subprocess.py:86} INFO - Output:
[2023-02-02T09:21:06.521+0000] {subprocess.py:93} INFO - hello world, this is the first task!
[2023-02-02T09:21:06.526+0000] {subprocess.py:97} INFO - Command exited with return code 0
[2023-02-02T09:21:07.471+0000] {taskinstance.py:1323} INFO - Marking task as SUCCESS. dag_id=our_first_dag_v2, task_id=first_task, execution_date=20210826T000000, start_date=20230202T092056, end_date=20230202T092107
[2023-02-02T09:21:09.523+0000] {local_task_job.py:208} INFO - Task exited with return code 0
[2023-02-02T09:21:11.159+0000] {taskinstance.py:2578} INFO - 0 downstream tasks scheduled from follow-on schedule check
