[2023-02-02T14:24:45.098+0000] {taskinstance.py:1083} INFO - Dependencies all met for <TaskInstance: dag_with_catchup_backfill_v1.task1 scheduled__2023-01-11T00:00:00+00:00 [queued]>
[2023-02-02T14:24:54.646+0000] {taskinstance.py:1083} INFO - Dependencies all met for <TaskInstance: dag_with_catchup_backfill_v1.task1 scheduled__2023-01-11T00:00:00+00:00 [queued]>
[2023-02-02T14:24:54.914+0000] {taskinstance.py:1279} INFO - 
--------------------------------------------------------------------------------
[2023-02-02T14:24:54.943+0000] {taskinstance.py:1280} INFO - Starting attempt 1 of 6
[2023-02-02T14:24:54.962+0000] {taskinstance.py:1281} INFO - 
--------------------------------------------------------------------------------
[2023-02-02T14:25:05.879+0000] {taskinstance.py:1300} INFO - Executing <Task(BashOperator): task1> on 2023-01-11 00:00:00+00:00
[2023-02-02T14:25:07.432+0000] {standard_task_runner.py:55} INFO - Started process 15591 to run task
[2023-02-02T14:25:08.643+0000] {standard_task_runner.py:82} INFO - Running: ['***', 'tasks', 'run', 'dag_with_catchup_backfill_v1', 'task1', 'scheduled__2023-01-11T00:00:00+00:00', '--job-id', '1320', '--raw', '--subdir', 'DAGS_FOLDER/dag_with_catchup_and_backfill.py', '--cfg-path', '/tmp/tmp5_j59y21']
[2023-02-02T14:25:08.835+0000] {standard_task_runner.py:83} INFO - Job 1320: Subtask task1
[2023-02-02T14:25:37.650+0000] {task_command.py:388} INFO - Running <TaskInstance: dag_with_catchup_backfill_v1.task1 scheduled__2023-01-11T00:00:00+00:00 [running]> on host 178c757a8fee
[2023-02-02T14:26:15.539+0000] {taskinstance.py:1509} INFO - Exporting the following env vars:
AIRFLOW_CTX_DAG_OWNER=archana
AIRFLOW_CTX_DAG_ID=dag_with_catchup_backfill_v1
AIRFLOW_CTX_TASK_ID=task1
AIRFLOW_CTX_EXECUTION_DATE=2023-01-11T00:00:00+00:00
AIRFLOW_CTX_TRY_NUMBER=1
AIRFLOW_CTX_DAG_RUN_ID=scheduled__2023-01-11T00:00:00+00:00
[2023-02-02T14:26:17.296+0000] {subprocess.py:63} INFO - Tmp dir root location: 
 /tmp
[2023-02-02T14:26:17.809+0000] {subprocess.py:75} INFO - Running command: ['/bin/bash', '-c', 'echo This is a simple Bash Command!']
[2023-02-02T14:26:23.864+0000] {subprocess.py:86} INFO - Output:
[2023-02-02T14:26:24.141+0000] {subprocess.py:93} INFO - This is a simple Bash Command!
[2023-02-02T14:26:24.158+0000] {subprocess.py:97} INFO - Command exited with return code 0
[2023-02-02T14:26:40.348+0000] {taskinstance.py:1323} INFO - Marking task as SUCCESS. dag_id=dag_with_catchup_backfill_v1, task_id=task1, execution_date=20230111T000000, start_date=20230202T142446, end_date=20230202T142640
[2023-02-02T14:27:09.287+0000] {local_task_job.py:208} INFO - Task exited with return code 0
[2023-02-02T14:27:28.414+0000] {taskinstance.py:2578} INFO - 0 downstream tasks scheduled from follow-on schedule check
