[2023-02-01T04:19:55.157+0000] {taskinstance.py:1083} INFO - Dependencies all met for <TaskInstance: example_task_group_decorator.task_end scheduled__2023-01-31T04:19:17.367861+00:00 [queued]>
[2023-02-01T04:19:55.171+0000] {taskinstance.py:1083} INFO - Dependencies all met for <TaskInstance: example_task_group_decorator.task_end scheduled__2023-01-31T04:19:17.367861+00:00 [queued]>
[2023-02-01T04:19:55.172+0000] {taskinstance.py:1279} INFO - 
--------------------------------------------------------------------------------
[2023-02-01T04:19:55.173+0000] {taskinstance.py:1280} INFO - Starting attempt 1 of 1
[2023-02-01T04:19:55.174+0000] {taskinstance.py:1281} INFO - 
--------------------------------------------------------------------------------
[2023-02-01T04:19:55.188+0000] {taskinstance.py:1300} INFO - Executing <Task(_PythonDecoratedOperator): task_end> on 2023-01-31 04:19:17.367861+00:00
[2023-02-01T04:19:55.196+0000] {standard_task_runner.py:55} INFO - Started process 595 to run task
[2023-02-01T04:19:55.203+0000] {standard_task_runner.py:82} INFO - Running: ['***', 'tasks', 'run', 'example_task_group_decorator', 'task_end', 'scheduled__2023-01-31T04:19:17.367861+00:00', '--job-id', '24', '--raw', '--subdir', '/home/***/.local/lib/python3.7/site-packages/***/example_dags/example_task_group_decorator.py', '--cfg-path', '/tmp/tmp2axsjgmc']
[2023-02-01T04:19:55.204+0000] {standard_task_runner.py:83} INFO - Job 24: Subtask task_end
[2023-02-01T04:19:55.289+0000] {task_command.py:388} INFO - Running <TaskInstance: example_task_group_decorator.task_end scheduled__2023-01-31T04:19:17.367861+00:00 [running]> on host 3206a4d67398
[2023-02-01T04:19:55.364+0000] {taskinstance.py:1509} INFO - Exporting the following env vars:
AIRFLOW_CTX_DAG_OWNER=***
AIRFLOW_CTX_DAG_ID=example_task_group_decorator
AIRFLOW_CTX_TASK_ID=task_end
AIRFLOW_CTX_EXECUTION_DATE=2023-01-31T04:19:17.367861+00:00
AIRFLOW_CTX_TRY_NUMBER=1
AIRFLOW_CTX_DAG_RUN_ID=scheduled__2023-01-31T04:19:17.367861+00:00
[2023-02-01T04:19:55.365+0000] {logging_mixin.py:137} INFO - [ Task_End  ]
[2023-02-01T04:19:55.366+0000] {python.py:177} INFO - Done. Returned value was: None
[2023-02-01T04:19:55.378+0000] {taskinstance.py:1323} INFO - Marking task as SUCCESS. dag_id=example_task_group_decorator, task_id=task_end, execution_date=20230131T041917, start_date=20230201T041955, end_date=20230201T041955
[2023-02-01T04:19:55.417+0000] {local_task_job.py:208} INFO - Task exited with return code 0
[2023-02-01T04:19:55.438+0000] {taskinstance.py:2578} INFO - 0 downstream tasks scheduled from follow-on schedule check
