[2023-02-02T09:18:49.717+0000] {taskinstance.py:1083} INFO - Dependencies all met for <TaskInstance: our_first_dag_v2.second_task scheduled__2021-08-02T00:00:00+00:00 [queued]>
[2023-02-02T09:18:51.278+0000] {taskinstance.py:1083} INFO - Dependencies all met for <TaskInstance: our_first_dag_v2.second_task scheduled__2021-08-02T00:00:00+00:00 [queued]>
[2023-02-02T09:18:51.316+0000] {taskinstance.py:1279} INFO - 
--------------------------------------------------------------------------------
[2023-02-02T09:18:51.320+0000] {taskinstance.py:1280} INFO - Starting attempt 1 of 6
[2023-02-02T09:18:51.326+0000] {taskinstance.py:1281} INFO - 
--------------------------------------------------------------------------------
[2023-02-02T09:18:52.355+0000] {taskinstance.py:1300} INFO - Executing <Task(BashOperator): second_task> on 2021-08-02 00:00:00+00:00
[2023-02-02T09:18:53.139+0000] {standard_task_runner.py:55} INFO - Started process 2623 to run task
[2023-02-02T09:18:53.087+0000] {standard_task_runner.py:82} INFO - Running: ['***', 'tasks', 'run', 'our_first_dag_v2', 'second_task', 'scheduled__2021-08-02T00:00:00+00:00', '--job-id', '787', '--raw', '--subdir', 'DAGS_FOLDER/second_dag.py', '--cfg-path', '/tmp/tmpyw3ijg78']
[2023-02-02T09:18:53.207+0000] {standard_task_runner.py:83} INFO - Job 787: Subtask second_task
[2023-02-02T09:19:01.496+0000] {task_command.py:388} INFO - Running <TaskInstance: our_first_dag_v2.second_task scheduled__2021-08-02T00:00:00+00:00 [running]> on host 178c757a8fee
[2023-02-02T09:19:08.508+0000] {taskinstance.py:1509} INFO - Exporting the following env vars:
AIRFLOW_CTX_DAG_OWNER=archana
AIRFLOW_CTX_DAG_ID=our_first_dag_v2
AIRFLOW_CTX_TASK_ID=second_task
AIRFLOW_CTX_EXECUTION_DATE=2021-08-02T00:00:00+00:00
AIRFLOW_CTX_TRY_NUMBER=1
AIRFLOW_CTX_DAG_RUN_ID=scheduled__2021-08-02T00:00:00+00:00
[2023-02-02T09:19:08.879+0000] {subprocess.py:63} INFO - Tmp dir root location: 
 /tmp
[2023-02-02T09:19:09.011+0000] {subprocess.py:75} INFO - Running command: ['/bin/bash', '-c', 'echo hey, I am task2 and will be running after the task1']
[2023-02-02T09:19:09.919+0000] {subprocess.py:86} INFO - Output:
[2023-02-02T09:19:10.113+0000] {subprocess.py:93} INFO - hey, I am task2 and will be running after the task1
[2023-02-02T09:19:10.187+0000] {subprocess.py:97} INFO - Command exited with return code 0
[2023-02-02T09:19:11.903+0000] {taskinstance.py:1323} INFO - Marking task as SUCCESS. dag_id=our_first_dag_v2, task_id=second_task, execution_date=20210802T000000, start_date=20230202T091850, end_date=20230202T091911
[2023-02-02T09:19:15.026+0000] {local_task_job.py:208} INFO - Task exited with return code 0
[2023-02-02T09:19:16.708+0000] {taskinstance.py:2578} INFO - 0 downstream tasks scheduled from follow-on schedule check
