[2023-02-02T14:18:16.360+0000] {taskinstance.py:1083} INFO - Dependencies all met for <TaskInstance: dag_with_catchup_backfill_v1.task1 scheduled__2022-12-17T00:00:00+00:00 [queued]>
[2023-02-02T14:18:36.150+0000] {taskinstance.py:1083} INFO - Dependencies all met for <TaskInstance: dag_with_catchup_backfill_v1.task1 scheduled__2022-12-17T00:00:00+00:00 [queued]>
[2023-02-02T14:18:36.317+0000] {taskinstance.py:1279} INFO - 
--------------------------------------------------------------------------------
[2023-02-02T14:18:36.350+0000] {taskinstance.py:1280} INFO - Starting attempt 1 of 6
[2023-02-02T14:18:36.352+0000] {taskinstance.py:1281} INFO - 
--------------------------------------------------------------------------------
[2023-02-02T14:18:51.839+0000] {taskinstance.py:1300} INFO - Executing <Task(BashOperator): task1> on 2022-12-17 00:00:00+00:00
[2023-02-02T14:18:54.799+0000] {standard_task_runner.py:55} INFO - Started process 15337 to run task
[2023-02-02T14:18:56.390+0000] {standard_task_runner.py:82} INFO - Running: ['***', 'tasks', 'run', 'dag_with_catchup_backfill_v1', 'task1', 'scheduled__2022-12-17T00:00:00+00:00', '--job-id', '1294', '--raw', '--subdir', 'DAGS_FOLDER/dag_with_catchup_and_backfill.py', '--cfg-path', '/tmp/tmp6mcrnkwp']
[2023-02-02T14:18:57.157+0000] {standard_task_runner.py:83} INFO - Job 1294: Subtask task1
[2023-02-02T14:19:32.893+0000] {task_command.py:388} INFO - Running <TaskInstance: dag_with_catchup_backfill_v1.task1 scheduled__2022-12-17T00:00:00+00:00 [running]> on host 178c757a8fee
[2023-02-02T14:19:42.083+0000] {taskinstance.py:1509} INFO - Exporting the following env vars:
AIRFLOW_CTX_DAG_OWNER=archana
AIRFLOW_CTX_DAG_ID=dag_with_catchup_backfill_v1
AIRFLOW_CTX_TASK_ID=task1
AIRFLOW_CTX_EXECUTION_DATE=2022-12-17T00:00:00+00:00
AIRFLOW_CTX_TRY_NUMBER=1
AIRFLOW_CTX_DAG_RUN_ID=scheduled__2022-12-17T00:00:00+00:00
[2023-02-02T14:19:42.384+0000] {subprocess.py:63} INFO - Tmp dir root location: 
 /tmp
[2023-02-02T14:19:42.455+0000] {subprocess.py:75} INFO - Running command: ['/bin/bash', '-c', 'echo This is a simple Bash Command!']
[2023-02-02T14:19:44.154+0000] {subprocess.py:86} INFO - Output:
[2023-02-02T14:19:44.408+0000] {subprocess.py:93} INFO - This is a simple Bash Command!
[2023-02-02T14:19:44.446+0000] {subprocess.py:97} INFO - Command exited with return code 0
[2023-02-02T14:19:46.735+0000] {taskinstance.py:1323} INFO - Marking task as SUCCESS. dag_id=dag_with_catchup_backfill_v1, task_id=task1, execution_date=20221217T000000, start_date=20230202T141821, end_date=20230202T141946
[2023-02-02T14:19:54.742+0000] {local_task_job.py:208} INFO - Task exited with return code 0
[2023-02-02T14:19:59.808+0000] {taskinstance.py:2578} INFO - 0 downstream tasks scheduled from follow-on schedule check
