[2023-02-02T05:14:34.885+0000] {taskinstance.py:1083} INFO - Dependencies all met for <TaskInstance: our_first_dag_v4.first_task scheduled__2021-12-06T00:00:00+00:00 [queued]>
[2023-02-02T05:14:35.058+0000] {taskinstance.py:1083} INFO - Dependencies all met for <TaskInstance: our_first_dag_v4.first_task scheduled__2021-12-06T00:00:00+00:00 [queued]>
[2023-02-02T05:14:35.060+0000] {taskinstance.py:1279} INFO - 
--------------------------------------------------------------------------------
[2023-02-02T05:14:35.061+0000] {taskinstance.py:1280} INFO - Starting attempt 1 of 6
[2023-02-02T05:14:35.062+0000] {taskinstance.py:1281} INFO - 
--------------------------------------------------------------------------------
[2023-02-02T05:14:35.284+0000] {taskinstance.py:1300} INFO - Executing <Task(BashOperator): first_task> on 2021-12-06 00:00:00+00:00
[2023-02-02T05:14:35.463+0000] {standard_task_runner.py:55} INFO - Started process 3960 to run task
[2023-02-02T05:14:35.615+0000] {standard_task_runner.py:82} INFO - Running: ['***', 'tasks', 'run', 'our_first_dag_v4', 'first_task', 'scheduled__2021-12-06T00:00:00+00:00', '--job-id', '401', '--raw', '--subdir', 'DAGS_FOLDER/our_first_dag.py', '--cfg-path', '/tmp/tmpl_l2zmci']
[2023-02-02T05:14:35.626+0000] {standard_task_runner.py:83} INFO - Job 401: Subtask first_task
[2023-02-02T05:14:36.493+0000] {task_command.py:388} INFO - Running <TaskInstance: our_first_dag_v4.first_task scheduled__2021-12-06T00:00:00+00:00 [running]> on host 178c757a8fee
[2023-02-02T05:14:37.598+0000] {taskinstance.py:1509} INFO - Exporting the following env vars:
AIRFLOW_CTX_DAG_OWNER=archana
AIRFLOW_CTX_DAG_ID=our_first_dag_v4
AIRFLOW_CTX_TASK_ID=first_task
AIRFLOW_CTX_EXECUTION_DATE=2021-12-06T00:00:00+00:00
AIRFLOW_CTX_TRY_NUMBER=1
AIRFLOW_CTX_DAG_RUN_ID=scheduled__2021-12-06T00:00:00+00:00
[2023-02-02T05:14:37.633+0000] {subprocess.py:63} INFO - Tmp dir root location: 
 /tmp
[2023-02-02T05:14:37.648+0000] {subprocess.py:75} INFO - Running command: ['/bin/bash', '-c', 'echo hello world, this is the first task!']
[2023-02-02T05:14:37.904+0000] {subprocess.py:86} INFO - Output:
[2023-02-02T05:14:37.953+0000] {subprocess.py:93} INFO - hello world, this is the first task!
[2023-02-02T05:14:37.984+0000] {subprocess.py:97} INFO - Command exited with return code 0
[2023-02-02T05:14:38.188+0000] {taskinstance.py:1323} INFO - Marking task as SUCCESS. dag_id=our_first_dag_v4, task_id=first_task, execution_date=20211206T000000, start_date=20230202T051434, end_date=20230202T051438
[2023-02-02T05:14:38.881+0000] {local_task_job.py:208} INFO - Task exited with return code 0
[2023-02-02T05:14:39.274+0000] {taskinstance.py:2578} INFO - 2 downstream tasks scheduled from follow-on schedule check
