[2023-02-02T09:18:03.426+0000] {taskinstance.py:1083} INFO - Dependencies all met for <TaskInstance: our_first_dag_v3.third_task scheduled__2021-08-05T00:00:00+00:00 [queued]>
[2023-02-02T09:18:04.187+0000] {taskinstance.py:1083} INFO - Dependencies all met for <TaskInstance: our_first_dag_v3.third_task scheduled__2021-08-05T00:00:00+00:00 [queued]>
[2023-02-02T09:18:04.273+0000] {taskinstance.py:1279} INFO - 
--------------------------------------------------------------------------------
[2023-02-02T09:18:04.275+0000] {taskinstance.py:1280} INFO - Starting attempt 1 of 6
[2023-02-02T09:18:04.276+0000] {taskinstance.py:1281} INFO - 
--------------------------------------------------------------------------------
[2023-02-02T09:18:05.070+0000] {taskinstance.py:1300} INFO - Executing <Task(BashOperator): third_task> on 2021-08-05 00:00:00+00:00
[2023-02-02T09:18:05.427+0000] {standard_task_runner.py:55} INFO - Started process 2546 to run task
[2023-02-02T09:18:05.514+0000] {standard_task_runner.py:82} INFO - Running: ['***', 'tasks', 'run', 'our_first_dag_v3', 'third_task', 'scheduled__2021-08-05T00:00:00+00:00', '--job-id', '767', '--raw', '--subdir', 'DAGS_FOLDER/third_dag.py', '--cfg-path', '/tmp/tmpgmg7ag2k']
[2023-02-02T09:18:05.518+0000] {standard_task_runner.py:83} INFO - Job 767: Subtask third_task
[2023-02-02T09:18:07.212+0000] {task_command.py:388} INFO - Running <TaskInstance: our_first_dag_v3.third_task scheduled__2021-08-05T00:00:00+00:00 [running]> on host 178c757a8fee
[2023-02-02T09:18:15.334+0000] {taskinstance.py:1509} INFO - Exporting the following env vars:
AIRFLOW_CTX_DAG_OWNER=archana
AIRFLOW_CTX_DAG_ID=our_first_dag_v3
AIRFLOW_CTX_TASK_ID=third_task
AIRFLOW_CTX_EXECUTION_DATE=2021-08-05T00:00:00+00:00
AIRFLOW_CTX_TRY_NUMBER=1
AIRFLOW_CTX_DAG_RUN_ID=scheduled__2021-08-05T00:00:00+00:00
[2023-02-02T09:18:15.725+0000] {subprocess.py:63} INFO - Tmp dir root location: 
 /tmp
[2023-02-02T09:18:15.881+0000] {subprocess.py:75} INFO - Running command: ['/bin/bash', '-c', 'echo hey, I am task3 and will be running after task1 as task2']
[2023-02-02T09:18:17.680+0000] {subprocess.py:86} INFO - Output:
[2023-02-02T09:18:18.200+0000] {subprocess.py:93} INFO - hey, I am task3 and will be running after task1 as task2
[2023-02-02T09:18:18.246+0000] {subprocess.py:97} INFO - Command exited with return code 0
[2023-02-02T09:18:22.310+0000] {taskinstance.py:1323} INFO - Marking task as SUCCESS. dag_id=our_first_dag_v3, task_id=third_task, execution_date=20210805T000000, start_date=20230202T091803, end_date=20230202T091822
[2023-02-02T09:18:24.469+0000] {local_task_job.py:208} INFO - Task exited with return code 0
[2023-02-02T09:18:25.181+0000] {taskinstance.py:2578} INFO - 0 downstream tasks scheduled from follow-on schedule check
