[2023-02-01T06:15:45.054+0000] {taskinstance.py:1083} INFO - Dependencies all met for <TaskInstance: our_first_dag.first_task scheduled__2021-08-10T00:00:00+00:00 [queued]>
[2023-02-01T06:15:45.415+0000] {taskinstance.py:1083} INFO - Dependencies all met for <TaskInstance: our_first_dag.first_task scheduled__2021-08-10T00:00:00+00:00 [queued]>
[2023-02-01T06:15:45.429+0000] {taskinstance.py:1279} INFO - 
--------------------------------------------------------------------------------
[2023-02-01T06:15:45.441+0000] {taskinstance.py:1280} INFO - Starting attempt 1 of 6
[2023-02-01T06:15:45.459+0000] {taskinstance.py:1281} INFO - 
--------------------------------------------------------------------------------
[2023-02-01T06:15:46.116+0000] {taskinstance.py:1300} INFO - Executing <Task(BashOperator): first_task> on 2021-08-10 00:00:00+00:00
[2023-02-01T06:15:46.348+0000] {standard_task_runner.py:55} INFO - Started process 2671 to run task
[2023-02-01T06:15:46.471+0000] {standard_task_runner.py:82} INFO - Running: ['***', 'tasks', 'run', 'our_first_dag', 'first_task', 'scheduled__2021-08-10T00:00:00+00:00', '--job-id', '49', '--raw', '--subdir', 'DAGS_FOLDER/our_first_dag.py', '--cfg-path', '/tmp/tmplezdbzqn']
[2023-02-01T06:15:46.482+0000] {standard_task_runner.py:83} INFO - Job 49: Subtask first_task
[2023-02-01T06:15:48.628+0000] {task_command.py:388} INFO - Running <TaskInstance: our_first_dag.first_task scheduled__2021-08-10T00:00:00+00:00 [running]> on host b58e6c3ede27
[2023-02-01T06:15:53.949+0000] {taskinstance.py:1509} INFO - Exporting the following env vars:
AIRFLOW_CTX_DAG_OWNER=archana
AIRFLOW_CTX_DAG_ID=our_first_dag
AIRFLOW_CTX_TASK_ID=first_task
AIRFLOW_CTX_EXECUTION_DATE=2021-08-10T00:00:00+00:00
AIRFLOW_CTX_TRY_NUMBER=1
AIRFLOW_CTX_DAG_RUN_ID=scheduled__2021-08-10T00:00:00+00:00
[2023-02-01T06:15:54.288+0000] {subprocess.py:63} INFO - Tmp dir root location: 
 /tmp
[2023-02-01T06:15:54.436+0000] {subprocess.py:75} INFO - Running command: ['/bin/bash', '-c', 'echo hello world, this is the first task!']
[2023-02-01T06:15:54.741+0000] {subprocess.py:86} INFO - Output:
[2023-02-01T06:15:54.799+0000] {subprocess.py:93} INFO - hello world, this is the first task!
[2023-02-01T06:15:54.808+0000] {subprocess.py:97} INFO - Command exited with return code 0
[2023-02-01T06:15:56.251+0000] {taskinstance.py:1323} INFO - Marking task as SUCCESS. dag_id=our_first_dag, task_id=first_task, execution_date=20210810T000000, start_date=20230201T061545, end_date=20230201T061556
[2023-02-01T06:15:59.387+0000] {local_task_job.py:208} INFO - Task exited with return code 0
[2023-02-01T06:15:59.630+0000] {taskinstance.py:2578} INFO - 0 downstream tasks scheduled from follow-on schedule check
