[2023-02-02T12:52:06.338+0000] {taskinstance.py:1083} INFO - Dependencies all met for <TaskInstance: dag_with_catchup_backfill_v2.task1 backfill__2021-11-01T00:00:00+00:00 [queued]>
[2023-02-02T12:52:06.425+0000] {taskinstance.py:1083} INFO - Dependencies all met for <TaskInstance: dag_with_catchup_backfill_v2.task1 backfill__2021-11-01T00:00:00+00:00 [queued]>
[2023-02-02T12:52:06.429+0000] {taskinstance.py:1279} INFO - 
--------------------------------------------------------------------------------
[2023-02-02T12:52:06.430+0000] {taskinstance.py:1280} INFO - Starting attempt 2 of 6
[2023-02-02T12:52:06.431+0000] {taskinstance.py:1281} INFO - 
--------------------------------------------------------------------------------
[2023-02-02T12:52:06.533+0000] {taskinstance.py:1300} INFO - Executing <Task(BashOperator): task1> on 2021-11-01 00:00:00+00:00
[2023-02-02T12:52:06.567+0000] {standard_task_runner.py:55} INFO - Started process 12442 to run task
[2023-02-02T12:52:06.612+0000] {standard_task_runner.py:82} INFO - Running: ['***', 'tasks', 'run', 'dag_with_catchup_backfill_v2', 'task1', 'backfill__2021-11-01T00:00:00+00:00', '--job-id', '1214', '--pool', 'default_pool', '--raw', '--subdir', 'DAGS_FOLDER/dag_with_catchup_and_backfill.py', '--cfg-path', '/tmp/tmp7_g6ibt6']
[2023-02-02T12:52:06.614+0000] {standard_task_runner.py:83} INFO - Job 1214: Subtask task1
[2023-02-02T12:52:06.984+0000] {task_command.py:388} INFO - Running <TaskInstance: dag_with_catchup_backfill_v2.task1 backfill__2021-11-01T00:00:00+00:00 [running]> on host 178c757a8fee
[2023-02-02T12:52:07.321+0000] {taskinstance.py:1509} INFO - Exporting the following env vars:
AIRFLOW_CTX_DAG_OWNER=archana
AIRFLOW_CTX_DAG_ID=dag_with_catchup_backfill_v2
AIRFLOW_CTX_TASK_ID=task1
AIRFLOW_CTX_EXECUTION_DATE=2021-11-01T00:00:00+00:00
AIRFLOW_CTX_TRY_NUMBER=2
AIRFLOW_CTX_DAG_RUN_ID=backfill__2021-11-01T00:00:00+00:00
[2023-02-02T12:52:07.326+0000] {subprocess.py:63} INFO - Tmp dir root location: 
 /tmp
[2023-02-02T12:52:07.328+0000] {subprocess.py:75} INFO - Running command: ['/bin/bash', '-c', 'This is a simple Bash Command!']
[2023-02-02T12:52:07.393+0000] {subprocess.py:86} INFO - Output:
[2023-02-02T12:52:07.403+0000] {subprocess.py:93} INFO - /bin/bash: line 1: This: command not found
[2023-02-02T12:52:07.406+0000] {subprocess.py:97} INFO - Command exited with return code 127
[2023-02-02T12:52:07.486+0000] {taskinstance.py:1768} ERROR - Task failed with exception
Traceback (most recent call last):
  File "/home/airflow/.local/lib/python3.7/site-packages/airflow/operators/bash.py", line 197, in execute
    f"Bash command failed. The command returned a non-zero exit code {result.exit_code}."
airflow.exceptions.AirflowException: Bash command failed. The command returned a non-zero exit code 127.
[2023-02-02T12:52:07.502+0000] {taskinstance.py:1323} INFO - Marking task as UP_FOR_RETRY. dag_id=dag_with_catchup_backfill_v2, task_id=task1, execution_date=20211101T000000, start_date=20230202T125206, end_date=20230202T125207
[2023-02-02T12:52:07.549+0000] {standard_task_runner.py:105} ERROR - Failed to execute job 1214 for task task1 (Bash command failed. The command returned a non-zero exit code 127.; 12442)
[2023-02-02T12:52:07.604+0000] {local_task_job.py:208} INFO - Task exited with return code 1
[2023-02-02T12:52:07.655+0000] {taskinstance.py:2578} INFO - 0 downstream tasks scheduled from follow-on schedule check
