[2023-02-02T14:39:11.359+0000] {taskinstance.py:1083} INFO - Dependencies all met for <TaskInstance: dag_with_catchup_backfill_v1.task1 scheduled__2023-02-01T00:00:00+00:00 [queued]>
[2023-02-02T14:40:51.595+0000] {taskinstance.py:1083} INFO - Dependencies all met for <TaskInstance: dag_with_catchup_backfill_v1.task1 scheduled__2023-02-01T00:00:00+00:00 [queued]>
[2023-02-02T14:40:55.925+0000] {taskinstance.py:1279} INFO - 
--------------------------------------------------------------------------------
[2023-02-02T14:40:56.528+0000] {taskinstance.py:1280} INFO - Starting attempt 1 of 6
[2023-02-02T14:40:56.634+0000] {taskinstance.py:1281} INFO - 
--------------------------------------------------------------------------------
[2023-02-03T04:40:06.740+0000] {taskinstance.py:1083} INFO - Dependencies all met for <TaskInstance: dag_with_catchup_backfill_v1.task1 scheduled__2023-02-01T00:00:00+00:00 [queued]>
[2023-02-03T04:40:07.566+0000] {taskinstance.py:1083} INFO - Dependencies all met for <TaskInstance: dag_with_catchup_backfill_v1.task1 scheduled__2023-02-01T00:00:00+00:00 [queued]>
[2023-02-03T04:40:07.581+0000] {taskinstance.py:1279} INFO - 
--------------------------------------------------------------------------------
[2023-02-03T04:40:07.587+0000] {taskinstance.py:1280} INFO - Starting attempt 1 of 6
[2023-02-03T04:40:07.589+0000] {taskinstance.py:1281} INFO - 
--------------------------------------------------------------------------------
[2023-02-03T04:40:08.419+0000] {taskinstance.py:1300} INFO - Executing <Task(BashOperator): task1> on 2023-02-01 00:00:00+00:00
[2023-02-03T04:40:08.641+0000] {standard_task_runner.py:82} INFO - Running: ['***', 'tasks', 'run', 'dag_with_catchup_backfill_v1', 'task1', 'scheduled__2023-02-01T00:00:00+00:00', '--job-id', '1349', '--raw', '--subdir', 'DAGS_FOLDER/dag_with_catchup_and_backfill.py', '--cfg-path', '/tmp/tmp_4fbhdu3']
[2023-02-03T04:40:08.653+0000] {standard_task_runner.py:83} INFO - Job 1349: Subtask task1
[2023-02-03T04:40:08.657+0000] {standard_task_runner.py:55} INFO - Started process 104 to run task
[2023-02-03T04:40:11.014+0000] {task_command.py:388} INFO - Running <TaskInstance: dag_with_catchup_backfill_v1.task1 scheduled__2023-02-01T00:00:00+00:00 [running]> on host 178c757a8fee
[2023-02-03T04:40:12.118+0000] {taskinstance.py:1509} INFO - Exporting the following env vars:
AIRFLOW_CTX_DAG_OWNER=archana
AIRFLOW_CTX_DAG_ID=dag_with_catchup_backfill_v1
AIRFLOW_CTX_TASK_ID=task1
AIRFLOW_CTX_EXECUTION_DATE=2023-02-01T00:00:00+00:00
AIRFLOW_CTX_TRY_NUMBER=1
AIRFLOW_CTX_DAG_RUN_ID=scheduled__2023-02-01T00:00:00+00:00
[2023-02-03T04:40:12.134+0000] {subprocess.py:63} INFO - Tmp dir root location: 
 /tmp
[2023-02-03T04:40:12.138+0000] {subprocess.py:75} INFO - Running command: ['/bin/bash', '-c', 'echo This is a simple Bash Command!']
[2023-02-03T04:40:12.217+0000] {subprocess.py:86} INFO - Output:
[2023-02-03T04:40:12.244+0000] {subprocess.py:93} INFO - This is a simple Bash Command!
[2023-02-03T04:40:12.262+0000] {subprocess.py:97} INFO - Command exited with return code 0
[2023-02-03T04:40:12.495+0000] {taskinstance.py:1323} INFO - Marking task as SUCCESS. dag_id=dag_with_catchup_backfill_v1, task_id=task1, execution_date=20230201T000000, start_date=20230203T044006, end_date=20230203T044012
[2023-02-03T04:40:12.780+0000] {local_task_job.py:208} INFO - Task exited with return code 0
[2023-02-03T04:40:12.999+0000] {taskinstance.py:2578} INFO - 0 downstream tasks scheduled from follow-on schedule check
