[2023-02-02T09:20:43.546+0000] {taskinstance.py:1083} INFO - Dependencies all met for <TaskInstance: our_first_dag_v2.first_task scheduled__2021-08-19T00:00:00+00:00 [queued]>
[2023-02-02T09:20:43.956+0000] {taskinstance.py:1083} INFO - Dependencies all met for <TaskInstance: our_first_dag_v2.first_task scheduled__2021-08-19T00:00:00+00:00 [queued]>
[2023-02-02T09:20:43.969+0000] {taskinstance.py:1279} INFO - 
--------------------------------------------------------------------------------
[2023-02-02T09:20:43.973+0000] {taskinstance.py:1280} INFO - Starting attempt 1 of 6
[2023-02-02T09:20:43.977+0000] {taskinstance.py:1281} INFO - 
--------------------------------------------------------------------------------
[2023-02-02T09:20:45.844+0000] {taskinstance.py:1300} INFO - Executing <Task(BashOperator): first_task> on 2021-08-19 00:00:00+00:00
[2023-02-02T09:20:46.543+0000] {standard_task_runner.py:55} INFO - Started process 2806 to run task
[2023-02-02T09:20:46.606+0000] {standard_task_runner.py:82} INFO - Running: ['***', 'tasks', 'run', 'our_first_dag_v2', 'first_task', 'scheduled__2021-08-19T00:00:00+00:00', '--job-id', '829', '--raw', '--subdir', 'DAGS_FOLDER/second_dag.py', '--cfg-path', '/tmp/tmpoaggiu3s']
[2023-02-02T09:20:46.642+0000] {standard_task_runner.py:83} INFO - Job 829: Subtask first_task
[2023-02-02T09:20:52.411+0000] {task_command.py:388} INFO - Running <TaskInstance: our_first_dag_v2.first_task scheduled__2021-08-19T00:00:00+00:00 [running]> on host 178c757a8fee
[2023-02-02T09:20:58.420+0000] {taskinstance.py:1509} INFO - Exporting the following env vars:
AIRFLOW_CTX_DAG_OWNER=archana
AIRFLOW_CTX_DAG_ID=our_first_dag_v2
AIRFLOW_CTX_TASK_ID=first_task
AIRFLOW_CTX_EXECUTION_DATE=2021-08-19T00:00:00+00:00
AIRFLOW_CTX_TRY_NUMBER=1
AIRFLOW_CTX_DAG_RUN_ID=scheduled__2021-08-19T00:00:00+00:00
[2023-02-02T09:20:58.659+0000] {subprocess.py:63} INFO - Tmp dir root location: 
 /tmp
[2023-02-02T09:20:58.729+0000] {subprocess.py:75} INFO - Running command: ['/bin/bash', '-c', 'echo hello world, this is the first task!']
[2023-02-02T09:20:59.284+0000] {subprocess.py:86} INFO - Output:
[2023-02-02T09:20:59.496+0000] {subprocess.py:93} INFO - hello world, this is the first task!
[2023-02-02T09:20:59.520+0000] {subprocess.py:97} INFO - Command exited with return code 0
[2023-02-02T09:21:00.513+0000] {taskinstance.py:1323} INFO - Marking task as SUCCESS. dag_id=our_first_dag_v2, task_id=first_task, execution_date=20210819T000000, start_date=20230202T092043, end_date=20230202T092100
[2023-02-02T09:21:02.324+0000] {local_task_job.py:208} INFO - Task exited with return code 0
[2023-02-02T09:21:04.237+0000] {taskinstance.py:2578} INFO - 0 downstream tasks scheduled from follow-on schedule check
