[2023-02-02T09:22:17.906+0000] {taskinstance.py:1083} INFO - Dependencies all met for <TaskInstance: our_first_dag_v3.second_task scheduled__2021-08-20T00:00:00+00:00 [queued]>
[2023-02-02T09:22:19.191+0000] {taskinstance.py:1083} INFO - Dependencies all met for <TaskInstance: our_first_dag_v3.second_task scheduled__2021-08-20T00:00:00+00:00 [queued]>
[2023-02-02T09:22:19.214+0000] {taskinstance.py:1279} INFO - 
--------------------------------------------------------------------------------
[2023-02-02T09:22:19.224+0000] {taskinstance.py:1280} INFO - Starting attempt 1 of 6
[2023-02-02T09:22:19.226+0000] {taskinstance.py:1281} INFO - 
--------------------------------------------------------------------------------
[2023-02-02T09:22:21.091+0000] {taskinstance.py:1300} INFO - Executing <Task(BashOperator): second_task> on 2021-08-20 00:00:00+00:00
[2023-02-02T09:22:21.533+0000] {standard_task_runner.py:82} INFO - Running: ['***', 'tasks', 'run', 'our_first_dag_v3', 'second_task', 'scheduled__2021-08-20T00:00:00+00:00', '--job-id', '875', '--raw', '--subdir', 'DAGS_FOLDER/third_dag.py', '--cfg-path', '/tmp/tmpstzqiwiq']
[2023-02-02T09:22:21.559+0000] {standard_task_runner.py:83} INFO - Job 875: Subtask second_task
[2023-02-02T09:22:21.463+0000] {standard_task_runner.py:55} INFO - Started process 2989 to run task
[2023-02-02T09:22:25.288+0000] {task_command.py:388} INFO - Running <TaskInstance: our_first_dag_v3.second_task scheduled__2021-08-20T00:00:00+00:00 [running]> on host 178c757a8fee
[2023-02-02T09:22:31.775+0000] {taskinstance.py:1509} INFO - Exporting the following env vars:
AIRFLOW_CTX_DAG_OWNER=archana
AIRFLOW_CTX_DAG_ID=our_first_dag_v3
AIRFLOW_CTX_TASK_ID=second_task
AIRFLOW_CTX_EXECUTION_DATE=2021-08-20T00:00:00+00:00
AIRFLOW_CTX_TRY_NUMBER=1
AIRFLOW_CTX_DAG_RUN_ID=scheduled__2021-08-20T00:00:00+00:00
[2023-02-02T09:22:31.797+0000] {subprocess.py:63} INFO - Tmp dir root location: 
 /tmp
[2023-02-02T09:22:31.802+0000] {subprocess.py:75} INFO - Running command: ['/bin/bash', '-c', 'echo hey, I am task2 and will be running after the task1']
[2023-02-02T09:22:32.154+0000] {subprocess.py:86} INFO - Output:
[2023-02-02T09:22:32.406+0000] {subprocess.py:93} INFO - hey, I am task2 and will be running after the task1
[2023-02-02T09:22:32.467+0000] {subprocess.py:97} INFO - Command exited with return code 0
[2023-02-02T09:22:36.214+0000] {taskinstance.py:1323} INFO - Marking task as SUCCESS. dag_id=our_first_dag_v3, task_id=second_task, execution_date=20210820T000000, start_date=20230202T092218, end_date=20230202T092236
[2023-02-02T09:22:38.475+0000] {local_task_job.py:208} INFO - Task exited with return code 0
[2023-02-02T09:22:39.831+0000] {taskinstance.py:2578} INFO - 0 downstream tasks scheduled from follow-on schedule check
