[2023-02-02T09:19:27.041+0000] {taskinstance.py:1083} INFO - Dependencies all met for <TaskInstance: our_first_dag_v3.first_task scheduled__2021-08-16T00:00:00+00:00 [queued]>
[2023-02-02T09:19:27.368+0000] {taskinstance.py:1083} INFO - Dependencies all met for <TaskInstance: our_first_dag_v3.first_task scheduled__2021-08-16T00:00:00+00:00 [queued]>
[2023-02-02T09:19:27.371+0000] {taskinstance.py:1279} INFO - 
--------------------------------------------------------------------------------
[2023-02-02T09:19:27.373+0000] {taskinstance.py:1280} INFO - Starting attempt 1 of 6
[2023-02-02T09:19:27.375+0000] {taskinstance.py:1281} INFO - 
--------------------------------------------------------------------------------
[2023-02-02T09:19:27.797+0000] {taskinstance.py:1300} INFO - Executing <Task(BashOperator): first_task> on 2021-08-16 00:00:00+00:00
[2023-02-02T09:19:27.909+0000] {standard_task_runner.py:55} INFO - Started process 2676 to run task
[2023-02-02T09:19:28.076+0000] {standard_task_runner.py:82} INFO - Running: ['***', 'tasks', 'run', 'our_first_dag_v3', 'first_task', 'scheduled__2021-08-16T00:00:00+00:00', '--job-id', '798', '--raw', '--subdir', 'DAGS_FOLDER/third_dag.py', '--cfg-path', '/tmp/tmp2hg_dbwv']
[2023-02-02T09:19:28.109+0000] {standard_task_runner.py:83} INFO - Job 798: Subtask first_task
[2023-02-02T09:19:36.826+0000] {task_command.py:388} INFO - Running <TaskInstance: our_first_dag_v3.first_task scheduled__2021-08-16T00:00:00+00:00 [running]> on host 178c757a8fee
[2023-02-02T09:19:42.197+0000] {taskinstance.py:1509} INFO - Exporting the following env vars:
AIRFLOW_CTX_DAG_OWNER=archana
AIRFLOW_CTX_DAG_ID=our_first_dag_v3
AIRFLOW_CTX_TASK_ID=first_task
AIRFLOW_CTX_EXECUTION_DATE=2021-08-16T00:00:00+00:00
AIRFLOW_CTX_TRY_NUMBER=1
AIRFLOW_CTX_DAG_RUN_ID=scheduled__2021-08-16T00:00:00+00:00
[2023-02-02T09:19:42.301+0000] {subprocess.py:63} INFO - Tmp dir root location: 
 /tmp
[2023-02-02T09:19:42.327+0000] {subprocess.py:75} INFO - Running command: ['/bin/bash', '-c', 'echo hello world, this is the first task!']
[2023-02-02T09:19:42.849+0000] {subprocess.py:86} INFO - Output:
[2023-02-02T09:19:42.880+0000] {subprocess.py:93} INFO - hello world, this is the first task!
[2023-02-02T09:19:42.883+0000] {subprocess.py:97} INFO - Command exited with return code 0
[2023-02-02T09:19:44.200+0000] {taskinstance.py:1323} INFO - Marking task as SUCCESS. dag_id=our_first_dag_v3, task_id=first_task, execution_date=20210816T000000, start_date=20230202T091927, end_date=20230202T091944
[2023-02-02T09:19:45.580+0000] {local_task_job.py:208} INFO - Task exited with return code 0
[2023-02-02T09:19:47.721+0000] {taskinstance.py:2578} INFO - 0 downstream tasks scheduled from follow-on schedule check
