[2023-02-02T06:07:38.688+0000] {taskinstance.py:1083} INFO - Dependencies all met for <TaskInstance: our_first_dag_v3.first_task scheduled__2021-08-04T00:00:00+00:00 [queued]>
[2023-02-02T06:07:39.005+0000] {taskinstance.py:1083} INFO - Dependencies all met for <TaskInstance: our_first_dag_v3.first_task scheduled__2021-08-04T00:00:00+00:00 [queued]>
[2023-02-02T06:07:39.033+0000] {taskinstance.py:1279} INFO - 
--------------------------------------------------------------------------------
[2023-02-02T06:07:39.039+0000] {taskinstance.py:1280} INFO - Starting attempt 1 of 6
[2023-02-02T06:07:39.043+0000] {taskinstance.py:1281} INFO - 
--------------------------------------------------------------------------------
[2023-02-02T06:07:39.363+0000] {taskinstance.py:1300} INFO - Executing <Task(BashOperator): first_task> on 2021-08-04 00:00:00+00:00
[2023-02-02T06:07:39.415+0000] {standard_task_runner.py:55} INFO - Started process 752 to run task
[2023-02-02T06:07:39.651+0000] {standard_task_runner.py:82} INFO - Running: ['***', 'tasks', 'run', 'our_first_dag_v3', 'first_task', 'scheduled__2021-08-04T00:00:00+00:00', '--job-id', '723', '--raw', '--subdir', 'DAGS_FOLDER/third_dag.py', '--cfg-path', '/tmp/tmptllr_xgf']
[2023-02-02T06:07:39.684+0000] {standard_task_runner.py:83} INFO - Job 723: Subtask first_task
[2023-02-02T06:07:40.547+0000] {task_command.py:388} INFO - Running <TaskInstance: our_first_dag_v3.first_task scheduled__2021-08-04T00:00:00+00:00 [running]> on host 178c757a8fee
[2023-02-02T06:07:44.876+0000] {taskinstance.py:1509} INFO - Exporting the following env vars:
AIRFLOW_CTX_DAG_OWNER=archana
AIRFLOW_CTX_DAG_ID=our_first_dag_v3
AIRFLOW_CTX_TASK_ID=first_task
AIRFLOW_CTX_EXECUTION_DATE=2021-08-04T00:00:00+00:00
AIRFLOW_CTX_TRY_NUMBER=1
AIRFLOW_CTX_DAG_RUN_ID=scheduled__2021-08-04T00:00:00+00:00
[2023-02-02T06:07:45.076+0000] {subprocess.py:63} INFO - Tmp dir root location: 
 /tmp
[2023-02-02T06:07:45.169+0000] {subprocess.py:75} INFO - Running command: ['/bin/bash', '-c', 'echo hello world, this is the first task!']
[2023-02-02T06:07:45.488+0000] {subprocess.py:86} INFO - Output:
[2023-02-02T06:07:45.507+0000] {subprocess.py:93} INFO - hello world, this is the first task!
[2023-02-02T06:07:45.513+0000] {subprocess.py:97} INFO - Command exited with return code 0
[2023-02-02T06:07:46.224+0000] {taskinstance.py:1323} INFO - Marking task as SUCCESS. dag_id=our_first_dag_v3, task_id=first_task, execution_date=20210804T000000, start_date=20230202T060738, end_date=20230202T060746
[2023-02-02T06:07:47.732+0000] {local_task_job.py:208} INFO - Task exited with return code 0
[2023-02-02T06:07:48.814+0000] {taskinstance.py:2578} INFO - 2 downstream tasks scheduled from follow-on schedule check
