[2023-02-02T09:26:47.605+0000] {taskinstance.py:1083} INFO - Dependencies all met for <TaskInstance: our_first_dag_v3.first_task scheduled__2021-09-11T00:00:00+00:00 [queued]>
[2023-02-02T09:26:55.087+0000] {taskinstance.py:1083} INFO - Dependencies all met for <TaskInstance: our_first_dag_v3.first_task scheduled__2021-09-11T00:00:00+00:00 [queued]>
[2023-02-02T09:26:55.396+0000] {taskinstance.py:1279} INFO - 
--------------------------------------------------------------------------------
[2023-02-02T09:26:55.418+0000] {taskinstance.py:1280} INFO - Starting attempt 1 of 6
[2023-02-02T09:26:55.423+0000] {taskinstance.py:1281} INFO - 
--------------------------------------------------------------------------------
[2023-02-02T09:26:59.247+0000] {taskinstance.py:1300} INFO - Executing <Task(BashOperator): first_task> on 2021-09-11 00:00:00+00:00
[2023-02-02T09:26:59.864+0000] {standard_task_runner.py:55} INFO - Started process 3330 to run task
[2023-02-02T09:27:00.315+0000] {standard_task_runner.py:82} INFO - Running: ['***', 'tasks', 'run', 'our_first_dag_v3', 'first_task', 'scheduled__2021-09-11T00:00:00+00:00', '--job-id', '950', '--raw', '--subdir', 'DAGS_FOLDER/third_dag.py', '--cfg-path', '/tmp/tmpw33fs25t']
[2023-02-02T09:27:00.428+0000] {standard_task_runner.py:83} INFO - Job 950: Subtask first_task
[2023-02-02T09:27:04.952+0000] {task_command.py:388} INFO - Running <TaskInstance: our_first_dag_v3.first_task scheduled__2021-09-11T00:00:00+00:00 [running]> on host 178c757a8fee
[2023-02-02T09:27:17.305+0000] {taskinstance.py:1509} INFO - Exporting the following env vars:
AIRFLOW_CTX_DAG_OWNER=archana
AIRFLOW_CTX_DAG_ID=our_first_dag_v3
AIRFLOW_CTX_TASK_ID=first_task
AIRFLOW_CTX_EXECUTION_DATE=2021-09-11T00:00:00+00:00
AIRFLOW_CTX_TRY_NUMBER=1
AIRFLOW_CTX_DAG_RUN_ID=scheduled__2021-09-11T00:00:00+00:00
[2023-02-02T09:27:17.439+0000] {subprocess.py:63} INFO - Tmp dir root location: 
 /tmp
[2023-02-02T09:27:17.574+0000] {subprocess.py:75} INFO - Running command: ['/bin/bash', '-c', 'echo hello world, this is the first task!']
[2023-02-02T09:27:18.997+0000] {subprocess.py:86} INFO - Output:
[2023-02-02T09:27:19.311+0000] {subprocess.py:93} INFO - hello world, this is the first task!
[2023-02-02T09:27:19.369+0000] {subprocess.py:97} INFO - Command exited with return code 0
[2023-02-02T09:27:22.890+0000] {taskinstance.py:1323} INFO - Marking task as SUCCESS. dag_id=our_first_dag_v3, task_id=first_task, execution_date=20210911T000000, start_date=20230202T092648, end_date=20230202T092722
[2023-02-02T09:27:28.492+0000] {local_task_job.py:208} INFO - Task exited with return code 0
[2023-02-02T09:27:31.547+0000] {taskinstance.py:2578} INFO - 0 downstream tasks scheduled from follow-on schedule check
