[2023-02-02T05:14:02.436+0000] {taskinstance.py:1083} INFO - Dependencies all met for <TaskInstance: our_first_dag_v4.second_task scheduled__2021-11-13T00:00:00+00:00 [queued]>
[2023-02-02T05:14:02.775+0000] {taskinstance.py:1083} INFO - Dependencies all met for <TaskInstance: our_first_dag_v4.second_task scheduled__2021-11-13T00:00:00+00:00 [queued]>
[2023-02-02T05:14:02.777+0000] {taskinstance.py:1279} INFO - 
--------------------------------------------------------------------------------
[2023-02-02T05:14:02.780+0000] {taskinstance.py:1280} INFO - Starting attempt 1 of 6
[2023-02-02T05:14:02.790+0000] {taskinstance.py:1281} INFO - 
--------------------------------------------------------------------------------
[2023-02-02T05:14:03.195+0000] {taskinstance.py:1300} INFO - Executing <Task(BashOperator): second_task> on 2021-11-13 00:00:00+00:00
[2023-02-02T05:14:03.366+0000] {standard_task_runner.py:55} INFO - Started process 3782 to run task
[2023-02-02T05:14:03.520+0000] {standard_task_runner.py:82} INFO - Running: ['***', 'tasks', 'run', 'our_first_dag_v4', 'second_task', 'scheduled__2021-11-13T00:00:00+00:00', '--job-id', '349', '--raw', '--subdir', 'DAGS_FOLDER/our_first_dag.py', '--cfg-path', '/tmp/tmpfb2u80tn']
[2023-02-02T05:14:03.556+0000] {standard_task_runner.py:83} INFO - Job 349: Subtask second_task
[2023-02-02T05:14:04.632+0000] {task_command.py:388} INFO - Running <TaskInstance: our_first_dag_v4.second_task scheduled__2021-11-13T00:00:00+00:00 [running]> on host 178c757a8fee
[2023-02-02T05:14:05.518+0000] {taskinstance.py:1509} INFO - Exporting the following env vars:
AIRFLOW_CTX_DAG_OWNER=archana
AIRFLOW_CTX_DAG_ID=our_first_dag_v4
AIRFLOW_CTX_TASK_ID=second_task
AIRFLOW_CTX_EXECUTION_DATE=2021-11-13T00:00:00+00:00
AIRFLOW_CTX_TRY_NUMBER=1
AIRFLOW_CTX_DAG_RUN_ID=scheduled__2021-11-13T00:00:00+00:00
[2023-02-02T05:14:05.531+0000] {subprocess.py:63} INFO - Tmp dir root location: 
 /tmp
[2023-02-02T05:14:05.548+0000] {subprocess.py:75} INFO - Running command: ['/bin/bash', '-c', 'echo hey, I am task2 and will be running after the task1']
[2023-02-02T05:14:05.670+0000] {subprocess.py:86} INFO - Output:
[2023-02-02T05:14:05.735+0000] {subprocess.py:93} INFO - hey, I am task2 and will be running after the task1
[2023-02-02T05:14:05.739+0000] {subprocess.py:97} INFO - Command exited with return code 0
[2023-02-02T05:14:05.928+0000] {taskinstance.py:1323} INFO - Marking task as SUCCESS. dag_id=our_first_dag_v4, task_id=second_task, execution_date=20211113T000000, start_date=20230202T051402, end_date=20230202T051405
[2023-02-02T05:14:06.142+0000] {local_task_job.py:208} INFO - Task exited with return code 0
[2023-02-02T05:14:06.289+0000] {taskinstance.py:2578} INFO - 0 downstream tasks scheduled from follow-on schedule check
