[2023-02-02T09:19:32.209+0000] {taskinstance.py:1083} INFO - Dependencies all met for <TaskInstance: our_first_dag_v4.first_task scheduled__2022-02-27T00:00:00+00:00 [queued]>
[2023-02-02T09:19:33.563+0000] {taskinstance.py:1083} INFO - Dependencies all met for <TaskInstance: our_first_dag_v4.first_task scheduled__2022-02-27T00:00:00+00:00 [queued]>
[2023-02-02T09:19:33.723+0000] {taskinstance.py:1279} INFO - 
--------------------------------------------------------------------------------
[2023-02-02T09:19:33.792+0000] {taskinstance.py:1280} INFO - Starting attempt 1 of 6
[2023-02-02T09:19:33.802+0000] {taskinstance.py:1281} INFO - 
--------------------------------------------------------------------------------
[2023-02-02T09:19:36.730+0000] {taskinstance.py:1300} INFO - Executing <Task(BashOperator): first_task> on 2022-02-27 00:00:00+00:00
[2023-02-02T09:19:37.093+0000] {standard_task_runner.py:55} INFO - Started process 2689 to run task
[2023-02-02T09:19:37.414+0000] {standard_task_runner.py:82} INFO - Running: ['***', 'tasks', 'run', 'our_first_dag_v4', 'first_task', 'scheduled__2022-02-27T00:00:00+00:00', '--job-id', '802', '--raw', '--subdir', 'DAGS_FOLDER/forth_dag.py', '--cfg-path', '/tmp/tmp26262l9j']
[2023-02-02T09:19:37.526+0000] {standard_task_runner.py:83} INFO - Job 802: Subtask first_task
[2023-02-02T09:19:40.965+0000] {task_command.py:388} INFO - Running <TaskInstance: our_first_dag_v4.first_task scheduled__2022-02-27T00:00:00+00:00 [running]> on host 178c757a8fee
[2023-02-02T09:19:43.107+0000] {taskinstance.py:1509} INFO - Exporting the following env vars:
AIRFLOW_CTX_DAG_OWNER=archana
AIRFLOW_CTX_DAG_ID=our_first_dag_v4
AIRFLOW_CTX_TASK_ID=first_task
AIRFLOW_CTX_EXECUTION_DATE=2022-02-27T00:00:00+00:00
AIRFLOW_CTX_TRY_NUMBER=1
AIRFLOW_CTX_DAG_RUN_ID=scheduled__2022-02-27T00:00:00+00:00
[2023-02-02T09:19:43.183+0000] {subprocess.py:63} INFO - Tmp dir root location: 
 /tmp
[2023-02-02T09:19:43.249+0000] {subprocess.py:75} INFO - Running command: ['/bin/bash', '-c', 'echo hello world, this is the first task!']
[2023-02-02T09:19:44.037+0000] {subprocess.py:86} INFO - Output:
[2023-02-02T09:19:44.128+0000] {subprocess.py:93} INFO - hello world, this is the first task!
[2023-02-02T09:19:44.177+0000] {subprocess.py:97} INFO - Command exited with return code 0
[2023-02-02T09:19:45.005+0000] {taskinstance.py:1323} INFO - Marking task as SUCCESS. dag_id=our_first_dag_v4, task_id=first_task, execution_date=20220227T000000, start_date=20230202T091932, end_date=20230202T091945
[2023-02-02T09:19:47.438+0000] {local_task_job.py:208} INFO - Task exited with return code 0
[2023-02-02T09:19:48.243+0000] {taskinstance.py:2578} INFO - 0 downstream tasks scheduled from follow-on schedule check
