[2023-02-02T05:17:29.612+0000] {taskinstance.py:1083} INFO - Dependencies all met for <TaskInstance: our_first_dag_v4.first_task scheduled__2022-02-04T00:00:00+00:00 [queued]>
[2023-02-02T05:17:29.760+0000] {taskinstance.py:1083} INFO - Dependencies all met for <TaskInstance: our_first_dag_v4.first_task scheduled__2022-02-04T00:00:00+00:00 [queued]>
[2023-02-02T05:17:29.768+0000] {taskinstance.py:1279} INFO - 
--------------------------------------------------------------------------------
[2023-02-02T05:17:29.776+0000] {taskinstance.py:1280} INFO - Starting attempt 1 of 6
[2023-02-02T05:17:29.789+0000] {taskinstance.py:1281} INFO - 
--------------------------------------------------------------------------------
[2023-02-02T05:17:29.991+0000] {taskinstance.py:1300} INFO - Executing <Task(BashOperator): first_task> on 2022-02-04 00:00:00+00:00
[2023-02-02T05:17:30.068+0000] {standard_task_runner.py:55} INFO - Started process 4586 to run task
[2023-02-02T05:17:30.226+0000] {standard_task_runner.py:82} INFO - Running: ['***', 'tasks', 'run', 'our_first_dag_v4', 'first_task', 'scheduled__2022-02-04T00:00:00+00:00', '--job-id', '579', '--raw', '--subdir', 'DAGS_FOLDER/our_first_dag.py', '--cfg-path', '/tmp/tmpzpm3cnbz']
[2023-02-02T05:17:30.248+0000] {standard_task_runner.py:83} INFO - Job 579: Subtask first_task
[2023-02-02T05:17:31.059+0000] {task_command.py:388} INFO - Running <TaskInstance: our_first_dag_v4.first_task scheduled__2022-02-04T00:00:00+00:00 [running]> on host 178c757a8fee
[2023-02-02T05:17:31.949+0000] {taskinstance.py:1509} INFO - Exporting the following env vars:
AIRFLOW_CTX_DAG_OWNER=archana
AIRFLOW_CTX_DAG_ID=our_first_dag_v4
AIRFLOW_CTX_TASK_ID=first_task
AIRFLOW_CTX_EXECUTION_DATE=2022-02-04T00:00:00+00:00
AIRFLOW_CTX_TRY_NUMBER=1
AIRFLOW_CTX_DAG_RUN_ID=scheduled__2022-02-04T00:00:00+00:00
[2023-02-02T05:17:31.976+0000] {subprocess.py:63} INFO - Tmp dir root location: 
 /tmp
[2023-02-02T05:17:31.986+0000] {subprocess.py:75} INFO - Running command: ['/bin/bash', '-c', 'echo hello world, this is the first task!']
[2023-02-02T05:17:32.376+0000] {subprocess.py:86} INFO - Output:
[2023-02-02T05:17:32.509+0000] {subprocess.py:93} INFO - hello world, this is the first task!
[2023-02-02T05:17:32.533+0000] {subprocess.py:97} INFO - Command exited with return code 0
[2023-02-02T05:17:32.934+0000] {taskinstance.py:1323} INFO - Marking task as SUCCESS. dag_id=our_first_dag_v4, task_id=first_task, execution_date=20220204T000000, start_date=20230202T051729, end_date=20230202T051732
[2023-02-02T05:17:33.581+0000] {local_task_job.py:208} INFO - Task exited with return code 0
[2023-02-02T05:17:33.878+0000] {taskinstance.py:2578} INFO - 2 downstream tasks scheduled from follow-on schedule check
