[2023-02-02T09:25:57.832+0000] {taskinstance.py:1083} INFO - Dependencies all met for <TaskInstance: our_first_dag_v3.second_task scheduled__2021-09-01T00:00:00+00:00 [queued]>
[2023-02-02T09:25:58.475+0000] {taskinstance.py:1083} INFO - Dependencies all met for <TaskInstance: our_first_dag_v3.second_task scheduled__2021-09-01T00:00:00+00:00 [queued]>
[2023-02-02T09:25:58.484+0000] {taskinstance.py:1279} INFO - 
--------------------------------------------------------------------------------
[2023-02-02T09:25:58.489+0000] {taskinstance.py:1280} INFO - Starting attempt 1 of 6
[2023-02-02T09:25:58.496+0000] {taskinstance.py:1281} INFO - 
--------------------------------------------------------------------------------
[2023-02-02T09:25:59.025+0000] {taskinstance.py:1300} INFO - Executing <Task(BashOperator): second_task> on 2021-09-01 00:00:00+00:00
[2023-02-02T09:25:59.844+0000] {standard_task_runner.py:55} INFO - Started process 3281 to run task
[2023-02-02T09:26:00.342+0000] {standard_task_runner.py:82} INFO - Running: ['***', 'tasks', 'run', 'our_first_dag_v3', 'second_task', 'scheduled__2021-09-01T00:00:00+00:00', '--job-id', '944', '--raw', '--subdir', 'DAGS_FOLDER/third_dag.py', '--cfg-path', '/tmp/tmp30hu7e6u']
[2023-02-02T09:26:00.396+0000] {standard_task_runner.py:83} INFO - Job 944: Subtask second_task
[2023-02-02T09:26:14.233+0000] {task_command.py:388} INFO - Running <TaskInstance: our_first_dag_v3.second_task scheduled__2021-09-01T00:00:00+00:00 [running]> on host 178c757a8fee
[2023-02-02T09:26:26.158+0000] {taskinstance.py:1509} INFO - Exporting the following env vars:
AIRFLOW_CTX_DAG_OWNER=archana
AIRFLOW_CTX_DAG_ID=our_first_dag_v3
AIRFLOW_CTX_TASK_ID=second_task
AIRFLOW_CTX_EXECUTION_DATE=2021-09-01T00:00:00+00:00
AIRFLOW_CTX_TRY_NUMBER=1
AIRFLOW_CTX_DAG_RUN_ID=scheduled__2021-09-01T00:00:00+00:00
[2023-02-02T09:26:26.452+0000] {subprocess.py:63} INFO - Tmp dir root location: 
 /tmp
[2023-02-02T09:26:26.565+0000] {subprocess.py:75} INFO - Running command: ['/bin/bash', '-c', 'echo hey, I am task2 and will be running after the task1']
[2023-02-02T09:26:27.345+0000] {subprocess.py:86} INFO - Output:
[2023-02-02T09:26:27.661+0000] {subprocess.py:93} INFO - hey, I am task2 and will be running after the task1
[2023-02-02T09:26:27.705+0000] {subprocess.py:97} INFO - Command exited with return code 0
[2023-02-02T09:26:32.552+0000] {taskinstance.py:1323} INFO - Marking task as SUCCESS. dag_id=our_first_dag_v3, task_id=second_task, execution_date=20210901T000000, start_date=20230202T092558, end_date=20230202T092632
[2023-02-02T09:26:47.930+0000] {local_task_job.py:208} INFO - Task exited with return code 0
[2023-02-02T09:26:54.441+0000] {taskinstance.py:2578} INFO - 0 downstream tasks scheduled from follow-on schedule check
