[2023-02-02T09:25:49.699+0000] {taskinstance.py:1083} INFO - Dependencies all met for <TaskInstance: our_first_dag_v3.first_task scheduled__2021-09-09T00:00:00+00:00 [queued]>
[2023-02-02T09:25:49.897+0000] {taskinstance.py:1083} INFO - Dependencies all met for <TaskInstance: our_first_dag_v3.first_task scheduled__2021-09-09T00:00:00+00:00 [queued]>
[2023-02-02T09:25:49.901+0000] {taskinstance.py:1279} INFO - 
--------------------------------------------------------------------------------
[2023-02-02T09:25:49.905+0000] {taskinstance.py:1280} INFO - Starting attempt 1 of 6
[2023-02-02T09:25:49.917+0000] {taskinstance.py:1281} INFO - 
--------------------------------------------------------------------------------
[2023-02-02T09:25:51.023+0000] {taskinstance.py:1300} INFO - Executing <Task(BashOperator): first_task> on 2021-09-09 00:00:00+00:00
[2023-02-02T09:25:51.525+0000] {standard_task_runner.py:55} INFO - Started process 3268 to run task
[2023-02-02T09:25:52.026+0000] {standard_task_runner.py:82} INFO - Running: ['***', 'tasks', 'run', 'our_first_dag_v3', 'first_task', 'scheduled__2021-09-09T00:00:00+00:00', '--job-id', '941', '--raw', '--subdir', 'DAGS_FOLDER/third_dag.py', '--cfg-path', '/tmp/tmpb3cl3_ng']
[2023-02-02T09:25:52.054+0000] {standard_task_runner.py:83} INFO - Job 941: Subtask first_task
[2023-02-02T09:26:00.727+0000] {task_command.py:388} INFO - Running <TaskInstance: our_first_dag_v3.first_task scheduled__2021-09-09T00:00:00+00:00 [running]> on host 178c757a8fee
[2023-02-02T09:26:11.647+0000] {taskinstance.py:1509} INFO - Exporting the following env vars:
AIRFLOW_CTX_DAG_OWNER=archana
AIRFLOW_CTX_DAG_ID=our_first_dag_v3
AIRFLOW_CTX_TASK_ID=first_task
AIRFLOW_CTX_EXECUTION_DATE=2021-09-09T00:00:00+00:00
AIRFLOW_CTX_TRY_NUMBER=1
AIRFLOW_CTX_DAG_RUN_ID=scheduled__2021-09-09T00:00:00+00:00
[2023-02-02T09:26:12.056+0000] {subprocess.py:63} INFO - Tmp dir root location: 
 /tmp
[2023-02-02T09:26:13.026+0000] {subprocess.py:75} INFO - Running command: ['/bin/bash', '-c', 'echo hello world, this is the first task!']
[2023-02-02T09:26:15.639+0000] {subprocess.py:86} INFO - Output:
[2023-02-02T09:26:16.129+0000] {subprocess.py:93} INFO - hello world, this is the first task!
[2023-02-02T09:26:16.313+0000] {subprocess.py:97} INFO - Command exited with return code 0
[2023-02-02T09:26:20.818+0000] {taskinstance.py:1323} INFO - Marking task as SUCCESS. dag_id=our_first_dag_v3, task_id=first_task, execution_date=20210909T000000, start_date=20230202T092549, end_date=20230202T092620
[2023-02-02T09:26:24.461+0000] {local_task_job.py:208} INFO - Task exited with return code 0
[2023-02-02T09:26:26.505+0000] {taskinstance.py:2578} INFO - 0 downstream tasks scheduled from follow-on schedule check
