[2023-02-01T04:19:50.731+0000] {taskinstance.py:1083} INFO - Dependencies all met for <TaskInstance: example_task_group_decorator.task_group_function__1.task_3 scheduled__2023-01-31T04:19:17.367861+00:00 [queued]>
[2023-02-01T04:19:50.814+0000] {taskinstance.py:1083} INFO - Dependencies all met for <TaskInstance: example_task_group_decorator.task_group_function__1.task_3 scheduled__2023-01-31T04:19:17.367861+00:00 [queued]>
[2023-02-01T04:19:50.817+0000] {taskinstance.py:1279} INFO - 
--------------------------------------------------------------------------------
[2023-02-01T04:19:50.818+0000] {taskinstance.py:1280} INFO - Starting attempt 1 of 1
[2023-02-01T04:19:50.824+0000] {taskinstance.py:1281} INFO - 
--------------------------------------------------------------------------------
[2023-02-01T04:19:50.916+0000] {taskinstance.py:1300} INFO - Executing <Task(_PythonDecoratedOperator): task_group_function__1.task_3> on 2023-01-31 04:19:17.367861+00:00
[2023-02-01T04:19:50.953+0000] {standard_task_runner.py:55} INFO - Started process 586 to run task
[2023-02-01T04:19:50.971+0000] {standard_task_runner.py:82} INFO - Running: ['***', 'tasks', 'run', 'example_task_group_decorator', 'task_group_function__1.task_3', 'scheduled__2023-01-31T04:19:17.367861+00:00', '--job-id', '21', '--raw', '--subdir', '/home/***/.local/lib/python3.7/site-packages/***/example_dags/example_task_group_decorator.py', '--cfg-path', '/tmp/tmpcgbcbpbv']
[2023-02-01T04:19:50.979+0000] {standard_task_runner.py:83} INFO - Job 21: Subtask task_group_function__1.task_3
[2023-02-01T04:19:51.306+0000] {task_command.py:388} INFO - Running <TaskInstance: example_task_group_decorator.task_group_function__1.task_3 scheduled__2023-01-31T04:19:17.367861+00:00 [running]> on host 3206a4d67398
[2023-02-01T04:19:51.722+0000] {taskinstance.py:1509} INFO - Exporting the following env vars:
AIRFLOW_CTX_DAG_OWNER=***
AIRFLOW_CTX_DAG_ID=example_task_group_decorator
AIRFLOW_CTX_TASK_ID=task_group_function__1.task_3
AIRFLOW_CTX_EXECUTION_DATE=2023-01-31T04:19:17.367861+00:00
AIRFLOW_CTX_TRY_NUMBER=1
AIRFLOW_CTX_DAG_RUN_ID=scheduled__2023-01-31T04:19:17.367861+00:00
[2023-02-01T04:19:51.733+0000] {logging_mixin.py:137} INFO - [ Task3 [ Task2 [ Task1 1 ] ] ]
[2023-02-01T04:19:51.738+0000] {python.py:177} INFO - Done. Returned value was: None
[2023-02-01T04:19:51.881+0000] {taskinstance.py:1323} INFO - Marking task as SUCCESS. dag_id=example_task_group_decorator, task_id=task_group_function__1.task_3, execution_date=20230131T041917, start_date=20230201T041950, end_date=20230201T041951
[2023-02-01T04:19:52.083+0000] {local_task_job.py:208} INFO - Task exited with return code 0
[2023-02-01T04:19:52.207+0000] {taskinstance.py:2578} INFO - 0 downstream tasks scheduled from follow-on schedule check
