[2023-02-02T05:14:26.511+0000] {taskinstance.py:1083} INFO - Dependencies all met for <TaskInstance: our_first_dag_v4.first_task scheduled__2021-11-29T00:00:00+00:00 [queued]>
[2023-02-02T05:14:26.526+0000] {taskinstance.py:1083} INFO - Dependencies all met for <TaskInstance: our_first_dag_v4.first_task scheduled__2021-11-29T00:00:00+00:00 [queued]>
[2023-02-02T05:14:26.528+0000] {taskinstance.py:1279} INFO - 
--------------------------------------------------------------------------------
[2023-02-02T05:14:26.530+0000] {taskinstance.py:1280} INFO - Starting attempt 1 of 6
[2023-02-02T05:14:26.531+0000] {taskinstance.py:1281} INFO - 
--------------------------------------------------------------------------------
[2023-02-02T05:14:26.594+0000] {taskinstance.py:1300} INFO - Executing <Task(BashOperator): first_task> on 2021-11-29 00:00:00+00:00
[2023-02-02T05:14:26.607+0000] {standard_task_runner.py:55} INFO - Started process 3911 to run task
[2023-02-02T05:14:26.623+0000] {standard_task_runner.py:82} INFO - Running: ['***', 'tasks', 'run', 'our_first_dag_v4', 'first_task', 'scheduled__2021-11-29T00:00:00+00:00', '--job-id', '388', '--raw', '--subdir', 'DAGS_FOLDER/our_first_dag.py', '--cfg-path', '/tmp/tmphlv6znvc']
[2023-02-02T05:14:26.628+0000] {standard_task_runner.py:83} INFO - Job 388: Subtask first_task
[2023-02-02T05:14:26.849+0000] {task_command.py:388} INFO - Running <TaskInstance: our_first_dag_v4.first_task scheduled__2021-11-29T00:00:00+00:00 [running]> on host 178c757a8fee
[2023-02-02T05:14:27.242+0000] {taskinstance.py:1509} INFO - Exporting the following env vars:
AIRFLOW_CTX_DAG_OWNER=archana
AIRFLOW_CTX_DAG_ID=our_first_dag_v4
AIRFLOW_CTX_TASK_ID=first_task
AIRFLOW_CTX_EXECUTION_DATE=2021-11-29T00:00:00+00:00
AIRFLOW_CTX_TRY_NUMBER=1
AIRFLOW_CTX_DAG_RUN_ID=scheduled__2021-11-29T00:00:00+00:00
[2023-02-02T05:14:27.250+0000] {subprocess.py:63} INFO - Tmp dir root location: 
 /tmp
[2023-02-02T05:14:27.253+0000] {subprocess.py:75} INFO - Running command: ['/bin/bash', '-c', 'echo hello world, this is the first task!']
[2023-02-02T05:14:27.303+0000] {subprocess.py:86} INFO - Output:
[2023-02-02T05:14:27.332+0000] {subprocess.py:93} INFO - hello world, this is the first task!
[2023-02-02T05:14:27.334+0000] {subprocess.py:97} INFO - Command exited with return code 0
[2023-02-02T05:14:27.516+0000] {taskinstance.py:1323} INFO - Marking task as SUCCESS. dag_id=our_first_dag_v4, task_id=first_task, execution_date=20211129T000000, start_date=20230202T051426, end_date=20230202T051427
[2023-02-02T05:14:27.665+0000] {local_task_job.py:208} INFO - Task exited with return code 0
[2023-02-02T05:14:27.885+0000] {taskinstance.py:2578} INFO - 2 downstream tasks scheduled from follow-on schedule check
