[2023-02-02T09:23:07.346+0000] {taskinstance.py:1083} INFO - Dependencies all met for <TaskInstance: our_first_dag_v3.second_task scheduled__2021-08-24T00:00:00+00:00 [queued]>
[2023-02-02T09:23:07.859+0000] {taskinstance.py:1083} INFO - Dependencies all met for <TaskInstance: our_first_dag_v3.second_task scheduled__2021-08-24T00:00:00+00:00 [queued]>
[2023-02-02T09:23:07.884+0000] {taskinstance.py:1279} INFO - 
--------------------------------------------------------------------------------
[2023-02-02T09:23:07.890+0000] {taskinstance.py:1280} INFO - Starting attempt 1 of 6
[2023-02-02T09:23:07.892+0000] {taskinstance.py:1281} INFO - 
--------------------------------------------------------------------------------
[2023-02-02T09:23:08.700+0000] {taskinstance.py:1300} INFO - Executing <Task(BashOperator): second_task> on 2021-08-24 00:00:00+00:00
[2023-02-02T09:23:09.579+0000] {standard_task_runner.py:55} INFO - Started process 3065 to run task
[2023-02-02T09:23:10.202+0000] {standard_task_runner.py:82} INFO - Running: ['***', 'tasks', 'run', 'our_first_dag_v3', 'second_task', 'scheduled__2021-08-24T00:00:00+00:00', '--job-id', '899', '--raw', '--subdir', 'DAGS_FOLDER/third_dag.py', '--cfg-path', '/tmp/tmpush2up5l']
[2023-02-02T09:23:10.640+0000] {standard_task_runner.py:83} INFO - Job 899: Subtask second_task
[2023-02-02T09:23:17.143+0000] {task_command.py:388} INFO - Running <TaskInstance: our_first_dag_v3.second_task scheduled__2021-08-24T00:00:00+00:00 [running]> on host 178c757a8fee
[2023-02-02T09:23:22.519+0000] {taskinstance.py:1509} INFO - Exporting the following env vars:
AIRFLOW_CTX_DAG_OWNER=archana
AIRFLOW_CTX_DAG_ID=our_first_dag_v3
AIRFLOW_CTX_TASK_ID=second_task
AIRFLOW_CTX_EXECUTION_DATE=2021-08-24T00:00:00+00:00
AIRFLOW_CTX_TRY_NUMBER=1
AIRFLOW_CTX_DAG_RUN_ID=scheduled__2021-08-24T00:00:00+00:00
[2023-02-02T09:23:22.720+0000] {subprocess.py:63} INFO - Tmp dir root location: 
 /tmp
[2023-02-02T09:23:22.773+0000] {subprocess.py:75} INFO - Running command: ['/bin/bash', '-c', 'echo hey, I am task2 and will be running after the task1']
[2023-02-02T09:23:23.187+0000] {subprocess.py:86} INFO - Output:
[2023-02-02T09:23:23.197+0000] {subprocess.py:93} INFO - hey, I am task2 and will be running after the task1
[2023-02-02T09:23:23.199+0000] {subprocess.py:97} INFO - Command exited with return code 0
[2023-02-02T09:23:24.687+0000] {taskinstance.py:1323} INFO - Marking task as SUCCESS. dag_id=our_first_dag_v3, task_id=second_task, execution_date=20210824T000000, start_date=20230202T092307, end_date=20230202T092324
[2023-02-02T09:23:29.631+0000] {local_task_job.py:208} INFO - Task exited with return code 0
[2023-02-02T09:23:31.700+0000] {taskinstance.py:2578} INFO - 0 downstream tasks scheduled from follow-on schedule check
