[2023-02-02T14:13:15.445+0000] {taskinstance.py:1083} INFO - Dependencies all met for <TaskInstance: dag_with_catchup_backfill_v2.task1 scheduled__2023-02-01T00:00:00+00:00 [queued]>
[2023-02-02T14:13:15.463+0000] {taskinstance.py:1083} INFO - Dependencies all met for <TaskInstance: dag_with_catchup_backfill_v2.task1 scheduled__2023-02-01T00:00:00+00:00 [queued]>
[2023-02-02T14:13:15.465+0000] {taskinstance.py:1279} INFO - 
--------------------------------------------------------------------------------
[2023-02-02T14:13:15.465+0000] {taskinstance.py:1280} INFO - Starting attempt 8 of 13
[2023-02-02T14:13:15.466+0000] {taskinstance.py:1281} INFO - 
--------------------------------------------------------------------------------
[2023-02-02T14:13:15.487+0000] {taskinstance.py:1300} INFO - Executing <Task(BashOperator): task1> on 2023-02-01 00:00:00+00:00
[2023-02-02T14:13:15.501+0000] {standard_task_runner.py:55} INFO - Started process 15027 to run task
[2023-02-02T14:13:15.508+0000] {standard_task_runner.py:82} INFO - Running: ['***', 'tasks', 'run', 'dag_with_catchup_backfill_v2', 'task1', 'scheduled__2023-02-01T00:00:00+00:00', '--job-id', '1253', '--raw', '--subdir', 'DAGS_FOLDER/dag_with_catchup_and_backfill.py', '--cfg-path', '/tmp/tmpzqi_btg5']
[2023-02-02T14:13:15.511+0000] {standard_task_runner.py:83} INFO - Job 1253: Subtask task1
[2023-02-02T14:13:15.748+0000] {task_command.py:388} INFO - Running <TaskInstance: dag_with_catchup_backfill_v2.task1 scheduled__2023-02-01T00:00:00+00:00 [running]> on host 178c757a8fee
[2023-02-02T14:13:16.262+0000] {taskinstance.py:1509} INFO - Exporting the following env vars:
AIRFLOW_CTX_DAG_OWNER=archana
AIRFLOW_CTX_DAG_ID=dag_with_catchup_backfill_v2
AIRFLOW_CTX_TASK_ID=task1
AIRFLOW_CTX_EXECUTION_DATE=2023-02-01T00:00:00+00:00
AIRFLOW_CTX_TRY_NUMBER=8
AIRFLOW_CTX_DAG_RUN_ID=scheduled__2023-02-01T00:00:00+00:00
[2023-02-02T14:13:16.286+0000] {subprocess.py:63} INFO - Tmp dir root location: 
 /tmp
[2023-02-02T14:13:16.291+0000] {subprocess.py:75} INFO - Running command: ['/bin/bash', '-c', 'echo This is a simple Bash Command!']
[2023-02-02T14:13:16.367+0000] {subprocess.py:86} INFO - Output:
[2023-02-02T14:13:16.380+0000] {subprocess.py:93} INFO - This is a simple Bash Command!
[2023-02-02T14:13:16.383+0000] {subprocess.py:97} INFO - Command exited with return code 0
[2023-02-02T14:13:16.561+0000] {taskinstance.py:1323} INFO - Marking task as SUCCESS. dag_id=dag_with_catchup_backfill_v2, task_id=task1, execution_date=20230201T000000, start_date=20230202T141315, end_date=20230202T141316
[2023-02-02T14:13:16.679+0000] {local_task_job.py:208} INFO - Task exited with return code 0
[2023-02-02T14:13:16.841+0000] {taskinstance.py:2578} INFO - 0 downstream tasks scheduled from follow-on schedule check
