[2023-02-02T12:54:04.472+0000] {taskinstance.py:1083} INFO - Dependencies all met for <TaskInstance: dag_with_catchup_backfill_v2.task1 scheduled__2023-02-01T00:00:00+00:00 [queued]>
[2023-02-02T12:54:04.483+0000] {taskinstance.py:1083} INFO - Dependencies all met for <TaskInstance: dag_with_catchup_backfill_v2.task1 scheduled__2023-02-01T00:00:00+00:00 [queued]>
[2023-02-02T12:54:04.484+0000] {taskinstance.py:1279} INFO - 
--------------------------------------------------------------------------------
[2023-02-02T12:54:04.485+0000] {taskinstance.py:1280} INFO - Starting attempt 6 of 7
[2023-02-02T12:54:04.486+0000] {taskinstance.py:1281} INFO - 
--------------------------------------------------------------------------------
[2023-02-02T12:54:04.501+0000] {taskinstance.py:1300} INFO - Executing <Task(BashOperator): task1> on 2023-02-01 00:00:00+00:00
[2023-02-02T12:54:04.511+0000] {standard_task_runner.py:55} INFO - Started process 12573 to run task
[2023-02-02T12:54:04.519+0000] {standard_task_runner.py:82} INFO - Running: ['***', 'tasks', 'run', 'dag_with_catchup_backfill_v2', 'task1', 'scheduled__2023-02-01T00:00:00+00:00', '--job-id', '1218', '--raw', '--subdir', 'DAGS_FOLDER/dag_with_catchup_and_backfill.py', '--cfg-path', '/tmp/tmp3rra8sj5']
[2023-02-02T12:54:04.531+0000] {standard_task_runner.py:83} INFO - Job 1218: Subtask task1
[2023-02-02T12:54:04.648+0000] {task_command.py:388} INFO - Running <TaskInstance: dag_with_catchup_backfill_v2.task1 scheduled__2023-02-01T00:00:00+00:00 [running]> on host 178c757a8fee
[2023-02-02T12:54:04.754+0000] {taskinstance.py:1509} INFO - Exporting the following env vars:
AIRFLOW_CTX_DAG_OWNER=archana
AIRFLOW_CTX_DAG_ID=dag_with_catchup_backfill_v2
AIRFLOW_CTX_TASK_ID=task1
AIRFLOW_CTX_EXECUTION_DATE=2023-02-01T00:00:00+00:00
AIRFLOW_CTX_TRY_NUMBER=6
AIRFLOW_CTX_DAG_RUN_ID=scheduled__2023-02-01T00:00:00+00:00
[2023-02-02T12:54:04.762+0000] {subprocess.py:63} INFO - Tmp dir root location: 
 /tmp
[2023-02-02T12:54:04.764+0000] {subprocess.py:75} INFO - Running command: ['/bin/bash', '-c', 'This is a simple Bash Command!']
[2023-02-02T12:54:04.784+0000] {subprocess.py:86} INFO - Output:
[2023-02-02T12:54:04.790+0000] {subprocess.py:93} INFO - /bin/bash: line 1: This: command not found
[2023-02-02T12:54:04.792+0000] {subprocess.py:97} INFO - Command exited with return code 127
[2023-02-02T12:54:04.809+0000] {taskinstance.py:1768} ERROR - Task failed with exception
Traceback (most recent call last):
  File "/home/airflow/.local/lib/python3.7/site-packages/airflow/operators/bash.py", line 197, in execute
    f"Bash command failed. The command returned a non-zero exit code {result.exit_code}."
airflow.exceptions.AirflowException: Bash command failed. The command returned a non-zero exit code 127.
[2023-02-02T12:54:04.814+0000] {taskinstance.py:1323} INFO - Marking task as UP_FOR_RETRY. dag_id=dag_with_catchup_backfill_v2, task_id=task1, execution_date=20230201T000000, start_date=20230202T125404, end_date=20230202T125404
[2023-02-02T12:54:04.830+0000] {standard_task_runner.py:105} ERROR - Failed to execute job 1218 for task task1 (Bash command failed. The command returned a non-zero exit code 127.; 12573)
[2023-02-02T12:54:04.851+0000] {local_task_job.py:208} INFO - Task exited with return code 1
[2023-02-02T12:54:04.874+0000] {taskinstance.py:2578} INFO - 0 downstream tasks scheduled from follow-on schedule check
