[2023-02-02T05:11:19.343+0000] {taskinstance.py:1083} INFO - Dependencies all met for <TaskInstance: our_first_dag_v4.second_task scheduled__2021-09-10T00:00:00+00:00 [queued]>
[2023-02-02T05:11:19.390+0000] {taskinstance.py:1083} INFO - Dependencies all met for <TaskInstance: our_first_dag_v4.second_task scheduled__2021-09-10T00:00:00+00:00 [queued]>
[2023-02-02T05:11:19.397+0000] {taskinstance.py:1279} INFO - 
--------------------------------------------------------------------------------
[2023-02-02T05:11:19.411+0000] {taskinstance.py:1280} INFO - Starting attempt 1 of 6
[2023-02-02T05:11:19.414+0000] {taskinstance.py:1281} INFO - 
--------------------------------------------------------------------------------
[2023-02-02T05:11:19.616+0000] {taskinstance.py:1300} INFO - Executing <Task(BashOperator): second_task> on 2021-09-10 00:00:00+00:00
[2023-02-02T05:11:19.690+0000] {standard_task_runner.py:55} INFO - Started process 3138 to run task
[2023-02-02T05:11:19.826+0000] {standard_task_runner.py:82} INFO - Running: ['***', 'tasks', 'run', 'our_first_dag_v4', 'second_task', 'scheduled__2021-09-10T00:00:00+00:00', '--job-id', '162', '--raw', '--subdir', 'DAGS_FOLDER/our_first_dag.py', '--cfg-path', '/tmp/tmpc649axud']
[2023-02-02T05:11:19.844+0000] {standard_task_runner.py:83} INFO - Job 162: Subtask second_task
[2023-02-02T05:11:21.256+0000] {task_command.py:388} INFO - Running <TaskInstance: our_first_dag_v4.second_task scheduled__2021-09-10T00:00:00+00:00 [running]> on host 178c757a8fee
[2023-02-02T05:11:22.257+0000] {taskinstance.py:1509} INFO - Exporting the following env vars:
AIRFLOW_CTX_DAG_OWNER=archana
AIRFLOW_CTX_DAG_ID=our_first_dag_v4
AIRFLOW_CTX_TASK_ID=second_task
AIRFLOW_CTX_EXECUTION_DATE=2021-09-10T00:00:00+00:00
AIRFLOW_CTX_TRY_NUMBER=1
AIRFLOW_CTX_DAG_RUN_ID=scheduled__2021-09-10T00:00:00+00:00
[2023-02-02T05:11:22.287+0000] {subprocess.py:63} INFO - Tmp dir root location: 
 /tmp
[2023-02-02T05:11:22.312+0000] {subprocess.py:75} INFO - Running command: ['/bin/bash', '-c', 'echo hey, I am task2 and will be running after the task1']
[2023-02-02T05:11:22.680+0000] {subprocess.py:86} INFO - Output:
[2023-02-02T05:11:22.724+0000] {subprocess.py:93} INFO - hey, I am task2 and will be running after the task1
[2023-02-02T05:11:22.739+0000] {subprocess.py:97} INFO - Command exited with return code 0
[2023-02-02T05:11:23.114+0000] {taskinstance.py:1323} INFO - Marking task as SUCCESS. dag_id=our_first_dag_v4, task_id=second_task, execution_date=20210910T000000, start_date=20230202T051119, end_date=20230202T051123
[2023-02-02T05:11:23.371+0000] {local_task_job.py:208} INFO - Task exited with return code 0
[2023-02-02T05:11:23.751+0000] {taskinstance.py:2578} INFO - 0 downstream tasks scheduled from follow-on schedule check
