[2023-02-02T05:15:51.711+0000] {taskinstance.py:1083} INFO - Dependencies all met for <TaskInstance: our_first_dag_v4.first_task scheduled__2021-12-29T00:00:00+00:00 [queued]>
[2023-02-02T05:15:51.819+0000] {taskinstance.py:1083} INFO - Dependencies all met for <TaskInstance: our_first_dag_v4.first_task scheduled__2021-12-29T00:00:00+00:00 [queued]>
[2023-02-02T05:15:51.823+0000] {taskinstance.py:1279} INFO - 
--------------------------------------------------------------------------------
[2023-02-02T05:15:51.829+0000] {taskinstance.py:1280} INFO - Starting attempt 1 of 6
[2023-02-02T05:15:51.830+0000] {taskinstance.py:1281} INFO - 
--------------------------------------------------------------------------------
[2023-02-02T05:15:51.947+0000] {taskinstance.py:1300} INFO - Executing <Task(BashOperator): first_task> on 2021-12-29 00:00:00+00:00
[2023-02-02T05:15:51.994+0000] {standard_task_runner.py:55} INFO - Started process 4219 to run task
[2023-02-02T05:15:52.051+0000] {standard_task_runner.py:82} INFO - Running: ['***', 'tasks', 'run', 'our_first_dag_v4', 'first_task', 'scheduled__2021-12-29T00:00:00+00:00', '--job-id', '477', '--raw', '--subdir', 'DAGS_FOLDER/our_first_dag.py', '--cfg-path', '/tmp/tmp9zmru_oa']
[2023-02-02T05:15:52.057+0000] {standard_task_runner.py:83} INFO - Job 477: Subtask first_task
[2023-02-02T05:15:52.431+0000] {task_command.py:388} INFO - Running <TaskInstance: our_first_dag_v4.first_task scheduled__2021-12-29T00:00:00+00:00 [running]> on host 178c757a8fee
[2023-02-02T05:15:53.606+0000] {taskinstance.py:1509} INFO - Exporting the following env vars:
AIRFLOW_CTX_DAG_OWNER=archana
AIRFLOW_CTX_DAG_ID=our_first_dag_v4
AIRFLOW_CTX_TASK_ID=first_task
AIRFLOW_CTX_EXECUTION_DATE=2021-12-29T00:00:00+00:00
AIRFLOW_CTX_TRY_NUMBER=1
AIRFLOW_CTX_DAG_RUN_ID=scheduled__2021-12-29T00:00:00+00:00
[2023-02-02T05:15:53.652+0000] {subprocess.py:63} INFO - Tmp dir root location: 
 /tmp
[2023-02-02T05:15:53.692+0000] {subprocess.py:75} INFO - Running command: ['/bin/bash', '-c', 'echo hello world, this is the first task!']
[2023-02-02T05:15:53.862+0000] {subprocess.py:86} INFO - Output:
[2023-02-02T05:15:53.884+0000] {subprocess.py:93} INFO - hello world, this is the first task!
[2023-02-02T05:15:53.899+0000] {subprocess.py:97} INFO - Command exited with return code 0
[2023-02-02T05:15:54.136+0000] {taskinstance.py:1323} INFO - Marking task as SUCCESS. dag_id=our_first_dag_v4, task_id=first_task, execution_date=20211229T000000, start_date=20230202T051551, end_date=20230202T051554
[2023-02-02T05:15:54.373+0000] {local_task_job.py:208} INFO - Task exited with return code 0
[2023-02-02T05:15:54.811+0000] {taskinstance.py:2578} INFO - 2 downstream tasks scheduled from follow-on schedule check
