[2023-02-02T05:14:33.179+0000] {taskinstance.py:1083} INFO - Dependencies all met for <TaskInstance: our_first_dag_v4.second_task scheduled__2021-11-29T00:00:00+00:00 [queued]>
[2023-02-02T05:14:33.300+0000] {taskinstance.py:1083} INFO - Dependencies all met for <TaskInstance: our_first_dag_v4.second_task scheduled__2021-11-29T00:00:00+00:00 [queued]>
[2023-02-02T05:14:33.302+0000] {taskinstance.py:1279} INFO - 
--------------------------------------------------------------------------------
[2023-02-02T05:14:33.306+0000] {taskinstance.py:1280} INFO - Starting attempt 1 of 6
[2023-02-02T05:14:33.308+0000] {taskinstance.py:1281} INFO - 
--------------------------------------------------------------------------------
[2023-02-02T05:14:33.533+0000] {taskinstance.py:1300} INFO - Executing <Task(BashOperator): second_task> on 2021-11-29 00:00:00+00:00
[2023-02-02T05:14:33.606+0000] {standard_task_runner.py:55} INFO - Started process 3945 to run task
[2023-02-02T05:14:33.769+0000] {standard_task_runner.py:82} INFO - Running: ['***', 'tasks', 'run', 'our_first_dag_v4', 'second_task', 'scheduled__2021-11-29T00:00:00+00:00', '--job-id', '398', '--raw', '--subdir', 'DAGS_FOLDER/our_first_dag.py', '--cfg-path', '/tmp/tmpg5_8nlet']
[2023-02-02T05:14:33.777+0000] {standard_task_runner.py:83} INFO - Job 398: Subtask second_task
[2023-02-02T05:14:34.850+0000] {task_command.py:388} INFO - Running <TaskInstance: our_first_dag_v4.second_task scheduled__2021-11-29T00:00:00+00:00 [running]> on host 178c757a8fee
[2023-02-02T05:14:36.095+0000] {taskinstance.py:1509} INFO - Exporting the following env vars:
AIRFLOW_CTX_DAG_OWNER=archana
AIRFLOW_CTX_DAG_ID=our_first_dag_v4
AIRFLOW_CTX_TASK_ID=second_task
AIRFLOW_CTX_EXECUTION_DATE=2021-11-29T00:00:00+00:00
AIRFLOW_CTX_TRY_NUMBER=1
AIRFLOW_CTX_DAG_RUN_ID=scheduled__2021-11-29T00:00:00+00:00
[2023-02-02T05:14:36.106+0000] {subprocess.py:63} INFO - Tmp dir root location: 
 /tmp
[2023-02-02T05:14:36.108+0000] {subprocess.py:75} INFO - Running command: ['/bin/bash', '-c', 'echo hey, I am task2 and will be running after the task1']
[2023-02-02T05:14:36.361+0000] {subprocess.py:86} INFO - Output:
[2023-02-02T05:14:36.428+0000] {subprocess.py:93} INFO - hey, I am task2 and will be running after the task1
[2023-02-02T05:14:36.441+0000] {subprocess.py:97} INFO - Command exited with return code 0
[2023-02-02T05:14:36.627+0000] {taskinstance.py:1323} INFO - Marking task as SUCCESS. dag_id=our_first_dag_v4, task_id=second_task, execution_date=20211129T000000, start_date=20230202T051433, end_date=20230202T051436
[2023-02-02T05:14:37.154+0000] {local_task_job.py:208} INFO - Task exited with return code 0
[2023-02-02T05:14:37.666+0000] {taskinstance.py:2578} INFO - 0 downstream tasks scheduled from follow-on schedule check
