[2023-02-02T05:17:40.562+0000] {taskinstance.py:1083} INFO - Dependencies all met for <TaskInstance: our_dag_with_python_operator_v07.get_age scheduled__2021-10-13T00:00:00+00:00 [queued]>
[2023-02-02T05:17:40.760+0000] {taskinstance.py:1083} INFO - Dependencies all met for <TaskInstance: our_dag_with_python_operator_v07.get_age scheduled__2021-10-13T00:00:00+00:00 [queued]>
[2023-02-02T05:17:40.762+0000] {taskinstance.py:1279} INFO - 
--------------------------------------------------------------------------------
[2023-02-02T05:17:40.764+0000] {taskinstance.py:1280} INFO - Starting attempt 1 of 6
[2023-02-02T05:17:40.765+0000] {taskinstance.py:1281} INFO - 
--------------------------------------------------------------------------------
[2023-02-02T05:17:41.013+0000] {taskinstance.py:1300} INFO - Executing <Task(PythonOperator): get_age> on 2021-10-13 00:00:00+00:00
[2023-02-02T05:17:41.109+0000] {standard_task_runner.py:55} INFO - Started process 4626 to run task
[2023-02-02T05:17:41.300+0000] {standard_task_runner.py:82} INFO - Running: ['***', 'tasks', 'run', 'our_dag_with_python_operator_v07', 'get_age', 'scheduled__2021-10-13T00:00:00+00:00', '--job-id', '593', '--raw', '--subdir', 'DAGS_FOLDER/dag_python_operator.py', '--cfg-path', '/tmp/tmpnzsluqwt']
[2023-02-02T05:17:41.375+0000] {standard_task_runner.py:83} INFO - Job 593: Subtask get_age
[2023-02-02T05:17:43.590+0000] {task_command.py:388} INFO - Running <TaskInstance: our_dag_with_python_operator_v07.get_age scheduled__2021-10-13T00:00:00+00:00 [running]> on host 178c757a8fee
[2023-02-02T05:17:45.956+0000] {taskinstance.py:1509} INFO - Exporting the following env vars:
AIRFLOW_CTX_DAG_OWNER=coder2j
AIRFLOW_CTX_DAG_ID=our_dag_with_python_operator_v07
AIRFLOW_CTX_TASK_ID=get_age
AIRFLOW_CTX_EXECUTION_DATE=2021-10-13T00:00:00+00:00
AIRFLOW_CTX_TRY_NUMBER=1
AIRFLOW_CTX_DAG_RUN_ID=scheduled__2021-10-13T00:00:00+00:00
[2023-02-02T05:17:46.147+0000] {python.py:177} INFO - Done. Returned value was: None
[2023-02-02T05:17:46.354+0000] {taskinstance.py:1323} INFO - Marking task as SUCCESS. dag_id=our_dag_with_python_operator_v07, task_id=get_age, execution_date=20211013T000000, start_date=20230202T051740, end_date=20230202T051746
[2023-02-02T05:17:46.951+0000] {local_task_job.py:208} INFO - Task exited with return code 0
[2023-02-02T05:17:47.445+0000] {taskinstance.py:2578} INFO - 0 downstream tasks scheduled from follow-on schedule check
