[2023-02-02T09:27:30.098+0000] {taskinstance.py:1083} INFO - Dependencies all met for <TaskInstance: our_first_dag_v2.second_task scheduled__2021-09-03T00:00:00+00:00 [queued]>
[2023-02-02T09:27:31.573+0000] {taskinstance.py:1083} INFO - Dependencies all met for <TaskInstance: our_first_dag_v2.second_task scheduled__2021-09-03T00:00:00+00:00 [queued]>
[2023-02-02T09:27:31.735+0000] {taskinstance.py:1279} INFO - 
--------------------------------------------------------------------------------
[2023-02-02T09:27:31.772+0000] {taskinstance.py:1280} INFO - Starting attempt 1 of 6
[2023-02-02T09:27:31.817+0000] {taskinstance.py:1281} INFO - 
--------------------------------------------------------------------------------
[2023-02-02T09:27:39.282+0000] {taskinstance.py:1300} INFO - Executing <Task(BashOperator): second_task> on 2021-09-03 00:00:00+00:00
[2023-02-02T09:27:39.763+0000] {standard_task_runner.py:55} INFO - Started process 3370 to run task
[2023-02-02T09:27:41.124+0000] {standard_task_runner.py:82} INFO - Running: ['***', 'tasks', 'run', 'our_first_dag_v2', 'second_task', 'scheduled__2021-09-03T00:00:00+00:00', '--job-id', '958', '--raw', '--subdir', 'DAGS_FOLDER/second_dag.py', '--cfg-path', '/tmp/tmphizpqokj']
[2023-02-02T09:27:41.136+0000] {standard_task_runner.py:83} INFO - Job 958: Subtask second_task
[2023-02-02T09:27:57.616+0000] {task_command.py:388} INFO - Running <TaskInstance: our_first_dag_v2.second_task scheduled__2021-09-03T00:00:00+00:00 [running]> on host 178c757a8fee
[2023-02-02T09:28:07.719+0000] {taskinstance.py:1509} INFO - Exporting the following env vars:
AIRFLOW_CTX_DAG_OWNER=archana
AIRFLOW_CTX_DAG_ID=our_first_dag_v2
AIRFLOW_CTX_TASK_ID=second_task
AIRFLOW_CTX_EXECUTION_DATE=2021-09-03T00:00:00+00:00
AIRFLOW_CTX_TRY_NUMBER=1
AIRFLOW_CTX_DAG_RUN_ID=scheduled__2021-09-03T00:00:00+00:00
[2023-02-02T09:28:07.831+0000] {subprocess.py:63} INFO - Tmp dir root location: 
 /tmp
[2023-02-02T09:28:07.937+0000] {subprocess.py:75} INFO - Running command: ['/bin/bash', '-c', 'echo hey, I am task2 and will be running after the task1']
[2023-02-02T09:28:08.513+0000] {subprocess.py:86} INFO - Output:
[2023-02-02T09:28:08.698+0000] {subprocess.py:93} INFO - hey, I am task2 and will be running after the task1
[2023-02-02T09:28:08.733+0000] {subprocess.py:97} INFO - Command exited with return code 0
[2023-02-02T09:28:10.287+0000] {taskinstance.py:1323} INFO - Marking task as SUCCESS. dag_id=our_first_dag_v2, task_id=second_task, execution_date=20210903T000000, start_date=20230202T092730, end_date=20230202T092810
[2023-02-02T09:28:17.754+0000] {local_task_job.py:208} INFO - Task exited with return code 0
[2023-02-02T09:28:19.670+0000] {taskinstance.py:2578} INFO - 0 downstream tasks scheduled from follow-on schedule check
