[2023-02-02T05:18:10.235+0000] {taskinstance.py:1083} INFO - Dependencies all met for <TaskInstance: our_dag_with_python_operator_v07.get_age scheduled__2021-10-23T00:00:00+00:00 [queued]>
[2023-02-02T05:18:10.307+0000] {taskinstance.py:1083} INFO - Dependencies all met for <TaskInstance: our_dag_with_python_operator_v07.get_age scheduled__2021-10-23T00:00:00+00:00 [queued]>
[2023-02-02T05:18:10.309+0000] {taskinstance.py:1279} INFO - 
--------------------------------------------------------------------------------
[2023-02-02T05:18:10.314+0000] {taskinstance.py:1280} INFO - Starting attempt 1 of 6
[2023-02-02T05:18:10.316+0000] {taskinstance.py:1281} INFO - 
--------------------------------------------------------------------------------
[2023-02-02T05:18:10.464+0000] {taskinstance.py:1300} INFO - Executing <Task(PythonOperator): get_age> on 2021-10-23 00:00:00+00:00
[2023-02-02T05:18:10.497+0000] {standard_task_runner.py:55} INFO - Started process 4718 to run task
[2023-02-02T05:18:10.620+0000] {standard_task_runner.py:82} INFO - Running: ['***', 'tasks', 'run', 'our_dag_with_python_operator_v07', 'get_age', 'scheduled__2021-10-23T00:00:00+00:00', '--job-id', '626', '--raw', '--subdir', 'DAGS_FOLDER/dag_python_operator.py', '--cfg-path', '/tmp/tmp4aiai0y0']
[2023-02-02T05:18:10.652+0000] {standard_task_runner.py:83} INFO - Job 626: Subtask get_age
[2023-02-02T05:18:11.506+0000] {task_command.py:388} INFO - Running <TaskInstance: our_dag_with_python_operator_v07.get_age scheduled__2021-10-23T00:00:00+00:00 [running]> on host 178c757a8fee
[2023-02-02T05:18:13.465+0000] {taskinstance.py:1509} INFO - Exporting the following env vars:
AIRFLOW_CTX_DAG_OWNER=coder2j
AIRFLOW_CTX_DAG_ID=our_dag_with_python_operator_v07
AIRFLOW_CTX_TASK_ID=get_age
AIRFLOW_CTX_EXECUTION_DATE=2021-10-23T00:00:00+00:00
AIRFLOW_CTX_TRY_NUMBER=1
AIRFLOW_CTX_DAG_RUN_ID=scheduled__2021-10-23T00:00:00+00:00
[2023-02-02T05:18:13.511+0000] {python.py:177} INFO - Done. Returned value was: None
[2023-02-02T05:18:13.742+0000] {taskinstance.py:1323} INFO - Marking task as SUCCESS. dag_id=our_dag_with_python_operator_v07, task_id=get_age, execution_date=20211023T000000, start_date=20230202T051810, end_date=20230202T051813
[2023-02-02T05:18:14.537+0000] {local_task_job.py:208} INFO - Task exited with return code 0
[2023-02-02T05:18:15.469+0000] {taskinstance.py:2578} INFO - 0 downstream tasks scheduled from follow-on schedule check
