[2023-02-02T09:22:04.353+0000] {taskinstance.py:1083} INFO - Dependencies all met for <TaskInstance: our_first_dag_v.first_task scheduled__2021-08-20T00:00:00+00:00 [queued]>
[2023-02-02T09:22:05.018+0000] {taskinstance.py:1083} INFO - Dependencies all met for <TaskInstance: our_first_dag_v.first_task scheduled__2021-08-20T00:00:00+00:00 [queued]>
[2023-02-02T09:22:05.049+0000] {taskinstance.py:1279} INFO - 
--------------------------------------------------------------------------------
[2023-02-02T09:22:05.064+0000] {taskinstance.py:1280} INFO - Starting attempt 1 of 6
[2023-02-02T09:22:05.067+0000] {taskinstance.py:1281} INFO - 
--------------------------------------------------------------------------------
[2023-02-02T09:22:05.748+0000] {taskinstance.py:1300} INFO - Executing <Task(BashOperator): first_task> on 2021-08-20 00:00:00+00:00
[2023-02-02T09:22:05.939+0000] {standard_task_runner.py:55} INFO - Started process 2961 to run task
[2023-02-02T09:22:06.181+0000] {standard_task_runner.py:82} INFO - Running: ['***', 'tasks', 'run', 'our_first_dag_v', 'first_task', 'scheduled__2021-08-20T00:00:00+00:00', '--job-id', '873', '--raw', '--subdir', 'DAGS_FOLDER/our_first_dag.py', '--cfg-path', '/tmp/tmpp4ek5dyh']
[2023-02-02T09:22:06.240+0000] {standard_task_runner.py:83} INFO - Job 873: Subtask first_task
[2023-02-02T09:22:10.167+0000] {task_command.py:388} INFO - Running <TaskInstance: our_first_dag_v.first_task scheduled__2021-08-20T00:00:00+00:00 [running]> on host 178c757a8fee
[2023-02-02T09:22:15.063+0000] {taskinstance.py:1509} INFO - Exporting the following env vars:
AIRFLOW_CTX_DAG_OWNER=archana
AIRFLOW_CTX_DAG_ID=our_first_dag_v
AIRFLOW_CTX_TASK_ID=first_task
AIRFLOW_CTX_EXECUTION_DATE=2021-08-20T00:00:00+00:00
AIRFLOW_CTX_TRY_NUMBER=1
AIRFLOW_CTX_DAG_RUN_ID=scheduled__2021-08-20T00:00:00+00:00
[2023-02-02T09:22:15.133+0000] {subprocess.py:63} INFO - Tmp dir root location: 
 /tmp
[2023-02-02T09:22:15.169+0000] {subprocess.py:75} INFO - Running command: ['/bin/bash', '-c', 'echo hello world, this is the first task!']
[2023-02-02T09:22:15.519+0000] {subprocess.py:86} INFO - Output:
[2023-02-02T09:22:15.580+0000] {subprocess.py:93} INFO - hello world, this is the first task!
[2023-02-02T09:22:15.591+0000] {subprocess.py:97} INFO - Command exited with return code 0
[2023-02-02T09:22:16.595+0000] {taskinstance.py:1323} INFO - Marking task as SUCCESS. dag_id=our_first_dag_v, task_id=first_task, execution_date=20210820T000000, start_date=20230202T092204, end_date=20230202T092216
[2023-02-02T09:22:19.024+0000] {local_task_job.py:208} INFO - Task exited with return code 0
[2023-02-02T09:22:19.807+0000] {taskinstance.py:2578} INFO - 0 downstream tasks scheduled from follow-on schedule check
