[2023-02-02T05:13:21.297+0000] {taskinstance.py:1083} INFO - Dependencies all met for <TaskInstance: our_first_dag_v4.third_task scheduled__2021-10-27T00:00:00+00:00 [queued]>
[2023-02-02T05:13:21.522+0000] {taskinstance.py:1083} INFO - Dependencies all met for <TaskInstance: our_first_dag_v4.third_task scheduled__2021-10-27T00:00:00+00:00 [queued]>
[2023-02-02T05:13:21.549+0000] {taskinstance.py:1279} INFO - 
--------------------------------------------------------------------------------
[2023-02-02T05:13:21.551+0000] {taskinstance.py:1280} INFO - Starting attempt 1 of 6
[2023-02-02T05:13:21.552+0000] {taskinstance.py:1281} INFO - 
--------------------------------------------------------------------------------
[2023-02-02T05:13:21.928+0000] {taskinstance.py:1300} INFO - Executing <Task(BashOperator): third_task> on 2021-10-27 00:00:00+00:00
[2023-02-02T05:13:21.984+0000] {standard_task_runner.py:55} INFO - Started process 3617 to run task
[2023-02-02T05:13:22.054+0000] {standard_task_runner.py:82} INFO - Running: ['***', 'tasks', 'run', 'our_first_dag_v4', 'third_task', 'scheduled__2021-10-27T00:00:00+00:00', '--job-id', '299', '--raw', '--subdir', 'DAGS_FOLDER/our_first_dag.py', '--cfg-path', '/tmp/tmp1q79afka']
[2023-02-02T05:13:22.084+0000] {standard_task_runner.py:83} INFO - Job 299: Subtask third_task
[2023-02-02T05:13:23.489+0000] {task_command.py:388} INFO - Running <TaskInstance: our_first_dag_v4.third_task scheduled__2021-10-27T00:00:00+00:00 [running]> on host 178c757a8fee
[2023-02-02T05:13:24.993+0000] {taskinstance.py:1509} INFO - Exporting the following env vars:
AIRFLOW_CTX_DAG_OWNER=archana
AIRFLOW_CTX_DAG_ID=our_first_dag_v4
AIRFLOW_CTX_TASK_ID=third_task
AIRFLOW_CTX_EXECUTION_DATE=2021-10-27T00:00:00+00:00
AIRFLOW_CTX_TRY_NUMBER=1
AIRFLOW_CTX_DAG_RUN_ID=scheduled__2021-10-27T00:00:00+00:00
[2023-02-02T05:13:25.024+0000] {subprocess.py:63} INFO - Tmp dir root location: 
 /tmp
[2023-02-02T05:13:25.056+0000] {subprocess.py:75} INFO - Running command: ['/bin/bash', '-c', 'echo hey, I am task3 and will be running after task1 as task2']
[2023-02-02T05:13:25.532+0000] {subprocess.py:86} INFO - Output:
[2023-02-02T05:13:25.638+0000] {subprocess.py:93} INFO - hey, I am task3 and will be running after task1 as task2
[2023-02-02T05:13:25.650+0000] {subprocess.py:97} INFO - Command exited with return code 0
[2023-02-02T05:13:26.348+0000] {taskinstance.py:1323} INFO - Marking task as SUCCESS. dag_id=our_first_dag_v4, task_id=third_task, execution_date=20211027T000000, start_date=20230202T051321, end_date=20230202T051326
[2023-02-02T05:13:27.830+0000] {local_task_job.py:208} INFO - Task exited with return code 0
[2023-02-02T05:13:28.181+0000] {taskinstance.py:2578} INFO - 0 downstream tasks scheduled from follow-on schedule check
