[2023-02-01T04:19:30.451+0000] {taskinstance.py:1083} INFO - Dependencies all met for <TaskInstance: example_task_group_decorator.task_group_function__3.task_1 scheduled__2023-01-31T04:19:17.367861+00:00 [queued]>
[2023-02-01T04:19:30.577+0000] {taskinstance.py:1083} INFO - Dependencies all met for <TaskInstance: example_task_group_decorator.task_group_function__3.task_1 scheduled__2023-01-31T04:19:17.367861+00:00 [queued]>
[2023-02-01T04:19:30.585+0000] {taskinstance.py:1279} INFO - 
--------------------------------------------------------------------------------
[2023-02-01T04:19:30.593+0000] {taskinstance.py:1280} INFO - Starting attempt 1 of 1
[2023-02-01T04:19:30.604+0000] {taskinstance.py:1281} INFO - 
--------------------------------------------------------------------------------
[2023-02-01T04:19:30.864+0000] {taskinstance.py:1300} INFO - Executing <Task(_PythonDecoratedOperator): task_group_function__3.task_1> on 2023-01-31 04:19:17.367861+00:00
[2023-02-01T04:19:30.954+0000] {standard_task_runner.py:55} INFO - Started process 554 to run task
[2023-02-01T04:19:31.003+0000] {standard_task_runner.py:82} INFO - Running: ['***', 'tasks', 'run', 'example_task_group_decorator', 'task_group_function__3.task_1', 'scheduled__2023-01-31T04:19:17.367861+00:00', '--job-id', '10', '--raw', '--subdir', '/home/***/.local/lib/python3.7/site-packages/***/example_dags/example_task_group_decorator.py', '--cfg-path', '/tmp/tmpr2qieahe']
[2023-02-01T04:19:31.014+0000] {standard_task_runner.py:83} INFO - Job 10: Subtask task_group_function__3.task_1
[2023-02-01T04:19:32.207+0000] {task_command.py:388} INFO - Running <TaskInstance: example_task_group_decorator.task_group_function__3.task_1 scheduled__2023-01-31T04:19:17.367861+00:00 [running]> on host 3206a4d67398
[2023-02-01T04:19:32.767+0000] {taskinstance.py:1509} INFO - Exporting the following env vars:
AIRFLOW_CTX_DAG_OWNER=***
AIRFLOW_CTX_DAG_ID=example_task_group_decorator
AIRFLOW_CTX_TASK_ID=task_group_function__3.task_1
AIRFLOW_CTX_EXECUTION_DATE=2023-01-31T04:19:17.367861+00:00
AIRFLOW_CTX_TRY_NUMBER=1
AIRFLOW_CTX_DAG_RUN_ID=scheduled__2023-01-31T04:19:17.367861+00:00
[2023-02-01T04:19:32.779+0000] {python.py:177} INFO - Done. Returned value was: [ Task1 3 ]
[2023-02-01T04:19:33.044+0000] {taskinstance.py:1323} INFO - Marking task as SUCCESS. dag_id=example_task_group_decorator, task_id=task_group_function__3.task_1, execution_date=20230131T041917, start_date=20230201T041930, end_date=20230201T041933
[2023-02-01T04:19:33.337+0000] {local_task_job.py:208} INFO - Task exited with return code 0
[2023-02-01T04:19:33.722+0000] {taskinstance.py:2578} INFO - 0 downstream tasks scheduled from follow-on schedule check
