[2023-02-02T09:26:57.639+0000] {taskinstance.py:1083} INFO - Dependencies all met for <TaskInstance: our_first_dag_v2.second_task scheduled__2021-09-02T00:00:00+00:00 [queued]>
[2023-02-02T09:27:00.137+0000] {taskinstance.py:1083} INFO - Dependencies all met for <TaskInstance: our_first_dag_v2.second_task scheduled__2021-09-02T00:00:00+00:00 [queued]>
[2023-02-02T09:27:00.201+0000] {taskinstance.py:1279} INFO - 
--------------------------------------------------------------------------------
[2023-02-02T09:27:00.206+0000] {taskinstance.py:1280} INFO - Starting attempt 1 of 6
[2023-02-02T09:27:00.210+0000] {taskinstance.py:1281} INFO - 
--------------------------------------------------------------------------------
[2023-02-02T09:27:01.025+0000] {taskinstance.py:1300} INFO - Executing <Task(BashOperator): second_task> on 2021-09-02 00:00:00+00:00
[2023-02-02T09:27:01.364+0000] {standard_task_runner.py:55} INFO - Started process 3333 to run task
[2023-02-02T09:27:01.955+0000] {standard_task_runner.py:82} INFO - Running: ['***', 'tasks', 'run', 'our_first_dag_v2', 'second_task', 'scheduled__2021-09-02T00:00:00+00:00', '--job-id', '952', '--raw', '--subdir', 'DAGS_FOLDER/second_dag.py', '--cfg-path', '/tmp/tmp1kfyyx2m']
[2023-02-02T09:27:02.050+0000] {standard_task_runner.py:83} INFO - Job 952: Subtask second_task
[2023-02-02T09:27:11.594+0000] {task_command.py:388} INFO - Running <TaskInstance: our_first_dag_v2.second_task scheduled__2021-09-02T00:00:00+00:00 [running]> on host 178c757a8fee
[2023-02-02T09:27:23.209+0000] {taskinstance.py:1509} INFO - Exporting the following env vars:
AIRFLOW_CTX_DAG_OWNER=archana
AIRFLOW_CTX_DAG_ID=our_first_dag_v2
AIRFLOW_CTX_TASK_ID=second_task
AIRFLOW_CTX_EXECUTION_DATE=2021-09-02T00:00:00+00:00
AIRFLOW_CTX_TRY_NUMBER=1
AIRFLOW_CTX_DAG_RUN_ID=scheduled__2021-09-02T00:00:00+00:00
[2023-02-02T09:27:23.356+0000] {subprocess.py:63} INFO - Tmp dir root location: 
 /tmp
[2023-02-02T09:27:23.407+0000] {subprocess.py:75} INFO - Running command: ['/bin/bash', '-c', 'echo hey, I am task2 and will be running after the task1']
[2023-02-02T09:27:23.747+0000] {subprocess.py:86} INFO - Output:
[2023-02-02T09:27:23.795+0000] {subprocess.py:93} INFO - hey, I am task2 and will be running after the task1
[2023-02-02T09:27:23.808+0000] {subprocess.py:97} INFO - Command exited with return code 0
[2023-02-02T09:27:26.079+0000] {taskinstance.py:1323} INFO - Marking task as SUCCESS. dag_id=our_first_dag_v2, task_id=second_task, execution_date=20210902T000000, start_date=20230202T092658, end_date=20230202T092726
[2023-02-02T09:27:35.943+0000] {local_task_job.py:208} INFO - Task exited with return code 0
[2023-02-02T09:27:39.289+0000] {taskinstance.py:2578} INFO - 0 downstream tasks scheduled from follow-on schedule check
