[2023-02-01T06:17:56.746+0000] {taskinstance.py:1083} INFO - Dependencies all met for <TaskInstance: our_first_dag.first_task scheduled__2021-09-10T00:00:00+00:00 [queued]>
[2023-02-01T06:17:56.865+0000] {taskinstance.py:1083} INFO - Dependencies all met for <TaskInstance: our_first_dag.first_task scheduled__2021-09-10T00:00:00+00:00 [queued]>
[2023-02-01T06:17:56.870+0000] {taskinstance.py:1279} INFO - 
--------------------------------------------------------------------------------
[2023-02-01T06:17:56.872+0000] {taskinstance.py:1280} INFO - Starting attempt 1 of 6
[2023-02-01T06:17:56.876+0000] {taskinstance.py:1281} INFO - 
--------------------------------------------------------------------------------
[2023-02-01T06:17:57.293+0000] {taskinstance.py:1300} INFO - Executing <Task(BashOperator): first_task> on 2021-09-10 00:00:00+00:00
[2023-02-01T06:17:57.364+0000] {standard_task_runner.py:55} INFO - Started process 2840 to run task
[2023-02-01T06:17:57.471+0000] {standard_task_runner.py:82} INFO - Running: ['***', 'tasks', 'run', 'our_first_dag', 'first_task', 'scheduled__2021-09-10T00:00:00+00:00', '--job-id', '79', '--raw', '--subdir', 'DAGS_FOLDER/our_first_dag.py', '--cfg-path', '/tmp/tmpo9ri_gwl']
[2023-02-01T06:17:57.477+0000] {standard_task_runner.py:83} INFO - Job 79: Subtask first_task
[2023-02-01T06:17:58.887+0000] {task_command.py:388} INFO - Running <TaskInstance: our_first_dag.first_task scheduled__2021-09-10T00:00:00+00:00 [running]> on host b58e6c3ede27
[2023-02-01T06:18:01.182+0000] {taskinstance.py:1509} INFO - Exporting the following env vars:
AIRFLOW_CTX_DAG_OWNER=archana
AIRFLOW_CTX_DAG_ID=our_first_dag
AIRFLOW_CTX_TASK_ID=first_task
AIRFLOW_CTX_EXECUTION_DATE=2021-09-10T00:00:00+00:00
AIRFLOW_CTX_TRY_NUMBER=1
AIRFLOW_CTX_DAG_RUN_ID=scheduled__2021-09-10T00:00:00+00:00
[2023-02-01T06:18:01.238+0000] {subprocess.py:63} INFO - Tmp dir root location: 
 /tmp
[2023-02-01T06:18:01.258+0000] {subprocess.py:75} INFO - Running command: ['/bin/bash', '-c', 'echo hello world, this is the first task!']
[2023-02-01T06:18:01.737+0000] {subprocess.py:86} INFO - Output:
[2023-02-01T06:18:01.839+0000] {subprocess.py:93} INFO - hello world, this is the first task!
[2023-02-01T06:18:01.844+0000] {subprocess.py:97} INFO - Command exited with return code 0
[2023-02-01T06:18:02.632+0000] {taskinstance.py:1323} INFO - Marking task as SUCCESS. dag_id=our_first_dag, task_id=first_task, execution_date=20210910T000000, start_date=20230201T061756, end_date=20230201T061802
[2023-02-01T06:18:04.107+0000] {local_task_job.py:208} INFO - Task exited with return code 0
[2023-02-01T06:18:04.491+0000] {taskinstance.py:2578} INFO - 0 downstream tasks scheduled from follow-on schedule check
