[2023-02-02T05:11:59.872+0000] {taskinstance.py:1083} INFO - Dependencies all met for <TaskInstance: our_first_dag_v4.first_task scheduled__2021-10-06T00:00:00+00:00 [queued]>
[2023-02-02T05:12:00.085+0000] {taskinstance.py:1083} INFO - Dependencies all met for <TaskInstance: our_first_dag_v4.first_task scheduled__2021-10-06T00:00:00+00:00 [queued]>
[2023-02-02T05:12:00.087+0000] {taskinstance.py:1279} INFO - 
--------------------------------------------------------------------------------
[2023-02-02T05:12:00.089+0000] {taskinstance.py:1280} INFO - Starting attempt 1 of 6
[2023-02-02T05:12:00.090+0000] {taskinstance.py:1281} INFO - 
--------------------------------------------------------------------------------
[2023-02-02T05:12:00.437+0000] {taskinstance.py:1300} INFO - Executing <Task(BashOperator): first_task> on 2021-10-06 00:00:00+00:00
[2023-02-02T05:12:00.540+0000] {standard_task_runner.py:55} INFO - Started process 3309 to run task
[2023-02-02T05:12:00.778+0000] {standard_task_runner.py:82} INFO - Running: ['***', 'tasks', 'run', 'our_first_dag_v4', 'first_task', 'scheduled__2021-10-06T00:00:00+00:00', '--job-id', '213', '--raw', '--subdir', 'DAGS_FOLDER/our_first_dag.py', '--cfg-path', '/tmp/tmpabtmddbf']
[2023-02-02T05:12:00.819+0000] {standard_task_runner.py:83} INFO - Job 213: Subtask first_task
[2023-02-02T05:12:02.691+0000] {task_command.py:388} INFO - Running <TaskInstance: our_first_dag_v4.first_task scheduled__2021-10-06T00:00:00+00:00 [running]> on host 178c757a8fee
[2023-02-02T05:12:06.742+0000] {taskinstance.py:1509} INFO - Exporting the following env vars:
AIRFLOW_CTX_DAG_OWNER=archana
AIRFLOW_CTX_DAG_ID=our_first_dag_v4
AIRFLOW_CTX_TASK_ID=first_task
AIRFLOW_CTX_EXECUTION_DATE=2021-10-06T00:00:00+00:00
AIRFLOW_CTX_TRY_NUMBER=1
AIRFLOW_CTX_DAG_RUN_ID=scheduled__2021-10-06T00:00:00+00:00
[2023-02-02T05:12:06.825+0000] {subprocess.py:63} INFO - Tmp dir root location: 
 /tmp
[2023-02-02T05:12:06.897+0000] {subprocess.py:75} INFO - Running command: ['/bin/bash', '-c', 'echo hello world, this is the first task!']
[2023-02-02T05:12:07.101+0000] {subprocess.py:86} INFO - Output:
[2023-02-02T05:12:07.118+0000] {subprocess.py:93} INFO - hello world, this is the first task!
[2023-02-02T05:12:07.146+0000] {subprocess.py:97} INFO - Command exited with return code 0
[2023-02-02T05:12:07.523+0000] {taskinstance.py:1323} INFO - Marking task as SUCCESS. dag_id=our_first_dag_v4, task_id=first_task, execution_date=20211006T000000, start_date=20230202T051159, end_date=20230202T051207
[2023-02-02T05:12:08.460+0000] {local_task_job.py:208} INFO - Task exited with return code 0
[2023-02-02T05:12:09.125+0000] {taskinstance.py:2578} INFO - 2 downstream tasks scheduled from follow-on schedule check
