[2023-02-02T05:10:42.285+0000] {taskinstance.py:1083} INFO - Dependencies all met for <TaskInstance: our_first_dag_v4.second_task scheduled__2021-08-29T00:00:00+00:00 [queued]>
[2023-02-02T05:10:42.511+0000] {taskinstance.py:1083} INFO - Dependencies all met for <TaskInstance: our_first_dag_v4.second_task scheduled__2021-08-29T00:00:00+00:00 [queued]>
[2023-02-02T05:10:42.514+0000] {taskinstance.py:1279} INFO - 
--------------------------------------------------------------------------------
[2023-02-02T05:10:42.516+0000] {taskinstance.py:1280} INFO - Starting attempt 1 of 6
[2023-02-02T05:10:42.517+0000] {taskinstance.py:1281} INFO - 
--------------------------------------------------------------------------------
[2023-02-02T05:10:42.767+0000] {taskinstance.py:1300} INFO - Executing <Task(BashOperator): second_task> on 2021-08-29 00:00:00+00:00
[2023-02-02T05:10:42.842+0000] {standard_task_runner.py:55} INFO - Started process 2984 to run task
[2023-02-02T05:10:42.930+0000] {standard_task_runner.py:82} INFO - Running: ['***', 'tasks', 'run', 'our_first_dag_v4', 'second_task', 'scheduled__2021-08-29T00:00:00+00:00', '--job-id', '114', '--raw', '--subdir', 'DAGS_FOLDER/our_first_dag.py', '--cfg-path', '/tmp/tmpmx4lp8l9']
[2023-02-02T05:10:42.948+0000] {standard_task_runner.py:83} INFO - Job 114: Subtask second_task
[2023-02-02T05:10:43.876+0000] {task_command.py:388} INFO - Running <TaskInstance: our_first_dag_v4.second_task scheduled__2021-08-29T00:00:00+00:00 [running]> on host 178c757a8fee
[2023-02-02T05:10:45.052+0000] {taskinstance.py:1509} INFO - Exporting the following env vars:
AIRFLOW_CTX_DAG_OWNER=archana
AIRFLOW_CTX_DAG_ID=our_first_dag_v4
AIRFLOW_CTX_TASK_ID=second_task
AIRFLOW_CTX_EXECUTION_DATE=2021-08-29T00:00:00+00:00
AIRFLOW_CTX_TRY_NUMBER=1
AIRFLOW_CTX_DAG_RUN_ID=scheduled__2021-08-29T00:00:00+00:00
[2023-02-02T05:10:45.058+0000] {subprocess.py:63} INFO - Tmp dir root location: 
 /tmp
[2023-02-02T05:10:45.062+0000] {subprocess.py:75} INFO - Running command: ['/bin/bash', '-c', 'echo hey, I am task2 and will be running after the task1']
[2023-02-02T05:10:45.398+0000] {subprocess.py:86} INFO - Output:
[2023-02-02T05:10:45.420+0000] {subprocess.py:93} INFO - hey, I am task2 and will be running after the task1
[2023-02-02T05:10:45.429+0000] {subprocess.py:97} INFO - Command exited with return code 0
[2023-02-02T05:10:45.650+0000] {taskinstance.py:1323} INFO - Marking task as SUCCESS. dag_id=our_first_dag_v4, task_id=second_task, execution_date=20210829T000000, start_date=20230202T051042, end_date=20230202T051045
[2023-02-02T05:10:45.993+0000] {local_task_job.py:208} INFO - Task exited with return code 0
[2023-02-02T05:10:46.297+0000] {taskinstance.py:2578} INFO - 0 downstream tasks scheduled from follow-on schedule check
