[2023-02-02T05:09:27.515+0000] {taskinstance.py:1083} INFO - Dependencies all met for <TaskInstance: our_first_dag_v4.first_task scheduled__2021-08-09T00:00:00+00:00 [queued]>
[2023-02-02T05:09:28.173+0000] {taskinstance.py:1083} INFO - Dependencies all met for <TaskInstance: our_first_dag_v4.first_task scheduled__2021-08-09T00:00:00+00:00 [queued]>
[2023-02-02T05:09:28.198+0000] {taskinstance.py:1279} INFO - 
--------------------------------------------------------------------------------
[2023-02-02T05:09:28.206+0000] {taskinstance.py:1280} INFO - Starting attempt 1 of 6
[2023-02-02T05:09:28.224+0000] {taskinstance.py:1281} INFO - 
--------------------------------------------------------------------------------
[2023-02-02T05:09:28.548+0000] {taskinstance.py:1300} INFO - Executing <Task(BashOperator): first_task> on 2021-08-09 00:00:00+00:00
[2023-02-02T05:09:28.674+0000] {standard_task_runner.py:55} INFO - Started process 2689 to run task
[2023-02-02T05:09:28.805+0000] {standard_task_runner.py:82} INFO - Running: ['***', 'tasks', 'run', 'our_first_dag_v4', 'first_task', 'scheduled__2021-08-09T00:00:00+00:00', '--job-id', '30', '--raw', '--subdir', 'DAGS_FOLDER/our_first_dag.py', '--cfg-path', '/tmp/tmpwds49m_5']
[2023-02-02T05:09:28.813+0000] {standard_task_runner.py:83} INFO - Job 30: Subtask first_task
[2023-02-02T05:09:33.035+0000] {task_command.py:388} INFO - Running <TaskInstance: our_first_dag_v4.first_task scheduled__2021-08-09T00:00:00+00:00 [running]> on host 178c757a8fee
[2023-02-02T05:09:36.774+0000] {taskinstance.py:1509} INFO - Exporting the following env vars:
AIRFLOW_CTX_DAG_OWNER=archana
AIRFLOW_CTX_DAG_ID=our_first_dag_v4
AIRFLOW_CTX_TASK_ID=first_task
AIRFLOW_CTX_EXECUTION_DATE=2021-08-09T00:00:00+00:00
AIRFLOW_CTX_TRY_NUMBER=1
AIRFLOW_CTX_DAG_RUN_ID=scheduled__2021-08-09T00:00:00+00:00
[2023-02-02T05:09:36.797+0000] {subprocess.py:63} INFO - Tmp dir root location: 
 /tmp
[2023-02-02T05:09:36.801+0000] {subprocess.py:75} INFO - Running command: ['/bin/bash', '-c', 'echo hello world, this is the first task!']
[2023-02-02T05:09:37.121+0000] {subprocess.py:86} INFO - Output:
[2023-02-02T05:09:37.270+0000] {subprocess.py:93} INFO - hello world, this is the first task!
[2023-02-02T05:09:37.292+0000] {subprocess.py:97} INFO - Command exited with return code 0
[2023-02-02T05:09:37.736+0000] {taskinstance.py:1323} INFO - Marking task as SUCCESS. dag_id=our_first_dag_v4, task_id=first_task, execution_date=20210809T000000, start_date=20230202T050927, end_date=20230202T050937
[2023-02-02T05:09:38.252+0000] {local_task_job.py:208} INFO - Task exited with return code 0
[2023-02-02T05:09:38.776+0000] {taskinstance.py:2578} INFO - 2 downstream tasks scheduled from follow-on schedule check
