[2023-02-02T09:28:54.954+0000] {taskinstance.py:1083} INFO - Dependencies all met for <TaskInstance: our_first_dag_v3.first_task scheduled__2021-09-16T00:00:00+00:00 [queued]>
[2023-02-02T09:28:57.058+0000] {taskinstance.py:1083} INFO - Dependencies all met for <TaskInstance: our_first_dag_v3.first_task scheduled__2021-09-16T00:00:00+00:00 [queued]>
[2023-02-02T09:28:57.074+0000] {taskinstance.py:1279} INFO - 
--------------------------------------------------------------------------------
[2023-02-02T09:28:57.076+0000] {taskinstance.py:1280} INFO - Starting attempt 1 of 6
[2023-02-02T09:28:57.078+0000] {taskinstance.py:1281} INFO - 
--------------------------------------------------------------------------------
[2023-02-02T09:28:57.542+0000] {taskinstance.py:1300} INFO - Executing <Task(BashOperator): first_task> on 2021-09-16 00:00:00+00:00
[2023-02-02T09:28:57.929+0000] {standard_task_runner.py:55} INFO - Started process 3448 to run task
[2023-02-02T09:28:58.558+0000] {standard_task_runner.py:82} INFO - Running: ['***', 'tasks', 'run', 'our_first_dag_v3', 'first_task', 'scheduled__2021-09-16T00:00:00+00:00', '--job-id', '972', '--raw', '--subdir', 'DAGS_FOLDER/third_dag.py', '--cfg-path', '/tmp/tmpr37tir95']
[2023-02-02T09:28:58.619+0000] {standard_task_runner.py:83} INFO - Job 972: Subtask first_task
[2023-02-02T09:29:02.421+0000] {task_command.py:388} INFO - Running <TaskInstance: our_first_dag_v3.first_task scheduled__2021-09-16T00:00:00+00:00 [running]> on host 178c757a8fee
[2023-02-02T09:29:18.829+0000] {taskinstance.py:1509} INFO - Exporting the following env vars:
AIRFLOW_CTX_DAG_OWNER=archana
AIRFLOW_CTX_DAG_ID=our_first_dag_v3
AIRFLOW_CTX_TASK_ID=first_task
AIRFLOW_CTX_EXECUTION_DATE=2021-09-16T00:00:00+00:00
AIRFLOW_CTX_TRY_NUMBER=1
AIRFLOW_CTX_DAG_RUN_ID=scheduled__2021-09-16T00:00:00+00:00
[2023-02-02T09:29:19.042+0000] {subprocess.py:63} INFO - Tmp dir root location: 
 /tmp
[2023-02-02T09:29:19.138+0000] {subprocess.py:75} INFO - Running command: ['/bin/bash', '-c', 'echo hello world, this is the first task!']
[2023-02-02T09:29:19.673+0000] {subprocess.py:86} INFO - Output:
[2023-02-02T09:29:20.126+0000] {subprocess.py:93} INFO - hello world, this is the first task!
[2023-02-02T09:29:20.147+0000] {subprocess.py:97} INFO - Command exited with return code 0
[2023-02-02T09:29:22.270+0000] {taskinstance.py:1323} INFO - Marking task as SUCCESS. dag_id=our_first_dag_v3, task_id=first_task, execution_date=20210916T000000, start_date=20230202T092855, end_date=20230202T092922
[2023-02-02T09:29:23.102+0000] {local_task_job.py:208} INFO - Task exited with return code 0
[2023-02-02T09:29:28.751+0000] {taskinstance.py:2578} INFO - 2 downstream tasks scheduled from follow-on schedule check
