[2023-02-02T14:21:01.815+0000] {taskinstance.py:1083} INFO - Dependencies all met for <TaskInstance: dag_with_catchup_backfill_v1.task1 scheduled__2022-12-27T00:00:00+00:00 [queued]>
[2023-02-02T14:21:08.208+0000] {taskinstance.py:1083} INFO - Dependencies all met for <TaskInstance: dag_with_catchup_backfill_v1.task1 scheduled__2022-12-27T00:00:00+00:00 [queued]>
[2023-02-02T14:21:08.264+0000] {taskinstance.py:1279} INFO - 
--------------------------------------------------------------------------------
[2023-02-02T14:21:08.267+0000] {taskinstance.py:1280} INFO - Starting attempt 1 of 6
[2023-02-02T14:21:08.269+0000] {taskinstance.py:1281} INFO - 
--------------------------------------------------------------------------------
[2023-02-02T14:21:11.049+0000] {taskinstance.py:1300} INFO - Executing <Task(BashOperator): task1> on 2022-12-27 00:00:00+00:00
[2023-02-02T14:21:11.838+0000] {standard_task_runner.py:55} INFO - Started process 15443 to run task
[2023-02-02T14:21:13.143+0000] {standard_task_runner.py:82} INFO - Running: ['***', 'tasks', 'run', 'dag_with_catchup_backfill_v1', 'task1', 'scheduled__2022-12-27T00:00:00+00:00', '--job-id', '1305', '--raw', '--subdir', 'DAGS_FOLDER/dag_with_catchup_and_backfill.py', '--cfg-path', '/tmp/tmpgk6j7g5e']
[2023-02-02T14:21:13.307+0000] {standard_task_runner.py:83} INFO - Job 1305: Subtask task1
[2023-02-02T14:21:24.752+0000] {task_command.py:388} INFO - Running <TaskInstance: dag_with_catchup_backfill_v1.task1 scheduled__2022-12-27T00:00:00+00:00 [running]> on host 178c757a8fee
[2023-02-02T14:21:44.043+0000] {taskinstance.py:1509} INFO - Exporting the following env vars:
AIRFLOW_CTX_DAG_OWNER=archana
AIRFLOW_CTX_DAG_ID=dag_with_catchup_backfill_v1
AIRFLOW_CTX_TASK_ID=task1
AIRFLOW_CTX_EXECUTION_DATE=2022-12-27T00:00:00+00:00
AIRFLOW_CTX_TRY_NUMBER=1
AIRFLOW_CTX_DAG_RUN_ID=scheduled__2022-12-27T00:00:00+00:00
[2023-02-02T14:21:44.414+0000] {subprocess.py:63} INFO - Tmp dir root location: 
 /tmp
[2023-02-02T14:21:44.601+0000] {subprocess.py:75} INFO - Running command: ['/bin/bash', '-c', 'echo This is a simple Bash Command!']
[2023-02-02T14:21:46.960+0000] {subprocess.py:86} INFO - Output:
[2023-02-02T14:21:47.390+0000] {subprocess.py:93} INFO - This is a simple Bash Command!
[2023-02-02T14:21:47.411+0000] {subprocess.py:97} INFO - Command exited with return code 0
[2023-02-02T14:21:55.476+0000] {taskinstance.py:1323} INFO - Marking task as SUCCESS. dag_id=dag_with_catchup_backfill_v1, task_id=task1, execution_date=20221227T000000, start_date=20230202T142102, end_date=20230202T142155
[2023-02-02T14:22:00.712+0000] {local_task_job.py:208} INFO - Task exited with return code 0
[2023-02-02T14:22:03.513+0000] {taskinstance.py:2578} INFO - 0 downstream tasks scheduled from follow-on schedule check
