[2023-02-02T07:16:33.997+0000] {taskinstance.py:1083} INFO - Dependencies all met for <TaskInstance: our_first_dag_v.first_task manual__2023-02-02T07:16:32.259001+00:00 [queued]>
[2023-02-02T07:16:34.016+0000] {taskinstance.py:1083} INFO - Dependencies all met for <TaskInstance: our_first_dag_v.first_task manual__2023-02-02T07:16:32.259001+00:00 [queued]>
[2023-02-02T07:16:34.018+0000] {taskinstance.py:1279} INFO - 
--------------------------------------------------------------------------------
[2023-02-02T07:16:34.019+0000] {taskinstance.py:1280} INFO - Starting attempt 1 of 6
[2023-02-02T07:16:34.020+0000] {taskinstance.py:1281} INFO - 
--------------------------------------------------------------------------------
[2023-02-02T07:16:34.069+0000] {taskinstance.py:1300} INFO - Executing <Task(BashOperator): first_task> on 2023-02-02 07:16:32.259001+00:00
[2023-02-02T07:16:34.084+0000] {standard_task_runner.py:55} INFO - Started process 4803 to run task
[2023-02-02T07:16:34.110+0000] {standard_task_runner.py:82} INFO - Running: ['***', 'tasks', 'run', 'our_first_dag_v', 'first_task', 'manual__2023-02-02T07:16:32.259001+00:00', '--job-id', '740', '--raw', '--subdir', 'DAGS_FOLDER/our_first_dag.py', '--cfg-path', '/tmp/tmpggli77zk']
[2023-02-02T07:16:34.120+0000] {standard_task_runner.py:83} INFO - Job 740: Subtask first_task
[2023-02-02T07:16:34.382+0000] {task_command.py:388} INFO - Running <TaskInstance: our_first_dag_v.first_task manual__2023-02-02T07:16:32.259001+00:00 [running]> on host 178c757a8fee
[2023-02-02T07:16:34.557+0000] {taskinstance.py:1509} INFO - Exporting the following env vars:
AIRFLOW_CTX_DAG_OWNER=archana
AIRFLOW_CTX_DAG_ID=our_first_dag_v
AIRFLOW_CTX_TASK_ID=first_task
AIRFLOW_CTX_EXECUTION_DATE=2023-02-02T07:16:32.259001+00:00
AIRFLOW_CTX_TRY_NUMBER=1
AIRFLOW_CTX_DAG_RUN_ID=manual__2023-02-02T07:16:32.259001+00:00
[2023-02-02T07:16:34.561+0000] {subprocess.py:63} INFO - Tmp dir root location: 
 /tmp
[2023-02-02T07:16:34.564+0000] {subprocess.py:75} INFO - Running command: ['/bin/bash', '-c', 'echo hello world, this is the first task!']
[2023-02-02T07:16:34.585+0000] {subprocess.py:86} INFO - Output:
[2023-02-02T07:16:34.589+0000] {subprocess.py:93} INFO - hello world, this is the first task!
[2023-02-02T07:16:34.590+0000] {subprocess.py:97} INFO - Command exited with return code 0
[2023-02-02T07:16:34.665+0000] {taskinstance.py:1323} INFO - Marking task as SUCCESS. dag_id=our_first_dag_v, task_id=first_task, execution_date=20230202T071632, start_date=20230202T071634, end_date=20230202T071634
[2023-02-02T07:16:34.724+0000] {local_task_job.py:208} INFO - Task exited with return code 0
[2023-02-02T07:16:34.780+0000] {taskinstance.py:2578} INFO - 0 downstream tasks scheduled from follow-on schedule check
