[2023-02-02T13:07:44.491+0000] {taskinstance.py:1083} INFO - Dependencies all met for <TaskInstance: dag_with_catchup_backfill_v2.task1 backfill__2021-11-07T00:00:00+00:00 [queued]>
[2023-02-02T13:07:44.533+0000] {taskinstance.py:1083} INFO - Dependencies all met for <TaskInstance: dag_with_catchup_backfill_v2.task1 backfill__2021-11-07T00:00:00+00:00 [queued]>
[2023-02-02T13:07:44.535+0000] {taskinstance.py:1279} INFO - 
--------------------------------------------------------------------------------
[2023-02-02T13:07:44.536+0000] {taskinstance.py:1280} INFO - Starting attempt 5 of 6
[2023-02-02T13:07:44.538+0000] {taskinstance.py:1281} INFO - 
--------------------------------------------------------------------------------
[2023-02-02T13:07:44.640+0000] {taskinstance.py:1300} INFO - Executing <Task(BashOperator): task1> on 2021-11-07 00:00:00+00:00
[2023-02-02T13:07:44.659+0000] {standard_task_runner.py:55} INFO - Started process 13440 to run task
[2023-02-02T13:07:44.698+0000] {standard_task_runner.py:82} INFO - Running: ['***', 'tasks', 'run', 'dag_with_catchup_backfill_v2', 'task1', 'backfill__2021-11-07T00:00:00+00:00', '--job-id', '1244', '--pool', 'default_pool', '--raw', '--subdir', 'DAGS_FOLDER/dag_with_catchup_and_backfill.py', '--cfg-path', '/tmp/tmpdq0cohf3']
[2023-02-02T13:07:44.702+0000] {standard_task_runner.py:83} INFO - Job 1244: Subtask task1
[2023-02-02T13:07:45.064+0000] {task_command.py:388} INFO - Running <TaskInstance: dag_with_catchup_backfill_v2.task1 backfill__2021-11-07T00:00:00+00:00 [running]> on host 178c757a8fee
[2023-02-02T13:07:45.325+0000] {taskinstance.py:1509} INFO - Exporting the following env vars:
AIRFLOW_CTX_DAG_OWNER=archana
AIRFLOW_CTX_DAG_ID=dag_with_catchup_backfill_v2
AIRFLOW_CTX_TASK_ID=task1
AIRFLOW_CTX_EXECUTION_DATE=2021-11-07T00:00:00+00:00
AIRFLOW_CTX_TRY_NUMBER=5
AIRFLOW_CTX_DAG_RUN_ID=backfill__2021-11-07T00:00:00+00:00
[2023-02-02T13:07:45.333+0000] {subprocess.py:63} INFO - Tmp dir root location: 
 /tmp
[2023-02-02T13:07:45.334+0000] {subprocess.py:75} INFO - Running command: ['/bin/bash', '-c', 'This is a simple Bash Command!']
[2023-02-02T13:07:45.379+0000] {subprocess.py:86} INFO - Output:
[2023-02-02T13:07:45.388+0000] {subprocess.py:93} INFO - /bin/bash: line 1: This: command not found
[2023-02-02T13:07:45.391+0000] {subprocess.py:97} INFO - Command exited with return code 127
[2023-02-02T13:07:45.428+0000] {taskinstance.py:1768} ERROR - Task failed with exception
Traceback (most recent call last):
  File "/home/airflow/.local/lib/python3.7/site-packages/airflow/operators/bash.py", line 197, in execute
    f"Bash command failed. The command returned a non-zero exit code {result.exit_code}."
airflow.exceptions.AirflowException: Bash command failed. The command returned a non-zero exit code 127.
[2023-02-02T13:07:45.437+0000] {taskinstance.py:1323} INFO - Marking task as UP_FOR_RETRY. dag_id=dag_with_catchup_backfill_v2, task_id=task1, execution_date=20211107T000000, start_date=20230202T130744, end_date=20230202T130745
[2023-02-02T13:07:45.483+0000] {standard_task_runner.py:105} ERROR - Failed to execute job 1244 for task task1 (Bash command failed. The command returned a non-zero exit code 127.; 13440)
[2023-02-02T13:07:45.540+0000] {local_task_job.py:208} INFO - Task exited with return code 1
[2023-02-02T13:07:45.625+0000] {taskinstance.py:2578} INFO - 0 downstream tasks scheduled from follow-on schedule check
