[2023-02-02T05:14:02.980+0000] {taskinstance.py:1083} INFO - Dependencies all met for <TaskInstance: our_first_dag_v4.third_task scheduled__2021-11-13T00:00:00+00:00 [queued]>
[2023-02-02T05:14:03.242+0000] {taskinstance.py:1083} INFO - Dependencies all met for <TaskInstance: our_first_dag_v4.third_task scheduled__2021-11-13T00:00:00+00:00 [queued]>
[2023-02-02T05:14:03.245+0000] {taskinstance.py:1279} INFO - 
--------------------------------------------------------------------------------
[2023-02-02T05:14:03.248+0000] {taskinstance.py:1280} INFO - Starting attempt 1 of 6
[2023-02-02T05:14:03.252+0000] {taskinstance.py:1281} INFO - 
--------------------------------------------------------------------------------
[2023-02-02T05:14:03.374+0000] {taskinstance.py:1300} INFO - Executing <Task(BashOperator): third_task> on 2021-11-13 00:00:00+00:00
[2023-02-02T05:14:03.509+0000] {standard_task_runner.py:55} INFO - Started process 3783 to run task
[2023-02-02T05:14:03.711+0000] {standard_task_runner.py:82} INFO - Running: ['***', 'tasks', 'run', 'our_first_dag_v4', 'third_task', 'scheduled__2021-11-13T00:00:00+00:00', '--job-id', '350', '--raw', '--subdir', 'DAGS_FOLDER/our_first_dag.py', '--cfg-path', '/tmp/tmplnbdjc_v']
[2023-02-02T05:14:03.723+0000] {standard_task_runner.py:83} INFO - Job 350: Subtask third_task
[2023-02-02T05:14:04.817+0000] {task_command.py:388} INFO - Running <TaskInstance: our_first_dag_v4.third_task scheduled__2021-11-13T00:00:00+00:00 [running]> on host 178c757a8fee
[2023-02-02T05:14:05.410+0000] {taskinstance.py:1509} INFO - Exporting the following env vars:
AIRFLOW_CTX_DAG_OWNER=archana
AIRFLOW_CTX_DAG_ID=our_first_dag_v4
AIRFLOW_CTX_TASK_ID=third_task
AIRFLOW_CTX_EXECUTION_DATE=2021-11-13T00:00:00+00:00
AIRFLOW_CTX_TRY_NUMBER=1
AIRFLOW_CTX_DAG_RUN_ID=scheduled__2021-11-13T00:00:00+00:00
[2023-02-02T05:14:05.420+0000] {subprocess.py:63} INFO - Tmp dir root location: 
 /tmp
[2023-02-02T05:14:05.426+0000] {subprocess.py:75} INFO - Running command: ['/bin/bash', '-c', 'echo hey, I am task3 and will be running after task1 as task2']
[2023-02-02T05:14:05.549+0000] {subprocess.py:86} INFO - Output:
[2023-02-02T05:14:05.567+0000] {subprocess.py:93} INFO - hey, I am task3 and will be running after task1 as task2
[2023-02-02T05:14:05.600+0000] {subprocess.py:97} INFO - Command exited with return code 0
[2023-02-02T05:14:05.776+0000] {taskinstance.py:1323} INFO - Marking task as SUCCESS. dag_id=our_first_dag_v4, task_id=third_task, execution_date=20211113T000000, start_date=20230202T051403, end_date=20230202T051405
[2023-02-02T05:14:05.974+0000] {local_task_job.py:208} INFO - Task exited with return code 0
[2023-02-02T05:14:06.124+0000] {taskinstance.py:2578} INFO - 0 downstream tasks scheduled from follow-on schedule check
