[2023-02-01T06:18:04.047+0000] {taskinstance.py:1083} INFO - Dependencies all met for <TaskInstance: our_first_dag.first_task scheduled__2021-09-13T00:00:00+00:00 [queued]>
[2023-02-01T06:18:04.278+0000] {taskinstance.py:1083} INFO - Dependencies all met for <TaskInstance: our_first_dag.first_task scheduled__2021-09-13T00:00:00+00:00 [queued]>
[2023-02-01T06:18:04.283+0000] {taskinstance.py:1279} INFO - 
--------------------------------------------------------------------------------
[2023-02-01T06:18:04.289+0000] {taskinstance.py:1280} INFO - Starting attempt 1 of 6
[2023-02-01T06:18:04.294+0000] {taskinstance.py:1281} INFO - 
--------------------------------------------------------------------------------
[2023-02-01T06:18:04.530+0000] {taskinstance.py:1300} INFO - Executing <Task(BashOperator): first_task> on 2021-09-13 00:00:00+00:00
[2023-02-01T06:18:04.571+0000] {standard_task_runner.py:55} INFO - Started process 2845 to run task
[2023-02-01T06:18:04.614+0000] {standard_task_runner.py:82} INFO - Running: ['***', 'tasks', 'run', 'our_first_dag', 'first_task', 'scheduled__2021-09-13T00:00:00+00:00', '--job-id', '82', '--raw', '--subdir', 'DAGS_FOLDER/our_first_dag.py', '--cfg-path', '/tmp/tmpduda36_x']
[2023-02-01T06:18:04.618+0000] {standard_task_runner.py:83} INFO - Job 82: Subtask first_task
[2023-02-01T06:18:06.233+0000] {task_command.py:388} INFO - Running <TaskInstance: our_first_dag.first_task scheduled__2021-09-13T00:00:00+00:00 [running]> on host b58e6c3ede27
[2023-02-01T06:18:06.877+0000] {taskinstance.py:1509} INFO - Exporting the following env vars:
AIRFLOW_CTX_DAG_OWNER=archana
AIRFLOW_CTX_DAG_ID=our_first_dag
AIRFLOW_CTX_TASK_ID=first_task
AIRFLOW_CTX_EXECUTION_DATE=2021-09-13T00:00:00+00:00
AIRFLOW_CTX_TRY_NUMBER=1
AIRFLOW_CTX_DAG_RUN_ID=scheduled__2021-09-13T00:00:00+00:00
[2023-02-01T06:18:06.902+0000] {subprocess.py:63} INFO - Tmp dir root location: 
 /tmp
[2023-02-01T06:18:06.908+0000] {subprocess.py:75} INFO - Running command: ['/bin/bash', '-c', 'echo hello world, this is the first task!']
[2023-02-01T06:18:06.998+0000] {subprocess.py:86} INFO - Output:
[2023-02-01T06:18:07.020+0000] {subprocess.py:93} INFO - hello world, this is the first task!
[2023-02-01T06:18:07.028+0000] {subprocess.py:97} INFO - Command exited with return code 0
[2023-02-01T06:18:07.200+0000] {taskinstance.py:1323} INFO - Marking task as SUCCESS. dag_id=our_first_dag, task_id=first_task, execution_date=20210913T000000, start_date=20230201T061804, end_date=20230201T061807
[2023-02-01T06:18:07.497+0000] {local_task_job.py:208} INFO - Task exited with return code 0
[2023-02-01T06:18:07.959+0000] {taskinstance.py:2578} INFO - 0 downstream tasks scheduled from follow-on schedule check
