[2023-02-02T05:10:45.530+0000] {taskinstance.py:1083} INFO - Dependencies all met for <TaskInstance: our_first_dag_v4.second_task scheduled__2021-08-31T00:00:00+00:00 [queued]>
[2023-02-02T05:10:45.805+0000] {taskinstance.py:1083} INFO - Dependencies all met for <TaskInstance: our_first_dag_v4.second_task scheduled__2021-08-31T00:00:00+00:00 [queued]>
[2023-02-02T05:10:45.809+0000] {taskinstance.py:1279} INFO - 
--------------------------------------------------------------------------------
[2023-02-02T05:10:45.810+0000] {taskinstance.py:1280} INFO - Starting attempt 1 of 6
[2023-02-02T05:10:45.813+0000] {taskinstance.py:1281} INFO - 
--------------------------------------------------------------------------------
[2023-02-02T05:10:46.009+0000] {taskinstance.py:1300} INFO - Executing <Task(BashOperator): second_task> on 2021-08-31 00:00:00+00:00
[2023-02-02T05:10:46.069+0000] {standard_task_runner.py:55} INFO - Started process 2996 to run task
[2023-02-02T05:10:46.118+0000] {standard_task_runner.py:82} INFO - Running: ['***', 'tasks', 'run', 'our_first_dag_v4', 'second_task', 'scheduled__2021-08-31T00:00:00+00:00', '--job-id', '119', '--raw', '--subdir', 'DAGS_FOLDER/our_first_dag.py', '--cfg-path', '/tmp/tmpvi9hfe33']
[2023-02-02T05:10:46.138+0000] {standard_task_runner.py:83} INFO - Job 119: Subtask second_task
[2023-02-02T05:10:46.991+0000] {task_command.py:388} INFO - Running <TaskInstance: our_first_dag_v4.second_task scheduled__2021-08-31T00:00:00+00:00 [running]> on host 178c757a8fee
[2023-02-02T05:10:47.794+0000] {taskinstance.py:1509} INFO - Exporting the following env vars:
AIRFLOW_CTX_DAG_OWNER=archana
AIRFLOW_CTX_DAG_ID=our_first_dag_v4
AIRFLOW_CTX_TASK_ID=second_task
AIRFLOW_CTX_EXECUTION_DATE=2021-08-31T00:00:00+00:00
AIRFLOW_CTX_TRY_NUMBER=1
AIRFLOW_CTX_DAG_RUN_ID=scheduled__2021-08-31T00:00:00+00:00
[2023-02-02T05:10:47.808+0000] {subprocess.py:63} INFO - Tmp dir root location: 
 /tmp
[2023-02-02T05:10:47.811+0000] {subprocess.py:75} INFO - Running command: ['/bin/bash', '-c', 'echo hey, I am task2 and will be running after the task1']
[2023-02-02T05:10:47.953+0000] {subprocess.py:86} INFO - Output:
[2023-02-02T05:10:47.962+0000] {subprocess.py:93} INFO - hey, I am task2 and will be running after the task1
[2023-02-02T05:10:47.980+0000] {subprocess.py:97} INFO - Command exited with return code 0
[2023-02-02T05:10:48.151+0000] {taskinstance.py:1323} INFO - Marking task as SUCCESS. dag_id=our_first_dag_v4, task_id=second_task, execution_date=20210831T000000, start_date=20230202T051045, end_date=20230202T051048
[2023-02-02T05:10:48.311+0000] {local_task_job.py:208} INFO - Task exited with return code 0
[2023-02-02T05:10:48.405+0000] {taskinstance.py:2578} INFO - 0 downstream tasks scheduled from follow-on schedule check
