[2023-02-02T06:07:37.507+0000] {taskinstance.py:1083} INFO - Dependencies all met for <TaskInstance: our_first_dag_v3.first_task scheduled__2021-08-03T00:00:00+00:00 [queued]>
[2023-02-02T06:07:37.685+0000] {taskinstance.py:1083} INFO - Dependencies all met for <TaskInstance: our_first_dag_v3.first_task scheduled__2021-08-03T00:00:00+00:00 [queued]>
[2023-02-02T06:07:37.696+0000] {taskinstance.py:1279} INFO - 
--------------------------------------------------------------------------------
[2023-02-02T06:07:37.698+0000] {taskinstance.py:1280} INFO - Starting attempt 1 of 6
[2023-02-02T06:07:37.700+0000] {taskinstance.py:1281} INFO - 
--------------------------------------------------------------------------------
[2023-02-02T06:07:38.106+0000] {taskinstance.py:1300} INFO - Executing <Task(BashOperator): first_task> on 2021-08-03 00:00:00+00:00
[2023-02-02T06:07:38.295+0000] {standard_task_runner.py:55} INFO - Started process 747 to run task
[2023-02-02T06:07:38.368+0000] {standard_task_runner.py:82} INFO - Running: ['***', 'tasks', 'run', 'our_first_dag_v3', 'first_task', 'scheduled__2021-08-03T00:00:00+00:00', '--job-id', '722', '--raw', '--subdir', 'DAGS_FOLDER/third_dag.py', '--cfg-path', '/tmp/tmpgod4bdgb']
[2023-02-02T06:07:38.403+0000] {standard_task_runner.py:83} INFO - Job 722: Subtask first_task
[2023-02-02T06:07:39.618+0000] {task_command.py:388} INFO - Running <TaskInstance: our_first_dag_v3.first_task scheduled__2021-08-03T00:00:00+00:00 [running]> on host 178c757a8fee
[2023-02-02T06:07:43.136+0000] {taskinstance.py:1509} INFO - Exporting the following env vars:
AIRFLOW_CTX_DAG_OWNER=archana
AIRFLOW_CTX_DAG_ID=our_first_dag_v3
AIRFLOW_CTX_TASK_ID=first_task
AIRFLOW_CTX_EXECUTION_DATE=2021-08-03T00:00:00+00:00
AIRFLOW_CTX_TRY_NUMBER=1
AIRFLOW_CTX_DAG_RUN_ID=scheduled__2021-08-03T00:00:00+00:00
[2023-02-02T06:07:43.262+0000] {subprocess.py:63} INFO - Tmp dir root location: 
 /tmp
[2023-02-02T06:07:43.274+0000] {subprocess.py:75} INFO - Running command: ['/bin/bash', '-c', 'echo hello world, this is the first task!']
[2023-02-02T06:07:43.784+0000] {subprocess.py:86} INFO - Output:
[2023-02-02T06:07:43.958+0000] {subprocess.py:93} INFO - hello world, this is the first task!
[2023-02-02T06:07:43.974+0000] {subprocess.py:97} INFO - Command exited with return code 0
[2023-02-02T06:07:45.120+0000] {taskinstance.py:1323} INFO - Marking task as SUCCESS. dag_id=our_first_dag_v3, task_id=first_task, execution_date=20210803T000000, start_date=20230202T060737, end_date=20230202T060745
[2023-02-02T06:07:46.277+0000] {local_task_job.py:208} INFO - Task exited with return code 0
[2023-02-02T06:07:48.071+0000] {taskinstance.py:2578} INFO - 2 downstream tasks scheduled from follow-on schedule check
