[2023-02-02T05:17:46.569+0000] {taskinstance.py:1083} INFO - Dependencies all met for <TaskInstance: our_dag_with_python_operator_v07.get_name scheduled__2021-10-14T00:00:00+00:00 [queued]>
[2023-02-02T05:17:46.657+0000] {taskinstance.py:1083} INFO - Dependencies all met for <TaskInstance: our_dag_with_python_operator_v07.get_name scheduled__2021-10-14T00:00:00+00:00 [queued]>
[2023-02-02T05:17:46.659+0000] {taskinstance.py:1279} INFO - 
--------------------------------------------------------------------------------
[2023-02-02T05:17:46.660+0000] {taskinstance.py:1280} INFO - Starting attempt 1 of 6
[2023-02-02T05:17:46.662+0000] {taskinstance.py:1281} INFO - 
--------------------------------------------------------------------------------
[2023-02-02T05:17:46.936+0000] {taskinstance.py:1300} INFO - Executing <Task(PythonOperator): get_name> on 2021-10-14 00:00:00+00:00
[2023-02-02T05:17:47.019+0000] {standard_task_runner.py:55} INFO - Started process 4635 to run task
[2023-02-02T05:17:47.168+0000] {standard_task_runner.py:82} INFO - Running: ['***', 'tasks', 'run', 'our_dag_with_python_operator_v07', 'get_name', 'scheduled__2021-10-14T00:00:00+00:00', '--job-id', '599', '--raw', '--subdir', 'DAGS_FOLDER/dag_python_operator.py', '--cfg-path', '/tmp/tmp7eux7_4u']
[2023-02-02T05:17:47.183+0000] {standard_task_runner.py:83} INFO - Job 599: Subtask get_name
[2023-02-02T05:17:48.207+0000] {task_command.py:388} INFO - Running <TaskInstance: our_dag_with_python_operator_v07.get_name scheduled__2021-10-14T00:00:00+00:00 [running]> on host 178c757a8fee
[2023-02-02T05:17:49.267+0000] {taskinstance.py:1509} INFO - Exporting the following env vars:
AIRFLOW_CTX_DAG_OWNER=coder2j
AIRFLOW_CTX_DAG_ID=our_dag_with_python_operator_v07
AIRFLOW_CTX_TASK_ID=get_name
AIRFLOW_CTX_EXECUTION_DATE=2021-10-14T00:00:00+00:00
AIRFLOW_CTX_TRY_NUMBER=1
AIRFLOW_CTX_DAG_RUN_ID=scheduled__2021-10-14T00:00:00+00:00
[2023-02-02T05:17:49.445+0000] {python.py:177} INFO - Done. Returned value was: None
[2023-02-02T05:17:49.525+0000] {taskinstance.py:1323} INFO - Marking task as SUCCESS. dag_id=our_dag_with_python_operator_v07, task_id=get_name, execution_date=20211014T000000, start_date=20230202T051746, end_date=20230202T051749
[2023-02-02T05:17:49.862+0000] {local_task_job.py:208} INFO - Task exited with return code 0
[2023-02-02T05:17:50.239+0000] {taskinstance.py:2578} INFO - 0 downstream tasks scheduled from follow-on schedule check
