[2023-02-02T05:18:07.346+0000] {taskinstance.py:1083} INFO - Dependencies all met for <TaskInstance: our_dag_with_python_operator_v07.get_age scheduled__2021-10-21T00:00:00+00:00 [queued]>
[2023-02-02T05:18:07.564+0000] {taskinstance.py:1083} INFO - Dependencies all met for <TaskInstance: our_dag_with_python_operator_v07.get_age scheduled__2021-10-21T00:00:00+00:00 [queued]>
[2023-02-02T05:18:07.570+0000] {taskinstance.py:1279} INFO - 
--------------------------------------------------------------------------------
[2023-02-02T05:18:07.573+0000] {taskinstance.py:1280} INFO - Starting attempt 1 of 6
[2023-02-02T05:18:07.578+0000] {taskinstance.py:1281} INFO - 
--------------------------------------------------------------------------------
[2023-02-02T05:18:07.755+0000] {taskinstance.py:1300} INFO - Executing <Task(PythonOperator): get_age> on 2021-10-21 00:00:00+00:00
[2023-02-02T05:18:07.805+0000] {standard_task_runner.py:55} INFO - Started process 4702 to run task
[2023-02-02T05:18:07.842+0000] {standard_task_runner.py:82} INFO - Running: ['***', 'tasks', 'run', 'our_dag_with_python_operator_v07', 'get_age', 'scheduled__2021-10-21T00:00:00+00:00', '--job-id', '621', '--raw', '--subdir', 'DAGS_FOLDER/dag_python_operator.py', '--cfg-path', '/tmp/tmpguahjzor']
[2023-02-02T05:18:07.901+0000] {standard_task_runner.py:83} INFO - Job 621: Subtask get_age
[2023-02-02T05:18:09.465+0000] {task_command.py:388} INFO - Running <TaskInstance: our_dag_with_python_operator_v07.get_age scheduled__2021-10-21T00:00:00+00:00 [running]> on host 178c757a8fee
[2023-02-02T05:18:10.310+0000] {taskinstance.py:1509} INFO - Exporting the following env vars:
AIRFLOW_CTX_DAG_OWNER=coder2j
AIRFLOW_CTX_DAG_ID=our_dag_with_python_operator_v07
AIRFLOW_CTX_TASK_ID=get_age
AIRFLOW_CTX_EXECUTION_DATE=2021-10-21T00:00:00+00:00
AIRFLOW_CTX_TRY_NUMBER=1
AIRFLOW_CTX_DAG_RUN_ID=scheduled__2021-10-21T00:00:00+00:00
[2023-02-02T05:18:10.425+0000] {python.py:177} INFO - Done. Returned value was: None
[2023-02-02T05:18:10.561+0000] {taskinstance.py:1323} INFO - Marking task as SUCCESS. dag_id=our_dag_with_python_operator_v07, task_id=get_age, execution_date=20211021T000000, start_date=20230202T051807, end_date=20230202T051810
[2023-02-02T05:18:10.906+0000] {local_task_job.py:208} INFO - Task exited with return code 0
[2023-02-02T05:18:11.411+0000] {taskinstance.py:2578} INFO - 1 downstream tasks scheduled from follow-on schedule check
