[2023-02-02T09:22:38.340+0000] {taskinstance.py:1083} INFO - Dependencies all met for <TaskInstance: our_first_dag_v2.second_task scheduled__2021-08-23T00:00:00+00:00 [queued]>
[2023-02-02T09:22:40.901+0000] {taskinstance.py:1083} INFO - Dependencies all met for <TaskInstance: our_first_dag_v2.second_task scheduled__2021-08-23T00:00:00+00:00 [queued]>
[2023-02-02T09:22:40.947+0000] {taskinstance.py:1279} INFO - 
--------------------------------------------------------------------------------
[2023-02-02T09:22:40.949+0000] {taskinstance.py:1280} INFO - Starting attempt 1 of 6
[2023-02-02T09:22:40.950+0000] {taskinstance.py:1281} INFO - 
--------------------------------------------------------------------------------
[2023-02-02T09:22:41.982+0000] {taskinstance.py:1300} INFO - Executing <Task(BashOperator): second_task> on 2021-08-23 00:00:00+00:00
[2023-02-02T09:22:42.158+0000] {standard_task_runner.py:55} INFO - Started process 3020 to run task
[2023-02-02T09:22:42.351+0000] {standard_task_runner.py:82} INFO - Running: ['***', 'tasks', 'run', 'our_first_dag_v2', 'second_task', 'scheduled__2021-08-23T00:00:00+00:00', '--job-id', '886', '--raw', '--subdir', 'DAGS_FOLDER/second_dag.py', '--cfg-path', '/tmp/tmpib0ofz0v']
[2023-02-02T09:22:42.414+0000] {standard_task_runner.py:83} INFO - Job 886: Subtask second_task
[2023-02-02T09:22:47.680+0000] {task_command.py:388} INFO - Running <TaskInstance: our_first_dag_v2.second_task scheduled__2021-08-23T00:00:00+00:00 [running]> on host 178c757a8fee
[2023-02-02T09:22:55.462+0000] {taskinstance.py:1509} INFO - Exporting the following env vars:
AIRFLOW_CTX_DAG_OWNER=archana
AIRFLOW_CTX_DAG_ID=our_first_dag_v2
AIRFLOW_CTX_TASK_ID=second_task
AIRFLOW_CTX_EXECUTION_DATE=2021-08-23T00:00:00+00:00
AIRFLOW_CTX_TRY_NUMBER=1
AIRFLOW_CTX_DAG_RUN_ID=scheduled__2021-08-23T00:00:00+00:00
[2023-02-02T09:22:55.544+0000] {subprocess.py:63} INFO - Tmp dir root location: 
 /tmp
[2023-02-02T09:22:55.567+0000] {subprocess.py:75} INFO - Running command: ['/bin/bash', '-c', 'echo hey, I am task2 and will be running after the task1']
[2023-02-02T09:22:55.820+0000] {subprocess.py:86} INFO - Output:
[2023-02-02T09:22:55.826+0000] {subprocess.py:93} INFO - hey, I am task2 and will be running after the task1
[2023-02-02T09:22:55.832+0000] {subprocess.py:97} INFO - Command exited with return code 0
[2023-02-02T09:22:56.372+0000] {taskinstance.py:1323} INFO - Marking task as SUCCESS. dag_id=our_first_dag_v2, task_id=second_task, execution_date=20210823T000000, start_date=20230202T092238, end_date=20230202T092256
[2023-02-02T09:22:57.145+0000] {local_task_job.py:208} INFO - Task exited with return code 0
[2023-02-02T09:22:57.810+0000] {taskinstance.py:2578} INFO - 0 downstream tasks scheduled from follow-on schedule check
