[2023-02-02T09:13:06.327+0000] {taskinstance.py:1083} INFO - Dependencies all met for <TaskInstance: our_first_dag_with_python_operator_v4.greet scheduled__2023-02-01T00:00:00+00:00 [queued]>
[2023-02-02T09:13:06.342+0000] {taskinstance.py:1083} INFO - Dependencies all met for <TaskInstance: our_first_dag_with_python_operator_v4.greet scheduled__2023-02-01T00:00:00+00:00 [queued]>
[2023-02-02T09:13:06.343+0000] {taskinstance.py:1279} INFO - 
--------------------------------------------------------------------------------
[2023-02-02T09:13:06.344+0000] {taskinstance.py:1280} INFO - Starting attempt 1 of 6
[2023-02-02T09:13:06.345+0000] {taskinstance.py:1281} INFO - 
--------------------------------------------------------------------------------
[2023-02-02T09:13:06.361+0000] {taskinstance.py:1300} INFO - Executing <Task(PythonOperator): greet> on 2023-02-01 00:00:00+00:00
[2023-02-02T09:13:06.370+0000] {standard_task_runner.py:55} INFO - Started process 2216 to run task
[2023-02-02T09:13:06.377+0000] {standard_task_runner.py:82} INFO - Running: ['***', 'tasks', 'run', 'our_first_dag_with_python_operator_v4', 'greet', 'scheduled__2023-02-01T00:00:00+00:00', '--job-id', '745', '--raw', '--subdir', 'DAGS_FOLDER/dag_with_po4.py', '--cfg-path', '/tmp/tmpxdxeauqp']
[2023-02-02T09:13:06.379+0000] {standard_task_runner.py:83} INFO - Job 745: Subtask greet
[2023-02-02T09:13:06.508+0000] {task_command.py:388} INFO - Running <TaskInstance: our_first_dag_with_python_operator_v4.greet scheduled__2023-02-01T00:00:00+00:00 [running]> on host 178c757a8fee
[2023-02-02T09:13:06.643+0000] {taskinstance.py:1509} INFO - Exporting the following env vars:
AIRFLOW_CTX_DAG_OWNER=Archana
AIRFLOW_CTX_DAG_ID=our_first_dag_with_python_operator_v4
AIRFLOW_CTX_TASK_ID=greet
AIRFLOW_CTX_EXECUTION_DATE=2023-02-01T00:00:00+00:00
AIRFLOW_CTX_TRY_NUMBER=1
AIRFLOW_CTX_DAG_RUN_ID=scheduled__2023-02-01T00:00:00+00:00
[2023-02-02T09:13:06.651+0000] {taskinstance.py:1768} ERROR - Task failed with exception
Traceback (most recent call last):
  File "/home/airflow/.local/lib/python3.7/site-packages/airflow/operators/python.py", line 175, in execute
    return_value = self.execute_callable()
  File "/home/airflow/.local/lib/python3.7/site-packages/airflow/operators/python.py", line 192, in execute_callable
    return self.python_callable(*self.op_args, **self.op_kwargs)
  File "/opt/airflow/dags/dag_with_po4.py", line 14, in greet
    name = ti.xcoms_pull(task_ids='get_name')
AttributeError: 'TaskInstance' object has no attribute 'xcoms_pull'
[2023-02-02T09:13:06.679+0000] {taskinstance.py:1323} INFO - Marking task as UP_FOR_RETRY. dag_id=our_first_dag_with_python_operator_v4, task_id=greet, execution_date=20230201T000000, start_date=20230202T091306, end_date=20230202T091306
[2023-02-02T09:13:06.700+0000] {standard_task_runner.py:105} ERROR - Failed to execute job 745 for task greet ('TaskInstance' object has no attribute 'xcoms_pull'; 2216)
[2023-02-02T09:13:06.752+0000] {local_task_job.py:208} INFO - Task exited with return code 1
[2023-02-02T09:13:06.777+0000] {taskinstance.py:2578} INFO - 0 downstream tasks scheduled from follow-on schedule check
