[2023-02-02T09:16:42.979+0000] {taskinstance.py:1083} INFO - Dependencies all met for <TaskInstance: our_first_dag_with_python_operator_v4.greet scheduled__2023-02-01T00:00:00+00:00 [queued]>
[2023-02-02T09:16:42.990+0000] {taskinstance.py:1083} INFO - Dependencies all met for <TaskInstance: our_first_dag_with_python_operator_v4.greet scheduled__2023-02-01T00:00:00+00:00 [queued]>
[2023-02-02T09:16:42.991+0000] {taskinstance.py:1279} INFO - 
--------------------------------------------------------------------------------
[2023-02-02T09:16:42.991+0000] {taskinstance.py:1280} INFO - Starting attempt 2 of 7
[2023-02-02T09:16:42.992+0000] {taskinstance.py:1281} INFO - 
--------------------------------------------------------------------------------
[2023-02-02T09:16:43.004+0000] {taskinstance.py:1300} INFO - Executing <Task(PythonOperator): greet> on 2023-02-01 00:00:00+00:00
[2023-02-02T09:16:43.014+0000] {standard_task_runner.py:55} INFO - Started process 2424 to run task
[2023-02-02T09:16:43.019+0000] {standard_task_runner.py:82} INFO - Running: ['***', 'tasks', 'run', 'our_first_dag_with_python_operator_v4', 'greet', 'scheduled__2023-02-01T00:00:00+00:00', '--job-id', '746', '--raw', '--subdir', 'DAGS_FOLDER/dag_with_po4.py', '--cfg-path', '/tmp/tmpm3wbql4s']
[2023-02-02T09:16:43.020+0000] {standard_task_runner.py:83} INFO - Job 746: Subtask greet
[2023-02-02T09:16:43.156+0000] {task_command.py:388} INFO - Running <TaskInstance: our_first_dag_with_python_operator_v4.greet scheduled__2023-02-01T00:00:00+00:00 [running]> on host 178c757a8fee
[2023-02-02T09:16:43.252+0000] {taskinstance.py:1509} INFO - Exporting the following env vars:
AIRFLOW_CTX_DAG_OWNER=Archana
AIRFLOW_CTX_DAG_ID=our_first_dag_with_python_operator_v4
AIRFLOW_CTX_TASK_ID=greet
AIRFLOW_CTX_EXECUTION_DATE=2023-02-01T00:00:00+00:00
AIRFLOW_CTX_TRY_NUMBER=2
AIRFLOW_CTX_DAG_RUN_ID=scheduled__2023-02-01T00:00:00+00:00
[2023-02-02T09:16:43.277+0000] {logging_mixin.py:137} INFO - Hello World! My name is Avani, and I am 30 years old!
[2023-02-02T09:16:43.279+0000] {python.py:177} INFO - Done. Returned value was: None
[2023-02-02T09:16:43.316+0000] {taskinstance.py:1323} INFO - Marking task as SUCCESS. dag_id=our_first_dag_with_python_operator_v4, task_id=greet, execution_date=20230201T000000, start_date=20230202T091642, end_date=20230202T091643
[2023-02-02T09:16:43.353+0000] {local_task_job.py:208} INFO - Task exited with return code 0
[2023-02-02T09:16:43.383+0000] {taskinstance.py:2578} INFO - 0 downstream tasks scheduled from follow-on schedule check
