[2023-02-02T11:06:42.441+0000] {taskinstance.py:1083} INFO - Dependencies all met for <TaskInstance: dag_with_catchup_backfill_v1.task1 scheduled__2022-11-13T00:00:00+00:00 [queued]>
[2023-02-02T11:06:42.540+0000] {taskinstance.py:1083} INFO - Dependencies all met for <TaskInstance: dag_with_catchup_backfill_v1.task1 scheduled__2022-11-13T00:00:00+00:00 [queued]>
[2023-02-02T11:06:42.541+0000] {taskinstance.py:1279} INFO - 
--------------------------------------------------------------------------------
[2023-02-02T11:06:42.542+0000] {taskinstance.py:1280} INFO - Starting attempt 1 of 6
[2023-02-02T11:06:42.544+0000] {taskinstance.py:1281} INFO - 
--------------------------------------------------------------------------------
[2023-02-02T11:06:42.662+0000] {taskinstance.py:1300} INFO - Executing <Task(BashOperator): task1> on 2022-11-13 00:00:00+00:00
[2023-02-02T11:06:42.699+0000] {standard_task_runner.py:82} INFO - Running: ['***', 'tasks', 'run', 'dag_with_catchup_backfill_v1', 'task1', 'scheduled__2022-11-13T00:00:00+00:00', '--job-id', '1015', '--raw', '--subdir', 'DAGS_FOLDER/dag_with_catchup_and_backfill.py', '--cfg-path', '/tmp/tmpa5y38r2n']
[2023-02-02T11:06:42.680+0000] {standard_task_runner.py:55} INFO - Started process 8441 to run task
[2023-02-02T11:06:42.702+0000] {standard_task_runner.py:83} INFO - Job 1015: Subtask task1
[2023-02-02T11:06:43.672+0000] {task_command.py:388} INFO - Running <TaskInstance: dag_with_catchup_backfill_v1.task1 scheduled__2022-11-13T00:00:00+00:00 [running]> on host 178c757a8fee
[2023-02-02T11:06:45.152+0000] {taskinstance.py:1509} INFO - Exporting the following env vars:
AIRFLOW_CTX_DAG_OWNER=archana
AIRFLOW_CTX_DAG_ID=dag_with_catchup_backfill_v1
AIRFLOW_CTX_TASK_ID=task1
AIRFLOW_CTX_EXECUTION_DATE=2022-11-13T00:00:00+00:00
AIRFLOW_CTX_TRY_NUMBER=1
AIRFLOW_CTX_DAG_RUN_ID=scheduled__2022-11-13T00:00:00+00:00
[2023-02-02T11:06:45.185+0000] {subprocess.py:63} INFO - Tmp dir root location: 
 /tmp
[2023-02-02T11:06:45.196+0000] {subprocess.py:75} INFO - Running command: ['/bin/bash', '-c', 'This is a simple Bash Command!']
[2023-02-02T11:06:45.258+0000] {subprocess.py:86} INFO - Output:
[2023-02-02T11:06:45.266+0000] {subprocess.py:93} INFO - /bin/bash: line 1: This: command not found
[2023-02-02T11:06:45.270+0000] {subprocess.py:97} INFO - Command exited with return code 127
[2023-02-02T11:06:45.423+0000] {taskinstance.py:1768} ERROR - Task failed with exception
Traceback (most recent call last):
  File "/home/airflow/.local/lib/python3.7/site-packages/airflow/operators/bash.py", line 197, in execute
    f"Bash command failed. The command returned a non-zero exit code {result.exit_code}."
airflow.exceptions.AirflowException: Bash command failed. The command returned a non-zero exit code 127.
[2023-02-02T11:06:45.582+0000] {taskinstance.py:1323} INFO - Marking task as UP_FOR_RETRY. dag_id=dag_with_catchup_backfill_v1, task_id=task1, execution_date=20221113T000000, start_date=20230202T110642, end_date=20230202T110645
[2023-02-02T11:06:45.741+0000] {standard_task_runner.py:105} ERROR - Failed to execute job 1015 for task task1 (Bash command failed. The command returned a non-zero exit code 127.; 8441)
[2023-02-02T11:06:46.222+0000] {local_task_job.py:208} INFO - Task exited with return code 1
[2023-02-02T11:06:46.720+0000] {taskinstance.py:2578} INFO - 0 downstream tasks scheduled from follow-on schedule check
