[2023-02-02T09:24:21.332+0000] {taskinstance.py:1083} INFO - Dependencies all met for <TaskInstance: our_first_dag_v.first_task scheduled__2021-08-28T00:00:00+00:00 [queued]>
[2023-02-02T09:24:22.036+0000] {taskinstance.py:1083} INFO - Dependencies all met for <TaskInstance: our_first_dag_v.first_task scheduled__2021-08-28T00:00:00+00:00 [queued]>
[2023-02-02T09:24:22.079+0000] {taskinstance.py:1279} INFO - 
--------------------------------------------------------------------------------
[2023-02-02T09:24:22.081+0000] {taskinstance.py:1280} INFO - Starting attempt 1 of 6
[2023-02-02T09:24:22.082+0000] {taskinstance.py:1281} INFO - 
--------------------------------------------------------------------------------
[2023-02-02T09:24:22.407+0000] {taskinstance.py:1300} INFO - Executing <Task(BashOperator): first_task> on 2021-08-28 00:00:00+00:00
[2023-02-02T09:24:22.465+0000] {standard_task_runner.py:55} INFO - Started process 3173 to run task
[2023-02-02T09:24:22.583+0000] {standard_task_runner.py:82} INFO - Running: ['***', 'tasks', 'run', 'our_first_dag_v', 'first_task', 'scheduled__2021-08-28T00:00:00+00:00', '--job-id', '922', '--raw', '--subdir', 'DAGS_FOLDER/our_first_dag.py', '--cfg-path', '/tmp/tmp38x1jzb8']
[2023-02-02T09:24:22.613+0000] {standard_task_runner.py:83} INFO - Job 922: Subtask first_task
[2023-02-02T09:24:26.133+0000] {task_command.py:388} INFO - Running <TaskInstance: our_first_dag_v.first_task scheduled__2021-08-28T00:00:00+00:00 [running]> on host 178c757a8fee
[2023-02-02T09:24:37.295+0000] {taskinstance.py:1509} INFO - Exporting the following env vars:
AIRFLOW_CTX_DAG_OWNER=archana
AIRFLOW_CTX_DAG_ID=our_first_dag_v
AIRFLOW_CTX_TASK_ID=first_task
AIRFLOW_CTX_EXECUTION_DATE=2021-08-28T00:00:00+00:00
AIRFLOW_CTX_TRY_NUMBER=1
AIRFLOW_CTX_DAG_RUN_ID=scheduled__2021-08-28T00:00:00+00:00
[2023-02-02T09:24:37.440+0000] {subprocess.py:63} INFO - Tmp dir root location: 
 /tmp
[2023-02-02T09:24:37.466+0000] {subprocess.py:75} INFO - Running command: ['/bin/bash', '-c', 'echo hello world, this is the first task!']
[2023-02-02T09:24:37.636+0000] {subprocess.py:86} INFO - Output:
[2023-02-02T09:24:37.655+0000] {subprocess.py:93} INFO - hello world, this is the first task!
[2023-02-02T09:24:37.681+0000] {subprocess.py:97} INFO - Command exited with return code 0
[2023-02-02T09:24:39.106+0000] {taskinstance.py:1323} INFO - Marking task as SUCCESS. dag_id=our_first_dag_v, task_id=first_task, execution_date=20210828T000000, start_date=20230202T092421, end_date=20230202T092439
[2023-02-02T09:24:40.099+0000] {local_task_job.py:208} INFO - Task exited with return code 0
[2023-02-02T09:24:41.785+0000] {taskinstance.py:2578} INFO - 0 downstream tasks scheduled from follow-on schedule check
