[2023-02-02T05:16:24.637+0000] {taskinstance.py:1083} INFO - Dependencies all met for <TaskInstance: our_first_dag_v4.first_task scheduled__2022-01-11T00:00:00+00:00 [queued]>
[2023-02-02T05:16:25.526+0000] {taskinstance.py:1083} INFO - Dependencies all met for <TaskInstance: our_first_dag_v4.first_task scheduled__2022-01-11T00:00:00+00:00 [queued]>
[2023-02-02T05:16:25.550+0000] {taskinstance.py:1279} INFO - 
--------------------------------------------------------------------------------
[2023-02-02T05:16:25.562+0000] {taskinstance.py:1280} INFO - Starting attempt 1 of 6
[2023-02-02T05:16:25.589+0000] {taskinstance.py:1281} INFO - 
--------------------------------------------------------------------------------
[2023-02-02T05:16:26.623+0000] {taskinstance.py:1300} INFO - Executing <Task(BashOperator): first_task> on 2022-01-11 00:00:00+00:00
[2023-02-02T05:16:26.794+0000] {standard_task_runner.py:55} INFO - Started process 4335 to run task
[2023-02-02T05:16:27.022+0000] {standard_task_runner.py:82} INFO - Running: ['***', 'tasks', 'run', 'our_first_dag_v4', 'first_task', 'scheduled__2022-01-11T00:00:00+00:00', '--job-id', '509', '--raw', '--subdir', 'DAGS_FOLDER/our_first_dag.py', '--cfg-path', '/tmp/tmp5awfsbe0']
[2023-02-02T05:16:27.046+0000] {standard_task_runner.py:83} INFO - Job 509: Subtask first_task
[2023-02-02T05:16:29.750+0000] {task_command.py:388} INFO - Running <TaskInstance: our_first_dag_v4.first_task scheduled__2022-01-11T00:00:00+00:00 [running]> on host 178c757a8fee
[2023-02-02T05:16:33.289+0000] {taskinstance.py:1509} INFO - Exporting the following env vars:
AIRFLOW_CTX_DAG_OWNER=archana
AIRFLOW_CTX_DAG_ID=our_first_dag_v4
AIRFLOW_CTX_TASK_ID=first_task
AIRFLOW_CTX_EXECUTION_DATE=2022-01-11T00:00:00+00:00
AIRFLOW_CTX_TRY_NUMBER=1
AIRFLOW_CTX_DAG_RUN_ID=scheduled__2022-01-11T00:00:00+00:00
[2023-02-02T05:16:33.308+0000] {subprocess.py:63} INFO - Tmp dir root location: 
 /tmp
[2023-02-02T05:16:33.368+0000] {subprocess.py:75} INFO - Running command: ['/bin/bash', '-c', 'echo hello world, this is the first task!']
[2023-02-02T05:16:33.772+0000] {subprocess.py:86} INFO - Output:
[2023-02-02T05:16:33.824+0000] {subprocess.py:93} INFO - hello world, this is the first task!
[2023-02-02T05:16:33.830+0000] {subprocess.py:97} INFO - Command exited with return code 0
[2023-02-02T05:16:34.356+0000] {taskinstance.py:1323} INFO - Marking task as SUCCESS. dag_id=our_first_dag_v4, task_id=first_task, execution_date=20220111T000000, start_date=20230202T051624, end_date=20230202T051634
[2023-02-02T05:16:35.078+0000] {local_task_job.py:208} INFO - Task exited with return code 0
[2023-02-02T05:16:35.738+0000] {taskinstance.py:2578} INFO - 0 downstream tasks scheduled from follow-on schedule check
