[2023-02-02T09:17:12.092+0000] {taskinstance.py:1083} INFO - Dependencies all met for <TaskInstance: our_first_dag_v4.second_task scheduled__2022-02-13T00:00:00+00:00 [queued]>
[2023-02-02T09:17:12.205+0000] {taskinstance.py:1083} INFO - Dependencies all met for <TaskInstance: our_first_dag_v4.second_task scheduled__2022-02-13T00:00:00+00:00 [queued]>
[2023-02-02T09:17:12.213+0000] {taskinstance.py:1279} INFO - 
--------------------------------------------------------------------------------
[2023-02-02T09:17:12.227+0000] {taskinstance.py:1280} INFO - Starting attempt 1 of 6
[2023-02-02T09:17:12.258+0000] {taskinstance.py:1281} INFO - 
--------------------------------------------------------------------------------
[2023-02-02T09:17:13.128+0000] {taskinstance.py:1300} INFO - Executing <Task(BashOperator): second_task> on 2022-02-13 00:00:00+00:00
[2023-02-02T09:17:13.168+0000] {standard_task_runner.py:55} INFO - Started process 2472 to run task
[2023-02-02T09:17:13.237+0000] {standard_task_runner.py:82} INFO - Running: ['***', 'tasks', 'run', 'our_first_dag_v4', 'second_task', 'scheduled__2022-02-13T00:00:00+00:00', '--job-id', '747', '--raw', '--subdir', 'DAGS_FOLDER/forth_dag.py', '--cfg-path', '/tmp/tmptlzywyy6']
[2023-02-02T09:17:13.406+0000] {standard_task_runner.py:83} INFO - Job 747: Subtask second_task
[2023-02-02T09:17:17.028+0000] {task_command.py:388} INFO - Running <TaskInstance: our_first_dag_v4.second_task scheduled__2022-02-13T00:00:00+00:00 [running]> on host 178c757a8fee
[2023-02-02T09:17:20.713+0000] {taskinstance.py:1509} INFO - Exporting the following env vars:
AIRFLOW_CTX_DAG_OWNER=archana
AIRFLOW_CTX_DAG_ID=our_first_dag_v4
AIRFLOW_CTX_TASK_ID=second_task
AIRFLOW_CTX_EXECUTION_DATE=2022-02-13T00:00:00+00:00
AIRFLOW_CTX_TRY_NUMBER=1
AIRFLOW_CTX_DAG_RUN_ID=scheduled__2022-02-13T00:00:00+00:00
[2023-02-02T09:17:20.917+0000] {subprocess.py:63} INFO - Tmp dir root location: 
 /tmp
[2023-02-02T09:17:20.964+0000] {subprocess.py:75} INFO - Running command: ['/bin/bash', '-c', 'echo hey, I am task2 and will be running after the task1']
[2023-02-02T09:17:22.785+0000] {subprocess.py:86} INFO - Output:
[2023-02-02T09:17:22.985+0000] {subprocess.py:93} INFO - hey, I am task2 and will be running after the task1
[2023-02-02T09:17:23.056+0000] {subprocess.py:97} INFO - Command exited with return code 0
[2023-02-02T09:17:29.551+0000] {taskinstance.py:1323} INFO - Marking task as SUCCESS. dag_id=our_first_dag_v4, task_id=second_task, execution_date=20220213T000000, start_date=20230202T091712, end_date=20230202T091729
[2023-02-02T09:17:32.857+0000] {local_task_job.py:208} INFO - Task exited with return code 0
[2023-02-02T09:17:33.954+0000] {taskinstance.py:2578} INFO - 0 downstream tasks scheduled from follow-on schedule check
