[2023-02-02T09:19:02.503+0000] {taskinstance.py:1083} INFO - Dependencies all met for <TaskInstance: our_first_dag_v2.second_task scheduled__2021-08-10T00:00:00+00:00 [queued]>
[2023-02-02T09:19:04.651+0000] {taskinstance.py:1083} INFO - Dependencies all met for <TaskInstance: our_first_dag_v2.second_task scheduled__2021-08-10T00:00:00+00:00 [queued]>
[2023-02-02T09:19:04.671+0000] {taskinstance.py:1279} INFO - 
--------------------------------------------------------------------------------
[2023-02-02T09:19:04.675+0000] {taskinstance.py:1280} INFO - Starting attempt 1 of 6
[2023-02-02T09:19:04.687+0000] {taskinstance.py:1281} INFO - 
--------------------------------------------------------------------------------
[2023-02-02T09:19:05.960+0000] {taskinstance.py:1300} INFO - Executing <Task(BashOperator): second_task> on 2021-08-10 00:00:00+00:00
[2023-02-02T09:19:06.235+0000] {standard_task_runner.py:55} INFO - Started process 2634 to run task
[2023-02-02T09:19:06.483+0000] {standard_task_runner.py:82} INFO - Running: ['***', 'tasks', 'run', 'our_first_dag_v2', 'second_task', 'scheduled__2021-08-10T00:00:00+00:00', '--job-id', '794', '--raw', '--subdir', 'DAGS_FOLDER/second_dag.py', '--cfg-path', '/tmp/tmpxoeie28p']
[2023-02-02T09:19:06.598+0000] {standard_task_runner.py:83} INFO - Job 794: Subtask second_task
[2023-02-02T09:19:11.773+0000] {task_command.py:388} INFO - Running <TaskInstance: our_first_dag_v2.second_task scheduled__2021-08-10T00:00:00+00:00 [running]> on host 178c757a8fee
[2023-02-02T09:19:17.056+0000] {taskinstance.py:1509} INFO - Exporting the following env vars:
AIRFLOW_CTX_DAG_OWNER=archana
AIRFLOW_CTX_DAG_ID=our_first_dag_v2
AIRFLOW_CTX_TASK_ID=second_task
AIRFLOW_CTX_EXECUTION_DATE=2021-08-10T00:00:00+00:00
AIRFLOW_CTX_TRY_NUMBER=1
AIRFLOW_CTX_DAG_RUN_ID=scheduled__2021-08-10T00:00:00+00:00
[2023-02-02T09:19:17.213+0000] {subprocess.py:63} INFO - Tmp dir root location: 
 /tmp
[2023-02-02T09:19:17.234+0000] {subprocess.py:75} INFO - Running command: ['/bin/bash', '-c', 'echo hey, I am task2 and will be running after the task1']
[2023-02-02T09:19:17.971+0000] {subprocess.py:86} INFO - Output:
[2023-02-02T09:19:18.256+0000] {subprocess.py:93} INFO - hey, I am task2 and will be running after the task1
[2023-02-02T09:19:18.368+0000] {subprocess.py:97} INFO - Command exited with return code 0
[2023-02-02T09:19:19.480+0000] {taskinstance.py:1323} INFO - Marking task as SUCCESS. dag_id=our_first_dag_v2, task_id=second_task, execution_date=20210810T000000, start_date=20230202T091902, end_date=20230202T091919
[2023-02-02T09:19:21.452+0000] {local_task_job.py:208} INFO - Task exited with return code 0
[2023-02-02T09:19:22.902+0000] {taskinstance.py:2578} INFO - 0 downstream tasks scheduled from follow-on schedule check
