[2023-02-02T09:13:04.896+0000] {taskinstance.py:1083} INFO - Dependencies all met for <TaskInstance: our_first_dag_with_python_operator_v4.get_name scheduled__2023-02-01T00:00:00+00:00 [queued]>
[2023-02-02T09:13:04.906+0000] {taskinstance.py:1083} INFO - Dependencies all met for <TaskInstance: our_first_dag_with_python_operator_v4.get_name scheduled__2023-02-01T00:00:00+00:00 [queued]>
[2023-02-02T09:13:04.907+0000] {taskinstance.py:1279} INFO - 
--------------------------------------------------------------------------------
[2023-02-02T09:13:04.908+0000] {taskinstance.py:1280} INFO - Starting attempt 1 of 6
[2023-02-02T09:13:04.909+0000] {taskinstance.py:1281} INFO - 
--------------------------------------------------------------------------------
[2023-02-02T09:13:04.923+0000] {taskinstance.py:1300} INFO - Executing <Task(PythonOperator): get_name> on 2023-02-01 00:00:00+00:00
[2023-02-02T09:13:04.932+0000] {standard_task_runner.py:55} INFO - Started process 2214 to run task
[2023-02-02T09:13:04.938+0000] {standard_task_runner.py:82} INFO - Running: ['***', 'tasks', 'run', 'our_first_dag_with_python_operator_v4', 'get_name', 'scheduled__2023-02-01T00:00:00+00:00', '--job-id', '744', '--raw', '--subdir', 'DAGS_FOLDER/dag_with_po4.py', '--cfg-path', '/tmp/tmp_z1oa2ot']
[2023-02-02T09:13:04.940+0000] {standard_task_runner.py:83} INFO - Job 744: Subtask get_name
[2023-02-02T09:13:05.031+0000] {task_command.py:388} INFO - Running <TaskInstance: our_first_dag_with_python_operator_v4.get_name scheduled__2023-02-01T00:00:00+00:00 [running]> on host 178c757a8fee
[2023-02-02T09:13:05.106+0000] {taskinstance.py:1509} INFO - Exporting the following env vars:
AIRFLOW_CTX_DAG_OWNER=Archana
AIRFLOW_CTX_DAG_ID=our_first_dag_with_python_operator_v4
AIRFLOW_CTX_TASK_ID=get_name
AIRFLOW_CTX_EXECUTION_DATE=2023-02-01T00:00:00+00:00
AIRFLOW_CTX_TRY_NUMBER=1
AIRFLOW_CTX_DAG_RUN_ID=scheduled__2023-02-01T00:00:00+00:00
[2023-02-02T09:13:05.107+0000] {python.py:177} INFO - Done. Returned value was: Avani
[2023-02-02T09:13:05.134+0000] {taskinstance.py:1323} INFO - Marking task as SUCCESS. dag_id=our_first_dag_with_python_operator_v4, task_id=get_name, execution_date=20230201T000000, start_date=20230202T091304, end_date=20230202T091305
[2023-02-02T09:13:05.196+0000] {local_task_job.py:208} INFO - Task exited with return code 0
[2023-02-02T09:13:05.222+0000] {taskinstance.py:2578} INFO - 1 downstream tasks scheduled from follow-on schedule check
