[2023-02-01T06:14:46.408+0000] {taskinstance.py:1083} INFO - Dependencies all met for <TaskInstance: our_first_dag.first_task scheduled__2021-08-02T00:00:00+00:00 [queued]>
[2023-02-01T06:14:47.901+0000] {taskinstance.py:1083} INFO - Dependencies all met for <TaskInstance: our_first_dag.first_task scheduled__2021-08-02T00:00:00+00:00 [queued]>
[2023-02-01T06:14:48.074+0000] {taskinstance.py:1279} INFO - 
--------------------------------------------------------------------------------
[2023-02-01T06:14:48.098+0000] {taskinstance.py:1280} INFO - Starting attempt 1 of 6
[2023-02-01T06:14:48.122+0000] {taskinstance.py:1281} INFO - 
--------------------------------------------------------------------------------
[2023-02-01T06:14:50.763+0000] {taskinstance.py:1300} INFO - Executing <Task(BashOperator): first_task> on 2021-08-02 00:00:00+00:00
[2023-02-01T06:14:51.378+0000] {standard_task_runner.py:55} INFO - Started process 2625 to run task
[2023-02-01T06:14:51.662+0000] {standard_task_runner.py:82} INFO - Running: ['***', 'tasks', 'run', 'our_first_dag', 'first_task', 'scheduled__2021-08-02T00:00:00+00:00', '--job-id', '40', '--raw', '--subdir', 'DAGS_FOLDER/our_first_dag.py', '--cfg-path', '/tmp/tmptx_4kbtn']
[2023-02-01T06:14:51.676+0000] {standard_task_runner.py:83} INFO - Job 40: Subtask first_task
[2023-02-01T06:14:55.375+0000] {task_command.py:388} INFO - Running <TaskInstance: our_first_dag.first_task scheduled__2021-08-02T00:00:00+00:00 [running]> on host b58e6c3ede27
[2023-02-01T06:14:58.797+0000] {taskinstance.py:1509} INFO - Exporting the following env vars:
AIRFLOW_CTX_DAG_OWNER=archana
AIRFLOW_CTX_DAG_ID=our_first_dag
AIRFLOW_CTX_TASK_ID=first_task
AIRFLOW_CTX_EXECUTION_DATE=2021-08-02T00:00:00+00:00
AIRFLOW_CTX_TRY_NUMBER=1
AIRFLOW_CTX_DAG_RUN_ID=scheduled__2021-08-02T00:00:00+00:00
[2023-02-01T06:14:59.070+0000] {subprocess.py:63} INFO - Tmp dir root location: 
 /tmp
[2023-02-01T06:14:59.391+0000] {subprocess.py:75} INFO - Running command: ['/bin/bash', '-c', 'echo hello world, this is the first task!']
[2023-02-01T06:15:00.655+0000] {subprocess.py:86} INFO - Output:
[2023-02-01T06:15:01.081+0000] {subprocess.py:93} INFO - hello world, this is the first task!
[2023-02-01T06:15:01.141+0000] {subprocess.py:97} INFO - Command exited with return code 0
[2023-02-01T06:15:10.562+0000] {taskinstance.py:1323} INFO - Marking task as SUCCESS. dag_id=our_first_dag, task_id=first_task, execution_date=20210802T000000, start_date=20230201T061446, end_date=20230201T061510
[2023-02-01T06:15:19.846+0000] {local_task_job.py:208} INFO - Task exited with return code 0
[2023-02-01T06:15:21.891+0000] {taskinstance.py:2578} INFO - 0 downstream tasks scheduled from follow-on schedule check
[2023-02-01T08:58:42.635+0000] {taskinstance.py:1083} INFO - Dependencies all met for <TaskInstance: our_first_dag.first_task scheduled__2021-08-02T00:00:00+00:00 [queued]>
[2023-02-01T08:58:42.723+0000] {taskinstance.py:1083} INFO - Dependencies all met for <TaskInstance: our_first_dag.first_task scheduled__2021-08-02T00:00:00+00:00 [queued]>
[2023-02-01T08:58:42.728+0000] {taskinstance.py:1279} INFO - 
--------------------------------------------------------------------------------
[2023-02-01T08:58:42.734+0000] {taskinstance.py:1280} INFO - Starting attempt 1 of 6
[2023-02-01T08:58:42.738+0000] {taskinstance.py:1281} INFO - 
--------------------------------------------------------------------------------
[2023-02-01T08:58:42.805+0000] {taskinstance.py:1300} INFO - Executing <Task(BashOperator): first_task> on 2021-08-02 00:00:00+00:00
[2023-02-01T08:58:42.850+0000] {standard_task_runner.py:55} INFO - Started process 303 to run task
[2023-02-01T08:58:42.881+0000] {standard_task_runner.py:82} INFO - Running: ['***', 'tasks', 'run', 'our_first_dag', 'first_task', 'scheduled__2021-08-02T00:00:00+00:00', '--job-id', '6', '--raw', '--subdir', 'DAGS_FOLDER/our_first_dag.py', '--cfg-path', '/tmp/tmpbu73hjqs']
[2023-02-01T08:58:42.887+0000] {standard_task_runner.py:83} INFO - Job 6: Subtask first_task
[2023-02-01T08:58:43.252+0000] {task_command.py:388} INFO - Running <TaskInstance: our_first_dag.first_task scheduled__2021-08-02T00:00:00+00:00 [running]> on host 178c757a8fee
[2023-02-01T08:58:43.583+0000] {taskinstance.py:1509} INFO - Exporting the following env vars:
AIRFLOW_CTX_DAG_OWNER=archana
AIRFLOW_CTX_DAG_ID=our_first_dag
AIRFLOW_CTX_TASK_ID=first_task
AIRFLOW_CTX_EXECUTION_DATE=2021-08-02T00:00:00+00:00
AIRFLOW_CTX_TRY_NUMBER=1
AIRFLOW_CTX_DAG_RUN_ID=scheduled__2021-08-02T00:00:00+00:00
[2023-02-01T08:58:43.587+0000] {subprocess.py:63} INFO - Tmp dir root location: 
 /tmp
[2023-02-01T08:58:43.591+0000] {subprocess.py:75} INFO - Running command: ['/bin/bash', '-c', 'echo hello world, this is the first task!']
[2023-02-01T08:58:43.622+0000] {subprocess.py:86} INFO - Output:
[2023-02-01T08:58:43.626+0000] {subprocess.py:93} INFO - hello world, this is the first task!
[2023-02-01T08:58:43.629+0000] {subprocess.py:97} INFO - Command exited with return code 0
[2023-02-01T08:58:43.736+0000] {taskinstance.py:1323} INFO - Marking task as SUCCESS. dag_id=our_first_dag, task_id=first_task, execution_date=20210802T000000, start_date=20230201T085842, end_date=20230201T085843
[2023-02-01T08:58:43.862+0000] {local_task_job.py:208} INFO - Task exited with return code 0
[2023-02-01T08:58:43.916+0000] {taskinstance.py:2578} INFO - 0 downstream tasks scheduled from follow-on schedule check
