[2023-02-02T06:07:49.314+0000] {taskinstance.py:1083} INFO - Dependencies all met for <TaskInstance: our_first_dag_v3.third_task scheduled__2021-07-31T00:00:00+00:00 [queued]>
[2023-02-02T06:07:49.415+0000] {taskinstance.py:1083} INFO - Dependencies all met for <TaskInstance: our_first_dag_v3.third_task scheduled__2021-07-31T00:00:00+00:00 [queued]>
[2023-02-02T06:07:49.419+0000] {taskinstance.py:1279} INFO - 
--------------------------------------------------------------------------------
[2023-02-02T06:07:49.425+0000] {taskinstance.py:1280} INFO - Starting attempt 1 of 6
[2023-02-02T06:07:49.436+0000] {taskinstance.py:1281} INFO - 
--------------------------------------------------------------------------------
[2023-02-02T06:07:49.572+0000] {taskinstance.py:1300} INFO - Executing <Task(BashOperator): third_task> on 2021-07-31 00:00:00+00:00
[2023-02-02T06:07:49.667+0000] {standard_task_runner.py:55} INFO - Started process 769 to run task
[2023-02-02T06:07:49.695+0000] {standard_task_runner.py:82} INFO - Running: ['***', 'tasks', 'run', 'our_first_dag_v3', 'third_task', 'scheduled__2021-07-31T00:00:00+00:00', '--job-id', '735', '--raw', '--subdir', 'DAGS_FOLDER/third_dag.py', '--cfg-path', '/tmp/tmpxnudnezj']
[2023-02-02T06:07:49.697+0000] {standard_task_runner.py:83} INFO - Job 735: Subtask third_task
[2023-02-02T06:07:50.519+0000] {task_command.py:388} INFO - Running <TaskInstance: our_first_dag_v3.third_task scheduled__2021-07-31T00:00:00+00:00 [running]> on host 178c757a8fee
[2023-02-02T06:07:51.601+0000] {taskinstance.py:1509} INFO - Exporting the following env vars:
AIRFLOW_CTX_DAG_OWNER=archana
AIRFLOW_CTX_DAG_ID=our_first_dag_v3
AIRFLOW_CTX_TASK_ID=third_task
AIRFLOW_CTX_EXECUTION_DATE=2021-07-31T00:00:00+00:00
AIRFLOW_CTX_TRY_NUMBER=1
AIRFLOW_CTX_DAG_RUN_ID=scheduled__2021-07-31T00:00:00+00:00
[2023-02-02T06:07:51.622+0000] {subprocess.py:63} INFO - Tmp dir root location: 
 /tmp
[2023-02-02T06:07:51.636+0000] {subprocess.py:75} INFO - Running command: ['/bin/bash', '-c', 'echo hey, I am task3 and will be running after task1 as task2']
[2023-02-02T06:07:51.896+0000] {subprocess.py:86} INFO - Output:
[2023-02-02T06:07:51.912+0000] {subprocess.py:93} INFO - hey, I am task3 and will be running after task1 as task2
[2023-02-02T06:07:51.915+0000] {subprocess.py:97} INFO - Command exited with return code 0
[2023-02-02T06:07:52.117+0000] {taskinstance.py:1323} INFO - Marking task as SUCCESS. dag_id=our_first_dag_v3, task_id=third_task, execution_date=20210731T000000, start_date=20230202T060749, end_date=20230202T060752
[2023-02-02T06:07:52.405+0000] {local_task_job.py:208} INFO - Task exited with return code 0
[2023-02-02T06:07:52.533+0000] {taskinstance.py:2578} INFO - 0 downstream tasks scheduled from follow-on schedule check
