[2023-02-02T09:28:07.116+0000] {taskinstance.py:1083} INFO - Dependencies all met for <TaskInstance: our_first_dag_v3.first_task scheduled__2021-09-14T00:00:00+00:00 [queued]>
[2023-02-02T09:28:07.829+0000] {taskinstance.py:1083} INFO - Dependencies all met for <TaskInstance: our_first_dag_v3.first_task scheduled__2021-09-14T00:00:00+00:00 [queued]>
[2023-02-02T09:28:07.846+0000] {taskinstance.py:1279} INFO - 
--------------------------------------------------------------------------------
[2023-02-02T09:28:07.848+0000] {taskinstance.py:1280} INFO - Starting attempt 1 of 6
[2023-02-02T09:28:07.850+0000] {taskinstance.py:1281} INFO - 
--------------------------------------------------------------------------------
[2023-02-02T09:28:08.823+0000] {taskinstance.py:1300} INFO - Executing <Task(BashOperator): first_task> on 2021-09-14 00:00:00+00:00
[2023-02-02T09:28:09.145+0000] {standard_task_runner.py:55} INFO - Started process 3397 to run task
[2023-02-02T09:28:09.657+0000] {standard_task_runner.py:82} INFO - Running: ['***', 'tasks', 'run', 'our_first_dag_v3', 'first_task', 'scheduled__2021-09-14T00:00:00+00:00', '--job-id', '965', '--raw', '--subdir', 'DAGS_FOLDER/third_dag.py', '--cfg-path', '/tmp/tmpugje8rny']
[2023-02-02T09:28:09.774+0000] {standard_task_runner.py:83} INFO - Job 965: Subtask first_task
[2023-02-02T09:28:21.097+0000] {task_command.py:388} INFO - Running <TaskInstance: our_first_dag_v3.first_task scheduled__2021-09-14T00:00:00+00:00 [running]> on host 178c757a8fee
[2023-02-02T09:28:31.905+0000] {taskinstance.py:1509} INFO - Exporting the following env vars:
AIRFLOW_CTX_DAG_OWNER=archana
AIRFLOW_CTX_DAG_ID=our_first_dag_v3
AIRFLOW_CTX_TASK_ID=first_task
AIRFLOW_CTX_EXECUTION_DATE=2021-09-14T00:00:00+00:00
AIRFLOW_CTX_TRY_NUMBER=1
AIRFLOW_CTX_DAG_RUN_ID=scheduled__2021-09-14T00:00:00+00:00
[2023-02-02T09:28:32.106+0000] {subprocess.py:63} INFO - Tmp dir root location: 
 /tmp
[2023-02-02T09:28:32.333+0000] {subprocess.py:75} INFO - Running command: ['/bin/bash', '-c', 'echo hello world, this is the first task!']
[2023-02-02T09:28:33.582+0000] {subprocess.py:86} INFO - Output:
[2023-02-02T09:28:33.724+0000] {subprocess.py:93} INFO - hello world, this is the first task!
[2023-02-02T09:28:33.820+0000] {subprocess.py:97} INFO - Command exited with return code 0
[2023-02-02T09:28:39.673+0000] {taskinstance.py:1323} INFO - Marking task as SUCCESS. dag_id=our_first_dag_v3, task_id=first_task, execution_date=20210914T000000, start_date=20230202T092807, end_date=20230202T092839
[2023-02-02T09:28:45.848+0000] {local_task_job.py:208} INFO - Task exited with return code 0
[2023-02-02T09:28:51.658+0000] {taskinstance.py:2578} INFO - 2 downstream tasks scheduled from follow-on schedule check
