[2023-02-02T05:11:00.323+0000] {taskinstance.py:1083} INFO - Dependencies all met for <TaskInstance: our_first_dag_v4.first_task scheduled__2021-09-09T00:00:00+00:00 [queued]>
[2023-02-02T05:11:00.548+0000] {taskinstance.py:1083} INFO - Dependencies all met for <TaskInstance: our_first_dag_v4.first_task scheduled__2021-09-09T00:00:00+00:00 [queued]>
[2023-02-02T05:11:00.558+0000] {taskinstance.py:1279} INFO - 
--------------------------------------------------------------------------------
[2023-02-02T05:11:00.560+0000] {taskinstance.py:1280} INFO - Starting attempt 1 of 6
[2023-02-02T05:11:00.574+0000] {taskinstance.py:1281} INFO - 
--------------------------------------------------------------------------------
[2023-02-02T05:11:00.862+0000] {taskinstance.py:1300} INFO - Executing <Task(BashOperator): first_task> on 2021-09-09 00:00:00+00:00
[2023-02-02T05:11:00.992+0000] {standard_task_runner.py:55} INFO - Started process 3067 to run task
[2023-02-02T05:11:01.083+0000] {standard_task_runner.py:82} INFO - Running: ['***', 'tasks', 'run', 'our_first_dag_v4', 'first_task', 'scheduled__2021-09-09T00:00:00+00:00', '--job-id', '141', '--raw', '--subdir', 'DAGS_FOLDER/our_first_dag.py', '--cfg-path', '/tmp/tmp_op0gqyp']
[2023-02-02T05:11:01.111+0000] {standard_task_runner.py:83} INFO - Job 141: Subtask first_task
[2023-02-02T05:11:03.137+0000] {task_command.py:388} INFO - Running <TaskInstance: our_first_dag_v4.first_task scheduled__2021-09-09T00:00:00+00:00 [running]> on host 178c757a8fee
[2023-02-02T05:11:04.317+0000] {taskinstance.py:1509} INFO - Exporting the following env vars:
AIRFLOW_CTX_DAG_OWNER=archana
AIRFLOW_CTX_DAG_ID=our_first_dag_v4
AIRFLOW_CTX_TASK_ID=first_task
AIRFLOW_CTX_EXECUTION_DATE=2021-09-09T00:00:00+00:00
AIRFLOW_CTX_TRY_NUMBER=1
AIRFLOW_CTX_DAG_RUN_ID=scheduled__2021-09-09T00:00:00+00:00
[2023-02-02T05:11:04.333+0000] {subprocess.py:63} INFO - Tmp dir root location: 
 /tmp
[2023-02-02T05:11:04.340+0000] {subprocess.py:75} INFO - Running command: ['/bin/bash', '-c', 'echo hello world, this is the first task!']
[2023-02-02T05:11:04.430+0000] {subprocess.py:86} INFO - Output:
[2023-02-02T05:11:04.448+0000] {subprocess.py:93} INFO - hello world, this is the first task!
[2023-02-02T05:11:04.460+0000] {subprocess.py:97} INFO - Command exited with return code 0
[2023-02-02T05:11:04.587+0000] {taskinstance.py:1323} INFO - Marking task as SUCCESS. dag_id=our_first_dag_v4, task_id=first_task, execution_date=20210909T000000, start_date=20230202T051100, end_date=20230202T051104
[2023-02-02T05:11:04.923+0000] {local_task_job.py:208} INFO - Task exited with return code 0
[2023-02-02T05:11:05.283+0000] {taskinstance.py:2578} INFO - 2 downstream tasks scheduled from follow-on schedule check
