[2023-02-02T06:05:58.756+0000] {taskinstance.py:1083} INFO - Dependencies all met for <TaskInstance: our_first_dag_v2.first_task scheduled__2021-08-07T00:00:00+00:00 [queued]>
[2023-02-02T06:05:59.465+0000] {taskinstance.py:1083} INFO - Dependencies all met for <TaskInstance: our_first_dag_v2.first_task scheduled__2021-08-07T00:00:00+00:00 [queued]>
[2023-02-02T06:05:59.502+0000] {taskinstance.py:1279} INFO - 
--------------------------------------------------------------------------------
[2023-02-02T06:05:59.519+0000] {taskinstance.py:1280} INFO - Starting attempt 1 of 6
[2023-02-02T06:05:59.522+0000] {taskinstance.py:1281} INFO - 
--------------------------------------------------------------------------------
[2023-02-02T06:06:01.572+0000] {taskinstance.py:1300} INFO - Executing <Task(BashOperator): first_task> on 2021-08-07 00:00:00+00:00
[2023-02-02T06:06:01.736+0000] {standard_task_runner.py:55} INFO - Started process 582 to run task
[2023-02-02T06:06:01.937+0000] {standard_task_runner.py:82} INFO - Running: ['***', 'tasks', 'run', 'our_first_dag_v2', 'first_task', 'scheduled__2021-08-07T00:00:00+00:00', '--job-id', '693', '--raw', '--subdir', 'DAGS_FOLDER/second_dag.py', '--cfg-path', '/tmp/tmp3tfwqf2p']
[2023-02-02T06:06:01.987+0000] {standard_task_runner.py:83} INFO - Job 693: Subtask first_task
[2023-02-02T06:06:03.844+0000] {task_command.py:388} INFO - Running <TaskInstance: our_first_dag_v2.first_task scheduled__2021-08-07T00:00:00+00:00 [running]> on host 178c757a8fee
[2023-02-02T06:06:06.801+0000] {taskinstance.py:1509} INFO - Exporting the following env vars:
AIRFLOW_CTX_DAG_OWNER=archana
AIRFLOW_CTX_DAG_ID=our_first_dag_v2
AIRFLOW_CTX_TASK_ID=first_task
AIRFLOW_CTX_EXECUTION_DATE=2021-08-07T00:00:00+00:00
AIRFLOW_CTX_TRY_NUMBER=1
AIRFLOW_CTX_DAG_RUN_ID=scheduled__2021-08-07T00:00:00+00:00
[2023-02-02T06:06:07.316+0000] {subprocess.py:63} INFO - Tmp dir root location: 
 /tmp
[2023-02-02T06:06:07.389+0000] {subprocess.py:75} INFO - Running command: ['/bin/bash', '-c', 'echo hello world, this is the first task!']
[2023-02-02T06:06:07.619+0000] {subprocess.py:86} INFO - Output:
[2023-02-02T06:06:07.647+0000] {subprocess.py:93} INFO - hello world, this is the first task!
[2023-02-02T06:06:07.674+0000] {subprocess.py:97} INFO - Command exited with return code 0
[2023-02-02T06:06:08.330+0000] {taskinstance.py:1323} INFO - Marking task as SUCCESS. dag_id=our_first_dag_v2, task_id=first_task, execution_date=20210807T000000, start_date=20230202T060558, end_date=20230202T060608
[2023-02-02T06:06:09.185+0000] {local_task_job.py:208} INFO - Task exited with return code 0
[2023-02-02T06:06:09.888+0000] {taskinstance.py:2578} INFO - 1 downstream tasks scheduled from follow-on schedule check
