[2023-02-02T05:14:45.446+0000] {taskinstance.py:1083} INFO - Dependencies all met for <TaskInstance: our_first_dag_v4.third_task scheduled__2021-12-05T00:00:00+00:00 [queued]>
[2023-02-02T05:14:45.658+0000] {taskinstance.py:1083} INFO - Dependencies all met for <TaskInstance: our_first_dag_v4.third_task scheduled__2021-12-05T00:00:00+00:00 [queued]>
[2023-02-02T05:14:45.661+0000] {taskinstance.py:1279} INFO - 
--------------------------------------------------------------------------------
[2023-02-02T05:14:45.667+0000] {taskinstance.py:1280} INFO - Starting attempt 1 of 6
[2023-02-02T05:14:45.669+0000] {taskinstance.py:1281} INFO - 
--------------------------------------------------------------------------------
[2023-02-02T05:14:45.870+0000] {taskinstance.py:1300} INFO - Executing <Task(BashOperator): third_task> on 2021-12-05 00:00:00+00:00
[2023-02-02T05:14:45.920+0000] {standard_task_runner.py:55} INFO - Started process 4012 to run task
[2023-02-02T05:14:46.013+0000] {standard_task_runner.py:82} INFO - Running: ['***', 'tasks', 'run', 'our_first_dag_v4', 'third_task', 'scheduled__2021-12-05T00:00:00+00:00', '--job-id', '417', '--raw', '--subdir', 'DAGS_FOLDER/our_first_dag.py', '--cfg-path', '/tmp/tmpobd_mfw4']
[2023-02-02T05:14:46.030+0000] {standard_task_runner.py:83} INFO - Job 417: Subtask third_task
[2023-02-02T05:14:47.111+0000] {task_command.py:388} INFO - Running <TaskInstance: our_first_dag_v4.third_task scheduled__2021-12-05T00:00:00+00:00 [running]> on host 178c757a8fee
[2023-02-02T05:14:48.147+0000] {taskinstance.py:1509} INFO - Exporting the following env vars:
AIRFLOW_CTX_DAG_OWNER=archana
AIRFLOW_CTX_DAG_ID=our_first_dag_v4
AIRFLOW_CTX_TASK_ID=third_task
AIRFLOW_CTX_EXECUTION_DATE=2021-12-05T00:00:00+00:00
AIRFLOW_CTX_TRY_NUMBER=1
AIRFLOW_CTX_DAG_RUN_ID=scheduled__2021-12-05T00:00:00+00:00
[2023-02-02T05:14:48.173+0000] {subprocess.py:63} INFO - Tmp dir root location: 
 /tmp
[2023-02-02T05:14:48.184+0000] {subprocess.py:75} INFO - Running command: ['/bin/bash', '-c', 'echo hey, I am task3 and will be running after task1 as task2']
[2023-02-02T05:14:48.490+0000] {subprocess.py:86} INFO - Output:
[2023-02-02T05:14:48.530+0000] {subprocess.py:93} INFO - hey, I am task3 and will be running after task1 as task2
[2023-02-02T05:14:48.585+0000] {subprocess.py:97} INFO - Command exited with return code 0
[2023-02-02T05:14:48.935+0000] {taskinstance.py:1323} INFO - Marking task as SUCCESS. dag_id=our_first_dag_v4, task_id=third_task, execution_date=20211205T000000, start_date=20230202T051445, end_date=20230202T051448
[2023-02-02T05:14:49.356+0000] {local_task_job.py:208} INFO - Task exited with return code 0
[2023-02-02T05:14:49.915+0000] {taskinstance.py:2578} INFO - 0 downstream tasks scheduled from follow-on schedule check
