[2023-02-02T05:11:43.679+0000] {taskinstance.py:1083} INFO - Dependencies all met for <TaskInstance: our_first_dag_v4.first_task scheduled__2021-09-28T00:00:00+00:00 [queued]>
[2023-02-02T05:11:44.117+0000] {taskinstance.py:1083} INFO - Dependencies all met for <TaskInstance: our_first_dag_v4.first_task scheduled__2021-09-28T00:00:00+00:00 [queued]>
[2023-02-02T05:11:44.136+0000] {taskinstance.py:1279} INFO - 
--------------------------------------------------------------------------------
[2023-02-02T05:11:44.148+0000] {taskinstance.py:1280} INFO - Starting attempt 1 of 6
[2023-02-02T05:11:44.151+0000] {taskinstance.py:1281} INFO - 
--------------------------------------------------------------------------------
[2023-02-02T05:11:44.473+0000] {taskinstance.py:1300} INFO - Executing <Task(BashOperator): first_task> on 2021-09-28 00:00:00+00:00
[2023-02-02T05:11:44.603+0000] {standard_task_runner.py:82} INFO - Running: ['***', 'tasks', 'run', 'our_first_dag_v4', 'first_task', 'scheduled__2021-09-28T00:00:00+00:00', '--job-id', '193', '--raw', '--subdir', 'DAGS_FOLDER/our_first_dag.py', '--cfg-path', '/tmp/tmpr2q6map5']
[2023-02-02T05:11:44.606+0000] {standard_task_runner.py:83} INFO - Job 193: Subtask first_task
[2023-02-02T05:11:44.587+0000] {standard_task_runner.py:55} INFO - Started process 3251 to run task
[2023-02-02T05:11:45.696+0000] {task_command.py:388} INFO - Running <TaskInstance: our_first_dag_v4.first_task scheduled__2021-09-28T00:00:00+00:00 [running]> on host 178c757a8fee
[2023-02-02T05:11:46.703+0000] {taskinstance.py:1509} INFO - Exporting the following env vars:
AIRFLOW_CTX_DAG_OWNER=archana
AIRFLOW_CTX_DAG_ID=our_first_dag_v4
AIRFLOW_CTX_TASK_ID=first_task
AIRFLOW_CTX_EXECUTION_DATE=2021-09-28T00:00:00+00:00
AIRFLOW_CTX_TRY_NUMBER=1
AIRFLOW_CTX_DAG_RUN_ID=scheduled__2021-09-28T00:00:00+00:00
[2023-02-02T05:11:46.708+0000] {subprocess.py:63} INFO - Tmp dir root location: 
 /tmp
[2023-02-02T05:11:46.711+0000] {subprocess.py:75} INFO - Running command: ['/bin/bash', '-c', 'echo hello world, this is the first task!']
[2023-02-02T05:11:46.938+0000] {subprocess.py:86} INFO - Output:
[2023-02-02T05:11:46.965+0000] {subprocess.py:93} INFO - hello world, this is the first task!
[2023-02-02T05:11:46.968+0000] {subprocess.py:97} INFO - Command exited with return code 0
[2023-02-02T05:11:47.267+0000] {taskinstance.py:1323} INFO - Marking task as SUCCESS. dag_id=our_first_dag_v4, task_id=first_task, execution_date=20210928T000000, start_date=20230202T051143, end_date=20230202T051147
[2023-02-02T05:11:47.898+0000] {local_task_job.py:208} INFO - Task exited with return code 0
[2023-02-02T05:11:48.371+0000] {taskinstance.py:2578} INFO - 0 downstream tasks scheduled from follow-on schedule check
