[2023-02-02T09:21:51.685+0000] {taskinstance.py:1083} INFO - Dependencies all met for <TaskInstance: our_first_dag_v2.second_task scheduled__2021-08-18T00:00:00+00:00 [queued]>
[2023-02-02T09:21:51.855+0000] {taskinstance.py:1083} INFO - Dependencies all met for <TaskInstance: our_first_dag_v2.second_task scheduled__2021-08-18T00:00:00+00:00 [queued]>
[2023-02-02T09:21:51.858+0000] {taskinstance.py:1279} INFO - 
--------------------------------------------------------------------------------
[2023-02-02T09:21:51.859+0000] {taskinstance.py:1280} INFO - Starting attempt 1 of 6
[2023-02-02T09:21:51.862+0000] {taskinstance.py:1281} INFO - 
--------------------------------------------------------------------------------
[2023-02-02T09:21:52.658+0000] {taskinstance.py:1300} INFO - Executing <Task(BashOperator): second_task> on 2021-08-18 00:00:00+00:00
[2023-02-02T09:21:52.778+0000] {standard_task_runner.py:55} INFO - Started process 2933 to run task
[2023-02-02T09:21:52.802+0000] {standard_task_runner.py:82} INFO - Running: ['***', 'tasks', 'run', 'our_first_dag_v2', 'second_task', 'scheduled__2021-08-18T00:00:00+00:00', '--job-id', '864', '--raw', '--subdir', 'DAGS_FOLDER/second_dag.py', '--cfg-path', '/tmp/tmp7rrvqld4']
[2023-02-02T09:21:52.804+0000] {standard_task_runner.py:83} INFO - Job 864: Subtask second_task
[2023-02-02T09:21:54.839+0000] {task_command.py:388} INFO - Running <TaskInstance: our_first_dag_v2.second_task scheduled__2021-08-18T00:00:00+00:00 [running]> on host 178c757a8fee
[2023-02-02T09:21:59.443+0000] {taskinstance.py:1509} INFO - Exporting the following env vars:
AIRFLOW_CTX_DAG_OWNER=archana
AIRFLOW_CTX_DAG_ID=our_first_dag_v2
AIRFLOW_CTX_TASK_ID=second_task
AIRFLOW_CTX_EXECUTION_DATE=2021-08-18T00:00:00+00:00
AIRFLOW_CTX_TRY_NUMBER=1
AIRFLOW_CTX_DAG_RUN_ID=scheduled__2021-08-18T00:00:00+00:00
[2023-02-02T09:21:59.560+0000] {subprocess.py:63} INFO - Tmp dir root location: 
 /tmp
[2023-02-02T09:21:59.659+0000] {subprocess.py:75} INFO - Running command: ['/bin/bash', '-c', 'echo hey, I am task2 and will be running after the task1']
[2023-02-02T09:22:00.236+0000] {subprocess.py:86} INFO - Output:
[2023-02-02T09:22:00.292+0000] {subprocess.py:93} INFO - hey, I am task2 and will be running after the task1
[2023-02-02T09:22:00.295+0000] {subprocess.py:97} INFO - Command exited with return code 0
[2023-02-02T09:22:00.750+0000] {taskinstance.py:1323} INFO - Marking task as SUCCESS. dag_id=our_first_dag_v2, task_id=second_task, execution_date=20210818T000000, start_date=20230202T092151, end_date=20230202T092200
[2023-02-02T09:22:02.010+0000] {local_task_job.py:208} INFO - Task exited with return code 0
[2023-02-02T09:22:03.867+0000] {taskinstance.py:2578} INFO - 0 downstream tasks scheduled from follow-on schedule check
