[2023-02-02T14:31:10.181+0000] {taskinstance.py:1083} INFO - Dependencies all met for <TaskInstance: dag_with_catchup_backfill_v1.task1 scheduled__2023-01-27T00:00:00+00:00 [queued]>
[2023-02-02T14:31:28.793+0000] {taskinstance.py:1083} INFO - Dependencies all met for <TaskInstance: dag_with_catchup_backfill_v1.task1 scheduled__2023-01-27T00:00:00+00:00 [queued]>
[2023-02-02T14:31:29.303+0000] {taskinstance.py:1279} INFO - 
--------------------------------------------------------------------------------
[2023-02-02T14:31:29.459+0000] {taskinstance.py:1280} INFO - Starting attempt 1 of 6
[2023-02-02T14:31:29.525+0000] {taskinstance.py:1281} INFO - 
--------------------------------------------------------------------------------
[2023-02-02T14:31:43.658+0000] {taskinstance.py:1300} INFO - Executing <Task(BashOperator): task1> on 2023-01-27 00:00:00+00:00
[2023-02-02T14:31:46.250+0000] {standard_task_runner.py:55} INFO - Started process 15804 to run task
[2023-02-02T14:31:48.434+0000] {standard_task_runner.py:82} INFO - Running: ['***', 'tasks', 'run', 'dag_with_catchup_backfill_v1', 'task1', 'scheduled__2023-01-27T00:00:00+00:00', '--job-id', '1335', '--raw', '--subdir', 'DAGS_FOLDER/dag_with_catchup_and_backfill.py', '--cfg-path', '/tmp/tmp9d57o8ad']
[2023-02-02T14:31:48.642+0000] {standard_task_runner.py:83} INFO - Job 1335: Subtask task1
[2023-02-02T14:32:41.321+0000] {task_command.py:388} INFO - Running <TaskInstance: dag_with_catchup_backfill_v1.task1 scheduled__2023-01-27T00:00:00+00:00 [running]> on host 178c757a8fee
[2023-02-02T14:38:14.144+0000] {taskinstance.py:1509} INFO - Exporting the following env vars:
AIRFLOW_CTX_DAG_OWNER=archana
AIRFLOW_CTX_DAG_ID=dag_with_catchup_backfill_v1
AIRFLOW_CTX_TASK_ID=task1
AIRFLOW_CTX_EXECUTION_DATE=2023-01-27T00:00:00+00:00
AIRFLOW_CTX_TRY_NUMBER=1
AIRFLOW_CTX_DAG_RUN_ID=scheduled__2023-01-27T00:00:00+00:00
[2023-02-02T14:38:25.642+0000] {subprocess.py:63} INFO - Tmp dir root location: 
 /tmp
[2023-02-02T14:38:44.243+0000] {subprocess.py:75} INFO - Running command: ['/bin/bash', '-c', 'echo This is a simple Bash Command!']
[2023-02-02T14:39:02.409+0000] {subprocess.py:86} INFO - Output:
[2023-02-02T14:39:05.091+0000] {subprocess.py:93} INFO - This is a simple Bash Command!
[2023-02-02T14:39:05.951+0000] {subprocess.py:97} INFO - Command exited with return code 0
[2023-02-02T14:40:53.039+0000] {taskinstance.py:1323} INFO - Marking task as SUCCESS. dag_id=dag_with_catchup_backfill_v1, task_id=task1, execution_date=20230127T000000, start_date=20230202T143112, end_date=20230202T144051
