[2023-02-02T09:23:35.147+0000] {taskinstance.py:1083} INFO - Dependencies all met for <TaskInstance: our_first_dag_v.first_task scheduled__2021-08-26T00:00:00+00:00 [queued]>
[2023-02-02T09:23:35.914+0000] {taskinstance.py:1083} INFO - Dependencies all met for <TaskInstance: our_first_dag_v.first_task scheduled__2021-08-26T00:00:00+00:00 [queued]>
[2023-02-02T09:23:35.934+0000] {taskinstance.py:1279} INFO - 
--------------------------------------------------------------------------------
[2023-02-02T09:23:35.950+0000] {taskinstance.py:1280} INFO - Starting attempt 1 of 6
[2023-02-02T09:23:35.956+0000] {taskinstance.py:1281} INFO - 
--------------------------------------------------------------------------------
[2023-02-02T09:23:36.690+0000] {taskinstance.py:1300} INFO - Executing <Task(BashOperator): first_task> on 2021-08-26 00:00:00+00:00
[2023-02-02T09:23:37.047+0000] {standard_task_runner.py:82} INFO - Running: ['***', 'tasks', 'run', 'our_first_dag_v', 'first_task', 'scheduled__2021-08-26T00:00:00+00:00', '--job-id', '906', '--raw', '--subdir', 'DAGS_FOLDER/our_first_dag.py', '--cfg-path', '/tmp/tmp1p1gadl3']
[2023-02-02T09:23:37.053+0000] {standard_task_runner.py:83} INFO - Job 906: Subtask first_task
[2023-02-02T09:23:37.044+0000] {standard_task_runner.py:55} INFO - Started process 3109 to run task
[2023-02-02T09:23:39.874+0000] {task_command.py:388} INFO - Running <TaskInstance: our_first_dag_v.first_task scheduled__2021-08-26T00:00:00+00:00 [running]> on host 178c757a8fee
[2023-02-02T09:23:45.260+0000] {taskinstance.py:1509} INFO - Exporting the following env vars:
AIRFLOW_CTX_DAG_OWNER=archana
AIRFLOW_CTX_DAG_ID=our_first_dag_v
AIRFLOW_CTX_TASK_ID=first_task
AIRFLOW_CTX_EXECUTION_DATE=2021-08-26T00:00:00+00:00
AIRFLOW_CTX_TRY_NUMBER=1
AIRFLOW_CTX_DAG_RUN_ID=scheduled__2021-08-26T00:00:00+00:00
[2023-02-02T09:23:45.379+0000] {subprocess.py:63} INFO - Tmp dir root location: 
 /tmp
[2023-02-02T09:23:45.421+0000] {subprocess.py:75} INFO - Running command: ['/bin/bash', '-c', 'echo hello world, this is the first task!']
[2023-02-02T09:23:46.243+0000] {subprocess.py:86} INFO - Output:
[2023-02-02T09:23:46.350+0000] {subprocess.py:93} INFO - hello world, this is the first task!
[2023-02-02T09:23:46.371+0000] {subprocess.py:97} INFO - Command exited with return code 0
[2023-02-02T09:23:47.812+0000] {taskinstance.py:1323} INFO - Marking task as SUCCESS. dag_id=our_first_dag_v, task_id=first_task, execution_date=20210826T000000, start_date=20230202T092335, end_date=20230202T092347
[2023-02-02T09:23:51.223+0000] {local_task_job.py:208} INFO - Task exited with return code 0
[2023-02-02T09:23:52.197+0000] {taskinstance.py:2578} INFO - 0 downstream tasks scheduled from follow-on schedule check
