[2023-02-02T09:23:19.150+0000] {taskinstance.py:1083} INFO - Dependencies all met for <TaskInstance: our_first_dag_v2.second_task scheduled__2021-08-25T00:00:00+00:00 [queued]>
[2023-02-02T09:23:20.617+0000] {taskinstance.py:1083} INFO - Dependencies all met for <TaskInstance: our_first_dag_v2.second_task scheduled__2021-08-25T00:00:00+00:00 [queued]>
[2023-02-02T09:23:20.672+0000] {taskinstance.py:1279} INFO - 
--------------------------------------------------------------------------------
[2023-02-02T09:23:20.674+0000] {taskinstance.py:1280} INFO - Starting attempt 1 of 6
[2023-02-02T09:23:20.676+0000] {taskinstance.py:1281} INFO - 
--------------------------------------------------------------------------------
[2023-02-02T09:23:23.916+0000] {taskinstance.py:1300} INFO - Executing <Task(BashOperator): second_task> on 2021-08-25 00:00:00+00:00
[2023-02-02T09:23:24.245+0000] {standard_task_runner.py:55} INFO - Started process 3089 to run task
[2023-02-02T09:23:24.448+0000] {standard_task_runner.py:82} INFO - Running: ['***', 'tasks', 'run', 'our_first_dag_v2', 'second_task', 'scheduled__2021-08-25T00:00:00+00:00', '--job-id', '902', '--raw', '--subdir', 'DAGS_FOLDER/second_dag.py', '--cfg-path', '/tmp/tmpt0mgej8e']
[2023-02-02T09:23:24.534+0000] {standard_task_runner.py:83} INFO - Job 902: Subtask second_task
[2023-02-02T09:23:32.525+0000] {task_command.py:388} INFO - Running <TaskInstance: our_first_dag_v2.second_task scheduled__2021-08-25T00:00:00+00:00 [running]> on host 178c757a8fee
[2023-02-02T09:23:37.527+0000] {taskinstance.py:1509} INFO - Exporting the following env vars:
AIRFLOW_CTX_DAG_OWNER=archana
AIRFLOW_CTX_DAG_ID=our_first_dag_v2
AIRFLOW_CTX_TASK_ID=second_task
AIRFLOW_CTX_EXECUTION_DATE=2021-08-25T00:00:00+00:00
AIRFLOW_CTX_TRY_NUMBER=1
AIRFLOW_CTX_DAG_RUN_ID=scheduled__2021-08-25T00:00:00+00:00
[2023-02-02T09:23:37.631+0000] {subprocess.py:63} INFO - Tmp dir root location: 
 /tmp
[2023-02-02T09:23:37.664+0000] {subprocess.py:75} INFO - Running command: ['/bin/bash', '-c', 'echo hey, I am task2 and will be running after the task1']
[2023-02-02T09:23:38.193+0000] {subprocess.py:86} INFO - Output:
[2023-02-02T09:23:38.257+0000] {subprocess.py:93} INFO - hey, I am task2 and will be running after the task1
[2023-02-02T09:23:38.288+0000] {subprocess.py:97} INFO - Command exited with return code 0
[2023-02-02T09:23:39.463+0000] {taskinstance.py:1323} INFO - Marking task as SUCCESS. dag_id=our_first_dag_v2, task_id=second_task, execution_date=20210825T000000, start_date=20230202T092319, end_date=20230202T092339
[2023-02-02T09:23:41.502+0000] {local_task_job.py:208} INFO - Task exited with return code 0
[2023-02-02T09:23:42.305+0000] {taskinstance.py:2578} INFO - 0 downstream tasks scheduled from follow-on schedule check
