[2023-02-02T14:17:49.814+0000] {taskinstance.py:1083} INFO - Dependencies all met for <TaskInstance: dag_with_catchup_backfill_v1.task1 scheduled__2022-12-10T00:00:00+00:00 [queued]>
[2023-02-02T14:17:52.245+0000] {taskinstance.py:1083} INFO - Dependencies all met for <TaskInstance: dag_with_catchup_backfill_v1.task1 scheduled__2022-12-10T00:00:00+00:00 [queued]>
[2023-02-02T14:17:52.456+0000] {taskinstance.py:1279} INFO - 
--------------------------------------------------------------------------------
[2023-02-02T14:17:52.501+0000] {taskinstance.py:1280} INFO - Starting attempt 1 of 6
[2023-02-02T14:17:52.510+0000] {taskinstance.py:1281} INFO - 
--------------------------------------------------------------------------------
[2023-02-02T14:17:56.598+0000] {taskinstance.py:1300} INFO - Executing <Task(BashOperator): task1> on 2022-12-10 00:00:00+00:00
[2023-02-02T14:17:58.712+0000] {standard_task_runner.py:55} INFO - Started process 15310 to run task
[2023-02-02T14:17:59.915+0000] {standard_task_runner.py:82} INFO - Running: ['***', 'tasks', 'run', 'dag_with_catchup_backfill_v1', 'task1', 'scheduled__2022-12-10T00:00:00+00:00', '--job-id', '1288', '--raw', '--subdir', 'DAGS_FOLDER/dag_with_catchup_and_backfill.py', '--cfg-path', '/tmp/tmpqwvo093k']
[2023-02-02T14:18:00.731+0000] {standard_task_runner.py:83} INFO - Job 1288: Subtask task1
[2023-02-02T14:18:30.973+0000] {task_command.py:388} INFO - Running <TaskInstance: dag_with_catchup_backfill_v1.task1 scheduled__2022-12-10T00:00:00+00:00 [running]> on host 178c757a8fee
[2023-02-02T14:19:22.718+0000] {taskinstance.py:1509} INFO - Exporting the following env vars:
AIRFLOW_CTX_DAG_OWNER=archana
AIRFLOW_CTX_DAG_ID=dag_with_catchup_backfill_v1
AIRFLOW_CTX_TASK_ID=task1
AIRFLOW_CTX_EXECUTION_DATE=2022-12-10T00:00:00+00:00
AIRFLOW_CTX_TRY_NUMBER=1
AIRFLOW_CTX_DAG_RUN_ID=scheduled__2022-12-10T00:00:00+00:00
[2023-02-02T14:19:23.489+0000] {subprocess.py:63} INFO - Tmp dir root location: 
 /tmp
[2023-02-02T14:19:23.660+0000] {subprocess.py:75} INFO - Running command: ['/bin/bash', '-c', 'echo This is a simple Bash Command!']
[2023-02-02T14:19:27.583+0000] {subprocess.py:86} INFO - Output:
[2023-02-02T14:19:27.613+0000] {subprocess.py:93} INFO - This is a simple Bash Command!
[2023-02-02T14:19:27.624+0000] {subprocess.py:97} INFO - Command exited with return code 0
[2023-02-02T14:19:35.432+0000] {taskinstance.py:1323} INFO - Marking task as SUCCESS. dag_id=dag_with_catchup_backfill_v1, task_id=task1, execution_date=20221210T000000, start_date=20230202T141750, end_date=20230202T141935
[2023-02-02T14:19:38.624+0000] {local_task_job.py:208} INFO - Task exited with return code 0
[2023-02-02T14:19:39.598+0000] {taskinstance.py:2578} INFO - 0 downstream tasks scheduled from follow-on schedule check
