[2023-02-02T09:17:31.524+0000] {taskinstance.py:1083} INFO - Dependencies all met for <TaskInstance: our_first_dag_v4.third_task scheduled__2022-02-13T00:00:00+00:00 [queued]>
[2023-02-02T09:17:32.526+0000] {taskinstance.py:1083} INFO - Dependencies all met for <TaskInstance: our_first_dag_v4.third_task scheduled__2022-02-13T00:00:00+00:00 [queued]>
[2023-02-02T09:17:32.607+0000] {taskinstance.py:1279} INFO - 
--------------------------------------------------------------------------------
[2023-02-02T09:17:32.623+0000] {taskinstance.py:1280} INFO - Starting attempt 1 of 6
[2023-02-02T09:17:32.625+0000] {taskinstance.py:1281} INFO - 
--------------------------------------------------------------------------------
[2023-02-02T09:17:33.545+0000] {taskinstance.py:1300} INFO - Executing <Task(BashOperator): third_task> on 2022-02-13 00:00:00+00:00
[2023-02-02T09:17:34.200+0000] {standard_task_runner.py:55} INFO - Started process 2493 to run task
[2023-02-02T09:17:34.664+0000] {standard_task_runner.py:82} INFO - Running: ['***', 'tasks', 'run', 'our_first_dag_v4', 'third_task', 'scheduled__2022-02-13T00:00:00+00:00', '--job-id', '759', '--raw', '--subdir', 'DAGS_FOLDER/forth_dag.py', '--cfg-path', '/tmp/tmp7aoxwly4']
[2023-02-02T09:17:34.827+0000] {standard_task_runner.py:83} INFO - Job 759: Subtask third_task
[2023-02-02T09:17:45.177+0000] {task_command.py:388} INFO - Running <TaskInstance: our_first_dag_v4.third_task scheduled__2022-02-13T00:00:00+00:00 [running]> on host 178c757a8fee
[2023-02-02T09:17:48.288+0000] {taskinstance.py:1509} INFO - Exporting the following env vars:
AIRFLOW_CTX_DAG_OWNER=archana
AIRFLOW_CTX_DAG_ID=our_first_dag_v4
AIRFLOW_CTX_TASK_ID=third_task
AIRFLOW_CTX_EXECUTION_DATE=2022-02-13T00:00:00+00:00
AIRFLOW_CTX_TRY_NUMBER=1
AIRFLOW_CTX_DAG_RUN_ID=scheduled__2022-02-13T00:00:00+00:00
[2023-02-02T09:17:48.425+0000] {subprocess.py:63} INFO - Tmp dir root location: 
 /tmp
[2023-02-02T09:17:48.449+0000] {subprocess.py:75} INFO - Running command: ['/bin/bash', '-c', 'echo hey, I am task3 and will be running after task1 as task2']
[2023-02-02T09:17:48.692+0000] {subprocess.py:86} INFO - Output:
[2023-02-02T09:17:48.761+0000] {subprocess.py:93} INFO - hey, I am task3 and will be running after task1 as task2
[2023-02-02T09:17:48.776+0000] {subprocess.py:97} INFO - Command exited with return code 0
[2023-02-02T09:17:49.620+0000] {taskinstance.py:1323} INFO - Marking task as SUCCESS. dag_id=our_first_dag_v4, task_id=third_task, execution_date=20220213T000000, start_date=20230202T091731, end_date=20230202T091749
[2023-02-02T09:17:52.001+0000] {local_task_job.py:208} INFO - Task exited with return code 0
[2023-02-02T09:17:52.819+0000] {taskinstance.py:2578} INFO - 0 downstream tasks scheduled from follow-on schedule check
