[2023-02-01T04:19:42.746+0000] {taskinstance.py:1083} INFO - Dependencies all met for <TaskInstance: example_task_group_decorator.task_group_function__3.task_3 scheduled__2023-01-31T04:19:17.367861+00:00 [queued]>
[2023-02-01T04:19:42.797+0000] {taskinstance.py:1083} INFO - Dependencies all met for <TaskInstance: example_task_group_decorator.task_group_function__3.task_3 scheduled__2023-01-31T04:19:17.367861+00:00 [queued]>
[2023-02-01T04:19:42.799+0000] {taskinstance.py:1279} INFO - 
--------------------------------------------------------------------------------
[2023-02-01T04:19:42.801+0000] {taskinstance.py:1280} INFO - Starting attempt 1 of 1
[2023-02-01T04:19:42.801+0000] {taskinstance.py:1281} INFO - 
--------------------------------------------------------------------------------
[2023-02-01T04:19:42.843+0000] {taskinstance.py:1300} INFO - Executing <Task(_PythonDecoratedOperator): task_group_function__3.task_3> on 2023-01-31 04:19:17.367861+00:00
[2023-02-01T04:19:42.862+0000] {standard_task_runner.py:55} INFO - Started process 568 to run task
[2023-02-01T04:19:42.895+0000] {standard_task_runner.py:82} INFO - Running: ['***', 'tasks', 'run', 'example_task_group_decorator', 'task_group_function__3.task_3', 'scheduled__2023-01-31T04:19:17.367861+00:00', '--job-id', '16', '--raw', '--subdir', '/home/***/.local/lib/python3.7/site-packages/***/example_dags/example_task_group_decorator.py', '--cfg-path', '/tmp/tmp423k69w1']
[2023-02-01T04:19:42.898+0000] {standard_task_runner.py:83} INFO - Job 16: Subtask task_group_function__3.task_3
[2023-02-01T04:19:43.252+0000] {task_command.py:388} INFO - Running <TaskInstance: example_task_group_decorator.task_group_function__3.task_3 scheduled__2023-01-31T04:19:17.367861+00:00 [running]> on host 3206a4d67398
[2023-02-01T04:19:43.617+0000] {taskinstance.py:1509} INFO - Exporting the following env vars:
AIRFLOW_CTX_DAG_OWNER=***
AIRFLOW_CTX_DAG_ID=example_task_group_decorator
AIRFLOW_CTX_TASK_ID=task_group_function__3.task_3
AIRFLOW_CTX_EXECUTION_DATE=2023-01-31T04:19:17.367861+00:00
AIRFLOW_CTX_TRY_NUMBER=1
AIRFLOW_CTX_DAG_RUN_ID=scheduled__2023-01-31T04:19:17.367861+00:00
[2023-02-01T04:19:43.629+0000] {logging_mixin.py:137} INFO - [ Task3 [ Task2 [ Task1 3 ] ] ]
[2023-02-01T04:19:43.633+0000] {python.py:177} INFO - Done. Returned value was: None
[2023-02-01T04:19:43.678+0000] {taskinstance.py:1323} INFO - Marking task as SUCCESS. dag_id=example_task_group_decorator, task_id=task_group_function__3.task_3, execution_date=20230131T041917, start_date=20230201T041942, end_date=20230201T041943
[2023-02-01T04:19:43.816+0000] {local_task_job.py:208} INFO - Task exited with return code 0
[2023-02-01T04:19:44.068+0000] {taskinstance.py:2578} INFO - 0 downstream tasks scheduled from follow-on schedule check
