[2023-02-02T09:29:54.058+0000] {taskinstance.py:1083} INFO - Dependencies all met for <TaskInstance: our_first_dag_v3.second_task scheduled__2021-09-07T00:00:00+00:00 [queued]>
[2023-02-02T09:30:06.434+0000] {taskinstance.py:1083} INFO - Dependencies all met for <TaskInstance: our_first_dag_v3.second_task scheduled__2021-09-07T00:00:00+00:00 [queued]>
[2023-02-02T09:30:06.788+0000] {taskinstance.py:1279} INFO - 
--------------------------------------------------------------------------------
[2023-02-02T09:30:06.802+0000] {taskinstance.py:1280} INFO - Starting attempt 1 of 6
[2023-02-02T09:30:06.889+0000] {taskinstance.py:1281} INFO - 
--------------------------------------------------------------------------------
[2023-02-02T09:30:11.671+0000] {taskinstance.py:1300} INFO - Executing <Task(BashOperator): second_task> on 2021-09-07 00:00:00+00:00
[2023-02-02T09:30:12.850+0000] {standard_task_runner.py:55} INFO - Started process 3501 to run task
[2023-02-02T09:30:13.911+0000] {standard_task_runner.py:82} INFO - Running: ['***', 'tasks', 'run', 'our_first_dag_v3', 'second_task', 'scheduled__2021-09-07T00:00:00+00:00', '--job-id', '983', '--raw', '--subdir', 'DAGS_FOLDER/third_dag.py', '--cfg-path', '/tmp/tmpcsqkulfk']
[2023-02-02T09:30:14.067+0000] {standard_task_runner.py:83} INFO - Job 983: Subtask second_task
[2023-02-02T09:30:20.914+0000] {task_command.py:388} INFO - Running <TaskInstance: our_first_dag_v3.second_task scheduled__2021-09-07T00:00:00+00:00 [running]> on host 178c757a8fee
[2023-02-02T09:30:23.918+0000] {taskinstance.py:1509} INFO - Exporting the following env vars:
AIRFLOW_CTX_DAG_OWNER=archana
AIRFLOW_CTX_DAG_ID=our_first_dag_v3
AIRFLOW_CTX_TASK_ID=second_task
AIRFLOW_CTX_EXECUTION_DATE=2021-09-07T00:00:00+00:00
AIRFLOW_CTX_TRY_NUMBER=1
AIRFLOW_CTX_DAG_RUN_ID=scheduled__2021-09-07T00:00:00+00:00
[2023-02-02T09:30:23.994+0000] {subprocess.py:63} INFO - Tmp dir root location: 
 /tmp
[2023-02-02T09:30:24.027+0000] {subprocess.py:75} INFO - Running command: ['/bin/bash', '-c', 'echo hey, I am task2 and will be running after the task1']
[2023-02-02T09:30:24.459+0000] {subprocess.py:86} INFO - Output:
[2023-02-02T09:30:24.545+0000] {subprocess.py:93} INFO - hey, I am task2 and will be running after the task1
[2023-02-02T09:30:24.601+0000] {subprocess.py:97} INFO - Command exited with return code 0
[2023-02-02T09:30:25.748+0000] {taskinstance.py:1323} INFO - Marking task as SUCCESS. dag_id=our_first_dag_v3, task_id=second_task, execution_date=20210907T000000, start_date=20230202T092955, end_date=20230202T093025
[2023-02-02T09:30:27.271+0000] {local_task_job.py:208} INFO - Task exited with return code 0
[2023-02-02T09:30:28.052+0000] {taskinstance.py:2578} INFO - 0 downstream tasks scheduled from follow-on schedule check
