[2023-02-02T05:14:26.131+0000] {taskinstance.py:1083} INFO - Dependencies all met for <TaskInstance: our_first_dag_v4.first_task scheduled__2021-11-27T00:00:00+00:00 [queued]>
[2023-02-02T05:14:26.161+0000] {taskinstance.py:1083} INFO - Dependencies all met for <TaskInstance: our_first_dag_v4.first_task scheduled__2021-11-27T00:00:00+00:00 [queued]>
[2023-02-02T05:14:26.163+0000] {taskinstance.py:1279} INFO - 
--------------------------------------------------------------------------------
[2023-02-02T05:14:26.165+0000] {taskinstance.py:1280} INFO - Starting attempt 1 of 6
[2023-02-02T05:14:26.167+0000] {taskinstance.py:1281} INFO - 
--------------------------------------------------------------------------------
[2023-02-02T05:14:26.220+0000] {taskinstance.py:1300} INFO - Executing <Task(BashOperator): first_task> on 2021-11-27 00:00:00+00:00
[2023-02-02T05:14:26.236+0000] {standard_task_runner.py:55} INFO - Started process 3908 to run task
[2023-02-02T05:14:26.250+0000] {standard_task_runner.py:82} INFO - Running: ['***', 'tasks', 'run', 'our_first_dag_v4', 'first_task', 'scheduled__2021-11-27T00:00:00+00:00', '--job-id', '386', '--raw', '--subdir', 'DAGS_FOLDER/our_first_dag.py', '--cfg-path', '/tmp/tmpg9ncul5e']
[2023-02-02T05:14:26.252+0000] {standard_task_runner.py:83} INFO - Job 386: Subtask first_task
[2023-02-02T05:14:26.426+0000] {task_command.py:388} INFO - Running <TaskInstance: our_first_dag_v4.first_task scheduled__2021-11-27T00:00:00+00:00 [running]> on host 178c757a8fee
[2023-02-02T05:14:26.641+0000] {taskinstance.py:1509} INFO - Exporting the following env vars:
AIRFLOW_CTX_DAG_OWNER=archana
AIRFLOW_CTX_DAG_ID=our_first_dag_v4
AIRFLOW_CTX_TASK_ID=first_task
AIRFLOW_CTX_EXECUTION_DATE=2021-11-27T00:00:00+00:00
AIRFLOW_CTX_TRY_NUMBER=1
AIRFLOW_CTX_DAG_RUN_ID=scheduled__2021-11-27T00:00:00+00:00
[2023-02-02T05:14:26.645+0000] {subprocess.py:63} INFO - Tmp dir root location: 
 /tmp
[2023-02-02T05:14:26.648+0000] {subprocess.py:75} INFO - Running command: ['/bin/bash', '-c', 'echo hello world, this is the first task!']
[2023-02-02T05:14:26.685+0000] {subprocess.py:86} INFO - Output:
[2023-02-02T05:14:26.692+0000] {subprocess.py:93} INFO - hello world, this is the first task!
[2023-02-02T05:14:26.697+0000] {subprocess.py:97} INFO - Command exited with return code 0
[2023-02-02T05:14:26.823+0000] {taskinstance.py:1323} INFO - Marking task as SUCCESS. dag_id=our_first_dag_v4, task_id=first_task, execution_date=20211127T000000, start_date=20230202T051426, end_date=20230202T051426
[2023-02-02T05:14:27.043+0000] {local_task_job.py:208} INFO - Task exited with return code 0
[2023-02-02T05:14:27.267+0000] {taskinstance.py:2578} INFO - 2 downstream tasks scheduled from follow-on schedule check
