[2023-02-02T11:18:56.915+0000] {taskinstance.py:1083} INFO - Dependencies all met for <TaskInstance: dag_with_catchup_backfill_v1.task1 scheduled__2022-11-02T00:00:00+00:00 [queued]>
[2023-02-02T11:19:09.850+0000] {taskinstance.py:1083} INFO - Dependencies all met for <TaskInstance: dag_with_catchup_backfill_v1.task1 scheduled__2022-11-02T00:00:00+00:00 [queued]>
[2023-02-02T11:19:09.900+0000] {taskinstance.py:1279} INFO - 
--------------------------------------------------------------------------------
[2023-02-02T11:19:09.919+0000] {taskinstance.py:1280} INFO - Starting attempt 3 of 6
[2023-02-02T11:19:09.943+0000] {taskinstance.py:1281} INFO - 
--------------------------------------------------------------------------------
[2023-02-02T11:19:20.081+0000] {taskinstance.py:1300} INFO - Executing <Task(BashOperator): task1> on 2022-11-02 00:00:00+00:00
[2023-02-02T11:19:22.313+0000] {standard_task_runner.py:55} INFO - Started process 8900 to run task
[2023-02-02T11:19:24.287+0000] {standard_task_runner.py:82} INFO - Running: ['***', 'tasks', 'run', 'dag_with_catchup_backfill_v1', 'task1', 'scheduled__2022-11-02T00:00:00+00:00', '--job-id', '1047', '--raw', '--subdir', 'DAGS_FOLDER/dag_with_catchup_and_backfill.py', '--cfg-path', '/tmp/tmpvficqwj1']
[2023-02-02T11:19:24.898+0000] {standard_task_runner.py:83} INFO - Job 1047: Subtask task1
[2023-02-02T11:19:32.429+0000] {task_command.py:388} INFO - Running <TaskInstance: dag_with_catchup_backfill_v1.task1 scheduled__2022-11-02T00:00:00+00:00 [running]> on host 178c757a8fee
[2023-02-02T11:19:34.098+0000] {taskinstance.py:1509} INFO - Exporting the following env vars:
AIRFLOW_CTX_DAG_OWNER=archana
AIRFLOW_CTX_DAG_ID=dag_with_catchup_backfill_v1
AIRFLOW_CTX_TASK_ID=task1
AIRFLOW_CTX_EXECUTION_DATE=2022-11-02T00:00:00+00:00
AIRFLOW_CTX_TRY_NUMBER=3
AIRFLOW_CTX_DAG_RUN_ID=scheduled__2022-11-02T00:00:00+00:00
[2023-02-02T11:19:34.130+0000] {subprocess.py:63} INFO - Tmp dir root location: 
 /tmp
[2023-02-02T11:19:34.145+0000] {subprocess.py:75} INFO - Running command: ['/bin/bash', '-c', 'This is a simple Bash Command!']
[2023-02-02T11:19:34.651+0000] {subprocess.py:86} INFO - Output:
[2023-02-02T11:19:34.712+0000] {subprocess.py:93} INFO - /bin/bash: line 1: This: command not found
[2023-02-02T11:19:34.816+0000] {subprocess.py:97} INFO - Command exited with return code 127
[2023-02-02T11:19:35.137+0000] {taskinstance.py:1768} ERROR - Task failed with exception
Traceback (most recent call last):
  File "/home/airflow/.local/lib/python3.7/site-packages/airflow/operators/bash.py", line 197, in execute
    f"Bash command failed. The command returned a non-zero exit code {result.exit_code}."
airflow.exceptions.AirflowException: Bash command failed. The command returned a non-zero exit code 127.
[2023-02-02T11:19:35.335+0000] {taskinstance.py:1323} INFO - Marking task as UP_FOR_RETRY. dag_id=dag_with_catchup_backfill_v1, task_id=task1, execution_date=20221102T000000, start_date=20230202T111900, end_date=20230202T111935
[2023-02-02T11:19:36.352+0000] {standard_task_runner.py:105} ERROR - Failed to execute job 1047 for task task1 (Bash command failed. The command returned a non-zero exit code 127.; 8900)
[2023-02-02T11:19:37.109+0000] {local_task_job.py:208} INFO - Task exited with return code 1
[2023-02-02T11:19:37.739+0000] {taskinstance.py:2578} INFO - 0 downstream tasks scheduled from follow-on schedule check
