[2023-02-02T10:24:38.047+0000] {taskinstance.py:1083} INFO - Dependencies all met for <TaskInstance: dag_with_taskflow_api_v01.get_age scheduled__2023-01-31T00:00:00+00:00 [queued]>
[2023-02-02T10:24:38.089+0000] {taskinstance.py:1083} INFO - Dependencies all met for <TaskInstance: dag_with_taskflow_api_v01.get_age scheduled__2023-01-31T00:00:00+00:00 [queued]>
[2023-02-02T10:24:38.091+0000] {taskinstance.py:1279} INFO - 
--------------------------------------------------------------------------------
[2023-02-02T10:24:38.092+0000] {taskinstance.py:1280} INFO - Starting attempt 1 of 6
[2023-02-02T10:24:38.093+0000] {taskinstance.py:1281} INFO - 
--------------------------------------------------------------------------------
[2023-02-02T10:24:38.127+0000] {taskinstance.py:1300} INFO - Executing <Task(_PythonDecoratedOperator): get_age> on 2023-01-31 00:00:00+00:00
[2023-02-02T10:24:38.146+0000] {standard_task_runner.py:55} INFO - Started process 6240 to run task
[2023-02-02T10:24:38.171+0000] {standard_task_runner.py:82} INFO - Running: ['***', 'tasks', 'run', 'dag_with_taskflow_api_v01', 'get_age', 'scheduled__2023-01-31T00:00:00+00:00', '--job-id', '990', '--raw', '--subdir', 'DAGS_FOLDER/dag_with_taskflow_api.py', '--cfg-path', '/tmp/tmp4mv1q_5r']
[2023-02-02T10:24:38.174+0000] {standard_task_runner.py:83} INFO - Job 990: Subtask get_age
[2023-02-02T10:24:38.896+0000] {task_command.py:388} INFO - Running <TaskInstance: dag_with_taskflow_api_v01.get_age scheduled__2023-01-31T00:00:00+00:00 [running]> on host 178c757a8fee
[2023-02-02T10:24:39.913+0000] {taskinstance.py:1509} INFO - Exporting the following env vars:
AIRFLOW_CTX_DAG_OWNER=archana
AIRFLOW_CTX_DAG_ID=dag_with_taskflow_api_v01
AIRFLOW_CTX_TASK_ID=get_age
AIRFLOW_CTX_EXECUTION_DATE=2023-01-31T00:00:00+00:00
AIRFLOW_CTX_TRY_NUMBER=1
AIRFLOW_CTX_DAG_RUN_ID=scheduled__2023-01-31T00:00:00+00:00
[2023-02-02T10:24:39.968+0000] {python.py:177} INFO - Done. Returned value was: 3
[2023-02-02T10:24:40.363+0000] {taskinstance.py:1323} INFO - Marking task as SUCCESS. dag_id=dag_with_taskflow_api_v01, task_id=get_age, execution_date=20230131T000000, start_date=20230202T102438, end_date=20230202T102440
[2023-02-02T10:24:40.824+0000] {local_task_job.py:208} INFO - Task exited with return code 0
[2023-02-02T10:24:41.233+0000] {taskinstance.py:2578} INFO - 1 downstream tasks scheduled from follow-on schedule check
