[2023-02-02T09:23:57.627+0000] {taskinstance.py:1083} INFO - Dependencies all met for <TaskInstance: our_first_dag_v3.second_task scheduled__2021-08-26T00:00:00+00:00 [queued]>
[2023-02-02T09:23:57.839+0000] {taskinstance.py:1083} INFO - Dependencies all met for <TaskInstance: our_first_dag_v3.second_task scheduled__2021-08-26T00:00:00+00:00 [queued]>
[2023-02-02T09:23:57.846+0000] {taskinstance.py:1279} INFO - 
--------------------------------------------------------------------------------
[2023-02-02T09:23:57.852+0000] {taskinstance.py:1280} INFO - Starting attempt 1 of 6
[2023-02-02T09:23:57.855+0000] {taskinstance.py:1281} INFO - 
--------------------------------------------------------------------------------
[2023-02-02T09:23:59.152+0000] {taskinstance.py:1300} INFO - Executing <Task(BashOperator): second_task> on 2021-08-26 00:00:00+00:00
[2023-02-02T09:23:59.408+0000] {standard_task_runner.py:55} INFO - Started process 3137 to run task
[2023-02-02T09:23:59.820+0000] {standard_task_runner.py:82} INFO - Running: ['***', 'tasks', 'run', 'our_first_dag_v3', 'second_task', 'scheduled__2021-08-26T00:00:00+00:00', '--job-id', '914', '--raw', '--subdir', 'DAGS_FOLDER/third_dag.py', '--cfg-path', '/tmp/tmp39s1p8s6']
[2023-02-02T09:23:59.876+0000] {standard_task_runner.py:83} INFO - Job 914: Subtask second_task
[2023-02-02T09:24:01.981+0000] {task_command.py:388} INFO - Running <TaskInstance: our_first_dag_v3.second_task scheduled__2021-08-26T00:00:00+00:00 [running]> on host 178c757a8fee
[2023-02-02T09:24:05.669+0000] {taskinstance.py:1509} INFO - Exporting the following env vars:
AIRFLOW_CTX_DAG_OWNER=archana
AIRFLOW_CTX_DAG_ID=our_first_dag_v3
AIRFLOW_CTX_TASK_ID=second_task
AIRFLOW_CTX_EXECUTION_DATE=2021-08-26T00:00:00+00:00
AIRFLOW_CTX_TRY_NUMBER=1
AIRFLOW_CTX_DAG_RUN_ID=scheduled__2021-08-26T00:00:00+00:00
[2023-02-02T09:24:05.885+0000] {subprocess.py:63} INFO - Tmp dir root location: 
 /tmp
[2023-02-02T09:24:05.985+0000] {subprocess.py:75} INFO - Running command: ['/bin/bash', '-c', 'echo hey, I am task2 and will be running after the task1']
[2023-02-02T09:24:06.871+0000] {subprocess.py:86} INFO - Output:
[2023-02-02T09:24:07.051+0000] {subprocess.py:93} INFO - hey, I am task2 and will be running after the task1
[2023-02-02T09:24:07.117+0000] {subprocess.py:97} INFO - Command exited with return code 0
[2023-02-02T09:24:07.877+0000] {taskinstance.py:1323} INFO - Marking task as SUCCESS. dag_id=our_first_dag_v3, task_id=second_task, execution_date=20210826T000000, start_date=20230202T092357, end_date=20230202T092407
[2023-02-02T09:24:12.973+0000] {local_task_job.py:208} INFO - Task exited with return code 0
[2023-02-02T09:24:15.798+0000] {taskinstance.py:2578} INFO - 0 downstream tasks scheduled from follow-on schedule check
