[2023-02-02T12:46:55.365+0000] {taskinstance.py:1083} INFO - Dependencies all met for <TaskInstance: dag_with_catchup_backfill_v2.task1 backfill__2021-11-03T00:00:00+00:00 [queued]>
[2023-02-02T12:46:55.442+0000] {taskinstance.py:1083} INFO - Dependencies all met for <TaskInstance: dag_with_catchup_backfill_v2.task1 backfill__2021-11-03T00:00:00+00:00 [queued]>
[2023-02-02T12:46:55.445+0000] {taskinstance.py:1279} INFO - 
--------------------------------------------------------------------------------
[2023-02-02T12:46:55.448+0000] {taskinstance.py:1280} INFO - Starting attempt 1 of 6
[2023-02-02T12:46:55.449+0000] {taskinstance.py:1281} INFO - 
--------------------------------------------------------------------------------
[2023-02-02T12:46:55.571+0000] {taskinstance.py:1300} INFO - Executing <Task(BashOperator): task1> on 2021-11-03 00:00:00+00:00
[2023-02-02T12:46:55.685+0000] {standard_task_runner.py:55} INFO - Started process 12112 to run task
[2023-02-02T12:46:55.746+0000] {standard_task_runner.py:82} INFO - Running: ['***', 'tasks', 'run', 'dag_with_catchup_backfill_v2', 'task1', 'backfill__2021-11-03T00:00:00+00:00', '--job-id', '1205', '--pool', 'default_pool', '--raw', '--subdir', 'DAGS_FOLDER/dag_with_catchup_and_backfill.py', '--cfg-path', '/tmp/tmpeq3kbvzc']
[2023-02-02T12:46:55.755+0000] {standard_task_runner.py:83} INFO - Job 1205: Subtask task1
[2023-02-02T12:46:56.442+0000] {task_command.py:388} INFO - Running <TaskInstance: dag_with_catchup_backfill_v2.task1 backfill__2021-11-03T00:00:00+00:00 [running]> on host 178c757a8fee
[2023-02-02T12:46:57.433+0000] {taskinstance.py:1509} INFO - Exporting the following env vars:
AIRFLOW_CTX_DAG_OWNER=archana
AIRFLOW_CTX_DAG_ID=dag_with_catchup_backfill_v2
AIRFLOW_CTX_TASK_ID=task1
AIRFLOW_CTX_EXECUTION_DATE=2021-11-03T00:00:00+00:00
AIRFLOW_CTX_TRY_NUMBER=1
AIRFLOW_CTX_DAG_RUN_ID=backfill__2021-11-03T00:00:00+00:00
[2023-02-02T12:46:57.562+0000] {subprocess.py:63} INFO - Tmp dir root location: 
 /tmp
[2023-02-02T12:46:57.565+0000] {subprocess.py:75} INFO - Running command: ['/bin/bash', '-c', 'This is a simple Bash Command!']
[2023-02-02T12:46:57.808+0000] {subprocess.py:86} INFO - Output:
[2023-02-02T12:46:57.860+0000] {subprocess.py:93} INFO - /bin/bash: line 1: This: command not found
[2023-02-02T12:46:57.929+0000] {subprocess.py:97} INFO - Command exited with return code 127
[2023-02-02T12:46:58.087+0000] {taskinstance.py:1768} ERROR - Task failed with exception
Traceback (most recent call last):
  File "/home/airflow/.local/lib/python3.7/site-packages/airflow/operators/bash.py", line 197, in execute
    f"Bash command failed. The command returned a non-zero exit code {result.exit_code}."
airflow.exceptions.AirflowException: Bash command failed. The command returned a non-zero exit code 127.
[2023-02-02T12:46:58.184+0000] {taskinstance.py:1323} INFO - Marking task as UP_FOR_RETRY. dag_id=dag_with_catchup_backfill_v2, task_id=task1, execution_date=20211103T000000, start_date=20230202T124655, end_date=20230202T124658
[2023-02-02T12:46:58.384+0000] {standard_task_runner.py:105} ERROR - Failed to execute job 1205 for task task1 (Bash command failed. The command returned a non-zero exit code 127.; 12112)
[2023-02-02T12:46:58.489+0000] {local_task_job.py:208} INFO - Task exited with return code 1
[2023-02-02T12:46:58.554+0000] {taskinstance.py:2578} INFO - 0 downstream tasks scheduled from follow-on schedule check
