[2023-02-02T09:25:51.773+0000] {taskinstance.py:1083} INFO - Dependencies all met for <TaskInstance: our_first_dag_v3.third_task scheduled__2021-08-31T00:00:00+00:00 [queued]>
[2023-02-02T09:25:52.303+0000] {taskinstance.py:1083} INFO - Dependencies all met for <TaskInstance: our_first_dag_v3.third_task scheduled__2021-08-31T00:00:00+00:00 [queued]>
[2023-02-02T09:25:52.333+0000] {taskinstance.py:1279} INFO - 
--------------------------------------------------------------------------------
[2023-02-02T09:25:52.354+0000] {taskinstance.py:1280} INFO - Starting attempt 1 of 6
[2023-02-02T09:25:52.395+0000] {taskinstance.py:1281} INFO - 
--------------------------------------------------------------------------------
[2023-02-02T09:25:58.183+0000] {taskinstance.py:1300} INFO - Executing <Task(BashOperator): third_task> on 2021-08-31 00:00:00+00:00
[2023-02-02T09:25:58.830+0000] {standard_task_runner.py:55} INFO - Started process 3278 to run task
[2023-02-02T09:25:59.157+0000] {standard_task_runner.py:82} INFO - Running: ['***', 'tasks', 'run', 'our_first_dag_v3', 'third_task', 'scheduled__2021-08-31T00:00:00+00:00', '--job-id', '942', '--raw', '--subdir', 'DAGS_FOLDER/third_dag.py', '--cfg-path', '/tmp/tmpeln7lip3']
[2023-02-02T09:25:59.163+0000] {standard_task_runner.py:83} INFO - Job 942: Subtask third_task
[2023-02-02T09:26:05.378+0000] {task_command.py:388} INFO - Running <TaskInstance: our_first_dag_v3.third_task scheduled__2021-08-31T00:00:00+00:00 [running]> on host 178c757a8fee
[2023-02-02T09:26:23.991+0000] {taskinstance.py:1509} INFO - Exporting the following env vars:
AIRFLOW_CTX_DAG_OWNER=archana
AIRFLOW_CTX_DAG_ID=our_first_dag_v3
AIRFLOW_CTX_TASK_ID=third_task
AIRFLOW_CTX_EXECUTION_DATE=2021-08-31T00:00:00+00:00
AIRFLOW_CTX_TRY_NUMBER=1
AIRFLOW_CTX_DAG_RUN_ID=scheduled__2021-08-31T00:00:00+00:00
[2023-02-02T09:26:24.052+0000] {subprocess.py:63} INFO - Tmp dir root location: 
 /tmp
[2023-02-02T09:26:24.146+0000] {subprocess.py:75} INFO - Running command: ['/bin/bash', '-c', 'echo hey, I am task3 and will be running after task1 as task2']
[2023-02-02T09:26:24.327+0000] {subprocess.py:86} INFO - Output:
[2023-02-02T09:26:24.351+0000] {subprocess.py:93} INFO - hey, I am task3 and will be running after task1 as task2
[2023-02-02T09:26:24.362+0000] {subprocess.py:97} INFO - Command exited with return code 0
[2023-02-02T09:26:26.998+0000] {taskinstance.py:1323} INFO - Marking task as SUCCESS. dag_id=our_first_dag_v3, task_id=third_task, execution_date=20210831T000000, start_date=20230202T092551, end_date=20230202T092626
[2023-02-02T09:26:34.763+0000] {local_task_job.py:208} INFO - Task exited with return code 0
[2023-02-02T09:26:46.460+0000] {taskinstance.py:2578} INFO - 0 downstream tasks scheduled from follow-on schedule check
