[2023-02-01T06:17:07.414+0000] {taskinstance.py:1083} INFO - Dependencies all met for <TaskInstance: our_first_dag.first_task scheduled__2021-08-28T00:00:00+00:00 [queued]>
[2023-02-01T06:17:07.531+0000] {taskinstance.py:1083} INFO - Dependencies all met for <TaskInstance: our_first_dag.first_task scheduled__2021-08-28T00:00:00+00:00 [queued]>
[2023-02-01T06:17:07.537+0000] {taskinstance.py:1279} INFO - 
--------------------------------------------------------------------------------
[2023-02-01T06:17:07.543+0000] {taskinstance.py:1280} INFO - Starting attempt 1 of 6
[2023-02-01T06:17:07.547+0000] {taskinstance.py:1281} INFO - 
--------------------------------------------------------------------------------
[2023-02-01T06:17:07.728+0000] {taskinstance.py:1300} INFO - Executing <Task(BashOperator): first_task> on 2021-08-28 00:00:00+00:00
[2023-02-01T06:17:07.783+0000] {standard_task_runner.py:55} INFO - Started process 2766 to run task
[2023-02-01T06:17:07.950+0000] {standard_task_runner.py:82} INFO - Running: ['***', 'tasks', 'run', 'our_first_dag', 'first_task', 'scheduled__2021-08-28T00:00:00+00:00', '--job-id', '66', '--raw', '--subdir', 'DAGS_FOLDER/our_first_dag.py', '--cfg-path', '/tmp/tmpp2_lbi_p']
[2023-02-01T06:17:08.003+0000] {standard_task_runner.py:83} INFO - Job 66: Subtask first_task
[2023-02-01T06:17:09.541+0000] {task_command.py:388} INFO - Running <TaskInstance: our_first_dag.first_task scheduled__2021-08-28T00:00:00+00:00 [running]> on host b58e6c3ede27
[2023-02-01T06:17:11.171+0000] {taskinstance.py:1509} INFO - Exporting the following env vars:
AIRFLOW_CTX_DAG_OWNER=archana
AIRFLOW_CTX_DAG_ID=our_first_dag
AIRFLOW_CTX_TASK_ID=first_task
AIRFLOW_CTX_EXECUTION_DATE=2021-08-28T00:00:00+00:00
AIRFLOW_CTX_TRY_NUMBER=1
AIRFLOW_CTX_DAG_RUN_ID=scheduled__2021-08-28T00:00:00+00:00
[2023-02-01T06:17:11.187+0000] {subprocess.py:63} INFO - Tmp dir root location: 
 /tmp
[2023-02-01T06:17:11.208+0000] {subprocess.py:75} INFO - Running command: ['/bin/bash', '-c', 'echo hello world, this is the first task!']
[2023-02-01T06:17:11.603+0000] {subprocess.py:86} INFO - Output:
[2023-02-01T06:17:11.709+0000] {subprocess.py:93} INFO - hello world, this is the first task!
[2023-02-01T06:17:11.738+0000] {subprocess.py:97} INFO - Command exited with return code 0
[2023-02-01T06:17:12.602+0000] {taskinstance.py:1323} INFO - Marking task as SUCCESS. dag_id=our_first_dag, task_id=first_task, execution_date=20210828T000000, start_date=20230201T061707, end_date=20230201T061712
[2023-02-01T06:17:15.318+0000] {local_task_job.py:208} INFO - Task exited with return code 0
[2023-02-01T06:17:15.682+0000] {taskinstance.py:2578} INFO - 0 downstream tasks scheduled from follow-on schedule check
