[2023-02-02T09:18:30.192+0000] {taskinstance.py:1083} INFO - Dependencies all met for <TaskInstance: our_first_dag_v4.first_task scheduled__2022-02-23T00:00:00+00:00 [queued]>
[2023-02-02T09:18:30.456+0000] {taskinstance.py:1083} INFO - Dependencies all met for <TaskInstance: our_first_dag_v4.first_task scheduled__2022-02-23T00:00:00+00:00 [queued]>
[2023-02-02T09:18:30.470+0000] {taskinstance.py:1279} INFO - 
--------------------------------------------------------------------------------
[2023-02-02T09:18:30.480+0000] {taskinstance.py:1280} INFO - Starting attempt 1 of 6
[2023-02-02T09:18:30.491+0000] {taskinstance.py:1281} INFO - 
--------------------------------------------------------------------------------
[2023-02-02T09:18:30.901+0000] {taskinstance.py:1300} INFO - Executing <Task(BashOperator): first_task> on 2022-02-23 00:00:00+00:00
[2023-02-02T09:18:31.137+0000] {standard_task_runner.py:55} INFO - Started process 2596 to run task
[2023-02-02T09:18:31.500+0000] {standard_task_runner.py:82} INFO - Running: ['***', 'tasks', 'run', 'our_first_dag_v4', 'first_task', 'scheduled__2022-02-23T00:00:00+00:00', '--job-id', '780', '--raw', '--subdir', 'DAGS_FOLDER/forth_dag.py', '--cfg-path', '/tmp/tmpql3n1oro']
[2023-02-02T09:18:31.597+0000] {standard_task_runner.py:83} INFO - Job 780: Subtask first_task
[2023-02-02T09:18:36.399+0000] {task_command.py:388} INFO - Running <TaskInstance: our_first_dag_v4.first_task scheduled__2022-02-23T00:00:00+00:00 [running]> on host 178c757a8fee
[2023-02-02T09:18:40.084+0000] {taskinstance.py:1509} INFO - Exporting the following env vars:
AIRFLOW_CTX_DAG_OWNER=archana
AIRFLOW_CTX_DAG_ID=our_first_dag_v4
AIRFLOW_CTX_TASK_ID=first_task
AIRFLOW_CTX_EXECUTION_DATE=2022-02-23T00:00:00+00:00
AIRFLOW_CTX_TRY_NUMBER=1
AIRFLOW_CTX_DAG_RUN_ID=scheduled__2022-02-23T00:00:00+00:00
[2023-02-02T09:18:40.130+0000] {subprocess.py:63} INFO - Tmp dir root location: 
 /tmp
[2023-02-02T09:18:40.148+0000] {subprocess.py:75} INFO - Running command: ['/bin/bash', '-c', 'echo hello world, this is the first task!']
[2023-02-02T09:18:40.732+0000] {subprocess.py:86} INFO - Output:
[2023-02-02T09:18:40.755+0000] {subprocess.py:93} INFO - hello world, this is the first task!
[2023-02-02T09:18:40.759+0000] {subprocess.py:97} INFO - Command exited with return code 0
[2023-02-02T09:18:42.089+0000] {taskinstance.py:1323} INFO - Marking task as SUCCESS. dag_id=our_first_dag_v4, task_id=first_task, execution_date=20220223T000000, start_date=20230202T091830, end_date=20230202T091841
[2023-02-02T09:18:48.461+0000] {local_task_job.py:208} INFO - Task exited with return code 0
[2023-02-02T09:18:50.665+0000] {taskinstance.py:2578} INFO - 0 downstream tasks scheduled from follow-on schedule check
