[2023-02-01T06:18:21.106+0000] {taskinstance.py:1083} INFO - Dependencies all met for <TaskInstance: our_first_dag.first_task scheduled__2021-09-20T00:00:00+00:00 [queued]>
[2023-02-01T06:18:21.762+0000] {taskinstance.py:1083} INFO - Dependencies all met for <TaskInstance: our_first_dag.first_task scheduled__2021-09-20T00:00:00+00:00 [queued]>
[2023-02-01T06:18:21.818+0000] {taskinstance.py:1279} INFO - 
--------------------------------------------------------------------------------
[2023-02-01T06:18:21.830+0000] {taskinstance.py:1280} INFO - Starting attempt 1 of 6
[2023-02-01T06:18:21.838+0000] {taskinstance.py:1281} INFO - 
--------------------------------------------------------------------------------
[2023-02-01T06:18:22.218+0000] {taskinstance.py:1300} INFO - Executing <Task(BashOperator): first_task> on 2021-09-20 00:00:00+00:00
[2023-02-01T06:18:22.519+0000] {standard_task_runner.py:55} INFO - Started process 2880 to run task
[2023-02-01T06:18:22.943+0000] {standard_task_runner.py:82} INFO - Running: ['***', 'tasks', 'run', 'our_first_dag', 'first_task', 'scheduled__2021-09-20T00:00:00+00:00', '--job-id', '89', '--raw', '--subdir', 'DAGS_FOLDER/our_first_dag.py', '--cfg-path', '/tmp/tmp9cr4rlev']
[2023-02-01T06:18:23.000+0000] {standard_task_runner.py:83} INFO - Job 89: Subtask first_task
[2023-02-01T06:18:24.837+0000] {task_command.py:388} INFO - Running <TaskInstance: our_first_dag.first_task scheduled__2021-09-20T00:00:00+00:00 [running]> on host b58e6c3ede27
[2023-02-01T06:18:29.964+0000] {taskinstance.py:1509} INFO - Exporting the following env vars:
AIRFLOW_CTX_DAG_OWNER=archana
AIRFLOW_CTX_DAG_ID=our_first_dag
AIRFLOW_CTX_TASK_ID=first_task
AIRFLOW_CTX_EXECUTION_DATE=2021-09-20T00:00:00+00:00
AIRFLOW_CTX_TRY_NUMBER=1
AIRFLOW_CTX_DAG_RUN_ID=scheduled__2021-09-20T00:00:00+00:00
[2023-02-01T06:18:29.987+0000] {subprocess.py:63} INFO - Tmp dir root location: 
 /tmp
[2023-02-01T06:18:29.992+0000] {subprocess.py:75} INFO - Running command: ['/bin/bash', '-c', 'echo hello world, this is the first task!']
[2023-02-01T06:18:30.392+0000] {subprocess.py:86} INFO - Output:
[2023-02-01T06:18:30.452+0000] {subprocess.py:93} INFO - hello world, this is the first task!
[2023-02-01T06:18:30.488+0000] {subprocess.py:97} INFO - Command exited with return code 0
[2023-02-01T06:18:32.012+0000] {taskinstance.py:1323} INFO - Marking task as SUCCESS. dag_id=our_first_dag, task_id=first_task, execution_date=20210920T000000, start_date=20230201T061821, end_date=20230201T061832
[2023-02-01T06:18:35.868+0000] {local_task_job.py:208} INFO - Task exited with return code 0
[2023-02-01T06:18:36.753+0000] {taskinstance.py:2578} INFO - 0 downstream tasks scheduled from follow-on schedule check
