[2023-02-02T10:37:40.678+0000] {taskinstance.py:1083} INFO - Dependencies all met for <TaskInstance: dag_with_taskflow_api_v02.get_age scheduled__2023-02-01T00:00:00+00:00 [queued]>
[2023-02-02T10:37:40.752+0000] {taskinstance.py:1083} INFO - Dependencies all met for <TaskInstance: dag_with_taskflow_api_v02.get_age scheduled__2023-02-01T00:00:00+00:00 [queued]>
[2023-02-02T10:37:40.754+0000] {taskinstance.py:1279} INFO - 
--------------------------------------------------------------------------------
[2023-02-02T10:37:40.755+0000] {taskinstance.py:1280} INFO - Starting attempt 1 of 6
[2023-02-02T10:37:40.757+0000] {taskinstance.py:1281} INFO - 
--------------------------------------------------------------------------------
[2023-02-02T10:37:40.793+0000] {taskinstance.py:1300} INFO - Executing <Task(_PythonDecoratedOperator): get_age> on 2023-02-01 00:00:00+00:00
[2023-02-02T10:37:40.843+0000] {standard_task_runner.py:55} INFO - Started process 6989 to run task
[2023-02-02T10:37:40.877+0000] {standard_task_runner.py:82} INFO - Running: ['***', 'tasks', 'run', 'dag_with_taskflow_api_v02', 'get_age', 'scheduled__2023-02-01T00:00:00+00:00', '--job-id', '999', '--raw', '--subdir', 'DAGS_FOLDER/dag_with_taskflow_api2.py', '--cfg-path', '/tmp/tmpng4mlfbc']
[2023-02-02T10:37:40.882+0000] {standard_task_runner.py:83} INFO - Job 999: Subtask get_age
[2023-02-02T10:37:41.125+0000] {task_command.py:388} INFO - Running <TaskInstance: dag_with_taskflow_api_v02.get_age scheduled__2023-02-01T00:00:00+00:00 [running]> on host 178c757a8fee
[2023-02-02T10:37:41.382+0000] {taskinstance.py:1509} INFO - Exporting the following env vars:
AIRFLOW_CTX_DAG_OWNER=archana
AIRFLOW_CTX_DAG_ID=dag_with_taskflow_api_v02
AIRFLOW_CTX_TASK_ID=get_age
AIRFLOW_CTX_EXECUTION_DATE=2023-02-01T00:00:00+00:00
AIRFLOW_CTX_TRY_NUMBER=1
AIRFLOW_CTX_DAG_RUN_ID=scheduled__2023-02-01T00:00:00+00:00
[2023-02-02T10:37:41.386+0000] {python.py:177} INFO - Done. Returned value was: 3
[2023-02-02T10:37:41.481+0000] {taskinstance.py:1323} INFO - Marking task as SUCCESS. dag_id=dag_with_taskflow_api_v02, task_id=get_age, execution_date=20230201T000000, start_date=20230202T103740, end_date=20230202T103741
[2023-02-02T10:37:41.574+0000] {local_task_job.py:208} INFO - Task exited with return code 0
[2023-02-02T10:37:41.627+0000] {taskinstance.py:2578} INFO - 1 downstream tasks scheduled from follow-on schedule check
