[2023-02-02T09:46:11.051+0000] {taskinstance.py:1083} INFO - Dependencies all met for <TaskInstance: our_first_dag_with_python_operator_v6.greet scheduled__2023-02-01T00:00:00+00:00 [queued]>
[2023-02-02T09:46:11.072+0000] {taskinstance.py:1083} INFO - Dependencies all met for <TaskInstance: our_first_dag_with_python_operator_v6.greet scheduled__2023-02-01T00:00:00+00:00 [queued]>
[2023-02-02T09:46:11.072+0000] {taskinstance.py:1279} INFO - 
--------------------------------------------------------------------------------
[2023-02-02T09:46:11.073+0000] {taskinstance.py:1280} INFO - Starting attempt 1 of 6
[2023-02-02T09:46:11.074+0000] {taskinstance.py:1281} INFO - 
--------------------------------------------------------------------------------
[2023-02-02T09:46:11.096+0000] {taskinstance.py:1300} INFO - Executing <Task(PythonOperator): greet> on 2023-02-01 00:00:00+00:00
[2023-02-02T09:46:11.108+0000] {standard_task_runner.py:55} INFO - Started process 4396 to run task
[2023-02-02T09:46:11.125+0000] {standard_task_runner.py:82} INFO - Running: ['***', 'tasks', 'run', 'our_first_dag_with_python_operator_v6', 'greet', 'scheduled__2023-02-01T00:00:00+00:00', '--job-id', '989', '--raw', '--subdir', 'DAGS_FOLDER/dag_with_po6.py', '--cfg-path', '/tmp/tmp8_kdxgpt']
[2023-02-02T09:46:11.127+0000] {standard_task_runner.py:83} INFO - Job 989: Subtask greet
[2023-02-02T09:46:11.308+0000] {task_command.py:388} INFO - Running <TaskInstance: our_first_dag_with_python_operator_v6.greet scheduled__2023-02-01T00:00:00+00:00 [running]> on host 178c757a8fee
[2023-02-02T09:46:11.483+0000] {taskinstance.py:1509} INFO - Exporting the following env vars:
AIRFLOW_CTX_DAG_OWNER=Archana
AIRFLOW_CTX_DAG_ID=our_first_dag_with_python_operator_v6
AIRFLOW_CTX_TASK_ID=greet
AIRFLOW_CTX_EXECUTION_DATE=2023-02-01T00:00:00+00:00
AIRFLOW_CTX_TRY_NUMBER=1
AIRFLOW_CTX_DAG_RUN_ID=scheduled__2023-02-01T00:00:00+00:00
[2023-02-02T09:46:11.582+0000] {logging_mixin.py:137} INFO - Hello World! My name is Avani Karpe, and I am 6 years old!
[2023-02-02T09:46:11.584+0000] {python.py:177} INFO - Done. Returned value was: None
[2023-02-02T09:46:11.608+0000] {taskinstance.py:1323} INFO - Marking task as SUCCESS. dag_id=our_first_dag_with_python_operator_v6, task_id=greet, execution_date=20230201T000000, start_date=20230202T094611, end_date=20230202T094611
[2023-02-02T09:46:11.692+0000] {local_task_job.py:208} INFO - Task exited with return code 0
[2023-02-02T09:46:11.737+0000] {taskinstance.py:2578} INFO - 0 downstream tasks scheduled from follow-on schedule check
