[2023-02-02T09:20:47.637+0000] {taskinstance.py:1083} INFO - Dependencies all met for <TaskInstance: our_first_dag_v2.first_task scheduled__2021-08-25T00:00:00+00:00 [queued]>
[2023-02-02T09:20:48.318+0000] {taskinstance.py:1083} INFO - Dependencies all met for <TaskInstance: our_first_dag_v2.first_task scheduled__2021-08-25T00:00:00+00:00 [queued]>
[2023-02-02T09:20:48.443+0000] {taskinstance.py:1279} INFO - 
--------------------------------------------------------------------------------
[2023-02-02T09:20:48.449+0000] {taskinstance.py:1280} INFO - Starting attempt 1 of 6
[2023-02-02T09:20:48.477+0000] {taskinstance.py:1281} INFO - 
--------------------------------------------------------------------------------
[2023-02-02T09:20:52.134+0000] {taskinstance.py:1300} INFO - Executing <Task(BashOperator): first_task> on 2021-08-25 00:00:00+00:00
[2023-02-02T09:20:53.152+0000] {standard_task_runner.py:55} INFO - Started process 2815 to run task
[2023-02-02T09:20:53.865+0000] {standard_task_runner.py:82} INFO - Running: ['***', 'tasks', 'run', 'our_first_dag_v2', 'first_task', 'scheduled__2021-08-25T00:00:00+00:00', '--job-id', '833', '--raw', '--subdir', 'DAGS_FOLDER/second_dag.py', '--cfg-path', '/tmp/tmpvhwo4gex']
[2023-02-02T09:20:53.952+0000] {standard_task_runner.py:83} INFO - Job 833: Subtask first_task
[2023-02-02T09:20:58.247+0000] {task_command.py:388} INFO - Running <TaskInstance: our_first_dag_v2.first_task scheduled__2021-08-25T00:00:00+00:00 [running]> on host 178c757a8fee
[2023-02-02T09:21:00.851+0000] {taskinstance.py:1509} INFO - Exporting the following env vars:
AIRFLOW_CTX_DAG_OWNER=archana
AIRFLOW_CTX_DAG_ID=our_first_dag_v2
AIRFLOW_CTX_TASK_ID=first_task
AIRFLOW_CTX_EXECUTION_DATE=2021-08-25T00:00:00+00:00
AIRFLOW_CTX_TRY_NUMBER=1
AIRFLOW_CTX_DAG_RUN_ID=scheduled__2021-08-25T00:00:00+00:00
[2023-02-02T09:21:00.872+0000] {subprocess.py:63} INFO - Tmp dir root location: 
 /tmp
[2023-02-02T09:21:00.876+0000] {subprocess.py:75} INFO - Running command: ['/bin/bash', '-c', 'echo hello world, this is the first task!']
[2023-02-02T09:21:01.387+0000] {subprocess.py:86} INFO - Output:
[2023-02-02T09:21:01.480+0000] {subprocess.py:93} INFO - hello world, this is the first task!
[2023-02-02T09:21:01.502+0000] {subprocess.py:97} INFO - Command exited with return code 0
[2023-02-02T09:21:03.250+0000] {taskinstance.py:1323} INFO - Marking task as SUCCESS. dag_id=our_first_dag_v2, task_id=first_task, execution_date=20210825T000000, start_date=20230202T092047, end_date=20230202T092103
[2023-02-02T09:21:05.650+0000] {local_task_job.py:208} INFO - Task exited with return code 0
[2023-02-02T09:21:06.218+0000] {taskinstance.py:2578} INFO - 0 downstream tasks scheduled from follow-on schedule check
