[2023-02-02T09:24:40.655+0000] {taskinstance.py:1083} INFO - Dependencies all met for <TaskInstance: our_first_dag_v3.second_task scheduled__2021-08-29T00:00:00+00:00 [queued]>
[2023-02-02T09:24:42.103+0000] {taskinstance.py:1083} INFO - Dependencies all met for <TaskInstance: our_first_dag_v3.second_task scheduled__2021-08-29T00:00:00+00:00 [queued]>
[2023-02-02T09:24:42.120+0000] {taskinstance.py:1279} INFO - 
--------------------------------------------------------------------------------
[2023-02-02T09:24:42.122+0000] {taskinstance.py:1280} INFO - Starting attempt 1 of 6
[2023-02-02T09:24:42.123+0000] {taskinstance.py:1281} INFO - 
--------------------------------------------------------------------------------
[2023-02-02T09:24:42.653+0000] {taskinstance.py:1300} INFO - Executing <Task(BashOperator): second_task> on 2021-08-29 00:00:00+00:00
[2023-02-02T09:24:43.088+0000] {standard_task_runner.py:55} INFO - Started process 3199 to run task
[2023-02-02T09:24:43.652+0000] {standard_task_runner.py:82} INFO - Running: ['***', 'tasks', 'run', 'our_first_dag_v3', 'second_task', 'scheduled__2021-08-29T00:00:00+00:00', '--job-id', '928', '--raw', '--subdir', 'DAGS_FOLDER/third_dag.py', '--cfg-path', '/tmp/tmpdohiux73']
[2023-02-02T09:24:43.678+0000] {standard_task_runner.py:83} INFO - Job 928: Subtask second_task
[2023-02-02T09:24:50.051+0000] {task_command.py:388} INFO - Running <TaskInstance: our_first_dag_v3.second_task scheduled__2021-08-29T00:00:00+00:00 [running]> on host 178c757a8fee
[2023-02-02T09:24:56.871+0000] {taskinstance.py:1509} INFO - Exporting the following env vars:
AIRFLOW_CTX_DAG_OWNER=archana
AIRFLOW_CTX_DAG_ID=our_first_dag_v3
AIRFLOW_CTX_TASK_ID=second_task
AIRFLOW_CTX_EXECUTION_DATE=2021-08-29T00:00:00+00:00
AIRFLOW_CTX_TRY_NUMBER=1
AIRFLOW_CTX_DAG_RUN_ID=scheduled__2021-08-29T00:00:00+00:00
[2023-02-02T09:24:56.891+0000] {subprocess.py:63} INFO - Tmp dir root location: 
 /tmp
[2023-02-02T09:24:56.900+0000] {subprocess.py:75} INFO - Running command: ['/bin/bash', '-c', 'echo hey, I am task2 and will be running after the task1']
[2023-02-02T09:24:57.581+0000] {subprocess.py:86} INFO - Output:
[2023-02-02T09:24:57.913+0000] {subprocess.py:93} INFO - hey, I am task2 and will be running after the task1
[2023-02-02T09:24:57.966+0000] {subprocess.py:97} INFO - Command exited with return code 0
[2023-02-02T09:25:03.363+0000] {taskinstance.py:1323} INFO - Marking task as SUCCESS. dag_id=our_first_dag_v3, task_id=second_task, execution_date=20210829T000000, start_date=20230202T092440, end_date=20230202T092503
[2023-02-02T09:25:15.551+0000] {local_task_job.py:208} INFO - Task exited with return code 0
[2023-02-02T09:25:20.659+0000] {taskinstance.py:2578} INFO - 0 downstream tasks scheduled from follow-on schedule check
