[2023-02-02T09:23:19.392+0000] {taskinstance.py:1083} INFO - Dependencies all met for <TaskInstance: our_first_dag_v2.first_task scheduled__2021-09-04T00:00:00+00:00 [queued]>
[2023-02-02T09:23:20.738+0000] {taskinstance.py:1083} INFO - Dependencies all met for <TaskInstance: our_first_dag_v2.first_task scheduled__2021-09-04T00:00:00+00:00 [queued]>
[2023-02-02T09:23:20.774+0000] {taskinstance.py:1279} INFO - 
--------------------------------------------------------------------------------
[2023-02-02T09:23:20.795+0000] {taskinstance.py:1280} INFO - Starting attempt 1 of 6
[2023-02-02T09:23:20.817+0000] {taskinstance.py:1281} INFO - 
--------------------------------------------------------------------------------
[2023-02-02T09:23:23.695+0000] {taskinstance.py:1300} INFO - Executing <Task(BashOperator): first_task> on 2021-09-04 00:00:00+00:00
[2023-02-02T09:23:24.035+0000] {standard_task_runner.py:55} INFO - Started process 3087 to run task
[2023-02-02T09:23:24.160+0000] {standard_task_runner.py:82} INFO - Running: ['***', 'tasks', 'run', 'our_first_dag_v2', 'first_task', 'scheduled__2021-09-04T00:00:00+00:00', '--job-id', '903', '--raw', '--subdir', 'DAGS_FOLDER/second_dag.py', '--cfg-path', '/tmp/tmp2y61ljl2']
[2023-02-02T09:23:24.177+0000] {standard_task_runner.py:83} INFO - Job 903: Subtask first_task
[2023-02-02T09:23:32.778+0000] {task_command.py:388} INFO - Running <TaskInstance: our_first_dag_v2.first_task scheduled__2021-09-04T00:00:00+00:00 [running]> on host 178c757a8fee
[2023-02-02T09:23:37.496+0000] {taskinstance.py:1509} INFO - Exporting the following env vars:
AIRFLOW_CTX_DAG_OWNER=archana
AIRFLOW_CTX_DAG_ID=our_first_dag_v2
AIRFLOW_CTX_TASK_ID=first_task
AIRFLOW_CTX_EXECUTION_DATE=2021-09-04T00:00:00+00:00
AIRFLOW_CTX_TRY_NUMBER=1
AIRFLOW_CTX_DAG_RUN_ID=scheduled__2021-09-04T00:00:00+00:00
[2023-02-02T09:23:37.595+0000] {subprocess.py:63} INFO - Tmp dir root location: 
 /tmp
[2023-02-02T09:23:37.643+0000] {subprocess.py:75} INFO - Running command: ['/bin/bash', '-c', 'echo hello world, this is the first task!']
[2023-02-02T09:23:38.128+0000] {subprocess.py:86} INFO - Output:
[2023-02-02T09:23:38.237+0000] {subprocess.py:93} INFO - hello world, this is the first task!
[2023-02-02T09:23:38.310+0000] {subprocess.py:97} INFO - Command exited with return code 0
[2023-02-02T09:23:39.944+0000] {taskinstance.py:1323} INFO - Marking task as SUCCESS. dag_id=our_first_dag_v2, task_id=first_task, execution_date=20210904T000000, start_date=20230202T092319, end_date=20230202T092339
[2023-02-02T09:23:42.162+0000] {local_task_job.py:208} INFO - Task exited with return code 0
[2023-02-02T09:23:43.601+0000] {taskinstance.py:2578} INFO - 0 downstream tasks scheduled from follow-on schedule check
