[2023-02-02T09:24:49.260+0000] {taskinstance.py:1083} INFO - Dependencies all met for <TaskInstance: our_first_dag_v3.second_task scheduled__2021-08-30T00:00:00+00:00 [queued]>
[2023-02-02T09:24:49.848+0000] {taskinstance.py:1083} INFO - Dependencies all met for <TaskInstance: our_first_dag_v3.second_task scheduled__2021-08-30T00:00:00+00:00 [queued]>
[2023-02-02T09:24:49.856+0000] {taskinstance.py:1279} INFO - 
--------------------------------------------------------------------------------
[2023-02-02T09:24:49.862+0000] {taskinstance.py:1280} INFO - Starting attempt 1 of 6
[2023-02-02T09:24:49.868+0000] {taskinstance.py:1281} INFO - 
--------------------------------------------------------------------------------
[2023-02-02T09:24:52.186+0000] {taskinstance.py:1300} INFO - Executing <Task(BashOperator): second_task> on 2021-08-30 00:00:00+00:00
[2023-02-02T09:24:52.733+0000] {standard_task_runner.py:55} INFO - Started process 3212 to run task
[2023-02-02T09:24:53.514+0000] {standard_task_runner.py:82} INFO - Running: ['***', 'tasks', 'run', 'our_first_dag_v3', 'second_task', 'scheduled__2021-08-30T00:00:00+00:00', '--job-id', '932', '--raw', '--subdir', 'DAGS_FOLDER/third_dag.py', '--cfg-path', '/tmp/tmp90ntrcx1']
[2023-02-02T09:24:53.731+0000] {standard_task_runner.py:83} INFO - Job 932: Subtask second_task
[2023-02-02T09:24:57.873+0000] {task_command.py:388} INFO - Running <TaskInstance: our_first_dag_v3.second_task scheduled__2021-08-30T00:00:00+00:00 [running]> on host 178c757a8fee
[2023-02-02T09:25:18.314+0000] {taskinstance.py:1509} INFO - Exporting the following env vars:
AIRFLOW_CTX_DAG_OWNER=archana
AIRFLOW_CTX_DAG_ID=our_first_dag_v3
AIRFLOW_CTX_TASK_ID=second_task
AIRFLOW_CTX_EXECUTION_DATE=2021-08-30T00:00:00+00:00
AIRFLOW_CTX_TRY_NUMBER=1
AIRFLOW_CTX_DAG_RUN_ID=scheduled__2021-08-30T00:00:00+00:00
[2023-02-02T09:25:18.954+0000] {subprocess.py:63} INFO - Tmp dir root location: 
 /tmp
[2023-02-02T09:25:19.175+0000] {subprocess.py:75} INFO - Running command: ['/bin/bash', '-c', 'echo hey, I am task2 and will be running after the task1']
[2023-02-02T09:25:20.009+0000] {subprocess.py:86} INFO - Output:
[2023-02-02T09:25:20.479+0000] {subprocess.py:93} INFO - hey, I am task2 and will be running after the task1
[2023-02-02T09:25:20.549+0000] {subprocess.py:97} INFO - Command exited with return code 0
[2023-02-02T09:25:24.139+0000] {taskinstance.py:1323} INFO - Marking task as SUCCESS. dag_id=our_first_dag_v3, task_id=second_task, execution_date=20210830T000000, start_date=20230202T092449, end_date=20230202T092524
[2023-02-02T09:25:27.854+0000] {local_task_job.py:208} INFO - Task exited with return code 0
[2023-02-02T09:25:29.945+0000] {taskinstance.py:2578} INFO - 0 downstream tasks scheduled from follow-on schedule check
