[2023-02-03T04:39:19.619+0000] {processor.py:153} INFO - Started process (PID=62) to work on /opt/airflow/dags/create_dag_with_python_operator.py
[2023-02-03T04:39:19.634+0000] {processor.py:743} INFO - Processing file /opt/airflow/dags/create_dag_with_python_operator.py for tasks to queue
[2023-02-03T04:39:19.652+0000] {logging_mixin.py:137} INFO - [2023-02-03T04:39:19.647+0000] {dagbag.py:538} INFO - Filling up the DagBag from /opt/airflow/dags/create_dag_with_python_operator.py
[2023-02-03T04:39:20.512+0000] {processor.py:753} INFO - DAG(s) dict_keys(['our_first_dag_with_python_operator_v1']) retrieved from /opt/airflow/dags/create_dag_with_python_operator.py
[2023-02-03T04:39:21.789+0000] {logging_mixin.py:137} INFO - [2023-02-03T04:39:21.788+0000] {dag.py:2690} INFO - Sync 1 DAGs
[2023-02-03T04:39:22.122+0000] {logging_mixin.py:137} INFO - [2023-02-03T04:39:22.122+0000] {dag.py:3441} INFO - Setting next_dagrun for our_first_dag_with_python_operator_v1 to 2023-02-02T00:00:00+00:00, run_after=2023-02-03T00:00:00+00:00
[2023-02-03T04:39:22.222+0000] {processor.py:175} INFO - Processing /opt/airflow/dags/create_dag_with_python_operator.py took 2.684 seconds
[2023-02-03T04:39:53.200+0000] {processor.py:153} INFO - Started process (PID=94) to work on /opt/airflow/dags/create_dag_with_python_operator.py
[2023-02-03T04:39:53.219+0000] {processor.py:743} INFO - Processing file /opt/airflow/dags/create_dag_with_python_operator.py for tasks to queue
[2023-02-03T04:39:53.221+0000] {logging_mixin.py:137} INFO - [2023-02-03T04:39:53.221+0000] {dagbag.py:538} INFO - Filling up the DagBag from /opt/airflow/dags/create_dag_with_python_operator.py
[2023-02-03T04:39:53.333+0000] {processor.py:753} INFO - DAG(s) dict_keys(['our_first_dag_with_python_operator_v1']) retrieved from /opt/airflow/dags/create_dag_with_python_operator.py
[2023-02-03T04:39:53.395+0000] {logging_mixin.py:137} INFO - [2023-02-03T04:39:53.395+0000] {dag.py:2690} INFO - Sync 1 DAGs
[2023-02-03T04:39:54.165+0000] {logging_mixin.py:137} INFO - [2023-02-03T04:39:54.138+0000] {dag.py:3441} INFO - Setting next_dagrun for our_first_dag_with_python_operator_v1 to 2023-02-02T00:00:00+00:00, run_after=2023-02-03T00:00:00+00:00
[2023-02-03T04:39:54.649+0000] {processor.py:175} INFO - Processing /opt/airflow/dags/create_dag_with_python_operator.py took 1.499 seconds
[2023-02-03T04:40:26.084+0000] {processor.py:153} INFO - Started process (PID=135) to work on /opt/airflow/dags/create_dag_with_python_operator.py
[2023-02-03T04:40:26.104+0000] {processor.py:743} INFO - Processing file /opt/airflow/dags/create_dag_with_python_operator.py for tasks to queue
[2023-02-03T04:40:26.149+0000] {logging_mixin.py:137} INFO - [2023-02-03T04:40:26.134+0000] {dagbag.py:538} INFO - Filling up the DagBag from /opt/airflow/dags/create_dag_with_python_operator.py
[2023-02-03T04:40:26.668+0000] {processor.py:753} INFO - DAG(s) dict_keys(['our_first_dag_with_python_operator_v1']) retrieved from /opt/airflow/dags/create_dag_with_python_operator.py
[2023-02-03T04:40:27.277+0000] {logging_mixin.py:137} INFO - [2023-02-03T04:40:27.275+0000] {dag.py:2690} INFO - Sync 1 DAGs
[2023-02-03T04:40:27.338+0000] {logging_mixin.py:137} INFO - [2023-02-03T04:40:27.338+0000] {dag.py:3441} INFO - Setting next_dagrun for our_first_dag_with_python_operator_v1 to 2023-02-02T00:00:00+00:00, run_after=2023-02-03T00:00:00+00:00
[2023-02-03T04:40:27.418+0000] {processor.py:175} INFO - Processing /opt/airflow/dags/create_dag_with_python_operator.py took 1.458 seconds
[2023-02-03T04:40:57.669+0000] {processor.py:153} INFO - Started process (PID=173) to work on /opt/airflow/dags/create_dag_with_python_operator.py
[2023-02-03T04:40:57.672+0000] {processor.py:743} INFO - Processing file /opt/airflow/dags/create_dag_with_python_operator.py for tasks to queue
[2023-02-03T04:40:57.674+0000] {logging_mixin.py:137} INFO - [2023-02-03T04:40:57.673+0000] {dagbag.py:538} INFO - Filling up the DagBag from /opt/airflow/dags/create_dag_with_python_operator.py
[2023-02-03T04:40:57.714+0000] {processor.py:753} INFO - DAG(s) dict_keys(['our_first_dag_with_python_operator_v1']) retrieved from /opt/airflow/dags/create_dag_with_python_operator.py
[2023-02-03T04:40:57.754+0000] {logging_mixin.py:137} INFO - [2023-02-03T04:40:57.753+0000] {dag.py:2690} INFO - Sync 1 DAGs
[2023-02-03T04:40:57.786+0000] {logging_mixin.py:137} INFO - [2023-02-03T04:40:57.785+0000] {dag.py:3441} INFO - Setting next_dagrun for our_first_dag_with_python_operator_v1 to 2023-02-02T00:00:00+00:00, run_after=2023-02-03T00:00:00+00:00
[2023-02-03T04:40:57.804+0000] {processor.py:175} INFO - Processing /opt/airflow/dags/create_dag_with_python_operator.py took 0.141 seconds
[2023-02-03T04:41:28.611+0000] {processor.py:153} INFO - Started process (PID=210) to work on /opt/airflow/dags/create_dag_with_python_operator.py
[2023-02-03T04:41:28.614+0000] {processor.py:743} INFO - Processing file /opt/airflow/dags/create_dag_with_python_operator.py for tasks to queue
[2023-02-03T04:41:28.616+0000] {logging_mixin.py:137} INFO - [2023-02-03T04:41:28.616+0000] {dagbag.py:538} INFO - Filling up the DagBag from /opt/airflow/dags/create_dag_with_python_operator.py
[2023-02-03T04:41:28.661+0000] {processor.py:753} INFO - DAG(s) dict_keys(['our_first_dag_with_python_operator_v1']) retrieved from /opt/airflow/dags/create_dag_with_python_operator.py
[2023-02-03T04:41:28.704+0000] {logging_mixin.py:137} INFO - [2023-02-03T04:41:28.704+0000] {dag.py:2690} INFO - Sync 1 DAGs
[2023-02-03T04:41:28.777+0000] {logging_mixin.py:137} INFO - [2023-02-03T04:41:28.777+0000] {dag.py:3441} INFO - Setting next_dagrun for our_first_dag_with_python_operator_v1 to 2023-02-02T00:00:00+00:00, run_after=2023-02-03T00:00:00+00:00
[2023-02-03T04:41:28.824+0000] {processor.py:175} INFO - Processing /opt/airflow/dags/create_dag_with_python_operator.py took 0.220 seconds
[2023-02-03T04:41:59.458+0000] {processor.py:153} INFO - Started process (PID=248) to work on /opt/airflow/dags/create_dag_with_python_operator.py
[2023-02-03T04:41:59.461+0000] {processor.py:743} INFO - Processing file /opt/airflow/dags/create_dag_with_python_operator.py for tasks to queue
[2023-02-03T04:41:59.463+0000] {logging_mixin.py:137} INFO - [2023-02-03T04:41:59.463+0000] {dagbag.py:538} INFO - Filling up the DagBag from /opt/airflow/dags/create_dag_with_python_operator.py
[2023-02-03T04:41:59.489+0000] {processor.py:753} INFO - DAG(s) dict_keys(['our_first_dag_with_python_operator_v1']) retrieved from /opt/airflow/dags/create_dag_with_python_operator.py
[2023-02-03T04:41:59.519+0000] {logging_mixin.py:137} INFO - [2023-02-03T04:41:59.519+0000] {dag.py:2690} INFO - Sync 1 DAGs
[2023-02-03T04:41:59.545+0000] {logging_mixin.py:137} INFO - [2023-02-03T04:41:59.544+0000] {dag.py:3441} INFO - Setting next_dagrun for our_first_dag_with_python_operator_v1 to 2023-02-02T00:00:00+00:00, run_after=2023-02-03T00:00:00+00:00
[2023-02-03T04:41:59.560+0000] {processor.py:175} INFO - Processing /opt/airflow/dags/create_dag_with_python_operator.py took 0.109 seconds
[2023-02-03T04:42:29.794+0000] {processor.py:153} INFO - Started process (PID=298) to work on /opt/airflow/dags/create_dag_with_python_operator.py
[2023-02-03T04:42:29.797+0000] {processor.py:743} INFO - Processing file /opt/airflow/dags/create_dag_with_python_operator.py for tasks to queue
[2023-02-03T04:42:29.799+0000] {logging_mixin.py:137} INFO - [2023-02-03T04:42:29.799+0000] {dagbag.py:538} INFO - Filling up the DagBag from /opt/airflow/dags/create_dag_with_python_operator.py
[2023-02-03T04:42:29.827+0000] {processor.py:753} INFO - DAG(s) dict_keys(['our_first_dag_with_python_operator_v1']) retrieved from /opt/airflow/dags/create_dag_with_python_operator.py
[2023-02-03T04:42:29.864+0000] {logging_mixin.py:137} INFO - [2023-02-03T04:42:29.864+0000] {dag.py:2690} INFO - Sync 1 DAGs
[2023-02-03T04:42:29.906+0000] {logging_mixin.py:137} INFO - [2023-02-03T04:42:29.906+0000] {dag.py:3441} INFO - Setting next_dagrun for our_first_dag_with_python_operator_v1 to 2023-02-02T00:00:00+00:00, run_after=2023-02-03T00:00:00+00:00
[2023-02-03T04:42:29.930+0000] {processor.py:175} INFO - Processing /opt/airflow/dags/create_dag_with_python_operator.py took 0.141 seconds
[2023-02-03T04:43:00.280+0000] {processor.py:153} INFO - Started process (PID=336) to work on /opt/airflow/dags/create_dag_with_python_operator.py
[2023-02-03T04:43:00.284+0000] {processor.py:743} INFO - Processing file /opt/airflow/dags/create_dag_with_python_operator.py for tasks to queue
[2023-02-03T04:43:00.286+0000] {logging_mixin.py:137} INFO - [2023-02-03T04:43:00.286+0000] {dagbag.py:538} INFO - Filling up the DagBag from /opt/airflow/dags/create_dag_with_python_operator.py
[2023-02-03T04:43:00.317+0000] {processor.py:753} INFO - DAG(s) dict_keys(['our_first_dag_with_python_operator_v1']) retrieved from /opt/airflow/dags/create_dag_with_python_operator.py
[2023-02-03T04:43:00.348+0000] {logging_mixin.py:137} INFO - [2023-02-03T04:43:00.348+0000] {dag.py:2690} INFO - Sync 1 DAGs
[2023-02-03T04:43:00.376+0000] {logging_mixin.py:137} INFO - [2023-02-03T04:43:00.376+0000] {dag.py:3441} INFO - Setting next_dagrun for our_first_dag_with_python_operator_v1 to 2023-02-02T00:00:00+00:00, run_after=2023-02-03T00:00:00+00:00
[2023-02-03T04:43:00.393+0000] {processor.py:175} INFO - Processing /opt/airflow/dags/create_dag_with_python_operator.py took 0.122 seconds
[2023-02-03T04:43:30.661+0000] {processor.py:153} INFO - Started process (PID=383) to work on /opt/airflow/dags/create_dag_with_python_operator.py
[2023-02-03T04:43:30.663+0000] {processor.py:743} INFO - Processing file /opt/airflow/dags/create_dag_with_python_operator.py for tasks to queue
[2023-02-03T04:43:30.665+0000] {logging_mixin.py:137} INFO - [2023-02-03T04:43:30.665+0000] {dagbag.py:538} INFO - Filling up the DagBag from /opt/airflow/dags/create_dag_with_python_operator.py
[2023-02-03T04:43:30.687+0000] {processor.py:753} INFO - DAG(s) dict_keys(['our_first_dag_with_python_operator_v1']) retrieved from /opt/airflow/dags/create_dag_with_python_operator.py
[2023-02-03T04:43:30.724+0000] {logging_mixin.py:137} INFO - [2023-02-03T04:43:30.724+0000] {dag.py:2690} INFO - Sync 1 DAGs
[2023-02-03T04:43:30.755+0000] {logging_mixin.py:137} INFO - [2023-02-03T04:43:30.755+0000] {dag.py:3441} INFO - Setting next_dagrun for our_first_dag_with_python_operator_v1 to 2023-02-02T00:00:00+00:00, run_after=2023-02-03T00:00:00+00:00
[2023-02-03T04:43:30.777+0000] {processor.py:175} INFO - Processing /opt/airflow/dags/create_dag_with_python_operator.py took 0.119 seconds
[2023-02-03T04:44:00.887+0000] {processor.py:153} INFO - Started process (PID=424) to work on /opt/airflow/dags/create_dag_with_python_operator.py
[2023-02-03T04:44:00.889+0000] {processor.py:743} INFO - Processing file /opt/airflow/dags/create_dag_with_python_operator.py for tasks to queue
[2023-02-03T04:44:00.891+0000] {logging_mixin.py:137} INFO - [2023-02-03T04:44:00.891+0000] {dagbag.py:538} INFO - Filling up the DagBag from /opt/airflow/dags/create_dag_with_python_operator.py
[2023-02-03T04:44:00.912+0000] {processor.py:753} INFO - DAG(s) dict_keys(['our_first_dag_with_python_operator_v1']) retrieved from /opt/airflow/dags/create_dag_with_python_operator.py
[2023-02-03T04:44:00.941+0000] {logging_mixin.py:137} INFO - [2023-02-03T04:44:00.941+0000] {dag.py:2690} INFO - Sync 1 DAGs
[2023-02-03T04:44:00.966+0000] {logging_mixin.py:137} INFO - [2023-02-03T04:44:00.966+0000] {dag.py:3441} INFO - Setting next_dagrun for our_first_dag_with_python_operator_v1 to 2023-02-02T00:00:00+00:00, run_after=2023-02-03T00:00:00+00:00
[2023-02-03T04:44:00.981+0000] {processor.py:175} INFO - Processing /opt/airflow/dags/create_dag_with_python_operator.py took 0.100 seconds
[2023-02-03T04:44:31.453+0000] {processor.py:153} INFO - Started process (PID=468) to work on /opt/airflow/dags/create_dag_with_python_operator.py
[2023-02-03T04:44:31.456+0000] {processor.py:743} INFO - Processing file /opt/airflow/dags/create_dag_with_python_operator.py for tasks to queue
[2023-02-03T04:44:31.458+0000] {logging_mixin.py:137} INFO - [2023-02-03T04:44:31.458+0000] {dagbag.py:538} INFO - Filling up the DagBag from /opt/airflow/dags/create_dag_with_python_operator.py
[2023-02-03T04:44:31.488+0000] {processor.py:753} INFO - DAG(s) dict_keys(['our_first_dag_with_python_operator_v1']) retrieved from /opt/airflow/dags/create_dag_with_python_operator.py
[2023-02-03T04:44:31.525+0000] {logging_mixin.py:137} INFO - [2023-02-03T04:44:31.525+0000] {dag.py:2690} INFO - Sync 1 DAGs
[2023-02-03T04:44:31.557+0000] {logging_mixin.py:137} INFO - [2023-02-03T04:44:31.557+0000] {dag.py:3441} INFO - Setting next_dagrun for our_first_dag_with_python_operator_v1 to 2023-02-02T00:00:00+00:00, run_after=2023-02-03T00:00:00+00:00
[2023-02-03T04:44:31.577+0000] {processor.py:175} INFO - Processing /opt/airflow/dags/create_dag_with_python_operator.py took 0.131 seconds
[2023-02-03T04:45:01.961+0000] {processor.py:153} INFO - Started process (PID=518) to work on /opt/airflow/dags/create_dag_with_python_operator.py
[2023-02-03T04:45:01.964+0000] {processor.py:743} INFO - Processing file /opt/airflow/dags/create_dag_with_python_operator.py for tasks to queue
[2023-02-03T04:45:01.966+0000] {logging_mixin.py:137} INFO - [2023-02-03T04:45:01.966+0000] {dagbag.py:538} INFO - Filling up the DagBag from /opt/airflow/dags/create_dag_with_python_operator.py
[2023-02-03T04:45:01.998+0000] {processor.py:753} INFO - DAG(s) dict_keys(['our_first_dag_with_python_operator_v1']) retrieved from /opt/airflow/dags/create_dag_with_python_operator.py
[2023-02-03T04:45:02.034+0000] {logging_mixin.py:137} INFO - [2023-02-03T04:45:02.033+0000] {dag.py:2690} INFO - Sync 1 DAGs
[2023-02-03T04:45:02.062+0000] {logging_mixin.py:137} INFO - [2023-02-03T04:45:02.062+0000] {dag.py:3441} INFO - Setting next_dagrun for our_first_dag_with_python_operator_v1 to 2023-02-02T00:00:00+00:00, run_after=2023-02-03T00:00:00+00:00
[2023-02-03T04:45:02.079+0000] {processor.py:175} INFO - Processing /opt/airflow/dags/create_dag_with_python_operator.py took 0.123 seconds
[2023-02-03T04:45:32.434+0000] {processor.py:153} INFO - Started process (PID=557) to work on /opt/airflow/dags/create_dag_with_python_operator.py
[2023-02-03T04:45:32.438+0000] {processor.py:743} INFO - Processing file /opt/airflow/dags/create_dag_with_python_operator.py for tasks to queue
[2023-02-03T04:45:32.440+0000] {logging_mixin.py:137} INFO - [2023-02-03T04:45:32.440+0000] {dagbag.py:538} INFO - Filling up the DagBag from /opt/airflow/dags/create_dag_with_python_operator.py
[2023-02-03T04:45:32.533+0000] {processor.py:753} INFO - DAG(s) dict_keys(['our_first_dag_with_python_operator_v1']) retrieved from /opt/airflow/dags/create_dag_with_python_operator.py
[2023-02-03T04:45:32.616+0000] {logging_mixin.py:137} INFO - [2023-02-03T04:45:32.616+0000] {dag.py:2690} INFO - Sync 1 DAGs
[2023-02-03T04:45:32.680+0000] {logging_mixin.py:137} INFO - [2023-02-03T04:45:32.680+0000] {dag.py:3441} INFO - Setting next_dagrun for our_first_dag_with_python_operator_v1 to 2023-02-02T00:00:00+00:00, run_after=2023-02-03T00:00:00+00:00
[2023-02-03T04:45:32.732+0000] {processor.py:175} INFO - Processing /opt/airflow/dags/create_dag_with_python_operator.py took 0.304 seconds
[2023-02-03T04:46:02.983+0000] {processor.py:153} INFO - Started process (PID=595) to work on /opt/airflow/dags/create_dag_with_python_operator.py
[2023-02-03T04:46:02.986+0000] {processor.py:743} INFO - Processing file /opt/airflow/dags/create_dag_with_python_operator.py for tasks to queue
[2023-02-03T04:46:02.987+0000] {logging_mixin.py:137} INFO - [2023-02-03T04:46:02.987+0000] {dagbag.py:538} INFO - Filling up the DagBag from /opt/airflow/dags/create_dag_with_python_operator.py
[2023-02-03T04:46:03.015+0000] {processor.py:753} INFO - DAG(s) dict_keys(['our_first_dag_with_python_operator_v1']) retrieved from /opt/airflow/dags/create_dag_with_python_operator.py
[2023-02-03T04:46:03.076+0000] {logging_mixin.py:137} INFO - [2023-02-03T04:46:03.075+0000] {dag.py:2690} INFO - Sync 1 DAGs
[2023-02-03T04:46:03.096+0000] {logging_mixin.py:137} INFO - [2023-02-03T04:46:03.096+0000] {dag.py:3441} INFO - Setting next_dagrun for our_first_dag_with_python_operator_v1 to 2023-02-02T00:00:00+00:00, run_after=2023-02-03T00:00:00+00:00
[2023-02-03T04:46:03.113+0000] {processor.py:175} INFO - Processing /opt/airflow/dags/create_dag_with_python_operator.py took 0.136 seconds
[2023-02-03T04:46:33.291+0000] {processor.py:153} INFO - Started process (PID=633) to work on /opt/airflow/dags/create_dag_with_python_operator.py
[2023-02-03T04:46:33.295+0000] {processor.py:743} INFO - Processing file /opt/airflow/dags/create_dag_with_python_operator.py for tasks to queue
[2023-02-03T04:46:33.297+0000] {logging_mixin.py:137} INFO - [2023-02-03T04:46:33.297+0000] {dagbag.py:538} INFO - Filling up the DagBag from /opt/airflow/dags/create_dag_with_python_operator.py
[2023-02-03T04:46:33.330+0000] {processor.py:753} INFO - DAG(s) dict_keys(['our_first_dag_with_python_operator_v1']) retrieved from /opt/airflow/dags/create_dag_with_python_operator.py
[2023-02-03T04:46:33.363+0000] {logging_mixin.py:137} INFO - [2023-02-03T04:46:33.363+0000] {dag.py:2690} INFO - Sync 1 DAGs
[2023-02-03T04:46:33.390+0000] {logging_mixin.py:137} INFO - [2023-02-03T04:46:33.390+0000] {dag.py:3441} INFO - Setting next_dagrun for our_first_dag_with_python_operator_v1 to 2023-02-02T00:00:00+00:00, run_after=2023-02-03T00:00:00+00:00
[2023-02-03T04:46:33.406+0000] {processor.py:175} INFO - Processing /opt/airflow/dags/create_dag_with_python_operator.py took 0.122 seconds
[2023-02-03T04:47:03.957+0000] {processor.py:153} INFO - Started process (PID=681) to work on /opt/airflow/dags/create_dag_with_python_operator.py
[2023-02-03T04:47:03.963+0000] {processor.py:743} INFO - Processing file /opt/airflow/dags/create_dag_with_python_operator.py for tasks to queue
[2023-02-03T04:47:03.967+0000] {logging_mixin.py:137} INFO - [2023-02-03T04:47:03.967+0000] {dagbag.py:538} INFO - Filling up the DagBag from /opt/airflow/dags/create_dag_with_python_operator.py
[2023-02-03T04:47:04.052+0000] {processor.py:753} INFO - DAG(s) dict_keys(['our_first_dag_with_python_operator_v1']) retrieved from /opt/airflow/dags/create_dag_with_python_operator.py
[2023-02-03T04:47:04.108+0000] {logging_mixin.py:137} INFO - [2023-02-03T04:47:04.108+0000] {dag.py:2690} INFO - Sync 1 DAGs
[2023-02-03T04:47:04.162+0000] {logging_mixin.py:137} INFO - [2023-02-03T04:47:04.161+0000] {dag.py:3441} INFO - Setting next_dagrun for our_first_dag_with_python_operator_v1 to 2023-02-02T00:00:00+00:00, run_after=2023-02-03T00:00:00+00:00
[2023-02-03T04:47:04.202+0000] {processor.py:175} INFO - Processing /opt/airflow/dags/create_dag_with_python_operator.py took 0.256 seconds
[2023-02-03T04:47:34.945+0000] {processor.py:153} INFO - Started process (PID=721) to work on /opt/airflow/dags/create_dag_with_python_operator.py
[2023-02-03T04:47:34.948+0000] {processor.py:743} INFO - Processing file /opt/airflow/dags/create_dag_with_python_operator.py for tasks to queue
[2023-02-03T04:47:34.950+0000] {logging_mixin.py:137} INFO - [2023-02-03T04:47:34.950+0000] {dagbag.py:538} INFO - Filling up the DagBag from /opt/airflow/dags/create_dag_with_python_operator.py
[2023-02-03T04:47:34.972+0000] {processor.py:753} INFO - DAG(s) dict_keys(['our_first_dag_with_python_operator_v1']) retrieved from /opt/airflow/dags/create_dag_with_python_operator.py
[2023-02-03T04:47:35.003+0000] {logging_mixin.py:137} INFO - [2023-02-03T04:47:35.003+0000] {dag.py:2690} INFO - Sync 1 DAGs
[2023-02-03T04:47:35.028+0000] {logging_mixin.py:137} INFO - [2023-02-03T04:47:35.027+0000] {dag.py:3441} INFO - Setting next_dagrun for our_first_dag_with_python_operator_v1 to 2023-02-02T00:00:00+00:00, run_after=2023-02-03T00:00:00+00:00
[2023-02-03T04:47:35.042+0000] {processor.py:175} INFO - Processing /opt/airflow/dags/create_dag_with_python_operator.py took 0.103 seconds
[2023-02-03T04:48:05.112+0000] {processor.py:153} INFO - Started process (PID=758) to work on /opt/airflow/dags/create_dag_with_python_operator.py
[2023-02-03T04:48:05.116+0000] {processor.py:743} INFO - Processing file /opt/airflow/dags/create_dag_with_python_operator.py for tasks to queue
[2023-02-03T04:48:05.118+0000] {logging_mixin.py:137} INFO - [2023-02-03T04:48:05.117+0000] {dagbag.py:538} INFO - Filling up the DagBag from /opt/airflow/dags/create_dag_with_python_operator.py
[2023-02-03T04:48:05.152+0000] {processor.py:753} INFO - DAG(s) dict_keys(['our_first_dag_with_python_operator_v1']) retrieved from /opt/airflow/dags/create_dag_with_python_operator.py
[2023-02-03T04:48:05.193+0000] {logging_mixin.py:137} INFO - [2023-02-03T04:48:05.193+0000] {dag.py:2690} INFO - Sync 1 DAGs
[2023-02-03T04:48:05.222+0000] {logging_mixin.py:137} INFO - [2023-02-03T04:48:05.222+0000] {dag.py:3441} INFO - Setting next_dagrun for our_first_dag_with_python_operator_v1 to 2023-02-02T00:00:00+00:00, run_after=2023-02-03T00:00:00+00:00
[2023-02-03T04:48:05.239+0000] {processor.py:175} INFO - Processing /opt/airflow/dags/create_dag_with_python_operator.py took 0.137 seconds
[2023-02-03T04:48:35.923+0000] {processor.py:153} INFO - Started process (PID=807) to work on /opt/airflow/dags/create_dag_with_python_operator.py
[2023-02-03T04:48:35.925+0000] {processor.py:743} INFO - Processing file /opt/airflow/dags/create_dag_with_python_operator.py for tasks to queue
[2023-02-03T04:48:35.926+0000] {logging_mixin.py:137} INFO - [2023-02-03T04:48:35.926+0000] {dagbag.py:538} INFO - Filling up the DagBag from /opt/airflow/dags/create_dag_with_python_operator.py
[2023-02-03T04:48:35.951+0000] {processor.py:753} INFO - DAG(s) dict_keys(['our_first_dag_with_python_operator_v1']) retrieved from /opt/airflow/dags/create_dag_with_python_operator.py
[2023-02-03T04:48:35.980+0000] {logging_mixin.py:137} INFO - [2023-02-03T04:48:35.980+0000] {dag.py:2690} INFO - Sync 1 DAGs
[2023-02-03T04:48:36.005+0000] {logging_mixin.py:137} INFO - [2023-02-03T04:48:36.004+0000] {dag.py:3441} INFO - Setting next_dagrun for our_first_dag_with_python_operator_v1 to 2023-02-02T00:00:00+00:00, run_after=2023-02-03T00:00:00+00:00
[2023-02-03T04:48:36.024+0000] {processor.py:175} INFO - Processing /opt/airflow/dags/create_dag_with_python_operator.py took 0.106 seconds
[2023-02-03T04:49:06.147+0000] {processor.py:153} INFO - Started process (PID=847) to work on /opt/airflow/dags/create_dag_with_python_operator.py
[2023-02-03T04:49:06.148+0000] {processor.py:743} INFO - Processing file /opt/airflow/dags/create_dag_with_python_operator.py for tasks to queue
[2023-02-03T04:49:06.149+0000] {logging_mixin.py:137} INFO - [2023-02-03T04:49:06.149+0000] {dagbag.py:538} INFO - Filling up the DagBag from /opt/airflow/dags/create_dag_with_python_operator.py
[2023-02-03T04:49:06.168+0000] {processor.py:753} INFO - DAG(s) dict_keys(['our_first_dag_with_python_operator_v1']) retrieved from /opt/airflow/dags/create_dag_with_python_operator.py
[2023-02-03T04:49:06.195+0000] {logging_mixin.py:137} INFO - [2023-02-03T04:49:06.195+0000] {dag.py:2690} INFO - Sync 1 DAGs
[2023-02-03T04:49:06.224+0000] {logging_mixin.py:137} INFO - [2023-02-03T04:49:06.224+0000] {dag.py:3441} INFO - Setting next_dagrun for our_first_dag_with_python_operator_v1 to 2023-02-02T00:00:00+00:00, run_after=2023-02-03T00:00:00+00:00
[2023-02-03T04:49:06.242+0000] {processor.py:175} INFO - Processing /opt/airflow/dags/create_dag_with_python_operator.py took 0.099 seconds
[2023-02-03T04:49:36.448+0000] {processor.py:153} INFO - Started process (PID=885) to work on /opt/airflow/dags/create_dag_with_python_operator.py
[2023-02-03T04:49:36.451+0000] {processor.py:743} INFO - Processing file /opt/airflow/dags/create_dag_with_python_operator.py for tasks to queue
[2023-02-03T04:49:36.452+0000] {logging_mixin.py:137} INFO - [2023-02-03T04:49:36.452+0000] {dagbag.py:538} INFO - Filling up the DagBag from /opt/airflow/dags/create_dag_with_python_operator.py
[2023-02-03T04:49:36.475+0000] {processor.py:753} INFO - DAG(s) dict_keys(['our_first_dag_with_python_operator_v1']) retrieved from /opt/airflow/dags/create_dag_with_python_operator.py
[2023-02-03T04:49:36.505+0000] {logging_mixin.py:137} INFO - [2023-02-03T04:49:36.505+0000] {dag.py:2690} INFO - Sync 1 DAGs
[2023-02-03T04:49:36.529+0000] {logging_mixin.py:137} INFO - [2023-02-03T04:49:36.529+0000] {dag.py:3441} INFO - Setting next_dagrun for our_first_dag_with_python_operator_v1 to 2023-02-02T00:00:00+00:00, run_after=2023-02-03T00:00:00+00:00
[2023-02-03T04:49:36.545+0000] {processor.py:175} INFO - Processing /opt/airflow/dags/create_dag_with_python_operator.py took 0.104 seconds
[2023-02-03T04:50:07.058+0000] {processor.py:153} INFO - Started process (PID=936) to work on /opt/airflow/dags/create_dag_with_python_operator.py
[2023-02-03T04:50:07.061+0000] {processor.py:743} INFO - Processing file /opt/airflow/dags/create_dag_with_python_operator.py for tasks to queue
[2023-02-03T04:50:07.063+0000] {logging_mixin.py:137} INFO - [2023-02-03T04:50:07.063+0000] {dagbag.py:538} INFO - Filling up the DagBag from /opt/airflow/dags/create_dag_with_python_operator.py
[2023-02-03T04:50:07.086+0000] {processor.py:753} INFO - DAG(s) dict_keys(['our_first_dag_with_python_operator_v1']) retrieved from /opt/airflow/dags/create_dag_with_python_operator.py
[2023-02-03T04:50:07.119+0000] {logging_mixin.py:137} INFO - [2023-02-03T04:50:07.119+0000] {dag.py:2690} INFO - Sync 1 DAGs
[2023-02-03T04:50:07.145+0000] {logging_mixin.py:137} INFO - [2023-02-03T04:50:07.145+0000] {dag.py:3441} INFO - Setting next_dagrun for our_first_dag_with_python_operator_v1 to 2023-02-02T00:00:00+00:00, run_after=2023-02-03T00:00:00+00:00
[2023-02-03T04:50:07.159+0000] {processor.py:175} INFO - Processing /opt/airflow/dags/create_dag_with_python_operator.py took 0.107 seconds
[2023-02-03T04:50:37.369+0000] {processor.py:153} INFO - Started process (PID=974) to work on /opt/airflow/dags/create_dag_with_python_operator.py
[2023-02-03T04:50:37.372+0000] {processor.py:743} INFO - Processing file /opt/airflow/dags/create_dag_with_python_operator.py for tasks to queue
[2023-02-03T04:50:37.374+0000] {logging_mixin.py:137} INFO - [2023-02-03T04:50:37.374+0000] {dagbag.py:538} INFO - Filling up the DagBag from /opt/airflow/dags/create_dag_with_python_operator.py
[2023-02-03T04:50:37.404+0000] {processor.py:753} INFO - DAG(s) dict_keys(['our_first_dag_with_python_operator_v1']) retrieved from /opt/airflow/dags/create_dag_with_python_operator.py
[2023-02-03T04:50:37.434+0000] {logging_mixin.py:137} INFO - [2023-02-03T04:50:37.434+0000] {dag.py:2690} INFO - Sync 1 DAGs
[2023-02-03T04:50:37.461+0000] {logging_mixin.py:137} INFO - [2023-02-03T04:50:37.461+0000] {dag.py:3441} INFO - Setting next_dagrun for our_first_dag_with_python_operator_v1 to 2023-02-02T00:00:00+00:00, run_after=2023-02-03T00:00:00+00:00
[2023-02-03T04:50:37.477+0000] {processor.py:175} INFO - Processing /opt/airflow/dags/create_dag_with_python_operator.py took 0.116 seconds
[2023-02-03T04:51:07.618+0000] {processor.py:153} INFO - Started process (PID=1024) to work on /opt/airflow/dags/create_dag_with_python_operator.py
[2023-02-03T04:51:07.620+0000] {processor.py:743} INFO - Processing file /opt/airflow/dags/create_dag_with_python_operator.py for tasks to queue
[2023-02-03T04:51:07.622+0000] {logging_mixin.py:137} INFO - [2023-02-03T04:51:07.622+0000] {dagbag.py:538} INFO - Filling up the DagBag from /opt/airflow/dags/create_dag_with_python_operator.py
[2023-02-03T04:51:07.645+0000] {processor.py:753} INFO - DAG(s) dict_keys(['our_first_dag_with_python_operator_v1']) retrieved from /opt/airflow/dags/create_dag_with_python_operator.py
[2023-02-03T04:51:07.672+0000] {logging_mixin.py:137} INFO - [2023-02-03T04:51:07.672+0000] {dag.py:2690} INFO - Sync 1 DAGs
[2023-02-03T04:51:07.696+0000] {logging_mixin.py:137} INFO - [2023-02-03T04:51:07.696+0000] {dag.py:3441} INFO - Setting next_dagrun for our_first_dag_with_python_operator_v1 to 2023-02-02T00:00:00+00:00, run_after=2023-02-03T00:00:00+00:00
[2023-02-03T04:51:07.710+0000] {processor.py:175} INFO - Processing /opt/airflow/dags/create_dag_with_python_operator.py took 0.098 seconds
[2023-02-03T04:51:37.998+0000] {processor.py:153} INFO - Started process (PID=1062) to work on /opt/airflow/dags/create_dag_with_python_operator.py
[2023-02-03T04:51:38.001+0000] {processor.py:743} INFO - Processing file /opt/airflow/dags/create_dag_with_python_operator.py for tasks to queue
[2023-02-03T04:51:38.004+0000] {logging_mixin.py:137} INFO - [2023-02-03T04:51:38.003+0000] {dagbag.py:538} INFO - Filling up the DagBag from /opt/airflow/dags/create_dag_with_python_operator.py
[2023-02-03T04:51:38.035+0000] {processor.py:753} INFO - DAG(s) dict_keys(['our_first_dag_with_python_operator_v1']) retrieved from /opt/airflow/dags/create_dag_with_python_operator.py
[2023-02-03T04:51:38.071+0000] {logging_mixin.py:137} INFO - [2023-02-03T04:51:38.071+0000] {dag.py:2690} INFO - Sync 1 DAGs
[2023-02-03T04:51:38.102+0000] {logging_mixin.py:137} INFO - [2023-02-03T04:51:38.102+0000] {dag.py:3441} INFO - Setting next_dagrun for our_first_dag_with_python_operator_v1 to 2023-02-02T00:00:00+00:00, run_after=2023-02-03T00:00:00+00:00
[2023-02-03T04:51:38.119+0000] {processor.py:175} INFO - Processing /opt/airflow/dags/create_dag_with_python_operator.py took 0.127 seconds
[2023-02-03T04:52:08.611+0000] {processor.py:153} INFO - Started process (PID=1113) to work on /opt/airflow/dags/create_dag_with_python_operator.py
[2023-02-03T04:52:08.614+0000] {processor.py:743} INFO - Processing file /opt/airflow/dags/create_dag_with_python_operator.py for tasks to queue
[2023-02-03T04:52:08.616+0000] {logging_mixin.py:137} INFO - [2023-02-03T04:52:08.615+0000] {dagbag.py:538} INFO - Filling up the DagBag from /opt/airflow/dags/create_dag_with_python_operator.py
[2023-02-03T04:52:08.652+0000] {processor.py:753} INFO - DAG(s) dict_keys(['our_first_dag_with_python_operator_v1']) retrieved from /opt/airflow/dags/create_dag_with_python_operator.py
[2023-02-03T04:52:08.713+0000] {logging_mixin.py:137} INFO - [2023-02-03T04:52:08.713+0000] {dag.py:2690} INFO - Sync 1 DAGs
[2023-02-03T04:52:08.753+0000] {logging_mixin.py:137} INFO - [2023-02-03T04:52:08.753+0000] {dag.py:3441} INFO - Setting next_dagrun for our_first_dag_with_python_operator_v1 to 2023-02-02T00:00:00+00:00, run_after=2023-02-03T00:00:00+00:00
[2023-02-03T04:52:08.777+0000] {processor.py:175} INFO - Processing /opt/airflow/dags/create_dag_with_python_operator.py took 0.173 seconds
[2023-02-03T04:52:39.199+0000] {processor.py:153} INFO - Started process (PID=1151) to work on /opt/airflow/dags/create_dag_with_python_operator.py
[2023-02-03T04:52:39.202+0000] {processor.py:743} INFO - Processing file /opt/airflow/dags/create_dag_with_python_operator.py for tasks to queue
[2023-02-03T04:52:39.204+0000] {logging_mixin.py:137} INFO - [2023-02-03T04:52:39.203+0000] {dagbag.py:538} INFO - Filling up the DagBag from /opt/airflow/dags/create_dag_with_python_operator.py
[2023-02-03T04:52:39.227+0000] {processor.py:753} INFO - DAG(s) dict_keys(['our_first_dag_with_python_operator_v1']) retrieved from /opt/airflow/dags/create_dag_with_python_operator.py
[2023-02-03T04:52:39.256+0000] {logging_mixin.py:137} INFO - [2023-02-03T04:52:39.256+0000] {dag.py:2690} INFO - Sync 1 DAGs
[2023-02-03T04:52:39.280+0000] {logging_mixin.py:137} INFO - [2023-02-03T04:52:39.280+0000] {dag.py:3441} INFO - Setting next_dagrun for our_first_dag_with_python_operator_v1 to 2023-02-02T00:00:00+00:00, run_after=2023-02-03T00:00:00+00:00
[2023-02-03T04:52:39.297+0000] {processor.py:175} INFO - Processing /opt/airflow/dags/create_dag_with_python_operator.py took 0.103 seconds
[2023-02-03T04:53:09.521+0000] {processor.py:153} INFO - Started process (PID=1190) to work on /opt/airflow/dags/create_dag_with_python_operator.py
[2023-02-03T04:53:09.524+0000] {processor.py:743} INFO - Processing file /opt/airflow/dags/create_dag_with_python_operator.py for tasks to queue
[2023-02-03T04:53:09.526+0000] {logging_mixin.py:137} INFO - [2023-02-03T04:53:09.526+0000] {dagbag.py:538} INFO - Filling up the DagBag from /opt/airflow/dags/create_dag_with_python_operator.py
[2023-02-03T04:53:09.556+0000] {processor.py:753} INFO - DAG(s) dict_keys(['our_first_dag_with_python_operator_v1']) retrieved from /opt/airflow/dags/create_dag_with_python_operator.py
[2023-02-03T04:53:09.586+0000] {logging_mixin.py:137} INFO - [2023-02-03T04:53:09.586+0000] {dag.py:2690} INFO - Sync 1 DAGs
[2023-02-03T04:53:09.611+0000] {logging_mixin.py:137} INFO - [2023-02-03T04:53:09.611+0000] {dag.py:3441} INFO - Setting next_dagrun for our_first_dag_with_python_operator_v1 to 2023-02-02T00:00:00+00:00, run_after=2023-02-03T00:00:00+00:00
[2023-02-03T04:53:09.627+0000] {processor.py:175} INFO - Processing /opt/airflow/dags/create_dag_with_python_operator.py took 0.114 seconds
[2023-02-03T04:53:40.019+0000] {processor.py:153} INFO - Started process (PID=1239) to work on /opt/airflow/dags/create_dag_with_python_operator.py
[2023-02-03T04:53:40.021+0000] {processor.py:743} INFO - Processing file /opt/airflow/dags/create_dag_with_python_operator.py for tasks to queue
[2023-02-03T04:53:40.023+0000] {logging_mixin.py:137} INFO - [2023-02-03T04:53:40.023+0000] {dagbag.py:538} INFO - Filling up the DagBag from /opt/airflow/dags/create_dag_with_python_operator.py
[2023-02-03T04:53:40.043+0000] {processor.py:753} INFO - DAG(s) dict_keys(['our_first_dag_with_python_operator_v1']) retrieved from /opt/airflow/dags/create_dag_with_python_operator.py
[2023-02-03T04:53:40.075+0000] {logging_mixin.py:137} INFO - [2023-02-03T04:53:40.075+0000] {dag.py:2690} INFO - Sync 1 DAGs
[2023-02-03T04:53:40.109+0000] {logging_mixin.py:137} INFO - [2023-02-03T04:53:40.108+0000] {dag.py:3441} INFO - Setting next_dagrun for our_first_dag_with_python_operator_v1 to 2023-02-02T00:00:00+00:00, run_after=2023-02-03T00:00:00+00:00
[2023-02-03T04:53:40.125+0000] {processor.py:175} INFO - Processing /opt/airflow/dags/create_dag_with_python_operator.py took 0.114 seconds
[2023-02-03T04:54:10.399+0000] {processor.py:153} INFO - Started process (PID=1277) to work on /opt/airflow/dags/create_dag_with_python_operator.py
[2023-02-03T04:54:10.401+0000] {processor.py:743} INFO - Processing file /opt/airflow/dags/create_dag_with_python_operator.py for tasks to queue
[2023-02-03T04:54:10.402+0000] {logging_mixin.py:137} INFO - [2023-02-03T04:54:10.402+0000] {dagbag.py:538} INFO - Filling up the DagBag from /opt/airflow/dags/create_dag_with_python_operator.py
[2023-02-03T04:54:10.423+0000] {processor.py:753} INFO - DAG(s) dict_keys(['our_first_dag_with_python_operator_v1']) retrieved from /opt/airflow/dags/create_dag_with_python_operator.py
[2023-02-03T04:54:10.454+0000] {logging_mixin.py:137} INFO - [2023-02-03T04:54:10.453+0000] {dag.py:2690} INFO - Sync 1 DAGs
[2023-02-03T04:54:10.476+0000] {logging_mixin.py:137} INFO - [2023-02-03T04:54:10.476+0000] {dag.py:3441} INFO - Setting next_dagrun for our_first_dag_with_python_operator_v1 to 2023-02-02T00:00:00+00:00, run_after=2023-02-03T00:00:00+00:00
[2023-02-03T04:54:10.492+0000] {processor.py:175} INFO - Processing /opt/airflow/dags/create_dag_with_python_operator.py took 0.097 seconds
[2023-02-03T04:54:41.001+0000] {processor.py:153} INFO - Started process (PID=1324) to work on /opt/airflow/dags/create_dag_with_python_operator.py
[2023-02-03T04:54:41.005+0000] {processor.py:743} INFO - Processing file /opt/airflow/dags/create_dag_with_python_operator.py for tasks to queue
[2023-02-03T04:54:41.007+0000] {logging_mixin.py:137} INFO - [2023-02-03T04:54:41.006+0000] {dagbag.py:538} INFO - Filling up the DagBag from /opt/airflow/dags/create_dag_with_python_operator.py
[2023-02-03T04:54:41.040+0000] {processor.py:753} INFO - DAG(s) dict_keys(['our_first_dag_with_python_operator_v1']) retrieved from /opt/airflow/dags/create_dag_with_python_operator.py
[2023-02-03T04:54:41.085+0000] {logging_mixin.py:137} INFO - [2023-02-03T04:54:41.085+0000] {dag.py:2690} INFO - Sync 1 DAGs
[2023-02-03T04:54:41.124+0000] {logging_mixin.py:137} INFO - [2023-02-03T04:54:41.124+0000] {dag.py:3441} INFO - Setting next_dagrun for our_first_dag_with_python_operator_v1 to 2023-02-02T00:00:00+00:00, run_after=2023-02-03T00:00:00+00:00
[2023-02-03T04:54:41.155+0000] {processor.py:175} INFO - Processing /opt/airflow/dags/create_dag_with_python_operator.py took 0.160 seconds
[2023-02-03T04:55:11.275+0000] {processor.py:153} INFO - Started process (PID=1364) to work on /opt/airflow/dags/create_dag_with_python_operator.py
[2023-02-03T04:55:11.278+0000] {processor.py:743} INFO - Processing file /opt/airflow/dags/create_dag_with_python_operator.py for tasks to queue
[2023-02-03T04:55:11.279+0000] {logging_mixin.py:137} INFO - [2023-02-03T04:55:11.279+0000] {dagbag.py:538} INFO - Filling up the DagBag from /opt/airflow/dags/create_dag_with_python_operator.py
[2023-02-03T04:55:11.304+0000] {processor.py:753} INFO - DAG(s) dict_keys(['our_first_dag_with_python_operator_v1']) retrieved from /opt/airflow/dags/create_dag_with_python_operator.py
[2023-02-03T04:55:11.337+0000] {logging_mixin.py:137} INFO - [2023-02-03T04:55:11.337+0000] {dag.py:2690} INFO - Sync 1 DAGs
[2023-02-03T04:55:11.363+0000] {logging_mixin.py:137} INFO - [2023-02-03T04:55:11.363+0000] {dag.py:3441} INFO - Setting next_dagrun for our_first_dag_with_python_operator_v1 to 2023-02-02T00:00:00+00:00, run_after=2023-02-03T00:00:00+00:00
[2023-02-03T04:55:11.381+0000] {processor.py:175} INFO - Processing /opt/airflow/dags/create_dag_with_python_operator.py took 0.113 seconds
[2023-02-03T04:55:41.661+0000] {processor.py:153} INFO - Started process (PID=1402) to work on /opt/airflow/dags/create_dag_with_python_operator.py
[2023-02-03T04:55:41.664+0000] {processor.py:743} INFO - Processing file /opt/airflow/dags/create_dag_with_python_operator.py for tasks to queue
[2023-02-03T04:55:41.665+0000] {logging_mixin.py:137} INFO - [2023-02-03T04:55:41.665+0000] {dagbag.py:538} INFO - Filling up the DagBag from /opt/airflow/dags/create_dag_with_python_operator.py
[2023-02-03T04:55:41.687+0000] {processor.py:753} INFO - DAG(s) dict_keys(['our_first_dag_with_python_operator_v1']) retrieved from /opt/airflow/dags/create_dag_with_python_operator.py
[2023-02-03T04:55:41.714+0000] {logging_mixin.py:137} INFO - [2023-02-03T04:55:41.714+0000] {dag.py:2690} INFO - Sync 1 DAGs
[2023-02-03T04:55:41.741+0000] {logging_mixin.py:137} INFO - [2023-02-03T04:55:41.741+0000] {dag.py:3441} INFO - Setting next_dagrun for our_first_dag_with_python_operator_v1 to 2023-02-02T00:00:00+00:00, run_after=2023-02-03T00:00:00+00:00
[2023-02-03T04:55:41.759+0000] {processor.py:175} INFO - Processing /opt/airflow/dags/create_dag_with_python_operator.py took 0.103 seconds
[2023-02-03T04:56:12.228+0000] {processor.py:153} INFO - Started process (PID=1452) to work on /opt/airflow/dags/create_dag_with_python_operator.py
[2023-02-03T04:56:12.231+0000] {processor.py:743} INFO - Processing file /opt/airflow/dags/create_dag_with_python_operator.py for tasks to queue
[2023-02-03T04:56:12.234+0000] {logging_mixin.py:137} INFO - [2023-02-03T04:56:12.233+0000] {dagbag.py:538} INFO - Filling up the DagBag from /opt/airflow/dags/create_dag_with_python_operator.py
[2023-02-03T04:56:12.283+0000] {processor.py:753} INFO - DAG(s) dict_keys(['our_first_dag_with_python_operator_v1']) retrieved from /opt/airflow/dags/create_dag_with_python_operator.py
[2023-02-03T04:56:12.328+0000] {logging_mixin.py:137} INFO - [2023-02-03T04:56:12.328+0000] {dag.py:2690} INFO - Sync 1 DAGs
[2023-02-03T04:56:12.376+0000] {logging_mixin.py:137} INFO - [2023-02-03T04:56:12.375+0000] {dag.py:3441} INFO - Setting next_dagrun for our_first_dag_with_python_operator_v1 to 2023-02-02T00:00:00+00:00, run_after=2023-02-03T00:00:00+00:00
[2023-02-03T04:56:12.409+0000] {processor.py:175} INFO - Processing /opt/airflow/dags/create_dag_with_python_operator.py took 0.191 seconds
[2023-02-03T04:56:42.560+0000] {processor.py:153} INFO - Started process (PID=1490) to work on /opt/airflow/dags/create_dag_with_python_operator.py
[2023-02-03T04:56:42.563+0000] {processor.py:743} INFO - Processing file /opt/airflow/dags/create_dag_with_python_operator.py for tasks to queue
[2023-02-03T04:56:42.565+0000] {logging_mixin.py:137} INFO - [2023-02-03T04:56:42.564+0000] {dagbag.py:538} INFO - Filling up the DagBag from /opt/airflow/dags/create_dag_with_python_operator.py
[2023-02-03T04:56:42.588+0000] {processor.py:753} INFO - DAG(s) dict_keys(['our_first_dag_with_python_operator_v1']) retrieved from /opt/airflow/dags/create_dag_with_python_operator.py
[2023-02-03T04:56:42.618+0000] {logging_mixin.py:137} INFO - [2023-02-03T04:56:42.618+0000] {dag.py:2690} INFO - Sync 1 DAGs
[2023-02-03T04:56:42.643+0000] {logging_mixin.py:137} INFO - [2023-02-03T04:56:42.642+0000] {dag.py:3441} INFO - Setting next_dagrun for our_first_dag_with_python_operator_v1 to 2023-02-02T00:00:00+00:00, run_after=2023-02-03T00:00:00+00:00
[2023-02-03T04:56:42.660+0000] {processor.py:175} INFO - Processing /opt/airflow/dags/create_dag_with_python_operator.py took 0.106 seconds
[2023-02-03T04:57:12.875+0000] {processor.py:153} INFO - Started process (PID=1536) to work on /opt/airflow/dags/create_dag_with_python_operator.py
[2023-02-03T04:57:12.877+0000] {processor.py:743} INFO - Processing file /opt/airflow/dags/create_dag_with_python_operator.py for tasks to queue
[2023-02-03T04:57:12.879+0000] {logging_mixin.py:137} INFO - [2023-02-03T04:57:12.879+0000] {dagbag.py:538} INFO - Filling up the DagBag from /opt/airflow/dags/create_dag_with_python_operator.py
[2023-02-03T04:57:12.903+0000] {processor.py:753} INFO - DAG(s) dict_keys(['our_first_dag_with_python_operator_v1']) retrieved from /opt/airflow/dags/create_dag_with_python_operator.py
[2023-02-03T04:57:12.938+0000] {logging_mixin.py:137} INFO - [2023-02-03T04:57:12.937+0000] {dag.py:2690} INFO - Sync 1 DAGs
[2023-02-03T04:57:12.965+0000] {logging_mixin.py:137} INFO - [2023-02-03T04:57:12.965+0000] {dag.py:3441} INFO - Setting next_dagrun for our_first_dag_with_python_operator_v1 to 2023-02-02T00:00:00+00:00, run_after=2023-02-03T00:00:00+00:00
[2023-02-03T04:57:12.983+0000] {processor.py:175} INFO - Processing /opt/airflow/dags/create_dag_with_python_operator.py took 0.112 seconds
[2023-02-03T04:57:43.217+0000] {processor.py:153} INFO - Started process (PID=1577) to work on /opt/airflow/dags/create_dag_with_python_operator.py
[2023-02-03T04:57:43.220+0000] {processor.py:743} INFO - Processing file /opt/airflow/dags/create_dag_with_python_operator.py for tasks to queue
[2023-02-03T04:57:43.222+0000] {logging_mixin.py:137} INFO - [2023-02-03T04:57:43.222+0000] {dagbag.py:538} INFO - Filling up the DagBag from /opt/airflow/dags/create_dag_with_python_operator.py
[2023-02-03T04:57:43.251+0000] {processor.py:753} INFO - DAG(s) dict_keys(['our_first_dag_with_python_operator_v1']) retrieved from /opt/airflow/dags/create_dag_with_python_operator.py
[2023-02-03T04:57:43.285+0000] {logging_mixin.py:137} INFO - [2023-02-03T04:57:43.285+0000] {dag.py:2690} INFO - Sync 1 DAGs
[2023-02-03T04:57:43.312+0000] {logging_mixin.py:137} INFO - [2023-02-03T04:57:43.312+0000] {dag.py:3441} INFO - Setting next_dagrun for our_first_dag_with_python_operator_v1 to 2023-02-02T00:00:00+00:00, run_after=2023-02-03T00:00:00+00:00
[2023-02-03T04:57:43.329+0000] {processor.py:175} INFO - Processing /opt/airflow/dags/create_dag_with_python_operator.py took 0.118 seconds
[2023-02-03T04:58:13.485+0000] {processor.py:153} INFO - Started process (PID=1615) to work on /opt/airflow/dags/create_dag_with_python_operator.py
[2023-02-03T04:58:13.488+0000] {processor.py:743} INFO - Processing file /opt/airflow/dags/create_dag_with_python_operator.py for tasks to queue
[2023-02-03T04:58:13.489+0000] {logging_mixin.py:137} INFO - [2023-02-03T04:58:13.489+0000] {dagbag.py:538} INFO - Filling up the DagBag from /opt/airflow/dags/create_dag_with_python_operator.py
[2023-02-03T04:58:13.521+0000] {processor.py:753} INFO - DAG(s) dict_keys(['our_first_dag_with_python_operator_v1']) retrieved from /opt/airflow/dags/create_dag_with_python_operator.py
[2023-02-03T04:58:13.551+0000] {logging_mixin.py:137} INFO - [2023-02-03T04:58:13.551+0000] {dag.py:2690} INFO - Sync 1 DAGs
[2023-02-03T04:58:13.580+0000] {logging_mixin.py:137} INFO - [2023-02-03T04:58:13.580+0000] {dag.py:3441} INFO - Setting next_dagrun for our_first_dag_with_python_operator_v1 to 2023-02-02T00:00:00+00:00, run_after=2023-02-03T00:00:00+00:00
[2023-02-03T04:58:13.599+0000] {processor.py:175} INFO - Processing /opt/airflow/dags/create_dag_with_python_operator.py took 0.119 seconds
[2023-02-03T04:58:43.760+0000] {processor.py:153} INFO - Started process (PID=1666) to work on /opt/airflow/dags/create_dag_with_python_operator.py
[2023-02-03T04:58:43.763+0000] {processor.py:743} INFO - Processing file /opt/airflow/dags/create_dag_with_python_operator.py for tasks to queue
[2023-02-03T04:58:43.766+0000] {logging_mixin.py:137} INFO - [2023-02-03T04:58:43.766+0000] {dagbag.py:538} INFO - Filling up the DagBag from /opt/airflow/dags/create_dag_with_python_operator.py
[2023-02-03T04:58:43.796+0000] {processor.py:753} INFO - DAG(s) dict_keys(['our_first_dag_with_python_operator_v1']) retrieved from /opt/airflow/dags/create_dag_with_python_operator.py
[2023-02-03T04:58:43.833+0000] {logging_mixin.py:137} INFO - [2023-02-03T04:58:43.833+0000] {dag.py:2690} INFO - Sync 1 DAGs
[2023-02-03T04:58:43.863+0000] {logging_mixin.py:137} INFO - [2023-02-03T04:58:43.863+0000] {dag.py:3441} INFO - Setting next_dagrun for our_first_dag_with_python_operator_v1 to 2023-02-02T00:00:00+00:00, run_after=2023-02-03T00:00:00+00:00
[2023-02-03T04:58:43.881+0000] {processor.py:175} INFO - Processing /opt/airflow/dags/create_dag_with_python_operator.py took 0.127 seconds
[2023-02-03T04:59:14.023+0000] {processor.py:153} INFO - Started process (PID=1704) to work on /opt/airflow/dags/create_dag_with_python_operator.py
[2023-02-03T04:59:14.026+0000] {processor.py:743} INFO - Processing file /opt/airflow/dags/create_dag_with_python_operator.py for tasks to queue
[2023-02-03T04:59:14.027+0000] {logging_mixin.py:137} INFO - [2023-02-03T04:59:14.027+0000] {dagbag.py:538} INFO - Filling up the DagBag from /opt/airflow/dags/create_dag_with_python_operator.py
[2023-02-03T04:59:14.046+0000] {processor.py:753} INFO - DAG(s) dict_keys(['our_first_dag_with_python_operator_v1']) retrieved from /opt/airflow/dags/create_dag_with_python_operator.py
[2023-02-03T04:59:14.078+0000] {logging_mixin.py:137} INFO - [2023-02-03T04:59:14.078+0000] {dag.py:2690} INFO - Sync 1 DAGs
[2023-02-03T04:59:14.105+0000] {logging_mixin.py:137} INFO - [2023-02-03T04:59:14.105+0000] {dag.py:3441} INFO - Setting next_dagrun for our_first_dag_with_python_operator_v1 to 2023-02-02T00:00:00+00:00, run_after=2023-02-03T00:00:00+00:00
[2023-02-03T04:59:14.123+0000] {processor.py:175} INFO - Processing /opt/airflow/dags/create_dag_with_python_operator.py took 0.103 seconds
[2023-02-03T04:59:44.262+0000] {processor.py:153} INFO - Started process (PID=1754) to work on /opt/airflow/dags/create_dag_with_python_operator.py
[2023-02-03T04:59:44.265+0000] {processor.py:743} INFO - Processing file /opt/airflow/dags/create_dag_with_python_operator.py for tasks to queue
[2023-02-03T04:59:44.266+0000] {logging_mixin.py:137} INFO - [2023-02-03T04:59:44.266+0000] {dagbag.py:538} INFO - Filling up the DagBag from /opt/airflow/dags/create_dag_with_python_operator.py
[2023-02-03T04:59:44.288+0000] {processor.py:753} INFO - DAG(s) dict_keys(['our_first_dag_with_python_operator_v1']) retrieved from /opt/airflow/dags/create_dag_with_python_operator.py
[2023-02-03T04:59:44.320+0000] {logging_mixin.py:137} INFO - [2023-02-03T04:59:44.320+0000] {dag.py:2690} INFO - Sync 1 DAGs
[2023-02-03T04:59:44.348+0000] {logging_mixin.py:137} INFO - [2023-02-03T04:59:44.348+0000] {dag.py:3441} INFO - Setting next_dagrun for our_first_dag_with_python_operator_v1 to 2023-02-02T00:00:00+00:00, run_after=2023-02-03T00:00:00+00:00
[2023-02-03T04:59:44.366+0000] {processor.py:175} INFO - Processing /opt/airflow/dags/create_dag_with_python_operator.py took 0.109 seconds
[2023-02-03T05:00:14.558+0000] {processor.py:153} INFO - Started process (PID=1792) to work on /opt/airflow/dags/create_dag_with_python_operator.py
[2023-02-03T05:00:14.561+0000] {processor.py:743} INFO - Processing file /opt/airflow/dags/create_dag_with_python_operator.py for tasks to queue
[2023-02-03T05:00:14.562+0000] {logging_mixin.py:137} INFO - [2023-02-03T05:00:14.562+0000] {dagbag.py:538} INFO - Filling up the DagBag from /opt/airflow/dags/create_dag_with_python_operator.py
[2023-02-03T05:00:14.588+0000] {processor.py:753} INFO - DAG(s) dict_keys(['our_first_dag_with_python_operator_v1']) retrieved from /opt/airflow/dags/create_dag_with_python_operator.py
[2023-02-03T05:00:14.613+0000] {logging_mixin.py:137} INFO - [2023-02-03T05:00:14.613+0000] {dag.py:2690} INFO - Sync 1 DAGs
[2023-02-03T05:00:14.636+0000] {logging_mixin.py:137} INFO - [2023-02-03T05:00:14.636+0000] {dag.py:3441} INFO - Setting next_dagrun for our_first_dag_with_python_operator_v1 to 2023-02-02T00:00:00+00:00, run_after=2023-02-03T00:00:00+00:00
[2023-02-03T05:00:14.652+0000] {processor.py:175} INFO - Processing /opt/airflow/dags/create_dag_with_python_operator.py took 0.101 seconds
[2023-02-03T05:00:44.705+0000] {processor.py:153} INFO - Started process (PID=1843) to work on /opt/airflow/dags/create_dag_with_python_operator.py
[2023-02-03T05:00:44.707+0000] {processor.py:743} INFO - Processing file /opt/airflow/dags/create_dag_with_python_operator.py for tasks to queue
[2023-02-03T05:00:44.709+0000] {logging_mixin.py:137} INFO - [2023-02-03T05:00:44.709+0000] {dagbag.py:538} INFO - Filling up the DagBag from /opt/airflow/dags/create_dag_with_python_operator.py
[2023-02-03T05:00:44.732+0000] {processor.py:753} INFO - DAG(s) dict_keys(['our_first_dag_with_python_operator_v1']) retrieved from /opt/airflow/dags/create_dag_with_python_operator.py
[2023-02-03T05:00:44.759+0000] {logging_mixin.py:137} INFO - [2023-02-03T05:00:44.759+0000] {dag.py:2690} INFO - Sync 1 DAGs
[2023-02-03T05:00:44.782+0000] {logging_mixin.py:137} INFO - [2023-02-03T05:00:44.782+0000] {dag.py:3441} INFO - Setting next_dagrun for our_first_dag_with_python_operator_v1 to 2023-02-02T00:00:00+00:00, run_after=2023-02-03T00:00:00+00:00
[2023-02-03T05:00:44.797+0000] {processor.py:175} INFO - Processing /opt/airflow/dags/create_dag_with_python_operator.py took 0.101 seconds
[2023-02-03T05:01:14.919+0000] {processor.py:153} INFO - Started process (PID=1881) to work on /opt/airflow/dags/create_dag_with_python_operator.py
[2023-02-03T05:01:14.922+0000] {processor.py:743} INFO - Processing file /opt/airflow/dags/create_dag_with_python_operator.py for tasks to queue
[2023-02-03T05:01:14.923+0000] {logging_mixin.py:137} INFO - [2023-02-03T05:01:14.923+0000] {dagbag.py:538} INFO - Filling up the DagBag from /opt/airflow/dags/create_dag_with_python_operator.py
[2023-02-03T05:01:14.942+0000] {processor.py:753} INFO - DAG(s) dict_keys(['our_first_dag_with_python_operator_v1']) retrieved from /opt/airflow/dags/create_dag_with_python_operator.py
[2023-02-03T05:01:14.969+0000] {logging_mixin.py:137} INFO - [2023-02-03T05:01:14.969+0000] {dag.py:2690} INFO - Sync 1 DAGs
[2023-02-03T05:01:14.993+0000] {logging_mixin.py:137} INFO - [2023-02-03T05:01:14.993+0000] {dag.py:3441} INFO - Setting next_dagrun for our_first_dag_with_python_operator_v1 to 2023-02-02T00:00:00+00:00, run_after=2023-02-03T00:00:00+00:00
[2023-02-03T05:01:15.008+0000] {processor.py:175} INFO - Processing /opt/airflow/dags/create_dag_with_python_operator.py took 0.095 seconds
[2023-02-03T05:01:45.155+0000] {processor.py:153} INFO - Started process (PID=1931) to work on /opt/airflow/dags/create_dag_with_python_operator.py
[2023-02-03T05:01:45.158+0000] {processor.py:743} INFO - Processing file /opt/airflow/dags/create_dag_with_python_operator.py for tasks to queue
[2023-02-03T05:01:45.159+0000] {logging_mixin.py:137} INFO - [2023-02-03T05:01:45.159+0000] {dagbag.py:538} INFO - Filling up the DagBag from /opt/airflow/dags/create_dag_with_python_operator.py
[2023-02-03T05:01:45.180+0000] {processor.py:753} INFO - DAG(s) dict_keys(['our_first_dag_with_python_operator_v1']) retrieved from /opt/airflow/dags/create_dag_with_python_operator.py
[2023-02-03T05:01:45.207+0000] {logging_mixin.py:137} INFO - [2023-02-03T05:01:45.207+0000] {dag.py:2690} INFO - Sync 1 DAGs
[2023-02-03T05:01:45.230+0000] {logging_mixin.py:137} INFO - [2023-02-03T05:01:45.230+0000] {dag.py:3441} INFO - Setting next_dagrun for our_first_dag_with_python_operator_v1 to 2023-02-02T00:00:00+00:00, run_after=2023-02-03T00:00:00+00:00
[2023-02-03T05:01:45.245+0000] {processor.py:175} INFO - Processing /opt/airflow/dags/create_dag_with_python_operator.py took 0.095 seconds
[2023-02-03T05:02:15.343+0000] {processor.py:153} INFO - Started process (PID=1968) to work on /opt/airflow/dags/create_dag_with_python_operator.py
[2023-02-03T05:02:15.345+0000] {processor.py:743} INFO - Processing file /opt/airflow/dags/create_dag_with_python_operator.py for tasks to queue
[2023-02-03T05:02:15.347+0000] {logging_mixin.py:137} INFO - [2023-02-03T05:02:15.347+0000] {dagbag.py:538} INFO - Filling up the DagBag from /opt/airflow/dags/create_dag_with_python_operator.py
[2023-02-03T05:02:15.368+0000] {processor.py:753} INFO - DAG(s) dict_keys(['our_first_dag_with_python_operator_v1']) retrieved from /opt/airflow/dags/create_dag_with_python_operator.py
[2023-02-03T05:02:15.396+0000] {logging_mixin.py:137} INFO - [2023-02-03T05:02:15.396+0000] {dag.py:2690} INFO - Sync 1 DAGs
[2023-02-03T05:02:15.419+0000] {logging_mixin.py:137} INFO - [2023-02-03T05:02:15.419+0000] {dag.py:3441} INFO - Setting next_dagrun for our_first_dag_with_python_operator_v1 to 2023-02-02T00:00:00+00:00, run_after=2023-02-03T00:00:00+00:00
[2023-02-03T05:02:15.434+0000] {processor.py:175} INFO - Processing /opt/airflow/dags/create_dag_with_python_operator.py took 0.097 seconds
[2023-02-03T05:02:46.164+0000] {processor.py:153} INFO - Started process (PID=2018) to work on /opt/airflow/dags/create_dag_with_python_operator.py
[2023-02-03T05:02:46.167+0000] {processor.py:743} INFO - Processing file /opt/airflow/dags/create_dag_with_python_operator.py for tasks to queue
[2023-02-03T05:02:46.169+0000] {logging_mixin.py:137} INFO - [2023-02-03T05:02:46.169+0000] {dagbag.py:538} INFO - Filling up the DagBag from /opt/airflow/dags/create_dag_with_python_operator.py
[2023-02-03T05:02:46.208+0000] {processor.py:753} INFO - DAG(s) dict_keys(['our_first_dag_with_python_operator_v1']) retrieved from /opt/airflow/dags/create_dag_with_python_operator.py
[2023-02-03T05:02:46.254+0000] {logging_mixin.py:137} INFO - [2023-02-03T05:02:46.254+0000] {dag.py:2690} INFO - Sync 1 DAGs
[2023-02-03T05:02:46.293+0000] {logging_mixin.py:137} INFO - [2023-02-03T05:02:46.293+0000] {dag.py:3441} INFO - Setting next_dagrun for our_first_dag_with_python_operator_v1 to 2023-02-02T00:00:00+00:00, run_after=2023-02-03T00:00:00+00:00
[2023-02-03T05:02:46.322+0000] {processor.py:175} INFO - Processing /opt/airflow/dags/create_dag_with_python_operator.py took 0.164 seconds
[2023-02-03T05:03:16.431+0000] {processor.py:153} INFO - Started process (PID=2057) to work on /opt/airflow/dags/create_dag_with_python_operator.py
[2023-02-03T05:03:16.442+0000] {processor.py:743} INFO - Processing file /opt/airflow/dags/create_dag_with_python_operator.py for tasks to queue
[2023-02-03T05:03:16.446+0000] {logging_mixin.py:137} INFO - [2023-02-03T05:03:16.445+0000] {dagbag.py:538} INFO - Filling up the DagBag from /opt/airflow/dags/create_dag_with_python_operator.py
[2023-02-03T05:03:16.489+0000] {processor.py:753} INFO - DAG(s) dict_keys(['our_first_dag_with_python_operator_v1']) retrieved from /opt/airflow/dags/create_dag_with_python_operator.py
[2023-02-03T05:03:16.556+0000] {logging_mixin.py:137} INFO - [2023-02-03T05:03:16.556+0000] {dag.py:2690} INFO - Sync 1 DAGs
[2023-02-03T05:03:16.606+0000] {logging_mixin.py:137} INFO - [2023-02-03T05:03:16.606+0000] {dag.py:3441} INFO - Setting next_dagrun for our_first_dag_with_python_operator_v1 to 2023-02-02T00:00:00+00:00, run_after=2023-02-03T00:00:00+00:00
[2023-02-03T05:03:16.634+0000] {processor.py:175} INFO - Processing /opt/airflow/dags/create_dag_with_python_operator.py took 0.229 seconds
