[2023-02-03T04:39:11.897+0000] {processor.py:153} INFO - Started process (PID=49) to work on /opt/airflow/dags/dag_with_po6.py
[2023-02-03T04:39:11.918+0000] {processor.py:743} INFO - Processing file /opt/airflow/dags/dag_with_po6.py for tasks to queue
[2023-02-03T04:39:11.983+0000] {logging_mixin.py:137} INFO - [2023-02-03T04:39:11.933+0000] {dagbag.py:538} INFO - Filling up the DagBag from /opt/airflow/dags/dag_with_po6.py
[2023-02-03T04:39:12.563+0000] {processor.py:753} INFO - DAG(s) dict_keys(['our_first_dag_with_python_operator_v6']) retrieved from /opt/airflow/dags/dag_with_po6.py
[2023-02-03T04:39:13.148+0000] {logging_mixin.py:137} INFO - [2023-02-03T04:39:13.148+0000] {dag.py:2690} INFO - Sync 1 DAGs
[2023-02-03T04:39:13.487+0000] {logging_mixin.py:137} INFO - [2023-02-03T04:39:13.486+0000] {dag.py:3441} INFO - Setting next_dagrun for our_first_dag_with_python_operator_v6 to 2023-02-02T00:00:00+00:00, run_after=2023-02-03T00:00:00+00:00
[2023-02-03T04:39:13.869+0000] {processor.py:175} INFO - Processing /opt/airflow/dags/dag_with_po6.py took 2.237 seconds
[2023-02-03T04:39:44.767+0000] {processor.py:153} INFO - Started process (PID=86) to work on /opt/airflow/dags/dag_with_po6.py
[2023-02-03T04:39:44.816+0000] {processor.py:743} INFO - Processing file /opt/airflow/dags/dag_with_po6.py for tasks to queue
[2023-02-03T04:39:44.837+0000] {logging_mixin.py:137} INFO - [2023-02-03T04:39:44.837+0000] {dagbag.py:538} INFO - Filling up the DagBag from /opt/airflow/dags/dag_with_po6.py
[2023-02-03T04:39:45.263+0000] {processor.py:753} INFO - DAG(s) dict_keys(['our_first_dag_with_python_operator_v6']) retrieved from /opt/airflow/dags/dag_with_po6.py
[2023-02-03T04:39:46.047+0000] {logging_mixin.py:137} INFO - [2023-02-03T04:39:46.020+0000] {dag.py:2690} INFO - Sync 1 DAGs
[2023-02-03T04:39:46.226+0000] {logging_mixin.py:137} INFO - [2023-02-03T04:39:46.225+0000] {dag.py:3441} INFO - Setting next_dagrun for our_first_dag_with_python_operator_v6 to 2023-02-02T00:00:00+00:00, run_after=2023-02-03T00:00:00+00:00
[2023-02-03T04:39:46.335+0000] {processor.py:175} INFO - Processing /opt/airflow/dags/dag_with_po6.py took 1.739 seconds
[2023-02-03T04:40:17.041+0000] {processor.py:153} INFO - Started process (PID=117) to work on /opt/airflow/dags/dag_with_po6.py
[2023-02-03T04:40:17.056+0000] {processor.py:743} INFO - Processing file /opt/airflow/dags/dag_with_po6.py for tasks to queue
[2023-02-03T04:40:17.058+0000] {logging_mixin.py:137} INFO - [2023-02-03T04:40:17.058+0000] {dagbag.py:538} INFO - Filling up the DagBag from /opt/airflow/dags/dag_with_po6.py
[2023-02-03T04:40:17.251+0000] {processor.py:753} INFO - DAG(s) dict_keys(['our_first_dag_with_python_operator_v6']) retrieved from /opt/airflow/dags/dag_with_po6.py
[2023-02-03T04:40:17.549+0000] {logging_mixin.py:137} INFO - [2023-02-03T04:40:17.548+0000] {dag.py:2690} INFO - Sync 1 DAGs
[2023-02-03T04:40:17.649+0000] {logging_mixin.py:137} INFO - [2023-02-03T04:40:17.649+0000] {dag.py:3441} INFO - Setting next_dagrun for our_first_dag_with_python_operator_v6 to 2023-02-02T00:00:00+00:00, run_after=2023-02-03T00:00:00+00:00
[2023-02-03T04:40:17.754+0000] {processor.py:175} INFO - Processing /opt/airflow/dags/dag_with_po6.py took 0.740 seconds
[2023-02-03T04:40:48.097+0000] {processor.py:153} INFO - Started process (PID=155) to work on /opt/airflow/dags/dag_with_po6.py
[2023-02-03T04:40:48.102+0000] {processor.py:743} INFO - Processing file /opt/airflow/dags/dag_with_po6.py for tasks to queue
[2023-02-03T04:40:48.103+0000] {logging_mixin.py:137} INFO - [2023-02-03T04:40:48.103+0000] {dagbag.py:538} INFO - Filling up the DagBag from /opt/airflow/dags/dag_with_po6.py
[2023-02-03T04:40:48.180+0000] {processor.py:753} INFO - DAG(s) dict_keys(['our_first_dag_with_python_operator_v6']) retrieved from /opt/airflow/dags/dag_with_po6.py
[2023-02-03T04:40:48.242+0000] {logging_mixin.py:137} INFO - [2023-02-03T04:40:48.242+0000] {dag.py:2690} INFO - Sync 1 DAGs
[2023-02-03T04:40:48.277+0000] {logging_mixin.py:137} INFO - [2023-02-03T04:40:48.277+0000] {dag.py:3441} INFO - Setting next_dagrun for our_first_dag_with_python_operator_v6 to 2023-02-02T00:00:00+00:00, run_after=2023-02-03T00:00:00+00:00
[2023-02-03T04:40:48.297+0000] {processor.py:175} INFO - Processing /opt/airflow/dags/dag_with_po6.py took 0.208 seconds
[2023-02-03T04:41:18.662+0000] {processor.py:153} INFO - Started process (PID=199) to work on /opt/airflow/dags/dag_with_po6.py
[2023-02-03T04:41:18.678+0000] {processor.py:743} INFO - Processing file /opt/airflow/dags/dag_with_po6.py for tasks to queue
[2023-02-03T04:41:18.680+0000] {logging_mixin.py:137} INFO - [2023-02-03T04:41:18.680+0000] {dagbag.py:538} INFO - Filling up the DagBag from /opt/airflow/dags/dag_with_po6.py
[2023-02-03T04:41:18.748+0000] {processor.py:753} INFO - DAG(s) dict_keys(['our_first_dag_with_python_operator_v6']) retrieved from /opt/airflow/dags/dag_with_po6.py
[2023-02-03T04:41:18.812+0000] {logging_mixin.py:137} INFO - [2023-02-03T04:41:18.812+0000] {dag.py:2690} INFO - Sync 1 DAGs
[2023-02-03T04:41:18.861+0000] {logging_mixin.py:137} INFO - [2023-02-03T04:41:18.861+0000] {dag.py:3441} INFO - Setting next_dagrun for our_first_dag_with_python_operator_v6 to 2023-02-02T00:00:00+00:00, run_after=2023-02-03T00:00:00+00:00
[2023-02-03T04:41:18.925+0000] {processor.py:175} INFO - Processing /opt/airflow/dags/dag_with_po6.py took 0.298 seconds
[2023-02-03T04:41:49.145+0000] {processor.py:153} INFO - Started process (PID=238) to work on /opt/airflow/dags/dag_with_po6.py
[2023-02-03T04:41:49.182+0000] {processor.py:743} INFO - Processing file /opt/airflow/dags/dag_with_po6.py for tasks to queue
[2023-02-03T04:41:49.196+0000] {logging_mixin.py:137} INFO - [2023-02-03T04:41:49.194+0000] {dagbag.py:538} INFO - Filling up the DagBag from /opt/airflow/dags/dag_with_po6.py
[2023-02-03T04:41:50.164+0000] {processor.py:753} INFO - DAG(s) dict_keys(['our_first_dag_with_python_operator_v6']) retrieved from /opt/airflow/dags/dag_with_po6.py
[2023-02-03T04:41:50.425+0000] {logging_mixin.py:137} INFO - [2023-02-03T04:41:50.425+0000] {dag.py:2690} INFO - Sync 1 DAGs
[2023-02-03T04:41:50.579+0000] {logging_mixin.py:137} INFO - [2023-02-03T04:41:50.579+0000] {dag.py:3441} INFO - Setting next_dagrun for our_first_dag_with_python_operator_v6 to 2023-02-02T00:00:00+00:00, run_after=2023-02-03T00:00:00+00:00
[2023-02-03T04:41:50.687+0000] {processor.py:175} INFO - Processing /opt/airflow/dags/dag_with_po6.py took 1.631 seconds
[2023-02-03T04:42:21.210+0000] {processor.py:153} INFO - Started process (PID=280) to work on /opt/airflow/dags/dag_with_po6.py
[2023-02-03T04:42:21.212+0000] {processor.py:743} INFO - Processing file /opt/airflow/dags/dag_with_po6.py for tasks to queue
[2023-02-03T04:42:21.214+0000] {logging_mixin.py:137} INFO - [2023-02-03T04:42:21.214+0000] {dagbag.py:538} INFO - Filling up the DagBag from /opt/airflow/dags/dag_with_po6.py
[2023-02-03T04:42:21.249+0000] {processor.py:753} INFO - DAG(s) dict_keys(['our_first_dag_with_python_operator_v6']) retrieved from /opt/airflow/dags/dag_with_po6.py
[2023-02-03T04:42:21.302+0000] {logging_mixin.py:137} INFO - [2023-02-03T04:42:21.302+0000] {dag.py:2690} INFO - Sync 1 DAGs
[2023-02-03T04:42:21.337+0000] {logging_mixin.py:137} INFO - [2023-02-03T04:42:21.337+0000] {dag.py:3441} INFO - Setting next_dagrun for our_first_dag_with_python_operator_v6 to 2023-02-02T00:00:00+00:00, run_after=2023-02-03T00:00:00+00:00
[2023-02-03T04:42:21.357+0000] {processor.py:175} INFO - Processing /opt/airflow/dags/dag_with_po6.py took 0.153 seconds
[2023-02-03T04:42:51.713+0000] {processor.py:153} INFO - Started process (PID=318) to work on /opt/airflow/dags/dag_with_po6.py
[2023-02-03T04:42:51.716+0000] {processor.py:743} INFO - Processing file /opt/airflow/dags/dag_with_po6.py for tasks to queue
[2023-02-03T04:42:51.718+0000] {logging_mixin.py:137} INFO - [2023-02-03T04:42:51.718+0000] {dagbag.py:538} INFO - Filling up the DagBag from /opt/airflow/dags/dag_with_po6.py
[2023-02-03T04:42:51.771+0000] {processor.py:753} INFO - DAG(s) dict_keys(['our_first_dag_with_python_operator_v6']) retrieved from /opt/airflow/dags/dag_with_po6.py
[2023-02-03T04:42:51.826+0000] {logging_mixin.py:137} INFO - [2023-02-03T04:42:51.826+0000] {dag.py:2690} INFO - Sync 1 DAGs
[2023-02-03T04:42:51.861+0000] {logging_mixin.py:137} INFO - [2023-02-03T04:42:51.861+0000] {dag.py:3441} INFO - Setting next_dagrun for our_first_dag_with_python_operator_v6 to 2023-02-02T00:00:00+00:00, run_after=2023-02-03T00:00:00+00:00
[2023-02-03T04:42:51.883+0000] {processor.py:175} INFO - Processing /opt/airflow/dags/dag_with_po6.py took 0.181 seconds
[2023-02-03T04:43:21.944+0000] {processor.py:153} INFO - Started process (PID=368) to work on /opt/airflow/dags/dag_with_po6.py
[2023-02-03T04:43:21.946+0000] {processor.py:743} INFO - Processing file /opt/airflow/dags/dag_with_po6.py for tasks to queue
[2023-02-03T04:43:21.947+0000] {logging_mixin.py:137} INFO - [2023-02-03T04:43:21.947+0000] {dagbag.py:538} INFO - Filling up the DagBag from /opt/airflow/dags/dag_with_po6.py
[2023-02-03T04:43:22.002+0000] {processor.py:753} INFO - DAG(s) dict_keys(['our_first_dag_with_python_operator_v6']) retrieved from /opt/airflow/dags/dag_with_po6.py
[2023-02-03T04:43:22.038+0000] {logging_mixin.py:137} INFO - [2023-02-03T04:43:22.038+0000] {dag.py:2690} INFO - Sync 1 DAGs
[2023-02-03T04:43:22.067+0000] {logging_mixin.py:137} INFO - [2023-02-03T04:43:22.066+0000] {dag.py:3441} INFO - Setting next_dagrun for our_first_dag_with_python_operator_v6 to 2023-02-02T00:00:00+00:00, run_after=2023-02-03T00:00:00+00:00
[2023-02-03T04:43:22.084+0000] {processor.py:175} INFO - Processing /opt/airflow/dags/dag_with_po6.py took 0.145 seconds
[2023-02-03T04:43:52.227+0000] {processor.py:153} INFO - Started process (PID=406) to work on /opt/airflow/dags/dag_with_po6.py
[2023-02-03T04:43:52.230+0000] {processor.py:743} INFO - Processing file /opt/airflow/dags/dag_with_po6.py for tasks to queue
[2023-02-03T04:43:52.231+0000] {logging_mixin.py:137} INFO - [2023-02-03T04:43:52.231+0000] {dagbag.py:538} INFO - Filling up the DagBag from /opt/airflow/dags/dag_with_po6.py
[2023-02-03T04:43:52.289+0000] {processor.py:753} INFO - DAG(s) dict_keys(['our_first_dag_with_python_operator_v6']) retrieved from /opt/airflow/dags/dag_with_po6.py
[2023-02-03T04:43:52.332+0000] {logging_mixin.py:137} INFO - [2023-02-03T04:43:52.331+0000] {dag.py:2690} INFO - Sync 1 DAGs
[2023-02-03T04:43:52.373+0000] {logging_mixin.py:137} INFO - [2023-02-03T04:43:52.373+0000] {dag.py:3441} INFO - Setting next_dagrun for our_first_dag_with_python_operator_v6 to 2023-02-02T00:00:00+00:00, run_after=2023-02-03T00:00:00+00:00
[2023-02-03T04:43:52.422+0000] {processor.py:175} INFO - Processing /opt/airflow/dags/dag_with_po6.py took 0.200 seconds
[2023-02-03T04:44:22.544+0000] {processor.py:153} INFO - Started process (PID=457) to work on /opt/airflow/dags/dag_with_po6.py
[2023-02-03T04:44:22.553+0000] {processor.py:743} INFO - Processing file /opt/airflow/dags/dag_with_po6.py for tasks to queue
[2023-02-03T04:44:22.563+0000] {logging_mixin.py:137} INFO - [2023-02-03T04:44:22.562+0000] {dagbag.py:538} INFO - Filling up the DagBag from /opt/airflow/dags/dag_with_po6.py
[2023-02-03T04:44:22.641+0000] {processor.py:753} INFO - DAG(s) dict_keys(['our_first_dag_with_python_operator_v6']) retrieved from /opt/airflow/dags/dag_with_po6.py
[2023-02-03T04:44:22.695+0000] {logging_mixin.py:137} INFO - [2023-02-03T04:44:22.694+0000] {dag.py:2690} INFO - Sync 1 DAGs
[2023-02-03T04:44:22.743+0000] {logging_mixin.py:137} INFO - [2023-02-03T04:44:22.743+0000] {dag.py:3441} INFO - Setting next_dagrun for our_first_dag_with_python_operator_v6 to 2023-02-02T00:00:00+00:00, run_after=2023-02-03T00:00:00+00:00
[2023-02-03T04:44:22.763+0000] {processor.py:175} INFO - Processing /opt/airflow/dags/dag_with_po6.py took 0.238 seconds
[2023-02-03T04:44:53.038+0000] {processor.py:153} INFO - Started process (PID=500) to work on /opt/airflow/dags/dag_with_po6.py
[2023-02-03T04:44:53.041+0000] {processor.py:743} INFO - Processing file /opt/airflow/dags/dag_with_po6.py for tasks to queue
[2023-02-03T04:44:53.043+0000] {logging_mixin.py:137} INFO - [2023-02-03T04:44:53.042+0000] {dagbag.py:538} INFO - Filling up the DagBag from /opt/airflow/dags/dag_with_po6.py
[2023-02-03T04:44:53.132+0000] {processor.py:753} INFO - DAG(s) dict_keys(['our_first_dag_with_python_operator_v6']) retrieved from /opt/airflow/dags/dag_with_po6.py
[2023-02-03T04:44:53.179+0000] {logging_mixin.py:137} INFO - [2023-02-03T04:44:53.179+0000] {dag.py:2690} INFO - Sync 1 DAGs
[2023-02-03T04:44:53.217+0000] {logging_mixin.py:137} INFO - [2023-02-03T04:44:53.216+0000] {dag.py:3441} INFO - Setting next_dagrun for our_first_dag_with_python_operator_v6 to 2023-02-02T00:00:00+00:00, run_after=2023-02-03T00:00:00+00:00
[2023-02-03T04:44:53.233+0000] {processor.py:175} INFO - Processing /opt/airflow/dags/dag_with_po6.py took 0.202 seconds
[2023-02-03T04:45:23.822+0000] {processor.py:153} INFO - Started process (PID=548) to work on /opt/airflow/dags/dag_with_po6.py
[2023-02-03T04:45:23.835+0000] {processor.py:743} INFO - Processing file /opt/airflow/dags/dag_with_po6.py for tasks to queue
[2023-02-03T04:45:23.849+0000] {logging_mixin.py:137} INFO - [2023-02-03T04:45:23.841+0000] {dagbag.py:538} INFO - Filling up the DagBag from /opt/airflow/dags/dag_with_po6.py
[2023-02-03T04:45:24.093+0000] {processor.py:753} INFO - DAG(s) dict_keys(['our_first_dag_with_python_operator_v6']) retrieved from /opt/airflow/dags/dag_with_po6.py
[2023-02-03T04:45:24.290+0000] {logging_mixin.py:137} INFO - [2023-02-03T04:45:24.289+0000] {dag.py:2690} INFO - Sync 1 DAGs
[2023-02-03T04:45:24.446+0000] {logging_mixin.py:137} INFO - [2023-02-03T04:45:24.445+0000] {dag.py:3441} INFO - Setting next_dagrun for our_first_dag_with_python_operator_v6 to 2023-02-02T00:00:00+00:00, run_after=2023-02-03T00:00:00+00:00
[2023-02-03T04:45:24.554+0000] {processor.py:175} INFO - Processing /opt/airflow/dags/dag_with_po6.py took 0.775 seconds
[2023-02-03T04:45:55.585+0000] {processor.py:153} INFO - Started process (PID=586) to work on /opt/airflow/dags/dag_with_po6.py
[2023-02-03T04:45:55.590+0000] {processor.py:743} INFO - Processing file /opt/airflow/dags/dag_with_po6.py for tasks to queue
[2023-02-03T04:45:55.595+0000] {logging_mixin.py:137} INFO - [2023-02-03T04:45:55.594+0000] {dagbag.py:538} INFO - Filling up the DagBag from /opt/airflow/dags/dag_with_po6.py
[2023-02-03T04:45:55.705+0000] {processor.py:753} INFO - DAG(s) dict_keys(['our_first_dag_with_python_operator_v6']) retrieved from /opt/airflow/dags/dag_with_po6.py
[2023-02-03T04:45:55.907+0000] {logging_mixin.py:137} INFO - [2023-02-03T04:45:55.907+0000] {dag.py:2690} INFO - Sync 1 DAGs
[2023-02-03T04:45:55.964+0000] {logging_mixin.py:137} INFO - [2023-02-03T04:45:55.964+0000] {dag.py:3441} INFO - Setting next_dagrun for our_first_dag_with_python_operator_v6 to 2023-02-02T00:00:00+00:00, run_after=2023-02-03T00:00:00+00:00
[2023-02-03T04:45:55.995+0000] {processor.py:175} INFO - Processing /opt/airflow/dags/dag_with_po6.py took 0.424 seconds
[2023-02-03T04:46:26.786+0000] {processor.py:153} INFO - Started process (PID=627) to work on /opt/airflow/dags/dag_with_po6.py
[2023-02-03T04:46:26.790+0000] {processor.py:743} INFO - Processing file /opt/airflow/dags/dag_with_po6.py for tasks to queue
[2023-02-03T04:46:26.793+0000] {logging_mixin.py:137} INFO - [2023-02-03T04:46:26.792+0000] {dagbag.py:538} INFO - Filling up the DagBag from /opt/airflow/dags/dag_with_po6.py
[2023-02-03T04:46:26.843+0000] {processor.py:753} INFO - DAG(s) dict_keys(['our_first_dag_with_python_operator_v6']) retrieved from /opt/airflow/dags/dag_with_po6.py
[2023-02-03T04:46:26.887+0000] {logging_mixin.py:137} INFO - [2023-02-03T04:46:26.887+0000] {dag.py:2690} INFO - Sync 1 DAGs
[2023-02-03T04:46:26.926+0000] {logging_mixin.py:137} INFO - [2023-02-03T04:46:26.926+0000] {dag.py:3441} INFO - Setting next_dagrun for our_first_dag_with_python_operator_v6 to 2023-02-02T00:00:00+00:00, run_after=2023-02-03T00:00:00+00:00
[2023-02-03T04:46:26.948+0000] {processor.py:175} INFO - Processing /opt/airflow/dags/dag_with_po6.py took 0.171 seconds
[2023-02-03T04:46:57.285+0000] {processor.py:153} INFO - Started process (PID=666) to work on /opt/airflow/dags/dag_with_po6.py
[2023-02-03T04:46:57.291+0000] {processor.py:743} INFO - Processing file /opt/airflow/dags/dag_with_po6.py for tasks to queue
[2023-02-03T04:46:57.295+0000] {logging_mixin.py:137} INFO - [2023-02-03T04:46:57.295+0000] {dagbag.py:538} INFO - Filling up the DagBag from /opt/airflow/dags/dag_with_po6.py
[2023-02-03T04:46:57.337+0000] {processor.py:753} INFO - DAG(s) dict_keys(['our_first_dag_with_python_operator_v6']) retrieved from /opt/airflow/dags/dag_with_po6.py
[2023-02-03T04:46:57.386+0000] {logging_mixin.py:137} INFO - [2023-02-03T04:46:57.386+0000] {dag.py:2690} INFO - Sync 1 DAGs
[2023-02-03T04:46:57.423+0000] {logging_mixin.py:137} INFO - [2023-02-03T04:46:57.423+0000] {dag.py:3441} INFO - Setting next_dagrun for our_first_dag_with_python_operator_v6 to 2023-02-02T00:00:00+00:00, run_after=2023-02-03T00:00:00+00:00
[2023-02-03T04:46:57.453+0000] {processor.py:175} INFO - Processing /opt/airflow/dags/dag_with_po6.py took 0.176 seconds
[2023-02-03T04:47:27.832+0000] {processor.py:153} INFO - Started process (PID=703) to work on /opt/airflow/dags/dag_with_po6.py
[2023-02-03T04:47:27.835+0000] {processor.py:743} INFO - Processing file /opt/airflow/dags/dag_with_po6.py for tasks to queue
[2023-02-03T04:47:27.837+0000] {logging_mixin.py:137} INFO - [2023-02-03T04:47:27.837+0000] {dagbag.py:538} INFO - Filling up the DagBag from /opt/airflow/dags/dag_with_po6.py
[2023-02-03T04:47:27.928+0000] {processor.py:753} INFO - DAG(s) dict_keys(['our_first_dag_with_python_operator_v6']) retrieved from /opt/airflow/dags/dag_with_po6.py
[2023-02-03T04:47:28.023+0000] {logging_mixin.py:137} INFO - [2023-02-03T04:47:28.023+0000] {dag.py:2690} INFO - Sync 1 DAGs
[2023-02-03T04:47:28.081+0000] {logging_mixin.py:137} INFO - [2023-02-03T04:47:28.081+0000] {dag.py:3441} INFO - Setting next_dagrun for our_first_dag_with_python_operator_v6 to 2023-02-02T00:00:00+00:00, run_after=2023-02-03T00:00:00+00:00
[2023-02-03T04:47:28.118+0000] {processor.py:175} INFO - Processing /opt/airflow/dags/dag_with_po6.py took 0.295 seconds
[2023-02-03T04:47:58.554+0000] {processor.py:153} INFO - Started process (PID=752) to work on /opt/airflow/dags/dag_with_po6.py
[2023-02-03T04:47:58.556+0000] {processor.py:743} INFO - Processing file /opt/airflow/dags/dag_with_po6.py for tasks to queue
[2023-02-03T04:47:58.558+0000] {logging_mixin.py:137} INFO - [2023-02-03T04:47:58.558+0000] {dagbag.py:538} INFO - Filling up the DagBag from /opt/airflow/dags/dag_with_po6.py
[2023-02-03T04:47:58.590+0000] {processor.py:753} INFO - DAG(s) dict_keys(['our_first_dag_with_python_operator_v6']) retrieved from /opt/airflow/dags/dag_with_po6.py
[2023-02-03T04:47:58.632+0000] {logging_mixin.py:137} INFO - [2023-02-03T04:47:58.632+0000] {dag.py:2690} INFO - Sync 1 DAGs
[2023-02-03T04:47:58.668+0000] {logging_mixin.py:137} INFO - [2023-02-03T04:47:58.668+0000] {dag.py:3441} INFO - Setting next_dagrun for our_first_dag_with_python_operator_v6 to 2023-02-02T00:00:00+00:00, run_after=2023-02-03T00:00:00+00:00
[2023-02-03T04:47:58.690+0000] {processor.py:175} INFO - Processing /opt/airflow/dags/dag_with_po6.py took 0.142 seconds
[2023-02-03T04:48:29.280+0000] {processor.py:153} INFO - Started process (PID=790) to work on /opt/airflow/dags/dag_with_po6.py
[2023-02-03T04:48:29.285+0000] {processor.py:743} INFO - Processing file /opt/airflow/dags/dag_with_po6.py for tasks to queue
[2023-02-03T04:48:29.289+0000] {logging_mixin.py:137} INFO - [2023-02-03T04:48:29.288+0000] {dagbag.py:538} INFO - Filling up the DagBag from /opt/airflow/dags/dag_with_po6.py
[2023-02-03T04:48:29.337+0000] {processor.py:753} INFO - DAG(s) dict_keys(['our_first_dag_with_python_operator_v6']) retrieved from /opt/airflow/dags/dag_with_po6.py
[2023-02-03T04:48:29.402+0000] {logging_mixin.py:137} INFO - [2023-02-03T04:48:29.402+0000] {dag.py:2690} INFO - Sync 1 DAGs
[2023-02-03T04:48:29.452+0000] {logging_mixin.py:137} INFO - [2023-02-03T04:48:29.452+0000] {dag.py:3441} INFO - Setting next_dagrun for our_first_dag_with_python_operator_v6 to 2023-02-02T00:00:00+00:00, run_after=2023-02-03T00:00:00+00:00
[2023-02-03T04:48:29.478+0000] {processor.py:175} INFO - Processing /opt/airflow/dags/dag_with_po6.py took 0.208 seconds
[2023-02-03T04:49:00.296+0000] {processor.py:153} INFO - Started process (PID=838) to work on /opt/airflow/dags/dag_with_po6.py
[2023-02-03T04:49:00.299+0000] {processor.py:743} INFO - Processing file /opt/airflow/dags/dag_with_po6.py for tasks to queue
[2023-02-03T04:49:00.303+0000] {logging_mixin.py:137} INFO - [2023-02-03T04:49:00.303+0000] {dagbag.py:538} INFO - Filling up the DagBag from /opt/airflow/dags/dag_with_po6.py
[2023-02-03T04:49:00.348+0000] {processor.py:753} INFO - DAG(s) dict_keys(['our_first_dag_with_python_operator_v6']) retrieved from /opt/airflow/dags/dag_with_po6.py
[2023-02-03T04:49:00.400+0000] {logging_mixin.py:137} INFO - [2023-02-03T04:49:00.399+0000] {dag.py:2690} INFO - Sync 1 DAGs
[2023-02-03T04:49:00.471+0000] {logging_mixin.py:137} INFO - [2023-02-03T04:49:00.470+0000] {dag.py:3441} INFO - Setting next_dagrun for our_first_dag_with_python_operator_v6 to 2023-02-02T00:00:00+00:00, run_after=2023-02-03T00:00:00+00:00
[2023-02-03T04:49:00.500+0000] {processor.py:175} INFO - Processing /opt/airflow/dags/dag_with_po6.py took 0.213 seconds
[2023-02-03T04:49:31.082+0000] {processor.py:153} INFO - Started process (PID=879) to work on /opt/airflow/dags/dag_with_po6.py
[2023-02-03T04:49:31.085+0000] {processor.py:743} INFO - Processing file /opt/airflow/dags/dag_with_po6.py for tasks to queue
[2023-02-03T04:49:31.087+0000] {logging_mixin.py:137} INFO - [2023-02-03T04:49:31.086+0000] {dagbag.py:538} INFO - Filling up the DagBag from /opt/airflow/dags/dag_with_po6.py
[2023-02-03T04:49:31.120+0000] {processor.py:753} INFO - DAG(s) dict_keys(['our_first_dag_with_python_operator_v6']) retrieved from /opt/airflow/dags/dag_with_po6.py
[2023-02-03T04:49:31.163+0000] {logging_mixin.py:137} INFO - [2023-02-03T04:49:31.163+0000] {dag.py:2690} INFO - Sync 1 DAGs
[2023-02-03T04:49:31.210+0000] {logging_mixin.py:137} INFO - [2023-02-03T04:49:31.210+0000] {dag.py:3441} INFO - Setting next_dagrun for our_first_dag_with_python_operator_v6 to 2023-02-02T00:00:00+00:00, run_after=2023-02-03T00:00:00+00:00
[2023-02-03T04:49:31.231+0000] {processor.py:175} INFO - Processing /opt/airflow/dags/dag_with_po6.py took 0.154 seconds
[2023-02-03T04:50:01.432+0000] {processor.py:153} INFO - Started process (PID=924) to work on /opt/airflow/dags/dag_with_po6.py
[2023-02-03T04:50:01.434+0000] {processor.py:743} INFO - Processing file /opt/airflow/dags/dag_with_po6.py for tasks to queue
[2023-02-03T04:50:01.437+0000] {logging_mixin.py:137} INFO - [2023-02-03T04:50:01.437+0000] {dagbag.py:538} INFO - Filling up the DagBag from /opt/airflow/dags/dag_with_po6.py
[2023-02-03T04:50:01.477+0000] {processor.py:753} INFO - DAG(s) dict_keys(['our_first_dag_with_python_operator_v6']) retrieved from /opt/airflow/dags/dag_with_po6.py
[2023-02-03T04:50:01.528+0000] {logging_mixin.py:137} INFO - [2023-02-03T04:50:01.528+0000] {dag.py:2690} INFO - Sync 1 DAGs
[2023-02-03T04:50:01.567+0000] {logging_mixin.py:137} INFO - [2023-02-03T04:50:01.567+0000] {dag.py:3441} INFO - Setting next_dagrun for our_first_dag_with_python_operator_v6 to 2023-02-02T00:00:00+00:00, run_after=2023-02-03T00:00:00+00:00
[2023-02-03T04:50:01.593+0000] {processor.py:175} INFO - Processing /opt/airflow/dags/dag_with_po6.py took 0.171 seconds
[2023-02-03T04:50:31.733+0000] {processor.py:153} INFO - Started process (PID=968) to work on /opt/airflow/dags/dag_with_po6.py
[2023-02-03T04:50:31.735+0000] {processor.py:743} INFO - Processing file /opt/airflow/dags/dag_with_po6.py for tasks to queue
[2023-02-03T04:50:31.736+0000] {logging_mixin.py:137} INFO - [2023-02-03T04:50:31.736+0000] {dagbag.py:538} INFO - Filling up the DagBag from /opt/airflow/dags/dag_with_po6.py
[2023-02-03T04:50:31.779+0000] {processor.py:753} INFO - DAG(s) dict_keys(['our_first_dag_with_python_operator_v6']) retrieved from /opt/airflow/dags/dag_with_po6.py
[2023-02-03T04:50:31.827+0000] {logging_mixin.py:137} INFO - [2023-02-03T04:50:31.827+0000] {dag.py:2690} INFO - Sync 1 DAGs
[2023-02-03T04:50:31.864+0000] {logging_mixin.py:137} INFO - [2023-02-03T04:50:31.864+0000] {dag.py:3441} INFO - Setting next_dagrun for our_first_dag_with_python_operator_v6 to 2023-02-02T00:00:00+00:00, run_after=2023-02-03T00:00:00+00:00
[2023-02-03T04:50:31.882+0000] {processor.py:175} INFO - Processing /opt/airflow/dags/dag_with_po6.py took 0.158 seconds
[2023-02-03T04:51:02.064+0000] {processor.py:153} INFO - Started process (PID=1006) to work on /opt/airflow/dags/dag_with_po6.py
[2023-02-03T04:51:02.066+0000] {processor.py:743} INFO - Processing file /opt/airflow/dags/dag_with_po6.py for tasks to queue
[2023-02-03T04:51:02.067+0000] {logging_mixin.py:137} INFO - [2023-02-03T04:51:02.067+0000] {dagbag.py:538} INFO - Filling up the DagBag from /opt/airflow/dags/dag_with_po6.py
[2023-02-03T04:51:02.109+0000] {processor.py:753} INFO - DAG(s) dict_keys(['our_first_dag_with_python_operator_v6']) retrieved from /opt/airflow/dags/dag_with_po6.py
[2023-02-03T04:51:02.150+0000] {logging_mixin.py:137} INFO - [2023-02-03T04:51:02.150+0000] {dag.py:2690} INFO - Sync 1 DAGs
[2023-02-03T04:51:02.180+0000] {logging_mixin.py:137} INFO - [2023-02-03T04:51:02.180+0000] {dag.py:3441} INFO - Setting next_dagrun for our_first_dag_with_python_operator_v6 to 2023-02-02T00:00:00+00:00, run_after=2023-02-03T00:00:00+00:00
[2023-02-03T04:51:02.200+0000] {processor.py:175} INFO - Processing /opt/airflow/dags/dag_with_po6.py took 0.141 seconds
[2023-02-03T04:51:32.292+0000] {processor.py:153} INFO - Started process (PID=1056) to work on /opt/airflow/dags/dag_with_po6.py
[2023-02-03T04:51:32.297+0000] {processor.py:743} INFO - Processing file /opt/airflow/dags/dag_with_po6.py for tasks to queue
[2023-02-03T04:51:32.300+0000] {logging_mixin.py:137} INFO - [2023-02-03T04:51:32.299+0000] {dagbag.py:538} INFO - Filling up the DagBag from /opt/airflow/dags/dag_with_po6.py
[2023-02-03T04:51:32.350+0000] {processor.py:753} INFO - DAG(s) dict_keys(['our_first_dag_with_python_operator_v6']) retrieved from /opt/airflow/dags/dag_with_po6.py
[2023-02-03T04:51:32.391+0000] {logging_mixin.py:137} INFO - [2023-02-03T04:51:32.391+0000] {dag.py:2690} INFO - Sync 1 DAGs
[2023-02-03T04:51:32.424+0000] {logging_mixin.py:137} INFO - [2023-02-03T04:51:32.423+0000] {dag.py:3441} INFO - Setting next_dagrun for our_first_dag_with_python_operator_v6 to 2023-02-02T00:00:00+00:00, run_after=2023-02-03T00:00:00+00:00
[2023-02-03T04:51:32.444+0000] {processor.py:175} INFO - Processing /opt/airflow/dags/dag_with_po6.py took 0.159 seconds
[2023-02-03T04:52:02.702+0000] {processor.py:153} INFO - Started process (PID=1095) to work on /opt/airflow/dags/dag_with_po6.py
[2023-02-03T04:52:02.705+0000] {processor.py:743} INFO - Processing file /opt/airflow/dags/dag_with_po6.py for tasks to queue
[2023-02-03T04:52:02.706+0000] {logging_mixin.py:137} INFO - [2023-02-03T04:52:02.706+0000] {dagbag.py:538} INFO - Filling up the DagBag from /opt/airflow/dags/dag_with_po6.py
[2023-02-03T04:52:02.749+0000] {processor.py:753} INFO - DAG(s) dict_keys(['our_first_dag_with_python_operator_v6']) retrieved from /opt/airflow/dags/dag_with_po6.py
[2023-02-03T04:52:02.786+0000] {logging_mixin.py:137} INFO - [2023-02-03T04:52:02.786+0000] {dag.py:2690} INFO - Sync 1 DAGs
[2023-02-03T04:52:02.815+0000] {logging_mixin.py:137} INFO - [2023-02-03T04:52:02.815+0000] {dag.py:3441} INFO - Setting next_dagrun for our_first_dag_with_python_operator_v6 to 2023-02-02T00:00:00+00:00, run_after=2023-02-03T00:00:00+00:00
[2023-02-03T04:52:02.832+0000] {processor.py:175} INFO - Processing /opt/airflow/dags/dag_with_po6.py took 0.136 seconds
[2023-02-03T04:52:33.507+0000] {processor.py:153} INFO - Started process (PID=1145) to work on /opt/airflow/dags/dag_with_po6.py
[2023-02-03T04:52:33.511+0000] {processor.py:743} INFO - Processing file /opt/airflow/dags/dag_with_po6.py for tasks to queue
[2023-02-03T04:52:33.513+0000] {logging_mixin.py:137} INFO - [2023-02-03T04:52:33.513+0000] {dagbag.py:538} INFO - Filling up the DagBag from /opt/airflow/dags/dag_with_po6.py
[2023-02-03T04:52:33.578+0000] {processor.py:753} INFO - DAG(s) dict_keys(['our_first_dag_with_python_operator_v6']) retrieved from /opt/airflow/dags/dag_with_po6.py
[2023-02-03T04:52:33.648+0000] {logging_mixin.py:137} INFO - [2023-02-03T04:52:33.648+0000] {dag.py:2690} INFO - Sync 1 DAGs
[2023-02-03T04:52:33.692+0000] {logging_mixin.py:137} INFO - [2023-02-03T04:52:33.691+0000] {dag.py:3441} INFO - Setting next_dagrun for our_first_dag_with_python_operator_v6 to 2023-02-02T00:00:00+00:00, run_after=2023-02-03T00:00:00+00:00
[2023-02-03T04:52:33.737+0000] {processor.py:175} INFO - Processing /opt/airflow/dags/dag_with_po6.py took 0.242 seconds
[2023-02-03T04:53:03.874+0000] {processor.py:153} INFO - Started process (PID=1184) to work on /opt/airflow/dags/dag_with_po6.py
[2023-02-03T04:53:03.878+0000] {processor.py:743} INFO - Processing file /opt/airflow/dags/dag_with_po6.py for tasks to queue
[2023-02-03T04:53:03.879+0000] {logging_mixin.py:137} INFO - [2023-02-03T04:53:03.879+0000] {dagbag.py:538} INFO - Filling up the DagBag from /opt/airflow/dags/dag_with_po6.py
[2023-02-03T04:53:03.936+0000] {processor.py:753} INFO - DAG(s) dict_keys(['our_first_dag_with_python_operator_v6']) retrieved from /opt/airflow/dags/dag_with_po6.py
[2023-02-03T04:53:03.988+0000] {logging_mixin.py:137} INFO - [2023-02-03T04:53:03.988+0000] {dag.py:2690} INFO - Sync 1 DAGs
[2023-02-03T04:53:04.019+0000] {logging_mixin.py:137} INFO - [2023-02-03T04:53:04.019+0000] {dag.py:3441} INFO - Setting next_dagrun for our_first_dag_with_python_operator_v6 to 2023-02-02T00:00:00+00:00, run_after=2023-02-03T00:00:00+00:00
[2023-02-03T04:53:04.039+0000] {processor.py:175} INFO - Processing /opt/airflow/dags/dag_with_po6.py took 0.174 seconds
[2023-02-03T04:53:34.443+0000] {processor.py:153} INFO - Started process (PID=1222) to work on /opt/airflow/dags/dag_with_po6.py
[2023-02-03T04:53:34.446+0000] {processor.py:743} INFO - Processing file /opt/airflow/dags/dag_with_po6.py for tasks to queue
[2023-02-03T04:53:34.448+0000] {logging_mixin.py:137} INFO - [2023-02-03T04:53:34.448+0000] {dagbag.py:538} INFO - Filling up the DagBag from /opt/airflow/dags/dag_with_po6.py
[2023-02-03T04:53:34.506+0000] {processor.py:753} INFO - DAG(s) dict_keys(['our_first_dag_with_python_operator_v6']) retrieved from /opt/airflow/dags/dag_with_po6.py
[2023-02-03T04:53:34.555+0000] {logging_mixin.py:137} INFO - [2023-02-03T04:53:34.555+0000] {dag.py:2690} INFO - Sync 1 DAGs
[2023-02-03T04:53:34.605+0000] {logging_mixin.py:137} INFO - [2023-02-03T04:53:34.605+0000] {dag.py:3441} INFO - Setting next_dagrun for our_first_dag_with_python_operator_v6 to 2023-02-02T00:00:00+00:00, run_after=2023-02-03T00:00:00+00:00
[2023-02-03T04:53:34.629+0000] {processor.py:175} INFO - Processing /opt/airflow/dags/dag_with_po6.py took 0.193 seconds
[2023-02-03T04:54:04.834+0000] {processor.py:153} INFO - Started process (PID=1271) to work on /opt/airflow/dags/dag_with_po6.py
[2023-02-03T04:54:04.838+0000] {processor.py:743} INFO - Processing file /opt/airflow/dags/dag_with_po6.py for tasks to queue
[2023-02-03T04:54:04.839+0000] {logging_mixin.py:137} INFO - [2023-02-03T04:54:04.839+0000] {dagbag.py:538} INFO - Filling up the DagBag from /opt/airflow/dags/dag_with_po6.py
[2023-02-03T04:54:04.892+0000] {processor.py:753} INFO - DAG(s) dict_keys(['our_first_dag_with_python_operator_v6']) retrieved from /opt/airflow/dags/dag_with_po6.py
[2023-02-03T04:54:04.945+0000] {logging_mixin.py:137} INFO - [2023-02-03T04:54:04.945+0000] {dag.py:2690} INFO - Sync 1 DAGs
[2023-02-03T04:54:04.989+0000] {logging_mixin.py:137} INFO - [2023-02-03T04:54:04.989+0000] {dag.py:3441} INFO - Setting next_dagrun for our_first_dag_with_python_operator_v6 to 2023-02-02T00:00:00+00:00, run_after=2023-02-03T00:00:00+00:00
[2023-02-03T04:54:05.007+0000] {processor.py:175} INFO - Processing /opt/airflow/dags/dag_with_po6.py took 0.178 seconds
[2023-02-03T04:54:35.539+0000] {processor.py:153} INFO - Started process (PID=1309) to work on /opt/airflow/dags/dag_with_po6.py
[2023-02-03T04:54:35.541+0000] {processor.py:743} INFO - Processing file /opt/airflow/dags/dag_with_po6.py for tasks to queue
[2023-02-03T04:54:35.543+0000] {logging_mixin.py:137} INFO - [2023-02-03T04:54:35.543+0000] {dagbag.py:538} INFO - Filling up the DagBag from /opt/airflow/dags/dag_with_po6.py
[2023-02-03T04:54:35.603+0000] {processor.py:753} INFO - DAG(s) dict_keys(['our_first_dag_with_python_operator_v6']) retrieved from /opt/airflow/dags/dag_with_po6.py
[2023-02-03T04:54:35.664+0000] {logging_mixin.py:137} INFO - [2023-02-03T04:54:35.664+0000] {dag.py:2690} INFO - Sync 1 DAGs
[2023-02-03T04:54:35.710+0000] {logging_mixin.py:137} INFO - [2023-02-03T04:54:35.710+0000] {dag.py:3441} INFO - Setting next_dagrun for our_first_dag_with_python_operator_v6 to 2023-02-02T00:00:00+00:00, run_after=2023-02-03T00:00:00+00:00
[2023-02-03T04:54:35.731+0000] {processor.py:175} INFO - Processing /opt/airflow/dags/dag_with_po6.py took 0.199 seconds
[2023-02-03T04:55:06.175+0000] {processor.py:153} INFO - Started process (PID=1347) to work on /opt/airflow/dags/dag_with_po6.py
[2023-02-03T04:55:06.177+0000] {processor.py:743} INFO - Processing file /opt/airflow/dags/dag_with_po6.py for tasks to queue
[2023-02-03T04:55:06.180+0000] {logging_mixin.py:137} INFO - [2023-02-03T04:55:06.180+0000] {dagbag.py:538} INFO - Filling up the DagBag from /opt/airflow/dags/dag_with_po6.py
[2023-02-03T04:55:06.243+0000] {processor.py:753} INFO - DAG(s) dict_keys(['our_first_dag_with_python_operator_v6']) retrieved from /opt/airflow/dags/dag_with_po6.py
[2023-02-03T04:55:06.307+0000] {logging_mixin.py:137} INFO - [2023-02-03T04:55:06.307+0000] {dag.py:2690} INFO - Sync 1 DAGs
[2023-02-03T04:55:06.359+0000] {logging_mixin.py:137} INFO - [2023-02-03T04:55:06.359+0000] {dag.py:3441} INFO - Setting next_dagrun for our_first_dag_with_python_operator_v6 to 2023-02-02T00:00:00+00:00, run_after=2023-02-03T00:00:00+00:00
[2023-02-03T04:55:06.384+0000] {processor.py:175} INFO - Processing /opt/airflow/dags/dag_with_po6.py took 0.218 seconds
[2023-02-03T04:55:37.192+0000] {processor.py:153} INFO - Started process (PID=1396) to work on /opt/airflow/dags/dag_with_po6.py
[2023-02-03T04:55:37.194+0000] {processor.py:743} INFO - Processing file /opt/airflow/dags/dag_with_po6.py for tasks to queue
[2023-02-03T04:55:37.201+0000] {logging_mixin.py:137} INFO - [2023-02-03T04:55:37.200+0000] {dagbag.py:538} INFO - Filling up the DagBag from /opt/airflow/dags/dag_with_po6.py
[2023-02-03T04:55:37.245+0000] {processor.py:753} INFO - DAG(s) dict_keys(['our_first_dag_with_python_operator_v6']) retrieved from /opt/airflow/dags/dag_with_po6.py
[2023-02-03T04:55:37.293+0000] {logging_mixin.py:137} INFO - [2023-02-03T04:55:37.293+0000] {dag.py:2690} INFO - Sync 1 DAGs
[2023-02-03T04:55:37.345+0000] {logging_mixin.py:137} INFO - [2023-02-03T04:55:37.345+0000] {dag.py:3441} INFO - Setting next_dagrun for our_first_dag_with_python_operator_v6 to 2023-02-02T00:00:00+00:00, run_after=2023-02-03T00:00:00+00:00
[2023-02-03T04:55:37.365+0000] {processor.py:175} INFO - Processing /opt/airflow/dags/dag_with_po6.py took 0.178 seconds
[2023-02-03T04:56:07.546+0000] {processor.py:153} INFO - Started process (PID=1434) to work on /opt/airflow/dags/dag_with_po6.py
[2023-02-03T04:56:07.548+0000] {processor.py:743} INFO - Processing file /opt/airflow/dags/dag_with_po6.py for tasks to queue
[2023-02-03T04:56:07.550+0000] {logging_mixin.py:137} INFO - [2023-02-03T04:56:07.549+0000] {dagbag.py:538} INFO - Filling up the DagBag from /opt/airflow/dags/dag_with_po6.py
[2023-02-03T04:56:07.590+0000] {processor.py:753} INFO - DAG(s) dict_keys(['our_first_dag_with_python_operator_v6']) retrieved from /opt/airflow/dags/dag_with_po6.py
[2023-02-03T04:56:07.669+0000] {logging_mixin.py:137} INFO - [2023-02-03T04:56:07.669+0000] {dag.py:2690} INFO - Sync 1 DAGs
[2023-02-03T04:56:07.717+0000] {logging_mixin.py:137} INFO - [2023-02-03T04:56:07.716+0000] {dag.py:3441} INFO - Setting next_dagrun for our_first_dag_with_python_operator_v6 to 2023-02-02T00:00:00+00:00, run_after=2023-02-03T00:00:00+00:00
[2023-02-03T04:56:07.743+0000] {processor.py:175} INFO - Processing /opt/airflow/dags/dag_with_po6.py took 0.202 seconds
[2023-02-03T04:56:38.102+0000] {processor.py:153} INFO - Started process (PID=1484) to work on /opt/airflow/dags/dag_with_po6.py
[2023-02-03T04:56:38.105+0000] {processor.py:743} INFO - Processing file /opt/airflow/dags/dag_with_po6.py for tasks to queue
[2023-02-03T04:56:38.106+0000] {logging_mixin.py:137} INFO - [2023-02-03T04:56:38.106+0000] {dagbag.py:538} INFO - Filling up the DagBag from /opt/airflow/dags/dag_with_po6.py
[2023-02-03T04:56:38.144+0000] {processor.py:753} INFO - DAG(s) dict_keys(['our_first_dag_with_python_operator_v6']) retrieved from /opt/airflow/dags/dag_with_po6.py
[2023-02-03T04:56:38.185+0000] {logging_mixin.py:137} INFO - [2023-02-03T04:56:38.185+0000] {dag.py:2690} INFO - Sync 1 DAGs
[2023-02-03T04:56:38.218+0000] {logging_mixin.py:137} INFO - [2023-02-03T04:56:38.218+0000] {dag.py:3441} INFO - Setting next_dagrun for our_first_dag_with_python_operator_v6 to 2023-02-02T00:00:00+00:00, run_after=2023-02-03T00:00:00+00:00
[2023-02-03T04:56:38.237+0000] {processor.py:175} INFO - Processing /opt/airflow/dags/dag_with_po6.py took 0.140 seconds
[2023-02-03T04:57:08.349+0000] {processor.py:153} INFO - Started process (PID=1521) to work on /opt/airflow/dags/dag_with_po6.py
[2023-02-03T04:57:08.352+0000] {processor.py:743} INFO - Processing file /opt/airflow/dags/dag_with_po6.py for tasks to queue
[2023-02-03T04:57:08.353+0000] {logging_mixin.py:137} INFO - [2023-02-03T04:57:08.353+0000] {dagbag.py:538} INFO - Filling up the DagBag from /opt/airflow/dags/dag_with_po6.py
[2023-02-03T04:57:08.386+0000] {processor.py:753} INFO - DAG(s) dict_keys(['our_first_dag_with_python_operator_v6']) retrieved from /opt/airflow/dags/dag_with_po6.py
[2023-02-03T04:57:08.424+0000] {logging_mixin.py:137} INFO - [2023-02-03T04:57:08.424+0000] {dag.py:2690} INFO - Sync 1 DAGs
[2023-02-03T04:57:08.455+0000] {logging_mixin.py:137} INFO - [2023-02-03T04:57:08.454+0000] {dag.py:3441} INFO - Setting next_dagrun for our_first_dag_with_python_operator_v6 to 2023-02-02T00:00:00+00:00, run_after=2023-02-03T00:00:00+00:00
[2023-02-03T04:57:08.474+0000] {processor.py:175} INFO - Processing /opt/airflow/dags/dag_with_po6.py took 0.130 seconds
[2023-02-03T04:57:38.609+0000] {processor.py:153} INFO - Started process (PID=1571) to work on /opt/airflow/dags/dag_with_po6.py
[2023-02-03T04:57:38.611+0000] {processor.py:743} INFO - Processing file /opt/airflow/dags/dag_with_po6.py for tasks to queue
[2023-02-03T04:57:38.612+0000] {logging_mixin.py:137} INFO - [2023-02-03T04:57:38.612+0000] {dagbag.py:538} INFO - Filling up the DagBag from /opt/airflow/dags/dag_with_po6.py
[2023-02-03T04:57:38.651+0000] {processor.py:753} INFO - DAG(s) dict_keys(['our_first_dag_with_python_operator_v6']) retrieved from /opt/airflow/dags/dag_with_po6.py
[2023-02-03T04:57:38.716+0000] {logging_mixin.py:137} INFO - [2023-02-03T04:57:38.716+0000] {dag.py:2690} INFO - Sync 1 DAGs
[2023-02-03T04:57:38.755+0000] {logging_mixin.py:137} INFO - [2023-02-03T04:57:38.755+0000] {dag.py:3441} INFO - Setting next_dagrun for our_first_dag_with_python_operator_v6 to 2023-02-02T00:00:00+00:00, run_after=2023-02-03T00:00:00+00:00
[2023-02-03T04:57:38.777+0000] {processor.py:175} INFO - Processing /opt/airflow/dags/dag_with_po6.py took 0.184 seconds
[2023-02-03T04:58:08.937+0000] {processor.py:153} INFO - Started process (PID=1609) to work on /opt/airflow/dags/dag_with_po6.py
[2023-02-03T04:58:08.938+0000] {processor.py:743} INFO - Processing file /opt/airflow/dags/dag_with_po6.py for tasks to queue
[2023-02-03T04:58:08.940+0000] {logging_mixin.py:137} INFO - [2023-02-03T04:58:08.939+0000] {dagbag.py:538} INFO - Filling up the DagBag from /opt/airflow/dags/dag_with_po6.py
[2023-02-03T04:58:08.961+0000] {processor.py:753} INFO - DAG(s) dict_keys(['our_first_dag_with_python_operator_v6']) retrieved from /opt/airflow/dags/dag_with_po6.py
[2023-02-03T04:58:08.993+0000] {logging_mixin.py:137} INFO - [2023-02-03T04:58:08.993+0000] {dag.py:2690} INFO - Sync 1 DAGs
[2023-02-03T04:58:09.021+0000] {logging_mixin.py:137} INFO - [2023-02-03T04:58:09.021+0000] {dag.py:3441} INFO - Setting next_dagrun for our_first_dag_with_python_operator_v6 to 2023-02-02T00:00:00+00:00, run_after=2023-02-03T00:00:00+00:00
[2023-02-03T04:58:09.038+0000] {processor.py:175} INFO - Processing /opt/airflow/dags/dag_with_po6.py took 0.106 seconds
[2023-02-03T04:58:39.171+0000] {processor.py:153} INFO - Started process (PID=1660) to work on /opt/airflow/dags/dag_with_po6.py
[2023-02-03T04:58:39.173+0000] {processor.py:743} INFO - Processing file /opt/airflow/dags/dag_with_po6.py for tasks to queue
[2023-02-03T04:58:39.175+0000] {logging_mixin.py:137} INFO - [2023-02-03T04:58:39.175+0000] {dagbag.py:538} INFO - Filling up the DagBag from /opt/airflow/dags/dag_with_po6.py
[2023-02-03T04:58:39.207+0000] {processor.py:753} INFO - DAG(s) dict_keys(['our_first_dag_with_python_operator_v6']) retrieved from /opt/airflow/dags/dag_with_po6.py
[2023-02-03T04:58:39.273+0000] {logging_mixin.py:137} INFO - [2023-02-03T04:58:39.272+0000] {dag.py:2690} INFO - Sync 1 DAGs
[2023-02-03T04:58:39.308+0000] {logging_mixin.py:137} INFO - [2023-02-03T04:58:39.307+0000] {dag.py:3441} INFO - Setting next_dagrun for our_first_dag_with_python_operator_v6 to 2023-02-02T00:00:00+00:00, run_after=2023-02-03T00:00:00+00:00
[2023-02-03T04:58:39.330+0000] {processor.py:175} INFO - Processing /opt/airflow/dags/dag_with_po6.py took 0.165 seconds
[2023-02-03T04:59:09.480+0000] {processor.py:153} INFO - Started process (PID=1698) to work on /opt/airflow/dags/dag_with_po6.py
[2023-02-03T04:59:09.482+0000] {processor.py:743} INFO - Processing file /opt/airflow/dags/dag_with_po6.py for tasks to queue
[2023-02-03T04:59:09.483+0000] {logging_mixin.py:137} INFO - [2023-02-03T04:59:09.483+0000] {dagbag.py:538} INFO - Filling up the DagBag from /opt/airflow/dags/dag_with_po6.py
[2023-02-03T04:59:09.513+0000] {processor.py:753} INFO - DAG(s) dict_keys(['our_first_dag_with_python_operator_v6']) retrieved from /opt/airflow/dags/dag_with_po6.py
[2023-02-03T04:59:09.544+0000] {logging_mixin.py:137} INFO - [2023-02-03T04:59:09.544+0000] {dag.py:2690} INFO - Sync 1 DAGs
[2023-02-03T04:59:09.575+0000] {logging_mixin.py:137} INFO - [2023-02-03T04:59:09.575+0000] {dag.py:3441} INFO - Setting next_dagrun for our_first_dag_with_python_operator_v6 to 2023-02-02T00:00:00+00:00, run_after=2023-02-03T00:00:00+00:00
[2023-02-03T04:59:09.594+0000] {processor.py:175} INFO - Processing /opt/airflow/dags/dag_with_po6.py took 0.119 seconds
[2023-02-03T04:59:39.671+0000] {processor.py:153} INFO - Started process (PID=1748) to work on /opt/airflow/dags/dag_with_po6.py
[2023-02-03T04:59:39.673+0000] {processor.py:743} INFO - Processing file /opt/airflow/dags/dag_with_po6.py for tasks to queue
[2023-02-03T04:59:39.675+0000] {logging_mixin.py:137} INFO - [2023-02-03T04:59:39.675+0000] {dagbag.py:538} INFO - Filling up the DagBag from /opt/airflow/dags/dag_with_po6.py
[2023-02-03T04:59:39.705+0000] {processor.py:753} INFO - DAG(s) dict_keys(['our_first_dag_with_python_operator_v6']) retrieved from /opt/airflow/dags/dag_with_po6.py
[2023-02-03T04:59:39.753+0000] {logging_mixin.py:137} INFO - [2023-02-03T04:59:39.753+0000] {dag.py:2690} INFO - Sync 1 DAGs
[2023-02-03T04:59:39.799+0000] {logging_mixin.py:137} INFO - [2023-02-03T04:59:39.799+0000] {dag.py:3441} INFO - Setting next_dagrun for our_first_dag_with_python_operator_v6 to 2023-02-02T00:00:00+00:00, run_after=2023-02-03T00:00:00+00:00
[2023-02-03T04:59:39.821+0000] {processor.py:175} INFO - Processing /opt/airflow/dags/dag_with_po6.py took 0.157 seconds
[2023-02-03T05:00:09.896+0000] {processor.py:153} INFO - Started process (PID=1785) to work on /opt/airflow/dags/dag_with_po6.py
[2023-02-03T05:00:09.899+0000] {processor.py:743} INFO - Processing file /opt/airflow/dags/dag_with_po6.py for tasks to queue
[2023-02-03T05:00:09.901+0000] {logging_mixin.py:137} INFO - [2023-02-03T05:00:09.901+0000] {dagbag.py:538} INFO - Filling up the DagBag from /opt/airflow/dags/dag_with_po6.py
[2023-02-03T05:00:09.923+0000] {processor.py:753} INFO - DAG(s) dict_keys(['our_first_dag_with_python_operator_v6']) retrieved from /opt/airflow/dags/dag_with_po6.py
[2023-02-03T05:00:09.953+0000] {logging_mixin.py:137} INFO - [2023-02-03T05:00:09.952+0000] {dag.py:2690} INFO - Sync 1 DAGs
[2023-02-03T05:00:09.978+0000] {logging_mixin.py:137} INFO - [2023-02-03T05:00:09.978+0000] {dag.py:3441} INFO - Setting next_dagrun for our_first_dag_with_python_operator_v6 to 2023-02-02T00:00:00+00:00, run_after=2023-02-03T00:00:00+00:00
[2023-02-03T05:00:09.995+0000] {processor.py:175} INFO - Processing /opt/airflow/dags/dag_with_po6.py took 0.107 seconds
[2023-02-03T05:00:40.071+0000] {processor.py:153} INFO - Started process (PID=1836) to work on /opt/airflow/dags/dag_with_po6.py
[2023-02-03T05:00:40.074+0000] {processor.py:743} INFO - Processing file /opt/airflow/dags/dag_with_po6.py for tasks to queue
[2023-02-03T05:00:40.076+0000] {logging_mixin.py:137} INFO - [2023-02-03T05:00:40.075+0000] {dagbag.py:538} INFO - Filling up the DagBag from /opt/airflow/dags/dag_with_po6.py
[2023-02-03T05:00:40.097+0000] {processor.py:753} INFO - DAG(s) dict_keys(['our_first_dag_with_python_operator_v6']) retrieved from /opt/airflow/dags/dag_with_po6.py
[2023-02-03T05:00:40.125+0000] {logging_mixin.py:137} INFO - [2023-02-03T05:00:40.124+0000] {dag.py:2690} INFO - Sync 1 DAGs
[2023-02-03T05:00:40.153+0000] {logging_mixin.py:137} INFO - [2023-02-03T05:00:40.153+0000] {dag.py:3441} INFO - Setting next_dagrun for our_first_dag_with_python_operator_v6 to 2023-02-02T00:00:00+00:00, run_after=2023-02-03T00:00:00+00:00
[2023-02-03T05:00:40.175+0000] {processor.py:175} INFO - Processing /opt/airflow/dags/dag_with_po6.py took 0.109 seconds
[2023-02-03T05:01:10.352+0000] {processor.py:153} INFO - Started process (PID=1875) to work on /opt/airflow/dags/dag_with_po6.py
[2023-02-03T05:01:10.355+0000] {processor.py:743} INFO - Processing file /opt/airflow/dags/dag_with_po6.py for tasks to queue
[2023-02-03T05:01:10.357+0000] {logging_mixin.py:137} INFO - [2023-02-03T05:01:10.357+0000] {dagbag.py:538} INFO - Filling up the DagBag from /opt/airflow/dags/dag_with_po6.py
[2023-02-03T05:01:10.385+0000] {processor.py:753} INFO - DAG(s) dict_keys(['our_first_dag_with_python_operator_v6']) retrieved from /opt/airflow/dags/dag_with_po6.py
[2023-02-03T05:01:10.420+0000] {logging_mixin.py:137} INFO - [2023-02-03T05:01:10.420+0000] {dag.py:2690} INFO - Sync 1 DAGs
[2023-02-03T05:01:10.450+0000] {logging_mixin.py:137} INFO - [2023-02-03T05:01:10.449+0000] {dag.py:3441} INFO - Setting next_dagrun for our_first_dag_with_python_operator_v6 to 2023-02-02T00:00:00+00:00, run_after=2023-02-03T00:00:00+00:00
[2023-02-03T05:01:10.467+0000] {processor.py:175} INFO - Processing /opt/airflow/dags/dag_with_po6.py took 0.123 seconds
[2023-02-03T05:01:40.708+0000] {processor.py:153} INFO - Started process (PID=1925) to work on /opt/airflow/dags/dag_with_po6.py
[2023-02-03T05:01:40.711+0000] {processor.py:743} INFO - Processing file /opt/airflow/dags/dag_with_po6.py for tasks to queue
[2023-02-03T05:01:40.713+0000] {logging_mixin.py:137} INFO - [2023-02-03T05:01:40.713+0000] {dagbag.py:538} INFO - Filling up the DagBag from /opt/airflow/dags/dag_with_po6.py
[2023-02-03T05:01:40.741+0000] {processor.py:753} INFO - DAG(s) dict_keys(['our_first_dag_with_python_operator_v6']) retrieved from /opt/airflow/dags/dag_with_po6.py
[2023-02-03T05:01:40.779+0000] {logging_mixin.py:137} INFO - [2023-02-03T05:01:40.779+0000] {dag.py:2690} INFO - Sync 1 DAGs
[2023-02-03T05:01:40.822+0000] {logging_mixin.py:137} INFO - [2023-02-03T05:01:40.822+0000] {dag.py:3441} INFO - Setting next_dagrun for our_first_dag_with_python_operator_v6 to 2023-02-02T00:00:00+00:00, run_after=2023-02-03T00:00:00+00:00
[2023-02-03T05:01:40.848+0000] {processor.py:175} INFO - Processing /opt/airflow/dags/dag_with_po6.py took 0.147 seconds
[2023-02-03T05:02:11.807+0000] {processor.py:153} INFO - Started process (PID=1962) to work on /opt/airflow/dags/dag_with_po6.py
[2023-02-03T05:02:11.809+0000] {processor.py:743} INFO - Processing file /opt/airflow/dags/dag_with_po6.py for tasks to queue
[2023-02-03T05:02:11.811+0000] {logging_mixin.py:137} INFO - [2023-02-03T05:02:11.811+0000] {dagbag.py:538} INFO - Filling up the DagBag from /opt/airflow/dags/dag_with_po6.py
[2023-02-03T05:02:11.865+0000] {processor.py:753} INFO - DAG(s) dict_keys(['our_first_dag_with_python_operator_v6']) retrieved from /opt/airflow/dags/dag_with_po6.py
[2023-02-03T05:02:11.922+0000] {logging_mixin.py:137} INFO - [2023-02-03T05:02:11.921+0000] {dag.py:2690} INFO - Sync 1 DAGs
[2023-02-03T05:02:11.957+0000] {logging_mixin.py:137} INFO - [2023-02-03T05:02:11.957+0000] {dag.py:3441} INFO - Setting next_dagrun for our_first_dag_with_python_operator_v6 to 2023-02-02T00:00:00+00:00, run_after=2023-02-03T00:00:00+00:00
[2023-02-03T05:02:11.977+0000] {processor.py:175} INFO - Processing /opt/airflow/dags/dag_with_po6.py took 0.176 seconds
[2023-02-03T05:02:42.629+0000] {processor.py:153} INFO - Started process (PID=2001) to work on /opt/airflow/dags/dag_with_po6.py
[2023-02-03T05:02:42.632+0000] {processor.py:743} INFO - Processing file /opt/airflow/dags/dag_with_po6.py for tasks to queue
[2023-02-03T05:02:42.633+0000] {logging_mixin.py:137} INFO - [2023-02-03T05:02:42.633+0000] {dagbag.py:538} INFO - Filling up the DagBag from /opt/airflow/dags/dag_with_po6.py
[2023-02-03T05:02:42.653+0000] {processor.py:753} INFO - DAG(s) dict_keys(['our_first_dag_with_python_operator_v6']) retrieved from /opt/airflow/dags/dag_with_po6.py
[2023-02-03T05:02:42.682+0000] {logging_mixin.py:137} INFO - [2023-02-03T05:02:42.682+0000] {dag.py:2690} INFO - Sync 1 DAGs
[2023-02-03T05:02:42.707+0000] {logging_mixin.py:137} INFO - [2023-02-03T05:02:42.707+0000] {dag.py:3441} INFO - Setting next_dagrun for our_first_dag_with_python_operator_v6 to 2023-02-02T00:00:00+00:00, run_after=2023-02-03T00:00:00+00:00
[2023-02-03T05:02:42.722+0000] {processor.py:175} INFO - Processing /opt/airflow/dags/dag_with_po6.py took 0.100 seconds
[2023-02-03T05:03:13.071+0000] {processor.py:153} INFO - Started process (PID=2052) to work on /opt/airflow/dags/dag_with_po6.py
[2023-02-03T05:03:13.073+0000] {processor.py:743} INFO - Processing file /opt/airflow/dags/dag_with_po6.py for tasks to queue
[2023-02-03T05:03:13.074+0000] {logging_mixin.py:137} INFO - [2023-02-03T05:03:13.074+0000] {dagbag.py:538} INFO - Filling up the DagBag from /opt/airflow/dags/dag_with_po6.py
[2023-02-03T05:03:13.094+0000] {processor.py:753} INFO - DAG(s) dict_keys(['our_first_dag_with_python_operator_v6']) retrieved from /opt/airflow/dags/dag_with_po6.py
[2023-02-03T05:03:13.123+0000] {logging_mixin.py:137} INFO - [2023-02-03T05:03:13.122+0000] {dag.py:2690} INFO - Sync 1 DAGs
[2023-02-03T05:03:13.148+0000] {logging_mixin.py:137} INFO - [2023-02-03T05:03:13.148+0000] {dag.py:3441} INFO - Setting next_dagrun for our_first_dag_with_python_operator_v6 to 2023-02-02T00:00:00+00:00, run_after=2023-02-03T00:00:00+00:00
[2023-02-03T05:03:13.165+0000] {processor.py:175} INFO - Processing /opt/airflow/dags/dag_with_po6.py took 0.099 seconds
