[2023-02-03T04:39:05.993+0000] {processor.py:153} INFO - Started process (PID=44) to work on /opt/airflow/dags/dag_with_taskflow_api2.py
[2023-02-03T04:39:06.009+0000] {processor.py:743} INFO - Processing file /opt/airflow/dags/dag_with_taskflow_api2.py for tasks to queue
[2023-02-03T04:39:06.034+0000] {logging_mixin.py:137} INFO - [2023-02-03T04:39:06.030+0000] {dagbag.py:538} INFO - Filling up the DagBag from /opt/airflow/dags/dag_with_taskflow_api2.py
[2023-02-03T04:39:07.081+0000] {logging_mixin.py:137} INFO - [2023-02-03T04:39:07.080+0000] {taskmixin.py:205} WARNING - Dependency <Task(_PythonDecoratedOperator): get_name>, greet already registered for DAG: dag_with_taskflow_api_v02
[2023-02-03T04:39:07.089+0000] {logging_mixin.py:137} INFO - [2023-02-03T04:39:07.089+0000] {taskmixin.py:205} WARNING - Dependency <Task(_PythonDecoratedOperator): greet>, get_name already registered for DAG: dag_with_taskflow_api_v02
[2023-02-03T04:39:07.703+0000] {processor.py:753} INFO - DAG(s) dict_keys(['dag_with_taskflow_api_v02']) retrieved from /opt/airflow/dags/dag_with_taskflow_api2.py
[2023-02-03T04:39:09.302+0000] {logging_mixin.py:137} INFO - [2023-02-03T04:39:09.301+0000] {dag.py:2690} INFO - Sync 1 DAGs
[2023-02-03T04:39:09.672+0000] {logging_mixin.py:137} INFO - [2023-02-03T04:39:09.670+0000] {dag.py:3441} INFO - Setting next_dagrun for dag_with_taskflow_api_v02 to 2023-02-02T00:00:00+00:00, run_after=2023-02-03T00:00:00+00:00
[2023-02-03T04:39:10.016+0000] {processor.py:175} INFO - Processing /opt/airflow/dags/dag_with_taskflow_api2.py took 4.094 seconds
[2023-02-03T04:39:42.245+0000] {processor.py:153} INFO - Started process (PID=85) to work on /opt/airflow/dags/dag_with_taskflow_api2.py
[2023-02-03T04:39:42.292+0000] {processor.py:743} INFO - Processing file /opt/airflow/dags/dag_with_taskflow_api2.py for tasks to queue
[2023-02-03T04:39:42.337+0000] {logging_mixin.py:137} INFO - [2023-02-03T04:39:42.336+0000] {dagbag.py:538} INFO - Filling up the DagBag from /opt/airflow/dags/dag_with_taskflow_api2.py
[2023-02-03T04:39:43.833+0000] {logging_mixin.py:137} INFO - [2023-02-03T04:39:43.820+0000] {taskmixin.py:205} WARNING - Dependency <Task(_PythonDecoratedOperator): get_name>, greet already registered for DAG: dag_with_taskflow_api_v02
[2023-02-03T04:39:43.843+0000] {logging_mixin.py:137} INFO - [2023-02-03T04:39:43.841+0000] {taskmixin.py:205} WARNING - Dependency <Task(_PythonDecoratedOperator): greet>, get_name already registered for DAG: dag_with_taskflow_api_v02
[2023-02-03T04:39:44.015+0000] {processor.py:753} INFO - DAG(s) dict_keys(['dag_with_taskflow_api_v02']) retrieved from /opt/airflow/dags/dag_with_taskflow_api2.py
[2023-02-03T04:39:44.888+0000] {logging_mixin.py:137} INFO - [2023-02-03T04:39:44.886+0000] {dag.py:2690} INFO - Sync 1 DAGs
[2023-02-03T04:39:46.047+0000] {logging_mixin.py:137} INFO - [2023-02-03T04:39:46.037+0000] {dag.py:3441} INFO - Setting next_dagrun for dag_with_taskflow_api_v02 to 2023-02-03T00:00:00+00:00, run_after=2023-02-04T00:00:00+00:00
[2023-02-03T04:39:46.372+0000] {processor.py:175} INFO - Processing /opt/airflow/dags/dag_with_taskflow_api2.py took 4.162 seconds
[2023-02-03T04:40:16.989+0000] {processor.py:153} INFO - Started process (PID=116) to work on /opt/airflow/dags/dag_with_taskflow_api2.py
[2023-02-03T04:40:17.038+0000] {processor.py:743} INFO - Processing file /opt/airflow/dags/dag_with_taskflow_api2.py for tasks to queue
[2023-02-03T04:40:17.043+0000] {logging_mixin.py:137} INFO - [2023-02-03T04:40:17.043+0000] {dagbag.py:538} INFO - Filling up the DagBag from /opt/airflow/dags/dag_with_taskflow_api2.py
[2023-02-03T04:40:17.202+0000] {logging_mixin.py:137} INFO - [2023-02-03T04:40:17.201+0000] {taskmixin.py:205} WARNING - Dependency <Task(_PythonDecoratedOperator): get_name>, greet already registered for DAG: dag_with_taskflow_api_v02
[2023-02-03T04:40:17.204+0000] {logging_mixin.py:137} INFO - [2023-02-03T04:40:17.203+0000] {taskmixin.py:205} WARNING - Dependency <Task(_PythonDecoratedOperator): greet>, get_name already registered for DAG: dag_with_taskflow_api_v02
[2023-02-03T04:40:17.221+0000] {processor.py:753} INFO - DAG(s) dict_keys(['dag_with_taskflow_api_v02']) retrieved from /opt/airflow/dags/dag_with_taskflow_api2.py
[2023-02-03T04:40:17.542+0000] {logging_mixin.py:137} INFO - [2023-02-03T04:40:17.542+0000] {dag.py:2690} INFO - Sync 1 DAGs
[2023-02-03T04:40:17.719+0000] {logging_mixin.py:137} INFO - [2023-02-03T04:40:17.719+0000] {dag.py:3441} INFO - Setting next_dagrun for dag_with_taskflow_api_v02 to 2023-02-03T00:00:00+00:00, run_after=2023-02-04T00:00:00+00:00
[2023-02-03T04:40:17.794+0000] {processor.py:175} INFO - Processing /opt/airflow/dags/dag_with_taskflow_api2.py took 0.839 seconds
[2023-02-03T04:40:48.098+0000] {processor.py:153} INFO - Started process (PID=154) to work on /opt/airflow/dags/dag_with_taskflow_api2.py
[2023-02-03T04:40:48.101+0000] {processor.py:743} INFO - Processing file /opt/airflow/dags/dag_with_taskflow_api2.py for tasks to queue
[2023-02-03T04:40:48.103+0000] {logging_mixin.py:137} INFO - [2023-02-03T04:40:48.103+0000] {dagbag.py:538} INFO - Filling up the DagBag from /opt/airflow/dags/dag_with_taskflow_api2.py
[2023-02-03T04:40:48.183+0000] {logging_mixin.py:137} INFO - [2023-02-03T04:40:48.181+0000] {taskmixin.py:205} WARNING - Dependency <Task(_PythonDecoratedOperator): get_name>, greet already registered for DAG: dag_with_taskflow_api_v02
[2023-02-03T04:40:48.184+0000] {logging_mixin.py:137} INFO - [2023-02-03T04:40:48.183+0000] {taskmixin.py:205} WARNING - Dependency <Task(_PythonDecoratedOperator): greet>, get_name already registered for DAG: dag_with_taskflow_api_v02
[2023-02-03T04:40:48.194+0000] {processor.py:753} INFO - DAG(s) dict_keys(['dag_with_taskflow_api_v02']) retrieved from /opt/airflow/dags/dag_with_taskflow_api2.py
[2023-02-03T04:40:48.242+0000] {logging_mixin.py:137} INFO - [2023-02-03T04:40:48.242+0000] {dag.py:2690} INFO - Sync 1 DAGs
[2023-02-03T04:40:48.277+0000] {logging_mixin.py:137} INFO - [2023-02-03T04:40:48.277+0000] {dag.py:3441} INFO - Setting next_dagrun for dag_with_taskflow_api_v02 to 2023-02-03T00:00:00+00:00, run_after=2023-02-04T00:00:00+00:00
[2023-02-03T04:40:48.297+0000] {processor.py:175} INFO - Processing /opt/airflow/dags/dag_with_taskflow_api2.py took 0.214 seconds
[2023-02-03T04:41:18.612+0000] {processor.py:153} INFO - Started process (PID=198) to work on /opt/airflow/dags/dag_with_taskflow_api2.py
[2023-02-03T04:41:18.628+0000] {processor.py:743} INFO - Processing file /opt/airflow/dags/dag_with_taskflow_api2.py for tasks to queue
[2023-02-03T04:41:18.633+0000] {logging_mixin.py:137} INFO - [2023-02-03T04:41:18.633+0000] {dagbag.py:538} INFO - Filling up the DagBag from /opt/airflow/dags/dag_with_taskflow_api2.py
[2023-02-03T04:41:18.720+0000] {logging_mixin.py:137} INFO - [2023-02-03T04:41:18.719+0000] {taskmixin.py:205} WARNING - Dependency <Task(_PythonDecoratedOperator): get_name>, greet already registered for DAG: dag_with_taskflow_api_v02
[2023-02-03T04:41:18.721+0000] {logging_mixin.py:137} INFO - [2023-02-03T04:41:18.721+0000] {taskmixin.py:205} WARNING - Dependency <Task(_PythonDecoratedOperator): greet>, get_name already registered for DAG: dag_with_taskflow_api_v02
[2023-02-03T04:41:18.734+0000] {processor.py:753} INFO - DAG(s) dict_keys(['dag_with_taskflow_api_v02']) retrieved from /opt/airflow/dags/dag_with_taskflow_api2.py
[2023-02-03T04:41:18.820+0000] {logging_mixin.py:137} INFO - [2023-02-03T04:41:18.813+0000] {dag.py:2690} INFO - Sync 1 DAGs
[2023-02-03T04:41:18.891+0000] {logging_mixin.py:137} INFO - [2023-02-03T04:41:18.890+0000] {dag.py:3441} INFO - Setting next_dagrun for dag_with_taskflow_api_v02 to 2023-02-03T00:00:00+00:00, run_after=2023-02-04T00:00:00+00:00
[2023-02-03T04:41:18.963+0000] {processor.py:175} INFO - Processing /opt/airflow/dags/dag_with_taskflow_api2.py took 0.366 seconds
[2023-02-03T04:41:49.352+0000] {processor.py:153} INFO - Started process (PID=239) to work on /opt/airflow/dags/dag_with_taskflow_api2.py
[2023-02-03T04:41:49.410+0000] {processor.py:743} INFO - Processing file /opt/airflow/dags/dag_with_taskflow_api2.py for tasks to queue
[2023-02-03T04:41:49.444+0000] {logging_mixin.py:137} INFO - [2023-02-03T04:41:49.432+0000] {dagbag.py:538} INFO - Filling up the DagBag from /opt/airflow/dags/dag_with_taskflow_api2.py
[2023-02-03T04:41:50.290+0000] {logging_mixin.py:137} INFO - [2023-02-03T04:41:50.267+0000] {taskmixin.py:205} WARNING - Dependency <Task(_PythonDecoratedOperator): get_name>, greet already registered for DAG: dag_with_taskflow_api_v02
[2023-02-03T04:41:50.294+0000] {logging_mixin.py:137} INFO - [2023-02-03T04:41:50.293+0000] {taskmixin.py:205} WARNING - Dependency <Task(_PythonDecoratedOperator): greet>, get_name already registered for DAG: dag_with_taskflow_api_v02
[2023-02-03T04:41:50.338+0000] {processor.py:753} INFO - DAG(s) dict_keys(['dag_with_taskflow_api_v02']) retrieved from /opt/airflow/dags/dag_with_taskflow_api2.py
[2023-02-03T04:41:50.441+0000] {logging_mixin.py:137} INFO - [2023-02-03T04:41:50.441+0000] {dag.py:2690} INFO - Sync 1 DAGs
[2023-02-03T04:41:50.579+0000] {logging_mixin.py:137} INFO - [2023-02-03T04:41:50.579+0000] {dag.py:3441} INFO - Setting next_dagrun for dag_with_taskflow_api_v02 to 2023-02-03T00:00:00+00:00, run_after=2023-02-04T00:00:00+00:00
[2023-02-03T04:41:50.737+0000] {processor.py:175} INFO - Processing /opt/airflow/dags/dag_with_taskflow_api2.py took 1.408 seconds
[2023-02-03T04:42:21.207+0000] {processor.py:153} INFO - Started process (PID=279) to work on /opt/airflow/dags/dag_with_taskflow_api2.py
[2023-02-03T04:42:21.210+0000] {processor.py:743} INFO - Processing file /opt/airflow/dags/dag_with_taskflow_api2.py for tasks to queue
[2023-02-03T04:42:21.212+0000] {logging_mixin.py:137} INFO - [2023-02-03T04:42:21.212+0000] {dagbag.py:538} INFO - Filling up the DagBag from /opt/airflow/dags/dag_with_taskflow_api2.py
[2023-02-03T04:42:21.251+0000] {logging_mixin.py:137} INFO - [2023-02-03T04:42:21.250+0000] {taskmixin.py:205} WARNING - Dependency <Task(_PythonDecoratedOperator): get_name>, greet already registered for DAG: dag_with_taskflow_api_v02
[2023-02-03T04:42:21.251+0000] {logging_mixin.py:137} INFO - [2023-02-03T04:42:21.251+0000] {taskmixin.py:205} WARNING - Dependency <Task(_PythonDecoratedOperator): greet>, get_name already registered for DAG: dag_with_taskflow_api_v02
[2023-02-03T04:42:21.263+0000] {processor.py:753} INFO - DAG(s) dict_keys(['dag_with_taskflow_api_v02']) retrieved from /opt/airflow/dags/dag_with_taskflow_api2.py
[2023-02-03T04:42:21.306+0000] {logging_mixin.py:137} INFO - [2023-02-03T04:42:21.306+0000] {dag.py:2690} INFO - Sync 1 DAGs
[2023-02-03T04:42:21.337+0000] {logging_mixin.py:137} INFO - [2023-02-03T04:42:21.337+0000] {dag.py:3441} INFO - Setting next_dagrun for dag_with_taskflow_api_v02 to 2023-02-03T00:00:00+00:00, run_after=2023-02-04T00:00:00+00:00
[2023-02-03T04:42:21.357+0000] {processor.py:175} INFO - Processing /opt/airflow/dags/dag_with_taskflow_api2.py took 0.157 seconds
[2023-02-03T04:42:51.688+0000] {processor.py:153} INFO - Started process (PID=317) to work on /opt/airflow/dags/dag_with_taskflow_api2.py
[2023-02-03T04:42:51.695+0000] {processor.py:743} INFO - Processing file /opt/airflow/dags/dag_with_taskflow_api2.py for tasks to queue
[2023-02-03T04:42:51.698+0000] {logging_mixin.py:137} INFO - [2023-02-03T04:42:51.697+0000] {dagbag.py:538} INFO - Filling up the DagBag from /opt/airflow/dags/dag_with_taskflow_api2.py
[2023-02-03T04:42:51.767+0000] {logging_mixin.py:137} INFO - [2023-02-03T04:42:51.766+0000] {taskmixin.py:205} WARNING - Dependency <Task(_PythonDecoratedOperator): get_name>, greet already registered for DAG: dag_with_taskflow_api_v02
[2023-02-03T04:42:51.768+0000] {logging_mixin.py:137} INFO - [2023-02-03T04:42:51.768+0000] {taskmixin.py:205} WARNING - Dependency <Task(_PythonDecoratedOperator): greet>, get_name already registered for DAG: dag_with_taskflow_api_v02
[2023-02-03T04:42:51.776+0000] {processor.py:753} INFO - DAG(s) dict_keys(['dag_with_taskflow_api_v02']) retrieved from /opt/airflow/dags/dag_with_taskflow_api2.py
[2023-02-03T04:42:51.826+0000] {logging_mixin.py:137} INFO - [2023-02-03T04:42:51.826+0000] {dag.py:2690} INFO - Sync 1 DAGs
[2023-02-03T04:42:51.861+0000] {logging_mixin.py:137} INFO - [2023-02-03T04:42:51.861+0000] {dag.py:3441} INFO - Setting next_dagrun for dag_with_taskflow_api_v02 to 2023-02-03T00:00:00+00:00, run_after=2023-02-04T00:00:00+00:00
[2023-02-03T04:42:51.883+0000] {processor.py:175} INFO - Processing /opt/airflow/dags/dag_with_taskflow_api2.py took 0.202 seconds
[2023-02-03T04:43:21.942+0000] {processor.py:153} INFO - Started process (PID=367) to work on /opt/airflow/dags/dag_with_taskflow_api2.py
[2023-02-03T04:43:21.944+0000] {processor.py:743} INFO - Processing file /opt/airflow/dags/dag_with_taskflow_api2.py for tasks to queue
[2023-02-03T04:43:21.945+0000] {logging_mixin.py:137} INFO - [2023-02-03T04:43:21.945+0000] {dagbag.py:538} INFO - Filling up the DagBag from /opt/airflow/dags/dag_with_taskflow_api2.py
[2023-02-03T04:43:21.995+0000] {logging_mixin.py:137} INFO - [2023-02-03T04:43:21.994+0000] {taskmixin.py:205} WARNING - Dependency <Task(_PythonDecoratedOperator): get_name>, greet already registered for DAG: dag_with_taskflow_api_v02
[2023-02-03T04:43:21.997+0000] {logging_mixin.py:137} INFO - [2023-02-03T04:43:21.996+0000] {taskmixin.py:205} WARNING - Dependency <Task(_PythonDecoratedOperator): greet>, get_name already registered for DAG: dag_with_taskflow_api_v02
[2023-02-03T04:43:22.005+0000] {processor.py:753} INFO - DAG(s) dict_keys(['dag_with_taskflow_api_v02']) retrieved from /opt/airflow/dags/dag_with_taskflow_api2.py
[2023-02-03T04:43:22.038+0000] {logging_mixin.py:137} INFO - [2023-02-03T04:43:22.038+0000] {dag.py:2690} INFO - Sync 1 DAGs
[2023-02-03T04:43:22.067+0000] {logging_mixin.py:137} INFO - [2023-02-03T04:43:22.066+0000] {dag.py:3441} INFO - Setting next_dagrun for dag_with_taskflow_api_v02 to 2023-02-03T00:00:00+00:00, run_after=2023-02-04T00:00:00+00:00
[2023-02-03T04:43:22.084+0000] {processor.py:175} INFO - Processing /opt/airflow/dags/dag_with_taskflow_api2.py took 0.148 seconds
[2023-02-03T04:43:52.221+0000] {processor.py:153} INFO - Started process (PID=405) to work on /opt/airflow/dags/dag_with_taskflow_api2.py
[2023-02-03T04:43:52.224+0000] {processor.py:743} INFO - Processing file /opt/airflow/dags/dag_with_taskflow_api2.py for tasks to queue
[2023-02-03T04:43:52.226+0000] {logging_mixin.py:137} INFO - [2023-02-03T04:43:52.225+0000] {dagbag.py:538} INFO - Filling up the DagBag from /opt/airflow/dags/dag_with_taskflow_api2.py
[2023-02-03T04:43:52.282+0000] {logging_mixin.py:137} INFO - [2023-02-03T04:43:52.282+0000] {taskmixin.py:205} WARNING - Dependency <Task(_PythonDecoratedOperator): get_name>, greet already registered for DAG: dag_with_taskflow_api_v02
[2023-02-03T04:43:52.284+0000] {logging_mixin.py:137} INFO - [2023-02-03T04:43:52.284+0000] {taskmixin.py:205} WARNING - Dependency <Task(_PythonDecoratedOperator): greet>, get_name already registered for DAG: dag_with_taskflow_api_v02
[2023-02-03T04:43:52.292+0000] {processor.py:753} INFO - DAG(s) dict_keys(['dag_with_taskflow_api_v02']) retrieved from /opt/airflow/dags/dag_with_taskflow_api2.py
[2023-02-03T04:43:52.331+0000] {logging_mixin.py:137} INFO - [2023-02-03T04:43:52.331+0000] {dag.py:2690} INFO - Sync 1 DAGs
[2023-02-03T04:43:52.375+0000] {logging_mixin.py:137} INFO - [2023-02-03T04:43:52.375+0000] {dag.py:3441} INFO - Setting next_dagrun for dag_with_taskflow_api_v02 to 2023-02-03T00:00:00+00:00, run_after=2023-02-04T00:00:00+00:00
[2023-02-03T04:43:52.428+0000] {processor.py:175} INFO - Processing /opt/airflow/dags/dag_with_taskflow_api2.py took 0.214 seconds
[2023-02-03T04:44:22.545+0000] {processor.py:153} INFO - Started process (PID=456) to work on /opt/airflow/dags/dag_with_taskflow_api2.py
[2023-02-03T04:44:22.559+0000] {processor.py:743} INFO - Processing file /opt/airflow/dags/dag_with_taskflow_api2.py for tasks to queue
[2023-02-03T04:44:22.563+0000] {logging_mixin.py:137} INFO - [2023-02-03T04:44:22.562+0000] {dagbag.py:538} INFO - Filling up the DagBag from /opt/airflow/dags/dag_with_taskflow_api2.py
[2023-02-03T04:44:22.641+0000] {logging_mixin.py:137} INFO - [2023-02-03T04:44:22.641+0000] {taskmixin.py:205} WARNING - Dependency <Task(_PythonDecoratedOperator): get_name>, greet already registered for DAG: dag_with_taskflow_api_v02
[2023-02-03T04:44:22.643+0000] {logging_mixin.py:137} INFO - [2023-02-03T04:44:22.643+0000] {taskmixin.py:205} WARNING - Dependency <Task(_PythonDecoratedOperator): greet>, get_name already registered for DAG: dag_with_taskflow_api_v02
[2023-02-03T04:44:22.655+0000] {processor.py:753} INFO - DAG(s) dict_keys(['dag_with_taskflow_api_v02']) retrieved from /opt/airflow/dags/dag_with_taskflow_api2.py
[2023-02-03T04:44:22.703+0000] {logging_mixin.py:137} INFO - [2023-02-03T04:44:22.703+0000] {dag.py:2690} INFO - Sync 1 DAGs
[2023-02-03T04:44:22.745+0000] {logging_mixin.py:137} INFO - [2023-02-03T04:44:22.745+0000] {dag.py:3441} INFO - Setting next_dagrun for dag_with_taskflow_api_v02 to 2023-02-03T00:00:00+00:00, run_after=2023-02-04T00:00:00+00:00
[2023-02-03T04:44:22.763+0000] {processor.py:175} INFO - Processing /opt/airflow/dags/dag_with_taskflow_api2.py took 0.235 seconds
[2023-02-03T04:44:53.034+0000] {processor.py:153} INFO - Started process (PID=499) to work on /opt/airflow/dags/dag_with_taskflow_api2.py
[2023-02-03T04:44:53.037+0000] {processor.py:743} INFO - Processing file /opt/airflow/dags/dag_with_taskflow_api2.py for tasks to queue
[2023-02-03T04:44:53.039+0000] {logging_mixin.py:137} INFO - [2023-02-03T04:44:53.039+0000] {dagbag.py:538} INFO - Filling up the DagBag from /opt/airflow/dags/dag_with_taskflow_api2.py
[2023-02-03T04:44:53.131+0000] {logging_mixin.py:137} INFO - [2023-02-03T04:44:53.131+0000] {taskmixin.py:205} WARNING - Dependency <Task(_PythonDecoratedOperator): get_name>, greet already registered for DAG: dag_with_taskflow_api_v02
[2023-02-03T04:44:53.133+0000] {logging_mixin.py:137} INFO - [2023-02-03T04:44:53.133+0000] {taskmixin.py:205} WARNING - Dependency <Task(_PythonDecoratedOperator): greet>, get_name already registered for DAG: dag_with_taskflow_api_v02
[2023-02-03T04:44:53.144+0000] {processor.py:753} INFO - DAG(s) dict_keys(['dag_with_taskflow_api_v02']) retrieved from /opt/airflow/dags/dag_with_taskflow_api2.py
[2023-02-03T04:44:53.179+0000] {logging_mixin.py:137} INFO - [2023-02-03T04:44:53.179+0000] {dag.py:2690} INFO - Sync 1 DAGs
[2023-02-03T04:44:53.216+0000] {logging_mixin.py:137} INFO - [2023-02-03T04:44:53.216+0000] {dag.py:3441} INFO - Setting next_dagrun for dag_with_taskflow_api_v02 to 2023-02-03T00:00:00+00:00, run_after=2023-02-04T00:00:00+00:00
[2023-02-03T04:44:53.233+0000] {processor.py:175} INFO - Processing /opt/airflow/dags/dag_with_taskflow_api2.py took 0.207 seconds
[2023-02-03T04:45:23.822+0000] {processor.py:153} INFO - Started process (PID=547) to work on /opt/airflow/dags/dag_with_taskflow_api2.py
[2023-02-03T04:45:23.846+0000] {processor.py:743} INFO - Processing file /opt/airflow/dags/dag_with_taskflow_api2.py for tasks to queue
[2023-02-03T04:45:23.855+0000] {logging_mixin.py:137} INFO - [2023-02-03T04:45:23.854+0000] {dagbag.py:538} INFO - Filling up the DagBag from /opt/airflow/dags/dag_with_taskflow_api2.py
[2023-02-03T04:45:24.081+0000] {logging_mixin.py:137} INFO - [2023-02-03T04:45:24.080+0000] {taskmixin.py:205} WARNING - Dependency <Task(_PythonDecoratedOperator): get_name>, greet already registered for DAG: dag_with_taskflow_api_v02
[2023-02-03T04:45:24.085+0000] {logging_mixin.py:137} INFO - [2023-02-03T04:45:24.084+0000] {taskmixin.py:205} WARNING - Dependency <Task(_PythonDecoratedOperator): greet>, get_name already registered for DAG: dag_with_taskflow_api_v02
[2023-02-03T04:45:24.129+0000] {processor.py:753} INFO - DAG(s) dict_keys(['dag_with_taskflow_api_v02']) retrieved from /opt/airflow/dags/dag_with_taskflow_api2.py
[2023-02-03T04:45:24.372+0000] {logging_mixin.py:137} INFO - [2023-02-03T04:45:24.372+0000] {dag.py:2690} INFO - Sync 1 DAGs
[2023-02-03T04:45:24.519+0000] {logging_mixin.py:137} INFO - [2023-02-03T04:45:24.517+0000] {dag.py:3441} INFO - Setting next_dagrun for dag_with_taskflow_api_v02 to 2023-02-03T00:00:00+00:00, run_after=2023-02-04T00:00:00+00:00
[2023-02-03T04:45:24.614+0000] {processor.py:175} INFO - Processing /opt/airflow/dags/dag_with_taskflow_api2.py took 0.824 seconds
[2023-02-03T04:45:55.584+0000] {processor.py:153} INFO - Started process (PID=585) to work on /opt/airflow/dags/dag_with_taskflow_api2.py
[2023-02-03T04:45:55.589+0000] {processor.py:743} INFO - Processing file /opt/airflow/dags/dag_with_taskflow_api2.py for tasks to queue
[2023-02-03T04:45:55.594+0000] {logging_mixin.py:137} INFO - [2023-02-03T04:45:55.593+0000] {dagbag.py:538} INFO - Filling up the DagBag from /opt/airflow/dags/dag_with_taskflow_api2.py
[2023-02-03T04:45:55.711+0000] {logging_mixin.py:137} INFO - [2023-02-03T04:45:55.711+0000] {taskmixin.py:205} WARNING - Dependency <Task(_PythonDecoratedOperator): get_name>, greet already registered for DAG: dag_with_taskflow_api_v02
[2023-02-03T04:45:55.715+0000] {logging_mixin.py:137} INFO - [2023-02-03T04:45:55.714+0000] {taskmixin.py:205} WARNING - Dependency <Task(_PythonDecoratedOperator): greet>, get_name already registered for DAG: dag_with_taskflow_api_v02
[2023-02-03T04:45:55.733+0000] {processor.py:753} INFO - DAG(s) dict_keys(['dag_with_taskflow_api_v02']) retrieved from /opt/airflow/dags/dag_with_taskflow_api2.py
[2023-02-03T04:45:55.908+0000] {logging_mixin.py:137} INFO - [2023-02-03T04:45:55.908+0000] {dag.py:2690} INFO - Sync 1 DAGs
[2023-02-03T04:45:55.965+0000] {logging_mixin.py:137} INFO - [2023-02-03T04:45:55.965+0000] {dag.py:3441} INFO - Setting next_dagrun for dag_with_taskflow_api_v02 to 2023-02-03T00:00:00+00:00, run_after=2023-02-04T00:00:00+00:00
[2023-02-03T04:45:55.995+0000] {processor.py:175} INFO - Processing /opt/airflow/dags/dag_with_taskflow_api2.py took 0.470 seconds
[2023-02-03T04:46:26.785+0000] {processor.py:153} INFO - Started process (PID=626) to work on /opt/airflow/dags/dag_with_taskflow_api2.py
[2023-02-03T04:46:26.790+0000] {processor.py:743} INFO - Processing file /opt/airflow/dags/dag_with_taskflow_api2.py for tasks to queue
[2023-02-03T04:46:26.793+0000] {logging_mixin.py:137} INFO - [2023-02-03T04:46:26.793+0000] {dagbag.py:538} INFO - Filling up the DagBag from /opt/airflow/dags/dag_with_taskflow_api2.py
[2023-02-03T04:46:26.843+0000] {logging_mixin.py:137} INFO - [2023-02-03T04:46:26.843+0000] {taskmixin.py:205} WARNING - Dependency <Task(_PythonDecoratedOperator): get_name>, greet already registered for DAG: dag_with_taskflow_api_v02
[2023-02-03T04:46:26.850+0000] {logging_mixin.py:137} INFO - [2023-02-03T04:46:26.850+0000] {taskmixin.py:205} WARNING - Dependency <Task(_PythonDecoratedOperator): greet>, get_name already registered for DAG: dag_with_taskflow_api_v02
[2023-02-03T04:46:26.858+0000] {processor.py:753} INFO - DAG(s) dict_keys(['dag_with_taskflow_api_v02']) retrieved from /opt/airflow/dags/dag_with_taskflow_api2.py
[2023-02-03T04:46:26.890+0000] {logging_mixin.py:137} INFO - [2023-02-03T04:46:26.890+0000] {dag.py:2690} INFO - Sync 1 DAGs
[2023-02-03T04:46:26.926+0000] {logging_mixin.py:137} INFO - [2023-02-03T04:46:26.926+0000] {dag.py:3441} INFO - Setting next_dagrun for dag_with_taskflow_api_v02 to 2023-02-03T00:00:00+00:00, run_after=2023-02-04T00:00:00+00:00
[2023-02-03T04:46:26.948+0000] {processor.py:175} INFO - Processing /opt/airflow/dags/dag_with_taskflow_api2.py took 0.214 seconds
[2023-02-03T04:46:57.285+0000] {processor.py:153} INFO - Started process (PID=665) to work on /opt/airflow/dags/dag_with_taskflow_api2.py
[2023-02-03T04:46:57.291+0000] {processor.py:743} INFO - Processing file /opt/airflow/dags/dag_with_taskflow_api2.py for tasks to queue
[2023-02-03T04:46:57.293+0000] {logging_mixin.py:137} INFO - [2023-02-03T04:46:57.293+0000] {dagbag.py:538} INFO - Filling up the DagBag from /opt/airflow/dags/dag_with_taskflow_api2.py
[2023-02-03T04:46:57.336+0000] {logging_mixin.py:137} INFO - [2023-02-03T04:46:57.336+0000] {taskmixin.py:205} WARNING - Dependency <Task(_PythonDecoratedOperator): get_name>, greet already registered for DAG: dag_with_taskflow_api_v02
[2023-02-03T04:46:57.338+0000] {logging_mixin.py:137} INFO - [2023-02-03T04:46:57.338+0000] {taskmixin.py:205} WARNING - Dependency <Task(_PythonDecoratedOperator): greet>, get_name already registered for DAG: dag_with_taskflow_api_v02
[2023-02-03T04:46:57.348+0000] {processor.py:753} INFO - DAG(s) dict_keys(['dag_with_taskflow_api_v02']) retrieved from /opt/airflow/dags/dag_with_taskflow_api2.py
[2023-02-03T04:46:57.386+0000] {logging_mixin.py:137} INFO - [2023-02-03T04:46:57.386+0000] {dag.py:2690} INFO - Sync 1 DAGs
[2023-02-03T04:46:57.423+0000] {logging_mixin.py:137} INFO - [2023-02-03T04:46:57.423+0000] {dag.py:3441} INFO - Setting next_dagrun for dag_with_taskflow_api_v02 to 2023-02-03T00:00:00+00:00, run_after=2023-02-04T00:00:00+00:00
[2023-02-03T04:46:57.451+0000] {processor.py:175} INFO - Processing /opt/airflow/dags/dag_with_taskflow_api2.py took 0.180 seconds
[2023-02-03T04:47:27.831+0000] {processor.py:153} INFO - Started process (PID=702) to work on /opt/airflow/dags/dag_with_taskflow_api2.py
[2023-02-03T04:47:27.835+0000] {processor.py:743} INFO - Processing file /opt/airflow/dags/dag_with_taskflow_api2.py for tasks to queue
[2023-02-03T04:47:27.837+0000] {logging_mixin.py:137} INFO - [2023-02-03T04:47:27.837+0000] {dagbag.py:538} INFO - Filling up the DagBag from /opt/airflow/dags/dag_with_taskflow_api2.py
[2023-02-03T04:47:27.905+0000] {logging_mixin.py:137} INFO - [2023-02-03T04:47:27.904+0000] {taskmixin.py:205} WARNING - Dependency <Task(_PythonDecoratedOperator): get_name>, greet already registered for DAG: dag_with_taskflow_api_v02
[2023-02-03T04:47:27.908+0000] {logging_mixin.py:137} INFO - [2023-02-03T04:47:27.907+0000] {taskmixin.py:205} WARNING - Dependency <Task(_PythonDecoratedOperator): greet>, get_name already registered for DAG: dag_with_taskflow_api_v02
[2023-02-03T04:47:27.937+0000] {processor.py:753} INFO - DAG(s) dict_keys(['dag_with_taskflow_api_v02']) retrieved from /opt/airflow/dags/dag_with_taskflow_api2.py
[2023-02-03T04:47:28.023+0000] {logging_mixin.py:137} INFO - [2023-02-03T04:47:28.023+0000] {dag.py:2690} INFO - Sync 1 DAGs
[2023-02-03T04:47:28.081+0000] {logging_mixin.py:137} INFO - [2023-02-03T04:47:28.080+0000] {dag.py:3441} INFO - Setting next_dagrun for dag_with_taskflow_api_v02 to 2023-02-03T00:00:00+00:00, run_after=2023-02-04T00:00:00+00:00
[2023-02-03T04:47:28.118+0000] {processor.py:175} INFO - Processing /opt/airflow/dags/dag_with_taskflow_api2.py took 0.299 seconds
[2023-02-03T04:47:58.552+0000] {processor.py:153} INFO - Started process (PID=751) to work on /opt/airflow/dags/dag_with_taskflow_api2.py
[2023-02-03T04:47:58.556+0000] {processor.py:743} INFO - Processing file /opt/airflow/dags/dag_with_taskflow_api2.py for tasks to queue
[2023-02-03T04:47:58.558+0000] {logging_mixin.py:137} INFO - [2023-02-03T04:47:58.558+0000] {dagbag.py:538} INFO - Filling up the DagBag from /opt/airflow/dags/dag_with_taskflow_api2.py
[2023-02-03T04:47:58.590+0000] {logging_mixin.py:137} INFO - [2023-02-03T04:47:58.590+0000] {taskmixin.py:205} WARNING - Dependency <Task(_PythonDecoratedOperator): get_name>, greet already registered for DAG: dag_with_taskflow_api_v02
[2023-02-03T04:47:58.597+0000] {logging_mixin.py:137} INFO - [2023-02-03T04:47:58.596+0000] {taskmixin.py:205} WARNING - Dependency <Task(_PythonDecoratedOperator): greet>, get_name already registered for DAG: dag_with_taskflow_api_v02
[2023-02-03T04:47:58.604+0000] {processor.py:753} INFO - DAG(s) dict_keys(['dag_with_taskflow_api_v02']) retrieved from /opt/airflow/dags/dag_with_taskflow_api2.py
[2023-02-03T04:47:58.644+0000] {logging_mixin.py:137} INFO - [2023-02-03T04:47:58.643+0000] {dag.py:2690} INFO - Sync 1 DAGs
[2023-02-03T04:47:58.675+0000] {logging_mixin.py:137} INFO - [2023-02-03T04:47:58.675+0000] {dag.py:3441} INFO - Setting next_dagrun for dag_with_taskflow_api_v02 to 2023-02-03T00:00:00+00:00, run_after=2023-02-04T00:00:00+00:00
[2023-02-03T04:47:58.695+0000] {processor.py:175} INFO - Processing /opt/airflow/dags/dag_with_taskflow_api2.py took 0.157 seconds
[2023-02-03T04:48:29.274+0000] {processor.py:153} INFO - Started process (PID=789) to work on /opt/airflow/dags/dag_with_taskflow_api2.py
[2023-02-03T04:48:29.279+0000] {processor.py:743} INFO - Processing file /opt/airflow/dags/dag_with_taskflow_api2.py for tasks to queue
[2023-02-03T04:48:29.283+0000] {logging_mixin.py:137} INFO - [2023-02-03T04:48:29.283+0000] {dagbag.py:538} INFO - Filling up the DagBag from /opt/airflow/dags/dag_with_taskflow_api2.py
[2023-02-03T04:48:29.338+0000] {logging_mixin.py:137} INFO - [2023-02-03T04:48:29.337+0000] {taskmixin.py:205} WARNING - Dependency <Task(_PythonDecoratedOperator): get_name>, greet already registered for DAG: dag_with_taskflow_api_v02
[2023-02-03T04:48:29.339+0000] {logging_mixin.py:137} INFO - [2023-02-03T04:48:29.338+0000] {taskmixin.py:205} WARNING - Dependency <Task(_PythonDecoratedOperator): greet>, get_name already registered for DAG: dag_with_taskflow_api_v02
[2023-02-03T04:48:29.347+0000] {processor.py:753} INFO - DAG(s) dict_keys(['dag_with_taskflow_api_v02']) retrieved from /opt/airflow/dags/dag_with_taskflow_api2.py
[2023-02-03T04:48:29.402+0000] {logging_mixin.py:137} INFO - [2023-02-03T04:48:29.402+0000] {dag.py:2690} INFO - Sync 1 DAGs
[2023-02-03T04:48:29.452+0000] {logging_mixin.py:137} INFO - [2023-02-03T04:48:29.452+0000] {dag.py:3441} INFO - Setting next_dagrun for dag_with_taskflow_api_v02 to 2023-02-03T00:00:00+00:00, run_after=2023-02-04T00:00:00+00:00
[2023-02-03T04:48:29.478+0000] {processor.py:175} INFO - Processing /opt/airflow/dags/dag_with_taskflow_api2.py took 0.215 seconds
[2023-02-03T04:49:00.294+0000] {processor.py:153} INFO - Started process (PID=837) to work on /opt/airflow/dags/dag_with_taskflow_api2.py
[2023-02-03T04:49:00.299+0000] {processor.py:743} INFO - Processing file /opt/airflow/dags/dag_with_taskflow_api2.py for tasks to queue
[2023-02-03T04:49:00.303+0000] {logging_mixin.py:137} INFO - [2023-02-03T04:49:00.303+0000] {dagbag.py:538} INFO - Filling up the DagBag from /opt/airflow/dags/dag_with_taskflow_api2.py
[2023-02-03T04:49:00.343+0000] {logging_mixin.py:137} INFO - [2023-02-03T04:49:00.342+0000] {taskmixin.py:205} WARNING - Dependency <Task(_PythonDecoratedOperator): get_name>, greet already registered for DAG: dag_with_taskflow_api_v02
[2023-02-03T04:49:00.344+0000] {logging_mixin.py:137} INFO - [2023-02-03T04:49:00.344+0000] {taskmixin.py:205} WARNING - Dependency <Task(_PythonDecoratedOperator): greet>, get_name already registered for DAG: dag_with_taskflow_api_v02
[2023-02-03T04:49:00.353+0000] {processor.py:753} INFO - DAG(s) dict_keys(['dag_with_taskflow_api_v02']) retrieved from /opt/airflow/dags/dag_with_taskflow_api2.py
[2023-02-03T04:49:00.399+0000] {logging_mixin.py:137} INFO - [2023-02-03T04:49:00.398+0000] {dag.py:2690} INFO - Sync 1 DAGs
[2023-02-03T04:49:00.471+0000] {logging_mixin.py:137} INFO - [2023-02-03T04:49:00.470+0000] {dag.py:3441} INFO - Setting next_dagrun for dag_with_taskflow_api_v02 to 2023-02-03T00:00:00+00:00, run_after=2023-02-04T00:00:00+00:00
[2023-02-03T04:49:00.500+0000] {processor.py:175} INFO - Processing /opt/airflow/dags/dag_with_taskflow_api2.py took 0.211 seconds
[2023-02-03T04:49:31.082+0000] {processor.py:153} INFO - Started process (PID=878) to work on /opt/airflow/dags/dag_with_taskflow_api2.py
[2023-02-03T04:49:31.085+0000] {processor.py:743} INFO - Processing file /opt/airflow/dags/dag_with_taskflow_api2.py for tasks to queue
[2023-02-03T04:49:31.087+0000] {logging_mixin.py:137} INFO - [2023-02-03T04:49:31.086+0000] {dagbag.py:538} INFO - Filling up the DagBag from /opt/airflow/dags/dag_with_taskflow_api2.py
[2023-02-03T04:49:31.120+0000] {logging_mixin.py:137} INFO - [2023-02-03T04:49:31.119+0000] {taskmixin.py:205} WARNING - Dependency <Task(_PythonDecoratedOperator): get_name>, greet already registered for DAG: dag_with_taskflow_api_v02
[2023-02-03T04:49:31.121+0000] {logging_mixin.py:137} INFO - [2023-02-03T04:49:31.121+0000] {taskmixin.py:205} WARNING - Dependency <Task(_PythonDecoratedOperator): greet>, get_name already registered for DAG: dag_with_taskflow_api_v02
[2023-02-03T04:49:31.128+0000] {processor.py:753} INFO - DAG(s) dict_keys(['dag_with_taskflow_api_v02']) retrieved from /opt/airflow/dags/dag_with_taskflow_api2.py
[2023-02-03T04:49:31.166+0000] {logging_mixin.py:137} INFO - [2023-02-03T04:49:31.166+0000] {dag.py:2690} INFO - Sync 1 DAGs
[2023-02-03T04:49:31.210+0000] {logging_mixin.py:137} INFO - [2023-02-03T04:49:31.210+0000] {dag.py:3441} INFO - Setting next_dagrun for dag_with_taskflow_api_v02 to 2023-02-03T00:00:00+00:00, run_after=2023-02-04T00:00:00+00:00
[2023-02-03T04:49:31.231+0000] {processor.py:175} INFO - Processing /opt/airflow/dags/dag_with_taskflow_api2.py took 0.157 seconds
[2023-02-03T04:50:01.416+0000] {processor.py:153} INFO - Started process (PID=923) to work on /opt/airflow/dags/dag_with_taskflow_api2.py
[2023-02-03T04:50:01.424+0000] {processor.py:743} INFO - Processing file /opt/airflow/dags/dag_with_taskflow_api2.py for tasks to queue
[2023-02-03T04:50:01.428+0000] {logging_mixin.py:137} INFO - [2023-02-03T04:50:01.428+0000] {dagbag.py:538} INFO - Filling up the DagBag from /opt/airflow/dags/dag_with_taskflow_api2.py
[2023-02-03T04:50:01.477+0000] {logging_mixin.py:137} INFO - [2023-02-03T04:50:01.476+0000] {taskmixin.py:205} WARNING - Dependency <Task(_PythonDecoratedOperator): get_name>, greet already registered for DAG: dag_with_taskflow_api_v02
[2023-02-03T04:50:01.478+0000] {logging_mixin.py:137} INFO - [2023-02-03T04:50:01.478+0000] {taskmixin.py:205} WARNING - Dependency <Task(_PythonDecoratedOperator): greet>, get_name already registered for DAG: dag_with_taskflow_api_v02
[2023-02-03T04:50:01.489+0000] {processor.py:753} INFO - DAG(s) dict_keys(['dag_with_taskflow_api_v02']) retrieved from /opt/airflow/dags/dag_with_taskflow_api2.py
[2023-02-03T04:50:01.528+0000] {logging_mixin.py:137} INFO - [2023-02-03T04:50:01.528+0000] {dag.py:2690} INFO - Sync 1 DAGs
[2023-02-03T04:50:01.567+0000] {logging_mixin.py:137} INFO - [2023-02-03T04:50:01.567+0000] {dag.py:3441} INFO - Setting next_dagrun for dag_with_taskflow_api_v02 to 2023-02-03T00:00:00+00:00, run_after=2023-02-04T00:00:00+00:00
[2023-02-03T04:50:01.593+0000] {processor.py:175} INFO - Processing /opt/airflow/dags/dag_with_taskflow_api2.py took 0.186 seconds
[2023-02-03T04:50:31.729+0000] {processor.py:153} INFO - Started process (PID=967) to work on /opt/airflow/dags/dag_with_taskflow_api2.py
[2023-02-03T04:50:31.733+0000] {processor.py:743} INFO - Processing file /opt/airflow/dags/dag_with_taskflow_api2.py for tasks to queue
[2023-02-03T04:50:31.735+0000] {logging_mixin.py:137} INFO - [2023-02-03T04:50:31.735+0000] {dagbag.py:538} INFO - Filling up the DagBag from /opt/airflow/dags/dag_with_taskflow_api2.py
[2023-02-03T04:50:31.775+0000] {logging_mixin.py:137} INFO - [2023-02-03T04:50:31.774+0000] {taskmixin.py:205} WARNING - Dependency <Task(_PythonDecoratedOperator): get_name>, greet already registered for DAG: dag_with_taskflow_api_v02
[2023-02-03T04:50:31.776+0000] {logging_mixin.py:137} INFO - [2023-02-03T04:50:31.776+0000] {taskmixin.py:205} WARNING - Dependency <Task(_PythonDecoratedOperator): greet>, get_name already registered for DAG: dag_with_taskflow_api_v02
[2023-02-03T04:50:31.785+0000] {processor.py:753} INFO - DAG(s) dict_keys(['dag_with_taskflow_api_v02']) retrieved from /opt/airflow/dags/dag_with_taskflow_api2.py
[2023-02-03T04:50:31.827+0000] {logging_mixin.py:137} INFO - [2023-02-03T04:50:31.827+0000] {dag.py:2690} INFO - Sync 1 DAGs
[2023-02-03T04:50:31.864+0000] {logging_mixin.py:137} INFO - [2023-02-03T04:50:31.864+0000] {dag.py:3441} INFO - Setting next_dagrun for dag_with_taskflow_api_v02 to 2023-02-03T00:00:00+00:00, run_after=2023-02-04T00:00:00+00:00
[2023-02-03T04:50:31.882+0000] {processor.py:175} INFO - Processing /opt/airflow/dags/dag_with_taskflow_api2.py took 0.164 seconds
[2023-02-03T04:51:02.056+0000] {processor.py:153} INFO - Started process (PID=1005) to work on /opt/airflow/dags/dag_with_taskflow_api2.py
[2023-02-03T04:51:02.059+0000] {processor.py:743} INFO - Processing file /opt/airflow/dags/dag_with_taskflow_api2.py for tasks to queue
[2023-02-03T04:51:02.061+0000] {logging_mixin.py:137} INFO - [2023-02-03T04:51:02.061+0000] {dagbag.py:538} INFO - Filling up the DagBag from /opt/airflow/dags/dag_with_taskflow_api2.py
[2023-02-03T04:51:02.098+0000] {logging_mixin.py:137} INFO - [2023-02-03T04:51:02.098+0000] {taskmixin.py:205} WARNING - Dependency <Task(_PythonDecoratedOperator): get_name>, greet already registered for DAG: dag_with_taskflow_api_v02
[2023-02-03T04:51:02.101+0000] {logging_mixin.py:137} INFO - [2023-02-03T04:51:02.100+0000] {taskmixin.py:205} WARNING - Dependency <Task(_PythonDecoratedOperator): greet>, get_name already registered for DAG: dag_with_taskflow_api_v02
[2023-02-03T04:51:02.109+0000] {processor.py:753} INFO - DAG(s) dict_keys(['dag_with_taskflow_api_v02']) retrieved from /opt/airflow/dags/dag_with_taskflow_api2.py
[2023-02-03T04:51:02.150+0000] {logging_mixin.py:137} INFO - [2023-02-03T04:51:02.150+0000] {dag.py:2690} INFO - Sync 1 DAGs
[2023-02-03T04:51:02.180+0000] {logging_mixin.py:137} INFO - [2023-02-03T04:51:02.180+0000] {dag.py:3441} INFO - Setting next_dagrun for dag_with_taskflow_api_v02 to 2023-02-03T00:00:00+00:00, run_after=2023-02-04T00:00:00+00:00
[2023-02-03T04:51:02.199+0000] {processor.py:175} INFO - Processing /opt/airflow/dags/dag_with_taskflow_api2.py took 0.151 seconds
[2023-02-03T04:51:32.292+0000] {processor.py:153} INFO - Started process (PID=1055) to work on /opt/airflow/dags/dag_with_taskflow_api2.py
[2023-02-03T04:51:32.297+0000] {processor.py:743} INFO - Processing file /opt/airflow/dags/dag_with_taskflow_api2.py for tasks to queue
[2023-02-03T04:51:32.300+0000] {logging_mixin.py:137} INFO - [2023-02-03T04:51:32.299+0000] {dagbag.py:538} INFO - Filling up the DagBag from /opt/airflow/dags/dag_with_taskflow_api2.py
[2023-02-03T04:51:32.351+0000] {logging_mixin.py:137} INFO - [2023-02-03T04:51:32.351+0000] {taskmixin.py:205} WARNING - Dependency <Task(_PythonDecoratedOperator): get_name>, greet already registered for DAG: dag_with_taskflow_api_v02
[2023-02-03T04:51:32.352+0000] {logging_mixin.py:137} INFO - [2023-02-03T04:51:32.352+0000] {taskmixin.py:205} WARNING - Dependency <Task(_PythonDecoratedOperator): greet>, get_name already registered for DAG: dag_with_taskflow_api_v02
[2023-02-03T04:51:32.360+0000] {processor.py:753} INFO - DAG(s) dict_keys(['dag_with_taskflow_api_v02']) retrieved from /opt/airflow/dags/dag_with_taskflow_api2.py
[2023-02-03T04:51:32.392+0000] {logging_mixin.py:137} INFO - [2023-02-03T04:51:32.392+0000] {dag.py:2690} INFO - Sync 1 DAGs
[2023-02-03T04:51:32.424+0000] {logging_mixin.py:137} INFO - [2023-02-03T04:51:32.423+0000] {dag.py:3441} INFO - Setting next_dagrun for dag_with_taskflow_api_v02 to 2023-02-03T00:00:00+00:00, run_after=2023-02-04T00:00:00+00:00
[2023-02-03T04:51:32.444+0000] {processor.py:175} INFO - Processing /opt/airflow/dags/dag_with_taskflow_api2.py took 0.165 seconds
[2023-02-03T04:52:02.701+0000] {processor.py:153} INFO - Started process (PID=1094) to work on /opt/airflow/dags/dag_with_taskflow_api2.py
[2023-02-03T04:52:02.704+0000] {processor.py:743} INFO - Processing file /opt/airflow/dags/dag_with_taskflow_api2.py for tasks to queue
[2023-02-03T04:52:02.706+0000] {logging_mixin.py:137} INFO - [2023-02-03T04:52:02.706+0000] {dagbag.py:538} INFO - Filling up the DagBag from /opt/airflow/dags/dag_with_taskflow_api2.py
[2023-02-03T04:52:02.743+0000] {logging_mixin.py:137} INFO - [2023-02-03T04:52:02.742+0000] {taskmixin.py:205} WARNING - Dependency <Task(_PythonDecoratedOperator): get_name>, greet already registered for DAG: dag_with_taskflow_api_v02
[2023-02-03T04:52:02.744+0000] {logging_mixin.py:137} INFO - [2023-02-03T04:52:02.744+0000] {taskmixin.py:205} WARNING - Dependency <Task(_PythonDecoratedOperator): greet>, get_name already registered for DAG: dag_with_taskflow_api_v02
[2023-02-03T04:52:02.753+0000] {processor.py:753} INFO - DAG(s) dict_keys(['dag_with_taskflow_api_v02']) retrieved from /opt/airflow/dags/dag_with_taskflow_api2.py
[2023-02-03T04:52:02.786+0000] {logging_mixin.py:137} INFO - [2023-02-03T04:52:02.786+0000] {dag.py:2690} INFO - Sync 1 DAGs
[2023-02-03T04:52:02.815+0000] {logging_mixin.py:137} INFO - [2023-02-03T04:52:02.815+0000] {dag.py:3441} INFO - Setting next_dagrun for dag_with_taskflow_api_v02 to 2023-02-03T00:00:00+00:00, run_after=2023-02-04T00:00:00+00:00
[2023-02-03T04:52:02.833+0000] {processor.py:175} INFO - Processing /opt/airflow/dags/dag_with_taskflow_api2.py took 0.140 seconds
[2023-02-03T04:52:33.495+0000] {processor.py:153} INFO - Started process (PID=1144) to work on /opt/airflow/dags/dag_with_taskflow_api2.py
[2023-02-03T04:52:33.501+0000] {processor.py:743} INFO - Processing file /opt/airflow/dags/dag_with_taskflow_api2.py for tasks to queue
[2023-02-03T04:52:33.510+0000] {logging_mixin.py:137} INFO - [2023-02-03T04:52:33.510+0000] {dagbag.py:538} INFO - Filling up the DagBag from /opt/airflow/dags/dag_with_taskflow_api2.py
[2023-02-03T04:52:33.568+0000] {logging_mixin.py:137} INFO - [2023-02-03T04:52:33.567+0000] {taskmixin.py:205} WARNING - Dependency <Task(_PythonDecoratedOperator): get_name>, greet already registered for DAG: dag_with_taskflow_api_v02
[2023-02-03T04:52:33.570+0000] {logging_mixin.py:137} INFO - [2023-02-03T04:52:33.569+0000] {taskmixin.py:205} WARNING - Dependency <Task(_PythonDecoratedOperator): greet>, get_name already registered for DAG: dag_with_taskflow_api_v02
[2023-02-03T04:52:33.579+0000] {processor.py:753} INFO - DAG(s) dict_keys(['dag_with_taskflow_api_v02']) retrieved from /opt/airflow/dags/dag_with_taskflow_api2.py
[2023-02-03T04:52:33.648+0000] {logging_mixin.py:137} INFO - [2023-02-03T04:52:33.648+0000] {dag.py:2690} INFO - Sync 1 DAGs
[2023-02-03T04:52:33.698+0000] {logging_mixin.py:137} INFO - [2023-02-03T04:52:33.698+0000] {dag.py:3441} INFO - Setting next_dagrun for dag_with_taskflow_api_v02 to 2023-02-03T00:00:00+00:00, run_after=2023-02-04T00:00:00+00:00
[2023-02-03T04:52:33.737+0000] {processor.py:175} INFO - Processing /opt/airflow/dags/dag_with_taskflow_api2.py took 0.252 seconds
[2023-02-03T04:53:03.868+0000] {processor.py:153} INFO - Started process (PID=1183) to work on /opt/airflow/dags/dag_with_taskflow_api2.py
[2023-02-03T04:53:03.872+0000] {processor.py:743} INFO - Processing file /opt/airflow/dags/dag_with_taskflow_api2.py for tasks to queue
[2023-02-03T04:53:03.874+0000] {logging_mixin.py:137} INFO - [2023-02-03T04:53:03.874+0000] {dagbag.py:538} INFO - Filling up the DagBag from /opt/airflow/dags/dag_with_taskflow_api2.py
[2023-02-03T04:53:03.931+0000] {logging_mixin.py:137} INFO - [2023-02-03T04:53:03.931+0000] {taskmixin.py:205} WARNING - Dependency <Task(_PythonDecoratedOperator): get_name>, greet already registered for DAG: dag_with_taskflow_api_v02
[2023-02-03T04:53:03.932+0000] {logging_mixin.py:137} INFO - [2023-02-03T04:53:03.932+0000] {taskmixin.py:205} WARNING - Dependency <Task(_PythonDecoratedOperator): greet>, get_name already registered for DAG: dag_with_taskflow_api_v02
[2023-02-03T04:53:03.941+0000] {processor.py:753} INFO - DAG(s) dict_keys(['dag_with_taskflow_api_v02']) retrieved from /opt/airflow/dags/dag_with_taskflow_api2.py
[2023-02-03T04:53:03.988+0000] {logging_mixin.py:137} INFO - [2023-02-03T04:53:03.988+0000] {dag.py:2690} INFO - Sync 1 DAGs
[2023-02-03T04:53:04.019+0000] {logging_mixin.py:137} INFO - [2023-02-03T04:53:04.019+0000] {dag.py:3441} INFO - Setting next_dagrun for dag_with_taskflow_api_v02 to 2023-02-03T00:00:00+00:00, run_after=2023-02-04T00:00:00+00:00
[2023-02-03T04:53:04.039+0000] {processor.py:175} INFO - Processing /opt/airflow/dags/dag_with_taskflow_api2.py took 0.182 seconds
[2023-02-03T04:53:34.443+0000] {processor.py:153} INFO - Started process (PID=1221) to work on /opt/airflow/dags/dag_with_taskflow_api2.py
[2023-02-03T04:53:34.446+0000] {processor.py:743} INFO - Processing file /opt/airflow/dags/dag_with_taskflow_api2.py for tasks to queue
[2023-02-03T04:53:34.448+0000] {logging_mixin.py:137} INFO - [2023-02-03T04:53:34.448+0000] {dagbag.py:538} INFO - Filling up the DagBag from /opt/airflow/dags/dag_with_taskflow_api2.py
[2023-02-03T04:53:34.504+0000] {logging_mixin.py:137} INFO - [2023-02-03T04:53:34.504+0000] {taskmixin.py:205} WARNING - Dependency <Task(_PythonDecoratedOperator): get_name>, greet already registered for DAG: dag_with_taskflow_api_v02
[2023-02-03T04:53:34.506+0000] {logging_mixin.py:137} INFO - [2023-02-03T04:53:34.505+0000] {taskmixin.py:205} WARNING - Dependency <Task(_PythonDecoratedOperator): greet>, get_name already registered for DAG: dag_with_taskflow_api_v02
[2023-02-03T04:53:34.516+0000] {processor.py:753} INFO - DAG(s) dict_keys(['dag_with_taskflow_api_v02']) retrieved from /opt/airflow/dags/dag_with_taskflow_api2.py
[2023-02-03T04:53:34.555+0000] {logging_mixin.py:137} INFO - [2023-02-03T04:53:34.555+0000] {dag.py:2690} INFO - Sync 1 DAGs
[2023-02-03T04:53:34.605+0000] {logging_mixin.py:137} INFO - [2023-02-03T04:53:34.605+0000] {dag.py:3441} INFO - Setting next_dagrun for dag_with_taskflow_api_v02 to 2023-02-03T00:00:00+00:00, run_after=2023-02-04T00:00:00+00:00
[2023-02-03T04:53:34.629+0000] {processor.py:175} INFO - Processing /opt/airflow/dags/dag_with_taskflow_api2.py took 0.198 seconds
[2023-02-03T04:54:04.833+0000] {processor.py:153} INFO - Started process (PID=1270) to work on /opt/airflow/dags/dag_with_taskflow_api2.py
[2023-02-03T04:54:04.837+0000] {processor.py:743} INFO - Processing file /opt/airflow/dags/dag_with_taskflow_api2.py for tasks to queue
[2023-02-03T04:54:04.839+0000] {logging_mixin.py:137} INFO - [2023-02-03T04:54:04.839+0000] {dagbag.py:538} INFO - Filling up the DagBag from /opt/airflow/dags/dag_with_taskflow_api2.py
[2023-02-03T04:54:04.883+0000] {logging_mixin.py:137} INFO - [2023-02-03T04:54:04.883+0000] {taskmixin.py:205} WARNING - Dependency <Task(_PythonDecoratedOperator): get_name>, greet already registered for DAG: dag_with_taskflow_api_v02
[2023-02-03T04:54:04.885+0000] {logging_mixin.py:137} INFO - [2023-02-03T04:54:04.884+0000] {taskmixin.py:205} WARNING - Dependency <Task(_PythonDecoratedOperator): greet>, get_name already registered for DAG: dag_with_taskflow_api_v02
[2023-02-03T04:54:04.897+0000] {processor.py:753} INFO - DAG(s) dict_keys(['dag_with_taskflow_api_v02']) retrieved from /opt/airflow/dags/dag_with_taskflow_api2.py
[2023-02-03T04:54:04.945+0000] {logging_mixin.py:137} INFO - [2023-02-03T04:54:04.945+0000] {dag.py:2690} INFO - Sync 1 DAGs
[2023-02-03T04:54:04.989+0000] {logging_mixin.py:137} INFO - [2023-02-03T04:54:04.989+0000] {dag.py:3441} INFO - Setting next_dagrun for dag_with_taskflow_api_v02 to 2023-02-03T00:00:00+00:00, run_after=2023-02-04T00:00:00+00:00
[2023-02-03T04:54:05.006+0000] {processor.py:175} INFO - Processing /opt/airflow/dags/dag_with_taskflow_api2.py took 0.182 seconds
[2023-02-03T04:54:35.534+0000] {processor.py:153} INFO - Started process (PID=1308) to work on /opt/airflow/dags/dag_with_taskflow_api2.py
[2023-02-03T04:54:35.538+0000] {processor.py:743} INFO - Processing file /opt/airflow/dags/dag_with_taskflow_api2.py for tasks to queue
[2023-02-03T04:54:35.541+0000] {logging_mixin.py:137} INFO - [2023-02-03T04:54:35.540+0000] {dagbag.py:538} INFO - Filling up the DagBag from /opt/airflow/dags/dag_with_taskflow_api2.py
[2023-02-03T04:54:35.604+0000] {logging_mixin.py:137} INFO - [2023-02-03T04:54:35.603+0000] {taskmixin.py:205} WARNING - Dependency <Task(_PythonDecoratedOperator): get_name>, greet already registered for DAG: dag_with_taskflow_api_v02
[2023-02-03T04:54:35.605+0000] {logging_mixin.py:137} INFO - [2023-02-03T04:54:35.605+0000] {taskmixin.py:205} WARNING - Dependency <Task(_PythonDecoratedOperator): greet>, get_name already registered for DAG: dag_with_taskflow_api_v02
[2023-02-03T04:54:35.617+0000] {processor.py:753} INFO - DAG(s) dict_keys(['dag_with_taskflow_api_v02']) retrieved from /opt/airflow/dags/dag_with_taskflow_api2.py
[2023-02-03T04:54:35.667+0000] {logging_mixin.py:137} INFO - [2023-02-03T04:54:35.667+0000] {dag.py:2690} INFO - Sync 1 DAGs
[2023-02-03T04:54:35.710+0000] {logging_mixin.py:137} INFO - [2023-02-03T04:54:35.710+0000] {dag.py:3441} INFO - Setting next_dagrun for dag_with_taskflow_api_v02 to 2023-02-03T00:00:00+00:00, run_after=2023-02-04T00:00:00+00:00
[2023-02-03T04:54:35.732+0000] {processor.py:175} INFO - Processing /opt/airflow/dags/dag_with_taskflow_api2.py took 0.206 seconds
[2023-02-03T04:55:06.154+0000] {processor.py:153} INFO - Started process (PID=1346) to work on /opt/airflow/dags/dag_with_taskflow_api2.py
[2023-02-03T04:55:06.161+0000] {processor.py:743} INFO - Processing file /opt/airflow/dags/dag_with_taskflow_api2.py for tasks to queue
[2023-02-03T04:55:06.165+0000] {logging_mixin.py:137} INFO - [2023-02-03T04:55:06.164+0000] {dagbag.py:538} INFO - Filling up the DagBag from /opt/airflow/dags/dag_with_taskflow_api2.py
[2023-02-03T04:55:06.237+0000] {logging_mixin.py:137} INFO - [2023-02-03T04:55:06.237+0000] {taskmixin.py:205} WARNING - Dependency <Task(_PythonDecoratedOperator): get_name>, greet already registered for DAG: dag_with_taskflow_api_v02
[2023-02-03T04:55:06.239+0000] {logging_mixin.py:137} INFO - [2023-02-03T04:55:06.238+0000] {taskmixin.py:205} WARNING - Dependency <Task(_PythonDecoratedOperator): greet>, get_name already registered for DAG: dag_with_taskflow_api_v02
[2023-02-03T04:55:06.248+0000] {processor.py:753} INFO - DAG(s) dict_keys(['dag_with_taskflow_api_v02']) retrieved from /opt/airflow/dags/dag_with_taskflow_api2.py
[2023-02-03T04:55:06.307+0000] {logging_mixin.py:137} INFO - [2023-02-03T04:55:06.307+0000] {dag.py:2690} INFO - Sync 1 DAGs
[2023-02-03T04:55:06.357+0000] {logging_mixin.py:137} INFO - [2023-02-03T04:55:06.357+0000] {dag.py:3441} INFO - Setting next_dagrun for dag_with_taskflow_api_v02 to 2023-02-03T00:00:00+00:00, run_after=2023-02-04T00:00:00+00:00
[2023-02-03T04:55:06.385+0000] {processor.py:175} INFO - Processing /opt/airflow/dags/dag_with_taskflow_api2.py took 0.241 seconds
[2023-02-03T04:55:37.190+0000] {processor.py:153} INFO - Started process (PID=1395) to work on /opt/airflow/dags/dag_with_taskflow_api2.py
[2023-02-03T04:55:37.193+0000] {processor.py:743} INFO - Processing file /opt/airflow/dags/dag_with_taskflow_api2.py for tasks to queue
[2023-02-03T04:55:37.201+0000] {logging_mixin.py:137} INFO - [2023-02-03T04:55:37.200+0000] {dagbag.py:538} INFO - Filling up the DagBag from /opt/airflow/dags/dag_with_taskflow_api2.py
[2023-02-03T04:55:37.243+0000] {logging_mixin.py:137} INFO - [2023-02-03T04:55:37.243+0000] {taskmixin.py:205} WARNING - Dependency <Task(_PythonDecoratedOperator): get_name>, greet already registered for DAG: dag_with_taskflow_api_v02
[2023-02-03T04:55:37.245+0000] {logging_mixin.py:137} INFO - [2023-02-03T04:55:37.244+0000] {taskmixin.py:205} WARNING - Dependency <Task(_PythonDecoratedOperator): greet>, get_name already registered for DAG: dag_with_taskflow_api_v02
[2023-02-03T04:55:37.252+0000] {processor.py:753} INFO - DAG(s) dict_keys(['dag_with_taskflow_api_v02']) retrieved from /opt/airflow/dags/dag_with_taskflow_api2.py
[2023-02-03T04:55:37.294+0000] {logging_mixin.py:137} INFO - [2023-02-03T04:55:37.293+0000] {dag.py:2690} INFO - Sync 1 DAGs
[2023-02-03T04:55:37.345+0000] {logging_mixin.py:137} INFO - [2023-02-03T04:55:37.345+0000] {dag.py:3441} INFO - Setting next_dagrun for dag_with_taskflow_api_v02 to 2023-02-03T00:00:00+00:00, run_after=2023-02-04T00:00:00+00:00
[2023-02-03T04:55:37.365+0000] {processor.py:175} INFO - Processing /opt/airflow/dags/dag_with_taskflow_api2.py took 0.182 seconds
[2023-02-03T04:56:07.544+0000] {processor.py:153} INFO - Started process (PID=1433) to work on /opt/airflow/dags/dag_with_taskflow_api2.py
[2023-02-03T04:56:07.548+0000] {processor.py:743} INFO - Processing file /opt/airflow/dags/dag_with_taskflow_api2.py for tasks to queue
[2023-02-03T04:56:07.550+0000] {logging_mixin.py:137} INFO - [2023-02-03T04:56:07.549+0000] {dagbag.py:538} INFO - Filling up the DagBag from /opt/airflow/dags/dag_with_taskflow_api2.py
[2023-02-03T04:56:07.598+0000] {logging_mixin.py:137} INFO - [2023-02-03T04:56:07.598+0000] {taskmixin.py:205} WARNING - Dependency <Task(_PythonDecoratedOperator): get_name>, greet already registered for DAG: dag_with_taskflow_api_v02
[2023-02-03T04:56:07.599+0000] {logging_mixin.py:137} INFO - [2023-02-03T04:56:07.599+0000] {taskmixin.py:205} WARNING - Dependency <Task(_PythonDecoratedOperator): greet>, get_name already registered for DAG: dag_with_taskflow_api_v02
[2023-02-03T04:56:07.609+0000] {processor.py:753} INFO - DAG(s) dict_keys(['dag_with_taskflow_api_v02']) retrieved from /opt/airflow/dags/dag_with_taskflow_api2.py
[2023-02-03T04:56:07.677+0000] {logging_mixin.py:137} INFO - [2023-02-03T04:56:07.677+0000] {dag.py:2690} INFO - Sync 1 DAGs
[2023-02-03T04:56:07.718+0000] {logging_mixin.py:137} INFO - [2023-02-03T04:56:07.718+0000] {dag.py:3441} INFO - Setting next_dagrun for dag_with_taskflow_api_v02 to 2023-02-03T00:00:00+00:00, run_after=2023-02-04T00:00:00+00:00
[2023-02-03T04:56:07.743+0000] {processor.py:175} INFO - Processing /opt/airflow/dags/dag_with_taskflow_api2.py took 0.211 seconds
[2023-02-03T04:56:38.100+0000] {processor.py:153} INFO - Started process (PID=1483) to work on /opt/airflow/dags/dag_with_taskflow_api2.py
[2023-02-03T04:56:38.104+0000] {processor.py:743} INFO - Processing file /opt/airflow/dags/dag_with_taskflow_api2.py for tasks to queue
[2023-02-03T04:56:38.105+0000] {logging_mixin.py:137} INFO - [2023-02-03T04:56:38.105+0000] {dagbag.py:538} INFO - Filling up the DagBag from /opt/airflow/dags/dag_with_taskflow_api2.py
[2023-02-03T04:56:38.144+0000] {logging_mixin.py:137} INFO - [2023-02-03T04:56:38.144+0000] {taskmixin.py:205} WARNING - Dependency <Task(_PythonDecoratedOperator): get_name>, greet already registered for DAG: dag_with_taskflow_api_v02
[2023-02-03T04:56:38.145+0000] {logging_mixin.py:137} INFO - [2023-02-03T04:56:38.145+0000] {taskmixin.py:205} WARNING - Dependency <Task(_PythonDecoratedOperator): greet>, get_name already registered for DAG: dag_with_taskflow_api_v02
[2023-02-03T04:56:38.153+0000] {processor.py:753} INFO - DAG(s) dict_keys(['dag_with_taskflow_api_v02']) retrieved from /opt/airflow/dags/dag_with_taskflow_api2.py
[2023-02-03T04:56:38.185+0000] {logging_mixin.py:137} INFO - [2023-02-03T04:56:38.185+0000] {dag.py:2690} INFO - Sync 1 DAGs
[2023-02-03T04:56:38.218+0000] {logging_mixin.py:137} INFO - [2023-02-03T04:56:38.218+0000] {dag.py:3441} INFO - Setting next_dagrun for dag_with_taskflow_api_v02 to 2023-02-03T00:00:00+00:00, run_after=2023-02-04T00:00:00+00:00
[2023-02-03T04:56:38.237+0000] {processor.py:175} INFO - Processing /opt/airflow/dags/dag_with_taskflow_api2.py took 0.145 seconds
[2023-02-03T04:57:08.346+0000] {processor.py:153} INFO - Started process (PID=1520) to work on /opt/airflow/dags/dag_with_taskflow_api2.py
[2023-02-03T04:57:08.349+0000] {processor.py:743} INFO - Processing file /opt/airflow/dags/dag_with_taskflow_api2.py for tasks to queue
[2023-02-03T04:57:08.351+0000] {logging_mixin.py:137} INFO - [2023-02-03T04:57:08.350+0000] {dagbag.py:538} INFO - Filling up the DagBag from /opt/airflow/dags/dag_with_taskflow_api2.py
[2023-02-03T04:57:08.387+0000] {logging_mixin.py:137} INFO - [2023-02-03T04:57:08.387+0000] {taskmixin.py:205} WARNING - Dependency <Task(_PythonDecoratedOperator): get_name>, greet already registered for DAG: dag_with_taskflow_api_v02
[2023-02-03T04:57:08.388+0000] {logging_mixin.py:137} INFO - [2023-02-03T04:57:08.388+0000] {taskmixin.py:205} WARNING - Dependency <Task(_PythonDecoratedOperator): greet>, get_name already registered for DAG: dag_with_taskflow_api_v02
[2023-02-03T04:57:08.395+0000] {processor.py:753} INFO - DAG(s) dict_keys(['dag_with_taskflow_api_v02']) retrieved from /opt/airflow/dags/dag_with_taskflow_api2.py
[2023-02-03T04:57:08.429+0000] {logging_mixin.py:137} INFO - [2023-02-03T04:57:08.429+0000] {dag.py:2690} INFO - Sync 1 DAGs
[2023-02-03T04:57:08.456+0000] {logging_mixin.py:137} INFO - [2023-02-03T04:57:08.456+0000] {dag.py:3441} INFO - Setting next_dagrun for dag_with_taskflow_api_v02 to 2023-02-03T00:00:00+00:00, run_after=2023-02-04T00:00:00+00:00
[2023-02-03T04:57:08.474+0000] {processor.py:175} INFO - Processing /opt/airflow/dags/dag_with_taskflow_api2.py took 0.136 seconds
[2023-02-03T04:57:38.595+0000] {processor.py:153} INFO - Started process (PID=1570) to work on /opt/airflow/dags/dag_with_taskflow_api2.py
[2023-02-03T04:57:38.599+0000] {processor.py:743} INFO - Processing file /opt/airflow/dags/dag_with_taskflow_api2.py for tasks to queue
[2023-02-03T04:57:38.601+0000] {logging_mixin.py:137} INFO - [2023-02-03T04:57:38.601+0000] {dagbag.py:538} INFO - Filling up the DagBag from /opt/airflow/dags/dag_with_taskflow_api2.py
[2023-02-03T04:57:38.648+0000] {logging_mixin.py:137} INFO - [2023-02-03T04:57:38.648+0000] {taskmixin.py:205} WARNING - Dependency <Task(_PythonDecoratedOperator): get_name>, greet already registered for DAG: dag_with_taskflow_api_v02
[2023-02-03T04:57:38.649+0000] {logging_mixin.py:137} INFO - [2023-02-03T04:57:38.649+0000] {taskmixin.py:205} WARNING - Dependency <Task(_PythonDecoratedOperator): greet>, get_name already registered for DAG: dag_with_taskflow_api_v02
[2023-02-03T04:57:38.666+0000] {processor.py:753} INFO - DAG(s) dict_keys(['dag_with_taskflow_api_v02']) retrieved from /opt/airflow/dags/dag_with_taskflow_api2.py
[2023-02-03T04:57:38.716+0000] {logging_mixin.py:137} INFO - [2023-02-03T04:57:38.716+0000] {dag.py:2690} INFO - Sync 1 DAGs
[2023-02-03T04:57:38.756+0000] {logging_mixin.py:137} INFO - [2023-02-03T04:57:38.756+0000] {dag.py:3441} INFO - Setting next_dagrun for dag_with_taskflow_api_v02 to 2023-02-03T00:00:00+00:00, run_after=2023-02-04T00:00:00+00:00
[2023-02-03T04:57:38.777+0000] {processor.py:175} INFO - Processing /opt/airflow/dags/dag_with_taskflow_api2.py took 0.191 seconds
[2023-02-03T04:58:08.931+0000] {processor.py:153} INFO - Started process (PID=1608) to work on /opt/airflow/dags/dag_with_taskflow_api2.py
[2023-02-03T04:58:08.934+0000] {processor.py:743} INFO - Processing file /opt/airflow/dags/dag_with_taskflow_api2.py for tasks to queue
[2023-02-03T04:58:08.935+0000] {logging_mixin.py:137} INFO - [2023-02-03T04:58:08.935+0000] {dagbag.py:538} INFO - Filling up the DagBag from /opt/airflow/dags/dag_with_taskflow_api2.py
[2023-02-03T04:58:08.960+0000] {logging_mixin.py:137} INFO - [2023-02-03T04:58:08.959+0000] {taskmixin.py:205} WARNING - Dependency <Task(_PythonDecoratedOperator): get_name>, greet already registered for DAG: dag_with_taskflow_api_v02
[2023-02-03T04:58:08.961+0000] {logging_mixin.py:137} INFO - [2023-02-03T04:58:08.961+0000] {taskmixin.py:205} WARNING - Dependency <Task(_PythonDecoratedOperator): greet>, get_name already registered for DAG: dag_with_taskflow_api_v02
[2023-02-03T04:58:08.967+0000] {processor.py:753} INFO - DAG(s) dict_keys(['dag_with_taskflow_api_v02']) retrieved from /opt/airflow/dags/dag_with_taskflow_api2.py
[2023-02-03T04:58:08.995+0000] {logging_mixin.py:137} INFO - [2023-02-03T04:58:08.995+0000] {dag.py:2690} INFO - Sync 1 DAGs
[2023-02-03T04:58:09.021+0000] {logging_mixin.py:137} INFO - [2023-02-03T04:58:09.020+0000] {dag.py:3441} INFO - Setting next_dagrun for dag_with_taskflow_api_v02 to 2023-02-03T00:00:00+00:00, run_after=2023-02-04T00:00:00+00:00
[2023-02-03T04:58:09.038+0000] {processor.py:175} INFO - Processing /opt/airflow/dags/dag_with_taskflow_api2.py took 0.112 seconds
[2023-02-03T04:58:39.163+0000] {processor.py:153} INFO - Started process (PID=1659) to work on /opt/airflow/dags/dag_with_taskflow_api2.py
[2023-02-03T04:58:39.167+0000] {processor.py:743} INFO - Processing file /opt/airflow/dags/dag_with_taskflow_api2.py for tasks to queue
[2023-02-03T04:58:39.169+0000] {logging_mixin.py:137} INFO - [2023-02-03T04:58:39.169+0000] {dagbag.py:538} INFO - Filling up the DagBag from /opt/airflow/dags/dag_with_taskflow_api2.py
[2023-02-03T04:58:39.208+0000] {logging_mixin.py:137} INFO - [2023-02-03T04:58:39.208+0000] {taskmixin.py:205} WARNING - Dependency <Task(_PythonDecoratedOperator): get_name>, greet already registered for DAG: dag_with_taskflow_api_v02
[2023-02-03T04:58:39.209+0000] {logging_mixin.py:137} INFO - [2023-02-03T04:58:39.209+0000] {taskmixin.py:205} WARNING - Dependency <Task(_PythonDecoratedOperator): greet>, get_name already registered for DAG: dag_with_taskflow_api_v02
[2023-02-03T04:58:39.219+0000] {processor.py:753} INFO - DAG(s) dict_keys(['dag_with_taskflow_api_v02']) retrieved from /opt/airflow/dags/dag_with_taskflow_api2.py
[2023-02-03T04:58:39.278+0000] {logging_mixin.py:137} INFO - [2023-02-03T04:58:39.277+0000] {dag.py:2690} INFO - Sync 1 DAGs
[2023-02-03T04:58:39.311+0000] {logging_mixin.py:137} INFO - [2023-02-03T04:58:39.311+0000] {dag.py:3441} INFO - Setting next_dagrun for dag_with_taskflow_api_v02 to 2023-02-03T00:00:00+00:00, run_after=2023-02-04T00:00:00+00:00
[2023-02-03T04:58:39.333+0000] {processor.py:175} INFO - Processing /opt/airflow/dags/dag_with_taskflow_api2.py took 0.177 seconds
[2023-02-03T04:59:09.473+0000] {processor.py:153} INFO - Started process (PID=1697) to work on /opt/airflow/dags/dag_with_taskflow_api2.py
[2023-02-03T04:59:09.477+0000] {processor.py:743} INFO - Processing file /opt/airflow/dags/dag_with_taskflow_api2.py for tasks to queue
[2023-02-03T04:59:09.478+0000] {logging_mixin.py:137} INFO - [2023-02-03T04:59:09.478+0000] {dagbag.py:538} INFO - Filling up the DagBag from /opt/airflow/dags/dag_with_taskflow_api2.py
[2023-02-03T04:59:09.511+0000] {logging_mixin.py:137} INFO - [2023-02-03T04:59:09.510+0000] {taskmixin.py:205} WARNING - Dependency <Task(_PythonDecoratedOperator): get_name>, greet already registered for DAG: dag_with_taskflow_api_v02
[2023-02-03T04:59:09.511+0000] {logging_mixin.py:137} INFO - [2023-02-03T04:59:09.511+0000] {taskmixin.py:205} WARNING - Dependency <Task(_PythonDecoratedOperator): greet>, get_name already registered for DAG: dag_with_taskflow_api_v02
[2023-02-03T04:59:09.517+0000] {processor.py:753} INFO - DAG(s) dict_keys(['dag_with_taskflow_api_v02']) retrieved from /opt/airflow/dags/dag_with_taskflow_api2.py
[2023-02-03T04:59:09.544+0000] {logging_mixin.py:137} INFO - [2023-02-03T04:59:09.544+0000] {dag.py:2690} INFO - Sync 1 DAGs
[2023-02-03T04:59:09.575+0000] {logging_mixin.py:137} INFO - [2023-02-03T04:59:09.575+0000] {dag.py:3441} INFO - Setting next_dagrun for dag_with_taskflow_api_v02 to 2023-02-03T00:00:00+00:00, run_after=2023-02-04T00:00:00+00:00
[2023-02-03T04:59:09.594+0000] {processor.py:175} INFO - Processing /opt/airflow/dags/dag_with_taskflow_api2.py took 0.126 seconds
[2023-02-03T04:59:39.660+0000] {processor.py:153} INFO - Started process (PID=1747) to work on /opt/airflow/dags/dag_with_taskflow_api2.py
[2023-02-03T04:59:39.665+0000] {processor.py:743} INFO - Processing file /opt/airflow/dags/dag_with_taskflow_api2.py for tasks to queue
[2023-02-03T04:59:39.666+0000] {logging_mixin.py:137} INFO - [2023-02-03T04:59:39.666+0000] {dagbag.py:538} INFO - Filling up the DagBag from /opt/airflow/dags/dag_with_taskflow_api2.py
[2023-02-03T04:59:39.705+0000] {logging_mixin.py:137} INFO - [2023-02-03T04:59:39.704+0000] {taskmixin.py:205} WARNING - Dependency <Task(_PythonDecoratedOperator): get_name>, greet already registered for DAG: dag_with_taskflow_api_v02
[2023-02-03T04:59:39.706+0000] {logging_mixin.py:137} INFO - [2023-02-03T04:59:39.706+0000] {taskmixin.py:205} WARNING - Dependency <Task(_PythonDecoratedOperator): greet>, get_name already registered for DAG: dag_with_taskflow_api_v02
[2023-02-03T04:59:39.717+0000] {processor.py:753} INFO - DAG(s) dict_keys(['dag_with_taskflow_api_v02']) retrieved from /opt/airflow/dags/dag_with_taskflow_api2.py
[2023-02-03T04:59:39.756+0000] {logging_mixin.py:137} INFO - [2023-02-03T04:59:39.755+0000] {dag.py:2690} INFO - Sync 1 DAGs
[2023-02-03T04:59:39.802+0000] {logging_mixin.py:137} INFO - [2023-02-03T04:59:39.802+0000] {dag.py:3441} INFO - Setting next_dagrun for dag_with_taskflow_api_v02 to 2023-02-03T00:00:00+00:00, run_after=2023-02-04T00:00:00+00:00
[2023-02-03T04:59:39.828+0000] {processor.py:175} INFO - Processing /opt/airflow/dags/dag_with_taskflow_api2.py took 0.174 seconds
[2023-02-03T05:00:09.983+0000] {processor.py:153} INFO - Started process (PID=1786) to work on /opt/airflow/dags/dag_with_taskflow_api2.py
[2023-02-03T05:00:09.987+0000] {processor.py:743} INFO - Processing file /opt/airflow/dags/dag_with_taskflow_api2.py for tasks to queue
[2023-02-03T05:00:09.989+0000] {logging_mixin.py:137} INFO - [2023-02-03T05:00:09.988+0000] {dagbag.py:538} INFO - Filling up the DagBag from /opt/airflow/dags/dag_with_taskflow_api2.py
[2023-02-03T05:00:10.013+0000] {logging_mixin.py:137} INFO - [2023-02-03T05:00:10.013+0000] {taskmixin.py:205} WARNING - Dependency <Task(_PythonDecoratedOperator): get_name>, greet already registered for DAG: dag_with_taskflow_api_v02
[2023-02-03T05:00:10.014+0000] {logging_mixin.py:137} INFO - [2023-02-03T05:00:10.013+0000] {taskmixin.py:205} WARNING - Dependency <Task(_PythonDecoratedOperator): greet>, get_name already registered for DAG: dag_with_taskflow_api_v02
[2023-02-03T05:00:10.019+0000] {processor.py:753} INFO - DAG(s) dict_keys(['dag_with_taskflow_api_v02']) retrieved from /opt/airflow/dags/dag_with_taskflow_api2.py
[2023-02-03T05:00:10.044+0000] {logging_mixin.py:137} INFO - [2023-02-03T05:00:10.044+0000] {dag.py:2690} INFO - Sync 1 DAGs
[2023-02-03T05:00:10.067+0000] {logging_mixin.py:137} INFO - [2023-02-03T05:00:10.066+0000] {dag.py:3441} INFO - Setting next_dagrun for dag_with_taskflow_api_v02 to 2023-02-03T00:00:00+00:00, run_after=2023-02-04T00:00:00+00:00
[2023-02-03T05:00:10.083+0000] {processor.py:175} INFO - Processing /opt/airflow/dags/dag_with_taskflow_api2.py took 0.104 seconds
[2023-02-03T05:00:40.165+0000] {processor.py:153} INFO - Started process (PID=1837) to work on /opt/airflow/dags/dag_with_taskflow_api2.py
[2023-02-03T05:00:40.168+0000] {processor.py:743} INFO - Processing file /opt/airflow/dags/dag_with_taskflow_api2.py for tasks to queue
[2023-02-03T05:00:40.169+0000] {logging_mixin.py:137} INFO - [2023-02-03T05:00:40.169+0000] {dagbag.py:538} INFO - Filling up the DagBag from /opt/airflow/dags/dag_with_taskflow_api2.py
[2023-02-03T05:00:40.203+0000] {logging_mixin.py:137} INFO - [2023-02-03T05:00:40.203+0000] {taskmixin.py:205} WARNING - Dependency <Task(_PythonDecoratedOperator): get_name>, greet already registered for DAG: dag_with_taskflow_api_v02
[2023-02-03T05:00:40.204+0000] {logging_mixin.py:137} INFO - [2023-02-03T05:00:40.204+0000] {taskmixin.py:205} WARNING - Dependency <Task(_PythonDecoratedOperator): greet>, get_name already registered for DAG: dag_with_taskflow_api_v02
[2023-02-03T05:00:40.210+0000] {processor.py:753} INFO - DAG(s) dict_keys(['dag_with_taskflow_api_v02']) retrieved from /opt/airflow/dags/dag_with_taskflow_api2.py
[2023-02-03T05:00:40.235+0000] {logging_mixin.py:137} INFO - [2023-02-03T05:00:40.235+0000] {dag.py:2690} INFO - Sync 1 DAGs
[2023-02-03T05:00:40.259+0000] {logging_mixin.py:137} INFO - [2023-02-03T05:00:40.259+0000] {dag.py:3441} INFO - Setting next_dagrun for dag_with_taskflow_api_v02 to 2023-02-03T00:00:00+00:00, run_after=2023-02-04T00:00:00+00:00
[2023-02-03T05:00:40.275+0000] {processor.py:175} INFO - Processing /opt/airflow/dags/dag_with_taskflow_api2.py took 0.116 seconds
[2023-02-03T05:01:10.343+0000] {processor.py:153} INFO - Started process (PID=1874) to work on /opt/airflow/dags/dag_with_taskflow_api2.py
[2023-02-03T05:01:10.346+0000] {processor.py:743} INFO - Processing file /opt/airflow/dags/dag_with_taskflow_api2.py for tasks to queue
[2023-02-03T05:01:10.349+0000] {logging_mixin.py:137} INFO - [2023-02-03T05:01:10.349+0000] {dagbag.py:538} INFO - Filling up the DagBag from /opt/airflow/dags/dag_with_taskflow_api2.py
[2023-02-03T05:01:10.378+0000] {logging_mixin.py:137} INFO - [2023-02-03T05:01:10.378+0000] {taskmixin.py:205} WARNING - Dependency <Task(_PythonDecoratedOperator): get_name>, greet already registered for DAG: dag_with_taskflow_api_v02
[2023-02-03T05:01:10.380+0000] {logging_mixin.py:137} INFO - [2023-02-03T05:01:10.379+0000] {taskmixin.py:205} WARNING - Dependency <Task(_PythonDecoratedOperator): greet>, get_name already registered for DAG: dag_with_taskflow_api_v02
[2023-02-03T05:01:10.386+0000] {processor.py:753} INFO - DAG(s) dict_keys(['dag_with_taskflow_api_v02']) retrieved from /opt/airflow/dags/dag_with_taskflow_api2.py
[2023-02-03T05:01:10.420+0000] {logging_mixin.py:137} INFO - [2023-02-03T05:01:10.420+0000] {dag.py:2690} INFO - Sync 1 DAGs
[2023-02-03T05:01:10.450+0000] {logging_mixin.py:137} INFO - [2023-02-03T05:01:10.449+0000] {dag.py:3441} INFO - Setting next_dagrun for dag_with_taskflow_api_v02 to 2023-02-03T00:00:00+00:00, run_after=2023-02-04T00:00:00+00:00
[2023-02-03T05:01:10.467+0000] {processor.py:175} INFO - Processing /opt/airflow/dags/dag_with_taskflow_api2.py took 0.131 seconds
[2023-02-03T05:01:40.692+0000] {processor.py:153} INFO - Started process (PID=1924) to work on /opt/airflow/dags/dag_with_taskflow_api2.py
[2023-02-03T05:01:40.698+0000] {processor.py:743} INFO - Processing file /opt/airflow/dags/dag_with_taskflow_api2.py for tasks to queue
[2023-02-03T05:01:40.700+0000] {logging_mixin.py:137} INFO - [2023-02-03T05:01:40.700+0000] {dagbag.py:538} INFO - Filling up the DagBag from /opt/airflow/dags/dag_with_taskflow_api2.py
[2023-02-03T05:01:40.745+0000] {logging_mixin.py:137} INFO - [2023-02-03T05:01:40.744+0000] {taskmixin.py:205} WARNING - Dependency <Task(_PythonDecoratedOperator): get_name>, greet already registered for DAG: dag_with_taskflow_api_v02
[2023-02-03T05:01:40.746+0000] {logging_mixin.py:137} INFO - [2023-02-03T05:01:40.746+0000] {taskmixin.py:205} WARNING - Dependency <Task(_PythonDecoratedOperator): greet>, get_name already registered for DAG: dag_with_taskflow_api_v02
[2023-02-03T05:01:40.753+0000] {processor.py:753} INFO - DAG(s) dict_keys(['dag_with_taskflow_api_v02']) retrieved from /opt/airflow/dags/dag_with_taskflow_api2.py
[2023-02-03T05:01:40.791+0000] {logging_mixin.py:137} INFO - [2023-02-03T05:01:40.790+0000] {dag.py:2690} INFO - Sync 1 DAGs
[2023-02-03T05:01:40.823+0000] {logging_mixin.py:137} INFO - [2023-02-03T05:01:40.823+0000] {dag.py:3441} INFO - Setting next_dagrun for dag_with_taskflow_api_v02 to 2023-02-03T00:00:00+00:00, run_after=2023-02-04T00:00:00+00:00
[2023-02-03T05:01:40.846+0000] {processor.py:175} INFO - Processing /opt/airflow/dags/dag_with_taskflow_api2.py took 0.160 seconds
[2023-02-03T05:02:11.805+0000] {processor.py:153} INFO - Started process (PID=1961) to work on /opt/airflow/dags/dag_with_taskflow_api2.py
[2023-02-03T05:02:11.808+0000] {processor.py:743} INFO - Processing file /opt/airflow/dags/dag_with_taskflow_api2.py for tasks to queue
[2023-02-03T05:02:11.809+0000] {logging_mixin.py:137} INFO - [2023-02-03T05:02:11.809+0000] {dagbag.py:538} INFO - Filling up the DagBag from /opt/airflow/dags/dag_with_taskflow_api2.py
[2023-02-03T05:02:11.866+0000] {logging_mixin.py:137} INFO - [2023-02-03T05:02:11.866+0000] {taskmixin.py:205} WARNING - Dependency <Task(_PythonDecoratedOperator): get_name>, greet already registered for DAG: dag_with_taskflow_api_v02
[2023-02-03T05:02:11.867+0000] {logging_mixin.py:137} INFO - [2023-02-03T05:02:11.867+0000] {taskmixin.py:205} WARNING - Dependency <Task(_PythonDecoratedOperator): greet>, get_name already registered for DAG: dag_with_taskflow_api_v02
[2023-02-03T05:02:11.878+0000] {processor.py:753} INFO - DAG(s) dict_keys(['dag_with_taskflow_api_v02']) retrieved from /opt/airflow/dags/dag_with_taskflow_api2.py
[2023-02-03T05:02:11.922+0000] {logging_mixin.py:137} INFO - [2023-02-03T05:02:11.922+0000] {dag.py:2690} INFO - Sync 1 DAGs
[2023-02-03T05:02:11.956+0000] {logging_mixin.py:137} INFO - [2023-02-03T05:02:11.956+0000] {dag.py:3441} INFO - Setting next_dagrun for dag_with_taskflow_api_v02 to 2023-02-03T00:00:00+00:00, run_after=2023-02-04T00:00:00+00:00
[2023-02-03T05:02:11.977+0000] {processor.py:175} INFO - Processing /opt/airflow/dags/dag_with_taskflow_api2.py took 0.181 seconds
[2023-02-03T05:02:42.403+0000] {processor.py:153} INFO - Started process (PID=1999) to work on /opt/airflow/dags/dag_with_taskflow_api2.py
[2023-02-03T05:02:42.406+0000] {processor.py:743} INFO - Processing file /opt/airflow/dags/dag_with_taskflow_api2.py for tasks to queue
[2023-02-03T05:02:42.408+0000] {logging_mixin.py:137} INFO - [2023-02-03T05:02:42.408+0000] {dagbag.py:538} INFO - Filling up the DagBag from /opt/airflow/dags/dag_with_taskflow_api2.py
[2023-02-03T05:02:42.470+0000] {logging_mixin.py:137} INFO - [2023-02-03T05:02:42.470+0000] {taskmixin.py:205} WARNING - Dependency <Task(_PythonDecoratedOperator): get_name>, greet already registered for DAG: dag_with_taskflow_api_v02
[2023-02-03T05:02:42.472+0000] {logging_mixin.py:137} INFO - [2023-02-03T05:02:42.472+0000] {taskmixin.py:205} WARNING - Dependency <Task(_PythonDecoratedOperator): greet>, get_name already registered for DAG: dag_with_taskflow_api_v02
[2023-02-03T05:02:42.484+0000] {processor.py:753} INFO - DAG(s) dict_keys(['dag_with_taskflow_api_v02']) retrieved from /opt/airflow/dags/dag_with_taskflow_api2.py
[2023-02-03T05:02:42.535+0000] {logging_mixin.py:137} INFO - [2023-02-03T05:02:42.535+0000] {dag.py:2690} INFO - Sync 1 DAGs
[2023-02-03T05:02:42.571+0000] {logging_mixin.py:137} INFO - [2023-02-03T05:02:42.571+0000] {dag.py:3441} INFO - Setting next_dagrun for dag_with_taskflow_api_v02 to 2023-02-03T00:00:00+00:00, run_after=2023-02-04T00:00:00+00:00
[2023-02-03T05:02:42.592+0000] {processor.py:175} INFO - Processing /opt/airflow/dags/dag_with_taskflow_api2.py took 0.198 seconds
[2023-02-03T05:03:12.863+0000] {processor.py:153} INFO - Started process (PID=2050) to work on /opt/airflow/dags/dag_with_taskflow_api2.py
[2023-02-03T05:03:12.867+0000] {processor.py:743} INFO - Processing file /opt/airflow/dags/dag_with_taskflow_api2.py for tasks to queue
[2023-02-03T05:03:12.868+0000] {logging_mixin.py:137} INFO - [2023-02-03T05:03:12.868+0000] {dagbag.py:538} INFO - Filling up the DagBag from /opt/airflow/dags/dag_with_taskflow_api2.py
[2023-02-03T05:03:12.909+0000] {logging_mixin.py:137} INFO - [2023-02-03T05:03:12.909+0000] {taskmixin.py:205} WARNING - Dependency <Task(_PythonDecoratedOperator): get_name>, greet already registered for DAG: dag_with_taskflow_api_v02
[2023-02-03T05:03:12.911+0000] {logging_mixin.py:137} INFO - [2023-02-03T05:03:12.911+0000] {taskmixin.py:205} WARNING - Dependency <Task(_PythonDecoratedOperator): greet>, get_name already registered for DAG: dag_with_taskflow_api_v02
[2023-02-03T05:03:12.920+0000] {processor.py:753} INFO - DAG(s) dict_keys(['dag_with_taskflow_api_v02']) retrieved from /opt/airflow/dags/dag_with_taskflow_api2.py
[2023-02-03T05:03:12.960+0000] {logging_mixin.py:137} INFO - [2023-02-03T05:03:12.960+0000] {dag.py:2690} INFO - Sync 1 DAGs
[2023-02-03T05:03:13.013+0000] {logging_mixin.py:137} INFO - [2023-02-03T05:03:13.013+0000] {dag.py:3441} INFO - Setting next_dagrun for dag_with_taskflow_api_v02 to 2023-02-03T00:00:00+00:00, run_after=2023-02-04T00:00:00+00:00
[2023-02-03T05:03:13.033+0000] {processor.py:175} INFO - Processing /opt/airflow/dags/dag_with_taskflow_api2.py took 0.178 seconds
