[2023-02-03T04:39:15.753+0000] {processor.py:153} INFO - Started process (PID=55) to work on /opt/airflow/dags/dag_with_po4.py
[2023-02-03T04:39:15.769+0000] {processor.py:743} INFO - Processing file /opt/airflow/dags/dag_with_po4.py for tasks to queue
[2023-02-03T04:39:15.781+0000] {logging_mixin.py:137} INFO - [2023-02-03T04:39:15.781+0000] {dagbag.py:538} INFO - Filling up the DagBag from /opt/airflow/dags/dag_with_po4.py
[2023-02-03T04:39:15.992+0000] {processor.py:753} INFO - DAG(s) dict_keys(['our_first_dag_with_python_operator_v4']) retrieved from /opt/airflow/dags/dag_with_po4.py
[2023-02-03T04:39:17.083+0000] {logging_mixin.py:137} INFO - [2023-02-03T04:39:17.072+0000] {dag.py:2690} INFO - Sync 1 DAGs
[2023-02-03T04:39:17.552+0000] {logging_mixin.py:137} INFO - [2023-02-03T04:39:17.552+0000] {dag.py:3441} INFO - Setting next_dagrun for our_first_dag_with_python_operator_v4 to 2023-02-02T00:00:00+00:00, run_after=2023-02-03T00:00:00+00:00
[2023-02-03T04:39:17.772+0000] {processor.py:175} INFO - Processing /opt/airflow/dags/dag_with_po4.py took 2.040 seconds
[2023-02-03T04:39:50.233+0000] {processor.py:153} INFO - Started process (PID=91) to work on /opt/airflow/dags/dag_with_po4.py
[2023-02-03T04:39:50.238+0000] {processor.py:743} INFO - Processing file /opt/airflow/dags/dag_with_po4.py for tasks to queue
[2023-02-03T04:39:50.246+0000] {logging_mixin.py:137} INFO - [2023-02-03T04:39:50.245+0000] {dagbag.py:538} INFO - Filling up the DagBag from /opt/airflow/dags/dag_with_po4.py
[2023-02-03T04:39:50.493+0000] {processor.py:753} INFO - DAG(s) dict_keys(['our_first_dag_with_python_operator_v4']) retrieved from /opt/airflow/dags/dag_with_po4.py
[2023-02-03T04:39:50.705+0000] {logging_mixin.py:137} INFO - [2023-02-03T04:39:50.705+0000] {dag.py:2690} INFO - Sync 1 DAGs
[2023-02-03T04:39:50.921+0000] {logging_mixin.py:137} INFO - [2023-02-03T04:39:50.921+0000] {dag.py:3441} INFO - Setting next_dagrun for our_first_dag_with_python_operator_v4 to 2023-02-02T00:00:00+00:00, run_after=2023-02-03T00:00:00+00:00
[2023-02-03T04:39:51.092+0000] {processor.py:175} INFO - Processing /opt/airflow/dags/dag_with_po4.py took 0.875 seconds
[2023-02-03T04:40:21.979+0000] {processor.py:153} INFO - Started process (PID=129) to work on /opt/airflow/dags/dag_with_po4.py
[2023-02-03T04:40:21.998+0000] {processor.py:743} INFO - Processing file /opt/airflow/dags/dag_with_po4.py for tasks to queue
[2023-02-03T04:40:22.008+0000] {logging_mixin.py:137} INFO - [2023-02-03T04:40:22.007+0000] {dagbag.py:538} INFO - Filling up the DagBag from /opt/airflow/dags/dag_with_po4.py
[2023-02-03T04:40:22.113+0000] {processor.py:753} INFO - DAG(s) dict_keys(['our_first_dag_with_python_operator_v4']) retrieved from /opt/airflow/dags/dag_with_po4.py
[2023-02-03T04:40:22.403+0000] {logging_mixin.py:137} INFO - [2023-02-03T04:40:22.403+0000] {dag.py:2690} INFO - Sync 1 DAGs
[2023-02-03T04:40:22.485+0000] {logging_mixin.py:137} INFO - [2023-02-03T04:40:22.485+0000] {dag.py:3441} INFO - Setting next_dagrun for our_first_dag_with_python_operator_v4 to 2023-02-02T00:00:00+00:00, run_after=2023-02-03T00:00:00+00:00
[2023-02-03T04:40:22.558+0000] {processor.py:175} INFO - Processing /opt/airflow/dags/dag_with_po4.py took 0.586 seconds
[2023-02-03T04:40:53.182+0000] {processor.py:153} INFO - Started process (PID=165) to work on /opt/airflow/dags/dag_with_po4.py
[2023-02-03T04:40:53.186+0000] {processor.py:743} INFO - Processing file /opt/airflow/dags/dag_with_po4.py for tasks to queue
[2023-02-03T04:40:53.189+0000] {logging_mixin.py:137} INFO - [2023-02-03T04:40:53.188+0000] {dagbag.py:538} INFO - Filling up the DagBag from /opt/airflow/dags/dag_with_po4.py
[2023-02-03T04:40:53.281+0000] {processor.py:753} INFO - DAG(s) dict_keys(['our_first_dag_with_python_operator_v4']) retrieved from /opt/airflow/dags/dag_with_po4.py
[2023-02-03T04:40:53.367+0000] {logging_mixin.py:137} INFO - [2023-02-03T04:40:53.367+0000] {dag.py:2690} INFO - Sync 1 DAGs
[2023-02-03T04:40:53.467+0000] {logging_mixin.py:137} INFO - [2023-02-03T04:40:53.466+0000] {dag.py:3441} INFO - Setting next_dagrun for our_first_dag_with_python_operator_v4 to 2023-02-02T00:00:00+00:00, run_after=2023-02-03T00:00:00+00:00
[2023-02-03T04:40:53.531+0000] {processor.py:175} INFO - Processing /opt/airflow/dags/dag_with_po4.py took 0.357 seconds
[2023-02-03T04:41:23.771+0000] {processor.py:153} INFO - Started process (PID=207) to work on /opt/airflow/dags/dag_with_po4.py
[2023-02-03T04:41:23.778+0000] {processor.py:743} INFO - Processing file /opt/airflow/dags/dag_with_po4.py for tasks to queue
[2023-02-03T04:41:23.781+0000] {logging_mixin.py:137} INFO - [2023-02-03T04:41:23.780+0000] {dagbag.py:538} INFO - Filling up the DagBag from /opt/airflow/dags/dag_with_po4.py
[2023-02-03T04:41:23.827+0000] {processor.py:753} INFO - DAG(s) dict_keys(['our_first_dag_with_python_operator_v4']) retrieved from /opt/airflow/dags/dag_with_po4.py
[2023-02-03T04:41:23.914+0000] {logging_mixin.py:137} INFO - [2023-02-03T04:41:23.914+0000] {dag.py:2690} INFO - Sync 1 DAGs
[2023-02-03T04:41:23.950+0000] {logging_mixin.py:137} INFO - [2023-02-03T04:41:23.950+0000] {dag.py:3441} INFO - Setting next_dagrun for our_first_dag_with_python_operator_v4 to 2023-02-02T00:00:00+00:00, run_after=2023-02-03T00:00:00+00:00
[2023-02-03T04:41:23.971+0000] {processor.py:175} INFO - Processing /opt/airflow/dags/dag_with_po4.py took 0.223 seconds
[2023-02-03T04:41:54.140+0000] {processor.py:153} INFO - Started process (PID=245) to work on /opt/airflow/dags/dag_with_po4.py
[2023-02-03T04:41:54.143+0000] {processor.py:743} INFO - Processing file /opt/airflow/dags/dag_with_po4.py for tasks to queue
[2023-02-03T04:41:54.144+0000] {logging_mixin.py:137} INFO - [2023-02-03T04:41:54.144+0000] {dagbag.py:538} INFO - Filling up the DagBag from /opt/airflow/dags/dag_with_po4.py
[2023-02-03T04:41:54.179+0000] {processor.py:753} INFO - DAG(s) dict_keys(['our_first_dag_with_python_operator_v4']) retrieved from /opt/airflow/dags/dag_with_po4.py
[2023-02-03T04:41:54.241+0000] {logging_mixin.py:137} INFO - [2023-02-03T04:41:54.240+0000] {dag.py:2690} INFO - Sync 1 DAGs
[2023-02-03T04:41:54.283+0000] {logging_mixin.py:137} INFO - [2023-02-03T04:41:54.283+0000] {dag.py:3441} INFO - Setting next_dagrun for our_first_dag_with_python_operator_v4 to 2023-02-02T00:00:00+00:00, run_after=2023-02-03T00:00:00+00:00
[2023-02-03T04:41:54.314+0000] {processor.py:175} INFO - Processing /opt/airflow/dags/dag_with_po4.py took 0.180 seconds
[2023-02-03T04:42:24.492+0000] {processor.py:153} INFO - Started process (PID=283) to work on /opt/airflow/dags/dag_with_po4.py
[2023-02-03T04:42:24.494+0000] {processor.py:743} INFO - Processing file /opt/airflow/dags/dag_with_po4.py for tasks to queue
[2023-02-03T04:42:24.495+0000] {logging_mixin.py:137} INFO - [2023-02-03T04:42:24.495+0000] {dagbag.py:538} INFO - Filling up the DagBag from /opt/airflow/dags/dag_with_po4.py
[2023-02-03T04:42:24.517+0000] {processor.py:753} INFO - DAG(s) dict_keys(['our_first_dag_with_python_operator_v4']) retrieved from /opt/airflow/dags/dag_with_po4.py
[2023-02-03T04:42:24.543+0000] {logging_mixin.py:137} INFO - [2023-02-03T04:42:24.543+0000] {dag.py:2690} INFO - Sync 1 DAGs
[2023-02-03T04:42:24.566+0000] {logging_mixin.py:137} INFO - [2023-02-03T04:42:24.566+0000] {dag.py:3441} INFO - Setting next_dagrun for our_first_dag_with_python_operator_v4 to 2023-02-02T00:00:00+00:00, run_after=2023-02-03T00:00:00+00:00
[2023-02-03T04:42:24.581+0000] {processor.py:175} INFO - Processing /opt/airflow/dags/dag_with_po4.py took 0.093 seconds
[2023-02-03T04:42:55.062+0000] {processor.py:153} INFO - Started process (PID=333) to work on /opt/airflow/dags/dag_with_po4.py
[2023-02-03T04:42:55.064+0000] {processor.py:743} INFO - Processing file /opt/airflow/dags/dag_with_po4.py for tasks to queue
[2023-02-03T04:42:55.065+0000] {logging_mixin.py:137} INFO - [2023-02-03T04:42:55.065+0000] {dagbag.py:538} INFO - Filling up the DagBag from /opt/airflow/dags/dag_with_po4.py
[2023-02-03T04:42:55.095+0000] {processor.py:753} INFO - DAG(s) dict_keys(['our_first_dag_with_python_operator_v4']) retrieved from /opt/airflow/dags/dag_with_po4.py
[2023-02-03T04:42:55.131+0000] {logging_mixin.py:137} INFO - [2023-02-03T04:42:55.130+0000] {dag.py:2690} INFO - Sync 1 DAGs
[2023-02-03T04:42:55.164+0000] {logging_mixin.py:137} INFO - [2023-02-03T04:42:55.164+0000] {dag.py:3441} INFO - Setting next_dagrun for our_first_dag_with_python_operator_v4 to 2023-02-02T00:00:00+00:00, run_after=2023-02-03T00:00:00+00:00
[2023-02-03T04:42:55.187+0000] {processor.py:175} INFO - Processing /opt/airflow/dags/dag_with_po4.py took 0.131 seconds
[2023-02-03T04:43:25.252+0000] {processor.py:153} INFO - Started process (PID=371) to work on /opt/airflow/dags/dag_with_po4.py
[2023-02-03T04:43:25.253+0000] {processor.py:743} INFO - Processing file /opt/airflow/dags/dag_with_po4.py for tasks to queue
[2023-02-03T04:43:25.254+0000] {logging_mixin.py:137} INFO - [2023-02-03T04:43:25.254+0000] {dagbag.py:538} INFO - Filling up the DagBag from /opt/airflow/dags/dag_with_po4.py
[2023-02-03T04:43:25.273+0000] {processor.py:753} INFO - DAG(s) dict_keys(['our_first_dag_with_python_operator_v4']) retrieved from /opt/airflow/dags/dag_with_po4.py
[2023-02-03T04:43:25.301+0000] {logging_mixin.py:137} INFO - [2023-02-03T04:43:25.301+0000] {dag.py:2690} INFO - Sync 1 DAGs
[2023-02-03T04:43:25.323+0000] {logging_mixin.py:137} INFO - [2023-02-03T04:43:25.323+0000] {dag.py:3441} INFO - Setting next_dagrun for our_first_dag_with_python_operator_v4 to 2023-02-02T00:00:00+00:00, run_after=2023-02-03T00:00:00+00:00
[2023-02-03T04:43:25.338+0000] {processor.py:175} INFO - Processing /opt/airflow/dags/dag_with_po4.py took 0.090 seconds
[2023-02-03T04:43:55.668+0000] {processor.py:153} INFO - Started process (PID=418) to work on /opt/airflow/dags/dag_with_po4.py
[2023-02-03T04:43:55.670+0000] {processor.py:743} INFO - Processing file /opt/airflow/dags/dag_with_po4.py for tasks to queue
[2023-02-03T04:43:55.672+0000] {logging_mixin.py:137} INFO - [2023-02-03T04:43:55.672+0000] {dagbag.py:538} INFO - Filling up the DagBag from /opt/airflow/dags/dag_with_po4.py
[2023-02-03T04:43:55.701+0000] {processor.py:753} INFO - DAG(s) dict_keys(['our_first_dag_with_python_operator_v4']) retrieved from /opt/airflow/dags/dag_with_po4.py
[2023-02-03T04:43:55.741+0000] {logging_mixin.py:137} INFO - [2023-02-03T04:43:55.741+0000] {dag.py:2690} INFO - Sync 1 DAGs
[2023-02-03T04:43:55.776+0000] {logging_mixin.py:137} INFO - [2023-02-03T04:43:55.776+0000] {dag.py:3441} INFO - Setting next_dagrun for our_first_dag_with_python_operator_v4 to 2023-02-02T00:00:00+00:00, run_after=2023-02-03T00:00:00+00:00
[2023-02-03T04:43:55.800+0000] {processor.py:175} INFO - Processing /opt/airflow/dags/dag_with_po4.py took 0.137 seconds
[2023-02-03T04:44:26.218+0000] {processor.py:153} INFO - Started process (PID=465) to work on /opt/airflow/dags/dag_with_po4.py
[2023-02-03T04:44:26.220+0000] {processor.py:743} INFO - Processing file /opt/airflow/dags/dag_with_po4.py for tasks to queue
[2023-02-03T04:44:26.222+0000] {logging_mixin.py:137} INFO - [2023-02-03T04:44:26.222+0000] {dagbag.py:538} INFO - Filling up the DagBag from /opt/airflow/dags/dag_with_po4.py
[2023-02-03T04:44:26.250+0000] {processor.py:753} INFO - DAG(s) dict_keys(['our_first_dag_with_python_operator_v4']) retrieved from /opt/airflow/dags/dag_with_po4.py
[2023-02-03T04:44:26.293+0000] {logging_mixin.py:137} INFO - [2023-02-03T04:44:26.293+0000] {dag.py:2690} INFO - Sync 1 DAGs
[2023-02-03T04:44:26.327+0000] {logging_mixin.py:137} INFO - [2023-02-03T04:44:26.326+0000] {dag.py:3441} INFO - Setting next_dagrun for our_first_dag_with_python_operator_v4 to 2023-02-02T00:00:00+00:00, run_after=2023-02-03T00:00:00+00:00
[2023-02-03T04:44:26.348+0000] {processor.py:175} INFO - Processing /opt/airflow/dags/dag_with_po4.py took 0.134 seconds
[2023-02-03T04:44:56.622+0000] {processor.py:153} INFO - Started process (PID=503) to work on /opt/airflow/dags/dag_with_po4.py
[2023-02-03T04:44:56.625+0000] {processor.py:743} INFO - Processing file /opt/airflow/dags/dag_with_po4.py for tasks to queue
[2023-02-03T04:44:56.626+0000] {logging_mixin.py:137} INFO - [2023-02-03T04:44:56.626+0000] {dagbag.py:538} INFO - Filling up the DagBag from /opt/airflow/dags/dag_with_po4.py
[2023-02-03T04:44:56.649+0000] {processor.py:753} INFO - DAG(s) dict_keys(['our_first_dag_with_python_operator_v4']) retrieved from /opt/airflow/dags/dag_with_po4.py
[2023-02-03T04:44:56.680+0000] {logging_mixin.py:137} INFO - [2023-02-03T04:44:56.680+0000] {dag.py:2690} INFO - Sync 1 DAGs
[2023-02-03T04:44:56.727+0000] {logging_mixin.py:137} INFO - [2023-02-03T04:44:56.727+0000] {dag.py:3441} INFO - Setting next_dagrun for our_first_dag_with_python_operator_v4 to 2023-02-02T00:00:00+00:00, run_after=2023-02-03T00:00:00+00:00
[2023-02-03T04:44:56.744+0000] {processor.py:175} INFO - Processing /opt/airflow/dags/dag_with_po4.py took 0.126 seconds
[2023-02-03T04:45:27.589+0000] {processor.py:153} INFO - Started process (PID=554) to work on /opt/airflow/dags/dag_with_po4.py
[2023-02-03T04:45:27.593+0000] {processor.py:743} INFO - Processing file /opt/airflow/dags/dag_with_po4.py for tasks to queue
[2023-02-03T04:45:27.596+0000] {logging_mixin.py:137} INFO - [2023-02-03T04:45:27.595+0000] {dagbag.py:538} INFO - Filling up the DagBag from /opt/airflow/dags/dag_with_po4.py
[2023-02-03T04:45:27.663+0000] {processor.py:753} INFO - DAG(s) dict_keys(['our_first_dag_with_python_operator_v4']) retrieved from /opt/airflow/dags/dag_with_po4.py
[2023-02-03T04:45:27.741+0000] {logging_mixin.py:137} INFO - [2023-02-03T04:45:27.741+0000] {dag.py:2690} INFO - Sync 1 DAGs
[2023-02-03T04:45:27.808+0000] {logging_mixin.py:137} INFO - [2023-02-03T04:45:27.808+0000] {dag.py:3441} INFO - Setting next_dagrun for our_first_dag_with_python_operator_v4 to 2023-02-02T00:00:00+00:00, run_after=2023-02-03T00:00:00+00:00
[2023-02-03T04:45:27.848+0000] {processor.py:175} INFO - Processing /opt/airflow/dags/dag_with_po4.py took 0.268 seconds
[2023-02-03T04:45:58.604+0000] {processor.py:153} INFO - Started process (PID=592) to work on /opt/airflow/dags/dag_with_po4.py
[2023-02-03T04:45:58.610+0000] {processor.py:743} INFO - Processing file /opt/airflow/dags/dag_with_po4.py for tasks to queue
[2023-02-03T04:45:58.620+0000] {logging_mixin.py:137} INFO - [2023-02-03T04:45:58.619+0000] {dagbag.py:538} INFO - Filling up the DagBag from /opt/airflow/dags/dag_with_po4.py
[2023-02-03T04:45:58.684+0000] {processor.py:753} INFO - DAG(s) dict_keys(['our_first_dag_with_python_operator_v4']) retrieved from /opt/airflow/dags/dag_with_po4.py
[2023-02-03T04:45:58.791+0000] {logging_mixin.py:137} INFO - [2023-02-03T04:45:58.791+0000] {dag.py:2690} INFO - Sync 1 DAGs
[2023-02-03T04:45:58.834+0000] {logging_mixin.py:137} INFO - [2023-02-03T04:45:58.834+0000] {dag.py:3441} INFO - Setting next_dagrun for our_first_dag_with_python_operator_v4 to 2023-02-02T00:00:00+00:00, run_after=2023-02-03T00:00:00+00:00
[2023-02-03T04:45:58.869+0000] {processor.py:175} INFO - Processing /opt/airflow/dags/dag_with_po4.py took 0.275 seconds
[2023-02-03T04:46:29.068+0000] {processor.py:153} INFO - Started process (PID=630) to work on /opt/airflow/dags/dag_with_po4.py
[2023-02-03T04:46:29.071+0000] {processor.py:743} INFO - Processing file /opt/airflow/dags/dag_with_po4.py for tasks to queue
[2023-02-03T04:46:29.072+0000] {logging_mixin.py:137} INFO - [2023-02-03T04:46:29.072+0000] {dagbag.py:538} INFO - Filling up the DagBag from /opt/airflow/dags/dag_with_po4.py
[2023-02-03T04:46:29.098+0000] {processor.py:753} INFO - DAG(s) dict_keys(['our_first_dag_with_python_operator_v4']) retrieved from /opt/airflow/dags/dag_with_po4.py
[2023-02-03T04:46:29.135+0000] {logging_mixin.py:137} INFO - [2023-02-03T04:46:29.135+0000] {dag.py:2690} INFO - Sync 1 DAGs
[2023-02-03T04:46:29.169+0000] {logging_mixin.py:137} INFO - [2023-02-03T04:46:29.168+0000] {dag.py:3441} INFO - Setting next_dagrun for our_first_dag_with_python_operator_v4 to 2023-02-02T00:00:00+00:00, run_after=2023-02-03T00:00:00+00:00
[2023-02-03T04:46:29.195+0000] {processor.py:175} INFO - Processing /opt/airflow/dags/dag_with_po4.py took 0.131 seconds
[2023-02-03T04:46:59.493+0000] {processor.py:153} INFO - Started process (PID=669) to work on /opt/airflow/dags/dag_with_po4.py
[2023-02-03T04:46:59.495+0000] {processor.py:743} INFO - Processing file /opt/airflow/dags/dag_with_po4.py for tasks to queue
[2023-02-03T04:46:59.497+0000] {logging_mixin.py:137} INFO - [2023-02-03T04:46:59.496+0000] {dagbag.py:538} INFO - Filling up the DagBag from /opt/airflow/dags/dag_with_po4.py
[2023-02-03T04:46:59.514+0000] {processor.py:753} INFO - DAG(s) dict_keys(['our_first_dag_with_python_operator_v4']) retrieved from /opt/airflow/dags/dag_with_po4.py
[2023-02-03T04:46:59.541+0000] {logging_mixin.py:137} INFO - [2023-02-03T04:46:59.541+0000] {dag.py:2690} INFO - Sync 1 DAGs
[2023-02-03T04:46:59.565+0000] {logging_mixin.py:137} INFO - [2023-02-03T04:46:59.565+0000] {dag.py:3441} INFO - Setting next_dagrun for our_first_dag_with_python_operator_v4 to 2023-02-02T00:00:00+00:00, run_after=2023-02-03T00:00:00+00:00
[2023-02-03T04:46:59.582+0000] {processor.py:175} INFO - Processing /opt/airflow/dags/dag_with_po4.py took 0.093 seconds
[2023-02-03T04:47:30.675+0000] {processor.py:153} INFO - Started process (PID=718) to work on /opt/airflow/dags/dag_with_po4.py
[2023-02-03T04:47:30.681+0000] {processor.py:743} INFO - Processing file /opt/airflow/dags/dag_with_po4.py for tasks to queue
[2023-02-03T04:47:30.683+0000] {logging_mixin.py:137} INFO - [2023-02-03T04:47:30.683+0000] {dagbag.py:538} INFO - Filling up the DagBag from /opt/airflow/dags/dag_with_po4.py
[2023-02-03T04:47:30.720+0000] {processor.py:753} INFO - DAG(s) dict_keys(['our_first_dag_with_python_operator_v4']) retrieved from /opt/airflow/dags/dag_with_po4.py
[2023-02-03T04:47:30.763+0000] {logging_mixin.py:137} INFO - [2023-02-03T04:47:30.763+0000] {dag.py:2690} INFO - Sync 1 DAGs
[2023-02-03T04:47:30.803+0000] {logging_mixin.py:137} INFO - [2023-02-03T04:47:30.803+0000] {dag.py:3441} INFO - Setting next_dagrun for our_first_dag_with_python_operator_v4 to 2023-02-02T00:00:00+00:00, run_after=2023-02-03T00:00:00+00:00
[2023-02-03T04:47:30.841+0000] {processor.py:175} INFO - Processing /opt/airflow/dags/dag_with_po4.py took 0.173 seconds
[2023-02-03T04:48:00.909+0000] {processor.py:153} INFO - Started process (PID=755) to work on /opt/airflow/dags/dag_with_po4.py
[2023-02-03T04:48:00.910+0000] {processor.py:743} INFO - Processing file /opt/airflow/dags/dag_with_po4.py for tasks to queue
[2023-02-03T04:48:00.911+0000] {logging_mixin.py:137} INFO - [2023-02-03T04:48:00.911+0000] {dagbag.py:538} INFO - Filling up the DagBag from /opt/airflow/dags/dag_with_po4.py
[2023-02-03T04:48:00.930+0000] {processor.py:753} INFO - DAG(s) dict_keys(['our_first_dag_with_python_operator_v4']) retrieved from /opt/airflow/dags/dag_with_po4.py
[2023-02-03T04:48:00.957+0000] {logging_mixin.py:137} INFO - [2023-02-03T04:48:00.957+0000] {dag.py:2690} INFO - Sync 1 DAGs
[2023-02-03T04:48:00.980+0000] {logging_mixin.py:137} INFO - [2023-02-03T04:48:00.980+0000] {dag.py:3441} INFO - Setting next_dagrun for our_first_dag_with_python_operator_v4 to 2023-02-02T00:00:00+00:00, run_after=2023-02-03T00:00:00+00:00
[2023-02-03T04:48:00.995+0000] {processor.py:175} INFO - Processing /opt/airflow/dags/dag_with_po4.py took 0.090 seconds
[2023-02-03T04:48:31.527+0000] {processor.py:153} INFO - Started process (PID=793) to work on /opt/airflow/dags/dag_with_po4.py
[2023-02-03T04:48:31.529+0000] {processor.py:743} INFO - Processing file /opt/airflow/dags/dag_with_po4.py for tasks to queue
[2023-02-03T04:48:31.530+0000] {logging_mixin.py:137} INFO - [2023-02-03T04:48:31.530+0000] {dagbag.py:538} INFO - Filling up the DagBag from /opt/airflow/dags/dag_with_po4.py
[2023-02-03T04:48:31.554+0000] {processor.py:753} INFO - DAG(s) dict_keys(['our_first_dag_with_python_operator_v4']) retrieved from /opt/airflow/dags/dag_with_po4.py
[2023-02-03T04:48:31.589+0000] {logging_mixin.py:137} INFO - [2023-02-03T04:48:31.589+0000] {dag.py:2690} INFO - Sync 1 DAGs
[2023-02-03T04:48:31.620+0000] {logging_mixin.py:137} INFO - [2023-02-03T04:48:31.619+0000] {dag.py:3441} INFO - Setting next_dagrun for our_first_dag_with_python_operator_v4 to 2023-02-02T00:00:00+00:00, run_after=2023-02-03T00:00:00+00:00
[2023-02-03T04:48:31.639+0000] {processor.py:175} INFO - Processing /opt/airflow/dags/dag_with_po4.py took 0.117 seconds
[2023-02-03T04:49:01.841+0000] {processor.py:153} INFO - Started process (PID=844) to work on /opt/airflow/dags/dag_with_po4.py
[2023-02-03T04:49:01.843+0000] {processor.py:743} INFO - Processing file /opt/airflow/dags/dag_with_po4.py for tasks to queue
[2023-02-03T04:49:01.844+0000] {logging_mixin.py:137} INFO - [2023-02-03T04:49:01.844+0000] {dagbag.py:538} INFO - Filling up the DagBag from /opt/airflow/dags/dag_with_po4.py
[2023-02-03T04:49:01.869+0000] {processor.py:753} INFO - DAG(s) dict_keys(['our_first_dag_with_python_operator_v4']) retrieved from /opt/airflow/dags/dag_with_po4.py
[2023-02-03T04:49:01.903+0000] {logging_mixin.py:137} INFO - [2023-02-03T04:49:01.903+0000] {dag.py:2690} INFO - Sync 1 DAGs
[2023-02-03T04:49:01.940+0000] {logging_mixin.py:137} INFO - [2023-02-03T04:49:01.940+0000] {dag.py:3441} INFO - Setting next_dagrun for our_first_dag_with_python_operator_v4 to 2023-02-02T00:00:00+00:00, run_after=2023-02-03T00:00:00+00:00
[2023-02-03T04:49:01.961+0000] {processor.py:175} INFO - Processing /opt/airflow/dags/dag_with_po4.py took 0.126 seconds
[2023-02-03T04:49:32.283+0000] {processor.py:153} INFO - Started process (PID=882) to work on /opt/airflow/dags/dag_with_po4.py
[2023-02-03T04:49:32.285+0000] {processor.py:743} INFO - Processing file /opt/airflow/dags/dag_with_po4.py for tasks to queue
[2023-02-03T04:49:32.286+0000] {logging_mixin.py:137} INFO - [2023-02-03T04:49:32.286+0000] {dagbag.py:538} INFO - Filling up the DagBag from /opt/airflow/dags/dag_with_po4.py
[2023-02-03T04:49:32.305+0000] {processor.py:753} INFO - DAG(s) dict_keys(['our_first_dag_with_python_operator_v4']) retrieved from /opt/airflow/dags/dag_with_po4.py
[2023-02-03T04:49:32.331+0000] {logging_mixin.py:137} INFO - [2023-02-03T04:49:32.331+0000] {dag.py:2690} INFO - Sync 1 DAGs
[2023-02-03T04:49:32.354+0000] {logging_mixin.py:137} INFO - [2023-02-03T04:49:32.354+0000] {dag.py:3441} INFO - Setting next_dagrun for our_first_dag_with_python_operator_v4 to 2023-02-02T00:00:00+00:00, run_after=2023-02-03T00:00:00+00:00
[2023-02-03T04:49:32.369+0000] {processor.py:175} INFO - Processing /opt/airflow/dags/dag_with_po4.py took 0.089 seconds
[2023-02-03T04:50:02.758+0000] {processor.py:153} INFO - Started process (PID=933) to work on /opt/airflow/dags/dag_with_po4.py
[2023-02-03T04:50:02.761+0000] {processor.py:743} INFO - Processing file /opt/airflow/dags/dag_with_po4.py for tasks to queue
[2023-02-03T04:50:02.763+0000] {logging_mixin.py:137} INFO - [2023-02-03T04:50:02.763+0000] {dagbag.py:538} INFO - Filling up the DagBag from /opt/airflow/dags/dag_with_po4.py
[2023-02-03T04:50:02.794+0000] {processor.py:753} INFO - DAG(s) dict_keys(['our_first_dag_with_python_operator_v4']) retrieved from /opt/airflow/dags/dag_with_po4.py
[2023-02-03T04:50:02.827+0000] {logging_mixin.py:137} INFO - [2023-02-03T04:50:02.826+0000] {dag.py:2690} INFO - Sync 1 DAGs
[2023-02-03T04:50:02.869+0000] {logging_mixin.py:137} INFO - [2023-02-03T04:50:02.869+0000] {dag.py:3441} INFO - Setting next_dagrun for our_first_dag_with_python_operator_v4 to 2023-02-02T00:00:00+00:00, run_after=2023-02-03T00:00:00+00:00
[2023-02-03T04:50:02.900+0000] {processor.py:175} INFO - Processing /opt/airflow/dags/dag_with_po4.py took 0.149 seconds
[2023-02-03T04:50:32.968+0000] {processor.py:153} INFO - Started process (PID=971) to work on /opt/airflow/dags/dag_with_po4.py
[2023-02-03T04:50:32.969+0000] {processor.py:743} INFO - Processing file /opt/airflow/dags/dag_with_po4.py for tasks to queue
[2023-02-03T04:50:32.971+0000] {logging_mixin.py:137} INFO - [2023-02-03T04:50:32.970+0000] {dagbag.py:538} INFO - Filling up the DagBag from /opt/airflow/dags/dag_with_po4.py
[2023-02-03T04:50:32.989+0000] {processor.py:753} INFO - DAG(s) dict_keys(['our_first_dag_with_python_operator_v4']) retrieved from /opt/airflow/dags/dag_with_po4.py
[2023-02-03T04:50:33.016+0000] {logging_mixin.py:137} INFO - [2023-02-03T04:50:33.015+0000] {dag.py:2690} INFO - Sync 1 DAGs
[2023-02-03T04:50:33.038+0000] {logging_mixin.py:137} INFO - [2023-02-03T04:50:33.038+0000] {dag.py:3441} INFO - Setting next_dagrun for our_first_dag_with_python_operator_v4 to 2023-02-02T00:00:00+00:00, run_after=2023-02-03T00:00:00+00:00
[2023-02-03T04:50:33.053+0000] {processor.py:175} INFO - Processing /opt/airflow/dags/dag_with_po4.py took 0.089 seconds
[2023-02-03T04:51:03.402+0000] {processor.py:153} INFO - Started process (PID=1016) to work on /opt/airflow/dags/dag_with_po4.py
[2023-02-03T04:51:03.405+0000] {processor.py:743} INFO - Processing file /opt/airflow/dags/dag_with_po4.py for tasks to queue
[2023-02-03T04:51:03.406+0000] {logging_mixin.py:137} INFO - [2023-02-03T04:51:03.406+0000] {dagbag.py:538} INFO - Filling up the DagBag from /opt/airflow/dags/dag_with_po4.py
[2023-02-03T04:51:03.438+0000] {processor.py:753} INFO - DAG(s) dict_keys(['our_first_dag_with_python_operator_v4']) retrieved from /opt/airflow/dags/dag_with_po4.py
[2023-02-03T04:51:03.479+0000] {logging_mixin.py:137} INFO - [2023-02-03T04:51:03.479+0000] {dag.py:2690} INFO - Sync 1 DAGs
[2023-02-03T04:51:03.511+0000] {logging_mixin.py:137} INFO - [2023-02-03T04:51:03.511+0000] {dag.py:3441} INFO - Setting next_dagrun for our_first_dag_with_python_operator_v4 to 2023-02-02T00:00:00+00:00, run_after=2023-02-03T00:00:00+00:00
[2023-02-03T04:51:03.538+0000] {processor.py:175} INFO - Processing /opt/airflow/dags/dag_with_po4.py took 0.140 seconds
[2023-02-03T04:51:33.665+0000] {processor.py:153} INFO - Started process (PID=1059) to work on /opt/airflow/dags/dag_with_po4.py
[2023-02-03T04:51:33.666+0000] {processor.py:743} INFO - Processing file /opt/airflow/dags/dag_with_po4.py for tasks to queue
[2023-02-03T04:51:33.667+0000] {logging_mixin.py:137} INFO - [2023-02-03T04:51:33.667+0000] {dagbag.py:538} INFO - Filling up the DagBag from /opt/airflow/dags/dag_with_po4.py
[2023-02-03T04:51:33.687+0000] {processor.py:753} INFO - DAG(s) dict_keys(['our_first_dag_with_python_operator_v4']) retrieved from /opt/airflow/dags/dag_with_po4.py
[2023-02-03T04:51:33.713+0000] {logging_mixin.py:137} INFO - [2023-02-03T04:51:33.713+0000] {dag.py:2690} INFO - Sync 1 DAGs
[2023-02-03T04:51:33.737+0000] {logging_mixin.py:137} INFO - [2023-02-03T04:51:33.737+0000] {dag.py:3441} INFO - Setting next_dagrun for our_first_dag_with_python_operator_v4 to 2023-02-02T00:00:00+00:00, run_after=2023-02-03T00:00:00+00:00
[2023-02-03T04:51:33.751+0000] {processor.py:175} INFO - Processing /opt/airflow/dags/dag_with_po4.py took 0.091 seconds
[2023-02-03T04:52:03.913+0000] {processor.py:153} INFO - Started process (PID=1098) to work on /opt/airflow/dags/dag_with_po4.py
[2023-02-03T04:52:03.915+0000] {processor.py:743} INFO - Processing file /opt/airflow/dags/dag_with_po4.py for tasks to queue
[2023-02-03T04:52:03.916+0000] {logging_mixin.py:137} INFO - [2023-02-03T04:52:03.916+0000] {dagbag.py:538} INFO - Filling up the DagBag from /opt/airflow/dags/dag_with_po4.py
[2023-02-03T04:52:03.936+0000] {processor.py:753} INFO - DAG(s) dict_keys(['our_first_dag_with_python_operator_v4']) retrieved from /opt/airflow/dags/dag_with_po4.py
[2023-02-03T04:52:03.964+0000] {logging_mixin.py:137} INFO - [2023-02-03T04:52:03.964+0000] {dag.py:2690} INFO - Sync 1 DAGs
[2023-02-03T04:52:03.988+0000] {logging_mixin.py:137} INFO - [2023-02-03T04:52:03.988+0000] {dag.py:3441} INFO - Setting next_dagrun for our_first_dag_with_python_operator_v4 to 2023-02-02T00:00:00+00:00, run_after=2023-02-03T00:00:00+00:00
[2023-02-03T04:52:04.003+0000] {processor.py:175} INFO - Processing /opt/airflow/dags/dag_with_po4.py took 0.093 seconds
[2023-02-03T04:52:34.995+0000] {processor.py:153} INFO - Started process (PID=1148) to work on /opt/airflow/dags/dag_with_po4.py
[2023-02-03T04:52:34.997+0000] {processor.py:743} INFO - Processing file /opt/airflow/dags/dag_with_po4.py for tasks to queue
[2023-02-03T04:52:34.999+0000] {logging_mixin.py:137} INFO - [2023-02-03T04:52:34.999+0000] {dagbag.py:538} INFO - Filling up the DagBag from /opt/airflow/dags/dag_with_po4.py
[2023-02-03T04:52:35.020+0000] {processor.py:753} INFO - DAG(s) dict_keys(['our_first_dag_with_python_operator_v4']) retrieved from /opt/airflow/dags/dag_with_po4.py
[2023-02-03T04:52:35.060+0000] {logging_mixin.py:137} INFO - [2023-02-03T04:52:35.060+0000] {dag.py:2690} INFO - Sync 1 DAGs
[2023-02-03T04:52:35.096+0000] {logging_mixin.py:137} INFO - [2023-02-03T04:52:35.095+0000] {dag.py:3441} INFO - Setting next_dagrun for our_first_dag_with_python_operator_v4 to 2023-02-02T00:00:00+00:00, run_after=2023-02-03T00:00:00+00:00
[2023-02-03T04:52:35.115+0000] {processor.py:175} INFO - Processing /opt/airflow/dags/dag_with_po4.py took 0.129 seconds
[2023-02-03T04:53:05.280+0000] {processor.py:153} INFO - Started process (PID=1187) to work on /opt/airflow/dags/dag_with_po4.py
[2023-02-03T04:53:05.282+0000] {processor.py:743} INFO - Processing file /opt/airflow/dags/dag_with_po4.py for tasks to queue
[2023-02-03T04:53:05.284+0000] {logging_mixin.py:137} INFO - [2023-02-03T04:53:05.283+0000] {dagbag.py:538} INFO - Filling up the DagBag from /opt/airflow/dags/dag_with_po4.py
[2023-02-03T04:53:05.306+0000] {processor.py:753} INFO - DAG(s) dict_keys(['our_first_dag_with_python_operator_v4']) retrieved from /opt/airflow/dags/dag_with_po4.py
[2023-02-03T04:53:05.334+0000] {logging_mixin.py:137} INFO - [2023-02-03T04:53:05.334+0000] {dag.py:2690} INFO - Sync 1 DAGs
[2023-02-03T04:53:05.359+0000] {logging_mixin.py:137} INFO - [2023-02-03T04:53:05.359+0000] {dag.py:3441} INFO - Setting next_dagrun for our_first_dag_with_python_operator_v4 to 2023-02-02T00:00:00+00:00, run_after=2023-02-03T00:00:00+00:00
[2023-02-03T04:53:05.375+0000] {processor.py:175} INFO - Processing /opt/airflow/dags/dag_with_po4.py took 0.100 seconds
[2023-02-03T04:53:35.738+0000] {processor.py:153} INFO - Started process (PID=1233) to work on /opt/airflow/dags/dag_with_po4.py
[2023-02-03T04:53:35.741+0000] {processor.py:743} INFO - Processing file /opt/airflow/dags/dag_with_po4.py for tasks to queue
[2023-02-03T04:53:35.743+0000] {logging_mixin.py:137} INFO - [2023-02-03T04:53:35.743+0000] {dagbag.py:538} INFO - Filling up the DagBag from /opt/airflow/dags/dag_with_po4.py
[2023-02-03T04:53:35.775+0000] {processor.py:753} INFO - DAG(s) dict_keys(['our_first_dag_with_python_operator_v4']) retrieved from /opt/airflow/dags/dag_with_po4.py
[2023-02-03T04:53:35.817+0000] {logging_mixin.py:137} INFO - [2023-02-03T04:53:35.817+0000] {dag.py:2690} INFO - Sync 1 DAGs
[2023-02-03T04:53:35.872+0000] {logging_mixin.py:137} INFO - [2023-02-03T04:53:35.872+0000] {dag.py:3441} INFO - Setting next_dagrun for our_first_dag_with_python_operator_v4 to 2023-02-02T00:00:00+00:00, run_after=2023-02-03T00:00:00+00:00
[2023-02-03T04:53:35.902+0000] {processor.py:175} INFO - Processing /opt/airflow/dags/dag_with_po4.py took 0.177 seconds
[2023-02-03T04:54:06.125+0000] {processor.py:153} INFO - Started process (PID=1274) to work on /opt/airflow/dags/dag_with_po4.py
[2023-02-03T04:54:06.126+0000] {processor.py:743} INFO - Processing file /opt/airflow/dags/dag_with_po4.py for tasks to queue
[2023-02-03T04:54:06.127+0000] {logging_mixin.py:137} INFO - [2023-02-03T04:54:06.127+0000] {dagbag.py:538} INFO - Filling up the DagBag from /opt/airflow/dags/dag_with_po4.py
[2023-02-03T04:54:06.145+0000] {processor.py:753} INFO - DAG(s) dict_keys(['our_first_dag_with_python_operator_v4']) retrieved from /opt/airflow/dags/dag_with_po4.py
[2023-02-03T04:54:06.180+0000] {logging_mixin.py:137} INFO - [2023-02-03T04:54:06.180+0000] {dag.py:2690} INFO - Sync 1 DAGs
[2023-02-03T04:54:06.205+0000] {logging_mixin.py:137} INFO - [2023-02-03T04:54:06.205+0000] {dag.py:3441} INFO - Setting next_dagrun for our_first_dag_with_python_operator_v4 to 2023-02-02T00:00:00+00:00, run_after=2023-02-03T00:00:00+00:00
[2023-02-03T04:54:06.221+0000] {processor.py:175} INFO - Processing /opt/airflow/dags/dag_with_po4.py took 0.100 seconds
[2023-02-03T04:54:36.779+0000] {processor.py:153} INFO - Started process (PID=1312) to work on /opt/airflow/dags/dag_with_po4.py
[2023-02-03T04:54:36.780+0000] {processor.py:743} INFO - Processing file /opt/airflow/dags/dag_with_po4.py for tasks to queue
[2023-02-03T04:54:36.782+0000] {logging_mixin.py:137} INFO - [2023-02-03T04:54:36.781+0000] {dagbag.py:538} INFO - Filling up the DagBag from /opt/airflow/dags/dag_with_po4.py
[2023-02-03T04:54:36.803+0000] {processor.py:753} INFO - DAG(s) dict_keys(['our_first_dag_with_python_operator_v4']) retrieved from /opt/airflow/dags/dag_with_po4.py
[2023-02-03T04:54:36.831+0000] {logging_mixin.py:137} INFO - [2023-02-03T04:54:36.831+0000] {dag.py:2690} INFO - Sync 1 DAGs
[2023-02-03T04:54:36.855+0000] {logging_mixin.py:137} INFO - [2023-02-03T04:54:36.855+0000] {dag.py:3441} INFO - Setting next_dagrun for our_first_dag_with_python_operator_v4 to 2023-02-02T00:00:00+00:00, run_after=2023-02-03T00:00:00+00:00
[2023-02-03T04:54:36.871+0000] {processor.py:175} INFO - Processing /opt/airflow/dags/dag_with_po4.py took 0.097 seconds
[2023-02-03T04:55:07.935+0000] {processor.py:153} INFO - Started process (PID=1358) to work on /opt/airflow/dags/dag_with_po4.py
[2023-02-03T04:55:07.947+0000] {processor.py:743} INFO - Processing file /opt/airflow/dags/dag_with_po4.py for tasks to queue
[2023-02-03T04:55:07.957+0000] {logging_mixin.py:137} INFO - [2023-02-03T04:55:07.956+0000] {dagbag.py:538} INFO - Filling up the DagBag from /opt/airflow/dags/dag_with_po4.py
[2023-02-03T04:55:08.019+0000] {processor.py:753} INFO - DAG(s) dict_keys(['our_first_dag_with_python_operator_v4']) retrieved from /opt/airflow/dags/dag_with_po4.py
[2023-02-03T04:55:08.062+0000] {logging_mixin.py:137} INFO - [2023-02-03T04:55:08.062+0000] {dag.py:2690} INFO - Sync 1 DAGs
[2023-02-03T04:55:08.143+0000] {logging_mixin.py:137} INFO - [2023-02-03T04:55:08.136+0000] {dag.py:3441} INFO - Setting next_dagrun for our_first_dag_with_python_operator_v4 to 2023-02-02T00:00:00+00:00, run_after=2023-02-03T00:00:00+00:00
[2023-02-03T04:55:08.179+0000] {processor.py:175} INFO - Processing /opt/airflow/dags/dag_with_po4.py took 0.263 seconds
[2023-02-03T04:55:38.468+0000] {processor.py:153} INFO - Started process (PID=1399) to work on /opt/airflow/dags/dag_with_po4.py
[2023-02-03T04:55:38.470+0000] {processor.py:743} INFO - Processing file /opt/airflow/dags/dag_with_po4.py for tasks to queue
[2023-02-03T04:55:38.471+0000] {logging_mixin.py:137} INFO - [2023-02-03T04:55:38.471+0000] {dagbag.py:538} INFO - Filling up the DagBag from /opt/airflow/dags/dag_with_po4.py
[2023-02-03T04:55:38.495+0000] {processor.py:753} INFO - DAG(s) dict_keys(['our_first_dag_with_python_operator_v4']) retrieved from /opt/airflow/dags/dag_with_po4.py
[2023-02-03T04:55:38.530+0000] {logging_mixin.py:137} INFO - [2023-02-03T04:55:38.529+0000] {dag.py:2690} INFO - Sync 1 DAGs
[2023-02-03T04:55:38.557+0000] {logging_mixin.py:137} INFO - [2023-02-03T04:55:38.557+0000] {dag.py:3441} INFO - Setting next_dagrun for our_first_dag_with_python_operator_v4 to 2023-02-02T00:00:00+00:00, run_after=2023-02-03T00:00:00+00:00
[2023-02-03T04:55:38.573+0000] {processor.py:175} INFO - Processing /opt/airflow/dags/dag_with_po4.py took 0.114 seconds
[2023-02-03T04:56:08.975+0000] {processor.py:153} INFO - Started process (PID=1437) to work on /opt/airflow/dags/dag_with_po4.py
[2023-02-03T04:56:08.978+0000] {processor.py:743} INFO - Processing file /opt/airflow/dags/dag_with_po4.py for tasks to queue
[2023-02-03T04:56:08.979+0000] {logging_mixin.py:137} INFO - [2023-02-03T04:56:08.979+0000] {dagbag.py:538} INFO - Filling up the DagBag from /opt/airflow/dags/dag_with_po4.py
[2023-02-03T04:56:09.002+0000] {processor.py:753} INFO - DAG(s) dict_keys(['our_first_dag_with_python_operator_v4']) retrieved from /opt/airflow/dags/dag_with_po4.py
[2023-02-03T04:56:09.029+0000] {logging_mixin.py:137} INFO - [2023-02-03T04:56:09.029+0000] {dag.py:2690} INFO - Sync 1 DAGs
[2023-02-03T04:56:09.053+0000] {logging_mixin.py:137} INFO - [2023-02-03T04:56:09.053+0000] {dag.py:3441} INFO - Setting next_dagrun for our_first_dag_with_python_operator_v4 to 2023-02-02T00:00:00+00:00, run_after=2023-02-03T00:00:00+00:00
[2023-02-03T04:56:09.069+0000] {processor.py:175} INFO - Processing /opt/airflow/dags/dag_with_po4.py took 0.099 seconds
[2023-02-03T04:56:39.392+0000] {processor.py:153} INFO - Started process (PID=1487) to work on /opt/airflow/dags/dag_with_po4.py
[2023-02-03T04:56:39.394+0000] {processor.py:743} INFO - Processing file /opt/airflow/dags/dag_with_po4.py for tasks to queue
[2023-02-03T04:56:39.396+0000] {logging_mixin.py:137} INFO - [2023-02-03T04:56:39.396+0000] {dagbag.py:538} INFO - Filling up the DagBag from /opt/airflow/dags/dag_with_po4.py
[2023-02-03T04:56:39.416+0000] {processor.py:753} INFO - DAG(s) dict_keys(['our_first_dag_with_python_operator_v4']) retrieved from /opt/airflow/dags/dag_with_po4.py
[2023-02-03T04:56:39.449+0000] {logging_mixin.py:137} INFO - [2023-02-03T04:56:39.449+0000] {dag.py:2690} INFO - Sync 1 DAGs
[2023-02-03T04:56:39.472+0000] {logging_mixin.py:137} INFO - [2023-02-03T04:56:39.471+0000] {dag.py:3441} INFO - Setting next_dagrun for our_first_dag_with_python_operator_v4 to 2023-02-02T00:00:00+00:00, run_after=2023-02-03T00:00:00+00:00
[2023-02-03T04:56:39.487+0000] {processor.py:175} INFO - Processing /opt/airflow/dags/dag_with_po4.py took 0.099 seconds
[2023-02-03T04:57:09.671+0000] {processor.py:153} INFO - Started process (PID=1524) to work on /opt/airflow/dags/dag_with_po4.py
[2023-02-03T04:57:09.674+0000] {processor.py:743} INFO - Processing file /opt/airflow/dags/dag_with_po4.py for tasks to queue
[2023-02-03T04:57:09.675+0000] {logging_mixin.py:137} INFO - [2023-02-03T04:57:09.675+0000] {dagbag.py:538} INFO - Filling up the DagBag from /opt/airflow/dags/dag_with_po4.py
[2023-02-03T04:57:09.695+0000] {processor.py:753} INFO - DAG(s) dict_keys(['our_first_dag_with_python_operator_v4']) retrieved from /opt/airflow/dags/dag_with_po4.py
[2023-02-03T04:57:09.722+0000] {logging_mixin.py:137} INFO - [2023-02-03T04:57:09.722+0000] {dag.py:2690} INFO - Sync 1 DAGs
[2023-02-03T04:57:09.749+0000] {logging_mixin.py:137} INFO - [2023-02-03T04:57:09.748+0000] {dag.py:3441} INFO - Setting next_dagrun for our_first_dag_with_python_operator_v4 to 2023-02-02T00:00:00+00:00, run_after=2023-02-03T00:00:00+00:00
[2023-02-03T04:57:09.768+0000] {processor.py:175} INFO - Processing /opt/airflow/dags/dag_with_po4.py took 0.100 seconds
[2023-02-03T04:57:39.974+0000] {processor.py:153} INFO - Started process (PID=1574) to work on /opt/airflow/dags/dag_with_po4.py
[2023-02-03T04:57:39.976+0000] {processor.py:743} INFO - Processing file /opt/airflow/dags/dag_with_po4.py for tasks to queue
[2023-02-03T04:57:39.977+0000] {logging_mixin.py:137} INFO - [2023-02-03T04:57:39.976+0000] {dagbag.py:538} INFO - Filling up the DagBag from /opt/airflow/dags/dag_with_po4.py
[2023-02-03T04:57:39.999+0000] {processor.py:753} INFO - DAG(s) dict_keys(['our_first_dag_with_python_operator_v4']) retrieved from /opt/airflow/dags/dag_with_po4.py
[2023-02-03T04:57:40.026+0000] {logging_mixin.py:137} INFO - [2023-02-03T04:57:40.026+0000] {dag.py:2690} INFO - Sync 1 DAGs
[2023-02-03T04:57:40.048+0000] {logging_mixin.py:137} INFO - [2023-02-03T04:57:40.048+0000] {dag.py:3441} INFO - Setting next_dagrun for our_first_dag_with_python_operator_v4 to 2023-02-02T00:00:00+00:00, run_after=2023-02-03T00:00:00+00:00
[2023-02-03T04:57:40.064+0000] {processor.py:175} INFO - Processing /opt/airflow/dags/dag_with_po4.py took 0.094 seconds
[2023-02-03T04:58:10.252+0000] {processor.py:153} INFO - Started process (PID=1612) to work on /opt/airflow/dags/dag_with_po4.py
[2023-02-03T04:58:10.255+0000] {processor.py:743} INFO - Processing file /opt/airflow/dags/dag_with_po4.py for tasks to queue
[2023-02-03T04:58:10.257+0000] {logging_mixin.py:137} INFO - [2023-02-03T04:58:10.257+0000] {dagbag.py:538} INFO - Filling up the DagBag from /opt/airflow/dags/dag_with_po4.py
[2023-02-03T04:58:10.281+0000] {processor.py:753} INFO - DAG(s) dict_keys(['our_first_dag_with_python_operator_v4']) retrieved from /opt/airflow/dags/dag_with_po4.py
[2023-02-03T04:58:10.308+0000] {logging_mixin.py:137} INFO - [2023-02-03T04:58:10.308+0000] {dag.py:2690} INFO - Sync 1 DAGs
[2023-02-03T04:58:10.332+0000] {logging_mixin.py:137} INFO - [2023-02-03T04:58:10.332+0000] {dag.py:3441} INFO - Setting next_dagrun for our_first_dag_with_python_operator_v4 to 2023-02-02T00:00:00+00:00, run_after=2023-02-03T00:00:00+00:00
[2023-02-03T04:58:10.348+0000] {processor.py:175} INFO - Processing /opt/airflow/dags/dag_with_po4.py took 0.103 seconds
[2023-02-03T04:58:40.566+0000] {processor.py:153} INFO - Started process (PID=1663) to work on /opt/airflow/dags/dag_with_po4.py
[2023-02-03T04:58:40.569+0000] {processor.py:743} INFO - Processing file /opt/airflow/dags/dag_with_po4.py for tasks to queue
[2023-02-03T04:58:40.570+0000] {logging_mixin.py:137} INFO - [2023-02-03T04:58:40.570+0000] {dagbag.py:538} INFO - Filling up the DagBag from /opt/airflow/dags/dag_with_po4.py
[2023-02-03T04:58:40.594+0000] {processor.py:753} INFO - DAG(s) dict_keys(['our_first_dag_with_python_operator_v4']) retrieved from /opt/airflow/dags/dag_with_po4.py
[2023-02-03T04:58:40.625+0000] {logging_mixin.py:137} INFO - [2023-02-03T04:58:40.625+0000] {dag.py:2690} INFO - Sync 1 DAGs
[2023-02-03T04:58:40.650+0000] {logging_mixin.py:137} INFO - [2023-02-03T04:58:40.650+0000] {dag.py:3441} INFO - Setting next_dagrun for our_first_dag_with_python_operator_v4 to 2023-02-02T00:00:00+00:00, run_after=2023-02-03T00:00:00+00:00
[2023-02-03T04:58:40.666+0000] {processor.py:175} INFO - Processing /opt/airflow/dags/dag_with_po4.py took 0.116 seconds
[2023-02-03T04:59:10.792+0000] {processor.py:153} INFO - Started process (PID=1701) to work on /opt/airflow/dags/dag_with_po4.py
[2023-02-03T04:59:10.794+0000] {processor.py:743} INFO - Processing file /opt/airflow/dags/dag_with_po4.py for tasks to queue
[2023-02-03T04:59:10.795+0000] {logging_mixin.py:137} INFO - [2023-02-03T04:59:10.795+0000] {dagbag.py:538} INFO - Filling up the DagBag from /opt/airflow/dags/dag_with_po4.py
[2023-02-03T04:59:10.814+0000] {processor.py:753} INFO - DAG(s) dict_keys(['our_first_dag_with_python_operator_v4']) retrieved from /opt/airflow/dags/dag_with_po4.py
[2023-02-03T04:59:10.841+0000] {logging_mixin.py:137} INFO - [2023-02-03T04:59:10.841+0000] {dag.py:2690} INFO - Sync 1 DAGs
[2023-02-03T04:59:10.863+0000] {logging_mixin.py:137} INFO - [2023-02-03T04:59:10.863+0000] {dag.py:3441} INFO - Setting next_dagrun for our_first_dag_with_python_operator_v4 to 2023-02-02T00:00:00+00:00, run_after=2023-02-03T00:00:00+00:00
[2023-02-03T04:59:10.878+0000] {processor.py:175} INFO - Processing /opt/airflow/dags/dag_with_po4.py took 0.090 seconds
[2023-02-03T04:59:41.030+0000] {processor.py:153} INFO - Started process (PID=1751) to work on /opt/airflow/dags/dag_with_po4.py
[2023-02-03T04:59:41.031+0000] {processor.py:743} INFO - Processing file /opt/airflow/dags/dag_with_po4.py for tasks to queue
[2023-02-03T04:59:41.032+0000] {logging_mixin.py:137} INFO - [2023-02-03T04:59:41.032+0000] {dagbag.py:538} INFO - Filling up the DagBag from /opt/airflow/dags/dag_with_po4.py
[2023-02-03T04:59:41.051+0000] {processor.py:753} INFO - DAG(s) dict_keys(['our_first_dag_with_python_operator_v4']) retrieved from /opt/airflow/dags/dag_with_po4.py
[2023-02-03T04:59:41.078+0000] {logging_mixin.py:137} INFO - [2023-02-03T04:59:41.077+0000] {dag.py:2690} INFO - Sync 1 DAGs
[2023-02-03T04:59:41.100+0000] {logging_mixin.py:137} INFO - [2023-02-03T04:59:41.100+0000] {dag.py:3441} INFO - Setting next_dagrun for our_first_dag_with_python_operator_v4 to 2023-02-02T00:00:00+00:00, run_after=2023-02-03T00:00:00+00:00
[2023-02-03T04:59:41.117+0000] {processor.py:175} INFO - Processing /opt/airflow/dags/dag_with_po4.py took 0.092 seconds
[2023-02-03T05:00:11.187+0000] {processor.py:153} INFO - Started process (PID=1789) to work on /opt/airflow/dags/dag_with_po4.py
[2023-02-03T05:00:11.189+0000] {processor.py:743} INFO - Processing file /opt/airflow/dags/dag_with_po4.py for tasks to queue
[2023-02-03T05:00:11.190+0000] {logging_mixin.py:137} INFO - [2023-02-03T05:00:11.190+0000] {dagbag.py:538} INFO - Filling up the DagBag from /opt/airflow/dags/dag_with_po4.py
[2023-02-03T05:00:11.209+0000] {processor.py:753} INFO - DAG(s) dict_keys(['our_first_dag_with_python_operator_v4']) retrieved from /opt/airflow/dags/dag_with_po4.py
[2023-02-03T05:00:11.236+0000] {logging_mixin.py:137} INFO - [2023-02-03T05:00:11.236+0000] {dag.py:2690} INFO - Sync 1 DAGs
[2023-02-03T05:00:11.259+0000] {logging_mixin.py:137} INFO - [2023-02-03T05:00:11.259+0000] {dag.py:3441} INFO - Setting next_dagrun for our_first_dag_with_python_operator_v4 to 2023-02-02T00:00:00+00:00, run_after=2023-02-03T00:00:00+00:00
[2023-02-03T05:00:11.275+0000] {processor.py:175} INFO - Processing /opt/airflow/dags/dag_with_po4.py took 0.092 seconds
[2023-02-03T05:00:41.387+0000] {processor.py:153} INFO - Started process (PID=1840) to work on /opt/airflow/dags/dag_with_po4.py
[2023-02-03T05:00:41.389+0000] {processor.py:743} INFO - Processing file /opt/airflow/dags/dag_with_po4.py for tasks to queue
[2023-02-03T05:00:41.390+0000] {logging_mixin.py:137} INFO - [2023-02-03T05:00:41.390+0000] {dagbag.py:538} INFO - Filling up the DagBag from /opt/airflow/dags/dag_with_po4.py
[2023-02-03T05:00:41.408+0000] {processor.py:753} INFO - DAG(s) dict_keys(['our_first_dag_with_python_operator_v4']) retrieved from /opt/airflow/dags/dag_with_po4.py
[2023-02-03T05:00:41.434+0000] {logging_mixin.py:137} INFO - [2023-02-03T05:00:41.434+0000] {dag.py:2690} INFO - Sync 1 DAGs
[2023-02-03T05:00:41.457+0000] {logging_mixin.py:137} INFO - [2023-02-03T05:00:41.457+0000] {dag.py:3441} INFO - Setting next_dagrun for our_first_dag_with_python_operator_v4 to 2023-02-02T00:00:00+00:00, run_after=2023-02-03T00:00:00+00:00
[2023-02-03T05:00:41.472+0000] {processor.py:175} INFO - Processing /opt/airflow/dags/dag_with_po4.py took 0.091 seconds
[2023-02-03T05:01:11.567+0000] {processor.py:153} INFO - Started process (PID=1878) to work on /opt/airflow/dags/dag_with_po4.py
[2023-02-03T05:01:11.569+0000] {processor.py:743} INFO - Processing file /opt/airflow/dags/dag_with_po4.py for tasks to queue
[2023-02-03T05:01:11.570+0000] {logging_mixin.py:137} INFO - [2023-02-03T05:01:11.570+0000] {dagbag.py:538} INFO - Filling up the DagBag from /opt/airflow/dags/dag_with_po4.py
[2023-02-03T05:01:11.590+0000] {processor.py:753} INFO - DAG(s) dict_keys(['our_first_dag_with_python_operator_v4']) retrieved from /opt/airflow/dags/dag_with_po4.py
[2023-02-03T05:01:11.617+0000] {logging_mixin.py:137} INFO - [2023-02-03T05:01:11.617+0000] {dag.py:2690} INFO - Sync 1 DAGs
[2023-02-03T05:01:11.641+0000] {logging_mixin.py:137} INFO - [2023-02-03T05:01:11.640+0000] {dag.py:3441} INFO - Setting next_dagrun for our_first_dag_with_python_operator_v4 to 2023-02-02T00:00:00+00:00, run_after=2023-02-03T00:00:00+00:00
[2023-02-03T05:01:11.656+0000] {processor.py:175} INFO - Processing /opt/airflow/dags/dag_with_po4.py took 0.092 seconds
[2023-02-03T05:01:41.895+0000] {processor.py:153} INFO - Started process (PID=1928) to work on /opt/airflow/dags/dag_with_po4.py
[2023-02-03T05:01:41.897+0000] {processor.py:743} INFO - Processing file /opt/airflow/dags/dag_with_po4.py for tasks to queue
[2023-02-03T05:01:41.898+0000] {logging_mixin.py:137} INFO - [2023-02-03T05:01:41.898+0000] {dagbag.py:538} INFO - Filling up the DagBag from /opt/airflow/dags/dag_with_po4.py
[2023-02-03T05:01:41.925+0000] {processor.py:753} INFO - DAG(s) dict_keys(['our_first_dag_with_python_operator_v4']) retrieved from /opt/airflow/dags/dag_with_po4.py
[2023-02-03T05:01:41.955+0000] {logging_mixin.py:137} INFO - [2023-02-03T05:01:41.954+0000] {dag.py:2690} INFO - Sync 1 DAGs
[2023-02-03T05:01:41.978+0000] {logging_mixin.py:137} INFO - [2023-02-03T05:01:41.978+0000] {dag.py:3441} INFO - Setting next_dagrun for our_first_dag_with_python_operator_v4 to 2023-02-02T00:00:00+00:00, run_after=2023-02-03T00:00:00+00:00
[2023-02-03T05:01:41.996+0000] {processor.py:175} INFO - Processing /opt/airflow/dags/dag_with_po4.py took 0.104 seconds
[2023-02-03T05:02:12.152+0000] {processor.py:153} INFO - Started process (PID=1965) to work on /opt/airflow/dags/dag_with_po4.py
[2023-02-03T05:02:12.154+0000] {processor.py:743} INFO - Processing file /opt/airflow/dags/dag_with_po4.py for tasks to queue
[2023-02-03T05:02:12.155+0000] {logging_mixin.py:137} INFO - [2023-02-03T05:02:12.155+0000] {dagbag.py:538} INFO - Filling up the DagBag from /opt/airflow/dags/dag_with_po4.py
[2023-02-03T05:02:12.174+0000] {processor.py:753} INFO - DAG(s) dict_keys(['our_first_dag_with_python_operator_v4']) retrieved from /opt/airflow/dags/dag_with_po4.py
[2023-02-03T05:02:12.201+0000] {logging_mixin.py:137} INFO - [2023-02-03T05:02:12.201+0000] {dag.py:2690} INFO - Sync 1 DAGs
[2023-02-03T05:02:12.225+0000] {logging_mixin.py:137} INFO - [2023-02-03T05:02:12.225+0000] {dag.py:3441} INFO - Setting next_dagrun for our_first_dag_with_python_operator_v4 to 2023-02-02T00:00:00+00:00, run_after=2023-02-03T00:00:00+00:00
[2023-02-03T05:02:12.240+0000] {processor.py:175} INFO - Processing /opt/airflow/dags/dag_with_po4.py took 0.091 seconds
[2023-02-03T05:02:42.759+0000] {processor.py:153} INFO - Started process (PID=2003) to work on /opt/airflow/dags/dag_with_po4.py
[2023-02-03T05:02:42.761+0000] {processor.py:743} INFO - Processing file /opt/airflow/dags/dag_with_po4.py for tasks to queue
[2023-02-03T05:02:42.762+0000] {logging_mixin.py:137} INFO - [2023-02-03T05:02:42.762+0000] {dagbag.py:538} INFO - Filling up the DagBag from /opt/airflow/dags/dag_with_po4.py
[2023-02-03T05:02:42.783+0000] {processor.py:753} INFO - DAG(s) dict_keys(['our_first_dag_with_python_operator_v4']) retrieved from /opt/airflow/dags/dag_with_po4.py
[2023-02-03T05:02:42.809+0000] {logging_mixin.py:137} INFO - [2023-02-03T05:02:42.809+0000] {dag.py:2690} INFO - Sync 1 DAGs
[2023-02-03T05:02:42.832+0000] {logging_mixin.py:137} INFO - [2023-02-03T05:02:42.832+0000] {dag.py:3441} INFO - Setting next_dagrun for our_first_dag_with_python_operator_v4 to 2023-02-02T00:00:00+00:00, run_after=2023-02-03T00:00:00+00:00
[2023-02-03T05:02:42.848+0000] {processor.py:175} INFO - Processing /opt/airflow/dags/dag_with_po4.py took 0.092 seconds
[2023-02-03T05:03:13.209+0000] {processor.py:153} INFO - Started process (PID=2054) to work on /opt/airflow/dags/dag_with_po4.py
[2023-02-03T05:03:13.211+0000] {processor.py:743} INFO - Processing file /opt/airflow/dags/dag_with_po4.py for tasks to queue
[2023-02-03T05:03:13.213+0000] {logging_mixin.py:137} INFO - [2023-02-03T05:03:13.212+0000] {dagbag.py:538} INFO - Filling up the DagBag from /opt/airflow/dags/dag_with_po4.py
[2023-02-03T05:03:13.233+0000] {processor.py:753} INFO - DAG(s) dict_keys(['our_first_dag_with_python_operator_v4']) retrieved from /opt/airflow/dags/dag_with_po4.py
[2023-02-03T05:03:13.263+0000] {logging_mixin.py:137} INFO - [2023-02-03T05:03:13.263+0000] {dag.py:2690} INFO - Sync 1 DAGs
[2023-02-03T05:03:13.290+0000] {logging_mixin.py:137} INFO - [2023-02-03T05:03:13.290+0000] {dag.py:3441} INFO - Setting next_dagrun for our_first_dag_with_python_operator_v4 to 2023-02-02T00:00:00+00:00, run_after=2023-02-03T00:00:00+00:00
[2023-02-03T05:03:13.311+0000] {processor.py:175} INFO - Processing /opt/airflow/dags/dag_with_po4.py took 0.107 seconds
