[2023-02-03T04:39:06.000+0000] {processor.py:153} INFO - Started process (PID=43) to work on /opt/airflow/dags/dag_with_catchup_and_backfill.py
[2023-02-03T04:39:06.020+0000] {processor.py:743} INFO - Processing file /opt/airflow/dags/dag_with_catchup_and_backfill.py for tasks to queue
[2023-02-03T04:39:06.034+0000] {logging_mixin.py:137} INFO - [2023-02-03T04:39:06.033+0000] {dagbag.py:538} INFO - Filling up the DagBag from /opt/airflow/dags/dag_with_catchup_and_backfill.py
[2023-02-03T04:39:07.538+0000] {processor.py:753} INFO - DAG(s) dict_keys(['dag_with_catchup_backfill_v1']) retrieved from /opt/airflow/dags/dag_with_catchup_and_backfill.py
[2023-02-03T04:39:09.619+0000] {logging_mixin.py:137} INFO - [2023-02-03T04:39:09.618+0000] {dag.py:2690} INFO - Sync 1 DAGs
[2023-02-03T04:39:10.140+0000] {logging_mixin.py:137} INFO - [2023-02-03T04:39:10.140+0000] {dag.py:3441} INFO - Setting next_dagrun for dag_with_catchup_backfill_v1 to 2023-02-02T00:00:00+00:00, run_after=2023-02-03T00:00:00+00:00
[2023-02-03T04:39:10.516+0000] {processor.py:175} INFO - Processing /opt/airflow/dags/dag_with_catchup_and_backfill.py took 4.642 seconds
[2023-02-03T04:39:21.943+0000] {processor.py:153} INFO - Started process (PID=70) to work on /opt/airflow/dags/dag_with_catchup_and_backfill.py
[2023-02-03T04:39:21.975+0000] {processor.py:743} INFO - Processing file /opt/airflow/dags/dag_with_catchup_and_backfill.py for tasks to queue
[2023-02-03T04:39:21.978+0000] {logging_mixin.py:137} INFO - [2023-02-03T04:39:21.978+0000] {dagbag.py:538} INFO - Filling up the DagBag from /opt/airflow/dags/dag_with_catchup_and_backfill.py
[2023-02-03T04:39:22.345+0000] {processor.py:753} INFO - DAG(s) dict_keys(['dag_with_catchup_backfill_v1']) retrieved from /opt/airflow/dags/dag_with_catchup_and_backfill.py
[2023-02-03T04:39:23.236+0000] {logging_mixin.py:137} INFO - [2023-02-03T04:39:23.235+0000] {taskinstance.py:1770} ERROR - {'DAG Id': 'dag_with_catchup_backfill_v1', 'Task Id': 'task1', 'Run Id': 'scheduled__2023-01-30T00:00:00+00:00', 'Hostname': '178c757a8fee', 'External Executor Id': 'ff217579-e05c-43f8-ac8c-e13d720233de'}
[2023-02-03T04:39:23.831+0000] {logging_mixin.py:137} INFO - [2023-02-03T04:39:23.830+0000] {taskinstance.py:1323} INFO - Marking task as UP_FOR_RETRY. dag_id=dag_with_catchup_backfill_v1, task_id=task1, execution_date=20230130T000000, start_date=20230202T143241, end_date=20230203T043923
[2023-02-03T04:39:24.194+0000] {processor.py:713} INFO - Executed failure callback for <TaskInstance: dag_with_catchup_backfill_v1.task1 scheduled__2023-01-30T00:00:00+00:00 [up_for_retry]> in state up_for_retry
[2023-02-03T04:39:24.248+0000] {logging_mixin.py:137} INFO - [2023-02-03T04:39:24.248+0000] {taskinstance.py:1770} ERROR - {'DAG Id': 'dag_with_catchup_backfill_v1', 'Task Id': 'task1', 'Run Id': 'scheduled__2023-01-31T00:00:00+00:00', 'Hostname': '178c757a8fee', 'External Executor Id': '2e692065-2d86-45d8-8f17-71cd892baf74'}
[2023-02-03T04:39:24.442+0000] {logging_mixin.py:137} INFO - [2023-02-03T04:39:24.441+0000] {taskinstance.py:1323} INFO - Marking task as UP_FOR_RETRY. dag_id=dag_with_catchup_backfill_v1, task_id=task1, execution_date=20230131T000000, start_date=20230202T143348, end_date=20230203T043924
[2023-02-03T04:39:24.488+0000] {processor.py:713} INFO - Executed failure callback for <TaskInstance: dag_with_catchup_backfill_v1.task1 scheduled__2023-01-31T00:00:00+00:00 [up_for_retry]> in state up_for_retry
[2023-02-03T04:39:24.552+0000] {logging_mixin.py:137} INFO - [2023-02-03T04:39:24.541+0000] {taskinstance.py:1770} ERROR - {'DAG Id': 'dag_with_catchup_backfill_v1', 'Task Id': 'task1', 'Run Id': 'scheduled__2023-01-28T00:00:00+00:00', 'Hostname': '178c757a8fee', 'External Executor Id': '27bb08f5-f90a-488f-ab07-8895b954e239'}
[2023-02-03T04:39:24.666+0000] {logging_mixin.py:137} INFO - [2023-02-03T04:39:24.666+0000] {taskinstance.py:1323} INFO - Marking task as UP_FOR_RETRY. dag_id=dag_with_catchup_backfill_v1, task_id=task1, execution_date=20230128T000000, start_date=20230202T143138, end_date=20230203T043924
[2023-02-03T04:39:24.700+0000] {processor.py:713} INFO - Executed failure callback for <TaskInstance: dag_with_catchup_backfill_v1.task1 scheduled__2023-01-28T00:00:00+00:00 [up_for_retry]> in state up_for_retry
[2023-02-03T04:39:24.725+0000] {logging_mixin.py:137} INFO - [2023-02-03T04:39:24.716+0000] {taskinstance.py:1770} ERROR - {'DAG Id': 'dag_with_catchup_backfill_v1', 'Task Id': 'task1', 'Run Id': 'scheduled__2023-01-29T00:00:00+00:00', 'Hostname': '178c757a8fee', 'External Executor Id': '22780581-1a0f-424a-973a-fce9b48d0fce'}
[2023-02-03T04:39:24.848+0000] {logging_mixin.py:137} INFO - [2023-02-03T04:39:24.848+0000] {taskinstance.py:1323} INFO - Marking task as UP_FOR_RETRY. dag_id=dag_with_catchup_backfill_v1, task_id=task1, execution_date=20230129T000000, start_date=20230202T143158, end_date=20230203T043924
[2023-02-03T04:39:25.515+0000] {processor.py:713} INFO - Executed failure callback for <TaskInstance: dag_with_catchup_backfill_v1.task1 scheduled__2023-01-29T00:00:00+00:00 [up_for_retry]> in state up_for_retry
[2023-02-03T04:39:26.069+0000] {logging_mixin.py:137} INFO - [2023-02-03T04:39:26.057+0000] {dag.py:2690} INFO - Sync 1 DAGs
[2023-02-03T04:39:26.446+0000] {logging_mixin.py:137} INFO - [2023-02-03T04:39:26.446+0000] {dag.py:3441} INFO - Setting next_dagrun for dag_with_catchup_backfill_v1 to 2023-02-02T00:00:00+00:00, run_after=2023-02-03T00:00:00+00:00
[2023-02-03T04:39:26.679+0000] {processor.py:175} INFO - Processing /opt/airflow/dags/dag_with_catchup_and_backfill.py took 4.884 seconds
[2023-02-03T04:39:57.355+0000] {processor.py:153} INFO - Started process (PID=95) to work on /opt/airflow/dags/dag_with_catchup_and_backfill.py
[2023-02-03T04:39:57.368+0000] {processor.py:743} INFO - Processing file /opt/airflow/dags/dag_with_catchup_and_backfill.py for tasks to queue
[2023-02-03T04:39:57.388+0000] {logging_mixin.py:137} INFO - [2023-02-03T04:39:57.387+0000] {dagbag.py:538} INFO - Filling up the DagBag from /opt/airflow/dags/dag_with_catchup_and_backfill.py
[2023-02-03T04:39:58.423+0000] {processor.py:753} INFO - DAG(s) dict_keys(['dag_with_catchup_backfill_v1']) retrieved from /opt/airflow/dags/dag_with_catchup_and_backfill.py
[2023-02-03T04:39:59.304+0000] {logging_mixin.py:137} INFO - [2023-02-03T04:39:59.299+0000] {dag.py:2690} INFO - Sync 1 DAGs
[2023-02-03T04:39:59.956+0000] {logging_mixin.py:137} INFO - [2023-02-03T04:39:59.941+0000] {dag.py:3441} INFO - Setting next_dagrun for dag_with_catchup_backfill_v1 to 2023-02-03T00:00:00+00:00, run_after=2023-02-04T00:00:00+00:00
[2023-02-03T04:40:00.295+0000] {processor.py:175} INFO - Processing /opt/airflow/dags/dag_with_catchup_and_backfill.py took 3.005 seconds
[2023-02-03T04:40:30.732+0000] {processor.py:153} INFO - Started process (PID=137) to work on /opt/airflow/dags/dag_with_catchup_and_backfill.py
[2023-02-03T04:40:30.734+0000] {processor.py:743} INFO - Processing file /opt/airflow/dags/dag_with_catchup_and_backfill.py for tasks to queue
[2023-02-03T04:40:30.735+0000] {logging_mixin.py:137} INFO - [2023-02-03T04:40:30.735+0000] {dagbag.py:538} INFO - Filling up the DagBag from /opt/airflow/dags/dag_with_catchup_and_backfill.py
[2023-02-03T04:40:30.758+0000] {processor.py:753} INFO - DAG(s) dict_keys(['dag_with_catchup_backfill_v1']) retrieved from /opt/airflow/dags/dag_with_catchup_and_backfill.py
[2023-02-03T04:40:30.833+0000] {logging_mixin.py:137} INFO - [2023-02-03T04:40:30.833+0000] {dag.py:2690} INFO - Sync 1 DAGs
[2023-02-03T04:40:30.864+0000] {logging_mixin.py:137} INFO - [2023-02-03T04:40:30.864+0000] {dag.py:3441} INFO - Setting next_dagrun for dag_with_catchup_backfill_v1 to 2023-02-03T00:00:00+00:00, run_after=2023-02-04T00:00:00+00:00
[2023-02-03T04:40:30.886+0000] {processor.py:175} INFO - Processing /opt/airflow/dags/dag_with_catchup_and_backfill.py took 0.159 seconds
[2023-02-03T04:41:00.953+0000] {processor.py:153} INFO - Started process (PID=175) to work on /opt/airflow/dags/dag_with_catchup_and_backfill.py
[2023-02-03T04:41:00.955+0000] {processor.py:743} INFO - Processing file /opt/airflow/dags/dag_with_catchup_and_backfill.py for tasks to queue
[2023-02-03T04:41:00.957+0000] {logging_mixin.py:137} INFO - [2023-02-03T04:41:00.957+0000] {dagbag.py:538} INFO - Filling up the DagBag from /opt/airflow/dags/dag_with_catchup_and_backfill.py
[2023-02-03T04:41:00.978+0000] {processor.py:753} INFO - DAG(s) dict_keys(['dag_with_catchup_backfill_v1']) retrieved from /opt/airflow/dags/dag_with_catchup_and_backfill.py
[2023-02-03T04:41:01.005+0000] {logging_mixin.py:137} INFO - [2023-02-03T04:41:01.005+0000] {dag.py:2690} INFO - Sync 1 DAGs
[2023-02-03T04:41:01.028+0000] {logging_mixin.py:137} INFO - [2023-02-03T04:41:01.028+0000] {dag.py:3441} INFO - Setting next_dagrun for dag_with_catchup_backfill_v1 to 2023-02-03T00:00:00+00:00, run_after=2023-02-04T00:00:00+00:00
[2023-02-03T04:41:01.047+0000] {processor.py:175} INFO - Processing /opt/airflow/dags/dag_with_catchup_and_backfill.py took 0.097 seconds
[2023-02-03T04:41:31.866+0000] {processor.py:153} INFO - Started process (PID=211) to work on /opt/airflow/dags/dag_with_catchup_and_backfill.py
[2023-02-03T04:41:31.963+0000] {processor.py:743} INFO - Processing file /opt/airflow/dags/dag_with_catchup_and_backfill.py for tasks to queue
[2023-02-03T04:41:31.982+0000] {logging_mixin.py:137} INFO - [2023-02-03T04:41:31.972+0000] {dagbag.py:538} INFO - Filling up the DagBag from /opt/airflow/dags/dag_with_catchup_and_backfill.py
[2023-02-03T04:41:32.200+0000] {processor.py:753} INFO - DAG(s) dict_keys(['dag_with_catchup_backfill_v1']) retrieved from /opt/airflow/dags/dag_with_catchup_and_backfill.py
[2023-02-03T04:41:32.424+0000] {logging_mixin.py:137} INFO - [2023-02-03T04:41:32.424+0000] {dag.py:2690} INFO - Sync 1 DAGs
[2023-02-03T04:41:32.725+0000] {logging_mixin.py:137} INFO - [2023-02-03T04:41:32.724+0000] {dag.py:3441} INFO - Setting next_dagrun for dag_with_catchup_backfill_v1 to 2023-02-03T00:00:00+00:00, run_after=2023-02-04T00:00:00+00:00
[2023-02-03T04:41:32.885+0000] {processor.py:175} INFO - Processing /opt/airflow/dags/dag_with_catchup_and_backfill.py took 1.075 seconds
[2023-02-03T04:42:03.577+0000] {processor.py:153} INFO - Started process (PID=249) to work on /opt/airflow/dags/dag_with_catchup_and_backfill.py
[2023-02-03T04:42:03.579+0000] {processor.py:743} INFO - Processing file /opt/airflow/dags/dag_with_catchup_and_backfill.py for tasks to queue
[2023-02-03T04:42:03.581+0000] {logging_mixin.py:137} INFO - [2023-02-03T04:42:03.581+0000] {dagbag.py:538} INFO - Filling up the DagBag from /opt/airflow/dags/dag_with_catchup_and_backfill.py
[2023-02-03T04:42:03.614+0000] {processor.py:753} INFO - DAG(s) dict_keys(['dag_with_catchup_backfill_v1']) retrieved from /opt/airflow/dags/dag_with_catchup_and_backfill.py
[2023-02-03T04:42:03.661+0000] {logging_mixin.py:137} INFO - [2023-02-03T04:42:03.661+0000] {dag.py:2690} INFO - Sync 1 DAGs
[2023-02-03T04:42:03.701+0000] {logging_mixin.py:137} INFO - [2023-02-03T04:42:03.701+0000] {dag.py:3441} INFO - Setting next_dagrun for dag_with_catchup_backfill_v1 to 2023-02-03T00:00:00+00:00, run_after=2023-02-04T00:00:00+00:00
[2023-02-03T04:42:03.732+0000] {processor.py:175} INFO - Processing /opt/airflow/dags/dag_with_catchup_and_backfill.py took 0.159 seconds
[2023-02-03T04:42:33.873+0000] {processor.py:153} INFO - Started process (PID=299) to work on /opt/airflow/dags/dag_with_catchup_and_backfill.py
[2023-02-03T04:42:33.876+0000] {processor.py:743} INFO - Processing file /opt/airflow/dags/dag_with_catchup_and_backfill.py for tasks to queue
[2023-02-03T04:42:33.879+0000] {logging_mixin.py:137} INFO - [2023-02-03T04:42:33.879+0000] {dagbag.py:538} INFO - Filling up the DagBag from /opt/airflow/dags/dag_with_catchup_and_backfill.py
[2023-02-03T04:42:33.936+0000] {processor.py:753} INFO - DAG(s) dict_keys(['dag_with_catchup_backfill_v1']) retrieved from /opt/airflow/dags/dag_with_catchup_and_backfill.py
[2023-02-03T04:42:33.990+0000] {logging_mixin.py:137} INFO - [2023-02-03T04:42:33.989+0000] {dag.py:2690} INFO - Sync 1 DAGs
[2023-02-03T04:42:34.060+0000] {logging_mixin.py:137} INFO - [2023-02-03T04:42:34.060+0000] {dag.py:3441} INFO - Setting next_dagrun for dag_with_catchup_backfill_v1 to 2023-02-03T00:00:00+00:00, run_after=2023-02-04T00:00:00+00:00
[2023-02-03T04:42:34.267+0000] {processor.py:175} INFO - Processing /opt/airflow/dags/dag_with_catchup_and_backfill.py took 0.406 seconds
[2023-02-03T04:43:04.349+0000] {processor.py:153} INFO - Started process (PID=337) to work on /opt/airflow/dags/dag_with_catchup_and_backfill.py
[2023-02-03T04:43:04.352+0000] {processor.py:743} INFO - Processing file /opt/airflow/dags/dag_with_catchup_and_backfill.py for tasks to queue
[2023-02-03T04:43:04.354+0000] {logging_mixin.py:137} INFO - [2023-02-03T04:43:04.353+0000] {dagbag.py:538} INFO - Filling up the DagBag from /opt/airflow/dags/dag_with_catchup_and_backfill.py
[2023-02-03T04:43:04.392+0000] {processor.py:753} INFO - DAG(s) dict_keys(['dag_with_catchup_backfill_v1']) retrieved from /opt/airflow/dags/dag_with_catchup_and_backfill.py
[2023-02-03T04:43:04.436+0000] {logging_mixin.py:137} INFO - [2023-02-03T04:43:04.436+0000] {dag.py:2690} INFO - Sync 1 DAGs
[2023-02-03T04:43:04.474+0000] {logging_mixin.py:137} INFO - [2023-02-03T04:43:04.474+0000] {dag.py:3441} INFO - Setting next_dagrun for dag_with_catchup_backfill_v1 to 2023-02-03T00:00:00+00:00, run_after=2023-02-04T00:00:00+00:00
[2023-02-03T04:43:04.500+0000] {processor.py:175} INFO - Processing /opt/airflow/dags/dag_with_catchup_and_backfill.py took 0.157 seconds
[2023-02-03T04:43:34.727+0000] {processor.py:153} INFO - Started process (PID=387) to work on /opt/airflow/dags/dag_with_catchup_and_backfill.py
[2023-02-03T04:43:34.731+0000] {processor.py:743} INFO - Processing file /opt/airflow/dags/dag_with_catchup_and_backfill.py for tasks to queue
[2023-02-03T04:43:34.732+0000] {logging_mixin.py:137} INFO - [2023-02-03T04:43:34.732+0000] {dagbag.py:538} INFO - Filling up the DagBag from /opt/airflow/dags/dag_with_catchup_and_backfill.py
[2023-02-03T04:43:34.790+0000] {processor.py:753} INFO - DAG(s) dict_keys(['dag_with_catchup_backfill_v1']) retrieved from /opt/airflow/dags/dag_with_catchup_and_backfill.py
[2023-02-03T04:43:34.836+0000] {logging_mixin.py:137} INFO - [2023-02-03T04:43:34.836+0000] {dag.py:2690} INFO - Sync 1 DAGs
[2023-02-03T04:43:34.866+0000] {logging_mixin.py:137} INFO - [2023-02-03T04:43:34.866+0000] {dag.py:3441} INFO - Setting next_dagrun for dag_with_catchup_backfill_v1 to 2023-02-03T00:00:00+00:00, run_after=2023-02-04T00:00:00+00:00
[2023-02-03T04:43:34.884+0000] {processor.py:175} INFO - Processing /opt/airflow/dags/dag_with_catchup_and_backfill.py took 0.164 seconds
[2023-02-03T04:44:04.974+0000] {processor.py:153} INFO - Started process (PID=425) to work on /opt/airflow/dags/dag_with_catchup_and_backfill.py
[2023-02-03T04:44:04.976+0000] {processor.py:743} INFO - Processing file /opt/airflow/dags/dag_with_catchup_and_backfill.py for tasks to queue
[2023-02-03T04:44:04.978+0000] {logging_mixin.py:137} INFO - [2023-02-03T04:44:04.978+0000] {dagbag.py:538} INFO - Filling up the DagBag from /opt/airflow/dags/dag_with_catchup_and_backfill.py
[2023-02-03T04:44:05.000+0000] {processor.py:753} INFO - DAG(s) dict_keys(['dag_with_catchup_backfill_v1']) retrieved from /opt/airflow/dags/dag_with_catchup_and_backfill.py
[2023-02-03T04:44:05.029+0000] {logging_mixin.py:137} INFO - [2023-02-03T04:44:05.029+0000] {dag.py:2690} INFO - Sync 1 DAGs
[2023-02-03T04:44:05.053+0000] {logging_mixin.py:137} INFO - [2023-02-03T04:44:05.053+0000] {dag.py:3441} INFO - Setting next_dagrun for dag_with_catchup_backfill_v1 to 2023-02-03T00:00:00+00:00, run_after=2023-02-04T00:00:00+00:00
[2023-02-03T04:44:05.069+0000] {processor.py:175} INFO - Processing /opt/airflow/dags/dag_with_catchup_and_backfill.py took 0.101 seconds
[2023-02-03T04:44:35.516+0000] {processor.py:153} INFO - Started process (PID=481) to work on /opt/airflow/dags/dag_with_catchup_and_backfill.py
[2023-02-03T04:44:35.520+0000] {processor.py:743} INFO - Processing file /opt/airflow/dags/dag_with_catchup_and_backfill.py for tasks to queue
[2023-02-03T04:44:35.521+0000] {logging_mixin.py:137} INFO - [2023-02-03T04:44:35.521+0000] {dagbag.py:538} INFO - Filling up the DagBag from /opt/airflow/dags/dag_with_catchup_and_backfill.py
[2023-02-03T04:44:35.546+0000] {processor.py:753} INFO - DAG(s) dict_keys(['dag_with_catchup_backfill_v1']) retrieved from /opt/airflow/dags/dag_with_catchup_and_backfill.py
[2023-02-03T04:44:35.575+0000] {logging_mixin.py:137} INFO - [2023-02-03T04:44:35.575+0000] {dag.py:2690} INFO - Sync 1 DAGs
[2023-02-03T04:44:35.600+0000] {logging_mixin.py:137} INFO - [2023-02-03T04:44:35.600+0000] {dag.py:3441} INFO - Setting next_dagrun for dag_with_catchup_backfill_v1 to 2023-02-03T00:00:00+00:00, run_after=2023-02-04T00:00:00+00:00
[2023-02-03T04:44:35.617+0000] {processor.py:175} INFO - Processing /opt/airflow/dags/dag_with_catchup_and_backfill.py took 0.109 seconds
[2023-02-03T04:45:06.028+0000] {processor.py:153} INFO - Started process (PID=519) to work on /opt/airflow/dags/dag_with_catchup_and_backfill.py
[2023-02-03T04:45:06.032+0000] {processor.py:743} INFO - Processing file /opt/airflow/dags/dag_with_catchup_and_backfill.py for tasks to queue
[2023-02-03T04:45:06.037+0000] {logging_mixin.py:137} INFO - [2023-02-03T04:45:06.036+0000] {dagbag.py:538} INFO - Filling up the DagBag from /opt/airflow/dags/dag_with_catchup_and_backfill.py
[2023-02-03T04:45:06.081+0000] {processor.py:753} INFO - DAG(s) dict_keys(['dag_with_catchup_backfill_v1']) retrieved from /opt/airflow/dags/dag_with_catchup_and_backfill.py
[2023-02-03T04:45:06.119+0000] {logging_mixin.py:137} INFO - [2023-02-03T04:45:06.119+0000] {dag.py:2690} INFO - Sync 1 DAGs
[2023-02-03T04:45:06.152+0000] {logging_mixin.py:137} INFO - [2023-02-03T04:45:06.152+0000] {dag.py:3441} INFO - Setting next_dagrun for dag_with_catchup_backfill_v1 to 2023-02-03T00:00:00+00:00, run_after=2023-02-04T00:00:00+00:00
[2023-02-03T04:45:06.171+0000] {processor.py:175} INFO - Processing /opt/airflow/dags/dag_with_catchup_and_backfill.py took 0.149 seconds
[2023-02-03T04:45:36.499+0000] {processor.py:153} INFO - Started process (PID=558) to work on /opt/airflow/dags/dag_with_catchup_and_backfill.py
[2023-02-03T04:45:36.502+0000] {processor.py:743} INFO - Processing file /opt/airflow/dags/dag_with_catchup_and_backfill.py for tasks to queue
[2023-02-03T04:45:36.505+0000] {logging_mixin.py:137} INFO - [2023-02-03T04:45:36.504+0000] {dagbag.py:538} INFO - Filling up the DagBag from /opt/airflow/dags/dag_with_catchup_and_backfill.py
[2023-02-03T04:45:36.569+0000] {processor.py:753} INFO - DAG(s) dict_keys(['dag_with_catchup_backfill_v1']) retrieved from /opt/airflow/dags/dag_with_catchup_and_backfill.py
[2023-02-03T04:45:36.638+0000] {logging_mixin.py:137} INFO - [2023-02-03T04:45:36.637+0000] {dag.py:2690} INFO - Sync 1 DAGs
[2023-02-03T04:45:36.685+0000] {logging_mixin.py:137} INFO - [2023-02-03T04:45:36.685+0000] {dag.py:3441} INFO - Setting next_dagrun for dag_with_catchup_backfill_v1 to 2023-02-03T00:00:00+00:00, run_after=2023-02-04T00:00:00+00:00
[2023-02-03T04:45:36.761+0000] {processor.py:175} INFO - Processing /opt/airflow/dags/dag_with_catchup_and_backfill.py took 0.274 seconds
[2023-02-03T04:46:07.081+0000] {processor.py:153} INFO - Started process (PID=596) to work on /opt/airflow/dags/dag_with_catchup_and_backfill.py
[2023-02-03T04:46:07.084+0000] {processor.py:743} INFO - Processing file /opt/airflow/dags/dag_with_catchup_and_backfill.py for tasks to queue
[2023-02-03T04:46:07.087+0000] {logging_mixin.py:137} INFO - [2023-02-03T04:46:07.087+0000] {dagbag.py:538} INFO - Filling up the DagBag from /opt/airflow/dags/dag_with_catchup_and_backfill.py
[2023-02-03T04:46:07.131+0000] {processor.py:753} INFO - DAG(s) dict_keys(['dag_with_catchup_backfill_v1']) retrieved from /opt/airflow/dags/dag_with_catchup_and_backfill.py
[2023-02-03T04:46:07.228+0000] {logging_mixin.py:137} INFO - [2023-02-03T04:46:07.228+0000] {dag.py:2690} INFO - Sync 1 DAGs
[2023-02-03T04:46:07.264+0000] {logging_mixin.py:137} INFO - [2023-02-03T04:46:07.264+0000] {dag.py:3441} INFO - Setting next_dagrun for dag_with_catchup_backfill_v1 to 2023-02-03T00:00:00+00:00, run_after=2023-02-04T00:00:00+00:00
[2023-02-03T04:46:07.290+0000] {processor.py:175} INFO - Processing /opt/airflow/dags/dag_with_catchup_and_backfill.py took 0.221 seconds
[2023-02-03T04:46:37.502+0000] {processor.py:153} INFO - Started process (PID=647) to work on /opt/airflow/dags/dag_with_catchup_and_backfill.py
[2023-02-03T04:46:37.533+0000] {processor.py:743} INFO - Processing file /opt/airflow/dags/dag_with_catchup_and_backfill.py for tasks to queue
[2023-02-03T04:46:37.572+0000] {logging_mixin.py:137} INFO - [2023-02-03T04:46:37.570+0000] {dagbag.py:538} INFO - Filling up the DagBag from /opt/airflow/dags/dag_with_catchup_and_backfill.py
[2023-02-03T04:46:37.882+0000] {processor.py:753} INFO - DAG(s) dict_keys(['dag_with_catchup_backfill_v1']) retrieved from /opt/airflow/dags/dag_with_catchup_and_backfill.py
[2023-02-03T04:46:38.062+0000] {logging_mixin.py:137} INFO - [2023-02-03T04:46:38.058+0000] {dag.py:2690} INFO - Sync 1 DAGs
[2023-02-03T04:46:38.324+0000] {logging_mixin.py:137} INFO - [2023-02-03T04:46:38.315+0000] {dag.py:3441} INFO - Setting next_dagrun for dag_with_catchup_backfill_v1 to 2023-02-03T00:00:00+00:00, run_after=2023-02-04T00:00:00+00:00
[2023-02-03T04:46:38.569+0000] {processor.py:175} INFO - Processing /opt/airflow/dags/dag_with_catchup_and_backfill.py took 1.102 seconds
[2023-02-03T04:47:09.030+0000] {processor.py:153} INFO - Started process (PID=685) to work on /opt/airflow/dags/dag_with_catchup_and_backfill.py
[2023-02-03T04:47:09.033+0000] {processor.py:743} INFO - Processing file /opt/airflow/dags/dag_with_catchup_and_backfill.py for tasks to queue
[2023-02-03T04:47:09.036+0000] {logging_mixin.py:137} INFO - [2023-02-03T04:47:09.036+0000] {dagbag.py:538} INFO - Filling up the DagBag from /opt/airflow/dags/dag_with_catchup_and_backfill.py
[2023-02-03T04:47:09.077+0000] {processor.py:753} INFO - DAG(s) dict_keys(['dag_with_catchup_backfill_v1']) retrieved from /opt/airflow/dags/dag_with_catchup_and_backfill.py
[2023-02-03T04:47:09.117+0000] {logging_mixin.py:137} INFO - [2023-02-03T04:47:09.117+0000] {dag.py:2690} INFO - Sync 1 DAGs
[2023-02-03T04:47:09.149+0000] {logging_mixin.py:137} INFO - [2023-02-03T04:47:09.149+0000] {dag.py:3441} INFO - Setting next_dagrun for dag_with_catchup_backfill_v1 to 2023-02-03T00:00:00+00:00, run_after=2023-02-04T00:00:00+00:00
[2023-02-03T04:47:09.169+0000] {processor.py:175} INFO - Processing /opt/airflow/dags/dag_with_catchup_and_backfill.py took 0.156 seconds
[2023-02-03T04:47:40.089+0000] {processor.py:153} INFO - Started process (PID=722) to work on /opt/airflow/dags/dag_with_catchup_and_backfill.py
[2023-02-03T04:47:40.093+0000] {processor.py:743} INFO - Processing file /opt/airflow/dags/dag_with_catchup_and_backfill.py for tasks to queue
[2023-02-03T04:47:40.099+0000] {logging_mixin.py:137} INFO - [2023-02-03T04:47:40.098+0000] {dagbag.py:538} INFO - Filling up the DagBag from /opt/airflow/dags/dag_with_catchup_and_backfill.py
[2023-02-03T04:47:40.131+0000] {processor.py:753} INFO - DAG(s) dict_keys(['dag_with_catchup_backfill_v1']) retrieved from /opt/airflow/dags/dag_with_catchup_and_backfill.py
[2023-02-03T04:47:40.163+0000] {logging_mixin.py:137} INFO - [2023-02-03T04:47:40.163+0000] {dag.py:2690} INFO - Sync 1 DAGs
[2023-02-03T04:47:40.192+0000] {logging_mixin.py:137} INFO - [2023-02-03T04:47:40.191+0000] {dag.py:3441} INFO - Setting next_dagrun for dag_with_catchup_backfill_v1 to 2023-02-03T00:00:00+00:00, run_after=2023-02-04T00:00:00+00:00
[2023-02-03T04:47:40.212+0000] {processor.py:175} INFO - Processing /opt/airflow/dags/dag_with_catchup_and_backfill.py took 0.127 seconds
[2023-02-03T04:48:10.337+0000] {processor.py:153} INFO - Started process (PID=771) to work on /opt/airflow/dags/dag_with_catchup_and_backfill.py
[2023-02-03T04:48:10.340+0000] {processor.py:743} INFO - Processing file /opt/airflow/dags/dag_with_catchup_and_backfill.py for tasks to queue
[2023-02-03T04:48:10.342+0000] {logging_mixin.py:137} INFO - [2023-02-03T04:48:10.342+0000] {dagbag.py:538} INFO - Filling up the DagBag from /opt/airflow/dags/dag_with_catchup_and_backfill.py
[2023-02-03T04:48:10.377+0000] {processor.py:753} INFO - DAG(s) dict_keys(['dag_with_catchup_backfill_v1']) retrieved from /opt/airflow/dags/dag_with_catchup_and_backfill.py
[2023-02-03T04:48:10.422+0000] {logging_mixin.py:137} INFO - [2023-02-03T04:48:10.422+0000] {dag.py:2690} INFO - Sync 1 DAGs
[2023-02-03T04:48:10.479+0000] {logging_mixin.py:137} INFO - [2023-02-03T04:48:10.479+0000] {dag.py:3441} INFO - Setting next_dagrun for dag_with_catchup_backfill_v1 to 2023-02-03T00:00:00+00:00, run_after=2023-02-04T00:00:00+00:00
[2023-02-03T04:48:10.524+0000] {processor.py:175} INFO - Processing /opt/airflow/dags/dag_with_catchup_and_backfill.py took 0.197 seconds
[2023-02-03T04:48:41.010+0000] {processor.py:153} INFO - Started process (PID=808) to work on /opt/airflow/dags/dag_with_catchup_and_backfill.py
[2023-02-03T04:48:41.014+0000] {processor.py:743} INFO - Processing file /opt/airflow/dags/dag_with_catchup_and_backfill.py for tasks to queue
[2023-02-03T04:48:41.016+0000] {logging_mixin.py:137} INFO - [2023-02-03T04:48:41.016+0000] {dagbag.py:538} INFO - Filling up the DagBag from /opt/airflow/dags/dag_with_catchup_and_backfill.py
[2023-02-03T04:48:41.054+0000] {processor.py:753} INFO - DAG(s) dict_keys(['dag_with_catchup_backfill_v1']) retrieved from /opt/airflow/dags/dag_with_catchup_and_backfill.py
[2023-02-03T04:48:41.127+0000] {logging_mixin.py:137} INFO - [2023-02-03T04:48:41.127+0000] {dag.py:2690} INFO - Sync 1 DAGs
[2023-02-03T04:48:41.175+0000] {logging_mixin.py:137} INFO - [2023-02-03T04:48:41.174+0000] {dag.py:3441} INFO - Setting next_dagrun for dag_with_catchup_backfill_v1 to 2023-02-03T00:00:00+00:00, run_after=2023-02-04T00:00:00+00:00
[2023-02-03T04:48:41.200+0000] {processor.py:175} INFO - Processing /opt/airflow/dags/dag_with_catchup_and_backfill.py took 0.199 seconds
[2023-02-03T04:49:11.303+0000] {processor.py:153} INFO - Started process (PID=848) to work on /opt/airflow/dags/dag_with_catchup_and_backfill.py
[2023-02-03T04:49:11.307+0000] {processor.py:743} INFO - Processing file /opt/airflow/dags/dag_with_catchup_and_backfill.py for tasks to queue
[2023-02-03T04:49:11.311+0000] {logging_mixin.py:137} INFO - [2023-02-03T04:49:11.310+0000] {dagbag.py:538} INFO - Filling up the DagBag from /opt/airflow/dags/dag_with_catchup_and_backfill.py
[2023-02-03T04:49:11.349+0000] {processor.py:753} INFO - DAG(s) dict_keys(['dag_with_catchup_backfill_v1']) retrieved from /opt/airflow/dags/dag_with_catchup_and_backfill.py
[2023-02-03T04:49:11.400+0000] {logging_mixin.py:137} INFO - [2023-02-03T04:49:11.400+0000] {dag.py:2690} INFO - Sync 1 DAGs
[2023-02-03T04:49:11.437+0000] {logging_mixin.py:137} INFO - [2023-02-03T04:49:11.437+0000] {dag.py:3441} INFO - Setting next_dagrun for dag_with_catchup_backfill_v1 to 2023-02-03T00:00:00+00:00, run_after=2023-02-04T00:00:00+00:00
[2023-02-03T04:49:11.462+0000] {processor.py:175} INFO - Processing /opt/airflow/dags/dag_with_catchup_and_backfill.py took 0.170 seconds
[2023-02-03T04:49:41.649+0000] {processor.py:153} INFO - Started process (PID=898) to work on /opt/airflow/dags/dag_with_catchup_and_backfill.py
[2023-02-03T04:49:41.653+0000] {processor.py:743} INFO - Processing file /opt/airflow/dags/dag_with_catchup_and_backfill.py for tasks to queue
[2023-02-03T04:49:41.654+0000] {logging_mixin.py:137} INFO - [2023-02-03T04:49:41.654+0000] {dagbag.py:538} INFO - Filling up the DagBag from /opt/airflow/dags/dag_with_catchup_and_backfill.py
[2023-02-03T04:49:41.703+0000] {processor.py:753} INFO - DAG(s) dict_keys(['dag_with_catchup_backfill_v1']) retrieved from /opt/airflow/dags/dag_with_catchup_and_backfill.py
[2023-02-03T04:49:41.742+0000] {logging_mixin.py:137} INFO - [2023-02-03T04:49:41.742+0000] {dag.py:2690} INFO - Sync 1 DAGs
[2023-02-03T04:49:41.774+0000] {logging_mixin.py:137} INFO - [2023-02-03T04:49:41.774+0000] {dag.py:3441} INFO - Setting next_dagrun for dag_with_catchup_backfill_v1 to 2023-02-03T00:00:00+00:00, run_after=2023-02-04T00:00:00+00:00
[2023-02-03T04:49:41.796+0000] {processor.py:175} INFO - Processing /opt/airflow/dags/dag_with_catchup_and_backfill.py took 0.156 seconds
[2023-02-03T04:50:12.124+0000] {processor.py:153} INFO - Started process (PID=937) to work on /opt/airflow/dags/dag_with_catchup_and_backfill.py
[2023-02-03T04:50:12.128+0000] {processor.py:743} INFO - Processing file /opt/airflow/dags/dag_with_catchup_and_backfill.py for tasks to queue
[2023-02-03T04:50:12.130+0000] {logging_mixin.py:137} INFO - [2023-02-03T04:50:12.129+0000] {dagbag.py:538} INFO - Filling up the DagBag from /opt/airflow/dags/dag_with_catchup_and_backfill.py
[2023-02-03T04:50:12.160+0000] {processor.py:753} INFO - DAG(s) dict_keys(['dag_with_catchup_backfill_v1']) retrieved from /opt/airflow/dags/dag_with_catchup_and_backfill.py
[2023-02-03T04:50:12.203+0000] {logging_mixin.py:137} INFO - [2023-02-03T04:50:12.202+0000] {dag.py:2690} INFO - Sync 1 DAGs
[2023-02-03T04:50:12.238+0000] {logging_mixin.py:137} INFO - [2023-02-03T04:50:12.238+0000] {dag.py:3441} INFO - Setting next_dagrun for dag_with_catchup_backfill_v1 to 2023-02-03T00:00:00+00:00, run_after=2023-02-04T00:00:00+00:00
[2023-02-03T04:50:12.259+0000] {processor.py:175} INFO - Processing /opt/airflow/dags/dag_with_catchup_and_backfill.py took 0.144 seconds
[2023-02-03T04:50:42.455+0000] {processor.py:153} INFO - Started process (PID=987) to work on /opt/airflow/dags/dag_with_catchup_and_backfill.py
[2023-02-03T04:50:42.458+0000] {processor.py:743} INFO - Processing file /opt/airflow/dags/dag_with_catchup_and_backfill.py for tasks to queue
[2023-02-03T04:50:42.460+0000] {logging_mixin.py:137} INFO - [2023-02-03T04:50:42.460+0000] {dagbag.py:538} INFO - Filling up the DagBag from /opt/airflow/dags/dag_with_catchup_and_backfill.py
[2023-02-03T04:50:42.489+0000] {processor.py:753} INFO - DAG(s) dict_keys(['dag_with_catchup_backfill_v1']) retrieved from /opt/airflow/dags/dag_with_catchup_and_backfill.py
[2023-02-03T04:50:42.536+0000] {logging_mixin.py:137} INFO - [2023-02-03T04:50:42.536+0000] {dag.py:2690} INFO - Sync 1 DAGs
[2023-02-03T04:50:42.574+0000] {logging_mixin.py:137} INFO - [2023-02-03T04:50:42.574+0000] {dag.py:3441} INFO - Setting next_dagrun for dag_with_catchup_backfill_v1 to 2023-02-03T00:00:00+00:00, run_after=2023-02-04T00:00:00+00:00
[2023-02-03T04:50:42.593+0000] {processor.py:175} INFO - Processing /opt/airflow/dags/dag_with_catchup_and_backfill.py took 0.149 seconds
[2023-02-03T04:51:12.681+0000] {processor.py:153} INFO - Started process (PID=1025) to work on /opt/airflow/dags/dag_with_catchup_and_backfill.py
[2023-02-03T04:51:12.684+0000] {processor.py:743} INFO - Processing file /opt/airflow/dags/dag_with_catchup_and_backfill.py for tasks to queue
[2023-02-03T04:51:12.686+0000] {logging_mixin.py:137} INFO - [2023-02-03T04:51:12.686+0000] {dagbag.py:538} INFO - Filling up the DagBag from /opt/airflow/dags/dag_with_catchup_and_backfill.py
[2023-02-03T04:51:12.724+0000] {processor.py:753} INFO - DAG(s) dict_keys(['dag_with_catchup_backfill_v1']) retrieved from /opt/airflow/dags/dag_with_catchup_and_backfill.py
[2023-02-03T04:51:12.773+0000] {logging_mixin.py:137} INFO - [2023-02-03T04:51:12.773+0000] {dag.py:2690} INFO - Sync 1 DAGs
[2023-02-03T04:51:12.814+0000] {logging_mixin.py:137} INFO - [2023-02-03T04:51:12.814+0000] {dag.py:3441} INFO - Setting next_dagrun for dag_with_catchup_backfill_v1 to 2023-02-03T00:00:00+00:00, run_after=2023-02-04T00:00:00+00:00
[2023-02-03T04:51:12.839+0000] {processor.py:175} INFO - Processing /opt/airflow/dags/dag_with_catchup_and_backfill.py took 0.167 seconds
[2023-02-03T04:51:43.107+0000] {processor.py:153} INFO - Started process (PID=1075) to work on /opt/airflow/dags/dag_with_catchup_and_backfill.py
[2023-02-03T04:51:43.112+0000] {processor.py:743} INFO - Processing file /opt/airflow/dags/dag_with_catchup_and_backfill.py for tasks to queue
[2023-02-03T04:51:43.115+0000] {logging_mixin.py:137} INFO - [2023-02-03T04:51:43.115+0000] {dagbag.py:538} INFO - Filling up the DagBag from /opt/airflow/dags/dag_with_catchup_and_backfill.py
[2023-02-03T04:51:43.163+0000] {processor.py:753} INFO - DAG(s) dict_keys(['dag_with_catchup_backfill_v1']) retrieved from /opt/airflow/dags/dag_with_catchup_and_backfill.py
[2023-02-03T04:51:43.255+0000] {logging_mixin.py:137} INFO - [2023-02-03T04:51:43.255+0000] {dag.py:2690} INFO - Sync 1 DAGs
[2023-02-03T04:51:43.289+0000] {logging_mixin.py:137} INFO - [2023-02-03T04:51:43.289+0000] {dag.py:3441} INFO - Setting next_dagrun for dag_with_catchup_backfill_v1 to 2023-02-03T00:00:00+00:00, run_after=2023-02-04T00:00:00+00:00
[2023-02-03T04:51:43.308+0000] {processor.py:175} INFO - Processing /opt/airflow/dags/dag_with_catchup_and_backfill.py took 0.223 seconds
[2023-02-03T04:52:13.655+0000] {processor.py:153} INFO - Started process (PID=1114) to work on /opt/airflow/dags/dag_with_catchup_and_backfill.py
[2023-02-03T04:52:13.658+0000] {processor.py:743} INFO - Processing file /opt/airflow/dags/dag_with_catchup_and_backfill.py for tasks to queue
[2023-02-03T04:52:13.660+0000] {logging_mixin.py:137} INFO - [2023-02-03T04:52:13.660+0000] {dagbag.py:538} INFO - Filling up the DagBag from /opt/airflow/dags/dag_with_catchup_and_backfill.py
[2023-02-03T04:52:13.715+0000] {processor.py:753} INFO - DAG(s) dict_keys(['dag_with_catchup_backfill_v1']) retrieved from /opt/airflow/dags/dag_with_catchup_and_backfill.py
[2023-02-03T04:52:13.774+0000] {logging_mixin.py:137} INFO - [2023-02-03T04:52:13.774+0000] {dag.py:2690} INFO - Sync 1 DAGs
[2023-02-03T04:52:13.831+0000] {logging_mixin.py:137} INFO - [2023-02-03T04:52:13.831+0000] {dag.py:3441} INFO - Setting next_dagrun for dag_with_catchup_backfill_v1 to 2023-02-03T00:00:00+00:00, run_after=2023-02-04T00:00:00+00:00
[2023-02-03T04:52:13.855+0000] {processor.py:175} INFO - Processing /opt/airflow/dags/dag_with_catchup_and_backfill.py took 0.209 seconds
[2023-02-03T04:52:44.299+0000] {processor.py:153} INFO - Started process (PID=1152) to work on /opt/airflow/dags/dag_with_catchup_and_backfill.py
[2023-02-03T04:52:44.301+0000] {processor.py:743} INFO - Processing file /opt/airflow/dags/dag_with_catchup_and_backfill.py for tasks to queue
[2023-02-03T04:52:44.303+0000] {logging_mixin.py:137} INFO - [2023-02-03T04:52:44.303+0000] {dagbag.py:538} INFO - Filling up the DagBag from /opt/airflow/dags/dag_with_catchup_and_backfill.py
[2023-02-03T04:52:44.336+0000] {processor.py:753} INFO - DAG(s) dict_keys(['dag_with_catchup_backfill_v1']) retrieved from /opt/airflow/dags/dag_with_catchup_and_backfill.py
[2023-02-03T04:52:44.386+0000] {logging_mixin.py:137} INFO - [2023-02-03T04:52:44.385+0000] {dag.py:2690} INFO - Sync 1 DAGs
[2023-02-03T04:52:44.418+0000] {logging_mixin.py:137} INFO - [2023-02-03T04:52:44.418+0000] {dag.py:3441} INFO - Setting next_dagrun for dag_with_catchup_backfill_v1 to 2023-02-03T00:00:00+00:00, run_after=2023-02-04T00:00:00+00:00
[2023-02-03T04:52:44.436+0000] {processor.py:175} INFO - Processing /opt/airflow/dags/dag_with_catchup_and_backfill.py took 0.144 seconds
[2023-02-03T04:53:14.605+0000] {processor.py:153} INFO - Started process (PID=1203) to work on /opt/airflow/dags/dag_with_catchup_and_backfill.py
[2023-02-03T04:53:14.608+0000] {processor.py:743} INFO - Processing file /opt/airflow/dags/dag_with_catchup_and_backfill.py for tasks to queue
[2023-02-03T04:53:14.609+0000] {logging_mixin.py:137} INFO - [2023-02-03T04:53:14.609+0000] {dagbag.py:538} INFO - Filling up the DagBag from /opt/airflow/dags/dag_with_catchup_and_backfill.py
[2023-02-03T04:53:14.643+0000] {processor.py:753} INFO - DAG(s) dict_keys(['dag_with_catchup_backfill_v1']) retrieved from /opt/airflow/dags/dag_with_catchup_and_backfill.py
[2023-02-03T04:53:14.691+0000] {logging_mixin.py:137} INFO - [2023-02-03T04:53:14.691+0000] {dag.py:2690} INFO - Sync 1 DAGs
[2023-02-03T04:53:14.724+0000] {logging_mixin.py:137} INFO - [2023-02-03T04:53:14.724+0000] {dag.py:3441} INFO - Setting next_dagrun for dag_with_catchup_backfill_v1 to 2023-02-03T00:00:00+00:00, run_after=2023-02-04T00:00:00+00:00
[2023-02-03T04:53:14.743+0000] {processor.py:175} INFO - Processing /opt/airflow/dags/dag_with_catchup_and_backfill.py took 0.144 seconds
[2023-02-03T04:53:45.123+0000] {processor.py:153} INFO - Started process (PID=1240) to work on /opt/airflow/dags/dag_with_catchup_and_backfill.py
[2023-02-03T04:53:45.126+0000] {processor.py:743} INFO - Processing file /opt/airflow/dags/dag_with_catchup_and_backfill.py for tasks to queue
[2023-02-03T04:53:45.129+0000] {logging_mixin.py:137} INFO - [2023-02-03T04:53:45.129+0000] {dagbag.py:538} INFO - Filling up the DagBag from /opt/airflow/dags/dag_with_catchup_and_backfill.py
[2023-02-03T04:53:45.163+0000] {processor.py:753} INFO - DAG(s) dict_keys(['dag_with_catchup_backfill_v1']) retrieved from /opt/airflow/dags/dag_with_catchup_and_backfill.py
[2023-02-03T04:53:45.227+0000] {logging_mixin.py:137} INFO - [2023-02-03T04:53:45.227+0000] {dag.py:2690} INFO - Sync 1 DAGs
[2023-02-03T04:53:45.265+0000] {logging_mixin.py:137} INFO - [2023-02-03T04:53:45.265+0000] {dag.py:3441} INFO - Setting next_dagrun for dag_with_catchup_backfill_v1 to 2023-02-03T00:00:00+00:00, run_after=2023-02-04T00:00:00+00:00
[2023-02-03T04:53:45.288+0000] {processor.py:175} INFO - Processing /opt/airflow/dags/dag_with_catchup_and_backfill.py took 0.174 seconds
[2023-02-03T04:54:15.548+0000] {processor.py:153} INFO - Started process (PID=1290) to work on /opt/airflow/dags/dag_with_catchup_and_backfill.py
[2023-02-03T04:54:15.559+0000] {processor.py:743} INFO - Processing file /opt/airflow/dags/dag_with_catchup_and_backfill.py for tasks to queue
[2023-02-03T04:54:15.565+0000] {logging_mixin.py:137} INFO - [2023-02-03T04:54:15.562+0000] {dagbag.py:538} INFO - Filling up the DagBag from /opt/airflow/dags/dag_with_catchup_and_backfill.py
[2023-02-03T04:54:15.679+0000] {processor.py:753} INFO - DAG(s) dict_keys(['dag_with_catchup_backfill_v1']) retrieved from /opt/airflow/dags/dag_with_catchup_and_backfill.py
[2023-02-03T04:54:15.743+0000] {logging_mixin.py:137} INFO - [2023-02-03T04:54:15.742+0000] {dag.py:2690} INFO - Sync 1 DAGs
[2023-02-03T04:54:15.835+0000] {logging_mixin.py:137} INFO - [2023-02-03T04:54:15.834+0000] {dag.py:3441} INFO - Setting next_dagrun for dag_with_catchup_backfill_v1 to 2023-02-03T00:00:00+00:00, run_after=2023-02-04T00:00:00+00:00
[2023-02-03T04:54:15.897+0000] {processor.py:175} INFO - Processing /opt/airflow/dags/dag_with_catchup_and_backfill.py took 0.368 seconds
[2023-02-03T04:54:46.092+0000] {processor.py:153} INFO - Started process (PID=1328) to work on /opt/airflow/dags/dag_with_catchup_and_backfill.py
[2023-02-03T04:54:46.095+0000] {processor.py:743} INFO - Processing file /opt/airflow/dags/dag_with_catchup_and_backfill.py for tasks to queue
[2023-02-03T04:54:46.097+0000] {logging_mixin.py:137} INFO - [2023-02-03T04:54:46.097+0000] {dagbag.py:538} INFO - Filling up the DagBag from /opt/airflow/dags/dag_with_catchup_and_backfill.py
[2023-02-03T04:54:46.154+0000] {processor.py:753} INFO - DAG(s) dict_keys(['dag_with_catchup_backfill_v1']) retrieved from /opt/airflow/dags/dag_with_catchup_and_backfill.py
[2023-02-03T04:54:46.200+0000] {logging_mixin.py:137} INFO - [2023-02-03T04:54:46.200+0000] {dag.py:2690} INFO - Sync 1 DAGs
[2023-02-03T04:54:46.234+0000] {logging_mixin.py:137} INFO - [2023-02-03T04:54:46.234+0000] {dag.py:3441} INFO - Setting next_dagrun for dag_with_catchup_backfill_v1 to 2023-02-03T00:00:00+00:00, run_after=2023-02-04T00:00:00+00:00
[2023-02-03T04:54:46.253+0000] {processor.py:175} INFO - Processing /opt/airflow/dags/dag_with_catchup_and_backfill.py took 0.175 seconds
[2023-02-03T04:55:16.336+0000] {processor.py:153} INFO - Started process (PID=1365) to work on /opt/airflow/dags/dag_with_catchup_and_backfill.py
[2023-02-03T04:55:16.339+0000] {processor.py:743} INFO - Processing file /opt/airflow/dags/dag_with_catchup_and_backfill.py for tasks to queue
[2023-02-03T04:55:16.341+0000] {logging_mixin.py:137} INFO - [2023-02-03T04:55:16.341+0000] {dagbag.py:538} INFO - Filling up the DagBag from /opt/airflow/dags/dag_with_catchup_and_backfill.py
[2023-02-03T04:55:16.401+0000] {processor.py:753} INFO - DAG(s) dict_keys(['dag_with_catchup_backfill_v1']) retrieved from /opt/airflow/dags/dag_with_catchup_and_backfill.py
[2023-02-03T04:55:16.462+0000] {logging_mixin.py:137} INFO - [2023-02-03T04:55:16.462+0000] {dag.py:2690} INFO - Sync 1 DAGs
[2023-02-03T04:55:16.508+0000] {logging_mixin.py:137} INFO - [2023-02-03T04:55:16.508+0000] {dag.py:3441} INFO - Setting next_dagrun for dag_with_catchup_backfill_v1 to 2023-02-03T00:00:00+00:00, run_after=2023-02-04T00:00:00+00:00
[2023-02-03T04:55:16.533+0000] {processor.py:175} INFO - Processing /opt/airflow/dags/dag_with_catchup_and_backfill.py took 0.202 seconds
[2023-02-03T04:55:46.730+0000] {processor.py:153} INFO - Started process (PID=1415) to work on /opt/airflow/dags/dag_with_catchup_and_backfill.py
[2023-02-03T04:55:46.734+0000] {processor.py:743} INFO - Processing file /opt/airflow/dags/dag_with_catchup_and_backfill.py for tasks to queue
[2023-02-03T04:55:46.737+0000] {logging_mixin.py:137} INFO - [2023-02-03T04:55:46.736+0000] {dagbag.py:538} INFO - Filling up the DagBag from /opt/airflow/dags/dag_with_catchup_and_backfill.py
[2023-02-03T04:55:46.781+0000] {processor.py:753} INFO - DAG(s) dict_keys(['dag_with_catchup_backfill_v1']) retrieved from /opt/airflow/dags/dag_with_catchup_and_backfill.py
[2023-02-03T04:55:46.841+0000] {logging_mixin.py:137} INFO - [2023-02-03T04:55:46.841+0000] {dag.py:2690} INFO - Sync 1 DAGs
[2023-02-03T04:55:46.891+0000] {logging_mixin.py:137} INFO - [2023-02-03T04:55:46.890+0000] {dag.py:3441} INFO - Setting next_dagrun for dag_with_catchup_backfill_v1 to 2023-02-03T00:00:00+00:00, run_after=2023-02-04T00:00:00+00:00
[2023-02-03T04:55:46.948+0000] {processor.py:175} INFO - Processing /opt/airflow/dags/dag_with_catchup_and_backfill.py took 0.229 seconds
[2023-02-03T04:56:17.365+0000] {processor.py:153} INFO - Started process (PID=1453) to work on /opt/airflow/dags/dag_with_catchup_and_backfill.py
[2023-02-03T04:56:17.367+0000] {processor.py:743} INFO - Processing file /opt/airflow/dags/dag_with_catchup_and_backfill.py for tasks to queue
[2023-02-03T04:56:17.369+0000] {logging_mixin.py:137} INFO - [2023-02-03T04:56:17.369+0000] {dagbag.py:538} INFO - Filling up the DagBag from /opt/airflow/dags/dag_with_catchup_and_backfill.py
[2023-02-03T04:56:17.426+0000] {processor.py:753} INFO - DAG(s) dict_keys(['dag_with_catchup_backfill_v1']) retrieved from /opt/airflow/dags/dag_with_catchup_and_backfill.py
[2023-02-03T04:56:17.490+0000] {logging_mixin.py:137} INFO - [2023-02-03T04:56:17.490+0000] {dag.py:2690} INFO - Sync 1 DAGs
[2023-02-03T04:56:17.548+0000] {logging_mixin.py:137} INFO - [2023-02-03T04:56:17.547+0000] {dag.py:3441} INFO - Setting next_dagrun for dag_with_catchup_backfill_v1 to 2023-02-03T00:00:00+00:00, run_after=2023-02-04T00:00:00+00:00
[2023-02-03T04:56:17.573+0000] {processor.py:175} INFO - Processing /opt/airflow/dags/dag_with_catchup_and_backfill.py took 0.215 seconds
[2023-02-03T04:56:47.770+0000] {processor.py:153} INFO - Started process (PID=1491) to work on /opt/airflow/dags/dag_with_catchup_and_backfill.py
[2023-02-03T04:56:47.773+0000] {processor.py:743} INFO - Processing file /opt/airflow/dags/dag_with_catchup_and_backfill.py for tasks to queue
[2023-02-03T04:56:47.776+0000] {logging_mixin.py:137} INFO - [2023-02-03T04:56:47.776+0000] {dagbag.py:538} INFO - Filling up the DagBag from /opt/airflow/dags/dag_with_catchup_and_backfill.py
[2023-02-03T04:56:47.820+0000] {processor.py:753} INFO - DAG(s) dict_keys(['dag_with_catchup_backfill_v1']) retrieved from /opt/airflow/dags/dag_with_catchup_and_backfill.py
[2023-02-03T04:56:47.869+0000] {logging_mixin.py:137} INFO - [2023-02-03T04:56:47.868+0000] {dag.py:2690} INFO - Sync 1 DAGs
[2023-02-03T04:56:47.903+0000] {logging_mixin.py:137} INFO - [2023-02-03T04:56:47.903+0000] {dag.py:3441} INFO - Setting next_dagrun for dag_with_catchup_backfill_v1 to 2023-02-03T00:00:00+00:00, run_after=2023-02-04T00:00:00+00:00
[2023-02-03T04:56:47.927+0000] {processor.py:175} INFO - Processing /opt/airflow/dags/dag_with_catchup_and_backfill.py took 0.165 seconds
[2023-02-03T04:57:18.053+0000] {processor.py:153} INFO - Started process (PID=1540) to work on /opt/airflow/dags/dag_with_catchup_and_backfill.py
[2023-02-03T04:57:18.055+0000] {processor.py:743} INFO - Processing file /opt/airflow/dags/dag_with_catchup_and_backfill.py for tasks to queue
[2023-02-03T04:57:18.056+0000] {logging_mixin.py:137} INFO - [2023-02-03T04:57:18.056+0000] {dagbag.py:538} INFO - Filling up the DagBag from /opt/airflow/dags/dag_with_catchup_and_backfill.py
[2023-02-03T04:57:18.082+0000] {processor.py:753} INFO - DAG(s) dict_keys(['dag_with_catchup_backfill_v1']) retrieved from /opt/airflow/dags/dag_with_catchup_and_backfill.py
[2023-02-03T04:57:18.112+0000] {logging_mixin.py:137} INFO - [2023-02-03T04:57:18.112+0000] {dag.py:2690} INFO - Sync 1 DAGs
[2023-02-03T04:57:18.138+0000] {logging_mixin.py:137} INFO - [2023-02-03T04:57:18.137+0000] {dag.py:3441} INFO - Setting next_dagrun for dag_with_catchup_backfill_v1 to 2023-02-03T00:00:00+00:00, run_after=2023-02-04T00:00:00+00:00
[2023-02-03T04:57:18.154+0000] {processor.py:175} INFO - Processing /opt/airflow/dags/dag_with_catchup_and_backfill.py took 0.108 seconds
[2023-02-03T04:57:48.308+0000] {processor.py:153} INFO - Started process (PID=1578) to work on /opt/airflow/dags/dag_with_catchup_and_backfill.py
[2023-02-03T04:57:48.313+0000] {processor.py:743} INFO - Processing file /opt/airflow/dags/dag_with_catchup_and_backfill.py for tasks to queue
[2023-02-03T04:57:48.315+0000] {logging_mixin.py:137} INFO - [2023-02-03T04:57:48.315+0000] {dagbag.py:538} INFO - Filling up the DagBag from /opt/airflow/dags/dag_with_catchup_and_backfill.py
[2023-02-03T04:57:48.363+0000] {processor.py:753} INFO - DAG(s) dict_keys(['dag_with_catchup_backfill_v1']) retrieved from /opt/airflow/dags/dag_with_catchup_and_backfill.py
[2023-02-03T04:57:48.402+0000] {logging_mixin.py:137} INFO - [2023-02-03T04:57:48.402+0000] {dag.py:2690} INFO - Sync 1 DAGs
[2023-02-03T04:57:48.432+0000] {logging_mixin.py:137} INFO - [2023-02-03T04:57:48.431+0000] {dag.py:3441} INFO - Setting next_dagrun for dag_with_catchup_backfill_v1 to 2023-02-03T00:00:00+00:00, run_after=2023-02-04T00:00:00+00:00
[2023-02-03T04:57:48.449+0000] {processor.py:175} INFO - Processing /opt/airflow/dags/dag_with_catchup_and_backfill.py took 0.150 seconds
[2023-02-03T04:58:18.560+0000] {processor.py:153} INFO - Started process (PID=1628) to work on /opt/airflow/dags/dag_with_catchup_and_backfill.py
[2023-02-03T04:58:18.563+0000] {processor.py:743} INFO - Processing file /opt/airflow/dags/dag_with_catchup_and_backfill.py for tasks to queue
[2023-02-03T04:58:18.564+0000] {logging_mixin.py:137} INFO - [2023-02-03T04:58:18.564+0000] {dagbag.py:538} INFO - Filling up the DagBag from /opt/airflow/dags/dag_with_catchup_and_backfill.py
[2023-02-03T04:58:18.586+0000] {processor.py:753} INFO - DAG(s) dict_keys(['dag_with_catchup_backfill_v1']) retrieved from /opt/airflow/dags/dag_with_catchup_and_backfill.py
[2023-02-03T04:58:18.614+0000] {logging_mixin.py:137} INFO - [2023-02-03T04:58:18.614+0000] {dag.py:2690} INFO - Sync 1 DAGs
[2023-02-03T04:58:18.639+0000] {logging_mixin.py:137} INFO - [2023-02-03T04:58:18.639+0000] {dag.py:3441} INFO - Setting next_dagrun for dag_with_catchup_backfill_v1 to 2023-02-03T00:00:00+00:00, run_after=2023-02-04T00:00:00+00:00
[2023-02-03T04:58:18.654+0000] {processor.py:175} INFO - Processing /opt/airflow/dags/dag_with_catchup_and_backfill.py took 0.100 seconds
[2023-02-03T04:58:48.850+0000] {processor.py:153} INFO - Started process (PID=1667) to work on /opt/airflow/dags/dag_with_catchup_and_backfill.py
[2023-02-03T04:58:48.853+0000] {processor.py:743} INFO - Processing file /opt/airflow/dags/dag_with_catchup_and_backfill.py for tasks to queue
[2023-02-03T04:58:48.855+0000] {logging_mixin.py:137} INFO - [2023-02-03T04:58:48.854+0000] {dagbag.py:538} INFO - Filling up the DagBag from /opt/airflow/dags/dag_with_catchup_and_backfill.py
[2023-02-03T04:58:48.876+0000] {processor.py:753} INFO - DAG(s) dict_keys(['dag_with_catchup_backfill_v1']) retrieved from /opt/airflow/dags/dag_with_catchup_and_backfill.py
[2023-02-03T04:58:48.905+0000] {logging_mixin.py:137} INFO - [2023-02-03T04:58:48.905+0000] {dag.py:2690} INFO - Sync 1 DAGs
[2023-02-03T04:58:48.929+0000] {logging_mixin.py:137} INFO - [2023-02-03T04:58:48.929+0000] {dag.py:3441} INFO - Setting next_dagrun for dag_with_catchup_backfill_v1 to 2023-02-03T00:00:00+00:00, run_after=2023-02-04T00:00:00+00:00
[2023-02-03T04:58:48.946+0000] {processor.py:175} INFO - Processing /opt/airflow/dags/dag_with_catchup_and_backfill.py took 0.102 seconds
[2023-02-03T04:59:19.106+0000] {processor.py:153} INFO - Started process (PID=1717) to work on /opt/airflow/dags/dag_with_catchup_and_backfill.py
[2023-02-03T04:59:19.109+0000] {processor.py:743} INFO - Processing file /opt/airflow/dags/dag_with_catchup_and_backfill.py for tasks to queue
[2023-02-03T04:59:19.110+0000] {logging_mixin.py:137} INFO - [2023-02-03T04:59:19.110+0000] {dagbag.py:538} INFO - Filling up the DagBag from /opt/airflow/dags/dag_with_catchup_and_backfill.py
[2023-02-03T04:59:19.138+0000] {processor.py:753} INFO - DAG(s) dict_keys(['dag_with_catchup_backfill_v1']) retrieved from /opt/airflow/dags/dag_with_catchup_and_backfill.py
[2023-02-03T04:59:19.177+0000] {logging_mixin.py:137} INFO - [2023-02-03T04:59:19.177+0000] {dag.py:2690} INFO - Sync 1 DAGs
[2023-02-03T04:59:19.202+0000] {logging_mixin.py:137} INFO - [2023-02-03T04:59:19.202+0000] {dag.py:3441} INFO - Setting next_dagrun for dag_with_catchup_backfill_v1 to 2023-02-03T00:00:00+00:00, run_after=2023-02-04T00:00:00+00:00
[2023-02-03T04:59:19.218+0000] {processor.py:175} INFO - Processing /opt/airflow/dags/dag_with_catchup_and_backfill.py took 0.121 seconds
[2023-02-03T04:59:49.352+0000] {processor.py:153} INFO - Started process (PID=1755) to work on /opt/airflow/dags/dag_with_catchup_and_backfill.py
[2023-02-03T04:59:49.355+0000] {processor.py:743} INFO - Processing file /opt/airflow/dags/dag_with_catchup_and_backfill.py for tasks to queue
[2023-02-03T04:59:49.356+0000] {logging_mixin.py:137} INFO - [2023-02-03T04:59:49.356+0000] {dagbag.py:538} INFO - Filling up the DagBag from /opt/airflow/dags/dag_with_catchup_and_backfill.py
[2023-02-03T04:59:49.380+0000] {processor.py:753} INFO - DAG(s) dict_keys(['dag_with_catchup_backfill_v1']) retrieved from /opt/airflow/dags/dag_with_catchup_and_backfill.py
[2023-02-03T04:59:49.412+0000] {logging_mixin.py:137} INFO - [2023-02-03T04:59:49.412+0000] {dag.py:2690} INFO - Sync 1 DAGs
[2023-02-03T04:59:49.439+0000] {logging_mixin.py:137} INFO - [2023-02-03T04:59:49.438+0000] {dag.py:3441} INFO - Setting next_dagrun for dag_with_catchup_backfill_v1 to 2023-02-03T00:00:00+00:00, run_after=2023-02-04T00:00:00+00:00
[2023-02-03T04:59:49.455+0000] {processor.py:175} INFO - Processing /opt/airflow/dags/dag_with_catchup_and_backfill.py took 0.113 seconds
[2023-02-03T05:00:19.599+0000] {processor.py:153} INFO - Started process (PID=1805) to work on /opt/airflow/dags/dag_with_catchup_and_backfill.py
[2023-02-03T05:00:19.602+0000] {processor.py:743} INFO - Processing file /opt/airflow/dags/dag_with_catchup_and_backfill.py for tasks to queue
[2023-02-03T05:00:19.603+0000] {logging_mixin.py:137} INFO - [2023-02-03T05:00:19.603+0000] {dagbag.py:538} INFO - Filling up the DagBag from /opt/airflow/dags/dag_with_catchup_and_backfill.py
[2023-02-03T05:00:19.638+0000] {processor.py:753} INFO - DAG(s) dict_keys(['dag_with_catchup_backfill_v1']) retrieved from /opt/airflow/dags/dag_with_catchup_and_backfill.py
[2023-02-03T05:00:19.702+0000] {logging_mixin.py:137} INFO - [2023-02-03T05:00:19.702+0000] {dag.py:2690} INFO - Sync 1 DAGs
[2023-02-03T05:00:19.736+0000] {logging_mixin.py:137} INFO - [2023-02-03T05:00:19.736+0000] {dag.py:3441} INFO - Setting next_dagrun for dag_with_catchup_backfill_v1 to 2023-02-03T00:00:00+00:00, run_after=2023-02-04T00:00:00+00:00
[2023-02-03T05:00:19.760+0000] {processor.py:175} INFO - Processing /opt/airflow/dags/dag_with_catchup_and_backfill.py took 0.166 seconds
[2023-02-03T05:00:49.908+0000] {processor.py:153} INFO - Started process (PID=1844) to work on /opt/airflow/dags/dag_with_catchup_and_backfill.py
[2023-02-03T05:00:49.910+0000] {processor.py:743} INFO - Processing file /opt/airflow/dags/dag_with_catchup_and_backfill.py for tasks to queue
[2023-02-03T05:00:49.911+0000] {logging_mixin.py:137} INFO - [2023-02-03T05:00:49.911+0000] {dagbag.py:538} INFO - Filling up the DagBag from /opt/airflow/dags/dag_with_catchup_and_backfill.py
[2023-02-03T05:00:49.937+0000] {processor.py:753} INFO - DAG(s) dict_keys(['dag_with_catchup_backfill_v1']) retrieved from /opt/airflow/dags/dag_with_catchup_and_backfill.py
[2023-02-03T05:00:49.967+0000] {logging_mixin.py:137} INFO - [2023-02-03T05:00:49.967+0000] {dag.py:2690} INFO - Sync 1 DAGs
[2023-02-03T05:00:49.993+0000] {logging_mixin.py:137} INFO - [2023-02-03T05:00:49.993+0000] {dag.py:3441} INFO - Setting next_dagrun for dag_with_catchup_backfill_v1 to 2023-02-03T00:00:00+00:00, run_after=2023-02-04T00:00:00+00:00
[2023-02-03T05:00:50.010+0000] {processor.py:175} INFO - Processing /opt/airflow/dags/dag_with_catchup_and_backfill.py took 0.109 seconds
[2023-02-03T05:01:20.088+0000] {processor.py:153} INFO - Started process (PID=1894) to work on /opt/airflow/dags/dag_with_catchup_and_backfill.py
[2023-02-03T05:01:20.091+0000] {processor.py:743} INFO - Processing file /opt/airflow/dags/dag_with_catchup_and_backfill.py for tasks to queue
[2023-02-03T05:01:20.093+0000] {logging_mixin.py:137} INFO - [2023-02-03T05:01:20.093+0000] {dagbag.py:538} INFO - Filling up the DagBag from /opt/airflow/dags/dag_with_catchup_and_backfill.py
[2023-02-03T05:01:20.126+0000] {processor.py:753} INFO - DAG(s) dict_keys(['dag_with_catchup_backfill_v1']) retrieved from /opt/airflow/dags/dag_with_catchup_and_backfill.py
[2023-02-03T05:01:20.161+0000] {logging_mixin.py:137} INFO - [2023-02-03T05:01:20.161+0000] {dag.py:2690} INFO - Sync 1 DAGs
[2023-02-03T05:01:20.191+0000] {logging_mixin.py:137} INFO - [2023-02-03T05:01:20.191+0000] {dag.py:3441} INFO - Setting next_dagrun for dag_with_catchup_backfill_v1 to 2023-02-03T00:00:00+00:00, run_after=2023-02-04T00:00:00+00:00
[2023-02-03T05:01:20.208+0000] {processor.py:175} INFO - Processing /opt/airflow/dags/dag_with_catchup_and_backfill.py took 0.128 seconds
[2023-02-03T05:01:50.260+0000] {processor.py:153} INFO - Started process (PID=1932) to work on /opt/airflow/dags/dag_with_catchup_and_backfill.py
[2023-02-03T05:01:50.261+0000] {processor.py:743} INFO - Processing file /opt/airflow/dags/dag_with_catchup_and_backfill.py for tasks to queue
[2023-02-03T05:01:50.262+0000] {logging_mixin.py:137} INFO - [2023-02-03T05:01:50.262+0000] {dagbag.py:538} INFO - Filling up the DagBag from /opt/airflow/dags/dag_with_catchup_and_backfill.py
[2023-02-03T05:01:50.282+0000] {processor.py:753} INFO - DAG(s) dict_keys(['dag_with_catchup_backfill_v1']) retrieved from /opt/airflow/dags/dag_with_catchup_and_backfill.py
[2023-02-03T05:01:50.317+0000] {logging_mixin.py:137} INFO - [2023-02-03T05:01:50.317+0000] {dag.py:2690} INFO - Sync 1 DAGs
[2023-02-03T05:01:50.348+0000] {logging_mixin.py:137} INFO - [2023-02-03T05:01:50.348+0000] {dag.py:3441} INFO - Setting next_dagrun for dag_with_catchup_backfill_v1 to 2023-02-03T00:00:00+00:00, run_after=2023-02-04T00:00:00+00:00
[2023-02-03T05:01:50.367+0000] {processor.py:175} INFO - Processing /opt/airflow/dags/dag_with_catchup_and_backfill.py took 0.113 seconds
[2023-02-03T05:02:20.498+0000] {processor.py:153} INFO - Started process (PID=1981) to work on /opt/airflow/dags/dag_with_catchup_and_backfill.py
[2023-02-03T05:02:20.501+0000] {processor.py:743} INFO - Processing file /opt/airflow/dags/dag_with_catchup_and_backfill.py for tasks to queue
[2023-02-03T05:02:20.502+0000] {logging_mixin.py:137} INFO - [2023-02-03T05:02:20.502+0000] {dagbag.py:538} INFO - Filling up the DagBag from /opt/airflow/dags/dag_with_catchup_and_backfill.py
[2023-02-03T05:02:20.547+0000] {processor.py:753} INFO - DAG(s) dict_keys(['dag_with_catchup_backfill_v1']) retrieved from /opt/airflow/dags/dag_with_catchup_and_backfill.py
[2023-02-03T05:02:20.582+0000] {logging_mixin.py:137} INFO - [2023-02-03T05:02:20.582+0000] {dag.py:2690} INFO - Sync 1 DAGs
[2023-02-03T05:02:20.611+0000] {logging_mixin.py:137} INFO - [2023-02-03T05:02:20.611+0000] {dag.py:3441} INFO - Setting next_dagrun for dag_with_catchup_backfill_v1 to 2023-02-03T00:00:00+00:00, run_after=2023-02-04T00:00:00+00:00
[2023-02-03T05:02:20.629+0000] {processor.py:175} INFO - Processing /opt/airflow/dags/dag_with_catchup_and_backfill.py took 0.137 seconds
[2023-02-03T05:02:51.304+0000] {processor.py:153} INFO - Started process (PID=2019) to work on /opt/airflow/dags/dag_with_catchup_and_backfill.py
[2023-02-03T05:02:51.312+0000] {processor.py:743} INFO - Processing file /opt/airflow/dags/dag_with_catchup_and_backfill.py for tasks to queue
[2023-02-03T05:02:51.315+0000] {logging_mixin.py:137} INFO - [2023-02-03T05:02:51.314+0000] {dagbag.py:538} INFO - Filling up the DagBag from /opt/airflow/dags/dag_with_catchup_and_backfill.py
[2023-02-03T05:02:51.360+0000] {processor.py:753} INFO - DAG(s) dict_keys(['dag_with_catchup_backfill_v1']) retrieved from /opt/airflow/dags/dag_with_catchup_and_backfill.py
[2023-02-03T05:02:51.408+0000] {logging_mixin.py:137} INFO - [2023-02-03T05:02:51.408+0000] {dag.py:2690} INFO - Sync 1 DAGs
[2023-02-03T05:02:51.456+0000] {logging_mixin.py:137} INFO - [2023-02-03T05:02:51.455+0000] {dag.py:3441} INFO - Setting next_dagrun for dag_with_catchup_backfill_v1 to 2023-02-03T00:00:00+00:00, run_after=2023-02-04T00:00:00+00:00
[2023-02-03T05:02:51.480+0000] {processor.py:175} INFO - Processing /opt/airflow/dags/dag_with_catchup_and_backfill.py took 0.197 seconds
[2023-02-03T05:03:21.805+0000] {processor.py:153} INFO - Started process (PID=2065) to work on /opt/airflow/dags/dag_with_catchup_and_backfill.py
[2023-02-03T05:03:21.812+0000] {processor.py:743} INFO - Processing file /opt/airflow/dags/dag_with_catchup_and_backfill.py for tasks to queue
[2023-02-03T05:03:21.815+0000] {logging_mixin.py:137} INFO - [2023-02-03T05:03:21.815+0000] {dagbag.py:538} INFO - Filling up the DagBag from /opt/airflow/dags/dag_with_catchup_and_backfill.py
[2023-02-03T05:03:21.900+0000] {processor.py:753} INFO - DAG(s) dict_keys(['dag_with_catchup_backfill_v1']) retrieved from /opt/airflow/dags/dag_with_catchup_and_backfill.py
[2023-02-03T05:03:21.975+0000] {logging_mixin.py:137} INFO - [2023-02-03T05:03:21.975+0000] {dag.py:2690} INFO - Sync 1 DAGs
[2023-02-03T05:03:22.056+0000] {logging_mixin.py:137} INFO - [2023-02-03T05:03:22.056+0000] {dag.py:3441} INFO - Setting next_dagrun for dag_with_catchup_backfill_v1 to 2023-02-03T00:00:00+00:00, run_after=2023-02-04T00:00:00+00:00
[2023-02-03T05:03:22.109+0000] {processor.py:175} INFO - Processing /opt/airflow/dags/dag_with_catchup_and_backfill.py took 0.346 seconds
