[2023-02-03T04:39:17.137+0000] {processor.py:153} INFO - Started process (PID=56) to work on /opt/airflow/dags/dag_with_po3.py
[2023-02-03T04:39:17.148+0000] {processor.py:743} INFO - Processing file /opt/airflow/dags/dag_with_po3.py for tasks to queue
[2023-02-03T04:39:17.156+0000] {logging_mixin.py:137} INFO - [2023-02-03T04:39:17.155+0000] {dagbag.py:538} INFO - Filling up the DagBag from /opt/airflow/dags/dag_with_po3.py
[2023-02-03T04:39:17.545+0000] {processor.py:753} INFO - DAG(s) dict_keys(['our_first_dag_with_python_operator_v3']) retrieved from /opt/airflow/dags/dag_with_po3.py
[2023-02-03T04:39:18.330+0000] {logging_mixin.py:137} INFO - [2023-02-03T04:39:18.329+0000] {dag.py:2690} INFO - Sync 1 DAGs
[2023-02-03T04:39:18.763+0000] {logging_mixin.py:137} INFO - [2023-02-03T04:39:18.746+0000] {dag.py:3441} INFO - Setting next_dagrun for our_first_dag_with_python_operator_v3 to 2023-02-02T00:00:00+00:00, run_after=2023-02-03T00:00:00+00:00
[2023-02-03T04:39:19.067+0000] {processor.py:175} INFO - Processing /opt/airflow/dags/dag_with_po3.py took 2.014 seconds
[2023-02-03T04:39:51.341+0000] {processor.py:153} INFO - Started process (PID=92) to work on /opt/airflow/dags/dag_with_po3.py
[2023-02-03T04:39:51.347+0000] {processor.py:743} INFO - Processing file /opt/airflow/dags/dag_with_po3.py for tasks to queue
[2023-02-03T04:39:51.358+0000] {logging_mixin.py:137} INFO - [2023-02-03T04:39:51.357+0000] {dagbag.py:538} INFO - Filling up the DagBag from /opt/airflow/dags/dag_with_po3.py
[2023-02-03T04:39:51.886+0000] {processor.py:753} INFO - DAG(s) dict_keys(['our_first_dag_with_python_operator_v3']) retrieved from /opt/airflow/dags/dag_with_po3.py
[2023-02-03T04:39:52.184+0000] {logging_mixin.py:137} INFO - [2023-02-03T04:39:52.182+0000] {dag.py:2690} INFO - Sync 1 DAGs
[2023-02-03T04:39:52.673+0000] {logging_mixin.py:137} INFO - [2023-02-03T04:39:52.673+0000] {dag.py:3441} INFO - Setting next_dagrun for our_first_dag_with_python_operator_v3 to 2023-02-02T00:00:00+00:00, run_after=2023-02-03T00:00:00+00:00
[2023-02-03T04:39:53.159+0000] {processor.py:175} INFO - Processing /opt/airflow/dags/dag_with_po3.py took 1.863 seconds
[2023-02-03T04:40:23.713+0000] {processor.py:153} INFO - Started process (PID=130) to work on /opt/airflow/dags/dag_with_po3.py
[2023-02-03T04:40:23.720+0000] {processor.py:743} INFO - Processing file /opt/airflow/dags/dag_with_po3.py for tasks to queue
[2023-02-03T04:40:23.725+0000] {logging_mixin.py:137} INFO - [2023-02-03T04:40:23.725+0000] {dagbag.py:538} INFO - Filling up the DagBag from /opt/airflow/dags/dag_with_po3.py
[2023-02-03T04:40:23.911+0000] {processor.py:753} INFO - DAG(s) dict_keys(['our_first_dag_with_python_operator_v3']) retrieved from /opt/airflow/dags/dag_with_po3.py
[2023-02-03T04:40:24.449+0000] {logging_mixin.py:137} INFO - [2023-02-03T04:40:24.448+0000] {dag.py:2690} INFO - Sync 1 DAGs
[2023-02-03T04:40:24.552+0000] {logging_mixin.py:137} INFO - [2023-02-03T04:40:24.552+0000] {dag.py:3441} INFO - Setting next_dagrun for our_first_dag_with_python_operator_v3 to 2023-02-02T00:00:00+00:00, run_after=2023-02-03T00:00:00+00:00
[2023-02-03T04:40:24.686+0000] {processor.py:175} INFO - Processing /opt/airflow/dags/dag_with_po3.py took 1.011 seconds
[2023-02-03T04:40:55.619+0000] {processor.py:153} INFO - Started process (PID=171) to work on /opt/airflow/dags/dag_with_po3.py
[2023-02-03T04:40:55.621+0000] {processor.py:743} INFO - Processing file /opt/airflow/dags/dag_with_po3.py for tasks to queue
[2023-02-03T04:40:55.622+0000] {logging_mixin.py:137} INFO - [2023-02-03T04:40:55.622+0000] {dagbag.py:538} INFO - Filling up the DagBag from /opt/airflow/dags/dag_with_po3.py
[2023-02-03T04:40:55.645+0000] {processor.py:753} INFO - DAG(s) dict_keys(['our_first_dag_with_python_operator_v3']) retrieved from /opt/airflow/dags/dag_with_po3.py
[2023-02-03T04:40:55.674+0000] {logging_mixin.py:137} INFO - [2023-02-03T04:40:55.674+0000] {dag.py:2690} INFO - Sync 1 DAGs
[2023-02-03T04:40:55.700+0000] {logging_mixin.py:137} INFO - [2023-02-03T04:40:55.700+0000] {dag.py:3441} INFO - Setting next_dagrun for our_first_dag_with_python_operator_v3 to 2023-02-02T00:00:00+00:00, run_after=2023-02-03T00:00:00+00:00
[2023-02-03T04:40:55.716+0000] {processor.py:175} INFO - Processing /opt/airflow/dags/dag_with_po3.py took 0.102 seconds
[2023-02-03T04:41:26.005+0000] {processor.py:153} INFO - Started process (PID=208) to work on /opt/airflow/dags/dag_with_po3.py
[2023-02-03T04:41:26.009+0000] {processor.py:743} INFO - Processing file /opt/airflow/dags/dag_with_po3.py for tasks to queue
[2023-02-03T04:41:26.016+0000] {logging_mixin.py:137} INFO - [2023-02-03T04:41:26.015+0000] {dagbag.py:538} INFO - Filling up the DagBag from /opt/airflow/dags/dag_with_po3.py
[2023-02-03T04:41:26.168+0000] {processor.py:753} INFO - DAG(s) dict_keys(['our_first_dag_with_python_operator_v3']) retrieved from /opt/airflow/dags/dag_with_po3.py
[2023-02-03T04:41:26.261+0000] {logging_mixin.py:137} INFO - [2023-02-03T04:41:26.261+0000] {dag.py:2690} INFO - Sync 1 DAGs
[2023-02-03T04:41:26.361+0000] {logging_mixin.py:137} INFO - [2023-02-03T04:41:26.361+0000] {dag.py:3441} INFO - Setting next_dagrun for our_first_dag_with_python_operator_v3 to 2023-02-02T00:00:00+00:00, run_after=2023-02-03T00:00:00+00:00
[2023-02-03T04:41:26.460+0000] {processor.py:175} INFO - Processing /opt/airflow/dags/dag_with_po3.py took 0.463 seconds
[2023-02-03T04:41:57.389+0000] {processor.py:153} INFO - Started process (PID=246) to work on /opt/airflow/dags/dag_with_po3.py
[2023-02-03T04:41:57.392+0000] {processor.py:743} INFO - Processing file /opt/airflow/dags/dag_with_po3.py for tasks to queue
[2023-02-03T04:41:57.394+0000] {logging_mixin.py:137} INFO - [2023-02-03T04:41:57.393+0000] {dagbag.py:538} INFO - Filling up the DagBag from /opt/airflow/dags/dag_with_po3.py
[2023-02-03T04:41:57.424+0000] {processor.py:753} INFO - DAG(s) dict_keys(['our_first_dag_with_python_operator_v3']) retrieved from /opt/airflow/dags/dag_with_po3.py
[2023-02-03T04:41:57.457+0000] {logging_mixin.py:137} INFO - [2023-02-03T04:41:57.457+0000] {dag.py:2690} INFO - Sync 1 DAGs
[2023-02-03T04:41:57.486+0000] {logging_mixin.py:137} INFO - [2023-02-03T04:41:57.486+0000] {dag.py:3441} INFO - Setting next_dagrun for our_first_dag_with_python_operator_v3 to 2023-02-02T00:00:00+00:00, run_after=2023-02-03T00:00:00+00:00
[2023-02-03T04:41:57.504+0000] {processor.py:175} INFO - Processing /opt/airflow/dags/dag_with_po3.py took 0.122 seconds
[2023-02-03T04:42:27.572+0000] {processor.py:153} INFO - Started process (PID=284) to work on /opt/airflow/dags/dag_with_po3.py
[2023-02-03T04:42:27.575+0000] {processor.py:743} INFO - Processing file /opt/airflow/dags/dag_with_po3.py for tasks to queue
[2023-02-03T04:42:27.577+0000] {logging_mixin.py:137} INFO - [2023-02-03T04:42:27.576+0000] {dagbag.py:538} INFO - Filling up the DagBag from /opt/airflow/dags/dag_with_po3.py
[2023-02-03T04:42:27.604+0000] {processor.py:753} INFO - DAG(s) dict_keys(['our_first_dag_with_python_operator_v3']) retrieved from /opt/airflow/dags/dag_with_po3.py
[2023-02-03T04:42:27.641+0000] {logging_mixin.py:137} INFO - [2023-02-03T04:42:27.640+0000] {dag.py:2690} INFO - Sync 1 DAGs
[2023-02-03T04:42:27.680+0000] {logging_mixin.py:137} INFO - [2023-02-03T04:42:27.680+0000] {dag.py:3441} INFO - Setting next_dagrun for our_first_dag_with_python_operator_v3 to 2023-02-02T00:00:00+00:00, run_after=2023-02-03T00:00:00+00:00
[2023-02-03T04:42:27.702+0000] {processor.py:175} INFO - Processing /opt/airflow/dags/dag_with_po3.py took 0.137 seconds
[2023-02-03T04:42:58.138+0000] {processor.py:153} INFO - Started process (PID=334) to work on /opt/airflow/dags/dag_with_po3.py
[2023-02-03T04:42:58.139+0000] {processor.py:743} INFO - Processing file /opt/airflow/dags/dag_with_po3.py for tasks to queue
[2023-02-03T04:42:58.141+0000] {logging_mixin.py:137} INFO - [2023-02-03T04:42:58.141+0000] {dagbag.py:538} INFO - Filling up the DagBag from /opt/airflow/dags/dag_with_po3.py
[2023-02-03T04:42:58.170+0000] {processor.py:753} INFO - DAG(s) dict_keys(['our_first_dag_with_python_operator_v3']) retrieved from /opt/airflow/dags/dag_with_po3.py
[2023-02-03T04:42:58.220+0000] {logging_mixin.py:137} INFO - [2023-02-03T04:42:58.219+0000] {dag.py:2690} INFO - Sync 1 DAGs
[2023-02-03T04:42:58.250+0000] {logging_mixin.py:137} INFO - [2023-02-03T04:42:58.250+0000] {dag.py:3441} INFO - Setting next_dagrun for our_first_dag_with_python_operator_v3 to 2023-02-02T00:00:00+00:00, run_after=2023-02-03T00:00:00+00:00
[2023-02-03T04:42:58.268+0000] {processor.py:175} INFO - Processing /opt/airflow/dags/dag_with_po3.py took 0.136 seconds
[2023-02-03T04:43:28.403+0000] {processor.py:153} INFO - Started process (PID=372) to work on /opt/airflow/dags/dag_with_po3.py
[2023-02-03T04:43:28.406+0000] {processor.py:743} INFO - Processing file /opt/airflow/dags/dag_with_po3.py for tasks to queue
[2023-02-03T04:43:28.408+0000] {logging_mixin.py:137} INFO - [2023-02-03T04:43:28.408+0000] {dagbag.py:538} INFO - Filling up the DagBag from /opt/airflow/dags/dag_with_po3.py
[2023-02-03T04:43:28.446+0000] {processor.py:753} INFO - DAG(s) dict_keys(['our_first_dag_with_python_operator_v3']) retrieved from /opt/airflow/dags/dag_with_po3.py
[2023-02-03T04:43:28.498+0000] {logging_mixin.py:137} INFO - [2023-02-03T04:43:28.498+0000] {dag.py:2690} INFO - Sync 1 DAGs
[2023-02-03T04:43:28.564+0000] {logging_mixin.py:137} INFO - [2023-02-03T04:43:28.564+0000] {dag.py:3441} INFO - Setting next_dagrun for our_first_dag_with_python_operator_v3 to 2023-02-02T00:00:00+00:00, run_after=2023-02-03T00:00:00+00:00
[2023-02-03T04:43:28.612+0000] {processor.py:175} INFO - Processing /opt/airflow/dags/dag_with_po3.py took 0.217 seconds
[2023-02-03T04:43:58.728+0000] {processor.py:153} INFO - Started process (PID=422) to work on /opt/airflow/dags/dag_with_po3.py
[2023-02-03T04:43:58.731+0000] {processor.py:743} INFO - Processing file /opt/airflow/dags/dag_with_po3.py for tasks to queue
[2023-02-03T04:43:58.733+0000] {logging_mixin.py:137} INFO - [2023-02-03T04:43:58.733+0000] {dagbag.py:538} INFO - Filling up the DagBag from /opt/airflow/dags/dag_with_po3.py
[2023-02-03T04:43:58.793+0000] {processor.py:753} INFO - DAG(s) dict_keys(['our_first_dag_with_python_operator_v3']) retrieved from /opt/airflow/dags/dag_with_po3.py
[2023-02-03T04:43:58.839+0000] {logging_mixin.py:137} INFO - [2023-02-03T04:43:58.839+0000] {dag.py:2690} INFO - Sync 1 DAGs
[2023-02-03T04:43:58.872+0000] {logging_mixin.py:137} INFO - [2023-02-03T04:43:58.872+0000] {dag.py:3441} INFO - Setting next_dagrun for our_first_dag_with_python_operator_v3 to 2023-02-02T00:00:00+00:00, run_after=2023-02-03T00:00:00+00:00
[2023-02-03T04:43:58.891+0000] {processor.py:175} INFO - Processing /opt/airflow/dags/dag_with_po3.py took 0.170 seconds
[2023-02-03T04:44:29.274+0000] {processor.py:153} INFO - Started process (PID=466) to work on /opt/airflow/dags/dag_with_po3.py
[2023-02-03T04:44:29.276+0000] {processor.py:743} INFO - Processing file /opt/airflow/dags/dag_with_po3.py for tasks to queue
[2023-02-03T04:44:29.277+0000] {logging_mixin.py:137} INFO - [2023-02-03T04:44:29.277+0000] {dagbag.py:538} INFO - Filling up the DagBag from /opt/airflow/dags/dag_with_po3.py
[2023-02-03T04:44:29.305+0000] {processor.py:753} INFO - DAG(s) dict_keys(['our_first_dag_with_python_operator_v3']) retrieved from /opt/airflow/dags/dag_with_po3.py
[2023-02-03T04:44:29.344+0000] {logging_mixin.py:137} INFO - [2023-02-03T04:44:29.344+0000] {dag.py:2690} INFO - Sync 1 DAGs
[2023-02-03T04:44:29.371+0000] {logging_mixin.py:137} INFO - [2023-02-03T04:44:29.370+0000] {dag.py:3441} INFO - Setting next_dagrun for our_first_dag_with_python_operator_v3 to 2023-02-02T00:00:00+00:00, run_after=2023-02-03T00:00:00+00:00
[2023-02-03T04:44:29.389+0000] {processor.py:175} INFO - Processing /opt/airflow/dags/dag_with_po3.py took 0.121 seconds
[2023-02-03T04:44:59.658+0000] {processor.py:153} INFO - Started process (PID=516) to work on /opt/airflow/dags/dag_with_po3.py
[2023-02-03T04:44:59.662+0000] {processor.py:743} INFO - Processing file /opt/airflow/dags/dag_with_po3.py for tasks to queue
[2023-02-03T04:44:59.665+0000] {logging_mixin.py:137} INFO - [2023-02-03T04:44:59.665+0000] {dagbag.py:538} INFO - Filling up the DagBag from /opt/airflow/dags/dag_with_po3.py
[2023-02-03T04:44:59.732+0000] {processor.py:753} INFO - DAG(s) dict_keys(['our_first_dag_with_python_operator_v3']) retrieved from /opt/airflow/dags/dag_with_po3.py
[2023-02-03T04:44:59.788+0000] {logging_mixin.py:137} INFO - [2023-02-03T04:44:59.788+0000] {dag.py:2690} INFO - Sync 1 DAGs
[2023-02-03T04:44:59.826+0000] {logging_mixin.py:137} INFO - [2023-02-03T04:44:59.826+0000] {dag.py:3441} INFO - Setting next_dagrun for our_first_dag_with_python_operator_v3 to 2023-02-02T00:00:00+00:00, run_after=2023-02-03T00:00:00+00:00
[2023-02-03T04:44:59.876+0000] {processor.py:175} INFO - Processing /opt/airflow/dags/dag_with_po3.py took 0.225 seconds
[2023-02-03T04:45:30.933+0000] {processor.py:153} INFO - Started process (PID=555) to work on /opt/airflow/dags/dag_with_po3.py
[2023-02-03T04:45:30.939+0000] {processor.py:743} INFO - Processing file /opt/airflow/dags/dag_with_po3.py for tasks to queue
[2023-02-03T04:45:30.946+0000] {logging_mixin.py:137} INFO - [2023-02-03T04:45:30.945+0000] {dagbag.py:538} INFO - Filling up the DagBag from /opt/airflow/dags/dag_with_po3.py
[2023-02-03T04:45:31.064+0000] {processor.py:753} INFO - DAG(s) dict_keys(['our_first_dag_with_python_operator_v3']) retrieved from /opt/airflow/dags/dag_with_po3.py
[2023-02-03T04:45:31.196+0000] {logging_mixin.py:137} INFO - [2023-02-03T04:45:31.196+0000] {dag.py:2690} INFO - Sync 1 DAGs
[2023-02-03T04:45:31.270+0000] {logging_mixin.py:137} INFO - [2023-02-03T04:45:31.270+0000] {dag.py:3441} INFO - Setting next_dagrun for our_first_dag_with_python_operator_v3 to 2023-02-02T00:00:00+00:00, run_after=2023-02-03T00:00:00+00:00
[2023-02-03T04:45:31.336+0000] {processor.py:175} INFO - Processing /opt/airflow/dags/dag_with_po3.py took 0.417 seconds
[2023-02-03T04:46:01.708+0000] {processor.py:153} INFO - Started process (PID=593) to work on /opt/airflow/dags/dag_with_po3.py
[2023-02-03T04:46:01.711+0000] {processor.py:743} INFO - Processing file /opt/airflow/dags/dag_with_po3.py for tasks to queue
[2023-02-03T04:46:01.713+0000] {logging_mixin.py:137} INFO - [2023-02-03T04:46:01.713+0000] {dagbag.py:538} INFO - Filling up the DagBag from /opt/airflow/dags/dag_with_po3.py
[2023-02-03T04:46:01.772+0000] {processor.py:753} INFO - DAG(s) dict_keys(['our_first_dag_with_python_operator_v3']) retrieved from /opt/airflow/dags/dag_with_po3.py
[2023-02-03T04:46:01.874+0000] {logging_mixin.py:137} INFO - [2023-02-03T04:46:01.874+0000] {dag.py:2690} INFO - Sync 1 DAGs
[2023-02-03T04:46:01.902+0000] {logging_mixin.py:137} INFO - [2023-02-03T04:46:01.902+0000] {dag.py:3441} INFO - Setting next_dagrun for our_first_dag_with_python_operator_v3 to 2023-02-02T00:00:00+00:00, run_after=2023-02-03T00:00:00+00:00
[2023-02-03T04:46:01.922+0000] {processor.py:175} INFO - Processing /opt/airflow/dags/dag_with_po3.py took 0.222 seconds
[2023-02-03T04:46:32.135+0000] {processor.py:153} INFO - Started process (PID=631) to work on /opt/airflow/dags/dag_with_po3.py
[2023-02-03T04:46:32.137+0000] {processor.py:743} INFO - Processing file /opt/airflow/dags/dag_with_po3.py for tasks to queue
[2023-02-03T04:46:32.140+0000] {logging_mixin.py:137} INFO - [2023-02-03T04:46:32.139+0000] {dagbag.py:538} INFO - Filling up the DagBag from /opt/airflow/dags/dag_with_po3.py
[2023-02-03T04:46:32.168+0000] {processor.py:753} INFO - DAG(s) dict_keys(['our_first_dag_with_python_operator_v3']) retrieved from /opt/airflow/dags/dag_with_po3.py
[2023-02-03T04:46:32.212+0000] {logging_mixin.py:137} INFO - [2023-02-03T04:46:32.212+0000] {dag.py:2690} INFO - Sync 1 DAGs
[2023-02-03T04:46:32.253+0000] {logging_mixin.py:137} INFO - [2023-02-03T04:46:32.253+0000] {dag.py:3441} INFO - Setting next_dagrun for our_first_dag_with_python_operator_v3 to 2023-02-02T00:00:00+00:00, run_after=2023-02-03T00:00:00+00:00
[2023-02-03T04:46:32.273+0000] {processor.py:175} INFO - Processing /opt/airflow/dags/dag_with_po3.py took 0.149 seconds
[2023-02-03T04:47:02.558+0000] {processor.py:153} INFO - Started process (PID=670) to work on /opt/airflow/dags/dag_with_po3.py
[2023-02-03T04:47:02.563+0000] {processor.py:743} INFO - Processing file /opt/airflow/dags/dag_with_po3.py for tasks to queue
[2023-02-03T04:47:02.569+0000] {logging_mixin.py:137} INFO - [2023-02-03T04:47:02.568+0000] {dagbag.py:538} INFO - Filling up the DagBag from /opt/airflow/dags/dag_with_po3.py
[2023-02-03T04:47:02.709+0000] {processor.py:753} INFO - DAG(s) dict_keys(['our_first_dag_with_python_operator_v3']) retrieved from /opt/airflow/dags/dag_with_po3.py
[2023-02-03T04:47:02.800+0000] {logging_mixin.py:137} INFO - [2023-02-03T04:47:02.800+0000] {dag.py:2690} INFO - Sync 1 DAGs
[2023-02-03T04:47:02.860+0000] {logging_mixin.py:137} INFO - [2023-02-03T04:47:02.859+0000] {dag.py:3441} INFO - Setting next_dagrun for our_first_dag_with_python_operator_v3 to 2023-02-02T00:00:00+00:00, run_after=2023-02-03T00:00:00+00:00
[2023-02-03T04:47:02.895+0000] {processor.py:175} INFO - Processing /opt/airflow/dags/dag_with_po3.py took 0.353 seconds
[2023-02-03T04:47:33.798+0000] {processor.py:153} INFO - Started process (PID=719) to work on /opt/airflow/dags/dag_with_po3.py
[2023-02-03T04:47:33.802+0000] {processor.py:743} INFO - Processing file /opt/airflow/dags/dag_with_po3.py for tasks to queue
[2023-02-03T04:47:33.804+0000] {logging_mixin.py:137} INFO - [2023-02-03T04:47:33.804+0000] {dagbag.py:538} INFO - Filling up the DagBag from /opt/airflow/dags/dag_with_po3.py
[2023-02-03T04:47:33.854+0000] {processor.py:753} INFO - DAG(s) dict_keys(['our_first_dag_with_python_operator_v3']) retrieved from /opt/airflow/dags/dag_with_po3.py
[2023-02-03T04:47:33.916+0000] {logging_mixin.py:137} INFO - [2023-02-03T04:47:33.916+0000] {dag.py:2690} INFO - Sync 1 DAGs
[2023-02-03T04:47:33.955+0000] {logging_mixin.py:137} INFO - [2023-02-03T04:47:33.954+0000] {dag.py:3441} INFO - Setting next_dagrun for our_first_dag_with_python_operator_v3 to 2023-02-02T00:00:00+00:00, run_after=2023-02-03T00:00:00+00:00
[2023-02-03T04:47:33.992+0000] {processor.py:175} INFO - Processing /opt/airflow/dags/dag_with_po3.py took 0.204 seconds
[2023-02-03T04:48:04.089+0000] {processor.py:153} INFO - Started process (PID=756) to work on /opt/airflow/dags/dag_with_po3.py
[2023-02-03T04:48:04.094+0000] {processor.py:743} INFO - Processing file /opt/airflow/dags/dag_with_po3.py for tasks to queue
[2023-02-03T04:48:04.097+0000] {logging_mixin.py:137} INFO - [2023-02-03T04:48:04.097+0000] {dagbag.py:538} INFO - Filling up the DagBag from /opt/airflow/dags/dag_with_po3.py
[2023-02-03T04:48:04.134+0000] {processor.py:753} INFO - DAG(s) dict_keys(['our_first_dag_with_python_operator_v3']) retrieved from /opt/airflow/dags/dag_with_po3.py
[2023-02-03T04:48:04.175+0000] {logging_mixin.py:137} INFO - [2023-02-03T04:48:04.175+0000] {dag.py:2690} INFO - Sync 1 DAGs
[2023-02-03T04:48:04.222+0000] {logging_mixin.py:137} INFO - [2023-02-03T04:48:04.222+0000] {dag.py:3441} INFO - Setting next_dagrun for our_first_dag_with_python_operator_v3 to 2023-02-02T00:00:00+00:00, run_after=2023-02-03T00:00:00+00:00
[2023-02-03T04:48:04.248+0000] {processor.py:175} INFO - Processing /opt/airflow/dags/dag_with_po3.py took 0.177 seconds
[2023-02-03T04:48:34.607+0000] {processor.py:153} INFO - Started process (PID=805) to work on /opt/airflow/dags/dag_with_po3.py
[2023-02-03T04:48:34.615+0000] {processor.py:743} INFO - Processing file /opt/airflow/dags/dag_with_po3.py for tasks to queue
[2023-02-03T04:48:34.623+0000] {logging_mixin.py:137} INFO - [2023-02-03T04:48:34.622+0000] {dagbag.py:538} INFO - Filling up the DagBag from /opt/airflow/dags/dag_with_po3.py
[2023-02-03T04:48:34.687+0000] {processor.py:753} INFO - DAG(s) dict_keys(['our_first_dag_with_python_operator_v3']) retrieved from /opt/airflow/dags/dag_with_po3.py
[2023-02-03T04:48:34.787+0000] {logging_mixin.py:137} INFO - [2023-02-03T04:48:34.786+0000] {dag.py:2690} INFO - Sync 1 DAGs
[2023-02-03T04:48:34.837+0000] {logging_mixin.py:137} INFO - [2023-02-03T04:48:34.837+0000] {dag.py:3441} INFO - Setting next_dagrun for our_first_dag_with_python_operator_v3 to 2023-02-02T00:00:00+00:00, run_after=2023-02-03T00:00:00+00:00
[2023-02-03T04:48:34.868+0000] {processor.py:175} INFO - Processing /opt/airflow/dags/dag_with_po3.py took 0.274 seconds
[2023-02-03T04:49:05.063+0000] {processor.py:153} INFO - Started process (PID=845) to work on /opt/airflow/dags/dag_with_po3.py
[2023-02-03T04:49:05.066+0000] {processor.py:743} INFO - Processing file /opt/airflow/dags/dag_with_po3.py for tasks to queue
[2023-02-03T04:49:05.068+0000] {logging_mixin.py:137} INFO - [2023-02-03T04:49:05.068+0000] {dagbag.py:538} INFO - Filling up the DagBag from /opt/airflow/dags/dag_with_po3.py
[2023-02-03T04:49:05.105+0000] {processor.py:753} INFO - DAG(s) dict_keys(['our_first_dag_with_python_operator_v3']) retrieved from /opt/airflow/dags/dag_with_po3.py
[2023-02-03T04:49:05.142+0000] {logging_mixin.py:137} INFO - [2023-02-03T04:49:05.142+0000] {dag.py:2690} INFO - Sync 1 DAGs
[2023-02-03T04:49:05.175+0000] {logging_mixin.py:137} INFO - [2023-02-03T04:49:05.175+0000] {dag.py:3441} INFO - Setting next_dagrun for our_first_dag_with_python_operator_v3 to 2023-02-02T00:00:00+00:00, run_after=2023-02-03T00:00:00+00:00
[2023-02-03T04:49:05.206+0000] {processor.py:175} INFO - Processing /opt/airflow/dags/dag_with_po3.py took 0.151 seconds
[2023-02-03T04:49:35.331+0000] {processor.py:153} INFO - Started process (PID=883) to work on /opt/airflow/dags/dag_with_po3.py
[2023-02-03T04:49:35.337+0000] {processor.py:743} INFO - Processing file /opt/airflow/dags/dag_with_po3.py for tasks to queue
[2023-02-03T04:49:35.340+0000] {logging_mixin.py:137} INFO - [2023-02-03T04:49:35.340+0000] {dagbag.py:538} INFO - Filling up the DagBag from /opt/airflow/dags/dag_with_po3.py
[2023-02-03T04:49:35.393+0000] {processor.py:753} INFO - DAG(s) dict_keys(['our_first_dag_with_python_operator_v3']) retrieved from /opt/airflow/dags/dag_with_po3.py
[2023-02-03T04:49:35.443+0000] {logging_mixin.py:137} INFO - [2023-02-03T04:49:35.443+0000] {dag.py:2690} INFO - Sync 1 DAGs
[2023-02-03T04:49:35.485+0000] {logging_mixin.py:137} INFO - [2023-02-03T04:49:35.485+0000] {dag.py:3441} INFO - Setting next_dagrun for our_first_dag_with_python_operator_v3 to 2023-02-02T00:00:00+00:00, run_after=2023-02-03T00:00:00+00:00
[2023-02-03T04:49:35.512+0000] {processor.py:175} INFO - Processing /opt/airflow/dags/dag_with_po3.py took 0.195 seconds
[2023-02-03T04:50:05.857+0000] {processor.py:153} INFO - Started process (PID=934) to work on /opt/airflow/dags/dag_with_po3.py
[2023-02-03T04:50:05.864+0000] {processor.py:743} INFO - Processing file /opt/airflow/dags/dag_with_po3.py for tasks to queue
[2023-02-03T04:50:05.866+0000] {logging_mixin.py:137} INFO - [2023-02-03T04:50:05.866+0000] {dagbag.py:538} INFO - Filling up the DagBag from /opt/airflow/dags/dag_with_po3.py
[2023-02-03T04:50:05.900+0000] {processor.py:753} INFO - DAG(s) dict_keys(['our_first_dag_with_python_operator_v3']) retrieved from /opt/airflow/dags/dag_with_po3.py
[2023-02-03T04:50:05.938+0000] {logging_mixin.py:137} INFO - [2023-02-03T04:50:05.938+0000] {dag.py:2690} INFO - Sync 1 DAGs
[2023-02-03T04:50:05.973+0000] {logging_mixin.py:137} INFO - [2023-02-03T04:50:05.973+0000] {dag.py:3441} INFO - Setting next_dagrun for our_first_dag_with_python_operator_v3 to 2023-02-02T00:00:00+00:00, run_after=2023-02-03T00:00:00+00:00
[2023-02-03T04:50:05.993+0000] {processor.py:175} INFO - Processing /opt/airflow/dags/dag_with_po3.py took 0.149 seconds
[2023-02-03T04:50:36.113+0000] {processor.py:153} INFO - Started process (PID=972) to work on /opt/airflow/dags/dag_with_po3.py
[2023-02-03T04:50:36.116+0000] {processor.py:743} INFO - Processing file /opt/airflow/dags/dag_with_po3.py for tasks to queue
[2023-02-03T04:50:36.118+0000] {logging_mixin.py:137} INFO - [2023-02-03T04:50:36.118+0000] {dagbag.py:538} INFO - Filling up the DagBag from /opt/airflow/dags/dag_with_po3.py
[2023-02-03T04:50:36.162+0000] {processor.py:753} INFO - DAG(s) dict_keys(['our_first_dag_with_python_operator_v3']) retrieved from /opt/airflow/dags/dag_with_po3.py
[2023-02-03T04:50:36.229+0000] {logging_mixin.py:137} INFO - [2023-02-03T04:50:36.229+0000] {dag.py:2690} INFO - Sync 1 DAGs
[2023-02-03T04:50:36.271+0000] {logging_mixin.py:137} INFO - [2023-02-03T04:50:36.271+0000] {dag.py:3441} INFO - Setting next_dagrun for our_first_dag_with_python_operator_v3 to 2023-02-02T00:00:00+00:00, run_after=2023-02-03T00:00:00+00:00
[2023-02-03T04:50:36.296+0000] {processor.py:175} INFO - Processing /opt/airflow/dags/dag_with_po3.py took 0.190 seconds
[2023-02-03T04:51:06.441+0000] {processor.py:153} INFO - Started process (PID=1022) to work on /opt/airflow/dags/dag_with_po3.py
[2023-02-03T04:51:06.443+0000] {processor.py:743} INFO - Processing file /opt/airflow/dags/dag_with_po3.py for tasks to queue
[2023-02-03T04:51:06.445+0000] {logging_mixin.py:137} INFO - [2023-02-03T04:51:06.445+0000] {dagbag.py:538} INFO - Filling up the DagBag from /opt/airflow/dags/dag_with_po3.py
[2023-02-03T04:51:06.480+0000] {processor.py:753} INFO - DAG(s) dict_keys(['our_first_dag_with_python_operator_v3']) retrieved from /opt/airflow/dags/dag_with_po3.py
[2023-02-03T04:51:06.520+0000] {logging_mixin.py:137} INFO - [2023-02-03T04:51:06.520+0000] {dag.py:2690} INFO - Sync 1 DAGs
[2023-02-03T04:51:06.552+0000] {logging_mixin.py:137} INFO - [2023-02-03T04:51:06.551+0000] {dag.py:3441} INFO - Setting next_dagrun for our_first_dag_with_python_operator_v3 to 2023-02-02T00:00:00+00:00, run_after=2023-02-03T00:00:00+00:00
[2023-02-03T04:51:06.571+0000] {processor.py:175} INFO - Processing /opt/airflow/dags/dag_with_po3.py took 0.137 seconds
[2023-02-03T04:51:36.711+0000] {processor.py:153} INFO - Started process (PID=1060) to work on /opt/airflow/dags/dag_with_po3.py
[2023-02-03T04:51:36.715+0000] {processor.py:743} INFO - Processing file /opt/airflow/dags/dag_with_po3.py for tasks to queue
[2023-02-03T04:51:36.717+0000] {logging_mixin.py:137} INFO - [2023-02-03T04:51:36.717+0000] {dagbag.py:538} INFO - Filling up the DagBag from /opt/airflow/dags/dag_with_po3.py
[2023-02-03T04:51:36.779+0000] {processor.py:753} INFO - DAG(s) dict_keys(['our_first_dag_with_python_operator_v3']) retrieved from /opt/airflow/dags/dag_with_po3.py
[2023-02-03T04:51:36.849+0000] {logging_mixin.py:137} INFO - [2023-02-03T04:51:36.849+0000] {dag.py:2690} INFO - Sync 1 DAGs
[2023-02-03T04:51:36.895+0000] {logging_mixin.py:137} INFO - [2023-02-03T04:51:36.895+0000] {dag.py:3441} INFO - Setting next_dagrun for our_first_dag_with_python_operator_v3 to 2023-02-02T00:00:00+00:00, run_after=2023-02-03T00:00:00+00:00
[2023-02-03T04:51:36.919+0000] {processor.py:175} INFO - Processing /opt/airflow/dags/dag_with_po3.py took 0.217 seconds
[2023-02-03T04:52:07.091+0000] {processor.py:153} INFO - Started process (PID=1108) to work on /opt/airflow/dags/dag_with_po3.py
[2023-02-03T04:52:07.102+0000] {processor.py:743} INFO - Processing file /opt/airflow/dags/dag_with_po3.py for tasks to queue
[2023-02-03T04:52:07.124+0000] {logging_mixin.py:137} INFO - [2023-02-03T04:52:07.122+0000] {dagbag.py:538} INFO - Filling up the DagBag from /opt/airflow/dags/dag_with_po3.py
[2023-02-03T04:52:07.201+0000] {processor.py:753} INFO - DAG(s) dict_keys(['our_first_dag_with_python_operator_v3']) retrieved from /opt/airflow/dags/dag_with_po3.py
[2023-02-03T04:52:07.335+0000] {logging_mixin.py:137} INFO - [2023-02-03T04:52:07.335+0000] {dag.py:2690} INFO - Sync 1 DAGs
[2023-02-03T04:52:07.415+0000] {logging_mixin.py:137} INFO - [2023-02-03T04:52:07.415+0000] {dag.py:3441} INFO - Setting next_dagrun for our_first_dag_with_python_operator_v3 to 2023-02-02T00:00:00+00:00, run_after=2023-02-03T00:00:00+00:00
[2023-02-03T04:52:07.480+0000] {processor.py:175} INFO - Processing /opt/airflow/dags/dag_with_po3.py took 0.398 seconds
[2023-02-03T04:52:38.023+0000] {processor.py:153} INFO - Started process (PID=1149) to work on /opt/airflow/dags/dag_with_po3.py
[2023-02-03T04:52:38.026+0000] {processor.py:743} INFO - Processing file /opt/airflow/dags/dag_with_po3.py for tasks to queue
[2023-02-03T04:52:38.027+0000] {logging_mixin.py:137} INFO - [2023-02-03T04:52:38.027+0000] {dagbag.py:538} INFO - Filling up the DagBag from /opt/airflow/dags/dag_with_po3.py
[2023-02-03T04:52:38.065+0000] {processor.py:753} INFO - DAG(s) dict_keys(['our_first_dag_with_python_operator_v3']) retrieved from /opt/airflow/dags/dag_with_po3.py
[2023-02-03T04:52:38.100+0000] {logging_mixin.py:137} INFO - [2023-02-03T04:52:38.100+0000] {dag.py:2690} INFO - Sync 1 DAGs
[2023-02-03T04:52:38.131+0000] {logging_mixin.py:137} INFO - [2023-02-03T04:52:38.131+0000] {dag.py:3441} INFO - Setting next_dagrun for our_first_dag_with_python_operator_v3 to 2023-02-02T00:00:00+00:00, run_after=2023-02-03T00:00:00+00:00
[2023-02-03T04:52:38.152+0000] {processor.py:175} INFO - Processing /opt/airflow/dags/dag_with_po3.py took 0.135 seconds
[2023-02-03T04:53:08.334+0000] {processor.py:153} INFO - Started process (PID=1188) to work on /opt/airflow/dags/dag_with_po3.py
[2023-02-03T04:53:08.338+0000] {processor.py:743} INFO - Processing file /opt/airflow/dags/dag_with_po3.py for tasks to queue
[2023-02-03T04:53:08.340+0000] {logging_mixin.py:137} INFO - [2023-02-03T04:53:08.340+0000] {dagbag.py:538} INFO - Filling up the DagBag from /opt/airflow/dags/dag_with_po3.py
[2023-02-03T04:53:08.369+0000] {processor.py:753} INFO - DAG(s) dict_keys(['our_first_dag_with_python_operator_v3']) retrieved from /opt/airflow/dags/dag_with_po3.py
[2023-02-03T04:53:08.399+0000] {logging_mixin.py:137} INFO - [2023-02-03T04:53:08.399+0000] {dag.py:2690} INFO - Sync 1 DAGs
[2023-02-03T04:53:08.424+0000] {logging_mixin.py:137} INFO - [2023-02-03T04:53:08.424+0000] {dag.py:3441} INFO - Setting next_dagrun for our_first_dag_with_python_operator_v3 to 2023-02-02T00:00:00+00:00, run_after=2023-02-03T00:00:00+00:00
[2023-02-03T04:53:08.446+0000] {processor.py:175} INFO - Processing /opt/airflow/dags/dag_with_po3.py took 0.120 seconds
[2023-02-03T04:53:38.824+0000] {processor.py:153} INFO - Started process (PID=1237) to work on /opt/airflow/dags/dag_with_po3.py
[2023-02-03T04:53:38.828+0000] {processor.py:743} INFO - Processing file /opt/airflow/dags/dag_with_po3.py for tasks to queue
[2023-02-03T04:53:38.829+0000] {logging_mixin.py:137} INFO - [2023-02-03T04:53:38.829+0000] {dagbag.py:538} INFO - Filling up the DagBag from /opt/airflow/dags/dag_with_po3.py
[2023-02-03T04:53:38.865+0000] {processor.py:753} INFO - DAG(s) dict_keys(['our_first_dag_with_python_operator_v3']) retrieved from /opt/airflow/dags/dag_with_po3.py
[2023-02-03T04:53:38.919+0000] {logging_mixin.py:137} INFO - [2023-02-03T04:53:38.918+0000] {dag.py:2690} INFO - Sync 1 DAGs
[2023-02-03T04:53:38.955+0000] {logging_mixin.py:137} INFO - [2023-02-03T04:53:38.955+0000] {dag.py:3441} INFO - Setting next_dagrun for our_first_dag_with_python_operator_v3 to 2023-02-02T00:00:00+00:00, run_after=2023-02-03T00:00:00+00:00
[2023-02-03T04:53:38.976+0000] {processor.py:175} INFO - Processing /opt/airflow/dags/dag_with_po3.py took 0.162 seconds
[2023-02-03T04:54:09.176+0000] {processor.py:153} INFO - Started process (PID=1275) to work on /opt/airflow/dags/dag_with_po3.py
[2023-02-03T04:54:09.179+0000] {processor.py:743} INFO - Processing file /opt/airflow/dags/dag_with_po3.py for tasks to queue
[2023-02-03T04:54:09.181+0000] {logging_mixin.py:137} INFO - [2023-02-03T04:54:09.181+0000] {dagbag.py:538} INFO - Filling up the DagBag from /opt/airflow/dags/dag_with_po3.py
[2023-02-03T04:54:09.213+0000] {processor.py:753} INFO - DAG(s) dict_keys(['our_first_dag_with_python_operator_v3']) retrieved from /opt/airflow/dags/dag_with_po3.py
[2023-02-03T04:54:09.273+0000] {logging_mixin.py:137} INFO - [2023-02-03T04:54:09.272+0000] {dag.py:2690} INFO - Sync 1 DAGs
[2023-02-03T04:54:09.314+0000] {logging_mixin.py:137} INFO - [2023-02-03T04:54:09.314+0000] {dag.py:3441} INFO - Setting next_dagrun for our_first_dag_with_python_operator_v3 to 2023-02-02T00:00:00+00:00, run_after=2023-02-03T00:00:00+00:00
[2023-02-03T04:54:09.338+0000] {processor.py:175} INFO - Processing /opt/airflow/dags/dag_with_po3.py took 0.177 seconds
[2023-02-03T04:54:39.832+0000] {processor.py:153} INFO - Started process (PID=1313) to work on /opt/airflow/dags/dag_with_po3.py
[2023-02-03T04:54:39.835+0000] {processor.py:743} INFO - Processing file /opt/airflow/dags/dag_with_po3.py for tasks to queue
[2023-02-03T04:54:39.837+0000] {logging_mixin.py:137} INFO - [2023-02-03T04:54:39.836+0000] {dagbag.py:538} INFO - Filling up the DagBag from /opt/airflow/dags/dag_with_po3.py
[2023-02-03T04:54:39.866+0000] {processor.py:753} INFO - DAG(s) dict_keys(['our_first_dag_with_python_operator_v3']) retrieved from /opt/airflow/dags/dag_with_po3.py
[2023-02-03T04:54:39.903+0000] {logging_mixin.py:137} INFO - [2023-02-03T04:54:39.903+0000] {dag.py:2690} INFO - Sync 1 DAGs
[2023-02-03T04:54:39.932+0000] {logging_mixin.py:137} INFO - [2023-02-03T04:54:39.932+0000] {dag.py:3441} INFO - Setting next_dagrun for our_first_dag_with_python_operator_v3 to 2023-02-02T00:00:00+00:00, run_after=2023-02-03T00:00:00+00:00
[2023-02-03T04:54:39.949+0000] {processor.py:175} INFO - Processing /opt/airflow/dags/dag_with_po3.py took 0.123 seconds
[2023-02-03T04:55:10.255+0000] {processor.py:153} INFO - Started process (PID=1362) to work on /opt/airflow/dags/dag_with_po3.py
[2023-02-03T04:55:10.259+0000] {processor.py:743} INFO - Processing file /opt/airflow/dags/dag_with_po3.py for tasks to queue
[2023-02-03T04:55:10.260+0000] {logging_mixin.py:137} INFO - [2023-02-03T04:55:10.260+0000] {dagbag.py:538} INFO - Filling up the DagBag from /opt/airflow/dags/dag_with_po3.py
[2023-02-03T04:55:10.297+0000] {processor.py:753} INFO - DAG(s) dict_keys(['our_first_dag_with_python_operator_v3']) retrieved from /opt/airflow/dags/dag_with_po3.py
[2023-02-03T04:55:10.349+0000] {logging_mixin.py:137} INFO - [2023-02-03T04:55:10.349+0000] {dag.py:2690} INFO - Sync 1 DAGs
[2023-02-03T04:55:10.385+0000] {logging_mixin.py:137} INFO - [2023-02-03T04:55:10.384+0000] {dag.py:3441} INFO - Setting next_dagrun for our_first_dag_with_python_operator_v3 to 2023-02-02T00:00:00+00:00, run_after=2023-02-03T00:00:00+00:00
[2023-02-03T04:55:10.406+0000] {processor.py:175} INFO - Processing /opt/airflow/dags/dag_with_po3.py took 0.161 seconds
[2023-02-03T04:55:40.493+0000] {processor.py:153} INFO - Started process (PID=1400) to work on /opt/airflow/dags/dag_with_po3.py
[2023-02-03T04:55:40.495+0000] {processor.py:743} INFO - Processing file /opt/airflow/dags/dag_with_po3.py for tasks to queue
[2023-02-03T04:55:40.497+0000] {logging_mixin.py:137} INFO - [2023-02-03T04:55:40.497+0000] {dagbag.py:538} INFO - Filling up the DagBag from /opt/airflow/dags/dag_with_po3.py
[2023-02-03T04:55:40.521+0000] {processor.py:753} INFO - DAG(s) dict_keys(['our_first_dag_with_python_operator_v3']) retrieved from /opt/airflow/dags/dag_with_po3.py
[2023-02-03T04:55:40.555+0000] {logging_mixin.py:137} INFO - [2023-02-03T04:55:40.555+0000] {dag.py:2690} INFO - Sync 1 DAGs
[2023-02-03T04:55:40.584+0000] {logging_mixin.py:137} INFO - [2023-02-03T04:55:40.584+0000] {dag.py:3441} INFO - Setting next_dagrun for our_first_dag_with_python_operator_v3 to 2023-02-02T00:00:00+00:00, run_after=2023-02-03T00:00:00+00:00
[2023-02-03T04:55:40.602+0000] {processor.py:175} INFO - Processing /opt/airflow/dags/dag_with_po3.py took 0.114 seconds
[2023-02-03T04:56:11.021+0000] {processor.py:153} INFO - Started process (PID=1447) to work on /opt/airflow/dags/dag_with_po3.py
[2023-02-03T04:56:11.024+0000] {processor.py:743} INFO - Processing file /opt/airflow/dags/dag_with_po3.py for tasks to queue
[2023-02-03T04:56:11.026+0000] {logging_mixin.py:137} INFO - [2023-02-03T04:56:11.025+0000] {dagbag.py:538} INFO - Filling up the DagBag from /opt/airflow/dags/dag_with_po3.py
[2023-02-03T04:56:11.061+0000] {processor.py:753} INFO - DAG(s) dict_keys(['our_first_dag_with_python_operator_v3']) retrieved from /opt/airflow/dags/dag_with_po3.py
[2023-02-03T04:56:11.100+0000] {logging_mixin.py:137} INFO - [2023-02-03T04:56:11.100+0000] {dag.py:2690} INFO - Sync 1 DAGs
[2023-02-03T04:56:11.151+0000] {logging_mixin.py:137} INFO - [2023-02-03T04:56:11.151+0000] {dag.py:3441} INFO - Setting next_dagrun for our_first_dag_with_python_operator_v3 to 2023-02-02T00:00:00+00:00, run_after=2023-02-03T00:00:00+00:00
[2023-02-03T04:56:11.185+0000] {processor.py:175} INFO - Processing /opt/airflow/dags/dag_with_po3.py took 0.172 seconds
[2023-02-03T04:56:41.454+0000] {processor.py:153} INFO - Started process (PID=1488) to work on /opt/airflow/dags/dag_with_po3.py
[2023-02-03T04:56:41.459+0000] {processor.py:743} INFO - Processing file /opt/airflow/dags/dag_with_po3.py for tasks to queue
[2023-02-03T04:56:41.463+0000] {logging_mixin.py:137} INFO - [2023-02-03T04:56:41.462+0000] {dagbag.py:538} INFO - Filling up the DagBag from /opt/airflow/dags/dag_with_po3.py
[2023-02-03T04:56:41.501+0000] {processor.py:753} INFO - DAG(s) dict_keys(['our_first_dag_with_python_operator_v3']) retrieved from /opt/airflow/dags/dag_with_po3.py
[2023-02-03T04:56:41.554+0000] {logging_mixin.py:137} INFO - [2023-02-03T04:56:41.554+0000] {dag.py:2690} INFO - Sync 1 DAGs
[2023-02-03T04:56:41.607+0000] {logging_mixin.py:137} INFO - [2023-02-03T04:56:41.607+0000] {dag.py:3441} INFO - Setting next_dagrun for our_first_dag_with_python_operator_v3 to 2023-02-02T00:00:00+00:00, run_after=2023-02-03T00:00:00+00:00
[2023-02-03T04:56:41.638+0000] {processor.py:175} INFO - Processing /opt/airflow/dags/dag_with_po3.py took 0.198 seconds
[2023-02-03T04:57:11.722+0000] {processor.py:153} INFO - Started process (PID=1525) to work on /opt/airflow/dags/dag_with_po3.py
[2023-02-03T04:57:11.724+0000] {processor.py:743} INFO - Processing file /opt/airflow/dags/dag_with_po3.py for tasks to queue
[2023-02-03T04:57:11.726+0000] {logging_mixin.py:137} INFO - [2023-02-03T04:57:11.726+0000] {dagbag.py:538} INFO - Filling up the DagBag from /opt/airflow/dags/dag_with_po3.py
[2023-02-03T04:57:11.755+0000] {processor.py:753} INFO - DAG(s) dict_keys(['our_first_dag_with_python_operator_v3']) retrieved from /opt/airflow/dags/dag_with_po3.py
[2023-02-03T04:57:11.783+0000] {logging_mixin.py:137} INFO - [2023-02-03T04:57:11.783+0000] {dag.py:2690} INFO - Sync 1 DAGs
[2023-02-03T04:57:11.809+0000] {logging_mixin.py:137} INFO - [2023-02-03T04:57:11.809+0000] {dag.py:3441} INFO - Setting next_dagrun for our_first_dag_with_python_operator_v3 to 2023-02-02T00:00:00+00:00, run_after=2023-02-03T00:00:00+00:00
[2023-02-03T04:57:11.824+0000] {processor.py:175} INFO - Processing /opt/airflow/dags/dag_with_po3.py took 0.108 seconds
[2023-02-03T04:57:42.018+0000] {processor.py:153} INFO - Started process (PID=1575) to work on /opt/airflow/dags/dag_with_po3.py
[2023-02-03T04:57:42.020+0000] {processor.py:743} INFO - Processing file /opt/airflow/dags/dag_with_po3.py for tasks to queue
[2023-02-03T04:57:42.022+0000] {logging_mixin.py:137} INFO - [2023-02-03T04:57:42.022+0000] {dagbag.py:538} INFO - Filling up the DagBag from /opt/airflow/dags/dag_with_po3.py
[2023-02-03T04:57:42.049+0000] {processor.py:753} INFO - DAG(s) dict_keys(['our_first_dag_with_python_operator_v3']) retrieved from /opt/airflow/dags/dag_with_po3.py
[2023-02-03T04:57:42.084+0000] {logging_mixin.py:137} INFO - [2023-02-03T04:57:42.084+0000] {dag.py:2690} INFO - Sync 1 DAGs
[2023-02-03T04:57:42.112+0000] {logging_mixin.py:137} INFO - [2023-02-03T04:57:42.112+0000] {dag.py:3441} INFO - Setting next_dagrun for our_first_dag_with_python_operator_v3 to 2023-02-02T00:00:00+00:00, run_after=2023-02-03T00:00:00+00:00
[2023-02-03T04:57:42.134+0000] {processor.py:175} INFO - Processing /opt/airflow/dags/dag_with_po3.py took 0.123 seconds
[2023-02-03T04:58:12.319+0000] {processor.py:153} INFO - Started process (PID=1613) to work on /opt/airflow/dags/dag_with_po3.py
[2023-02-03T04:58:12.322+0000] {processor.py:743} INFO - Processing file /opt/airflow/dags/dag_with_po3.py for tasks to queue
[2023-02-03T04:58:12.324+0000] {logging_mixin.py:137} INFO - [2023-02-03T04:58:12.323+0000] {dagbag.py:538} INFO - Filling up the DagBag from /opt/airflow/dags/dag_with_po3.py
[2023-02-03T04:58:12.349+0000] {processor.py:753} INFO - DAG(s) dict_keys(['our_first_dag_with_python_operator_v3']) retrieved from /opt/airflow/dags/dag_with_po3.py
[2023-02-03T04:58:12.386+0000] {logging_mixin.py:137} INFO - [2023-02-03T04:58:12.386+0000] {dag.py:2690} INFO - Sync 1 DAGs
[2023-02-03T04:58:12.415+0000] {logging_mixin.py:137} INFO - [2023-02-03T04:58:12.415+0000] {dag.py:3441} INFO - Setting next_dagrun for our_first_dag_with_python_operator_v3 to 2023-02-02T00:00:00+00:00, run_after=2023-02-03T00:00:00+00:00
[2023-02-03T04:58:12.435+0000] {processor.py:175} INFO - Processing /opt/airflow/dags/dag_with_po3.py took 0.121 seconds
[2023-02-03T04:58:42.611+0000] {processor.py:153} INFO - Started process (PID=1664) to work on /opt/airflow/dags/dag_with_po3.py
[2023-02-03T04:58:42.618+0000] {processor.py:743} INFO - Processing file /opt/airflow/dags/dag_with_po3.py for tasks to queue
[2023-02-03T04:58:42.619+0000] {logging_mixin.py:137} INFO - [2023-02-03T04:58:42.619+0000] {dagbag.py:538} INFO - Filling up the DagBag from /opt/airflow/dags/dag_with_po3.py
[2023-02-03T04:58:42.646+0000] {processor.py:753} INFO - DAG(s) dict_keys(['our_first_dag_with_python_operator_v3']) retrieved from /opt/airflow/dags/dag_with_po3.py
[2023-02-03T04:58:42.684+0000] {logging_mixin.py:137} INFO - [2023-02-03T04:58:42.684+0000] {dag.py:2690} INFO - Sync 1 DAGs
[2023-02-03T04:58:42.716+0000] {logging_mixin.py:137} INFO - [2023-02-03T04:58:42.716+0000] {dag.py:3441} INFO - Setting next_dagrun for our_first_dag_with_python_operator_v3 to 2023-02-02T00:00:00+00:00, run_after=2023-02-03T00:00:00+00:00
[2023-02-03T04:58:42.733+0000] {processor.py:175} INFO - Processing /opt/airflow/dags/dag_with_po3.py took 0.128 seconds
[2023-02-03T04:59:12.846+0000] {processor.py:153} INFO - Started process (PID=1702) to work on /opt/airflow/dags/dag_with_po3.py
[2023-02-03T04:59:12.849+0000] {processor.py:743} INFO - Processing file /opt/airflow/dags/dag_with_po3.py for tasks to queue
[2023-02-03T04:59:12.851+0000] {logging_mixin.py:137} INFO - [2023-02-03T04:59:12.850+0000] {dagbag.py:538} INFO - Filling up the DagBag from /opt/airflow/dags/dag_with_po3.py
[2023-02-03T04:59:12.877+0000] {processor.py:753} INFO - DAG(s) dict_keys(['our_first_dag_with_python_operator_v3']) retrieved from /opt/airflow/dags/dag_with_po3.py
[2023-02-03T04:59:12.910+0000] {logging_mixin.py:137} INFO - [2023-02-03T04:59:12.909+0000] {dag.py:2690} INFO - Sync 1 DAGs
[2023-02-03T04:59:12.935+0000] {logging_mixin.py:137} INFO - [2023-02-03T04:59:12.935+0000] {dag.py:3441} INFO - Setting next_dagrun for our_first_dag_with_python_operator_v3 to 2023-02-02T00:00:00+00:00, run_after=2023-02-03T00:00:00+00:00
[2023-02-03T04:59:12.954+0000] {processor.py:175} INFO - Processing /opt/airflow/dags/dag_with_po3.py took 0.114 seconds
[2023-02-03T04:59:43.063+0000] {processor.py:153} INFO - Started process (PID=1752) to work on /opt/airflow/dags/dag_with_po3.py
[2023-02-03T04:59:43.066+0000] {processor.py:743} INFO - Processing file /opt/airflow/dags/dag_with_po3.py for tasks to queue
[2023-02-03T04:59:43.068+0000] {logging_mixin.py:137} INFO - [2023-02-03T04:59:43.068+0000] {dagbag.py:538} INFO - Filling up the DagBag from /opt/airflow/dags/dag_with_po3.py
[2023-02-03T04:59:43.105+0000] {processor.py:753} INFO - DAG(s) dict_keys(['our_first_dag_with_python_operator_v3']) retrieved from /opt/airflow/dags/dag_with_po3.py
[2023-02-03T04:59:43.159+0000] {logging_mixin.py:137} INFO - [2023-02-03T04:59:43.159+0000] {dag.py:2690} INFO - Sync 1 DAGs
[2023-02-03T04:59:43.196+0000] {logging_mixin.py:137} INFO - [2023-02-03T04:59:43.196+0000] {dag.py:3441} INFO - Setting next_dagrun for our_first_dag_with_python_operator_v3 to 2023-02-02T00:00:00+00:00, run_after=2023-02-03T00:00:00+00:00
[2023-02-03T04:59:43.218+0000] {processor.py:175} INFO - Processing /opt/airflow/dags/dag_with_po3.py took 0.162 seconds
[2023-02-03T05:00:13.363+0000] {processor.py:153} INFO - Started process (PID=1790) to work on /opt/airflow/dags/dag_with_po3.py
[2023-02-03T05:00:13.366+0000] {processor.py:743} INFO - Processing file /opt/airflow/dags/dag_with_po3.py for tasks to queue
[2023-02-03T05:00:13.368+0000] {logging_mixin.py:137} INFO - [2023-02-03T05:00:13.368+0000] {dagbag.py:538} INFO - Filling up the DagBag from /opt/airflow/dags/dag_with_po3.py
[2023-02-03T05:00:13.404+0000] {processor.py:753} INFO - DAG(s) dict_keys(['our_first_dag_with_python_operator_v3']) retrieved from /opt/airflow/dags/dag_with_po3.py
[2023-02-03T05:00:13.442+0000] {logging_mixin.py:137} INFO - [2023-02-03T05:00:13.442+0000] {dag.py:2690} INFO - Sync 1 DAGs
[2023-02-03T05:00:13.469+0000] {logging_mixin.py:137} INFO - [2023-02-03T05:00:13.469+0000] {dag.py:3441} INFO - Setting next_dagrun for our_first_dag_with_python_operator_v3 to 2023-02-02T00:00:00+00:00, run_after=2023-02-03T00:00:00+00:00
[2023-02-03T05:00:13.488+0000] {processor.py:175} INFO - Processing /opt/airflow/dags/dag_with_po3.py took 0.136 seconds
[2023-02-03T05:00:43.675+0000] {processor.py:153} INFO - Started process (PID=1842) to work on /opt/airflow/dags/dag_with_po3.py
[2023-02-03T05:00:43.677+0000] {processor.py:743} INFO - Processing file /opt/airflow/dags/dag_with_po3.py for tasks to queue
[2023-02-03T05:00:43.678+0000] {logging_mixin.py:137} INFO - [2023-02-03T05:00:43.677+0000] {dagbag.py:538} INFO - Filling up the DagBag from /opt/airflow/dags/dag_with_po3.py
[2023-02-03T05:00:43.696+0000] {processor.py:753} INFO - DAG(s) dict_keys(['our_first_dag_with_python_operator_v3']) retrieved from /opt/airflow/dags/dag_with_po3.py
[2023-02-03T05:00:43.722+0000] {logging_mixin.py:137} INFO - [2023-02-03T05:00:43.722+0000] {dag.py:2690} INFO - Sync 1 DAGs
[2023-02-03T05:00:43.748+0000] {logging_mixin.py:137} INFO - [2023-02-03T05:00:43.748+0000] {dag.py:3441} INFO - Setting next_dagrun for our_first_dag_with_python_operator_v3 to 2023-02-02T00:00:00+00:00, run_after=2023-02-03T00:00:00+00:00
[2023-02-03T05:00:43.766+0000] {processor.py:175} INFO - Processing /opt/airflow/dags/dag_with_po3.py took 0.095 seconds
[2023-02-03T05:01:13.886+0000] {processor.py:153} INFO - Started process (PID=1880) to work on /opt/airflow/dags/dag_with_po3.py
[2023-02-03T05:01:13.888+0000] {processor.py:743} INFO - Processing file /opt/airflow/dags/dag_with_po3.py for tasks to queue
[2023-02-03T05:01:13.889+0000] {logging_mixin.py:137} INFO - [2023-02-03T05:01:13.889+0000] {dagbag.py:538} INFO - Filling up the DagBag from /opt/airflow/dags/dag_with_po3.py
[2023-02-03T05:01:13.908+0000] {processor.py:753} INFO - DAG(s) dict_keys(['our_first_dag_with_python_operator_v3']) retrieved from /opt/airflow/dags/dag_with_po3.py
[2023-02-03T05:01:13.934+0000] {logging_mixin.py:137} INFO - [2023-02-03T05:01:13.934+0000] {dag.py:2690} INFO - Sync 1 DAGs
[2023-02-03T05:01:13.958+0000] {logging_mixin.py:137} INFO - [2023-02-03T05:01:13.958+0000] {dag.py:3441} INFO - Setting next_dagrun for our_first_dag_with_python_operator_v3 to 2023-02-02T00:00:00+00:00, run_after=2023-02-03T00:00:00+00:00
[2023-02-03T05:01:13.972+0000] {processor.py:175} INFO - Processing /opt/airflow/dags/dag_with_po3.py took 0.089 seconds
[2023-02-03T05:01:44.050+0000] {processor.py:153} INFO - Started process (PID=1930) to work on /opt/airflow/dags/dag_with_po3.py
[2023-02-03T05:01:44.054+0000] {processor.py:743} INFO - Processing file /opt/airflow/dags/dag_with_po3.py for tasks to queue
[2023-02-03T05:01:44.055+0000] {logging_mixin.py:137} INFO - [2023-02-03T05:01:44.055+0000] {dagbag.py:538} INFO - Filling up the DagBag from /opt/airflow/dags/dag_with_po3.py
[2023-02-03T05:01:44.094+0000] {processor.py:753} INFO - DAG(s) dict_keys(['our_first_dag_with_python_operator_v3']) retrieved from /opt/airflow/dags/dag_with_po3.py
[2023-02-03T05:01:44.127+0000] {logging_mixin.py:137} INFO - [2023-02-03T05:01:44.127+0000] {dag.py:2690} INFO - Sync 1 DAGs
[2023-02-03T05:01:44.149+0000] {logging_mixin.py:137} INFO - [2023-02-03T05:01:44.149+0000] {dag.py:3441} INFO - Setting next_dagrun for our_first_dag_with_python_operator_v3 to 2023-02-02T00:00:00+00:00, run_after=2023-02-03T00:00:00+00:00
[2023-02-03T05:01:44.164+0000] {processor.py:175} INFO - Processing /opt/airflow/dags/dag_with_po3.py took 0.121 seconds
[2023-02-03T05:02:14.291+0000] {processor.py:153} INFO - Started process (PID=1967) to work on /opt/airflow/dags/dag_with_po3.py
[2023-02-03T05:02:14.293+0000] {processor.py:743} INFO - Processing file /opt/airflow/dags/dag_with_po3.py for tasks to queue
[2023-02-03T05:02:14.295+0000] {logging_mixin.py:137} INFO - [2023-02-03T05:02:14.294+0000] {dagbag.py:538} INFO - Filling up the DagBag from /opt/airflow/dags/dag_with_po3.py
[2023-02-03T05:02:14.316+0000] {processor.py:753} INFO - DAG(s) dict_keys(['our_first_dag_with_python_operator_v3']) retrieved from /opt/airflow/dags/dag_with_po3.py
[2023-02-03T05:02:14.342+0000] {logging_mixin.py:137} INFO - [2023-02-03T05:02:14.341+0000] {dag.py:2690} INFO - Sync 1 DAGs
[2023-02-03T05:02:14.364+0000] {logging_mixin.py:137} INFO - [2023-02-03T05:02:14.364+0000] {dag.py:3441} INFO - Setting next_dagrun for our_first_dag_with_python_operator_v3 to 2023-02-02T00:00:00+00:00, run_after=2023-02-03T00:00:00+00:00
[2023-02-03T05:02:14.378+0000] {processor.py:175} INFO - Processing /opt/airflow/dags/dag_with_po3.py took 0.092 seconds
[2023-02-03T05:02:44.825+0000] {processor.py:153} INFO - Started process (PID=2016) to work on /opt/airflow/dags/dag_with_po3.py
[2023-02-03T05:02:44.833+0000] {processor.py:743} INFO - Processing file /opt/airflow/dags/dag_with_po3.py for tasks to queue
[2023-02-03T05:02:44.836+0000] {logging_mixin.py:137} INFO - [2023-02-03T05:02:44.835+0000] {dagbag.py:538} INFO - Filling up the DagBag from /opt/airflow/dags/dag_with_po3.py
[2023-02-03T05:02:44.883+0000] {processor.py:753} INFO - DAG(s) dict_keys(['our_first_dag_with_python_operator_v3']) retrieved from /opt/airflow/dags/dag_with_po3.py
[2023-02-03T05:02:44.990+0000] {logging_mixin.py:137} INFO - [2023-02-03T05:02:44.990+0000] {dag.py:2690} INFO - Sync 1 DAGs
[2023-02-03T05:02:45.064+0000] {logging_mixin.py:137} INFO - [2023-02-03T05:02:45.063+0000] {dag.py:3441} INFO - Setting next_dagrun for our_first_dag_with_python_operator_v3 to 2023-02-02T00:00:00+00:00, run_after=2023-02-03T00:00:00+00:00
[2023-02-03T05:02:45.095+0000] {processor.py:175} INFO - Processing /opt/airflow/dags/dag_with_po3.py took 0.287 seconds
[2023-02-03T05:03:15.238+0000] {processor.py:153} INFO - Started process (PID=2055) to work on /opt/airflow/dags/dag_with_po3.py
[2023-02-03T05:03:15.241+0000] {processor.py:743} INFO - Processing file /opt/airflow/dags/dag_with_po3.py for tasks to queue
[2023-02-03T05:03:15.242+0000] {logging_mixin.py:137} INFO - [2023-02-03T05:03:15.242+0000] {dagbag.py:538} INFO - Filling up the DagBag from /opt/airflow/dags/dag_with_po3.py
[2023-02-03T05:03:15.269+0000] {processor.py:753} INFO - DAG(s) dict_keys(['our_first_dag_with_python_operator_v3']) retrieved from /opt/airflow/dags/dag_with_po3.py
[2023-02-03T05:03:15.300+0000] {logging_mixin.py:137} INFO - [2023-02-03T05:03:15.300+0000] {dag.py:2690} INFO - Sync 1 DAGs
[2023-02-03T05:03:15.326+0000] {logging_mixin.py:137} INFO - [2023-02-03T05:03:15.326+0000] {dag.py:3441} INFO - Setting next_dagrun for our_first_dag_with_python_operator_v3 to 2023-02-02T00:00:00+00:00, run_after=2023-02-03T00:00:00+00:00
[2023-02-03T05:03:15.346+0000] {processor.py:175} INFO - Processing /opt/airflow/dags/dag_with_po3.py took 0.113 seconds
