[2023-02-03T04:39:14.383+0000] {processor.py:153} INFO - Started process (PID=50) to work on /opt/airflow/dags/dag_with_po5.py
[2023-02-03T04:39:14.408+0000] {processor.py:743} INFO - Processing file /opt/airflow/dags/dag_with_po5.py for tasks to queue
[2023-02-03T04:39:14.427+0000] {logging_mixin.py:137} INFO - [2023-02-03T04:39:14.423+0000] {dagbag.py:538} INFO - Filling up the DagBag from /opt/airflow/dags/dag_with_po5.py
[2023-02-03T04:39:14.610+0000] {processor.py:753} INFO - DAG(s) dict_keys(['our_first_dag_with_python_operator_v5']) retrieved from /opt/airflow/dags/dag_with_po5.py
[2023-02-03T04:39:15.842+0000] {logging_mixin.py:137} INFO - [2023-02-03T04:39:15.841+0000] {dag.py:2690} INFO - Sync 1 DAGs
[2023-02-03T04:39:16.145+0000] {logging_mixin.py:137} INFO - [2023-02-03T04:39:16.143+0000] {dag.py:3441} INFO - Setting next_dagrun for our_first_dag_with_python_operator_v5 to 2023-02-02T00:00:00+00:00, run_after=2023-02-03T00:00:00+00:00
[2023-02-03T04:39:16.537+0000] {processor.py:175} INFO - Processing /opt/airflow/dags/dag_with_po5.py took 2.207 seconds
[2023-02-03T04:39:48.288+0000] {processor.py:153} INFO - Started process (PID=90) to work on /opt/airflow/dags/dag_with_po5.py
[2023-02-03T04:39:48.388+0000] {processor.py:743} INFO - Processing file /opt/airflow/dags/dag_with_po5.py for tasks to queue
[2023-02-03T04:39:48.420+0000] {logging_mixin.py:137} INFO - [2023-02-03T04:39:48.420+0000] {dagbag.py:538} INFO - Filling up the DagBag from /opt/airflow/dags/dag_with_po5.py
[2023-02-03T04:39:49.098+0000] {processor.py:753} INFO - DAG(s) dict_keys(['our_first_dag_with_python_operator_v5']) retrieved from /opt/airflow/dags/dag_with_po5.py
[2023-02-03T04:39:49.786+0000] {logging_mixin.py:137} INFO - [2023-02-03T04:39:49.785+0000] {dag.py:2690} INFO - Sync 1 DAGs
[2023-02-03T04:39:50.591+0000] {logging_mixin.py:137} INFO - [2023-02-03T04:39:50.590+0000] {dag.py:3441} INFO - Setting next_dagrun for our_first_dag_with_python_operator_v5 to 2023-02-02T00:00:00+00:00, run_after=2023-02-03T00:00:00+00:00
[2023-02-03T04:39:50.886+0000] {processor.py:175} INFO - Processing /opt/airflow/dags/dag_with_po5.py took 2.838 seconds
[2023-02-03T04:40:21.948+0000] {processor.py:153} INFO - Started process (PID=128) to work on /opt/airflow/dags/dag_with_po5.py
[2023-02-03T04:40:21.953+0000] {processor.py:743} INFO - Processing file /opt/airflow/dags/dag_with_po5.py for tasks to queue
[2023-02-03T04:40:21.958+0000] {logging_mixin.py:137} INFO - [2023-02-03T04:40:21.958+0000] {dagbag.py:538} INFO - Filling up the DagBag from /opt/airflow/dags/dag_with_po5.py
[2023-02-03T04:40:22.072+0000] {processor.py:753} INFO - DAG(s) dict_keys(['our_first_dag_with_python_operator_v5']) retrieved from /opt/airflow/dags/dag_with_po5.py
[2023-02-03T04:40:22.346+0000] {logging_mixin.py:137} INFO - [2023-02-03T04:40:22.345+0000] {dag.py:2690} INFO - Sync 1 DAGs
[2023-02-03T04:40:22.431+0000] {logging_mixin.py:137} INFO - [2023-02-03T04:40:22.431+0000] {dag.py:3441} INFO - Setting next_dagrun for our_first_dag_with_python_operator_v5 to 2023-02-02T00:00:00+00:00, run_after=2023-02-03T00:00:00+00:00
[2023-02-03T04:40:22.500+0000] {processor.py:175} INFO - Processing /opt/airflow/dags/dag_with_po5.py took 0.566 seconds
[2023-02-03T04:40:53.179+0000] {processor.py:153} INFO - Started process (PID=164) to work on /opt/airflow/dags/dag_with_po5.py
[2023-02-03T04:40:53.183+0000] {processor.py:743} INFO - Processing file /opt/airflow/dags/dag_with_po5.py for tasks to queue
[2023-02-03T04:40:53.192+0000] {logging_mixin.py:137} INFO - [2023-02-03T04:40:53.191+0000] {dagbag.py:538} INFO - Filling up the DagBag from /opt/airflow/dags/dag_with_po5.py
[2023-02-03T04:40:53.284+0000] {processor.py:753} INFO - DAG(s) dict_keys(['our_first_dag_with_python_operator_v5']) retrieved from /opt/airflow/dags/dag_with_po5.py
[2023-02-03T04:40:53.427+0000] {logging_mixin.py:137} INFO - [2023-02-03T04:40:53.427+0000] {dag.py:2690} INFO - Sync 1 DAGs
[2023-02-03T04:40:53.491+0000] {logging_mixin.py:137} INFO - [2023-02-03T04:40:53.490+0000] {dag.py:3441} INFO - Setting next_dagrun for our_first_dag_with_python_operator_v5 to 2023-02-02T00:00:00+00:00, run_after=2023-02-03T00:00:00+00:00
[2023-02-03T04:40:53.551+0000] {processor.py:175} INFO - Processing /opt/airflow/dags/dag_with_po5.py took 0.398 seconds
[2023-02-03T04:41:23.754+0000] {processor.py:153} INFO - Started process (PID=206) to work on /opt/airflow/dags/dag_with_po5.py
[2023-02-03T04:41:23.761+0000] {processor.py:743} INFO - Processing file /opt/airflow/dags/dag_with_po5.py for tasks to queue
[2023-02-03T04:41:23.765+0000] {logging_mixin.py:137} INFO - [2023-02-03T04:41:23.765+0000] {dagbag.py:538} INFO - Filling up the DagBag from /opt/airflow/dags/dag_with_po5.py
[2023-02-03T04:41:23.820+0000] {processor.py:753} INFO - DAG(s) dict_keys(['our_first_dag_with_python_operator_v5']) retrieved from /opt/airflow/dags/dag_with_po5.py
[2023-02-03T04:41:23.916+0000] {logging_mixin.py:137} INFO - [2023-02-03T04:41:23.916+0000] {dag.py:2690} INFO - Sync 1 DAGs
[2023-02-03T04:41:23.950+0000] {logging_mixin.py:137} INFO - [2023-02-03T04:41:23.950+0000] {dag.py:3441} INFO - Setting next_dagrun for our_first_dag_with_python_operator_v5 to 2023-02-02T00:00:00+00:00, run_after=2023-02-03T00:00:00+00:00
[2023-02-03T04:41:23.972+0000] {processor.py:175} INFO - Processing /opt/airflow/dags/dag_with_po5.py took 0.232 seconds
[2023-02-03T04:41:54.134+0000] {processor.py:153} INFO - Started process (PID=244) to work on /opt/airflow/dags/dag_with_po5.py
[2023-02-03T04:41:54.137+0000] {processor.py:743} INFO - Processing file /opt/airflow/dags/dag_with_po5.py for tasks to queue
[2023-02-03T04:41:54.139+0000] {logging_mixin.py:137} INFO - [2023-02-03T04:41:54.138+0000] {dagbag.py:538} INFO - Filling up the DagBag from /opt/airflow/dags/dag_with_po5.py
[2023-02-03T04:41:54.170+0000] {processor.py:753} INFO - DAG(s) dict_keys(['our_first_dag_with_python_operator_v5']) retrieved from /opt/airflow/dags/dag_with_po5.py
[2023-02-03T04:41:54.219+0000] {logging_mixin.py:137} INFO - [2023-02-03T04:41:54.218+0000] {dag.py:2690} INFO - Sync 1 DAGs
[2023-02-03T04:41:54.272+0000] {logging_mixin.py:137} INFO - [2023-02-03T04:41:54.272+0000] {dag.py:3441} INFO - Setting next_dagrun for our_first_dag_with_python_operator_v5 to 2023-02-02T00:00:00+00:00, run_after=2023-02-03T00:00:00+00:00
[2023-02-03T04:41:54.305+0000] {processor.py:175} INFO - Processing /opt/airflow/dags/dag_with_po5.py took 0.180 seconds
[2023-02-03T04:42:24.412+0000] {processor.py:153} INFO - Started process (PID=282) to work on /opt/airflow/dags/dag_with_po5.py
[2023-02-03T04:42:24.415+0000] {processor.py:743} INFO - Processing file /opt/airflow/dags/dag_with_po5.py for tasks to queue
[2023-02-03T04:42:24.416+0000] {logging_mixin.py:137} INFO - [2023-02-03T04:42:24.416+0000] {dagbag.py:538} INFO - Filling up the DagBag from /opt/airflow/dags/dag_with_po5.py
[2023-02-03T04:42:24.438+0000] {processor.py:753} INFO - DAG(s) dict_keys(['our_first_dag_with_python_operator_v5']) retrieved from /opt/airflow/dags/dag_with_po5.py
[2023-02-03T04:42:24.468+0000] {logging_mixin.py:137} INFO - [2023-02-03T04:42:24.468+0000] {dag.py:2690} INFO - Sync 1 DAGs
[2023-02-03T04:42:24.495+0000] {logging_mixin.py:137} INFO - [2023-02-03T04:42:24.495+0000] {dag.py:3441} INFO - Setting next_dagrun for our_first_dag_with_python_operator_v5 to 2023-02-02T00:00:00+00:00, run_after=2023-02-03T00:00:00+00:00
[2023-02-03T04:42:24.512+0000] {processor.py:175} INFO - Processing /opt/airflow/dags/dag_with_po5.py took 0.104 seconds
[2023-02-03T04:42:54.756+0000] {processor.py:153} INFO - Started process (PID=332) to work on /opt/airflow/dags/dag_with_po5.py
[2023-02-03T04:42:54.762+0000] {processor.py:743} INFO - Processing file /opt/airflow/dags/dag_with_po5.py for tasks to queue
[2023-02-03T04:42:54.765+0000] {logging_mixin.py:137} INFO - [2023-02-03T04:42:54.765+0000] {dagbag.py:538} INFO - Filling up the DagBag from /opt/airflow/dags/dag_with_po5.py
[2023-02-03T04:42:54.822+0000] {processor.py:753} INFO - DAG(s) dict_keys(['our_first_dag_with_python_operator_v5']) retrieved from /opt/airflow/dags/dag_with_po5.py
[2023-02-03T04:42:54.896+0000] {logging_mixin.py:137} INFO - [2023-02-03T04:42:54.895+0000] {dag.py:2690} INFO - Sync 1 DAGs
[2023-02-03T04:42:54.986+0000] {logging_mixin.py:137} INFO - [2023-02-03T04:42:54.986+0000] {dag.py:3441} INFO - Setting next_dagrun for our_first_dag_with_python_operator_v5 to 2023-02-02T00:00:00+00:00, run_after=2023-02-03T00:00:00+00:00
[2023-02-03T04:42:55.011+0000] {processor.py:175} INFO - Processing /opt/airflow/dags/dag_with_po5.py took 0.269 seconds
[2023-02-03T04:43:25.103+0000] {processor.py:153} INFO - Started process (PID=370) to work on /opt/airflow/dags/dag_with_po5.py
[2023-02-03T04:43:25.105+0000] {processor.py:743} INFO - Processing file /opt/airflow/dags/dag_with_po5.py for tasks to queue
[2023-02-03T04:43:25.107+0000] {logging_mixin.py:137} INFO - [2023-02-03T04:43:25.106+0000] {dagbag.py:538} INFO - Filling up the DagBag from /opt/airflow/dags/dag_with_po5.py
[2023-02-03T04:43:25.139+0000] {processor.py:753} INFO - DAG(s) dict_keys(['our_first_dag_with_python_operator_v5']) retrieved from /opt/airflow/dags/dag_with_po5.py
[2023-02-03T04:43:25.176+0000] {logging_mixin.py:137} INFO - [2023-02-03T04:43:25.176+0000] {dag.py:2690} INFO - Sync 1 DAGs
[2023-02-03T04:43:25.202+0000] {logging_mixin.py:137} INFO - [2023-02-03T04:43:25.202+0000] {dag.py:3441} INFO - Setting next_dagrun for our_first_dag_with_python_operator_v5 to 2023-02-02T00:00:00+00:00, run_after=2023-02-03T00:00:00+00:00
[2023-02-03T04:43:25.220+0000] {processor.py:175} INFO - Processing /opt/airflow/dags/dag_with_po5.py took 0.122 seconds
[2023-02-03T04:43:55.503+0000] {processor.py:153} INFO - Started process (PID=417) to work on /opt/airflow/dags/dag_with_po5.py
[2023-02-03T04:43:55.505+0000] {processor.py:743} INFO - Processing file /opt/airflow/dags/dag_with_po5.py for tasks to queue
[2023-02-03T04:43:55.509+0000] {logging_mixin.py:137} INFO - [2023-02-03T04:43:55.508+0000] {dagbag.py:538} INFO - Filling up the DagBag from /opt/airflow/dags/dag_with_po5.py
[2023-02-03T04:43:55.536+0000] {processor.py:753} INFO - DAG(s) dict_keys(['our_first_dag_with_python_operator_v5']) retrieved from /opt/airflow/dags/dag_with_po5.py
[2023-02-03T04:43:55.570+0000] {logging_mixin.py:137} INFO - [2023-02-03T04:43:55.570+0000] {dag.py:2690} INFO - Sync 1 DAGs
[2023-02-03T04:43:55.603+0000] {logging_mixin.py:137} INFO - [2023-02-03T04:43:55.602+0000] {dag.py:3441} INFO - Setting next_dagrun for our_first_dag_with_python_operator_v5 to 2023-02-02T00:00:00+00:00, run_after=2023-02-03T00:00:00+00:00
[2023-02-03T04:43:55.624+0000] {processor.py:175} INFO - Processing /opt/airflow/dags/dag_with_po5.py took 0.127 seconds
[2023-02-03T04:44:25.915+0000] {processor.py:153} INFO - Started process (PID=464) to work on /opt/airflow/dags/dag_with_po5.py
[2023-02-03T04:44:25.929+0000] {processor.py:743} INFO - Processing file /opt/airflow/dags/dag_with_po5.py for tasks to queue
[2023-02-03T04:44:25.936+0000] {logging_mixin.py:137} INFO - [2023-02-03T04:44:25.936+0000] {dagbag.py:538} INFO - Filling up the DagBag from /opt/airflow/dags/dag_with_po5.py
[2023-02-03T04:44:25.989+0000] {processor.py:753} INFO - DAG(s) dict_keys(['our_first_dag_with_python_operator_v5']) retrieved from /opt/airflow/dags/dag_with_po5.py
[2023-02-03T04:44:26.080+0000] {logging_mixin.py:137} INFO - [2023-02-03T04:44:26.079+0000] {dag.py:2690} INFO - Sync 1 DAGs
[2023-02-03T04:44:26.135+0000] {logging_mixin.py:137} INFO - [2023-02-03T04:44:26.134+0000] {dag.py:3441} INFO - Setting next_dagrun for our_first_dag_with_python_operator_v5 to 2023-02-02T00:00:00+00:00, run_after=2023-02-03T00:00:00+00:00
[2023-02-03T04:44:26.181+0000] {processor.py:175} INFO - Processing /opt/airflow/dags/dag_with_po5.py took 0.317 seconds
[2023-02-03T04:44:56.402+0000] {processor.py:153} INFO - Started process (PID=502) to work on /opt/airflow/dags/dag_with_po5.py
[2023-02-03T04:44:56.419+0000] {processor.py:743} INFO - Processing file /opt/airflow/dags/dag_with_po5.py for tasks to queue
[2023-02-03T04:44:56.425+0000] {logging_mixin.py:137} INFO - [2023-02-03T04:44:56.424+0000] {dagbag.py:538} INFO - Filling up the DagBag from /opt/airflow/dags/dag_with_po5.py
[2023-02-03T04:44:56.483+0000] {processor.py:753} INFO - DAG(s) dict_keys(['our_first_dag_with_python_operator_v5']) retrieved from /opt/airflow/dags/dag_with_po5.py
[2023-02-03T04:44:56.528+0000] {logging_mixin.py:137} INFO - [2023-02-03T04:44:56.528+0000] {dag.py:2690} INFO - Sync 1 DAGs
[2023-02-03T04:44:56.561+0000] {logging_mixin.py:137} INFO - [2023-02-03T04:44:56.561+0000] {dag.py:3441} INFO - Setting next_dagrun for our_first_dag_with_python_operator_v5 to 2023-02-02T00:00:00+00:00, run_after=2023-02-03T00:00:00+00:00
[2023-02-03T04:44:56.582+0000] {processor.py:175} INFO - Processing /opt/airflow/dags/dag_with_po5.py took 0.204 seconds
[2023-02-03T04:45:26.853+0000] {processor.py:153} INFO - Started process (PID=553) to work on /opt/airflow/dags/dag_with_po5.py
[2023-02-03T04:45:26.865+0000] {processor.py:743} INFO - Processing file /opt/airflow/dags/dag_with_po5.py for tasks to queue
[2023-02-03T04:45:26.872+0000] {logging_mixin.py:137} INFO - [2023-02-03T04:45:26.871+0000] {dagbag.py:538} INFO - Filling up the DagBag from /opt/airflow/dags/dag_with_po5.py
[2023-02-03T04:45:27.080+0000] {processor.py:753} INFO - DAG(s) dict_keys(['our_first_dag_with_python_operator_v5']) retrieved from /opt/airflow/dags/dag_with_po5.py
[2023-02-03T04:45:27.258+0000] {logging_mixin.py:137} INFO - [2023-02-03T04:45:27.258+0000] {dag.py:2690} INFO - Sync 1 DAGs
[2023-02-03T04:45:27.365+0000] {logging_mixin.py:137} INFO - [2023-02-03T04:45:27.364+0000] {dag.py:3441} INFO - Setting next_dagrun for our_first_dag_with_python_operator_v5 to 2023-02-02T00:00:00+00:00, run_after=2023-02-03T00:00:00+00:00
[2023-02-03T04:45:27.444+0000] {processor.py:175} INFO - Processing /opt/airflow/dags/dag_with_po5.py took 0.613 seconds
[2023-02-03T04:45:57.838+0000] {processor.py:153} INFO - Started process (PID=591) to work on /opt/airflow/dags/dag_with_po5.py
[2023-02-03T04:45:57.856+0000] {processor.py:743} INFO - Processing file /opt/airflow/dags/dag_with_po5.py for tasks to queue
[2023-02-03T04:45:57.866+0000] {logging_mixin.py:137} INFO - [2023-02-03T04:45:57.865+0000] {dagbag.py:538} INFO - Filling up the DagBag from /opt/airflow/dags/dag_with_po5.py
[2023-02-03T04:45:58.081+0000] {processor.py:753} INFO - DAG(s) dict_keys(['our_first_dag_with_python_operator_v5']) retrieved from /opt/airflow/dags/dag_with_po5.py
[2023-02-03T04:45:58.375+0000] {logging_mixin.py:137} INFO - [2023-02-03T04:45:58.374+0000] {dag.py:2690} INFO - Sync 1 DAGs
[2023-02-03T04:45:58.466+0000] {logging_mixin.py:137} INFO - [2023-02-03T04:45:58.464+0000] {dag.py:3441} INFO - Setting next_dagrun for our_first_dag_with_python_operator_v5 to 2023-02-02T00:00:00+00:00, run_after=2023-02-03T00:00:00+00:00
[2023-02-03T04:45:58.554+0000] {processor.py:175} INFO - Processing /opt/airflow/dags/dag_with_po5.py took 0.734 seconds
[2023-02-03T04:46:28.858+0000] {processor.py:153} INFO - Started process (PID=629) to work on /opt/airflow/dags/dag_with_po5.py
[2023-02-03T04:46:28.860+0000] {processor.py:743} INFO - Processing file /opt/airflow/dags/dag_with_po5.py for tasks to queue
[2023-02-03T04:46:28.863+0000] {logging_mixin.py:137} INFO - [2023-02-03T04:46:28.862+0000] {dagbag.py:538} INFO - Filling up the DagBag from /opt/airflow/dags/dag_with_po5.py
[2023-02-03T04:46:28.901+0000] {processor.py:753} INFO - DAG(s) dict_keys(['our_first_dag_with_python_operator_v5']) retrieved from /opt/airflow/dags/dag_with_po5.py
[2023-02-03T04:46:28.941+0000] {logging_mixin.py:137} INFO - [2023-02-03T04:46:28.941+0000] {dag.py:2690} INFO - Sync 1 DAGs
[2023-02-03T04:46:28.986+0000] {logging_mixin.py:137} INFO - [2023-02-03T04:46:28.984+0000] {dag.py:3441} INFO - Setting next_dagrun for our_first_dag_with_python_operator_v5 to 2023-02-02T00:00:00+00:00, run_after=2023-02-03T00:00:00+00:00
[2023-02-03T04:46:29.022+0000] {processor.py:175} INFO - Processing /opt/airflow/dags/dag_with_po5.py took 0.170 seconds
[2023-02-03T04:46:59.347+0000] {processor.py:153} INFO - Started process (PID=668) to work on /opt/airflow/dags/dag_with_po5.py
[2023-02-03T04:46:59.349+0000] {processor.py:743} INFO - Processing file /opt/airflow/dags/dag_with_po5.py for tasks to queue
[2023-02-03T04:46:59.352+0000] {logging_mixin.py:137} INFO - [2023-02-03T04:46:59.352+0000] {dagbag.py:538} INFO - Filling up the DagBag from /opt/airflow/dags/dag_with_po5.py
[2023-02-03T04:46:59.377+0000] {processor.py:753} INFO - DAG(s) dict_keys(['our_first_dag_with_python_operator_v5']) retrieved from /opt/airflow/dags/dag_with_po5.py
[2023-02-03T04:46:59.409+0000] {logging_mixin.py:137} INFO - [2023-02-03T04:46:59.409+0000] {dag.py:2690} INFO - Sync 1 DAGs
[2023-02-03T04:46:59.437+0000] {logging_mixin.py:137} INFO - [2023-02-03T04:46:59.437+0000] {dag.py:3441} INFO - Setting next_dagrun for our_first_dag_with_python_operator_v5 to 2023-02-02T00:00:00+00:00, run_after=2023-02-03T00:00:00+00:00
[2023-02-03T04:46:59.460+0000] {processor.py:175} INFO - Processing /opt/airflow/dags/dag_with_po5.py took 0.119 seconds
[2023-02-03T04:47:30.274+0000] {processor.py:153} INFO - Started process (PID=717) to work on /opt/airflow/dags/dag_with_po5.py
[2023-02-03T04:47:30.277+0000] {processor.py:743} INFO - Processing file /opt/airflow/dags/dag_with_po5.py for tasks to queue
[2023-02-03T04:47:30.283+0000] {logging_mixin.py:137} INFO - [2023-02-03T04:47:30.281+0000] {dagbag.py:538} INFO - Filling up the DagBag from /opt/airflow/dags/dag_with_po5.py
[2023-02-03T04:47:30.380+0000] {processor.py:753} INFO - DAG(s) dict_keys(['our_first_dag_with_python_operator_v5']) retrieved from /opt/airflow/dags/dag_with_po5.py
[2023-02-03T04:47:30.464+0000] {logging_mixin.py:137} INFO - [2023-02-03T04:47:30.464+0000] {dag.py:2690} INFO - Sync 1 DAGs
[2023-02-03T04:47:30.541+0000] {logging_mixin.py:137} INFO - [2023-02-03T04:47:30.540+0000] {dag.py:3441} INFO - Setting next_dagrun for our_first_dag_with_python_operator_v5 to 2023-02-02T00:00:00+00:00, run_after=2023-02-03T00:00:00+00:00
[2023-02-03T04:47:30.582+0000] {processor.py:175} INFO - Processing /opt/airflow/dags/dag_with_po5.py took 0.342 seconds
[2023-02-03T04:48:00.763+0000] {processor.py:153} INFO - Started process (PID=754) to work on /opt/airflow/dags/dag_with_po5.py
[2023-02-03T04:48:00.764+0000] {processor.py:743} INFO - Processing file /opt/airflow/dags/dag_with_po5.py for tasks to queue
[2023-02-03T04:48:00.766+0000] {logging_mixin.py:137} INFO - [2023-02-03T04:48:00.766+0000] {dagbag.py:538} INFO - Filling up the DagBag from /opt/airflow/dags/dag_with_po5.py
[2023-02-03T04:48:00.791+0000] {processor.py:753} INFO - DAG(s) dict_keys(['our_first_dag_with_python_operator_v5']) retrieved from /opt/airflow/dags/dag_with_po5.py
[2023-02-03T04:48:00.828+0000] {logging_mixin.py:137} INFO - [2023-02-03T04:48:00.828+0000] {dag.py:2690} INFO - Sync 1 DAGs
[2023-02-03T04:48:00.857+0000] {logging_mixin.py:137} INFO - [2023-02-03T04:48:00.857+0000] {dag.py:3441} INFO - Setting next_dagrun for our_first_dag_with_python_operator_v5 to 2023-02-02T00:00:00+00:00, run_after=2023-02-03T00:00:00+00:00
[2023-02-03T04:48:00.876+0000] {processor.py:175} INFO - Processing /opt/airflow/dags/dag_with_po5.py took 0.118 seconds
[2023-02-03T04:48:31.339+0000] {processor.py:153} INFO - Started process (PID=792) to work on /opt/airflow/dags/dag_with_po5.py
[2023-02-03T04:48:31.341+0000] {processor.py:743} INFO - Processing file /opt/airflow/dags/dag_with_po5.py for tasks to queue
[2023-02-03T04:48:31.342+0000] {logging_mixin.py:137} INFO - [2023-02-03T04:48:31.342+0000] {dagbag.py:538} INFO - Filling up the DagBag from /opt/airflow/dags/dag_with_po5.py
[2023-02-03T04:48:31.365+0000] {processor.py:753} INFO - DAG(s) dict_keys(['our_first_dag_with_python_operator_v5']) retrieved from /opt/airflow/dags/dag_with_po5.py
[2023-02-03T04:48:31.408+0000] {logging_mixin.py:137} INFO - [2023-02-03T04:48:31.408+0000] {dag.py:2690} INFO - Sync 1 DAGs
[2023-02-03T04:48:31.463+0000] {logging_mixin.py:137} INFO - [2023-02-03T04:48:31.463+0000] {dag.py:3441} INFO - Setting next_dagrun for our_first_dag_with_python_operator_v5 to 2023-02-02T00:00:00+00:00, run_after=2023-02-03T00:00:00+00:00
[2023-02-03T04:48:31.495+0000] {processor.py:175} INFO - Processing /opt/airflow/dags/dag_with_po5.py took 0.162 seconds
[2023-02-03T04:49:01.594+0000] {processor.py:153} INFO - Started process (PID=843) to work on /opt/airflow/dags/dag_with_po5.py
[2023-02-03T04:49:01.597+0000] {processor.py:743} INFO - Processing file /opt/airflow/dags/dag_with_po5.py for tasks to queue
[2023-02-03T04:49:01.599+0000] {logging_mixin.py:137} INFO - [2023-02-03T04:49:01.599+0000] {dagbag.py:538} INFO - Filling up the DagBag from /opt/airflow/dags/dag_with_po5.py
[2023-02-03T04:49:01.666+0000] {processor.py:753} INFO - DAG(s) dict_keys(['our_first_dag_with_python_operator_v5']) retrieved from /opt/airflow/dags/dag_with_po5.py
[2023-02-03T04:49:01.723+0000] {logging_mixin.py:137} INFO - [2023-02-03T04:49:01.723+0000] {dag.py:2690} INFO - Sync 1 DAGs
[2023-02-03T04:49:01.770+0000] {logging_mixin.py:137} INFO - [2023-02-03T04:49:01.770+0000] {dag.py:3441} INFO - Setting next_dagrun for our_first_dag_with_python_operator_v5 to 2023-02-02T00:00:00+00:00, run_after=2023-02-03T00:00:00+00:00
[2023-02-03T04:49:01.819+0000] {processor.py:175} INFO - Processing /opt/airflow/dags/dag_with_po5.py took 0.234 seconds
[2023-02-03T04:49:32.135+0000] {processor.py:153} INFO - Started process (PID=881) to work on /opt/airflow/dags/dag_with_po5.py
[2023-02-03T04:49:32.138+0000] {processor.py:743} INFO - Processing file /opt/airflow/dags/dag_with_po5.py for tasks to queue
[2023-02-03T04:49:32.139+0000] {logging_mixin.py:137} INFO - [2023-02-03T04:49:32.139+0000] {dagbag.py:538} INFO - Filling up the DagBag from /opt/airflow/dags/dag_with_po5.py
[2023-02-03T04:49:32.163+0000] {processor.py:753} INFO - DAG(s) dict_keys(['our_first_dag_with_python_operator_v5']) retrieved from /opt/airflow/dags/dag_with_po5.py
[2023-02-03T04:49:32.197+0000] {logging_mixin.py:137} INFO - [2023-02-03T04:49:32.196+0000] {dag.py:2690} INFO - Sync 1 DAGs
[2023-02-03T04:49:32.230+0000] {logging_mixin.py:137} INFO - [2023-02-03T04:49:32.230+0000] {dag.py:3441} INFO - Setting next_dagrun for our_first_dag_with_python_operator_v5 to 2023-02-02T00:00:00+00:00, run_after=2023-02-03T00:00:00+00:00
[2023-02-03T04:49:32.248+0000] {processor.py:175} INFO - Processing /opt/airflow/dags/dag_with_po5.py took 0.118 seconds
[2023-02-03T04:50:02.467+0000] {processor.py:153} INFO - Started process (PID=929) to work on /opt/airflow/dags/dag_with_po5.py
[2023-02-03T04:50:02.471+0000] {processor.py:743} INFO - Processing file /opt/airflow/dags/dag_with_po5.py for tasks to queue
[2023-02-03T04:50:02.473+0000] {logging_mixin.py:137} INFO - [2023-02-03T04:50:02.473+0000] {dagbag.py:538} INFO - Filling up the DagBag from /opt/airflow/dags/dag_with_po5.py
[2023-02-03T04:50:02.532+0000] {processor.py:753} INFO - DAG(s) dict_keys(['our_first_dag_with_python_operator_v5']) retrieved from /opt/airflow/dags/dag_with_po5.py
[2023-02-03T04:50:02.582+0000] {logging_mixin.py:137} INFO - [2023-02-03T04:50:02.582+0000] {dag.py:2690} INFO - Sync 1 DAGs
[2023-02-03T04:50:02.663+0000] {logging_mixin.py:137} INFO - [2023-02-03T04:50:02.662+0000] {dag.py:3441} INFO - Setting next_dagrun for our_first_dag_with_python_operator_v5 to 2023-02-02T00:00:00+00:00, run_after=2023-02-03T00:00:00+00:00
[2023-02-03T04:50:02.693+0000] {processor.py:175} INFO - Processing /opt/airflow/dags/dag_with_po5.py took 0.235 seconds
[2023-02-03T04:50:32.833+0000] {processor.py:153} INFO - Started process (PID=970) to work on /opt/airflow/dags/dag_with_po5.py
[2023-02-03T04:50:32.835+0000] {processor.py:743} INFO - Processing file /opt/airflow/dags/dag_with_po5.py for tasks to queue
[2023-02-03T04:50:32.836+0000] {logging_mixin.py:137} INFO - [2023-02-03T04:50:32.836+0000] {dagbag.py:538} INFO - Filling up the DagBag from /opt/airflow/dags/dag_with_po5.py
[2023-02-03T04:50:32.858+0000] {processor.py:753} INFO - DAG(s) dict_keys(['our_first_dag_with_python_operator_v5']) retrieved from /opt/airflow/dags/dag_with_po5.py
[2023-02-03T04:50:32.889+0000] {logging_mixin.py:137} INFO - [2023-02-03T04:50:32.889+0000] {dag.py:2690} INFO - Sync 1 DAGs
[2023-02-03T04:50:32.917+0000] {logging_mixin.py:137} INFO - [2023-02-03T04:50:32.917+0000] {dag.py:3441} INFO - Setting next_dagrun for our_first_dag_with_python_operator_v5 to 2023-02-02T00:00:00+00:00, run_after=2023-02-03T00:00:00+00:00
[2023-02-03T04:50:32.935+0000] {processor.py:175} INFO - Processing /opt/airflow/dags/dag_with_po5.py took 0.109 seconds
[2023-02-03T04:51:03.196+0000] {processor.py:153} INFO - Started process (PID=1008) to work on /opt/airflow/dags/dag_with_po5.py
[2023-02-03T04:51:03.205+0000] {processor.py:743} INFO - Processing file /opt/airflow/dags/dag_with_po5.py for tasks to queue
[2023-02-03T04:51:03.207+0000] {logging_mixin.py:137} INFO - [2023-02-03T04:51:03.207+0000] {dagbag.py:538} INFO - Filling up the DagBag from /opt/airflow/dags/dag_with_po5.py
[2023-02-03T04:51:03.251+0000] {processor.py:753} INFO - DAG(s) dict_keys(['our_first_dag_with_python_operator_v5']) retrieved from /opt/airflow/dags/dag_with_po5.py
[2023-02-03T04:51:03.292+0000] {logging_mixin.py:137} INFO - [2023-02-03T04:51:03.292+0000] {dag.py:2690} INFO - Sync 1 DAGs
[2023-02-03T04:51:03.328+0000] {logging_mixin.py:137} INFO - [2023-02-03T04:51:03.328+0000] {dag.py:3441} INFO - Setting next_dagrun for our_first_dag_with_python_operator_v5 to 2023-02-02T00:00:00+00:00, run_after=2023-02-03T00:00:00+00:00
[2023-02-03T04:51:03.358+0000] {processor.py:175} INFO - Processing /opt/airflow/dags/dag_with_po5.py took 0.167 seconds
[2023-02-03T04:51:33.510+0000] {processor.py:153} INFO - Started process (PID=1058) to work on /opt/airflow/dags/dag_with_po5.py
[2023-02-03T04:51:33.513+0000] {processor.py:743} INFO - Processing file /opt/airflow/dags/dag_with_po5.py for tasks to queue
[2023-02-03T04:51:33.516+0000] {logging_mixin.py:137} INFO - [2023-02-03T04:51:33.516+0000] {dagbag.py:538} INFO - Filling up the DagBag from /opt/airflow/dags/dag_with_po5.py
[2023-02-03T04:51:33.550+0000] {processor.py:753} INFO - DAG(s) dict_keys(['our_first_dag_with_python_operator_v5']) retrieved from /opt/airflow/dags/dag_with_po5.py
[2023-02-03T04:51:33.585+0000] {logging_mixin.py:137} INFO - [2023-02-03T04:51:33.584+0000] {dag.py:2690} INFO - Sync 1 DAGs
[2023-02-03T04:51:33.611+0000] {logging_mixin.py:137} INFO - [2023-02-03T04:51:33.611+0000] {dag.py:3441} INFO - Setting next_dagrun for our_first_dag_with_python_operator_v5 to 2023-02-02T00:00:00+00:00, run_after=2023-02-03T00:00:00+00:00
[2023-02-03T04:51:33.629+0000] {processor.py:175} INFO - Processing /opt/airflow/dags/dag_with_po5.py took 0.126 seconds
[2023-02-03T04:52:03.761+0000] {processor.py:153} INFO - Started process (PID=1097) to work on /opt/airflow/dags/dag_with_po5.py
[2023-02-03T04:52:03.763+0000] {processor.py:743} INFO - Processing file /opt/airflow/dags/dag_with_po5.py for tasks to queue
[2023-02-03T04:52:03.764+0000] {logging_mixin.py:137} INFO - [2023-02-03T04:52:03.764+0000] {dagbag.py:538} INFO - Filling up the DagBag from /opt/airflow/dags/dag_with_po5.py
[2023-02-03T04:52:03.789+0000] {processor.py:753} INFO - DAG(s) dict_keys(['our_first_dag_with_python_operator_v5']) retrieved from /opt/airflow/dags/dag_with_po5.py
[2023-02-03T04:52:03.827+0000] {logging_mixin.py:137} INFO - [2023-02-03T04:52:03.826+0000] {dag.py:2690} INFO - Sync 1 DAGs
[2023-02-03T04:52:03.858+0000] {logging_mixin.py:137} INFO - [2023-02-03T04:52:03.858+0000] {dag.py:3441} INFO - Setting next_dagrun for our_first_dag_with_python_operator_v5 to 2023-02-02T00:00:00+00:00, run_after=2023-02-03T00:00:00+00:00
[2023-02-03T04:52:03.877+0000] {processor.py:175} INFO - Processing /opt/airflow/dags/dag_with_po5.py took 0.122 seconds
[2023-02-03T04:52:34.846+0000] {processor.py:153} INFO - Started process (PID=1147) to work on /opt/airflow/dags/dag_with_po5.py
[2023-02-03T04:52:34.848+0000] {processor.py:743} INFO - Processing file /opt/airflow/dags/dag_with_po5.py for tasks to queue
[2023-02-03T04:52:34.850+0000] {logging_mixin.py:137} INFO - [2023-02-03T04:52:34.850+0000] {dagbag.py:538} INFO - Filling up the DagBag from /opt/airflow/dags/dag_with_po5.py
[2023-02-03T04:52:34.876+0000] {processor.py:753} INFO - DAG(s) dict_keys(['our_first_dag_with_python_operator_v5']) retrieved from /opt/airflow/dags/dag_with_po5.py
[2023-02-03T04:52:34.909+0000] {logging_mixin.py:137} INFO - [2023-02-03T04:52:34.909+0000] {dag.py:2690} INFO - Sync 1 DAGs
[2023-02-03T04:52:34.935+0000] {logging_mixin.py:137} INFO - [2023-02-03T04:52:34.935+0000] {dag.py:3441} INFO - Setting next_dagrun for our_first_dag_with_python_operator_v5 to 2023-02-02T00:00:00+00:00, run_after=2023-02-03T00:00:00+00:00
[2023-02-03T04:52:34.953+0000] {processor.py:175} INFO - Processing /opt/airflow/dags/dag_with_po5.py took 0.111 seconds
[2023-02-03T04:53:05.121+0000] {processor.py:153} INFO - Started process (PID=1186) to work on /opt/airflow/dags/dag_with_po5.py
[2023-02-03T04:53:05.123+0000] {processor.py:743} INFO - Processing file /opt/airflow/dags/dag_with_po5.py for tasks to queue
[2023-02-03T04:53:05.124+0000] {logging_mixin.py:137} INFO - [2023-02-03T04:53:05.124+0000] {dagbag.py:538} INFO - Filling up the DagBag from /opt/airflow/dags/dag_with_po5.py
[2023-02-03T04:53:05.151+0000] {processor.py:753} INFO - DAG(s) dict_keys(['our_first_dag_with_python_operator_v5']) retrieved from /opt/airflow/dags/dag_with_po5.py
[2023-02-03T04:53:05.185+0000] {logging_mixin.py:137} INFO - [2023-02-03T04:53:05.185+0000] {dag.py:2690} INFO - Sync 1 DAGs
[2023-02-03T04:53:05.213+0000] {logging_mixin.py:137} INFO - [2023-02-03T04:53:05.213+0000] {dag.py:3441} INFO - Setting next_dagrun for our_first_dag_with_python_operator_v5 to 2023-02-02T00:00:00+00:00, run_after=2023-02-03T00:00:00+00:00
[2023-02-03T04:53:05.235+0000] {processor.py:175} INFO - Processing /opt/airflow/dags/dag_with_po5.py took 0.120 seconds
[2023-02-03T04:53:35.493+0000] {processor.py:153} INFO - Started process (PID=1230) to work on /opt/airflow/dags/dag_with_po5.py
[2023-02-03T04:53:35.497+0000] {processor.py:743} INFO - Processing file /opt/airflow/dags/dag_with_po5.py for tasks to queue
[2023-02-03T04:53:35.500+0000] {logging_mixin.py:137} INFO - [2023-02-03T04:53:35.500+0000] {dagbag.py:538} INFO - Filling up the DagBag from /opt/airflow/dags/dag_with_po5.py
[2023-02-03T04:53:35.537+0000] {processor.py:753} INFO - DAG(s) dict_keys(['our_first_dag_with_python_operator_v5']) retrieved from /opt/airflow/dags/dag_with_po5.py
[2023-02-03T04:53:35.611+0000] {logging_mixin.py:137} INFO - [2023-02-03T04:53:35.610+0000] {dag.py:2690} INFO - Sync 1 DAGs
[2023-02-03T04:53:35.670+0000] {logging_mixin.py:137} INFO - [2023-02-03T04:53:35.669+0000] {dag.py:3441} INFO - Setting next_dagrun for our_first_dag_with_python_operator_v5 to 2023-02-02T00:00:00+00:00, run_after=2023-02-03T00:00:00+00:00
[2023-02-03T04:53:35.702+0000] {processor.py:175} INFO - Processing /opt/airflow/dags/dag_with_po5.py took 0.219 seconds
[2023-02-03T04:54:05.942+0000] {processor.py:153} INFO - Started process (PID=1273) to work on /opt/airflow/dags/dag_with_po5.py
[2023-02-03T04:54:05.945+0000] {processor.py:743} INFO - Processing file /opt/airflow/dags/dag_with_po5.py for tasks to queue
[2023-02-03T04:54:05.946+0000] {logging_mixin.py:137} INFO - [2023-02-03T04:54:05.946+0000] {dagbag.py:538} INFO - Filling up the DagBag from /opt/airflow/dags/dag_with_po5.py
[2023-02-03T04:54:05.970+0000] {processor.py:753} INFO - DAG(s) dict_keys(['our_first_dag_with_python_operator_v5']) retrieved from /opt/airflow/dags/dag_with_po5.py
[2023-02-03T04:54:06.005+0000] {logging_mixin.py:137} INFO - [2023-02-03T04:54:06.005+0000] {dag.py:2690} INFO - Sync 1 DAGs
[2023-02-03T04:54:06.033+0000] {logging_mixin.py:137} INFO - [2023-02-03T04:54:06.033+0000] {dag.py:3441} INFO - Setting next_dagrun for our_first_dag_with_python_operator_v5 to 2023-02-02T00:00:00+00:00, run_after=2023-02-03T00:00:00+00:00
[2023-02-03T04:54:06.051+0000] {processor.py:175} INFO - Processing /opt/airflow/dags/dag_with_po5.py took 0.115 seconds
[2023-02-03T04:54:36.645+0000] {processor.py:153} INFO - Started process (PID=1311) to work on /opt/airflow/dags/dag_with_po5.py
[2023-02-03T04:54:36.647+0000] {processor.py:743} INFO - Processing file /opt/airflow/dags/dag_with_po5.py for tasks to queue
[2023-02-03T04:54:36.648+0000] {logging_mixin.py:137} INFO - [2023-02-03T04:54:36.648+0000] {dagbag.py:538} INFO - Filling up the DagBag from /opt/airflow/dags/dag_with_po5.py
[2023-02-03T04:54:36.669+0000] {processor.py:753} INFO - DAG(s) dict_keys(['our_first_dag_with_python_operator_v5']) retrieved from /opt/airflow/dags/dag_with_po5.py
[2023-02-03T04:54:36.697+0000] {logging_mixin.py:137} INFO - [2023-02-03T04:54:36.697+0000] {dag.py:2690} INFO - Sync 1 DAGs
[2023-02-03T04:54:36.721+0000] {logging_mixin.py:137} INFO - [2023-02-03T04:54:36.721+0000] {dag.py:3441} INFO - Setting next_dagrun for our_first_dag_with_python_operator_v5 to 2023-02-02T00:00:00+00:00, run_after=2023-02-03T00:00:00+00:00
[2023-02-03T04:54:36.737+0000] {processor.py:175} INFO - Processing /opt/airflow/dags/dag_with_po5.py took 0.102 seconds
[2023-02-03T04:55:07.541+0000] {processor.py:153} INFO - Started process (PID=1357) to work on /opt/airflow/dags/dag_with_po5.py
[2023-02-03T04:55:07.546+0000] {processor.py:743} INFO - Processing file /opt/airflow/dags/dag_with_po5.py for tasks to queue
[2023-02-03T04:55:07.548+0000] {logging_mixin.py:137} INFO - [2023-02-03T04:55:07.548+0000] {dagbag.py:538} INFO - Filling up the DagBag from /opt/airflow/dags/dag_with_po5.py
[2023-02-03T04:55:07.609+0000] {processor.py:753} INFO - DAG(s) dict_keys(['our_first_dag_with_python_operator_v5']) retrieved from /opt/airflow/dags/dag_with_po5.py
[2023-02-03T04:55:07.671+0000] {logging_mixin.py:137} INFO - [2023-02-03T04:55:07.670+0000] {dag.py:2690} INFO - Sync 1 DAGs
[2023-02-03T04:55:07.738+0000] {logging_mixin.py:137} INFO - [2023-02-03T04:55:07.737+0000] {dag.py:3441} INFO - Setting next_dagrun for our_first_dag_with_python_operator_v5 to 2023-02-02T00:00:00+00:00, run_after=2023-02-03T00:00:00+00:00
[2023-02-03T04:55:07.868+0000] {processor.py:175} INFO - Processing /opt/airflow/dags/dag_with_po5.py took 0.337 seconds
[2023-02-03T04:55:38.282+0000] {processor.py:153} INFO - Started process (PID=1398) to work on /opt/airflow/dags/dag_with_po5.py
[2023-02-03T04:55:38.288+0000] {processor.py:743} INFO - Processing file /opt/airflow/dags/dag_with_po5.py for tasks to queue
[2023-02-03T04:55:38.289+0000] {logging_mixin.py:137} INFO - [2023-02-03T04:55:38.289+0000] {dagbag.py:538} INFO - Filling up the DagBag from /opt/airflow/dags/dag_with_po5.py
[2023-02-03T04:55:38.316+0000] {processor.py:753} INFO - DAG(s) dict_keys(['our_first_dag_with_python_operator_v5']) retrieved from /opt/airflow/dags/dag_with_po5.py
[2023-02-03T04:55:38.352+0000] {logging_mixin.py:137} INFO - [2023-02-03T04:55:38.352+0000] {dag.py:2690} INFO - Sync 1 DAGs
[2023-02-03T04:55:38.381+0000] {logging_mixin.py:137} INFO - [2023-02-03T04:55:38.381+0000] {dag.py:3441} INFO - Setting next_dagrun for our_first_dag_with_python_operator_v5 to 2023-02-02T00:00:00+00:00, run_after=2023-02-03T00:00:00+00:00
[2023-02-03T04:55:38.406+0000] {processor.py:175} INFO - Processing /opt/airflow/dags/dag_with_po5.py took 0.136 seconds
[2023-02-03T04:56:08.766+0000] {processor.py:153} INFO - Started process (PID=1436) to work on /opt/airflow/dags/dag_with_po5.py
[2023-02-03T04:56:08.767+0000] {processor.py:743} INFO - Processing file /opt/airflow/dags/dag_with_po5.py for tasks to queue
[2023-02-03T04:56:08.769+0000] {logging_mixin.py:137} INFO - [2023-02-03T04:56:08.769+0000] {dagbag.py:538} INFO - Filling up the DagBag from /opt/airflow/dags/dag_with_po5.py
[2023-02-03T04:56:08.816+0000] {processor.py:753} INFO - DAG(s) dict_keys(['our_first_dag_with_python_operator_v5']) retrieved from /opt/airflow/dags/dag_with_po5.py
[2023-02-03T04:56:08.859+0000] {logging_mixin.py:137} INFO - [2023-02-03T04:56:08.859+0000] {dag.py:2690} INFO - Sync 1 DAGs
[2023-02-03T04:56:08.898+0000] {logging_mixin.py:137} INFO - [2023-02-03T04:56:08.898+0000] {dag.py:3441} INFO - Setting next_dagrun for our_first_dag_with_python_operator_v5 to 2023-02-02T00:00:00+00:00, run_after=2023-02-03T00:00:00+00:00
[2023-02-03T04:56:08.925+0000] {processor.py:175} INFO - Processing /opt/airflow/dags/dag_with_po5.py took 0.164 seconds
[2023-02-03T04:56:39.252+0000] {processor.py:153} INFO - Started process (PID=1486) to work on /opt/airflow/dags/dag_with_po5.py
[2023-02-03T04:56:39.254+0000] {processor.py:743} INFO - Processing file /opt/airflow/dags/dag_with_po5.py for tasks to queue
[2023-02-03T04:56:39.255+0000] {logging_mixin.py:137} INFO - [2023-02-03T04:56:39.255+0000] {dagbag.py:538} INFO - Filling up the DagBag from /opt/airflow/dags/dag_with_po5.py
[2023-02-03T04:56:39.278+0000] {processor.py:753} INFO - DAG(s) dict_keys(['our_first_dag_with_python_operator_v5']) retrieved from /opt/airflow/dags/dag_with_po5.py
[2023-02-03T04:56:39.312+0000] {logging_mixin.py:137} INFO - [2023-02-03T04:56:39.312+0000] {dag.py:2690} INFO - Sync 1 DAGs
[2023-02-03T04:56:39.339+0000] {logging_mixin.py:137} INFO - [2023-02-03T04:56:39.338+0000] {dag.py:3441} INFO - Setting next_dagrun for our_first_dag_with_python_operator_v5 to 2023-02-02T00:00:00+00:00, run_after=2023-02-03T00:00:00+00:00
[2023-02-03T04:56:39.356+0000] {processor.py:175} INFO - Processing /opt/airflow/dags/dag_with_po5.py took 0.112 seconds
[2023-02-03T04:57:09.526+0000] {processor.py:153} INFO - Started process (PID=1523) to work on /opt/airflow/dags/dag_with_po5.py
[2023-02-03T04:57:09.528+0000] {processor.py:743} INFO - Processing file /opt/airflow/dags/dag_with_po5.py for tasks to queue
[2023-02-03T04:57:09.530+0000] {logging_mixin.py:137} INFO - [2023-02-03T04:57:09.529+0000] {dagbag.py:538} INFO - Filling up the DagBag from /opt/airflow/dags/dag_with_po5.py
[2023-02-03T04:57:09.551+0000] {processor.py:753} INFO - DAG(s) dict_keys(['our_first_dag_with_python_operator_v5']) retrieved from /opt/airflow/dags/dag_with_po5.py
[2023-02-03T04:57:09.586+0000] {logging_mixin.py:137} INFO - [2023-02-03T04:57:09.585+0000] {dag.py:2690} INFO - Sync 1 DAGs
[2023-02-03T04:57:09.614+0000] {logging_mixin.py:137} INFO - [2023-02-03T04:57:09.614+0000] {dag.py:3441} INFO - Setting next_dagrun for our_first_dag_with_python_operator_v5 to 2023-02-02T00:00:00+00:00, run_after=2023-02-03T00:00:00+00:00
[2023-02-03T04:57:09.634+0000] {processor.py:175} INFO - Processing /opt/airflow/dags/dag_with_po5.py took 0.112 seconds
[2023-02-03T04:57:39.851+0000] {processor.py:153} INFO - Started process (PID=1573) to work on /opt/airflow/dags/dag_with_po5.py
[2023-02-03T04:57:39.853+0000] {processor.py:743} INFO - Processing file /opt/airflow/dags/dag_with_po5.py for tasks to queue
[2023-02-03T04:57:39.854+0000] {logging_mixin.py:137} INFO - [2023-02-03T04:57:39.854+0000] {dagbag.py:538} INFO - Filling up the DagBag from /opt/airflow/dags/dag_with_po5.py
[2023-02-03T04:57:39.873+0000] {processor.py:753} INFO - DAG(s) dict_keys(['our_first_dag_with_python_operator_v5']) retrieved from /opt/airflow/dags/dag_with_po5.py
[2023-02-03T04:57:39.899+0000] {logging_mixin.py:137} INFO - [2023-02-03T04:57:39.899+0000] {dag.py:2690} INFO - Sync 1 DAGs
[2023-02-03T04:57:39.922+0000] {logging_mixin.py:137} INFO - [2023-02-03T04:57:39.922+0000] {dag.py:3441} INFO - Setting next_dagrun for our_first_dag_with_python_operator_v5 to 2023-02-02T00:00:00+00:00, run_after=2023-02-03T00:00:00+00:00
[2023-02-03T04:57:39.940+0000] {processor.py:175} INFO - Processing /opt/airflow/dags/dag_with_po5.py took 0.096 seconds
[2023-02-03T04:58:10.083+0000] {processor.py:153} INFO - Started process (PID=1611) to work on /opt/airflow/dags/dag_with_po5.py
[2023-02-03T04:58:10.085+0000] {processor.py:743} INFO - Processing file /opt/airflow/dags/dag_with_po5.py for tasks to queue
[2023-02-03T04:58:10.088+0000] {logging_mixin.py:137} INFO - [2023-02-03T04:58:10.088+0000] {dagbag.py:538} INFO - Filling up the DagBag from /opt/airflow/dags/dag_with_po5.py
[2023-02-03T04:58:10.115+0000] {processor.py:753} INFO - DAG(s) dict_keys(['our_first_dag_with_python_operator_v5']) retrieved from /opt/airflow/dags/dag_with_po5.py
[2023-02-03T04:58:10.153+0000] {logging_mixin.py:137} INFO - [2023-02-03T04:58:10.152+0000] {dag.py:2690} INFO - Sync 1 DAGs
[2023-02-03T04:58:10.181+0000] {logging_mixin.py:137} INFO - [2023-02-03T04:58:10.181+0000] {dag.py:3441} INFO - Setting next_dagrun for our_first_dag_with_python_operator_v5 to 2023-02-02T00:00:00+00:00, run_after=2023-02-03T00:00:00+00:00
[2023-02-03T04:58:10.206+0000] {processor.py:175} INFO - Processing /opt/airflow/dags/dag_with_po5.py took 0.127 seconds
[2023-02-03T04:58:40.431+0000] {processor.py:153} INFO - Started process (PID=1662) to work on /opt/airflow/dags/dag_with_po5.py
[2023-02-03T04:58:40.433+0000] {processor.py:743} INFO - Processing file /opt/airflow/dags/dag_with_po5.py for tasks to queue
[2023-02-03T04:58:40.434+0000] {logging_mixin.py:137} INFO - [2023-02-03T04:58:40.434+0000] {dagbag.py:538} INFO - Filling up the DagBag from /opt/airflow/dags/dag_with_po5.py
[2023-02-03T04:58:40.454+0000] {processor.py:753} INFO - DAG(s) dict_keys(['our_first_dag_with_python_operator_v5']) retrieved from /opt/airflow/dags/dag_with_po5.py
[2023-02-03T04:58:40.481+0000] {logging_mixin.py:137} INFO - [2023-02-03T04:58:40.481+0000] {dag.py:2690} INFO - Sync 1 DAGs
[2023-02-03T04:58:40.505+0000] {logging_mixin.py:137} INFO - [2023-02-03T04:58:40.505+0000] {dag.py:3441} INFO - Setting next_dagrun for our_first_dag_with_python_operator_v5 to 2023-02-02T00:00:00+00:00, run_after=2023-02-03T00:00:00+00:00
[2023-02-03T04:58:40.520+0000] {processor.py:175} INFO - Processing /opt/airflow/dags/dag_with_po5.py took 0.096 seconds
[2023-02-03T04:59:10.670+0000] {processor.py:153} INFO - Started process (PID=1700) to work on /opt/airflow/dags/dag_with_po5.py
[2023-02-03T04:59:10.672+0000] {processor.py:743} INFO - Processing file /opt/airflow/dags/dag_with_po5.py for tasks to queue
[2023-02-03T04:59:10.673+0000] {logging_mixin.py:137} INFO - [2023-02-03T04:59:10.673+0000] {dagbag.py:538} INFO - Filling up the DagBag from /opt/airflow/dags/dag_with_po5.py
[2023-02-03T04:59:10.693+0000] {processor.py:753} INFO - DAG(s) dict_keys(['our_first_dag_with_python_operator_v5']) retrieved from /opt/airflow/dags/dag_with_po5.py
[2023-02-03T04:59:10.721+0000] {logging_mixin.py:137} INFO - [2023-02-03T04:59:10.721+0000] {dag.py:2690} INFO - Sync 1 DAGs
[2023-02-03T04:59:10.744+0000] {logging_mixin.py:137} INFO - [2023-02-03T04:59:10.744+0000] {dag.py:3441} INFO - Setting next_dagrun for our_first_dag_with_python_operator_v5 to 2023-02-02T00:00:00+00:00, run_after=2023-02-03T00:00:00+00:00
[2023-02-03T04:59:10.760+0000] {processor.py:175} INFO - Processing /opt/airflow/dags/dag_with_po5.py took 0.096 seconds
[2023-02-03T04:59:40.911+0000] {processor.py:153} INFO - Started process (PID=1750) to work on /opt/airflow/dags/dag_with_po5.py
[2023-02-03T04:59:40.913+0000] {processor.py:743} INFO - Processing file /opt/airflow/dags/dag_with_po5.py for tasks to queue
[2023-02-03T04:59:40.914+0000] {logging_mixin.py:137} INFO - [2023-02-03T04:59:40.914+0000] {dagbag.py:538} INFO - Filling up the DagBag from /opt/airflow/dags/dag_with_po5.py
[2023-02-03T04:59:40.934+0000] {processor.py:753} INFO - DAG(s) dict_keys(['our_first_dag_with_python_operator_v5']) retrieved from /opt/airflow/dags/dag_with_po5.py
[2023-02-03T04:59:40.960+0000] {logging_mixin.py:137} INFO - [2023-02-03T04:59:40.960+0000] {dag.py:2690} INFO - Sync 1 DAGs
[2023-02-03T04:59:40.984+0000] {logging_mixin.py:137} INFO - [2023-02-03T04:59:40.984+0000] {dag.py:3441} INFO - Setting next_dagrun for our_first_dag_with_python_operator_v5 to 2023-02-02T00:00:00+00:00, run_after=2023-02-03T00:00:00+00:00
[2023-02-03T04:59:40.999+0000] {processor.py:175} INFO - Processing /opt/airflow/dags/dag_with_po5.py took 0.092 seconds
[2023-02-03T05:00:11.067+0000] {processor.py:153} INFO - Started process (PID=1788) to work on /opt/airflow/dags/dag_with_po5.py
[2023-02-03T05:00:11.069+0000] {processor.py:743} INFO - Processing file /opt/airflow/dags/dag_with_po5.py for tasks to queue
[2023-02-03T05:00:11.070+0000] {logging_mixin.py:137} INFO - [2023-02-03T05:00:11.070+0000] {dagbag.py:538} INFO - Filling up the DagBag from /opt/airflow/dags/dag_with_po5.py
[2023-02-03T05:00:11.090+0000] {processor.py:753} INFO - DAG(s) dict_keys(['our_first_dag_with_python_operator_v5']) retrieved from /opt/airflow/dags/dag_with_po5.py
[2023-02-03T05:00:11.119+0000] {logging_mixin.py:137} INFO - [2023-02-03T05:00:11.119+0000] {dag.py:2690} INFO - Sync 1 DAGs
[2023-02-03T05:00:11.142+0000] {logging_mixin.py:137} INFO - [2023-02-03T05:00:11.142+0000] {dag.py:3441} INFO - Setting next_dagrun for our_first_dag_with_python_operator_v5 to 2023-02-02T00:00:00+00:00, run_after=2023-02-03T00:00:00+00:00
[2023-02-03T05:00:11.157+0000] {processor.py:175} INFO - Processing /opt/airflow/dags/dag_with_po5.py took 0.095 seconds
[2023-02-03T05:00:41.261+0000] {processor.py:153} INFO - Started process (PID=1839) to work on /opt/airflow/dags/dag_with_po5.py
[2023-02-03T05:00:41.263+0000] {processor.py:743} INFO - Processing file /opt/airflow/dags/dag_with_po5.py for tasks to queue
[2023-02-03T05:00:41.264+0000] {logging_mixin.py:137} INFO - [2023-02-03T05:00:41.264+0000] {dagbag.py:538} INFO - Filling up the DagBag from /opt/airflow/dags/dag_with_po5.py
[2023-02-03T05:00:41.283+0000] {processor.py:753} INFO - DAG(s) dict_keys(['our_first_dag_with_python_operator_v5']) retrieved from /opt/airflow/dags/dag_with_po5.py
[2023-02-03T05:00:41.312+0000] {logging_mixin.py:137} INFO - [2023-02-03T05:00:41.312+0000] {dag.py:2690} INFO - Sync 1 DAGs
[2023-02-03T05:00:41.336+0000] {logging_mixin.py:137} INFO - [2023-02-03T05:00:41.336+0000] {dag.py:3441} INFO - Setting next_dagrun for our_first_dag_with_python_operator_v5 to 2023-02-02T00:00:00+00:00, run_after=2023-02-03T00:00:00+00:00
[2023-02-03T05:00:41.352+0000] {processor.py:175} INFO - Processing /opt/airflow/dags/dag_with_po5.py took 0.096 seconds
[2023-02-03T05:01:11.436+0000] {processor.py:153} INFO - Started process (PID=1877) to work on /opt/airflow/dags/dag_with_po5.py
[2023-02-03T05:01:11.438+0000] {processor.py:743} INFO - Processing file /opt/airflow/dags/dag_with_po5.py for tasks to queue
[2023-02-03T05:01:11.440+0000] {logging_mixin.py:137} INFO - [2023-02-03T05:01:11.440+0000] {dagbag.py:538} INFO - Filling up the DagBag from /opt/airflow/dags/dag_with_po5.py
[2023-02-03T05:01:11.462+0000] {processor.py:753} INFO - DAG(s) dict_keys(['our_first_dag_with_python_operator_v5']) retrieved from /opt/airflow/dags/dag_with_po5.py
[2023-02-03T05:01:11.493+0000] {logging_mixin.py:137} INFO - [2023-02-03T05:01:11.493+0000] {dag.py:2690} INFO - Sync 1 DAGs
[2023-02-03T05:01:11.520+0000] {logging_mixin.py:137} INFO - [2023-02-03T05:01:11.519+0000] {dag.py:3441} INFO - Setting next_dagrun for our_first_dag_with_python_operator_v5 to 2023-02-02T00:00:00+00:00, run_after=2023-02-03T00:00:00+00:00
[2023-02-03T05:01:11.535+0000] {processor.py:175} INFO - Processing /opt/airflow/dags/dag_with_po5.py took 0.106 seconds
[2023-02-03T05:01:41.771+0000] {processor.py:153} INFO - Started process (PID=1927) to work on /opt/airflow/dags/dag_with_po5.py
[2023-02-03T05:01:41.773+0000] {processor.py:743} INFO - Processing file /opt/airflow/dags/dag_with_po5.py for tasks to queue
[2023-02-03T05:01:41.774+0000] {logging_mixin.py:137} INFO - [2023-02-03T05:01:41.774+0000] {dagbag.py:538} INFO - Filling up the DagBag from /opt/airflow/dags/dag_with_po5.py
[2023-02-03T05:01:41.795+0000] {processor.py:753} INFO - DAG(s) dict_keys(['our_first_dag_with_python_operator_v5']) retrieved from /opt/airflow/dags/dag_with_po5.py
[2023-02-03T05:01:41.823+0000] {logging_mixin.py:137} INFO - [2023-02-03T05:01:41.823+0000] {dag.py:2690} INFO - Sync 1 DAGs
[2023-02-03T05:01:41.847+0000] {logging_mixin.py:137} INFO - [2023-02-03T05:01:41.847+0000] {dag.py:3441} INFO - Setting next_dagrun for our_first_dag_with_python_operator_v5 to 2023-02-02T00:00:00+00:00, run_after=2023-02-03T00:00:00+00:00
[2023-02-03T05:01:41.863+0000] {processor.py:175} INFO - Processing /opt/airflow/dags/dag_with_po5.py took 0.096 seconds
[2023-02-03T05:02:12.026+0000] {processor.py:153} INFO - Started process (PID=1964) to work on /opt/airflow/dags/dag_with_po5.py
[2023-02-03T05:02:12.028+0000] {processor.py:743} INFO - Processing file /opt/airflow/dags/dag_with_po5.py for tasks to queue
[2023-02-03T05:02:12.029+0000] {logging_mixin.py:137} INFO - [2023-02-03T05:02:12.029+0000] {dagbag.py:538} INFO - Filling up the DagBag from /opt/airflow/dags/dag_with_po5.py
[2023-02-03T05:02:12.049+0000] {processor.py:753} INFO - DAG(s) dict_keys(['our_first_dag_with_python_operator_v5']) retrieved from /opt/airflow/dags/dag_with_po5.py
[2023-02-03T05:02:12.078+0000] {logging_mixin.py:137} INFO - [2023-02-03T05:02:12.078+0000] {dag.py:2690} INFO - Sync 1 DAGs
[2023-02-03T05:02:12.100+0000] {logging_mixin.py:137} INFO - [2023-02-03T05:02:12.100+0000] {dag.py:3441} INFO - Setting next_dagrun for our_first_dag_with_python_operator_v5 to 2023-02-02T00:00:00+00:00, run_after=2023-02-03T00:00:00+00:00
[2023-02-03T05:02:12.117+0000] {processor.py:175} INFO - Processing /opt/airflow/dags/dag_with_po5.py took 0.096 seconds
[2023-02-03T05:02:42.753+0000] {processor.py:153} INFO - Started process (PID=2002) to work on /opt/airflow/dags/dag_with_po5.py
[2023-02-03T05:02:42.758+0000] {processor.py:743} INFO - Processing file /opt/airflow/dags/dag_with_po5.py for tasks to queue
[2023-02-03T05:02:42.759+0000] {logging_mixin.py:137} INFO - [2023-02-03T05:02:42.759+0000] {dagbag.py:538} INFO - Filling up the DagBag from /opt/airflow/dags/dag_with_po5.py
[2023-02-03T05:02:42.779+0000] {processor.py:753} INFO - DAG(s) dict_keys(['our_first_dag_with_python_operator_v5']) retrieved from /opt/airflow/dags/dag_with_po5.py
[2023-02-03T05:02:42.807+0000] {logging_mixin.py:137} INFO - [2023-02-03T05:02:42.807+0000] {dag.py:2690} INFO - Sync 1 DAGs
[2023-02-03T05:02:42.831+0000] {logging_mixin.py:137} INFO - [2023-02-03T05:02:42.831+0000] {dag.py:3441} INFO - Setting next_dagrun for our_first_dag_with_python_operator_v5 to 2023-02-02T00:00:00+00:00, run_after=2023-02-03T00:00:00+00:00
[2023-02-03T05:02:42.847+0000] {processor.py:175} INFO - Processing /opt/airflow/dags/dag_with_po5.py took 0.098 seconds
[2023-02-03T05:03:13.203+0000] {processor.py:153} INFO - Started process (PID=2053) to work on /opt/airflow/dags/dag_with_po5.py
[2023-02-03T05:03:13.205+0000] {processor.py:743} INFO - Processing file /opt/airflow/dags/dag_with_po5.py for tasks to queue
[2023-02-03T05:03:13.206+0000] {logging_mixin.py:137} INFO - [2023-02-03T05:03:13.206+0000] {dagbag.py:538} INFO - Filling up the DagBag from /opt/airflow/dags/dag_with_po5.py
[2023-02-03T05:03:13.228+0000] {processor.py:753} INFO - DAG(s) dict_keys(['our_first_dag_with_python_operator_v5']) retrieved from /opt/airflow/dags/dag_with_po5.py
[2023-02-03T05:03:13.259+0000] {logging_mixin.py:137} INFO - [2023-02-03T05:03:13.259+0000] {dag.py:2690} INFO - Sync 1 DAGs
[2023-02-03T05:03:13.287+0000] {logging_mixin.py:137} INFO - [2023-02-03T05:03:13.287+0000] {dag.py:3441} INFO - Setting next_dagrun for our_first_dag_with_python_operator_v5 to 2023-02-02T00:00:00+00:00, run_after=2023-02-03T00:00:00+00:00
[2023-02-03T05:03:13.307+0000] {processor.py:175} INFO - Processing /opt/airflow/dags/dag_with_po5.py took 0.109 seconds
