[2023-02-03T04:39:18.309+0000] {processor.py:153} INFO - Started process (PID=61) to work on /opt/airflow/dags/dag_with _po2.py
[2023-02-03T04:39:18.315+0000] {processor.py:743} INFO - Processing file /opt/airflow/dags/dag_with _po2.py for tasks to queue
[2023-02-03T04:39:18.327+0000] {logging_mixin.py:137} INFO - [2023-02-03T04:39:18.325+0000] {dagbag.py:538} INFO - Filling up the DagBag from /opt/airflow/dags/dag_with _po2.py
[2023-02-03T04:39:18.573+0000] {processor.py:753} INFO - DAG(s) dict_keys(['our_first_dag_with_python_operator_v2']) retrieved from /opt/airflow/dags/dag_with _po2.py
[2023-02-03T04:39:20.429+0000] {logging_mixin.py:137} INFO - [2023-02-03T04:39:20.420+0000] {dag.py:2690} INFO - Sync 1 DAGs
[2023-02-03T04:39:20.923+0000] {logging_mixin.py:137} INFO - [2023-02-03T04:39:20.919+0000] {dag.py:3441} INFO - Setting next_dagrun for our_first_dag_with_python_operator_v2 to 2023-02-02T00:00:00+00:00, run_after=2023-02-03T00:00:00+00:00
[2023-02-03T04:39:21.255+0000] {processor.py:175} INFO - Processing /opt/airflow/dags/dag_with _po2.py took 3.037 seconds
[2023-02-03T04:39:51.789+0000] {processor.py:153} INFO - Started process (PID=93) to work on /opt/airflow/dags/dag_with _po2.py
[2023-02-03T04:39:51.829+0000] {processor.py:743} INFO - Processing file /opt/airflow/dags/dag_with _po2.py for tasks to queue
[2023-02-03T04:39:51.836+0000] {logging_mixin.py:137} INFO - [2023-02-03T04:39:51.834+0000] {dagbag.py:538} INFO - Filling up the DagBag from /opt/airflow/dags/dag_with _po2.py
[2023-02-03T04:39:52.175+0000] {processor.py:753} INFO - DAG(s) dict_keys(['our_first_dag_with_python_operator_v2']) retrieved from /opt/airflow/dags/dag_with _po2.py
[2023-02-03T04:39:52.272+0000] {logging_mixin.py:137} INFO - [2023-02-03T04:39:52.272+0000] {dag.py:2690} INFO - Sync 1 DAGs
[2023-02-03T04:39:52.397+0000] {logging_mixin.py:137} INFO - [2023-02-03T04:39:52.397+0000] {dag.py:3441} INFO - Setting next_dagrun for our_first_dag_with_python_operator_v2 to 2023-02-02T00:00:00+00:00, run_after=2023-02-03T00:00:00+00:00
[2023-02-03T04:39:52.882+0000] {processor.py:175} INFO - Processing /opt/airflow/dags/dag_with _po2.py took 1.190 seconds
[2023-02-03T04:40:23.721+0000] {processor.py:153} INFO - Started process (PID=134) to work on /opt/airflow/dags/dag_with _po2.py
[2023-02-03T04:40:23.726+0000] {processor.py:743} INFO - Processing file /opt/airflow/dags/dag_with _po2.py for tasks to queue
[2023-02-03T04:40:23.728+0000] {logging_mixin.py:137} INFO - [2023-02-03T04:40:23.728+0000] {dagbag.py:538} INFO - Filling up the DagBag from /opt/airflow/dags/dag_with _po2.py
[2023-02-03T04:40:23.912+0000] {processor.py:753} INFO - DAG(s) dict_keys(['our_first_dag_with_python_operator_v2']) retrieved from /opt/airflow/dags/dag_with _po2.py
[2023-02-03T04:40:24.482+0000] {logging_mixin.py:137} INFO - [2023-02-03T04:40:24.481+0000] {dag.py:2690} INFO - Sync 1 DAGs
[2023-02-03T04:40:24.569+0000] {logging_mixin.py:137} INFO - [2023-02-03T04:40:24.562+0000] {dag.py:3441} INFO - Setting next_dagrun for our_first_dag_with_python_operator_v2 to 2023-02-02T00:00:00+00:00, run_after=2023-02-03T00:00:00+00:00
[2023-02-03T04:40:24.684+0000] {processor.py:175} INFO - Processing /opt/airflow/dags/dag_with _po2.py took 0.982 seconds
[2023-02-03T04:40:55.621+0000] {processor.py:153} INFO - Started process (PID=172) to work on /opt/airflow/dags/dag_with _po2.py
[2023-02-03T04:40:55.623+0000] {processor.py:743} INFO - Processing file /opt/airflow/dags/dag_with _po2.py for tasks to queue
[2023-02-03T04:40:55.624+0000] {logging_mixin.py:137} INFO - [2023-02-03T04:40:55.624+0000] {dagbag.py:538} INFO - Filling up the DagBag from /opt/airflow/dags/dag_with _po2.py
[2023-02-03T04:40:55.645+0000] {processor.py:753} INFO - DAG(s) dict_keys(['our_first_dag_with_python_operator_v2']) retrieved from /opt/airflow/dags/dag_with _po2.py
[2023-02-03T04:40:55.674+0000] {logging_mixin.py:137} INFO - [2023-02-03T04:40:55.674+0000] {dag.py:2690} INFO - Sync 1 DAGs
[2023-02-03T04:40:55.699+0000] {logging_mixin.py:137} INFO - [2023-02-03T04:40:55.699+0000] {dag.py:3441} INFO - Setting next_dagrun for our_first_dag_with_python_operator_v2 to 2023-02-02T00:00:00+00:00, run_after=2023-02-03T00:00:00+00:00
[2023-02-03T04:40:55.716+0000] {processor.py:175} INFO - Processing /opt/airflow/dags/dag_with _po2.py took 0.098 seconds
[2023-02-03T04:41:26.005+0000] {processor.py:153} INFO - Started process (PID=209) to work on /opt/airflow/dags/dag_with _po2.py
[2023-02-03T04:41:26.009+0000] {processor.py:743} INFO - Processing file /opt/airflow/dags/dag_with _po2.py for tasks to queue
[2023-02-03T04:41:26.016+0000] {logging_mixin.py:137} INFO - [2023-02-03T04:41:26.015+0000] {dagbag.py:538} INFO - Filling up the DagBag from /opt/airflow/dags/dag_with _po2.py
[2023-02-03T04:41:26.164+0000] {processor.py:753} INFO - DAG(s) dict_keys(['our_first_dag_with_python_operator_v2']) retrieved from /opt/airflow/dags/dag_with _po2.py
[2023-02-03T04:41:26.258+0000] {logging_mixin.py:137} INFO - [2023-02-03T04:41:26.258+0000] {dag.py:2690} INFO - Sync 1 DAGs
[2023-02-03T04:41:26.354+0000] {logging_mixin.py:137} INFO - [2023-02-03T04:41:26.354+0000] {dag.py:3441} INFO - Setting next_dagrun for our_first_dag_with_python_operator_v2 to 2023-02-02T00:00:00+00:00, run_after=2023-02-03T00:00:00+00:00
[2023-02-03T04:41:26.489+0000] {processor.py:175} INFO - Processing /opt/airflow/dags/dag_with _po2.py took 0.492 seconds
[2023-02-03T04:41:57.400+0000] {processor.py:153} INFO - Started process (PID=247) to work on /opt/airflow/dags/dag_with _po2.py
[2023-02-03T04:41:57.402+0000] {processor.py:743} INFO - Processing file /opt/airflow/dags/dag_with _po2.py for tasks to queue
[2023-02-03T04:41:57.404+0000] {logging_mixin.py:137} INFO - [2023-02-03T04:41:57.403+0000] {dagbag.py:538} INFO - Filling up the DagBag from /opt/airflow/dags/dag_with _po2.py
[2023-02-03T04:41:57.428+0000] {processor.py:753} INFO - DAG(s) dict_keys(['our_first_dag_with_python_operator_v2']) retrieved from /opt/airflow/dags/dag_with _po2.py
[2023-02-03T04:41:57.457+0000] {logging_mixin.py:137} INFO - [2023-02-03T04:41:57.457+0000] {dag.py:2690} INFO - Sync 1 DAGs
[2023-02-03T04:41:57.486+0000] {logging_mixin.py:137} INFO - [2023-02-03T04:41:57.486+0000] {dag.py:3441} INFO - Setting next_dagrun for our_first_dag_with_python_operator_v2 to 2023-02-02T00:00:00+00:00, run_after=2023-02-03T00:00:00+00:00
[2023-02-03T04:41:57.504+0000] {processor.py:175} INFO - Processing /opt/airflow/dags/dag_with _po2.py took 0.107 seconds
[2023-02-03T04:42:27.580+0000] {processor.py:153} INFO - Started process (PID=285) to work on /opt/airflow/dags/dag_with _po2.py
[2023-02-03T04:42:27.582+0000] {processor.py:743} INFO - Processing file /opt/airflow/dags/dag_with _po2.py for tasks to queue
[2023-02-03T04:42:27.584+0000] {logging_mixin.py:137} INFO - [2023-02-03T04:42:27.584+0000] {dagbag.py:538} INFO - Filling up the DagBag from /opt/airflow/dags/dag_with _po2.py
[2023-02-03T04:42:27.613+0000] {processor.py:753} INFO - DAG(s) dict_keys(['our_first_dag_with_python_operator_v2']) retrieved from /opt/airflow/dags/dag_with _po2.py
[2023-02-03T04:42:27.648+0000] {logging_mixin.py:137} INFO - [2023-02-03T04:42:27.648+0000] {dag.py:2690} INFO - Sync 1 DAGs
[2023-02-03T04:42:27.684+0000] {logging_mixin.py:137} INFO - [2023-02-03T04:42:27.684+0000] {dag.py:3441} INFO - Setting next_dagrun for our_first_dag_with_python_operator_v2 to 2023-02-02T00:00:00+00:00, run_after=2023-02-03T00:00:00+00:00
[2023-02-03T04:42:27.705+0000] {processor.py:175} INFO - Processing /opt/airflow/dags/dag_with _po2.py took 0.134 seconds
[2023-02-03T04:42:58.146+0000] {processor.py:153} INFO - Started process (PID=335) to work on /opt/airflow/dags/dag_with _po2.py
[2023-02-03T04:42:58.148+0000] {processor.py:743} INFO - Processing file /opt/airflow/dags/dag_with _po2.py for tasks to queue
[2023-02-03T04:42:58.149+0000] {logging_mixin.py:137} INFO - [2023-02-03T04:42:58.149+0000] {dagbag.py:538} INFO - Filling up the DagBag from /opt/airflow/dags/dag_with _po2.py
[2023-02-03T04:42:58.173+0000] {processor.py:753} INFO - DAG(s) dict_keys(['our_first_dag_with_python_operator_v2']) retrieved from /opt/airflow/dags/dag_with _po2.py
[2023-02-03T04:42:58.220+0000] {logging_mixin.py:137} INFO - [2023-02-03T04:42:58.220+0000] {dag.py:2690} INFO - Sync 1 DAGs
[2023-02-03T04:42:58.250+0000] {logging_mixin.py:137} INFO - [2023-02-03T04:42:58.250+0000] {dag.py:3441} INFO - Setting next_dagrun for our_first_dag_with_python_operator_v2 to 2023-02-02T00:00:00+00:00, run_after=2023-02-03T00:00:00+00:00
[2023-02-03T04:42:58.268+0000] {processor.py:175} INFO - Processing /opt/airflow/dags/dag_with _po2.py took 0.127 seconds
[2023-02-03T04:43:28.406+0000] {processor.py:153} INFO - Started process (PID=373) to work on /opt/airflow/dags/dag_with _po2.py
[2023-02-03T04:43:28.409+0000] {processor.py:743} INFO - Processing file /opt/airflow/dags/dag_with _po2.py for tasks to queue
[2023-02-03T04:43:28.410+0000] {logging_mixin.py:137} INFO - [2023-02-03T04:43:28.410+0000] {dagbag.py:538} INFO - Filling up the DagBag from /opt/airflow/dags/dag_with _po2.py
[2023-02-03T04:43:28.446+0000] {processor.py:753} INFO - DAG(s) dict_keys(['our_first_dag_with_python_operator_v2']) retrieved from /opt/airflow/dags/dag_with _po2.py
[2023-02-03T04:43:28.498+0000] {logging_mixin.py:137} INFO - [2023-02-03T04:43:28.498+0000] {dag.py:2690} INFO - Sync 1 DAGs
[2023-02-03T04:43:28.553+0000] {logging_mixin.py:137} INFO - [2023-02-03T04:43:28.553+0000] {dag.py:3441} INFO - Setting next_dagrun for our_first_dag_with_python_operator_v2 to 2023-02-02T00:00:00+00:00, run_after=2023-02-03T00:00:00+00:00
[2023-02-03T04:43:28.593+0000] {processor.py:175} INFO - Processing /opt/airflow/dags/dag_with _po2.py took 0.193 seconds
[2023-02-03T04:43:58.734+0000] {processor.py:153} INFO - Started process (PID=423) to work on /opt/airflow/dags/dag_with _po2.py
[2023-02-03T04:43:58.737+0000] {processor.py:743} INFO - Processing file /opt/airflow/dags/dag_with _po2.py for tasks to queue
[2023-02-03T04:43:58.739+0000] {logging_mixin.py:137} INFO - [2023-02-03T04:43:58.738+0000] {dagbag.py:538} INFO - Filling up the DagBag from /opt/airflow/dags/dag_with _po2.py
[2023-02-03T04:43:58.792+0000] {processor.py:753} INFO - DAG(s) dict_keys(['our_first_dag_with_python_operator_v2']) retrieved from /opt/airflow/dags/dag_with _po2.py
[2023-02-03T04:43:58.839+0000] {logging_mixin.py:137} INFO - [2023-02-03T04:43:58.839+0000] {dag.py:2690} INFO - Sync 1 DAGs
[2023-02-03T04:43:58.872+0000] {logging_mixin.py:137} INFO - [2023-02-03T04:43:58.872+0000] {dag.py:3441} INFO - Setting next_dagrun for our_first_dag_with_python_operator_v2 to 2023-02-02T00:00:00+00:00, run_after=2023-02-03T00:00:00+00:00
[2023-02-03T04:43:58.890+0000] {processor.py:175} INFO - Processing /opt/airflow/dags/dag_with _po2.py took 0.164 seconds
[2023-02-03T04:44:29.279+0000] {processor.py:153} INFO - Started process (PID=467) to work on /opt/airflow/dags/dag_with _po2.py
[2023-02-03T04:44:29.281+0000] {processor.py:743} INFO - Processing file /opt/airflow/dags/dag_with _po2.py for tasks to queue
[2023-02-03T04:44:29.282+0000] {logging_mixin.py:137} INFO - [2023-02-03T04:44:29.282+0000] {dagbag.py:538} INFO - Filling up the DagBag from /opt/airflow/dags/dag_with _po2.py
[2023-02-03T04:44:29.307+0000] {processor.py:753} INFO - DAG(s) dict_keys(['our_first_dag_with_python_operator_v2']) retrieved from /opt/airflow/dags/dag_with _po2.py
[2023-02-03T04:44:29.344+0000] {logging_mixin.py:137} INFO - [2023-02-03T04:44:29.344+0000] {dag.py:2690} INFO - Sync 1 DAGs
[2023-02-03T04:44:29.371+0000] {logging_mixin.py:137} INFO - [2023-02-03T04:44:29.370+0000] {dag.py:3441} INFO - Setting next_dagrun for our_first_dag_with_python_operator_v2 to 2023-02-02T00:00:00+00:00, run_after=2023-02-03T00:00:00+00:00
[2023-02-03T04:44:29.389+0000] {processor.py:175} INFO - Processing /opt/airflow/dags/dag_with _po2.py took 0.115 seconds
[2023-02-03T04:44:59.688+0000] {processor.py:153} INFO - Started process (PID=517) to work on /opt/airflow/dags/dag_with _po2.py
[2023-02-03T04:44:59.692+0000] {processor.py:743} INFO - Processing file /opt/airflow/dags/dag_with _po2.py for tasks to queue
[2023-02-03T04:44:59.694+0000] {logging_mixin.py:137} INFO - [2023-02-03T04:44:59.694+0000] {dagbag.py:538} INFO - Filling up the DagBag from /opt/airflow/dags/dag_with _po2.py
[2023-02-03T04:44:59.746+0000] {processor.py:753} INFO - DAG(s) dict_keys(['our_first_dag_with_python_operator_v2']) retrieved from /opt/airflow/dags/dag_with _po2.py
[2023-02-03T04:44:59.791+0000] {logging_mixin.py:137} INFO - [2023-02-03T04:44:59.790+0000] {dag.py:2690} INFO - Sync 1 DAGs
[2023-02-03T04:44:59.835+0000] {logging_mixin.py:137} INFO - [2023-02-03T04:44:59.835+0000] {dag.py:3441} INFO - Setting next_dagrun for our_first_dag_with_python_operator_v2 to 2023-02-02T00:00:00+00:00, run_after=2023-02-03T00:00:00+00:00
[2023-02-03T04:44:59.876+0000] {processor.py:175} INFO - Processing /opt/airflow/dags/dag_with _po2.py took 0.198 seconds
[2023-02-03T04:45:30.954+0000] {processor.py:153} INFO - Started process (PID=556) to work on /opt/airflow/dags/dag_with _po2.py
[2023-02-03T04:45:30.962+0000] {processor.py:743} INFO - Processing file /opt/airflow/dags/dag_with _po2.py for tasks to queue
[2023-02-03T04:45:30.968+0000] {logging_mixin.py:137} INFO - [2023-02-03T04:45:30.967+0000] {dagbag.py:538} INFO - Filling up the DagBag from /opt/airflow/dags/dag_with _po2.py
[2023-02-03T04:45:31.072+0000] {processor.py:753} INFO - DAG(s) dict_keys(['our_first_dag_with_python_operator_v2']) retrieved from /opt/airflow/dags/dag_with _po2.py
[2023-02-03T04:45:31.211+0000] {logging_mixin.py:137} INFO - [2023-02-03T04:45:31.210+0000] {dag.py:2690} INFO - Sync 1 DAGs
[2023-02-03T04:45:31.301+0000] {logging_mixin.py:137} INFO - [2023-02-03T04:45:31.300+0000] {dag.py:3441} INFO - Setting next_dagrun for our_first_dag_with_python_operator_v2 to 2023-02-02T00:00:00+00:00, run_after=2023-02-03T00:00:00+00:00
[2023-02-03T04:45:31.356+0000] {processor.py:175} INFO - Processing /opt/airflow/dags/dag_with _po2.py took 0.415 seconds
[2023-02-03T04:46:01.713+0000] {processor.py:153} INFO - Started process (PID=594) to work on /opt/airflow/dags/dag_with _po2.py
[2023-02-03T04:46:01.716+0000] {processor.py:743} INFO - Processing file /opt/airflow/dags/dag_with _po2.py for tasks to queue
[2023-02-03T04:46:01.719+0000] {logging_mixin.py:137} INFO - [2023-02-03T04:46:01.718+0000] {dagbag.py:538} INFO - Filling up the DagBag from /opt/airflow/dags/dag_with _po2.py
[2023-02-03T04:46:01.772+0000] {processor.py:753} INFO - DAG(s) dict_keys(['our_first_dag_with_python_operator_v2']) retrieved from /opt/airflow/dags/dag_with _po2.py
[2023-02-03T04:46:01.867+0000] {logging_mixin.py:137} INFO - [2023-02-03T04:46:01.867+0000] {dag.py:2690} INFO - Sync 1 DAGs
[2023-02-03T04:46:01.899+0000] {logging_mixin.py:137} INFO - [2023-02-03T04:46:01.899+0000] {dag.py:3441} INFO - Setting next_dagrun for our_first_dag_with_python_operator_v2 to 2023-02-02T00:00:00+00:00, run_after=2023-02-03T00:00:00+00:00
[2023-02-03T04:46:01.922+0000] {processor.py:175} INFO - Processing /opt/airflow/dags/dag_with _po2.py took 0.215 seconds
[2023-02-03T04:46:32.143+0000] {processor.py:153} INFO - Started process (PID=632) to work on /opt/airflow/dags/dag_with _po2.py
[2023-02-03T04:46:32.146+0000] {processor.py:743} INFO - Processing file /opt/airflow/dags/dag_with _po2.py for tasks to queue
[2023-02-03T04:46:32.147+0000] {logging_mixin.py:137} INFO - [2023-02-03T04:46:32.147+0000] {dagbag.py:538} INFO - Filling up the DagBag from /opt/airflow/dags/dag_with _po2.py
[2023-02-03T04:46:32.170+0000] {processor.py:753} INFO - DAG(s) dict_keys(['our_first_dag_with_python_operator_v2']) retrieved from /opt/airflow/dags/dag_with _po2.py
[2023-02-03T04:46:32.211+0000] {logging_mixin.py:137} INFO - [2023-02-03T04:46:32.210+0000] {dag.py:2690} INFO - Sync 1 DAGs
[2023-02-03T04:46:32.254+0000] {logging_mixin.py:137} INFO - [2023-02-03T04:46:32.253+0000] {dag.py:3441} INFO - Setting next_dagrun for our_first_dag_with_python_operator_v2 to 2023-02-02T00:00:00+00:00, run_after=2023-02-03T00:00:00+00:00
[2023-02-03T04:46:32.273+0000] {processor.py:175} INFO - Processing /opt/airflow/dags/dag_with _po2.py took 0.138 seconds
[2023-02-03T04:47:02.558+0000] {processor.py:153} INFO - Started process (PID=671) to work on /opt/airflow/dags/dag_with _po2.py
[2023-02-03T04:47:02.568+0000] {processor.py:743} INFO - Processing file /opt/airflow/dags/dag_with _po2.py for tasks to queue
[2023-02-03T04:47:02.575+0000] {logging_mixin.py:137} INFO - [2023-02-03T04:47:02.575+0000] {dagbag.py:538} INFO - Filling up the DagBag from /opt/airflow/dags/dag_with _po2.py
[2023-02-03T04:47:02.638+0000] {processor.py:753} INFO - DAG(s) dict_keys(['our_first_dag_with_python_operator_v2']) retrieved from /opt/airflow/dags/dag_with _po2.py
[2023-02-03T04:47:02.738+0000] {logging_mixin.py:137} INFO - [2023-02-03T04:47:02.738+0000] {dag.py:2690} INFO - Sync 1 DAGs
[2023-02-03T04:47:02.825+0000] {logging_mixin.py:137} INFO - [2023-02-03T04:47:02.825+0000] {dag.py:3441} INFO - Setting next_dagrun for our_first_dag_with_python_operator_v2 to 2023-02-02T00:00:00+00:00, run_after=2023-02-03T00:00:00+00:00
[2023-02-03T04:47:02.860+0000] {processor.py:175} INFO - Processing /opt/airflow/dags/dag_with _po2.py took 0.319 seconds
[2023-02-03T04:47:33.798+0000] {processor.py:153} INFO - Started process (PID=720) to work on /opt/airflow/dags/dag_with _po2.py
[2023-02-03T04:47:33.802+0000] {processor.py:743} INFO - Processing file /opt/airflow/dags/dag_with _po2.py for tasks to queue
[2023-02-03T04:47:33.804+0000] {logging_mixin.py:137} INFO - [2023-02-03T04:47:33.804+0000] {dagbag.py:538} INFO - Filling up the DagBag from /opt/airflow/dags/dag_with _po2.py
[2023-02-03T04:47:33.854+0000] {processor.py:753} INFO - DAG(s) dict_keys(['our_first_dag_with_python_operator_v2']) retrieved from /opt/airflow/dags/dag_with _po2.py
[2023-02-03T04:47:33.916+0000] {logging_mixin.py:137} INFO - [2023-02-03T04:47:33.916+0000] {dag.py:2690} INFO - Sync 1 DAGs
[2023-02-03T04:47:33.955+0000] {logging_mixin.py:137} INFO - [2023-02-03T04:47:33.954+0000] {dag.py:3441} INFO - Setting next_dagrun for our_first_dag_with_python_operator_v2 to 2023-02-02T00:00:00+00:00, run_after=2023-02-03T00:00:00+00:00
[2023-02-03T04:47:33.992+0000] {processor.py:175} INFO - Processing /opt/airflow/dags/dag_with _po2.py took 0.203 seconds
[2023-02-03T04:48:04.105+0000] {processor.py:153} INFO - Started process (PID=757) to work on /opt/airflow/dags/dag_with _po2.py
[2023-02-03T04:48:04.107+0000] {processor.py:743} INFO - Processing file /opt/airflow/dags/dag_with _po2.py for tasks to queue
[2023-02-03T04:48:04.110+0000] {logging_mixin.py:137} INFO - [2023-02-03T04:48:04.110+0000] {dagbag.py:538} INFO - Filling up the DagBag from /opt/airflow/dags/dag_with _po2.py
[2023-02-03T04:48:04.141+0000] {processor.py:753} INFO - DAG(s) dict_keys(['our_first_dag_with_python_operator_v2']) retrieved from /opt/airflow/dags/dag_with _po2.py
[2023-02-03T04:48:04.178+0000] {logging_mixin.py:137} INFO - [2023-02-03T04:48:04.178+0000] {dag.py:2690} INFO - Sync 1 DAGs
[2023-02-03T04:48:04.227+0000] {logging_mixin.py:137} INFO - [2023-02-03T04:48:04.227+0000] {dag.py:3441} INFO - Setting next_dagrun for our_first_dag_with_python_operator_v2 to 2023-02-02T00:00:00+00:00, run_after=2023-02-03T00:00:00+00:00
[2023-02-03T04:48:04.250+0000] {processor.py:175} INFO - Processing /opt/airflow/dags/dag_with _po2.py took 0.154 seconds
[2023-02-03T04:48:34.611+0000] {processor.py:153} INFO - Started process (PID=806) to work on /opt/airflow/dags/dag_with _po2.py
[2023-02-03T04:48:34.621+0000] {processor.py:743} INFO - Processing file /opt/airflow/dags/dag_with _po2.py for tasks to queue
[2023-02-03T04:48:34.628+0000] {logging_mixin.py:137} INFO - [2023-02-03T04:48:34.627+0000] {dagbag.py:538} INFO - Filling up the DagBag from /opt/airflow/dags/dag_with _po2.py
[2023-02-03T04:48:34.699+0000] {processor.py:753} INFO - DAG(s) dict_keys(['our_first_dag_with_python_operator_v2']) retrieved from /opt/airflow/dags/dag_with _po2.py
[2023-02-03T04:48:34.787+0000] {logging_mixin.py:137} INFO - [2023-02-03T04:48:34.786+0000] {dag.py:2690} INFO - Sync 1 DAGs
[2023-02-03T04:48:34.837+0000] {logging_mixin.py:137} INFO - [2023-02-03T04:48:34.837+0000] {dag.py:3441} INFO - Setting next_dagrun for our_first_dag_with_python_operator_v2 to 2023-02-02T00:00:00+00:00, run_after=2023-02-03T00:00:00+00:00
[2023-02-03T04:48:34.867+0000] {processor.py:175} INFO - Processing /opt/airflow/dags/dag_with _po2.py took 0.268 seconds
[2023-02-03T04:49:05.070+0000] {processor.py:153} INFO - Started process (PID=846) to work on /opt/airflow/dags/dag_with _po2.py
[2023-02-03T04:49:05.072+0000] {processor.py:743} INFO - Processing file /opt/airflow/dags/dag_with _po2.py for tasks to queue
[2023-02-03T04:49:05.074+0000] {logging_mixin.py:137} INFO - [2023-02-03T04:49:05.074+0000] {dagbag.py:538} INFO - Filling up the DagBag from /opt/airflow/dags/dag_with _po2.py
[2023-02-03T04:49:05.105+0000] {processor.py:753} INFO - DAG(s) dict_keys(['our_first_dag_with_python_operator_v2']) retrieved from /opt/airflow/dags/dag_with _po2.py
[2023-02-03T04:49:05.142+0000] {logging_mixin.py:137} INFO - [2023-02-03T04:49:05.142+0000] {dag.py:2690} INFO - Sync 1 DAGs
[2023-02-03T04:49:05.175+0000] {logging_mixin.py:137} INFO - [2023-02-03T04:49:05.175+0000] {dag.py:3441} INFO - Setting next_dagrun for our_first_dag_with_python_operator_v2 to 2023-02-02T00:00:00+00:00, run_after=2023-02-03T00:00:00+00:00
[2023-02-03T04:49:05.206+0000] {processor.py:175} INFO - Processing /opt/airflow/dags/dag_with _po2.py took 0.143 seconds
[2023-02-03T04:49:35.343+0000] {processor.py:153} INFO - Started process (PID=884) to work on /opt/airflow/dags/dag_with _po2.py
[2023-02-03T04:49:35.346+0000] {processor.py:743} INFO - Processing file /opt/airflow/dags/dag_with _po2.py for tasks to queue
[2023-02-03T04:49:35.348+0000] {logging_mixin.py:137} INFO - [2023-02-03T04:49:35.348+0000] {dagbag.py:538} INFO - Filling up the DagBag from /opt/airflow/dags/dag_with _po2.py
[2023-02-03T04:49:35.402+0000] {processor.py:753} INFO - DAG(s) dict_keys(['our_first_dag_with_python_operator_v2']) retrieved from /opt/airflow/dags/dag_with _po2.py
[2023-02-03T04:49:35.444+0000] {logging_mixin.py:137} INFO - [2023-02-03T04:49:35.444+0000] {dag.py:2690} INFO - Sync 1 DAGs
[2023-02-03T04:49:35.479+0000] {logging_mixin.py:137} INFO - [2023-02-03T04:49:35.479+0000] {dag.py:3441} INFO - Setting next_dagrun for our_first_dag_with_python_operator_v2 to 2023-02-02T00:00:00+00:00, run_after=2023-02-03T00:00:00+00:00
[2023-02-03T04:49:35.506+0000] {processor.py:175} INFO - Processing /opt/airflow/dags/dag_with _po2.py took 0.181 seconds
[2023-02-03T04:50:05.857+0000] {processor.py:153} INFO - Started process (PID=935) to work on /opt/airflow/dags/dag_with _po2.py
[2023-02-03T04:50:05.864+0000] {processor.py:743} INFO - Processing file /opt/airflow/dags/dag_with _po2.py for tasks to queue
[2023-02-03T04:50:05.866+0000] {logging_mixin.py:137} INFO - [2023-02-03T04:50:05.866+0000] {dagbag.py:538} INFO - Filling up the DagBag from /opt/airflow/dags/dag_with _po2.py
[2023-02-03T04:50:05.900+0000] {processor.py:753} INFO - DAG(s) dict_keys(['our_first_dag_with_python_operator_v2']) retrieved from /opt/airflow/dags/dag_with _po2.py
[2023-02-03T04:50:05.938+0000] {logging_mixin.py:137} INFO - [2023-02-03T04:50:05.938+0000] {dag.py:2690} INFO - Sync 1 DAGs
[2023-02-03T04:50:05.973+0000] {logging_mixin.py:137} INFO - [2023-02-03T04:50:05.973+0000] {dag.py:3441} INFO - Setting next_dagrun for our_first_dag_with_python_operator_v2 to 2023-02-02T00:00:00+00:00, run_after=2023-02-03T00:00:00+00:00
[2023-02-03T04:50:05.993+0000] {processor.py:175} INFO - Processing /opt/airflow/dags/dag_with _po2.py took 0.145 seconds
[2023-02-03T04:50:36.132+0000] {processor.py:153} INFO - Started process (PID=973) to work on /opt/airflow/dags/dag_with _po2.py
[2023-02-03T04:50:36.135+0000] {processor.py:743} INFO - Processing file /opt/airflow/dags/dag_with _po2.py for tasks to queue
[2023-02-03T04:50:36.137+0000] {logging_mixin.py:137} INFO - [2023-02-03T04:50:36.137+0000] {dagbag.py:538} INFO - Filling up the DagBag from /opt/airflow/dags/dag_with _po2.py
[2023-02-03T04:50:36.177+0000] {processor.py:753} INFO - DAG(s) dict_keys(['our_first_dag_with_python_operator_v2']) retrieved from /opt/airflow/dags/dag_with _po2.py
[2023-02-03T04:50:36.235+0000] {logging_mixin.py:137} INFO - [2023-02-03T04:50:36.235+0000] {dag.py:2690} INFO - Sync 1 DAGs
[2023-02-03T04:50:36.275+0000] {logging_mixin.py:137} INFO - [2023-02-03T04:50:36.275+0000] {dag.py:3441} INFO - Setting next_dagrun for our_first_dag_with_python_operator_v2 to 2023-02-02T00:00:00+00:00, run_after=2023-02-03T00:00:00+00:00
[2023-02-03T04:50:36.296+0000] {processor.py:175} INFO - Processing /opt/airflow/dags/dag_with _po2.py took 0.176 seconds
[2023-02-03T04:51:06.444+0000] {processor.py:153} INFO - Started process (PID=1023) to work on /opt/airflow/dags/dag_with _po2.py
[2023-02-03T04:51:06.446+0000] {processor.py:743} INFO - Processing file /opt/airflow/dags/dag_with _po2.py for tasks to queue
[2023-02-03T04:51:06.448+0000] {logging_mixin.py:137} INFO - [2023-02-03T04:51:06.448+0000] {dagbag.py:538} INFO - Filling up the DagBag from /opt/airflow/dags/dag_with _po2.py
[2023-02-03T04:51:06.480+0000] {processor.py:753} INFO - DAG(s) dict_keys(['our_first_dag_with_python_operator_v2']) retrieved from /opt/airflow/dags/dag_with _po2.py
[2023-02-03T04:51:06.520+0000] {logging_mixin.py:137} INFO - [2023-02-03T04:51:06.520+0000] {dag.py:2690} INFO - Sync 1 DAGs
[2023-02-03T04:51:06.552+0000] {logging_mixin.py:137} INFO - [2023-02-03T04:51:06.551+0000] {dag.py:3441} INFO - Setting next_dagrun for our_first_dag_with_python_operator_v2 to 2023-02-02T00:00:00+00:00, run_after=2023-02-03T00:00:00+00:00
[2023-02-03T04:51:06.571+0000] {processor.py:175} INFO - Processing /opt/airflow/dags/dag_with _po2.py took 0.132 seconds
[2023-02-03T04:51:36.730+0000] {processor.py:153} INFO - Started process (PID=1061) to work on /opt/airflow/dags/dag_with _po2.py
[2023-02-03T04:51:36.734+0000] {processor.py:743} INFO - Processing file /opt/airflow/dags/dag_with _po2.py for tasks to queue
[2023-02-03T04:51:36.736+0000] {logging_mixin.py:137} INFO - [2023-02-03T04:51:36.735+0000] {dagbag.py:538} INFO - Filling up the DagBag from /opt/airflow/dags/dag_with _po2.py
[2023-02-03T04:51:36.804+0000] {processor.py:753} INFO - DAG(s) dict_keys(['our_first_dag_with_python_operator_v2']) retrieved from /opt/airflow/dags/dag_with _po2.py
[2023-02-03T04:51:36.851+0000] {logging_mixin.py:137} INFO - [2023-02-03T04:51:36.850+0000] {dag.py:2690} INFO - Sync 1 DAGs
[2023-02-03T04:51:36.896+0000] {logging_mixin.py:137} INFO - [2023-02-03T04:51:36.896+0000] {dag.py:3441} INFO - Setting next_dagrun for our_first_dag_with_python_operator_v2 to 2023-02-02T00:00:00+00:00, run_after=2023-02-03T00:00:00+00:00
[2023-02-03T04:51:36.919+0000] {processor.py:175} INFO - Processing /opt/airflow/dags/dag_with _po2.py took 0.199 seconds
[2023-02-03T04:52:07.134+0000] {processor.py:153} INFO - Started process (PID=1109) to work on /opt/airflow/dags/dag_with _po2.py
[2023-02-03T04:52:07.138+0000] {processor.py:743} INFO - Processing file /opt/airflow/dags/dag_with _po2.py for tasks to queue
[2023-02-03T04:52:07.141+0000] {logging_mixin.py:137} INFO - [2023-02-03T04:52:07.141+0000] {dagbag.py:538} INFO - Filling up the DagBag from /opt/airflow/dags/dag_with _po2.py
[2023-02-03T04:52:07.244+0000] {processor.py:753} INFO - DAG(s) dict_keys(['our_first_dag_with_python_operator_v2']) retrieved from /opt/airflow/dags/dag_with _po2.py
[2023-02-03T04:52:07.333+0000] {logging_mixin.py:137} INFO - [2023-02-03T04:52:07.333+0000] {dag.py:2690} INFO - Sync 1 DAGs
[2023-02-03T04:52:07.409+0000] {logging_mixin.py:137} INFO - [2023-02-03T04:52:07.409+0000] {dag.py:3441} INFO - Setting next_dagrun for our_first_dag_with_python_operator_v2 to 2023-02-02T00:00:00+00:00, run_after=2023-02-03T00:00:00+00:00
[2023-02-03T04:52:07.481+0000] {processor.py:175} INFO - Processing /opt/airflow/dags/dag_with _po2.py took 0.386 seconds
[2023-02-03T04:52:38.030+0000] {processor.py:153} INFO - Started process (PID=1150) to work on /opt/airflow/dags/dag_with _po2.py
[2023-02-03T04:52:38.032+0000] {processor.py:743} INFO - Processing file /opt/airflow/dags/dag_with _po2.py for tasks to queue
[2023-02-03T04:52:38.033+0000] {logging_mixin.py:137} INFO - [2023-02-03T04:52:38.033+0000] {dagbag.py:538} INFO - Filling up the DagBag from /opt/airflow/dags/dag_with _po2.py
[2023-02-03T04:52:38.065+0000] {processor.py:753} INFO - DAG(s) dict_keys(['our_first_dag_with_python_operator_v2']) retrieved from /opt/airflow/dags/dag_with _po2.py
[2023-02-03T04:52:38.100+0000] {logging_mixin.py:137} INFO - [2023-02-03T04:52:38.100+0000] {dag.py:2690} INFO - Sync 1 DAGs
[2023-02-03T04:52:38.131+0000] {logging_mixin.py:137} INFO - [2023-02-03T04:52:38.131+0000] {dag.py:3441} INFO - Setting next_dagrun for our_first_dag_with_python_operator_v2 to 2023-02-02T00:00:00+00:00, run_after=2023-02-03T00:00:00+00:00
[2023-02-03T04:52:38.152+0000] {processor.py:175} INFO - Processing /opt/airflow/dags/dag_with _po2.py took 0.127 seconds
[2023-02-03T04:53:08.347+0000] {processor.py:153} INFO - Started process (PID=1189) to work on /opt/airflow/dags/dag_with _po2.py
[2023-02-03T04:53:08.351+0000] {processor.py:743} INFO - Processing file /opt/airflow/dags/dag_with _po2.py for tasks to queue
[2023-02-03T04:53:08.352+0000] {logging_mixin.py:137} INFO - [2023-02-03T04:53:08.352+0000] {dagbag.py:538} INFO - Filling up the DagBag from /opt/airflow/dags/dag_with _po2.py
[2023-02-03T04:53:08.377+0000] {processor.py:753} INFO - DAG(s) dict_keys(['our_first_dag_with_python_operator_v2']) retrieved from /opt/airflow/dags/dag_with _po2.py
[2023-02-03T04:53:08.404+0000] {logging_mixin.py:137} INFO - [2023-02-03T04:53:08.404+0000] {dag.py:2690} INFO - Sync 1 DAGs
[2023-02-03T04:53:08.430+0000] {logging_mixin.py:137} INFO - [2023-02-03T04:53:08.429+0000] {dag.py:3441} INFO - Setting next_dagrun for our_first_dag_with_python_operator_v2 to 2023-02-02T00:00:00+00:00, run_after=2023-02-03T00:00:00+00:00
[2023-02-03T04:53:08.451+0000] {processor.py:175} INFO - Processing /opt/airflow/dags/dag_with _po2.py took 0.111 seconds
[2023-02-03T04:53:38.824+0000] {processor.py:153} INFO - Started process (PID=1238) to work on /opt/airflow/dags/dag_with _po2.py
[2023-02-03T04:53:38.827+0000] {processor.py:743} INFO - Processing file /opt/airflow/dags/dag_with _po2.py for tasks to queue
[2023-02-03T04:53:38.829+0000] {logging_mixin.py:137} INFO - [2023-02-03T04:53:38.829+0000] {dagbag.py:538} INFO - Filling up the DagBag from /opt/airflow/dags/dag_with _po2.py
[2023-02-03T04:53:38.865+0000] {processor.py:753} INFO - DAG(s) dict_keys(['our_first_dag_with_python_operator_v2']) retrieved from /opt/airflow/dags/dag_with _po2.py
[2023-02-03T04:53:38.919+0000] {logging_mixin.py:137} INFO - [2023-02-03T04:53:38.918+0000] {dag.py:2690} INFO - Sync 1 DAGs
[2023-02-03T04:53:38.955+0000] {logging_mixin.py:137} INFO - [2023-02-03T04:53:38.955+0000] {dag.py:3441} INFO - Setting next_dagrun for our_first_dag_with_python_operator_v2 to 2023-02-02T00:00:00+00:00, run_after=2023-02-03T00:00:00+00:00
[2023-02-03T04:53:38.977+0000] {processor.py:175} INFO - Processing /opt/airflow/dags/dag_with _po2.py took 0.158 seconds
[2023-02-03T04:54:09.178+0000] {processor.py:153} INFO - Started process (PID=1276) to work on /opt/airflow/dags/dag_with _po2.py
[2023-02-03T04:54:09.181+0000] {processor.py:743} INFO - Processing file /opt/airflow/dags/dag_with _po2.py for tasks to queue
[2023-02-03T04:54:09.183+0000] {logging_mixin.py:137} INFO - [2023-02-03T04:54:09.183+0000] {dagbag.py:538} INFO - Filling up the DagBag from /opt/airflow/dags/dag_with _po2.py
[2023-02-03T04:54:09.213+0000] {processor.py:753} INFO - DAG(s) dict_keys(['our_first_dag_with_python_operator_v2']) retrieved from /opt/airflow/dags/dag_with _po2.py
[2023-02-03T04:54:09.274+0000] {logging_mixin.py:137} INFO - [2023-02-03T04:54:09.274+0000] {dag.py:2690} INFO - Sync 1 DAGs
[2023-02-03T04:54:09.313+0000] {logging_mixin.py:137} INFO - [2023-02-03T04:54:09.313+0000] {dag.py:3441} INFO - Setting next_dagrun for our_first_dag_with_python_operator_v2 to 2023-02-02T00:00:00+00:00, run_after=2023-02-03T00:00:00+00:00
[2023-02-03T04:54:09.336+0000] {processor.py:175} INFO - Processing /opt/airflow/dags/dag_with _po2.py took 0.168 seconds
[2023-02-03T04:54:39.843+0000] {processor.py:153} INFO - Started process (PID=1314) to work on /opt/airflow/dags/dag_with _po2.py
[2023-02-03T04:54:39.846+0000] {processor.py:743} INFO - Processing file /opt/airflow/dags/dag_with _po2.py for tasks to queue
[2023-02-03T04:54:39.848+0000] {logging_mixin.py:137} INFO - [2023-02-03T04:54:39.848+0000] {dagbag.py:538} INFO - Filling up the DagBag from /opt/airflow/dags/dag_with _po2.py
[2023-02-03T04:54:39.875+0000] {processor.py:753} INFO - DAG(s) dict_keys(['our_first_dag_with_python_operator_v2']) retrieved from /opt/airflow/dags/dag_with _po2.py
[2023-02-03T04:54:39.911+0000] {logging_mixin.py:137} INFO - [2023-02-03T04:54:39.911+0000] {dag.py:2690} INFO - Sync 1 DAGs
[2023-02-03T04:54:39.937+0000] {logging_mixin.py:137} INFO - [2023-02-03T04:54:39.937+0000] {dag.py:3441} INFO - Setting next_dagrun for our_first_dag_with_python_operator_v2 to 2023-02-02T00:00:00+00:00, run_after=2023-02-03T00:00:00+00:00
[2023-02-03T04:54:39.957+0000] {processor.py:175} INFO - Processing /opt/airflow/dags/dag_with _po2.py took 0.122 seconds
[2023-02-03T04:55:10.260+0000] {processor.py:153} INFO - Started process (PID=1363) to work on /opt/airflow/dags/dag_with _po2.py
[2023-02-03T04:55:10.262+0000] {processor.py:743} INFO - Processing file /opt/airflow/dags/dag_with _po2.py for tasks to queue
[2023-02-03T04:55:10.264+0000] {logging_mixin.py:137} INFO - [2023-02-03T04:55:10.263+0000] {dagbag.py:538} INFO - Filling up the DagBag from /opt/airflow/dags/dag_with _po2.py
[2023-02-03T04:55:10.298+0000] {processor.py:753} INFO - DAG(s) dict_keys(['our_first_dag_with_python_operator_v2']) retrieved from /opt/airflow/dags/dag_with _po2.py
[2023-02-03T04:55:10.349+0000] {logging_mixin.py:137} INFO - [2023-02-03T04:55:10.349+0000] {dag.py:2690} INFO - Sync 1 DAGs
[2023-02-03T04:55:10.385+0000] {logging_mixin.py:137} INFO - [2023-02-03T04:55:10.384+0000] {dag.py:3441} INFO - Setting next_dagrun for our_first_dag_with_python_operator_v2 to 2023-02-02T00:00:00+00:00, run_after=2023-02-03T00:00:00+00:00
[2023-02-03T04:55:10.406+0000] {processor.py:175} INFO - Processing /opt/airflow/dags/dag_with _po2.py took 0.156 seconds
[2023-02-03T04:55:40.501+0000] {processor.py:153} INFO - Started process (PID=1401) to work on /opt/airflow/dags/dag_with _po2.py
[2023-02-03T04:55:40.503+0000] {processor.py:743} INFO - Processing file /opt/airflow/dags/dag_with _po2.py for tasks to queue
[2023-02-03T04:55:40.504+0000] {logging_mixin.py:137} INFO - [2023-02-03T04:55:40.504+0000] {dagbag.py:538} INFO - Filling up the DagBag from /opt/airflow/dags/dag_with _po2.py
[2023-02-03T04:55:40.527+0000] {processor.py:753} INFO - DAG(s) dict_keys(['our_first_dag_with_python_operator_v2']) retrieved from /opt/airflow/dags/dag_with _po2.py
[2023-02-03T04:55:40.561+0000] {logging_mixin.py:137} INFO - [2023-02-03T04:55:40.561+0000] {dag.py:2690} INFO - Sync 1 DAGs
[2023-02-03T04:55:40.589+0000] {logging_mixin.py:137} INFO - [2023-02-03T04:55:40.589+0000] {dag.py:3441} INFO - Setting next_dagrun for our_first_dag_with_python_operator_v2 to 2023-02-02T00:00:00+00:00, run_after=2023-02-03T00:00:00+00:00
[2023-02-03T04:55:40.610+0000] {processor.py:175} INFO - Processing /opt/airflow/dags/dag_with _po2.py took 0.115 seconds
[2023-02-03T04:56:11.025+0000] {processor.py:153} INFO - Started process (PID=1448) to work on /opt/airflow/dags/dag_with _po2.py
[2023-02-03T04:56:11.027+0000] {processor.py:743} INFO - Processing file /opt/airflow/dags/dag_with _po2.py for tasks to queue
[2023-02-03T04:56:11.029+0000] {logging_mixin.py:137} INFO - [2023-02-03T04:56:11.029+0000] {dagbag.py:538} INFO - Filling up the DagBag from /opt/airflow/dags/dag_with _po2.py
[2023-02-03T04:56:11.061+0000] {processor.py:753} INFO - DAG(s) dict_keys(['our_first_dag_with_python_operator_v2']) retrieved from /opt/airflow/dags/dag_with _po2.py
[2023-02-03T04:56:11.096+0000] {logging_mixin.py:137} INFO - [2023-02-03T04:56:11.096+0000] {dag.py:2690} INFO - Sync 1 DAGs
[2023-02-03T04:56:11.139+0000] {logging_mixin.py:137} INFO - [2023-02-03T04:56:11.139+0000] {dag.py:3441} INFO - Setting next_dagrun for our_first_dag_with_python_operator_v2 to 2023-02-02T00:00:00+00:00, run_after=2023-02-03T00:00:00+00:00
[2023-02-03T04:56:11.168+0000] {processor.py:175} INFO - Processing /opt/airflow/dags/dag_with _po2.py took 0.148 seconds
[2023-02-03T04:56:41.465+0000] {processor.py:153} INFO - Started process (PID=1489) to work on /opt/airflow/dags/dag_with _po2.py
[2023-02-03T04:56:41.469+0000] {processor.py:743} INFO - Processing file /opt/airflow/dags/dag_with _po2.py for tasks to queue
[2023-02-03T04:56:41.471+0000] {logging_mixin.py:137} INFO - [2023-02-03T04:56:41.471+0000] {dagbag.py:538} INFO - Filling up the DagBag from /opt/airflow/dags/dag_with _po2.py
[2023-02-03T04:56:41.507+0000] {processor.py:753} INFO - DAG(s) dict_keys(['our_first_dag_with_python_operator_v2']) retrieved from /opt/airflow/dags/dag_with _po2.py
[2023-02-03T04:56:41.554+0000] {logging_mixin.py:137} INFO - [2023-02-03T04:56:41.554+0000] {dag.py:2690} INFO - Sync 1 DAGs
[2023-02-03T04:56:41.607+0000] {logging_mixin.py:137} INFO - [2023-02-03T04:56:41.607+0000] {dag.py:3441} INFO - Setting next_dagrun for our_first_dag_with_python_operator_v2 to 2023-02-02T00:00:00+00:00, run_after=2023-02-03T00:00:00+00:00
[2023-02-03T04:56:41.638+0000] {processor.py:175} INFO - Processing /opt/airflow/dags/dag_with _po2.py took 0.183 seconds
[2023-02-03T04:57:11.728+0000] {processor.py:153} INFO - Started process (PID=1526) to work on /opt/airflow/dags/dag_with _po2.py
[2023-02-03T04:57:11.736+0000] {processor.py:743} INFO - Processing file /opt/airflow/dags/dag_with _po2.py for tasks to queue
[2023-02-03T04:57:11.738+0000] {logging_mixin.py:137} INFO - [2023-02-03T04:57:11.738+0000] {dagbag.py:538} INFO - Filling up the DagBag from /opt/airflow/dags/dag_with _po2.py
[2023-02-03T04:57:11.757+0000] {processor.py:753} INFO - DAG(s) dict_keys(['our_first_dag_with_python_operator_v2']) retrieved from /opt/airflow/dags/dag_with _po2.py
[2023-02-03T04:57:11.783+0000] {logging_mixin.py:137} INFO - [2023-02-03T04:57:11.783+0000] {dag.py:2690} INFO - Sync 1 DAGs
[2023-02-03T04:57:11.808+0000] {logging_mixin.py:137} INFO - [2023-02-03T04:57:11.808+0000] {dag.py:3441} INFO - Setting next_dagrun for our_first_dag_with_python_operator_v2 to 2023-02-02T00:00:00+00:00, run_after=2023-02-03T00:00:00+00:00
[2023-02-03T04:57:11.824+0000] {processor.py:175} INFO - Processing /opt/airflow/dags/dag_with _po2.py took 0.101 seconds
[2023-02-03T04:57:42.025+0000] {processor.py:153} INFO - Started process (PID=1576) to work on /opt/airflow/dags/dag_with _po2.py
[2023-02-03T04:57:42.027+0000] {processor.py:743} INFO - Processing file /opt/airflow/dags/dag_with _po2.py for tasks to queue
[2023-02-03T04:57:42.028+0000] {logging_mixin.py:137} INFO - [2023-02-03T04:57:42.028+0000] {dagbag.py:538} INFO - Filling up the DagBag from /opt/airflow/dags/dag_with _po2.py
[2023-02-03T04:57:42.055+0000] {processor.py:753} INFO - DAG(s) dict_keys(['our_first_dag_with_python_operator_v2']) retrieved from /opt/airflow/dags/dag_with _po2.py
[2023-02-03T04:57:42.089+0000] {logging_mixin.py:137} INFO - [2023-02-03T04:57:42.089+0000] {dag.py:2690} INFO - Sync 1 DAGs
[2023-02-03T04:57:42.116+0000] {logging_mixin.py:137} INFO - [2023-02-03T04:57:42.116+0000] {dag.py:3441} INFO - Setting next_dagrun for our_first_dag_with_python_operator_v2 to 2023-02-02T00:00:00+00:00, run_after=2023-02-03T00:00:00+00:00
[2023-02-03T04:57:42.136+0000] {processor.py:175} INFO - Processing /opt/airflow/dags/dag_with _po2.py took 0.117 seconds
[2023-02-03T04:58:12.329+0000] {processor.py:153} INFO - Started process (PID=1614) to work on /opt/airflow/dags/dag_with _po2.py
[2023-02-03T04:58:12.331+0000] {processor.py:743} INFO - Processing file /opt/airflow/dags/dag_with _po2.py for tasks to queue
[2023-02-03T04:58:12.332+0000] {logging_mixin.py:137} INFO - [2023-02-03T04:58:12.332+0000] {dagbag.py:538} INFO - Filling up the DagBag from /opt/airflow/dags/dag_with _po2.py
[2023-02-03T04:58:12.357+0000] {processor.py:753} INFO - DAG(s) dict_keys(['our_first_dag_with_python_operator_v2']) retrieved from /opt/airflow/dags/dag_with _po2.py
[2023-02-03T04:58:12.392+0000] {logging_mixin.py:137} INFO - [2023-02-03T04:58:12.392+0000] {dag.py:2690} INFO - Sync 1 DAGs
[2023-02-03T04:58:12.421+0000] {logging_mixin.py:137} INFO - [2023-02-03T04:58:12.421+0000] {dag.py:3441} INFO - Setting next_dagrun for our_first_dag_with_python_operator_v2 to 2023-02-02T00:00:00+00:00, run_after=2023-02-03T00:00:00+00:00
[2023-02-03T04:58:12.438+0000] {processor.py:175} INFO - Processing /opt/airflow/dags/dag_with _po2.py took 0.116 seconds
[2023-02-03T04:58:42.619+0000] {processor.py:153} INFO - Started process (PID=1665) to work on /opt/airflow/dags/dag_with _po2.py
[2023-02-03T04:58:42.622+0000] {processor.py:743} INFO - Processing file /opt/airflow/dags/dag_with _po2.py for tasks to queue
[2023-02-03T04:58:42.623+0000] {logging_mixin.py:137} INFO - [2023-02-03T04:58:42.623+0000] {dagbag.py:538} INFO - Filling up the DagBag from /opt/airflow/dags/dag_with _po2.py
[2023-02-03T04:58:42.648+0000] {processor.py:753} INFO - DAG(s) dict_keys(['our_first_dag_with_python_operator_v2']) retrieved from /opt/airflow/dags/dag_with _po2.py
[2023-02-03T04:58:42.684+0000] {logging_mixin.py:137} INFO - [2023-02-03T04:58:42.684+0000] {dag.py:2690} INFO - Sync 1 DAGs
[2023-02-03T04:58:42.716+0000] {logging_mixin.py:137} INFO - [2023-02-03T04:58:42.716+0000] {dag.py:3441} INFO - Setting next_dagrun for our_first_dag_with_python_operator_v2 to 2023-02-02T00:00:00+00:00, run_after=2023-02-03T00:00:00+00:00
[2023-02-03T04:58:42.733+0000] {processor.py:175} INFO - Processing /opt/airflow/dags/dag_with _po2.py took 0.121 seconds
[2023-02-03T04:59:12.857+0000] {processor.py:153} INFO - Started process (PID=1703) to work on /opt/airflow/dags/dag_with _po2.py
[2023-02-03T04:59:12.859+0000] {processor.py:743} INFO - Processing file /opt/airflow/dags/dag_with _po2.py for tasks to queue
[2023-02-03T04:59:12.861+0000] {logging_mixin.py:137} INFO - [2023-02-03T04:59:12.861+0000] {dagbag.py:538} INFO - Filling up the DagBag from /opt/airflow/dags/dag_with _po2.py
[2023-02-03T04:59:12.885+0000] {processor.py:753} INFO - DAG(s) dict_keys(['our_first_dag_with_python_operator_v2']) retrieved from /opt/airflow/dags/dag_with _po2.py
[2023-02-03T04:59:12.917+0000] {logging_mixin.py:137} INFO - [2023-02-03T04:59:12.917+0000] {dag.py:2690} INFO - Sync 1 DAGs
[2023-02-03T04:59:12.940+0000] {logging_mixin.py:137} INFO - [2023-02-03T04:59:12.940+0000] {dag.py:3441} INFO - Setting next_dagrun for our_first_dag_with_python_operator_v2 to 2023-02-02T00:00:00+00:00, run_after=2023-02-03T00:00:00+00:00
[2023-02-03T04:59:12.967+0000] {processor.py:175} INFO - Processing /opt/airflow/dags/dag_with _po2.py took 0.116 seconds
[2023-02-03T04:59:43.068+0000] {processor.py:153} INFO - Started process (PID=1753) to work on /opt/airflow/dags/dag_with _po2.py
[2023-02-03T04:59:43.070+0000] {processor.py:743} INFO - Processing file /opt/airflow/dags/dag_with _po2.py for tasks to queue
[2023-02-03T04:59:43.071+0000] {logging_mixin.py:137} INFO - [2023-02-03T04:59:43.071+0000] {dagbag.py:538} INFO - Filling up the DagBag from /opt/airflow/dags/dag_with _po2.py
[2023-02-03T04:59:43.106+0000] {processor.py:753} INFO - DAG(s) dict_keys(['our_first_dag_with_python_operator_v2']) retrieved from /opt/airflow/dags/dag_with _po2.py
[2023-02-03T04:59:43.159+0000] {logging_mixin.py:137} INFO - [2023-02-03T04:59:43.159+0000] {dag.py:2690} INFO - Sync 1 DAGs
[2023-02-03T04:59:43.196+0000] {logging_mixin.py:137} INFO - [2023-02-03T04:59:43.196+0000] {dag.py:3441} INFO - Setting next_dagrun for our_first_dag_with_python_operator_v2 to 2023-02-02T00:00:00+00:00, run_after=2023-02-03T00:00:00+00:00
[2023-02-03T04:59:43.218+0000] {processor.py:175} INFO - Processing /opt/airflow/dags/dag_with _po2.py took 0.156 seconds
[2023-02-03T05:00:13.370+0000] {processor.py:153} INFO - Started process (PID=1791) to work on /opt/airflow/dags/dag_with _po2.py
[2023-02-03T05:00:13.372+0000] {processor.py:743} INFO - Processing file /opt/airflow/dags/dag_with _po2.py for tasks to queue
[2023-02-03T05:00:13.374+0000] {logging_mixin.py:137} INFO - [2023-02-03T05:00:13.374+0000] {dagbag.py:538} INFO - Filling up the DagBag from /opt/airflow/dags/dag_with _po2.py
[2023-02-03T05:00:13.404+0000] {processor.py:753} INFO - DAG(s) dict_keys(['our_first_dag_with_python_operator_v2']) retrieved from /opt/airflow/dags/dag_with _po2.py
[2023-02-03T05:00:13.442+0000] {logging_mixin.py:137} INFO - [2023-02-03T05:00:13.442+0000] {dag.py:2690} INFO - Sync 1 DAGs
[2023-02-03T05:00:13.469+0000] {logging_mixin.py:137} INFO - [2023-02-03T05:00:13.469+0000] {dag.py:3441} INFO - Setting next_dagrun for our_first_dag_with_python_operator_v2 to 2023-02-02T00:00:00+00:00, run_after=2023-02-03T00:00:00+00:00
[2023-02-03T05:00:13.486+0000] {processor.py:175} INFO - Processing /opt/airflow/dags/dag_with _po2.py took 0.125 seconds
[2023-02-03T05:00:43.522+0000] {processor.py:153} INFO - Started process (PID=1841) to work on /opt/airflow/dags/dag_with _po2.py
[2023-02-03T05:00:43.525+0000] {processor.py:743} INFO - Processing file /opt/airflow/dags/dag_with _po2.py for tasks to queue
[2023-02-03T05:00:43.526+0000] {logging_mixin.py:137} INFO - [2023-02-03T05:00:43.526+0000] {dagbag.py:538} INFO - Filling up the DagBag from /opt/airflow/dags/dag_with _po2.py
[2023-02-03T05:00:43.556+0000] {processor.py:753} INFO - DAG(s) dict_keys(['our_first_dag_with_python_operator_v2']) retrieved from /opt/airflow/dags/dag_with _po2.py
[2023-02-03T05:00:43.594+0000] {logging_mixin.py:137} INFO - [2023-02-03T05:00:43.594+0000] {dag.py:2690} INFO - Sync 1 DAGs
[2023-02-03T05:00:43.626+0000] {logging_mixin.py:137} INFO - [2023-02-03T05:00:43.625+0000] {dag.py:3441} INFO - Setting next_dagrun for our_first_dag_with_python_operator_v2 to 2023-02-02T00:00:00+00:00, run_after=2023-02-03T00:00:00+00:00
[2023-02-03T05:00:43.644+0000] {processor.py:175} INFO - Processing /opt/airflow/dags/dag_with _po2.py took 0.127 seconds
[2023-02-03T05:01:13.736+0000] {processor.py:153} INFO - Started process (PID=1879) to work on /opt/airflow/dags/dag_with _po2.py
[2023-02-03T05:01:13.740+0000] {processor.py:743} INFO - Processing file /opt/airflow/dags/dag_with _po2.py for tasks to queue
[2023-02-03T05:01:13.741+0000] {logging_mixin.py:137} INFO - [2023-02-03T05:01:13.741+0000] {dagbag.py:538} INFO - Filling up the DagBag from /opt/airflow/dags/dag_with _po2.py
[2023-02-03T05:01:13.768+0000] {processor.py:753} INFO - DAG(s) dict_keys(['our_first_dag_with_python_operator_v2']) retrieved from /opt/airflow/dags/dag_with _po2.py
[2023-02-03T05:01:13.804+0000] {logging_mixin.py:137} INFO - [2023-02-03T05:01:13.804+0000] {dag.py:2690} INFO - Sync 1 DAGs
[2023-02-03T05:01:13.833+0000] {logging_mixin.py:137} INFO - [2023-02-03T05:01:13.833+0000] {dag.py:3441} INFO - Setting next_dagrun for our_first_dag_with_python_operator_v2 to 2023-02-02T00:00:00+00:00, run_after=2023-02-03T00:00:00+00:00
[2023-02-03T05:01:13.853+0000] {processor.py:175} INFO - Processing /opt/airflow/dags/dag_with _po2.py took 0.124 seconds
[2023-02-03T05:01:43.949+0000] {processor.py:153} INFO - Started process (PID=1929) to work on /opt/airflow/dags/dag_with _po2.py
[2023-02-03T05:01:43.952+0000] {processor.py:743} INFO - Processing file /opt/airflow/dags/dag_with _po2.py for tasks to queue
[2023-02-03T05:01:43.954+0000] {logging_mixin.py:137} INFO - [2023-02-03T05:01:43.954+0000] {dagbag.py:538} INFO - Filling up the DagBag from /opt/airflow/dags/dag_with _po2.py
[2023-02-03T05:01:43.986+0000] {processor.py:753} INFO - DAG(s) dict_keys(['our_first_dag_with_python_operator_v2']) retrieved from /opt/airflow/dags/dag_with _po2.py
[2023-02-03T05:01:44.030+0000] {logging_mixin.py:137} INFO - [2023-02-03T05:01:44.030+0000] {dag.py:2690} INFO - Sync 1 DAGs
[2023-02-03T05:01:44.075+0000] {logging_mixin.py:137} INFO - [2023-02-03T05:01:44.075+0000] {dag.py:3441} INFO - Setting next_dagrun for our_first_dag_with_python_operator_v2 to 2023-02-02T00:00:00+00:00, run_after=2023-02-03T00:00:00+00:00
[2023-02-03T05:01:44.098+0000] {processor.py:175} INFO - Processing /opt/airflow/dags/dag_with _po2.py took 0.156 seconds
[2023-02-03T05:02:14.182+0000] {processor.py:153} INFO - Started process (PID=1966) to work on /opt/airflow/dags/dag_with _po2.py
[2023-02-03T05:02:14.184+0000] {processor.py:743} INFO - Processing file /opt/airflow/dags/dag_with _po2.py for tasks to queue
[2023-02-03T05:02:14.186+0000] {logging_mixin.py:137} INFO - [2023-02-03T05:02:14.185+0000] {dagbag.py:538} INFO - Filling up the DagBag from /opt/airflow/dags/dag_with _po2.py
[2023-02-03T05:02:14.210+0000] {processor.py:753} INFO - DAG(s) dict_keys(['our_first_dag_with_python_operator_v2']) retrieved from /opt/airflow/dags/dag_with _po2.py
[2023-02-03T05:02:14.242+0000] {logging_mixin.py:137} INFO - [2023-02-03T05:02:14.242+0000] {dag.py:2690} INFO - Sync 1 DAGs
[2023-02-03T05:02:14.268+0000] {logging_mixin.py:137} INFO - [2023-02-03T05:02:14.268+0000] {dag.py:3441} INFO - Setting next_dagrun for our_first_dag_with_python_operator_v2 to 2023-02-02T00:00:00+00:00, run_after=2023-02-03T00:00:00+00:00
[2023-02-03T05:02:14.286+0000] {processor.py:175} INFO - Processing /opt/airflow/dags/dag_with _po2.py took 0.109 seconds
[2023-02-03T05:02:44.845+0000] {processor.py:153} INFO - Started process (PID=2017) to work on /opt/airflow/dags/dag_with _po2.py
[2023-02-03T05:02:44.848+0000] {processor.py:743} INFO - Processing file /opt/airflow/dags/dag_with _po2.py for tasks to queue
[2023-02-03T05:02:44.852+0000] {logging_mixin.py:137} INFO - [2023-02-03T05:02:44.851+0000] {dagbag.py:538} INFO - Filling up the DagBag from /opt/airflow/dags/dag_with _po2.py
[2023-02-03T05:02:44.922+0000] {processor.py:753} INFO - DAG(s) dict_keys(['our_first_dag_with_python_operator_v2']) retrieved from /opt/airflow/dags/dag_with _po2.py
[2023-02-03T05:02:45.027+0000] {logging_mixin.py:137} INFO - [2023-02-03T05:02:45.025+0000] {dag.py:2690} INFO - Sync 1 DAGs
[2023-02-03T05:02:45.102+0000] {logging_mixin.py:137} INFO - [2023-02-03T05:02:45.101+0000] {dag.py:3441} INFO - Setting next_dagrun for our_first_dag_with_python_operator_v2 to 2023-02-02T00:00:00+00:00, run_after=2023-02-03T00:00:00+00:00
[2023-02-03T05:02:45.150+0000] {processor.py:175} INFO - Processing /opt/airflow/dags/dag_with _po2.py took 0.322 seconds
[2023-02-03T05:03:15.250+0000] {processor.py:153} INFO - Started process (PID=2056) to work on /opt/airflow/dags/dag_with _po2.py
[2023-02-03T05:03:15.252+0000] {processor.py:743} INFO - Processing file /opt/airflow/dags/dag_with _po2.py for tasks to queue
[2023-02-03T05:03:15.253+0000] {logging_mixin.py:137} INFO - [2023-02-03T05:03:15.253+0000] {dagbag.py:538} INFO - Filling up the DagBag from /opt/airflow/dags/dag_with _po2.py
[2023-02-03T05:03:15.278+0000] {processor.py:753} INFO - DAG(s) dict_keys(['our_first_dag_with_python_operator_v2']) retrieved from /opt/airflow/dags/dag_with _po2.py
[2023-02-03T05:03:15.307+0000] {logging_mixin.py:137} INFO - [2023-02-03T05:03:15.307+0000] {dag.py:2690} INFO - Sync 1 DAGs
[2023-02-03T05:03:15.334+0000] {logging_mixin.py:137} INFO - [2023-02-03T05:03:15.333+0000] {dag.py:3441} INFO - Setting next_dagrun for our_first_dag_with_python_operator_v2 to 2023-02-02T00:00:00+00:00, run_after=2023-02-03T00:00:00+00:00
[2023-02-03T05:03:15.351+0000] {processor.py:175} INFO - Processing /opt/airflow/dags/dag_with _po2.py took 0.108 seconds
