[2023-02-03T04:39:10.928+0000] {processor.py:153} INFO - Started process (PID=48) to work on /opt/airflow/dags/dag_with_taskflow_api.py
[2023-02-03T04:39:11.007+0000] {processor.py:743} INFO - Processing file /opt/airflow/dags/dag_with_taskflow_api.py for tasks to queue
[2023-02-03T04:39:11.041+0000] {logging_mixin.py:137} INFO - [2023-02-03T04:39:11.040+0000] {dagbag.py:538} INFO - Filling up the DagBag from /opt/airflow/dags/dag_with_taskflow_api.py
[2023-02-03T04:39:12.284+0000] {processor.py:753} INFO - DAG(s) dict_keys(['dag_with_taskflow_api_v01']) retrieved from /opt/airflow/dags/dag_with_taskflow_api.py
[2023-02-03T04:39:14.410+0000] {logging_mixin.py:137} INFO - [2023-02-03T04:39:14.404+0000] {dag.py:2690} INFO - Sync 1 DAGs
[2023-02-03T04:39:14.564+0000] {logging_mixin.py:137} INFO - [2023-02-03T04:39:14.563+0000] {dag.py:3441} INFO - Setting next_dagrun for dag_with_taskflow_api_v01 to 2023-02-02T00:00:00+00:00, run_after=2023-02-03T00:00:00+00:00
[2023-02-03T04:39:14.976+0000] {processor.py:175} INFO - Processing /opt/airflow/dags/dag_with_taskflow_api.py took 4.146 seconds
[2023-02-03T04:39:46.594+0000] {processor.py:153} INFO - Started process (PID=89) to work on /opt/airflow/dags/dag_with_taskflow_api.py
[2023-02-03T04:39:46.611+0000] {processor.py:743} INFO - Processing file /opt/airflow/dags/dag_with_taskflow_api.py for tasks to queue
[2023-02-03T04:39:46.615+0000] {logging_mixin.py:137} INFO - [2023-02-03T04:39:46.615+0000] {dagbag.py:538} INFO - Filling up the DagBag from /opt/airflow/dags/dag_with_taskflow_api.py
[2023-02-03T04:39:46.842+0000] {processor.py:753} INFO - DAG(s) dict_keys(['dag_with_taskflow_api_v01']) retrieved from /opt/airflow/dags/dag_with_taskflow_api.py
[2023-02-03T04:39:47.384+0000] {logging_mixin.py:137} INFO - [2023-02-03T04:39:47.383+0000] {dag.py:2690} INFO - Sync 1 DAGs
[2023-02-03T04:39:48.866+0000] {logging_mixin.py:137} INFO - [2023-02-03T04:39:48.862+0000] {dag.py:3441} INFO - Setting next_dagrun for dag_with_taskflow_api_v01 to 2023-02-03T00:00:00+00:00, run_after=2023-02-04T00:00:00+00:00
[2023-02-03T04:39:49.517+0000] {processor.py:175} INFO - Processing /opt/airflow/dags/dag_with_taskflow_api.py took 2.936 seconds
[2023-02-03T04:40:21.123+0000] {processor.py:153} INFO - Started process (PID=125) to work on /opt/airflow/dags/dag_with_taskflow_api.py
[2023-02-03T04:40:21.139+0000] {processor.py:743} INFO - Processing file /opt/airflow/dags/dag_with_taskflow_api.py for tasks to queue
[2023-02-03T04:40:21.150+0000] {logging_mixin.py:137} INFO - [2023-02-03T04:40:21.150+0000] {dagbag.py:538} INFO - Filling up the DagBag from /opt/airflow/dags/dag_with_taskflow_api.py
[2023-02-03T04:40:21.308+0000] {processor.py:753} INFO - DAG(s) dict_keys(['dag_with_taskflow_api_v01']) retrieved from /opt/airflow/dags/dag_with_taskflow_api.py
[2023-02-03T04:40:21.535+0000] {logging_mixin.py:137} INFO - [2023-02-03T04:40:21.535+0000] {dag.py:2690} INFO - Sync 1 DAGs
[2023-02-03T04:40:21.730+0000] {logging_mixin.py:137} INFO - [2023-02-03T04:40:21.729+0000] {dag.py:3441} INFO - Setting next_dagrun for dag_with_taskflow_api_v01 to 2023-02-03T00:00:00+00:00, run_after=2023-02-04T00:00:00+00:00
[2023-02-03T04:40:21.832+0000] {processor.py:175} INFO - Processing /opt/airflow/dags/dag_with_taskflow_api.py took 0.751 seconds
[2023-02-03T04:40:52.131+0000] {processor.py:153} INFO - Started process (PID=156) to work on /opt/airflow/dags/dag_with_taskflow_api.py
[2023-02-03T04:40:52.134+0000] {processor.py:743} INFO - Processing file /opt/airflow/dags/dag_with_taskflow_api.py for tasks to queue
[2023-02-03T04:40:52.136+0000] {logging_mixin.py:137} INFO - [2023-02-03T04:40:52.136+0000] {dagbag.py:538} INFO - Filling up the DagBag from /opt/airflow/dags/dag_with_taskflow_api.py
[2023-02-03T04:40:52.182+0000] {processor.py:753} INFO - DAG(s) dict_keys(['dag_with_taskflow_api_v01']) retrieved from /opt/airflow/dags/dag_with_taskflow_api.py
[2023-02-03T04:40:52.229+0000] {logging_mixin.py:137} INFO - [2023-02-03T04:40:52.229+0000] {dag.py:2690} INFO - Sync 1 DAGs
[2023-02-03T04:40:52.276+0000] {logging_mixin.py:137} INFO - [2023-02-03T04:40:52.276+0000] {dag.py:3441} INFO - Setting next_dagrun for dag_with_taskflow_api_v01 to 2023-02-03T00:00:00+00:00, run_after=2023-02-04T00:00:00+00:00
[2023-02-03T04:40:52.306+0000] {processor.py:175} INFO - Processing /opt/airflow/dags/dag_with_taskflow_api.py took 0.183 seconds
[2023-02-03T04:41:22.722+0000] {processor.py:153} INFO - Started process (PID=205) to work on /opt/airflow/dags/dag_with_taskflow_api.py
[2023-02-03T04:41:22.725+0000] {processor.py:743} INFO - Processing file /opt/airflow/dags/dag_with_taskflow_api.py for tasks to queue
[2023-02-03T04:41:22.727+0000] {logging_mixin.py:137} INFO - [2023-02-03T04:41:22.727+0000] {dagbag.py:538} INFO - Filling up the DagBag from /opt/airflow/dags/dag_with_taskflow_api.py
[2023-02-03T04:41:22.781+0000] {processor.py:753} INFO - DAG(s) dict_keys(['dag_with_taskflow_api_v01']) retrieved from /opt/airflow/dags/dag_with_taskflow_api.py
[2023-02-03T04:41:22.817+0000] {logging_mixin.py:137} INFO - [2023-02-03T04:41:22.817+0000] {dag.py:2690} INFO - Sync 1 DAGs
[2023-02-03T04:41:22.850+0000] {logging_mixin.py:137} INFO - [2023-02-03T04:41:22.849+0000] {dag.py:3441} INFO - Setting next_dagrun for dag_with_taskflow_api_v01 to 2023-02-03T00:00:00+00:00, run_after=2023-02-04T00:00:00+00:00
[2023-02-03T04:41:22.871+0000] {processor.py:175} INFO - Processing /opt/airflow/dags/dag_with_taskflow_api.py took 0.155 seconds
[2023-02-03T04:41:53.126+0000] {processor.py:153} INFO - Started process (PID=243) to work on /opt/airflow/dags/dag_with_taskflow_api.py
[2023-02-03T04:41:53.130+0000] {processor.py:743} INFO - Processing file /opt/airflow/dags/dag_with_taskflow_api.py for tasks to queue
[2023-02-03T04:41:53.135+0000] {logging_mixin.py:137} INFO - [2023-02-03T04:41:53.134+0000] {dagbag.py:538} INFO - Filling up the DagBag from /opt/airflow/dags/dag_with_taskflow_api.py
[2023-02-03T04:41:53.258+0000] {processor.py:753} INFO - DAG(s) dict_keys(['dag_with_taskflow_api_v01']) retrieved from /opt/airflow/dags/dag_with_taskflow_api.py
[2023-02-03T04:41:53.338+0000] {logging_mixin.py:137} INFO - [2023-02-03T04:41:53.338+0000] {dag.py:2690} INFO - Sync 1 DAGs
[2023-02-03T04:41:53.384+0000] {logging_mixin.py:137} INFO - [2023-02-03T04:41:53.384+0000] {dag.py:3441} INFO - Setting next_dagrun for dag_with_taskflow_api_v01 to 2023-02-03T00:00:00+00:00, run_after=2023-02-04T00:00:00+00:00
[2023-02-03T04:41:53.428+0000] {processor.py:175} INFO - Processing /opt/airflow/dags/dag_with_taskflow_api.py took 0.315 seconds
[2023-02-03T04:42:24.345+0000] {processor.py:153} INFO - Started process (PID=281) to work on /opt/airflow/dags/dag_with_taskflow_api.py
[2023-02-03T04:42:24.347+0000] {processor.py:743} INFO - Processing file /opt/airflow/dags/dag_with_taskflow_api.py for tasks to queue
[2023-02-03T04:42:24.349+0000] {logging_mixin.py:137} INFO - [2023-02-03T04:42:24.349+0000] {dagbag.py:538} INFO - Filling up the DagBag from /opt/airflow/dags/dag_with_taskflow_api.py
[2023-02-03T04:42:24.383+0000] {processor.py:753} INFO - DAG(s) dict_keys(['dag_with_taskflow_api_v01']) retrieved from /opt/airflow/dags/dag_with_taskflow_api.py
[2023-02-03T04:42:24.414+0000] {logging_mixin.py:137} INFO - [2023-02-03T04:42:24.413+0000] {dag.py:2690} INFO - Sync 1 DAGs
[2023-02-03T04:42:24.441+0000] {logging_mixin.py:137} INFO - [2023-02-03T04:42:24.441+0000] {dag.py:3441} INFO - Setting next_dagrun for dag_with_taskflow_api_v01 to 2023-02-03T00:00:00+00:00, run_after=2023-02-04T00:00:00+00:00
[2023-02-03T04:42:24.457+0000] {processor.py:175} INFO - Processing /opt/airflow/dags/dag_with_taskflow_api.py took 0.119 seconds
[2023-02-03T04:42:54.747+0000] {processor.py:153} INFO - Started process (PID=331) to work on /opt/airflow/dags/dag_with_taskflow_api.py
[2023-02-03T04:42:54.752+0000] {processor.py:743} INFO - Processing file /opt/airflow/dags/dag_with_taskflow_api.py for tasks to queue
[2023-02-03T04:42:54.755+0000] {logging_mixin.py:137} INFO - [2023-02-03T04:42:54.754+0000] {dagbag.py:538} INFO - Filling up the DagBag from /opt/airflow/dags/dag_with_taskflow_api.py
[2023-02-03T04:42:54.833+0000] {processor.py:753} INFO - DAG(s) dict_keys(['dag_with_taskflow_api_v01']) retrieved from /opt/airflow/dags/dag_with_taskflow_api.py
[2023-02-03T04:42:54.904+0000] {logging_mixin.py:137} INFO - [2023-02-03T04:42:54.904+0000] {dag.py:2690} INFO - Sync 1 DAGs
[2023-02-03T04:42:54.984+0000] {logging_mixin.py:137} INFO - [2023-02-03T04:42:54.984+0000] {dag.py:3441} INFO - Setting next_dagrun for dag_with_taskflow_api_v01 to 2023-02-03T00:00:00+00:00, run_after=2023-02-04T00:00:00+00:00
[2023-02-03T04:42:55.011+0000] {processor.py:175} INFO - Processing /opt/airflow/dags/dag_with_taskflow_api.py took 0.278 seconds
[2023-02-03T04:43:25.095+0000] {processor.py:153} INFO - Started process (PID=369) to work on /opt/airflow/dags/dag_with_taskflow_api.py
[2023-02-03T04:43:25.098+0000] {processor.py:743} INFO - Processing file /opt/airflow/dags/dag_with_taskflow_api.py for tasks to queue
[2023-02-03T04:43:25.099+0000] {logging_mixin.py:137} INFO - [2023-02-03T04:43:25.099+0000] {dagbag.py:538} INFO - Filling up the DagBag from /opt/airflow/dags/dag_with_taskflow_api.py
[2023-02-03T04:43:25.145+0000] {processor.py:753} INFO - DAG(s) dict_keys(['dag_with_taskflow_api_v01']) retrieved from /opt/airflow/dags/dag_with_taskflow_api.py
[2023-02-03T04:43:25.176+0000] {logging_mixin.py:137} INFO - [2023-02-03T04:43:25.176+0000] {dag.py:2690} INFO - Sync 1 DAGs
[2023-02-03T04:43:25.202+0000] {logging_mixin.py:137} INFO - [2023-02-03T04:43:25.202+0000] {dag.py:3441} INFO - Setting next_dagrun for dag_with_taskflow_api_v01 to 2023-02-03T00:00:00+00:00, run_after=2023-02-04T00:00:00+00:00
[2023-02-03T04:43:25.220+0000] {processor.py:175} INFO - Processing /opt/airflow/dags/dag_with_taskflow_api.py took 0.131 seconds
[2023-02-03T04:43:55.492+0000] {processor.py:153} INFO - Started process (PID=416) to work on /opt/airflow/dags/dag_with_taskflow_api.py
[2023-02-03T04:43:55.494+0000] {processor.py:743} INFO - Processing file /opt/airflow/dags/dag_with_taskflow_api.py for tasks to queue
[2023-02-03T04:43:55.496+0000] {logging_mixin.py:137} INFO - [2023-02-03T04:43:55.496+0000] {dagbag.py:538} INFO - Filling up the DagBag from /opt/airflow/dags/dag_with_taskflow_api.py
[2023-02-03T04:43:55.536+0000] {processor.py:753} INFO - DAG(s) dict_keys(['dag_with_taskflow_api_v01']) retrieved from /opt/airflow/dags/dag_with_taskflow_api.py
[2023-02-03T04:43:55.570+0000] {logging_mixin.py:137} INFO - [2023-02-03T04:43:55.570+0000] {dag.py:2690} INFO - Sync 1 DAGs
[2023-02-03T04:43:55.601+0000] {logging_mixin.py:137} INFO - [2023-02-03T04:43:55.601+0000] {dag.py:3441} INFO - Setting next_dagrun for dag_with_taskflow_api_v01 to 2023-02-03T00:00:00+00:00, run_after=2023-02-04T00:00:00+00:00
[2023-02-03T04:43:55.627+0000] {processor.py:175} INFO - Processing /opt/airflow/dags/dag_with_taskflow_api.py took 0.141 seconds
[2023-02-03T04:44:25.848+0000] {processor.py:153} INFO - Started process (PID=463) to work on /opt/airflow/dags/dag_with_taskflow_api.py
[2023-02-03T04:44:25.853+0000] {processor.py:743} INFO - Processing file /opt/airflow/dags/dag_with_taskflow_api.py for tasks to queue
[2023-02-03T04:44:25.856+0000] {logging_mixin.py:137} INFO - [2023-02-03T04:44:25.856+0000] {dagbag.py:538} INFO - Filling up the DagBag from /opt/airflow/dags/dag_with_taskflow_api.py
[2023-02-03T04:44:25.991+0000] {processor.py:753} INFO - DAG(s) dict_keys(['dag_with_taskflow_api_v01']) retrieved from /opt/airflow/dags/dag_with_taskflow_api.py
[2023-02-03T04:44:26.054+0000] {logging_mixin.py:137} INFO - [2023-02-03T04:44:26.053+0000] {dag.py:2690} INFO - Sync 1 DAGs
[2023-02-03T04:44:26.118+0000] {logging_mixin.py:137} INFO - [2023-02-03T04:44:26.118+0000] {dag.py:3441} INFO - Setting next_dagrun for dag_with_taskflow_api_v01 to 2023-02-03T00:00:00+00:00, run_after=2023-02-04T00:00:00+00:00
[2023-02-03T04:44:26.144+0000] {processor.py:175} INFO - Processing /opt/airflow/dags/dag_with_taskflow_api.py took 0.309 seconds
[2023-02-03T04:44:56.369+0000] {processor.py:153} INFO - Started process (PID=501) to work on /opt/airflow/dags/dag_with_taskflow_api.py
[2023-02-03T04:44:56.383+0000] {processor.py:743} INFO - Processing file /opt/airflow/dags/dag_with_taskflow_api.py for tasks to queue
[2023-02-03T04:44:56.394+0000] {logging_mixin.py:137} INFO - [2023-02-03T04:44:56.393+0000] {dagbag.py:538} INFO - Filling up the DagBag from /opt/airflow/dags/dag_with_taskflow_api.py
[2023-02-03T04:44:56.482+0000] {processor.py:753} INFO - DAG(s) dict_keys(['dag_with_taskflow_api_v01']) retrieved from /opt/airflow/dags/dag_with_taskflow_api.py
[2023-02-03T04:44:56.528+0000] {logging_mixin.py:137} INFO - [2023-02-03T04:44:56.528+0000] {dag.py:2690} INFO - Sync 1 DAGs
[2023-02-03T04:44:56.561+0000] {logging_mixin.py:137} INFO - [2023-02-03T04:44:56.561+0000] {dag.py:3441} INFO - Setting next_dagrun for dag_with_taskflow_api_v01 to 2023-02-03T00:00:00+00:00, run_after=2023-02-04T00:00:00+00:00
[2023-02-03T04:44:56.584+0000] {processor.py:175} INFO - Processing /opt/airflow/dags/dag_with_taskflow_api.py took 0.236 seconds
[2023-02-03T04:45:26.808+0000] {processor.py:153} INFO - Started process (PID=552) to work on /opt/airflow/dags/dag_with_taskflow_api.py
[2023-02-03T04:45:26.821+0000] {processor.py:743} INFO - Processing file /opt/airflow/dags/dag_with_taskflow_api.py for tasks to queue
[2023-02-03T04:45:26.827+0000] {logging_mixin.py:137} INFO - [2023-02-03T04:45:26.826+0000] {dagbag.py:538} INFO - Filling up the DagBag from /opt/airflow/dags/dag_with_taskflow_api.py
[2023-02-03T04:45:27.114+0000] {processor.py:753} INFO - DAG(s) dict_keys(['dag_with_taskflow_api_v01']) retrieved from /opt/airflow/dags/dag_with_taskflow_api.py
[2023-02-03T04:45:27.257+0000] {logging_mixin.py:137} INFO - [2023-02-03T04:45:27.257+0000] {dag.py:2690} INFO - Sync 1 DAGs
[2023-02-03T04:45:27.365+0000] {logging_mixin.py:137} INFO - [2023-02-03T04:45:27.364+0000] {dag.py:3441} INFO - Setting next_dagrun for dag_with_taskflow_api_v01 to 2023-02-03T00:00:00+00:00, run_after=2023-02-04T00:00:00+00:00
[2023-02-03T04:45:27.447+0000] {processor.py:175} INFO - Processing /opt/airflow/dags/dag_with_taskflow_api.py took 0.683 seconds
[2023-02-03T04:45:57.843+0000] {processor.py:153} INFO - Started process (PID=590) to work on /opt/airflow/dags/dag_with_taskflow_api.py
[2023-02-03T04:45:57.853+0000] {processor.py:743} INFO - Processing file /opt/airflow/dags/dag_with_taskflow_api.py for tasks to queue
[2023-02-03T04:45:57.877+0000] {logging_mixin.py:137} INFO - [2023-02-03T04:45:57.875+0000] {dagbag.py:538} INFO - Filling up the DagBag from /opt/airflow/dags/dag_with_taskflow_api.py
[2023-02-03T04:45:58.018+0000] {processor.py:753} INFO - DAG(s) dict_keys(['dag_with_taskflow_api_v01']) retrieved from /opt/airflow/dags/dag_with_taskflow_api.py
[2023-02-03T04:45:58.316+0000] {logging_mixin.py:137} INFO - [2023-02-03T04:45:58.316+0000] {dag.py:2690} INFO - Sync 1 DAGs
[2023-02-03T04:45:58.430+0000] {logging_mixin.py:137} INFO - [2023-02-03T04:45:58.429+0000] {dag.py:3441} INFO - Setting next_dagrun for dag_with_taskflow_api_v01 to 2023-02-03T00:00:00+00:00, run_after=2023-02-04T00:00:00+00:00
[2023-02-03T04:45:58.500+0000] {processor.py:175} INFO - Processing /opt/airflow/dags/dag_with_taskflow_api.py took 0.692 seconds
[2023-02-03T04:46:28.844+0000] {processor.py:153} INFO - Started process (PID=628) to work on /opt/airflow/dags/dag_with_taskflow_api.py
[2023-02-03T04:46:28.848+0000] {processor.py:743} INFO - Processing file /opt/airflow/dags/dag_with_taskflow_api.py for tasks to queue
[2023-02-03T04:46:28.851+0000] {logging_mixin.py:137} INFO - [2023-02-03T04:46:28.851+0000] {dagbag.py:538} INFO - Filling up the DagBag from /opt/airflow/dags/dag_with_taskflow_api.py
[2023-02-03T04:46:28.903+0000] {processor.py:753} INFO - DAG(s) dict_keys(['dag_with_taskflow_api_v01']) retrieved from /opt/airflow/dags/dag_with_taskflow_api.py
[2023-02-03T04:46:28.941+0000] {logging_mixin.py:137} INFO - [2023-02-03T04:46:28.941+0000] {dag.py:2690} INFO - Sync 1 DAGs
[2023-02-03T04:46:28.986+0000] {logging_mixin.py:137} INFO - [2023-02-03T04:46:28.984+0000] {dag.py:3441} INFO - Setting next_dagrun for dag_with_taskflow_api_v01 to 2023-02-03T00:00:00+00:00, run_after=2023-02-04T00:00:00+00:00
[2023-02-03T04:46:29.022+0000] {processor.py:175} INFO - Processing /opt/airflow/dags/dag_with_taskflow_api.py took 0.192 seconds
[2023-02-03T04:46:59.334+0000] {processor.py:153} INFO - Started process (PID=667) to work on /opt/airflow/dags/dag_with_taskflow_api.py
[2023-02-03T04:46:59.338+0000] {processor.py:743} INFO - Processing file /opt/airflow/dags/dag_with_taskflow_api.py for tasks to queue
[2023-02-03T04:46:59.340+0000] {logging_mixin.py:137} INFO - [2023-02-03T04:46:59.340+0000] {dagbag.py:538} INFO - Filling up the DagBag from /opt/airflow/dags/dag_with_taskflow_api.py
[2023-02-03T04:46:59.383+0000] {processor.py:753} INFO - DAG(s) dict_keys(['dag_with_taskflow_api_v01']) retrieved from /opt/airflow/dags/dag_with_taskflow_api.py
[2023-02-03T04:46:59.412+0000] {logging_mixin.py:137} INFO - [2023-02-03T04:46:59.412+0000] {dag.py:2690} INFO - Sync 1 DAGs
[2023-02-03T04:46:59.444+0000] {logging_mixin.py:137} INFO - [2023-02-03T04:46:59.443+0000] {dag.py:3441} INFO - Setting next_dagrun for dag_with_taskflow_api_v01 to 2023-02-03T00:00:00+00:00, run_after=2023-02-04T00:00:00+00:00
[2023-02-03T04:46:59.465+0000] {processor.py:175} INFO - Processing /opt/airflow/dags/dag_with_taskflow_api.py took 0.139 seconds
[2023-02-03T04:47:30.261+0000] {processor.py:153} INFO - Started process (PID=716) to work on /opt/airflow/dags/dag_with_taskflow_api.py
[2023-02-03T04:47:30.271+0000] {processor.py:743} INFO - Processing file /opt/airflow/dags/dag_with_taskflow_api.py for tasks to queue
[2023-02-03T04:47:30.276+0000] {logging_mixin.py:137} INFO - [2023-02-03T04:47:30.275+0000] {dagbag.py:538} INFO - Filling up the DagBag from /opt/airflow/dags/dag_with_taskflow_api.py
[2023-02-03T04:47:30.365+0000] {processor.py:753} INFO - DAG(s) dict_keys(['dag_with_taskflow_api_v01']) retrieved from /opt/airflow/dags/dag_with_taskflow_api.py
[2023-02-03T04:47:30.436+0000] {logging_mixin.py:137} INFO - [2023-02-03T04:47:30.436+0000] {dag.py:2690} INFO - Sync 1 DAGs
[2023-02-03T04:47:30.564+0000] {logging_mixin.py:137} INFO - [2023-02-03T04:47:30.564+0000] {dag.py:3441} INFO - Setting next_dagrun for dag_with_taskflow_api_v01 to 2023-02-03T00:00:00+00:00, run_after=2023-02-04T00:00:00+00:00
[2023-02-03T04:47:30.628+0000] {processor.py:175} INFO - Processing /opt/airflow/dags/dag_with_taskflow_api.py took 0.388 seconds
[2023-02-03T04:48:00.758+0000] {processor.py:153} INFO - Started process (PID=753) to work on /opt/airflow/dags/dag_with_taskflow_api.py
[2023-02-03T04:48:00.761+0000] {processor.py:743} INFO - Processing file /opt/airflow/dags/dag_with_taskflow_api.py for tasks to queue
[2023-02-03T04:48:00.762+0000] {logging_mixin.py:137} INFO - [2023-02-03T04:48:00.762+0000] {dagbag.py:538} INFO - Filling up the DagBag from /opt/airflow/dags/dag_with_taskflow_api.py
[2023-02-03T04:48:00.798+0000] {processor.py:753} INFO - DAG(s) dict_keys(['dag_with_taskflow_api_v01']) retrieved from /opt/airflow/dags/dag_with_taskflow_api.py
[2023-02-03T04:48:00.831+0000] {logging_mixin.py:137} INFO - [2023-02-03T04:48:00.831+0000] {dag.py:2690} INFO - Sync 1 DAGs
[2023-02-03T04:48:00.860+0000] {logging_mixin.py:137} INFO - [2023-02-03T04:48:00.860+0000] {dag.py:3441} INFO - Setting next_dagrun for dag_with_taskflow_api_v01 to 2023-02-03T00:00:00+00:00, run_after=2023-02-04T00:00:00+00:00
[2023-02-03T04:48:00.879+0000] {processor.py:175} INFO - Processing /opt/airflow/dags/dag_with_taskflow_api.py took 0.127 seconds
[2023-02-03T04:48:31.330+0000] {processor.py:153} INFO - Started process (PID=791) to work on /opt/airflow/dags/dag_with_taskflow_api.py
[2023-02-03T04:48:31.333+0000] {processor.py:743} INFO - Processing file /opt/airflow/dags/dag_with_taskflow_api.py for tasks to queue
[2023-02-03T04:48:31.334+0000] {logging_mixin.py:137} INFO - [2023-02-03T04:48:31.334+0000] {dagbag.py:538} INFO - Filling up the DagBag from /opt/airflow/dags/dag_with_taskflow_api.py
[2023-02-03T04:48:31.370+0000] {processor.py:753} INFO - DAG(s) dict_keys(['dag_with_taskflow_api_v01']) retrieved from /opt/airflow/dags/dag_with_taskflow_api.py
[2023-02-03T04:48:31.404+0000] {logging_mixin.py:137} INFO - [2023-02-03T04:48:31.404+0000] {dag.py:2690} INFO - Sync 1 DAGs
[2023-02-03T04:48:31.453+0000] {logging_mixin.py:137} INFO - [2023-02-03T04:48:31.453+0000] {dag.py:3441} INFO - Setting next_dagrun for dag_with_taskflow_api_v01 to 2023-02-03T00:00:00+00:00, run_after=2023-02-04T00:00:00+00:00
[2023-02-03T04:48:31.481+0000] {processor.py:175} INFO - Processing /opt/airflow/dags/dag_with_taskflow_api.py took 0.158 seconds
[2023-02-03T04:49:01.576+0000] {processor.py:153} INFO - Started process (PID=842) to work on /opt/airflow/dags/dag_with_taskflow_api.py
[2023-02-03T04:49:01.580+0000] {processor.py:743} INFO - Processing file /opt/airflow/dags/dag_with_taskflow_api.py for tasks to queue
[2023-02-03T04:49:01.582+0000] {logging_mixin.py:137} INFO - [2023-02-03T04:49:01.581+0000] {dagbag.py:538} INFO - Filling up the DagBag from /opt/airflow/dags/dag_with_taskflow_api.py
[2023-02-03T04:49:01.648+0000] {processor.py:753} INFO - DAG(s) dict_keys(['dag_with_taskflow_api_v01']) retrieved from /opt/airflow/dags/dag_with_taskflow_api.py
[2023-02-03T04:49:01.696+0000] {logging_mixin.py:137} INFO - [2023-02-03T04:49:01.696+0000] {dag.py:2690} INFO - Sync 1 DAGs
[2023-02-03T04:49:01.747+0000] {logging_mixin.py:137} INFO - [2023-02-03T04:49:01.746+0000] {dag.py:3441} INFO - Setting next_dagrun for dag_with_taskflow_api_v01 to 2023-02-03T00:00:00+00:00, run_after=2023-02-04T00:00:00+00:00
[2023-02-03T04:49:01.779+0000] {processor.py:175} INFO - Processing /opt/airflow/dags/dag_with_taskflow_api.py took 0.221 seconds
[2023-02-03T04:49:32.127+0000] {processor.py:153} INFO - Started process (PID=880) to work on /opt/airflow/dags/dag_with_taskflow_api.py
[2023-02-03T04:49:32.130+0000] {processor.py:743} INFO - Processing file /opt/airflow/dags/dag_with_taskflow_api.py for tasks to queue
[2023-02-03T04:49:32.132+0000] {logging_mixin.py:137} INFO - [2023-02-03T04:49:32.132+0000] {dagbag.py:538} INFO - Filling up the DagBag from /opt/airflow/dags/dag_with_taskflow_api.py
[2023-02-03T04:49:32.169+0000] {processor.py:753} INFO - DAG(s) dict_keys(['dag_with_taskflow_api_v01']) retrieved from /opt/airflow/dags/dag_with_taskflow_api.py
[2023-02-03T04:49:32.203+0000] {logging_mixin.py:137} INFO - [2023-02-03T04:49:32.202+0000] {dag.py:2690} INFO - Sync 1 DAGs
[2023-02-03T04:49:32.235+0000] {logging_mixin.py:137} INFO - [2023-02-03T04:49:32.235+0000] {dag.py:3441} INFO - Setting next_dagrun for dag_with_taskflow_api_v01 to 2023-02-03T00:00:00+00:00, run_after=2023-02-04T00:00:00+00:00
[2023-02-03T04:49:32.254+0000] {processor.py:175} INFO - Processing /opt/airflow/dags/dag_with_taskflow_api.py took 0.134 seconds
[2023-02-03T04:50:02.447+0000] {processor.py:153} INFO - Started process (PID=928) to work on /opt/airflow/dags/dag_with_taskflow_api.py
[2023-02-03T04:50:02.451+0000] {processor.py:743} INFO - Processing file /opt/airflow/dags/dag_with_taskflow_api.py for tasks to queue
[2023-02-03T04:50:02.454+0000] {logging_mixin.py:137} INFO - [2023-02-03T04:50:02.453+0000] {dagbag.py:538} INFO - Filling up the DagBag from /opt/airflow/dags/dag_with_taskflow_api.py
[2023-02-03T04:50:02.507+0000] {processor.py:753} INFO - DAG(s) dict_keys(['dag_with_taskflow_api_v01']) retrieved from /opt/airflow/dags/dag_with_taskflow_api.py
[2023-02-03T04:50:02.579+0000] {logging_mixin.py:137} INFO - [2023-02-03T04:50:02.578+0000] {dag.py:2690} INFO - Sync 1 DAGs
[2023-02-03T04:50:02.669+0000] {logging_mixin.py:137} INFO - [2023-02-03T04:50:02.669+0000] {dag.py:3441} INFO - Setting next_dagrun for dag_with_taskflow_api_v01 to 2023-02-03T00:00:00+00:00, run_after=2023-02-04T00:00:00+00:00
[2023-02-03T04:50:02.721+0000] {processor.py:175} INFO - Processing /opt/airflow/dags/dag_with_taskflow_api.py took 0.280 seconds
[2023-02-03T04:50:32.826+0000] {processor.py:153} INFO - Started process (PID=969) to work on /opt/airflow/dags/dag_with_taskflow_api.py
[2023-02-03T04:50:32.829+0000] {processor.py:743} INFO - Processing file /opt/airflow/dags/dag_with_taskflow_api.py for tasks to queue
[2023-02-03T04:50:32.831+0000] {logging_mixin.py:137} INFO - [2023-02-03T04:50:32.831+0000] {dagbag.py:538} INFO - Filling up the DagBag from /opt/airflow/dags/dag_with_taskflow_api.py
[2023-02-03T04:50:32.865+0000] {processor.py:753} INFO - DAG(s) dict_keys(['dag_with_taskflow_api_v01']) retrieved from /opt/airflow/dags/dag_with_taskflow_api.py
[2023-02-03T04:50:32.899+0000] {logging_mixin.py:137} INFO - [2023-02-03T04:50:32.899+0000] {dag.py:2690} INFO - Sync 1 DAGs
[2023-02-03T04:50:32.928+0000] {logging_mixin.py:137} INFO - [2023-02-03T04:50:32.927+0000] {dag.py:3441} INFO - Setting next_dagrun for dag_with_taskflow_api_v01 to 2023-02-03T00:00:00+00:00, run_after=2023-02-04T00:00:00+00:00
[2023-02-03T04:50:32.945+0000] {processor.py:175} INFO - Processing /opt/airflow/dags/dag_with_taskflow_api.py took 0.127 seconds
[2023-02-03T04:51:03.184+0000] {processor.py:153} INFO - Started process (PID=1007) to work on /opt/airflow/dags/dag_with_taskflow_api.py
[2023-02-03T04:51:03.186+0000] {processor.py:743} INFO - Processing file /opt/airflow/dags/dag_with_taskflow_api.py for tasks to queue
[2023-02-03T04:51:03.191+0000] {logging_mixin.py:137} INFO - [2023-02-03T04:51:03.190+0000] {dagbag.py:538} INFO - Filling up the DagBag from /opt/airflow/dags/dag_with_taskflow_api.py
[2023-02-03T04:51:03.249+0000] {processor.py:753} INFO - DAG(s) dict_keys(['dag_with_taskflow_api_v01']) retrieved from /opt/airflow/dags/dag_with_taskflow_api.py
[2023-02-03T04:51:03.301+0000] {logging_mixin.py:137} INFO - [2023-02-03T04:51:03.301+0000] {dag.py:2690} INFO - Sync 1 DAGs
[2023-02-03T04:51:03.334+0000] {logging_mixin.py:137} INFO - [2023-02-03T04:51:03.334+0000] {dag.py:3441} INFO - Setting next_dagrun for dag_with_taskflow_api_v01 to 2023-02-03T00:00:00+00:00, run_after=2023-02-04T00:00:00+00:00
[2023-02-03T04:51:03.367+0000] {processor.py:175} INFO - Processing /opt/airflow/dags/dag_with_taskflow_api.py took 0.188 seconds
[2023-02-03T04:51:33.501+0000] {processor.py:153} INFO - Started process (PID=1057) to work on /opt/airflow/dags/dag_with_taskflow_api.py
[2023-02-03T04:51:33.504+0000] {processor.py:743} INFO - Processing file /opt/airflow/dags/dag_with_taskflow_api.py for tasks to queue
[2023-02-03T04:51:33.507+0000] {logging_mixin.py:137} INFO - [2023-02-03T04:51:33.507+0000] {dagbag.py:538} INFO - Filling up the DagBag from /opt/airflow/dags/dag_with_taskflow_api.py
[2023-02-03T04:51:33.554+0000] {processor.py:753} INFO - DAG(s) dict_keys(['dag_with_taskflow_api_v01']) retrieved from /opt/airflow/dags/dag_with_taskflow_api.py
[2023-02-03T04:51:33.585+0000] {logging_mixin.py:137} INFO - [2023-02-03T04:51:33.584+0000] {dag.py:2690} INFO - Sync 1 DAGs
[2023-02-03T04:51:33.611+0000] {logging_mixin.py:137} INFO - [2023-02-03T04:51:33.611+0000] {dag.py:3441} INFO - Setting next_dagrun for dag_with_taskflow_api_v01 to 2023-02-03T00:00:00+00:00, run_after=2023-02-04T00:00:00+00:00
[2023-02-03T04:51:33.629+0000] {processor.py:175} INFO - Processing /opt/airflow/dags/dag_with_taskflow_api.py took 0.135 seconds
[2023-02-03T04:52:03.751+0000] {processor.py:153} INFO - Started process (PID=1096) to work on /opt/airflow/dags/dag_with_taskflow_api.py
[2023-02-03T04:52:03.755+0000] {processor.py:743} INFO - Processing file /opt/airflow/dags/dag_with_taskflow_api.py for tasks to queue
[2023-02-03T04:52:03.757+0000] {logging_mixin.py:137} INFO - [2023-02-03T04:52:03.757+0000] {dagbag.py:538} INFO - Filling up the DagBag from /opt/airflow/dags/dag_with_taskflow_api.py
[2023-02-03T04:52:03.792+0000] {processor.py:753} INFO - DAG(s) dict_keys(['dag_with_taskflow_api_v01']) retrieved from /opt/airflow/dags/dag_with_taskflow_api.py
[2023-02-03T04:52:03.827+0000] {logging_mixin.py:137} INFO - [2023-02-03T04:52:03.826+0000] {dag.py:2690} INFO - Sync 1 DAGs
[2023-02-03T04:52:03.858+0000] {logging_mixin.py:137} INFO - [2023-02-03T04:52:03.858+0000] {dag.py:3441} INFO - Setting next_dagrun for dag_with_taskflow_api_v01 to 2023-02-03T00:00:00+00:00, run_after=2023-02-04T00:00:00+00:00
[2023-02-03T04:52:03.878+0000] {processor.py:175} INFO - Processing /opt/airflow/dags/dag_with_taskflow_api.py took 0.134 seconds
[2023-02-03T04:52:34.836+0000] {processor.py:153} INFO - Started process (PID=1146) to work on /opt/airflow/dags/dag_with_taskflow_api.py
[2023-02-03T04:52:34.839+0000] {processor.py:743} INFO - Processing file /opt/airflow/dags/dag_with_taskflow_api.py for tasks to queue
[2023-02-03T04:52:34.842+0000] {logging_mixin.py:137} INFO - [2023-02-03T04:52:34.842+0000] {dagbag.py:538} INFO - Filling up the DagBag from /opt/airflow/dags/dag_with_taskflow_api.py
[2023-02-03T04:52:34.881+0000] {processor.py:753} INFO - DAG(s) dict_keys(['dag_with_taskflow_api_v01']) retrieved from /opt/airflow/dags/dag_with_taskflow_api.py
[2023-02-03T04:52:34.910+0000] {logging_mixin.py:137} INFO - [2023-02-03T04:52:34.909+0000] {dag.py:2690} INFO - Sync 1 DAGs
[2023-02-03T04:52:34.936+0000] {logging_mixin.py:137} INFO - [2023-02-03T04:52:34.935+0000] {dag.py:3441} INFO - Setting next_dagrun for dag_with_taskflow_api_v01 to 2023-02-03T00:00:00+00:00, run_after=2023-02-04T00:00:00+00:00
[2023-02-03T04:52:34.953+0000] {processor.py:175} INFO - Processing /opt/airflow/dags/dag_with_taskflow_api.py took 0.126 seconds
[2023-02-03T04:53:05.111+0000] {processor.py:153} INFO - Started process (PID=1185) to work on /opt/airflow/dags/dag_with_taskflow_api.py
[2023-02-03T04:53:05.114+0000] {processor.py:743} INFO - Processing file /opt/airflow/dags/dag_with_taskflow_api.py for tasks to queue
[2023-02-03T04:53:05.116+0000] {logging_mixin.py:137} INFO - [2023-02-03T04:53:05.116+0000] {dagbag.py:538} INFO - Filling up the DagBag from /opt/airflow/dags/dag_with_taskflow_api.py
[2023-02-03T04:53:05.151+0000] {processor.py:753} INFO - DAG(s) dict_keys(['dag_with_taskflow_api_v01']) retrieved from /opt/airflow/dags/dag_with_taskflow_api.py
[2023-02-03T04:53:05.185+0000] {logging_mixin.py:137} INFO - [2023-02-03T04:53:05.185+0000] {dag.py:2690} INFO - Sync 1 DAGs
[2023-02-03T04:53:05.213+0000] {logging_mixin.py:137} INFO - [2023-02-03T04:53:05.213+0000] {dag.py:3441} INFO - Setting next_dagrun for dag_with_taskflow_api_v01 to 2023-02-03T00:00:00+00:00, run_after=2023-02-04T00:00:00+00:00
[2023-02-03T04:53:05.235+0000] {processor.py:175} INFO - Processing /opt/airflow/dags/dag_with_taskflow_api.py took 0.131 seconds
[2023-02-03T04:53:35.467+0000] {processor.py:153} INFO - Started process (PID=1229) to work on /opt/airflow/dags/dag_with_taskflow_api.py
[2023-02-03T04:53:35.470+0000] {processor.py:743} INFO - Processing file /opt/airflow/dags/dag_with_taskflow_api.py for tasks to queue
[2023-02-03T04:53:35.471+0000] {logging_mixin.py:137} INFO - [2023-02-03T04:53:35.471+0000] {dagbag.py:538} INFO - Filling up the DagBag from /opt/airflow/dags/dag_with_taskflow_api.py
[2023-02-03T04:53:35.521+0000] {processor.py:753} INFO - DAG(s) dict_keys(['dag_with_taskflow_api_v01']) retrieved from /opt/airflow/dags/dag_with_taskflow_api.py
[2023-02-03T04:53:35.586+0000] {logging_mixin.py:137} INFO - [2023-02-03T04:53:35.586+0000] {dag.py:2690} INFO - Sync 1 DAGs
[2023-02-03T04:53:35.632+0000] {logging_mixin.py:137} INFO - [2023-02-03T04:53:35.632+0000] {dag.py:3441} INFO - Setting next_dagrun for dag_with_taskflow_api_v01 to 2023-02-03T00:00:00+00:00, run_after=2023-02-04T00:00:00+00:00
[2023-02-03T04:53:35.668+0000] {processor.py:175} INFO - Processing /opt/airflow/dags/dag_with_taskflow_api.py took 0.206 seconds
[2023-02-03T04:54:05.934+0000] {processor.py:153} INFO - Started process (PID=1272) to work on /opt/airflow/dags/dag_with_taskflow_api.py
[2023-02-03T04:54:05.937+0000] {processor.py:743} INFO - Processing file /opt/airflow/dags/dag_with_taskflow_api.py for tasks to queue
[2023-02-03T04:54:05.939+0000] {logging_mixin.py:137} INFO - [2023-02-03T04:54:05.938+0000] {dagbag.py:538} INFO - Filling up the DagBag from /opt/airflow/dags/dag_with_taskflow_api.py
[2023-02-03T04:54:05.974+0000] {processor.py:753} INFO - DAG(s) dict_keys(['dag_with_taskflow_api_v01']) retrieved from /opt/airflow/dags/dag_with_taskflow_api.py
[2023-02-03T04:54:06.007+0000] {logging_mixin.py:137} INFO - [2023-02-03T04:54:06.007+0000] {dag.py:2690} INFO - Sync 1 DAGs
[2023-02-03T04:54:06.034+0000] {logging_mixin.py:137} INFO - [2023-02-03T04:54:06.033+0000] {dag.py:3441} INFO - Setting next_dagrun for dag_with_taskflow_api_v01 to 2023-02-03T00:00:00+00:00, run_after=2023-02-04T00:00:00+00:00
[2023-02-03T04:54:06.050+0000] {processor.py:175} INFO - Processing /opt/airflow/dags/dag_with_taskflow_api.py took 0.128 seconds
[2023-02-03T04:54:36.629+0000] {processor.py:153} INFO - Started process (PID=1310) to work on /opt/airflow/dags/dag_with_taskflow_api.py
[2023-02-03T04:54:36.632+0000] {processor.py:743} INFO - Processing file /opt/airflow/dags/dag_with_taskflow_api.py for tasks to queue
[2023-02-03T04:54:36.634+0000] {logging_mixin.py:137} INFO - [2023-02-03T04:54:36.634+0000] {dagbag.py:538} INFO - Filling up the DagBag from /opt/airflow/dags/dag_with_taskflow_api.py
[2023-02-03T04:54:36.668+0000] {processor.py:753} INFO - DAG(s) dict_keys(['dag_with_taskflow_api_v01']) retrieved from /opt/airflow/dags/dag_with_taskflow_api.py
[2023-02-03T04:54:36.697+0000] {logging_mixin.py:137} INFO - [2023-02-03T04:54:36.697+0000] {dag.py:2690} INFO - Sync 1 DAGs
[2023-02-03T04:54:36.722+0000] {logging_mixin.py:137} INFO - [2023-02-03T04:54:36.722+0000] {dag.py:3441} INFO - Setting next_dagrun for dag_with_taskflow_api_v01 to 2023-02-03T00:00:00+00:00, run_after=2023-02-04T00:00:00+00:00
[2023-02-03T04:54:36.738+0000] {processor.py:175} INFO - Processing /opt/airflow/dags/dag_with_taskflow_api.py took 0.119 seconds
[2023-02-03T04:55:07.455+0000] {processor.py:153} INFO - Started process (PID=1356) to work on /opt/airflow/dags/dag_with_taskflow_api.py
[2023-02-03T04:55:07.459+0000] {processor.py:743} INFO - Processing file /opt/airflow/dags/dag_with_taskflow_api.py for tasks to queue
[2023-02-03T04:55:07.470+0000] {logging_mixin.py:137} INFO - [2023-02-03T04:55:07.469+0000] {dagbag.py:538} INFO - Filling up the DagBag from /opt/airflow/dags/dag_with_taskflow_api.py
[2023-02-03T04:55:07.536+0000] {processor.py:753} INFO - DAG(s) dict_keys(['dag_with_taskflow_api_v01']) retrieved from /opt/airflow/dags/dag_with_taskflow_api.py
[2023-02-03T04:55:07.638+0000] {logging_mixin.py:137} INFO - [2023-02-03T04:55:07.638+0000] {dag.py:2690} INFO - Sync 1 DAGs
[2023-02-03T04:55:07.724+0000] {logging_mixin.py:137} INFO - [2023-02-03T04:55:07.724+0000] {dag.py:3441} INFO - Setting next_dagrun for dag_with_taskflow_api_v01 to 2023-02-03T00:00:00+00:00, run_after=2023-02-04T00:00:00+00:00
[2023-02-03T04:55:07.817+0000] {processor.py:175} INFO - Processing /opt/airflow/dags/dag_with_taskflow_api.py took 0.368 seconds
[2023-02-03T04:55:38.272+0000] {processor.py:153} INFO - Started process (PID=1397) to work on /opt/airflow/dags/dag_with_taskflow_api.py
[2023-02-03T04:55:38.279+0000] {processor.py:743} INFO - Processing file /opt/airflow/dags/dag_with_taskflow_api.py for tasks to queue
[2023-02-03T04:55:38.283+0000] {logging_mixin.py:137} INFO - [2023-02-03T04:55:38.282+0000] {dagbag.py:538} INFO - Filling up the DagBag from /opt/airflow/dags/dag_with_taskflow_api.py
[2023-02-03T04:55:38.324+0000] {processor.py:753} INFO - DAG(s) dict_keys(['dag_with_taskflow_api_v01']) retrieved from /opt/airflow/dags/dag_with_taskflow_api.py
[2023-02-03T04:55:38.355+0000] {logging_mixin.py:137} INFO - [2023-02-03T04:55:38.355+0000] {dag.py:2690} INFO - Sync 1 DAGs
[2023-02-03T04:55:38.386+0000] {logging_mixin.py:137} INFO - [2023-02-03T04:55:38.386+0000] {dag.py:3441} INFO - Setting next_dagrun for dag_with_taskflow_api_v01 to 2023-02-03T00:00:00+00:00, run_after=2023-02-04T00:00:00+00:00
[2023-02-03T04:55:38.413+0000] {processor.py:175} INFO - Processing /opt/airflow/dags/dag_with_taskflow_api.py took 0.163 seconds
[2023-02-03T04:56:08.763+0000] {processor.py:153} INFO - Started process (PID=1435) to work on /opt/airflow/dags/dag_with_taskflow_api.py
[2023-02-03T04:56:08.765+0000] {processor.py:743} INFO - Processing file /opt/airflow/dags/dag_with_taskflow_api.py for tasks to queue
[2023-02-03T04:56:08.767+0000] {logging_mixin.py:137} INFO - [2023-02-03T04:56:08.767+0000] {dagbag.py:538} INFO - Filling up the DagBag from /opt/airflow/dags/dag_with_taskflow_api.py
[2023-02-03T04:56:08.824+0000] {processor.py:753} INFO - DAG(s) dict_keys(['dag_with_taskflow_api_v01']) retrieved from /opt/airflow/dags/dag_with_taskflow_api.py
[2023-02-03T04:56:08.863+0000] {logging_mixin.py:137} INFO - [2023-02-03T04:56:08.863+0000] {dag.py:2690} INFO - Sync 1 DAGs
[2023-02-03T04:56:08.904+0000] {logging_mixin.py:137} INFO - [2023-02-03T04:56:08.903+0000] {dag.py:3441} INFO - Setting next_dagrun for dag_with_taskflow_api_v01 to 2023-02-03T00:00:00+00:00, run_after=2023-02-04T00:00:00+00:00
[2023-02-03T04:56:08.946+0000] {processor.py:175} INFO - Processing /opt/airflow/dags/dag_with_taskflow_api.py took 0.191 seconds
[2023-02-03T04:56:39.238+0000] {processor.py:153} INFO - Started process (PID=1485) to work on /opt/airflow/dags/dag_with_taskflow_api.py
[2023-02-03T04:56:39.240+0000] {processor.py:743} INFO - Processing file /opt/airflow/dags/dag_with_taskflow_api.py for tasks to queue
[2023-02-03T04:56:39.242+0000] {logging_mixin.py:137} INFO - [2023-02-03T04:56:39.242+0000] {dagbag.py:538} INFO - Filling up the DagBag from /opt/airflow/dags/dag_with_taskflow_api.py
[2023-02-03T04:56:39.280+0000] {processor.py:753} INFO - DAG(s) dict_keys(['dag_with_taskflow_api_v01']) retrieved from /opt/airflow/dags/dag_with_taskflow_api.py
[2023-02-03T04:56:39.312+0000] {logging_mixin.py:137} INFO - [2023-02-03T04:56:39.312+0000] {dag.py:2690} INFO - Sync 1 DAGs
[2023-02-03T04:56:39.339+0000] {logging_mixin.py:137} INFO - [2023-02-03T04:56:39.338+0000] {dag.py:3441} INFO - Setting next_dagrun for dag_with_taskflow_api_v01 to 2023-02-03T00:00:00+00:00, run_after=2023-02-04T00:00:00+00:00
[2023-02-03T04:56:39.355+0000] {processor.py:175} INFO - Processing /opt/airflow/dags/dag_with_taskflow_api.py took 0.125 seconds
[2023-02-03T04:57:09.521+0000] {processor.py:153} INFO - Started process (PID=1522) to work on /opt/airflow/dags/dag_with_taskflow_api.py
[2023-02-03T04:57:09.524+0000] {processor.py:743} INFO - Processing file /opt/airflow/dags/dag_with_taskflow_api.py for tasks to queue
[2023-02-03T04:57:09.526+0000] {logging_mixin.py:137} INFO - [2023-02-03T04:57:09.526+0000] {dagbag.py:538} INFO - Filling up the DagBag from /opt/airflow/dags/dag_with_taskflow_api.py
[2023-02-03T04:57:09.559+0000] {processor.py:753} INFO - DAG(s) dict_keys(['dag_with_taskflow_api_v01']) retrieved from /opt/airflow/dags/dag_with_taskflow_api.py
[2023-02-03T04:57:09.593+0000] {logging_mixin.py:137} INFO - [2023-02-03T04:57:09.592+0000] {dag.py:2690} INFO - Sync 1 DAGs
[2023-02-03T04:57:09.621+0000] {logging_mixin.py:137} INFO - [2023-02-03T04:57:09.621+0000] {dag.py:3441} INFO - Setting next_dagrun for dag_with_taskflow_api_v01 to 2023-02-03T00:00:00+00:00, run_after=2023-02-04T00:00:00+00:00
[2023-02-03T04:57:09.646+0000] {processor.py:175} INFO - Processing /opt/airflow/dags/dag_with_taskflow_api.py took 0.130 seconds
[2023-02-03T04:57:39.840+0000] {processor.py:153} INFO - Started process (PID=1572) to work on /opt/airflow/dags/dag_with_taskflow_api.py
[2023-02-03T04:57:39.843+0000] {processor.py:743} INFO - Processing file /opt/airflow/dags/dag_with_taskflow_api.py for tasks to queue
[2023-02-03T04:57:39.844+0000] {logging_mixin.py:137} INFO - [2023-02-03T04:57:39.844+0000] {dagbag.py:538} INFO - Filling up the DagBag from /opt/airflow/dags/dag_with_taskflow_api.py
[2023-02-03T04:57:39.871+0000] {processor.py:753} INFO - DAG(s) dict_keys(['dag_with_taskflow_api_v01']) retrieved from /opt/airflow/dags/dag_with_taskflow_api.py
[2023-02-03T04:57:39.899+0000] {logging_mixin.py:137} INFO - [2023-02-03T04:57:39.899+0000] {dag.py:2690} INFO - Sync 1 DAGs
[2023-02-03T04:57:39.923+0000] {logging_mixin.py:137} INFO - [2023-02-03T04:57:39.923+0000] {dag.py:3441} INFO - Setting next_dagrun for dag_with_taskflow_api_v01 to 2023-02-03T00:00:00+00:00, run_after=2023-02-04T00:00:00+00:00
[2023-02-03T04:57:39.939+0000] {processor.py:175} INFO - Processing /opt/airflow/dags/dag_with_taskflow_api.py took 0.108 seconds
[2023-02-03T04:58:10.096+0000] {processor.py:153} INFO - Started process (PID=1610) to work on /opt/airflow/dags/dag_with_taskflow_api.py
[2023-02-03T04:58:10.098+0000] {processor.py:743} INFO - Processing file /opt/airflow/dags/dag_with_taskflow_api.py for tasks to queue
[2023-02-03T04:58:10.099+0000] {logging_mixin.py:137} INFO - [2023-02-03T04:58:10.099+0000] {dagbag.py:538} INFO - Filling up the DagBag from /opt/airflow/dags/dag_with_taskflow_api.py
[2023-02-03T04:58:10.135+0000] {processor.py:753} INFO - DAG(s) dict_keys(['dag_with_taskflow_api_v01']) retrieved from /opt/airflow/dags/dag_with_taskflow_api.py
[2023-02-03T04:58:10.170+0000] {logging_mixin.py:137} INFO - [2023-02-03T04:58:10.170+0000] {dag.py:2690} INFO - Sync 1 DAGs
[2023-02-03T04:58:10.202+0000] {logging_mixin.py:137} INFO - [2023-02-03T04:58:10.202+0000] {dag.py:3441} INFO - Setting next_dagrun for dag_with_taskflow_api_v01 to 2023-02-03T00:00:00+00:00, run_after=2023-02-04T00:00:00+00:00
[2023-02-03T04:58:10.220+0000] {processor.py:175} INFO - Processing /opt/airflow/dags/dag_with_taskflow_api.py took 0.127 seconds
[2023-02-03T04:58:40.421+0000] {processor.py:153} INFO - Started process (PID=1661) to work on /opt/airflow/dags/dag_with_taskflow_api.py
[2023-02-03T04:58:40.425+0000] {processor.py:743} INFO - Processing file /opt/airflow/dags/dag_with_taskflow_api.py for tasks to queue
[2023-02-03T04:58:40.427+0000] {logging_mixin.py:137} INFO - [2023-02-03T04:58:40.427+0000] {dagbag.py:538} INFO - Filling up the DagBag from /opt/airflow/dags/dag_with_taskflow_api.py
[2023-02-03T04:58:40.455+0000] {processor.py:753} INFO - DAG(s) dict_keys(['dag_with_taskflow_api_v01']) retrieved from /opt/airflow/dags/dag_with_taskflow_api.py
[2023-02-03T04:58:40.482+0000] {logging_mixin.py:137} INFO - [2023-02-03T04:58:40.481+0000] {dag.py:2690} INFO - Sync 1 DAGs
[2023-02-03T04:58:40.505+0000] {logging_mixin.py:137} INFO - [2023-02-03T04:58:40.505+0000] {dag.py:3441} INFO - Setting next_dagrun for dag_with_taskflow_api_v01 to 2023-02-03T00:00:00+00:00, run_after=2023-02-04T00:00:00+00:00
[2023-02-03T04:58:40.520+0000] {processor.py:175} INFO - Processing /opt/airflow/dags/dag_with_taskflow_api.py took 0.109 seconds
[2023-02-03T04:59:10.662+0000] {processor.py:153} INFO - Started process (PID=1699) to work on /opt/airflow/dags/dag_with_taskflow_api.py
[2023-02-03T04:59:10.666+0000] {processor.py:743} INFO - Processing file /opt/airflow/dags/dag_with_taskflow_api.py for tasks to queue
[2023-02-03T04:59:10.667+0000] {logging_mixin.py:137} INFO - [2023-02-03T04:59:10.667+0000] {dagbag.py:538} INFO - Filling up the DagBag from /opt/airflow/dags/dag_with_taskflow_api.py
[2023-02-03T04:59:10.695+0000] {processor.py:753} INFO - DAG(s) dict_keys(['dag_with_taskflow_api_v01']) retrieved from /opt/airflow/dags/dag_with_taskflow_api.py
[2023-02-03T04:59:10.721+0000] {logging_mixin.py:137} INFO - [2023-02-03T04:59:10.721+0000] {dag.py:2690} INFO - Sync 1 DAGs
[2023-02-03T04:59:10.744+0000] {logging_mixin.py:137} INFO - [2023-02-03T04:59:10.744+0000] {dag.py:3441} INFO - Setting next_dagrun for dag_with_taskflow_api_v01 to 2023-02-03T00:00:00+00:00, run_after=2023-02-04T00:00:00+00:00
[2023-02-03T04:59:10.759+0000] {processor.py:175} INFO - Processing /opt/airflow/dags/dag_with_taskflow_api.py took 0.104 seconds
[2023-02-03T04:59:40.897+0000] {processor.py:153} INFO - Started process (PID=1749) to work on /opt/airflow/dags/dag_with_taskflow_api.py
[2023-02-03T04:59:40.901+0000] {processor.py:743} INFO - Processing file /opt/airflow/dags/dag_with_taskflow_api.py for tasks to queue
[2023-02-03T04:59:40.903+0000] {logging_mixin.py:137} INFO - [2023-02-03T04:59:40.903+0000] {dagbag.py:538} INFO - Filling up the DagBag from /opt/airflow/dags/dag_with_taskflow_api.py
[2023-02-03T04:59:40.933+0000] {processor.py:753} INFO - DAG(s) dict_keys(['dag_with_taskflow_api_v01']) retrieved from /opt/airflow/dags/dag_with_taskflow_api.py
[2023-02-03T04:59:40.961+0000] {logging_mixin.py:137} INFO - [2023-02-03T04:59:40.960+0000] {dag.py:2690} INFO - Sync 1 DAGs
[2023-02-03T04:59:40.984+0000] {logging_mixin.py:137} INFO - [2023-02-03T04:59:40.984+0000] {dag.py:3441} INFO - Setting next_dagrun for dag_with_taskflow_api_v01 to 2023-02-03T00:00:00+00:00, run_after=2023-02-04T00:00:00+00:00
[2023-02-03T04:59:40.999+0000] {processor.py:175} INFO - Processing /opt/airflow/dags/dag_with_taskflow_api.py took 0.108 seconds
[2023-02-03T05:00:11.057+0000] {processor.py:153} INFO - Started process (PID=1787) to work on /opt/airflow/dags/dag_with_taskflow_api.py
[2023-02-03T05:00:11.061+0000] {processor.py:743} INFO - Processing file /opt/airflow/dags/dag_with_taskflow_api.py for tasks to queue
[2023-02-03T05:00:11.062+0000] {logging_mixin.py:137} INFO - [2023-02-03T05:00:11.062+0000] {dagbag.py:538} INFO - Filling up the DagBag from /opt/airflow/dags/dag_with_taskflow_api.py
[2023-02-03T05:00:11.091+0000] {processor.py:753} INFO - DAG(s) dict_keys(['dag_with_taskflow_api_v01']) retrieved from /opt/airflow/dags/dag_with_taskflow_api.py
[2023-02-03T05:00:11.119+0000] {logging_mixin.py:137} INFO - [2023-02-03T05:00:11.119+0000] {dag.py:2690} INFO - Sync 1 DAGs
[2023-02-03T05:00:11.142+0000] {logging_mixin.py:137} INFO - [2023-02-03T05:00:11.142+0000] {dag.py:3441} INFO - Setting next_dagrun for dag_with_taskflow_api_v01 to 2023-02-03T00:00:00+00:00, run_after=2023-02-04T00:00:00+00:00
[2023-02-03T05:00:11.157+0000] {processor.py:175} INFO - Processing /opt/airflow/dags/dag_with_taskflow_api.py took 0.106 seconds
[2023-02-03T05:00:41.254+0000] {processor.py:153} INFO - Started process (PID=1838) to work on /opt/airflow/dags/dag_with_taskflow_api.py
[2023-02-03T05:00:41.257+0000] {processor.py:743} INFO - Processing file /opt/airflow/dags/dag_with_taskflow_api.py for tasks to queue
[2023-02-03T05:00:41.258+0000] {logging_mixin.py:137} INFO - [2023-02-03T05:00:41.258+0000] {dagbag.py:538} INFO - Filling up the DagBag from /opt/airflow/dags/dag_with_taskflow_api.py
[2023-02-03T05:00:41.287+0000] {processor.py:753} INFO - DAG(s) dict_keys(['dag_with_taskflow_api_v01']) retrieved from /opt/airflow/dags/dag_with_taskflow_api.py
[2023-02-03T05:00:41.313+0000] {logging_mixin.py:137} INFO - [2023-02-03T05:00:41.313+0000] {dag.py:2690} INFO - Sync 1 DAGs
[2023-02-03T05:00:41.336+0000] {logging_mixin.py:137} INFO - [2023-02-03T05:00:41.336+0000] {dag.py:3441} INFO - Setting next_dagrun for dag_with_taskflow_api_v01 to 2023-02-03T00:00:00+00:00, run_after=2023-02-04T00:00:00+00:00
[2023-02-03T05:00:41.352+0000] {processor.py:175} INFO - Processing /opt/airflow/dags/dag_with_taskflow_api.py took 0.104 seconds
[2023-02-03T05:01:11.427+0000] {processor.py:153} INFO - Started process (PID=1876) to work on /opt/airflow/dags/dag_with_taskflow_api.py
[2023-02-03T05:01:11.430+0000] {processor.py:743} INFO - Processing file /opt/airflow/dags/dag_with_taskflow_api.py for tasks to queue
[2023-02-03T05:01:11.432+0000] {logging_mixin.py:137} INFO - [2023-02-03T05:01:11.432+0000] {dagbag.py:538} INFO - Filling up the DagBag from /opt/airflow/dags/dag_with_taskflow_api.py
[2023-02-03T05:01:11.464+0000] {processor.py:753} INFO - DAG(s) dict_keys(['dag_with_taskflow_api_v01']) retrieved from /opt/airflow/dags/dag_with_taskflow_api.py
[2023-02-03T05:01:11.493+0000] {logging_mixin.py:137} INFO - [2023-02-03T05:01:11.493+0000] {dag.py:2690} INFO - Sync 1 DAGs
[2023-02-03T05:01:11.520+0000] {logging_mixin.py:137} INFO - [2023-02-03T05:01:11.520+0000] {dag.py:3441} INFO - Setting next_dagrun for dag_with_taskflow_api_v01 to 2023-02-03T00:00:00+00:00, run_after=2023-02-04T00:00:00+00:00
[2023-02-03T05:01:11.535+0000] {processor.py:175} INFO - Processing /opt/airflow/dags/dag_with_taskflow_api.py took 0.113 seconds
[2023-02-03T05:01:41.764+0000] {processor.py:153} INFO - Started process (PID=1926) to work on /opt/airflow/dags/dag_with_taskflow_api.py
[2023-02-03T05:01:41.767+0000] {processor.py:743} INFO - Processing file /opt/airflow/dags/dag_with_taskflow_api.py for tasks to queue
[2023-02-03T05:01:41.768+0000] {logging_mixin.py:137} INFO - [2023-02-03T05:01:41.768+0000] {dagbag.py:538} INFO - Filling up the DagBag from /opt/airflow/dags/dag_with_taskflow_api.py
[2023-02-03T05:01:41.796+0000] {processor.py:753} INFO - DAG(s) dict_keys(['dag_with_taskflow_api_v01']) retrieved from /opt/airflow/dags/dag_with_taskflow_api.py
[2023-02-03T05:01:41.823+0000] {logging_mixin.py:137} INFO - [2023-02-03T05:01:41.823+0000] {dag.py:2690} INFO - Sync 1 DAGs
[2023-02-03T05:01:41.846+0000] {logging_mixin.py:137} INFO - [2023-02-03T05:01:41.846+0000] {dag.py:3441} INFO - Setting next_dagrun for dag_with_taskflow_api_v01 to 2023-02-03T00:00:00+00:00, run_after=2023-02-04T00:00:00+00:00
[2023-02-03T05:01:41.863+0000] {processor.py:175} INFO - Processing /opt/airflow/dags/dag_with_taskflow_api.py took 0.103 seconds
[2023-02-03T05:02:12.018+0000] {processor.py:153} INFO - Started process (PID=1963) to work on /opt/airflow/dags/dag_with_taskflow_api.py
[2023-02-03T05:02:12.020+0000] {processor.py:743} INFO - Processing file /opt/airflow/dags/dag_with_taskflow_api.py for tasks to queue
[2023-02-03T05:02:12.021+0000] {logging_mixin.py:137} INFO - [2023-02-03T05:02:12.021+0000] {dagbag.py:538} INFO - Filling up the DagBag from /opt/airflow/dags/dag_with_taskflow_api.py
[2023-02-03T05:02:12.051+0000] {processor.py:753} INFO - DAG(s) dict_keys(['dag_with_taskflow_api_v01']) retrieved from /opt/airflow/dags/dag_with_taskflow_api.py
[2023-02-03T05:02:12.078+0000] {logging_mixin.py:137} INFO - [2023-02-03T05:02:12.078+0000] {dag.py:2690} INFO - Sync 1 DAGs
[2023-02-03T05:02:12.100+0000] {logging_mixin.py:137} INFO - [2023-02-03T05:02:12.100+0000] {dag.py:3441} INFO - Setting next_dagrun for dag_with_taskflow_api_v01 to 2023-02-03T00:00:00+00:00, run_after=2023-02-04T00:00:00+00:00
[2023-02-03T05:02:12.117+0000] {processor.py:175} INFO - Processing /opt/airflow/dags/dag_with_taskflow_api.py took 0.103 seconds
[2023-02-03T05:02:42.403+0000] {processor.py:153} INFO - Started process (PID=2000) to work on /opt/airflow/dags/dag_with_taskflow_api.py
[2023-02-03T05:02:42.406+0000] {processor.py:743} INFO - Processing file /opt/airflow/dags/dag_with_taskflow_api.py for tasks to queue
[2023-02-03T05:02:42.408+0000] {logging_mixin.py:137} INFO - [2023-02-03T05:02:42.408+0000] {dagbag.py:538} INFO - Filling up the DagBag from /opt/airflow/dags/dag_with_taskflow_api.py
[2023-02-03T05:02:42.484+0000] {processor.py:753} INFO - DAG(s) dict_keys(['dag_with_taskflow_api_v01']) retrieved from /opt/airflow/dags/dag_with_taskflow_api.py
[2023-02-03T05:02:42.535+0000] {logging_mixin.py:137} INFO - [2023-02-03T05:02:42.535+0000] {dag.py:2690} INFO - Sync 1 DAGs
[2023-02-03T05:02:42.571+0000] {logging_mixin.py:137} INFO - [2023-02-03T05:02:42.571+0000] {dag.py:3441} INFO - Setting next_dagrun for dag_with_taskflow_api_v01 to 2023-02-03T00:00:00+00:00, run_after=2023-02-04T00:00:00+00:00
[2023-02-03T05:02:42.592+0000] {processor.py:175} INFO - Processing /opt/airflow/dags/dag_with_taskflow_api.py took 0.198 seconds
[2023-02-03T05:03:12.864+0000] {processor.py:153} INFO - Started process (PID=2051) to work on /opt/airflow/dags/dag_with_taskflow_api.py
[2023-02-03T05:03:12.867+0000] {processor.py:743} INFO - Processing file /opt/airflow/dags/dag_with_taskflow_api.py for tasks to queue
[2023-02-03T05:03:12.869+0000] {logging_mixin.py:137} INFO - [2023-02-03T05:03:12.868+0000] {dagbag.py:538} INFO - Filling up the DagBag from /opt/airflow/dags/dag_with_taskflow_api.py
[2023-02-03T05:03:12.919+0000] {processor.py:753} INFO - DAG(s) dict_keys(['dag_with_taskflow_api_v01']) retrieved from /opt/airflow/dags/dag_with_taskflow_api.py
[2023-02-03T05:03:12.960+0000] {logging_mixin.py:137} INFO - [2023-02-03T05:03:12.960+0000] {dag.py:2690} INFO - Sync 1 DAGs
[2023-02-03T05:03:13.013+0000] {logging_mixin.py:137} INFO - [2023-02-03T05:03:13.013+0000] {dag.py:3441} INFO - Setting next_dagrun for dag_with_taskflow_api_v01 to 2023-02-03T00:00:00+00:00, run_after=2023-02-04T00:00:00+00:00
[2023-02-03T05:03:13.033+0000] {processor.py:175} INFO - Processing /opt/airflow/dags/dag_with_taskflow_api.py took 0.174 seconds
