[2023-02-03T04:39:27.375+0000] {processor.py:153} INFO - Started process (PID=74) to work on /opt/airflow/dags/fifth_dag.py
[2023-02-03T04:39:27.398+0000] {processor.py:743} INFO - Processing file /opt/airflow/dags/fifth_dag.py for tasks to queue
[2023-02-03T04:39:27.440+0000] {logging_mixin.py:137} INFO - [2023-02-03T04:39:27.440+0000] {dagbag.py:538} INFO - Filling up the DagBag from /opt/airflow/dags/fifth_dag.py
[2023-02-03T04:39:27.983+0000] {processor.py:753} INFO - DAG(s) dict_keys(['our_first_dag_v4']) retrieved from /opt/airflow/dags/fifth_dag.py
[2023-02-03T04:39:29.972+0000] {logging_mixin.py:137} INFO - [2023-02-03T04:39:29.958+0000] {dag.py:2690} INFO - Sync 1 DAGs
[2023-02-03T04:39:31.615+0000] {processor.py:175} INFO - Processing /opt/airflow/dags/fifth_dag.py took 4.377 seconds
[2023-02-03T04:40:02.897+0000] {processor.py:153} INFO - Started process (PID=105) to work on /opt/airflow/dags/fifth_dag.py
[2023-02-03T04:40:02.928+0000] {processor.py:743} INFO - Processing file /opt/airflow/dags/fifth_dag.py for tasks to queue
[2023-02-03T04:40:02.964+0000] {logging_mixin.py:137} INFO - [2023-02-03T04:40:02.964+0000] {dagbag.py:538} INFO - Filling up the DagBag from /opt/airflow/dags/fifth_dag.py
[2023-02-03T04:40:03.488+0000] {processor.py:753} INFO - DAG(s) dict_keys(['our_first_dag_v4']) retrieved from /opt/airflow/dags/fifth_dag.py
[2023-02-03T04:40:06.470+0000] {logging_mixin.py:137} INFO - [2023-02-03T04:40:06.469+0000] {dag.py:2690} INFO - Sync 1 DAGs
[2023-02-03T04:40:06.963+0000] {processor.py:178} ERROR - Got an exception! Propagating...
Traceback (most recent call last):
  File "/home/airflow/.local/lib/python3.7/site-packages/airflow/dag_processing/processor.py", line 174, in _run_file_processor
    _handle_dag_file_processing()
  File "/home/airflow/.local/lib/python3.7/site-packages/airflow/dag_processing/processor.py", line 158, in _handle_dag_file_processing
    callback_requests=callback_requests,
  File "/home/airflow/.local/lib/python3.7/site-packages/airflow/utils/session.py", line 75, in wrapper
    return func(*args, session=session, **kwargs)
  File "/home/airflow/.local/lib/python3.7/site-packages/airflow/dag_processing/processor.py", line 768, in process_file
    dagbag.sync_to_db(processor_subdir=self._dag_directory, session=session)
  File "/home/airflow/.local/lib/python3.7/site-packages/airflow/utils/session.py", line 72, in wrapper
    return func(*args, **kwargs)
  File "/home/airflow/.local/lib/python3.7/site-packages/airflow/models/dagbag.py", line 645, in sync_to_db
    for attempt in run_with_db_retries(logger=self.log):
  File "/home/airflow/.local/lib/python3.7/site-packages/tenacity/__init__.py", line 384, in __iter__
    do = self.iter(retry_state=retry_state)
  File "/home/airflow/.local/lib/python3.7/site-packages/tenacity/__init__.py", line 351, in iter
    return fut.result()
  File "/usr/local/lib/python3.7/concurrent/futures/_base.py", line 428, in result
    return self.__get_result()
  File "/usr/local/lib/python3.7/concurrent/futures/_base.py", line 384, in __get_result
    raise self._exception
  File "/home/airflow/.local/lib/python3.7/site-packages/airflow/models/dagbag.py", line 660, in sync_to_db
    self.dags.values(), processor_subdir=processor_subdir, session=session
  File "/home/airflow/.local/lib/python3.7/site-packages/airflow/utils/session.py", line 72, in wrapper
    return func(*args, **kwargs)
  File "/home/airflow/.local/lib/python3.7/site-packages/airflow/models/dag.py", line 2851, in bulk_write_to_db
    session.flush()  # this is required to ensure each dataset has its PK loaded
  File "/home/airflow/.local/lib/python3.7/site-packages/sqlalchemy/orm/session.py", line 3444, in flush
    self._flush(objects)
  File "/home/airflow/.local/lib/python3.7/site-packages/sqlalchemy/orm/session.py", line 3584, in _flush
    transaction.rollback(_capture_exception=True)
  File "/home/airflow/.local/lib/python3.7/site-packages/sqlalchemy/util/langhelpers.py", line 72, in __exit__
    with_traceback=exc_tb,
  File "/home/airflow/.local/lib/python3.7/site-packages/sqlalchemy/util/compat.py", line 211, in raise_
    raise exception
  File "/home/airflow/.local/lib/python3.7/site-packages/sqlalchemy/orm/session.py", line 3544, in _flush
    flush_context.execute()
  File "/home/airflow/.local/lib/python3.7/site-packages/sqlalchemy/orm/unitofwork.py", line 456, in execute
    rec.execute(self)
  File "/home/airflow/.local/lib/python3.7/site-packages/sqlalchemy/orm/unitofwork.py", line 633, in execute
    uow,
  File "/home/airflow/.local/lib/python3.7/site-packages/sqlalchemy/orm/persistence.py", line 242, in save_obj
    update,
  File "/home/airflow/.local/lib/python3.7/site-packages/sqlalchemy/orm/persistence.py", line 1038, in _emit_update_statements
    % (table.description, len(records), rows)
sqlalchemy.orm.exc.StaleDataError: UPDATE statement on table 'serialized_dag' expected to update 1 row(s); 0 were matched.
[2023-02-03T04:40:37.978+0000] {processor.py:153} INFO - Started process (PID=139) to work on /opt/airflow/dags/fifth_dag.py
[2023-02-03T04:40:37.981+0000] {processor.py:743} INFO - Processing file /opt/airflow/dags/fifth_dag.py for tasks to queue
[2023-02-03T04:40:37.983+0000] {logging_mixin.py:137} INFO - [2023-02-03T04:40:37.983+0000] {dagbag.py:538} INFO - Filling up the DagBag from /opt/airflow/dags/fifth_dag.py
[2023-02-03T04:40:38.020+0000] {processor.py:753} INFO - DAG(s) dict_keys(['our_first_dag_v4']) retrieved from /opt/airflow/dags/fifth_dag.py
[2023-02-03T04:40:38.046+0000] {logging_mixin.py:137} INFO - [2023-02-03T04:40:38.046+0000] {dag.py:2690} INFO - Sync 1 DAGs
[2023-02-03T04:40:38.114+0000] {processor.py:175} INFO - Processing /opt/airflow/dags/fifth_dag.py took 0.144 seconds
[2023-02-03T04:41:08.224+0000] {processor.py:153} INFO - Started process (PID=189) to work on /opt/airflow/dags/fifth_dag.py
[2023-02-03T04:41:08.226+0000] {processor.py:743} INFO - Processing file /opt/airflow/dags/fifth_dag.py for tasks to queue
[2023-02-03T04:41:08.228+0000] {logging_mixin.py:137} INFO - [2023-02-03T04:41:08.228+0000] {dagbag.py:538} INFO - Filling up the DagBag from /opt/airflow/dags/fifth_dag.py
[2023-02-03T04:41:08.251+0000] {processor.py:753} INFO - DAG(s) dict_keys(['our_first_dag_v4']) retrieved from /opt/airflow/dags/fifth_dag.py
[2023-02-03T04:41:08.323+0000] {logging_mixin.py:137} INFO - [2023-02-03T04:41:08.323+0000] {dag.py:2690} INFO - Sync 1 DAGs
[2023-02-03T04:41:08.363+0000] {processor.py:175} INFO - Processing /opt/airflow/dags/fifth_dag.py took 0.144 seconds
[2023-02-03T04:41:39.079+0000] {processor.py:153} INFO - Started process (PID=225) to work on /opt/airflow/dags/fifth_dag.py
[2023-02-03T04:41:39.084+0000] {processor.py:743} INFO - Processing file /opt/airflow/dags/fifth_dag.py for tasks to queue
[2023-02-03T04:41:39.085+0000] {logging_mixin.py:137} INFO - [2023-02-03T04:41:39.085+0000] {dagbag.py:538} INFO - Filling up the DagBag from /opt/airflow/dags/fifth_dag.py
[2023-02-03T04:41:39.132+0000] {processor.py:753} INFO - DAG(s) dict_keys(['our_first_dag_v4']) retrieved from /opt/airflow/dags/fifth_dag.py
[2023-02-03T04:41:39.185+0000] {logging_mixin.py:137} INFO - [2023-02-03T04:41:39.185+0000] {dag.py:2690} INFO - Sync 1 DAGs
[2023-02-03T04:41:39.295+0000] {processor.py:175} INFO - Processing /opt/airflow/dags/fifth_dag.py took 0.231 seconds
[2023-02-03T04:42:09.826+0000] {processor.py:153} INFO - Started process (PID=262) to work on /opt/airflow/dags/fifth_dag.py
[2023-02-03T04:42:09.829+0000] {processor.py:743} INFO - Processing file /opt/airflow/dags/fifth_dag.py for tasks to queue
[2023-02-03T04:42:09.830+0000] {logging_mixin.py:137} INFO - [2023-02-03T04:42:09.830+0000] {dagbag.py:538} INFO - Filling up the DagBag from /opt/airflow/dags/fifth_dag.py
[2023-02-03T04:42:09.864+0000] {processor.py:753} INFO - DAG(s) dict_keys(['our_first_dag_v4']) retrieved from /opt/airflow/dags/fifth_dag.py
[2023-02-03T04:42:09.936+0000] {logging_mixin.py:137} INFO - [2023-02-03T04:42:09.936+0000] {dag.py:2690} INFO - Sync 1 DAGs
[2023-02-03T04:42:09.971+0000] {processor.py:175} INFO - Processing /opt/airflow/dags/fifth_dag.py took 0.151 seconds
[2023-02-03T04:42:40.082+0000] {processor.py:153} INFO - Started process (PID=301) to work on /opt/airflow/dags/fifth_dag.py
[2023-02-03T04:42:40.085+0000] {processor.py:743} INFO - Processing file /opt/airflow/dags/fifth_dag.py for tasks to queue
[2023-02-03T04:42:40.087+0000] {logging_mixin.py:137} INFO - [2023-02-03T04:42:40.087+0000] {dagbag.py:538} INFO - Filling up the DagBag from /opt/airflow/dags/fifth_dag.py
[2023-02-03T04:42:40.126+0000] {processor.py:753} INFO - DAG(s) dict_keys(['our_first_dag_v4']) retrieved from /opt/airflow/dags/fifth_dag.py
[2023-02-03T04:42:40.177+0000] {logging_mixin.py:137} INFO - [2023-02-03T04:42:40.177+0000] {dag.py:2690} INFO - Sync 1 DAGs
[2023-02-03T04:42:40.239+0000] {processor.py:175} INFO - Processing /opt/airflow/dags/fifth_dag.py took 0.166 seconds
[2023-02-03T04:43:10.647+0000] {processor.py:153} INFO - Started process (PID=351) to work on /opt/airflow/dags/fifth_dag.py
[2023-02-03T04:43:10.649+0000] {processor.py:743} INFO - Processing file /opt/airflow/dags/fifth_dag.py for tasks to queue
[2023-02-03T04:43:10.651+0000] {logging_mixin.py:137} INFO - [2023-02-03T04:43:10.651+0000] {dagbag.py:538} INFO - Filling up the DagBag from /opt/airflow/dags/fifth_dag.py
[2023-02-03T04:43:10.686+0000] {processor.py:753} INFO - DAG(s) dict_keys(['our_first_dag_v4']) retrieved from /opt/airflow/dags/fifth_dag.py
[2023-02-03T04:43:10.776+0000] {logging_mixin.py:137} INFO - [2023-02-03T04:43:10.776+0000] {dag.py:2690} INFO - Sync 1 DAGs
[2023-02-03T04:43:10.817+0000] {processor.py:175} INFO - Processing /opt/airflow/dags/fifth_dag.py took 0.177 seconds
[2023-02-03T04:43:40.897+0000] {processor.py:153} INFO - Started process (PID=389) to work on /opt/airflow/dags/fifth_dag.py
[2023-02-03T04:43:40.900+0000] {processor.py:743} INFO - Processing file /opt/airflow/dags/fifth_dag.py for tasks to queue
[2023-02-03T04:43:40.902+0000] {logging_mixin.py:137} INFO - [2023-02-03T04:43:40.901+0000] {dagbag.py:538} INFO - Filling up the DagBag from /opt/airflow/dags/fifth_dag.py
[2023-02-03T04:43:40.936+0000] {processor.py:753} INFO - DAG(s) dict_keys(['our_first_dag_v4']) retrieved from /opt/airflow/dags/fifth_dag.py
[2023-02-03T04:43:41.000+0000] {logging_mixin.py:137} INFO - [2023-02-03T04:43:41.000+0000] {dag.py:2690} INFO - Sync 1 DAGs
[2023-02-03T04:43:41.061+0000] {processor.py:175} INFO - Processing /opt/airflow/dags/fifth_dag.py took 0.169 seconds
[2023-02-03T04:44:11.201+0000] {processor.py:153} INFO - Started process (PID=440) to work on /opt/airflow/dags/fifth_dag.py
[2023-02-03T04:44:11.204+0000] {processor.py:743} INFO - Processing file /opt/airflow/dags/fifth_dag.py for tasks to queue
[2023-02-03T04:44:11.206+0000] {logging_mixin.py:137} INFO - [2023-02-03T04:44:11.206+0000] {dagbag.py:538} INFO - Filling up the DagBag from /opt/airflow/dags/fifth_dag.py
[2023-02-03T04:44:11.243+0000] {processor.py:753} INFO - DAG(s) dict_keys(['our_first_dag_v4']) retrieved from /opt/airflow/dags/fifth_dag.py
[2023-02-03T04:44:11.320+0000] {logging_mixin.py:137} INFO - [2023-02-03T04:44:11.320+0000] {dag.py:2690} INFO - Sync 1 DAGs
[2023-02-03T04:44:11.365+0000] {processor.py:175} INFO - Processing /opt/airflow/dags/fifth_dag.py took 0.173 seconds
[2023-02-03T04:44:41.713+0000] {processor.py:153} INFO - Started process (PID=483) to work on /opt/airflow/dags/fifth_dag.py
[2023-02-03T04:44:41.715+0000] {processor.py:743} INFO - Processing file /opt/airflow/dags/fifth_dag.py for tasks to queue
[2023-02-03T04:44:41.717+0000] {logging_mixin.py:137} INFO - [2023-02-03T04:44:41.717+0000] {dagbag.py:538} INFO - Filling up the DagBag from /opt/airflow/dags/fifth_dag.py
[2023-02-03T04:44:41.750+0000] {processor.py:753} INFO - DAG(s) dict_keys(['our_first_dag_v4']) retrieved from /opt/airflow/dags/fifth_dag.py
[2023-02-03T04:44:41.786+0000] {logging_mixin.py:137} INFO - [2023-02-03T04:44:41.786+0000] {dag.py:2690} INFO - Sync 1 DAGs
[2023-02-03T04:44:41.837+0000] {processor.py:175} INFO - Processing /opt/airflow/dags/fifth_dag.py took 0.132 seconds
[2023-02-03T04:45:12.250+0000] {processor.py:153} INFO - Started process (PID=533) to work on /opt/airflow/dags/fifth_dag.py
[2023-02-03T04:45:12.255+0000] {processor.py:743} INFO - Processing file /opt/airflow/dags/fifth_dag.py for tasks to queue
[2023-02-03T04:45:12.258+0000] {logging_mixin.py:137} INFO - [2023-02-03T04:45:12.258+0000] {dagbag.py:538} INFO - Filling up the DagBag from /opt/airflow/dags/fifth_dag.py
[2023-02-03T04:45:12.322+0000] {processor.py:753} INFO - DAG(s) dict_keys(['our_first_dag_v4']) retrieved from /opt/airflow/dags/fifth_dag.py
[2023-02-03T04:45:12.443+0000] {logging_mixin.py:137} INFO - [2023-02-03T04:45:12.443+0000] {dag.py:2690} INFO - Sync 1 DAGs
[2023-02-03T04:45:12.492+0000] {processor.py:175} INFO - Processing /opt/airflow/dags/fifth_dag.py took 0.250 seconds
[2023-02-03T04:45:43.369+0000] {processor.py:153} INFO - Started process (PID=572) to work on /opt/airflow/dags/fifth_dag.py
[2023-02-03T04:45:43.376+0000] {processor.py:743} INFO - Processing file /opt/airflow/dags/fifth_dag.py for tasks to queue
[2023-02-03T04:45:43.385+0000] {logging_mixin.py:137} INFO - [2023-02-03T04:45:43.385+0000] {dagbag.py:538} INFO - Filling up the DagBag from /opt/airflow/dags/fifth_dag.py
[2023-02-03T04:45:43.568+0000] {processor.py:753} INFO - DAG(s) dict_keys(['our_first_dag_v4']) retrieved from /opt/airflow/dags/fifth_dag.py
[2023-02-03T04:45:43.832+0000] {logging_mixin.py:137} INFO - [2023-02-03T04:45:43.832+0000] {dag.py:2690} INFO - Sync 1 DAGs
[2023-02-03T04:45:44.005+0000] {processor.py:175} INFO - Processing /opt/airflow/dags/fifth_dag.py took 0.655 seconds
[2023-02-03T04:46:14.241+0000] {processor.py:153} INFO - Started process (PID=610) to work on /opt/airflow/dags/fifth_dag.py
[2023-02-03T04:46:14.243+0000] {processor.py:743} INFO - Processing file /opt/airflow/dags/fifth_dag.py for tasks to queue
[2023-02-03T04:46:14.245+0000] {logging_mixin.py:137} INFO - [2023-02-03T04:46:14.245+0000] {dagbag.py:538} INFO - Filling up the DagBag from /opt/airflow/dags/fifth_dag.py
[2023-02-03T04:46:14.284+0000] {processor.py:753} INFO - DAG(s) dict_keys(['our_first_dag_v4']) retrieved from /opt/airflow/dags/fifth_dag.py
[2023-02-03T04:46:14.333+0000] {logging_mixin.py:137} INFO - [2023-02-03T04:46:14.333+0000] {dag.py:2690} INFO - Sync 1 DAGs
[2023-02-03T04:46:14.380+0000] {processor.py:175} INFO - Processing /opt/airflow/dags/fifth_dag.py took 0.144 seconds
[2023-02-03T04:46:44.701+0000] {processor.py:153} INFO - Started process (PID=649) to work on /opt/airflow/dags/fifth_dag.py
[2023-02-03T04:46:44.704+0000] {processor.py:743} INFO - Processing file /opt/airflow/dags/fifth_dag.py for tasks to queue
[2023-02-03T04:46:44.707+0000] {logging_mixin.py:137} INFO - [2023-02-03T04:46:44.707+0000] {dagbag.py:538} INFO - Filling up the DagBag from /opt/airflow/dags/fifth_dag.py
[2023-02-03T04:46:44.763+0000] {processor.py:753} INFO - DAG(s) dict_keys(['our_first_dag_v4']) retrieved from /opt/airflow/dags/fifth_dag.py
[2023-02-03T04:46:44.861+0000] {logging_mixin.py:137} INFO - [2023-02-03T04:46:44.861+0000] {dag.py:2690} INFO - Sync 1 DAGs
[2023-02-03T04:46:44.945+0000] {processor.py:175} INFO - Processing /opt/airflow/dags/fifth_dag.py took 0.253 seconds
[2023-02-03T04:47:15.082+0000] {processor.py:153} INFO - Started process (PID=687) to work on /opt/airflow/dags/fifth_dag.py
[2023-02-03T04:47:15.084+0000] {processor.py:743} INFO - Processing file /opt/airflow/dags/fifth_dag.py for tasks to queue
[2023-02-03T04:47:15.086+0000] {logging_mixin.py:137} INFO - [2023-02-03T04:47:15.086+0000] {dagbag.py:538} INFO - Filling up the DagBag from /opt/airflow/dags/fifth_dag.py
[2023-02-03T04:47:15.110+0000] {processor.py:753} INFO - DAG(s) dict_keys(['our_first_dag_v4']) retrieved from /opt/airflow/dags/fifth_dag.py
[2023-02-03T04:47:15.171+0000] {logging_mixin.py:137} INFO - [2023-02-03T04:47:15.170+0000] {dag.py:2690} INFO - Sync 1 DAGs
[2023-02-03T04:47:15.250+0000] {processor.py:175} INFO - Processing /opt/airflow/dags/fifth_dag.py took 0.173 seconds
[2023-02-03T04:47:46.225+0000] {processor.py:153} INFO - Started process (PID=736) to work on /opt/airflow/dags/fifth_dag.py
[2023-02-03T04:47:46.228+0000] {processor.py:743} INFO - Processing file /opt/airflow/dags/fifth_dag.py for tasks to queue
[2023-02-03T04:47:46.231+0000] {logging_mixin.py:137} INFO - [2023-02-03T04:47:46.230+0000] {dagbag.py:538} INFO - Filling up the DagBag from /opt/airflow/dags/fifth_dag.py
[2023-02-03T04:47:46.281+0000] {processor.py:753} INFO - DAG(s) dict_keys(['our_first_dag_v4']) retrieved from /opt/airflow/dags/fifth_dag.py
[2023-02-03T04:47:46.367+0000] {logging_mixin.py:137} INFO - [2023-02-03T04:47:46.367+0000] {dag.py:2690} INFO - Sync 1 DAGs
[2023-02-03T04:47:46.410+0000] {processor.py:175} INFO - Processing /opt/airflow/dags/fifth_dag.py took 0.193 seconds
[2023-02-03T04:48:16.695+0000] {processor.py:153} INFO - Started process (PID=773) to work on /opt/airflow/dags/fifth_dag.py
[2023-02-03T04:48:16.698+0000] {processor.py:743} INFO - Processing file /opt/airflow/dags/fifth_dag.py for tasks to queue
[2023-02-03T04:48:16.700+0000] {logging_mixin.py:137} INFO - [2023-02-03T04:48:16.700+0000] {dagbag.py:538} INFO - Filling up the DagBag from /opt/airflow/dags/fifth_dag.py
[2023-02-03T04:48:16.744+0000] {processor.py:753} INFO - DAG(s) dict_keys(['our_first_dag_v4']) retrieved from /opt/airflow/dags/fifth_dag.py
[2023-02-03T04:48:16.809+0000] {logging_mixin.py:137} INFO - [2023-02-03T04:48:16.808+0000] {dag.py:2690} INFO - Sync 1 DAGs
[2023-02-03T04:48:16.889+0000] {processor.py:175} INFO - Processing /opt/airflow/dags/fifth_dag.py took 0.203 seconds
[2023-02-03T04:48:47.590+0000] {processor.py:153} INFO - Started process (PID=821) to work on /opt/airflow/dags/fifth_dag.py
[2023-02-03T04:48:47.599+0000] {processor.py:743} INFO - Processing file /opt/airflow/dags/fifth_dag.py for tasks to queue
[2023-02-03T04:48:47.606+0000] {logging_mixin.py:137} INFO - [2023-02-03T04:48:47.605+0000] {dagbag.py:538} INFO - Filling up the DagBag from /opt/airflow/dags/fifth_dag.py
[2023-02-03T04:48:47.668+0000] {processor.py:753} INFO - DAG(s) dict_keys(['our_first_dag_v4']) retrieved from /opt/airflow/dags/fifth_dag.py
[2023-02-03T04:48:47.797+0000] {logging_mixin.py:137} INFO - [2023-02-03T04:48:47.797+0000] {dag.py:2690} INFO - Sync 1 DAGs
[2023-02-03T04:48:47.868+0000] {processor.py:175} INFO - Processing /opt/airflow/dags/fifth_dag.py took 0.308 seconds
[2023-02-03T04:49:18.593+0000] {processor.py:153} INFO - Started process (PID=862) to work on /opt/airflow/dags/fifth_dag.py
[2023-02-03T04:49:18.596+0000] {processor.py:743} INFO - Processing file /opt/airflow/dags/fifth_dag.py for tasks to queue
[2023-02-03T04:49:18.598+0000] {logging_mixin.py:137} INFO - [2023-02-03T04:49:18.598+0000] {dagbag.py:538} INFO - Filling up the DagBag from /opt/airflow/dags/fifth_dag.py
[2023-02-03T04:49:18.643+0000] {processor.py:753} INFO - DAG(s) dict_keys(['our_first_dag_v4']) retrieved from /opt/airflow/dags/fifth_dag.py
[2023-02-03T04:49:18.688+0000] {logging_mixin.py:137} INFO - [2023-02-03T04:49:18.688+0000] {dag.py:2690} INFO - Sync 1 DAGs
[2023-02-03T04:49:18.742+0000] {processor.py:175} INFO - Processing /opt/airflow/dags/fifth_dag.py took 0.157 seconds
[2023-02-03T04:49:48.876+0000] {processor.py:153} INFO - Started process (PID=900) to work on /opt/airflow/dags/fifth_dag.py
[2023-02-03T04:49:48.879+0000] {processor.py:743} INFO - Processing file /opt/airflow/dags/fifth_dag.py for tasks to queue
[2023-02-03T04:49:48.881+0000] {logging_mixin.py:137} INFO - [2023-02-03T04:49:48.881+0000] {dagbag.py:538} INFO - Filling up the DagBag from /opt/airflow/dags/fifth_dag.py
[2023-02-03T04:49:48.913+0000] {processor.py:753} INFO - DAG(s) dict_keys(['our_first_dag_v4']) retrieved from /opt/airflow/dags/fifth_dag.py
[2023-02-03T04:49:49.010+0000] {logging_mixin.py:137} INFO - [2023-02-03T04:49:49.010+0000] {dag.py:2690} INFO - Sync 1 DAGs
[2023-02-03T04:49:49.072+0000] {processor.py:175} INFO - Processing /opt/airflow/dags/fifth_dag.py took 0.202 seconds
[2023-02-03T04:50:19.395+0000] {processor.py:153} INFO - Started process (PID=951) to work on /opt/airflow/dags/fifth_dag.py
[2023-02-03T04:50:19.398+0000] {processor.py:743} INFO - Processing file /opt/airflow/dags/fifth_dag.py for tasks to queue
[2023-02-03T04:50:19.400+0000] {logging_mixin.py:137} INFO - [2023-02-03T04:50:19.400+0000] {dagbag.py:538} INFO - Filling up the DagBag from /opt/airflow/dags/fifth_dag.py
[2023-02-03T04:50:19.435+0000] {processor.py:753} INFO - DAG(s) dict_keys(['our_first_dag_v4']) retrieved from /opt/airflow/dags/fifth_dag.py
[2023-02-03T04:50:19.476+0000] {logging_mixin.py:137} INFO - [2023-02-03T04:50:19.476+0000] {dag.py:2690} INFO - Sync 1 DAGs
[2023-02-03T04:50:19.530+0000] {processor.py:175} INFO - Processing /opt/airflow/dags/fifth_dag.py took 0.146 seconds
[2023-02-03T04:50:49.727+0000] {processor.py:153} INFO - Started process (PID=989) to work on /opt/airflow/dags/fifth_dag.py
[2023-02-03T04:50:49.731+0000] {processor.py:743} INFO - Processing file /opt/airflow/dags/fifth_dag.py for tasks to queue
[2023-02-03T04:50:49.735+0000] {logging_mixin.py:137} INFO - [2023-02-03T04:50:49.734+0000] {dagbag.py:538} INFO - Filling up the DagBag from /opt/airflow/dags/fifth_dag.py
[2023-02-03T04:50:49.774+0000] {processor.py:753} INFO - DAG(s) dict_keys(['our_first_dag_v4']) retrieved from /opt/airflow/dags/fifth_dag.py
[2023-02-03T04:50:49.852+0000] {logging_mixin.py:137} INFO - [2023-02-03T04:50:49.852+0000] {dag.py:2690} INFO - Sync 1 DAGs
[2023-02-03T04:50:49.890+0000] {processor.py:175} INFO - Processing /opt/airflow/dags/fifth_dag.py took 0.174 seconds
[2023-02-03T04:51:19.960+0000] {processor.py:153} INFO - Started process (PID=1039) to work on /opt/airflow/dags/fifth_dag.py
[2023-02-03T04:51:19.963+0000] {processor.py:743} INFO - Processing file /opt/airflow/dags/fifth_dag.py for tasks to queue
[2023-02-03T04:51:19.965+0000] {logging_mixin.py:137} INFO - [2023-02-03T04:51:19.964+0000] {dagbag.py:538} INFO - Filling up the DagBag from /opt/airflow/dags/fifth_dag.py
[2023-02-03T04:51:20.003+0000] {processor.py:753} INFO - DAG(s) dict_keys(['our_first_dag_v4']) retrieved from /opt/airflow/dags/fifth_dag.py
[2023-02-03T04:51:20.057+0000] {logging_mixin.py:137} INFO - [2023-02-03T04:51:20.056+0000] {dag.py:2690} INFO - Sync 1 DAGs
[2023-02-03T04:51:20.113+0000] {processor.py:175} INFO - Processing /opt/airflow/dags/fifth_dag.py took 0.161 seconds
[2023-02-03T04:51:50.326+0000] {processor.py:153} INFO - Started process (PID=1077) to work on /opt/airflow/dags/fifth_dag.py
[2023-02-03T04:51:50.329+0000] {processor.py:743} INFO - Processing file /opt/airflow/dags/fifth_dag.py for tasks to queue
[2023-02-03T04:51:50.331+0000] {logging_mixin.py:137} INFO - [2023-02-03T04:51:50.330+0000] {dagbag.py:538} INFO - Filling up the DagBag from /opt/airflow/dags/fifth_dag.py
[2023-02-03T04:51:50.364+0000] {processor.py:753} INFO - DAG(s) dict_keys(['our_first_dag_v4']) retrieved from /opt/airflow/dags/fifth_dag.py
[2023-02-03T04:51:50.445+0000] {logging_mixin.py:137} INFO - [2023-02-03T04:51:50.444+0000] {dag.py:2690} INFO - Sync 1 DAGs
[2023-02-03T04:51:50.509+0000] {processor.py:175} INFO - Processing /opt/airflow/dags/fifth_dag.py took 0.192 seconds
[2023-02-03T04:52:20.999+0000] {processor.py:153} INFO - Started process (PID=1128) to work on /opt/airflow/dags/fifth_dag.py
[2023-02-03T04:52:21.002+0000] {processor.py:743} INFO - Processing file /opt/airflow/dags/fifth_dag.py for tasks to queue
[2023-02-03T04:52:21.005+0000] {logging_mixin.py:137} INFO - [2023-02-03T04:52:21.004+0000] {dagbag.py:538} INFO - Filling up the DagBag from /opt/airflow/dags/fifth_dag.py
[2023-02-03T04:52:21.079+0000] {processor.py:753} INFO - DAG(s) dict_keys(['our_first_dag_v4']) retrieved from /opt/airflow/dags/fifth_dag.py
[2023-02-03T04:52:21.130+0000] {logging_mixin.py:137} INFO - [2023-02-03T04:52:21.129+0000] {dag.py:2690} INFO - Sync 1 DAGs
[2023-02-03T04:52:21.264+0000] {processor.py:175} INFO - Processing /opt/airflow/dags/fifth_dag.py took 0.276 seconds
[2023-02-03T04:52:51.456+0000] {processor.py:153} INFO - Started process (PID=1167) to work on /opt/airflow/dags/fifth_dag.py
[2023-02-03T04:52:51.459+0000] {processor.py:743} INFO - Processing file /opt/airflow/dags/fifth_dag.py for tasks to queue
[2023-02-03T04:52:51.461+0000] {logging_mixin.py:137} INFO - [2023-02-03T04:52:51.461+0000] {dagbag.py:538} INFO - Filling up the DagBag from /opt/airflow/dags/fifth_dag.py
[2023-02-03T04:52:51.495+0000] {processor.py:753} INFO - DAG(s) dict_keys(['our_first_dag_v4']) retrieved from /opt/airflow/dags/fifth_dag.py
[2023-02-03T04:52:51.566+0000] {logging_mixin.py:137} INFO - [2023-02-03T04:52:51.565+0000] {dag.py:2690} INFO - Sync 1 DAGs
[2023-02-03T04:52:51.612+0000] {processor.py:175} INFO - Processing /opt/airflow/dags/fifth_dag.py took 0.163 seconds
[2023-02-03T04:53:21.786+0000] {processor.py:153} INFO - Started process (PID=1205) to work on /opt/airflow/dags/fifth_dag.py
[2023-02-03T04:53:21.790+0000] {processor.py:743} INFO - Processing file /opt/airflow/dags/fifth_dag.py for tasks to queue
[2023-02-03T04:53:21.792+0000] {logging_mixin.py:137} INFO - [2023-02-03T04:53:21.792+0000] {dagbag.py:538} INFO - Filling up the DagBag from /opt/airflow/dags/fifth_dag.py
[2023-02-03T04:53:21.828+0000] {processor.py:753} INFO - DAG(s) dict_keys(['our_first_dag_v4']) retrieved from /opt/airflow/dags/fifth_dag.py
[2023-02-03T04:53:21.879+0000] {logging_mixin.py:137} INFO - [2023-02-03T04:53:21.878+0000] {dag.py:2690} INFO - Sync 1 DAGs
[2023-02-03T04:53:21.950+0000] {processor.py:175} INFO - Processing /opt/airflow/dags/fifth_dag.py took 0.174 seconds
[2023-02-03T04:53:52.438+0000] {processor.py:153} INFO - Started process (PID=1254) to work on /opt/airflow/dags/fifth_dag.py
[2023-02-03T04:53:52.441+0000] {processor.py:743} INFO - Processing file /opt/airflow/dags/fifth_dag.py for tasks to queue
[2023-02-03T04:53:52.444+0000] {logging_mixin.py:137} INFO - [2023-02-03T04:53:52.443+0000] {dagbag.py:538} INFO - Filling up the DagBag from /opt/airflow/dags/fifth_dag.py
[2023-02-03T04:53:52.500+0000] {processor.py:753} INFO - DAG(s) dict_keys(['our_first_dag_v4']) retrieved from /opt/airflow/dags/fifth_dag.py
[2023-02-03T04:53:52.594+0000] {logging_mixin.py:137} INFO - [2023-02-03T04:53:52.594+0000] {dag.py:2690} INFO - Sync 1 DAGs
[2023-02-03T04:53:52.640+0000] {processor.py:175} INFO - Processing /opt/airflow/dags/fifth_dag.py took 0.212 seconds
[2023-02-03T04:54:23.090+0000] {processor.py:153} INFO - Started process (PID=1292) to work on /opt/airflow/dags/fifth_dag.py
[2023-02-03T04:54:23.093+0000] {processor.py:743} INFO - Processing file /opt/airflow/dags/fifth_dag.py for tasks to queue
[2023-02-03T04:54:23.095+0000] {logging_mixin.py:137} INFO - [2023-02-03T04:54:23.095+0000] {dagbag.py:538} INFO - Filling up the DagBag from /opt/airflow/dags/fifth_dag.py
[2023-02-03T04:54:23.143+0000] {processor.py:753} INFO - DAG(s) dict_keys(['our_first_dag_v4']) retrieved from /opt/airflow/dags/fifth_dag.py
[2023-02-03T04:54:23.210+0000] {logging_mixin.py:137} INFO - [2023-02-03T04:54:23.210+0000] {dag.py:2690} INFO - Sync 1 DAGs
[2023-02-03T04:54:23.285+0000] {processor.py:175} INFO - Processing /opt/airflow/dags/fifth_dag.py took 0.204 seconds
[2023-02-03T04:54:53.356+0000] {processor.py:153} INFO - Started process (PID=1330) to work on /opt/airflow/dags/fifth_dag.py
[2023-02-03T04:54:53.359+0000] {processor.py:743} INFO - Processing file /opt/airflow/dags/fifth_dag.py for tasks to queue
[2023-02-03T04:54:53.361+0000] {logging_mixin.py:137} INFO - [2023-02-03T04:54:53.361+0000] {dagbag.py:538} INFO - Filling up the DagBag from /opt/airflow/dags/fifth_dag.py
[2023-02-03T04:54:53.402+0000] {processor.py:753} INFO - DAG(s) dict_keys(['our_first_dag_v4']) retrieved from /opt/airflow/dags/fifth_dag.py
[2023-02-03T04:54:53.501+0000] {logging_mixin.py:137} INFO - [2023-02-03T04:54:53.501+0000] {dag.py:2690} INFO - Sync 1 DAGs
[2023-02-03T04:54:53.568+0000] {processor.py:175} INFO - Processing /opt/airflow/dags/fifth_dag.py took 0.219 seconds
[2023-02-03T04:55:23.649+0000] {processor.py:153} INFO - Started process (PID=1379) to work on /opt/airflow/dags/fifth_dag.py
[2023-02-03T04:55:23.652+0000] {processor.py:743} INFO - Processing file /opt/airflow/dags/fifth_dag.py for tasks to queue
[2023-02-03T04:55:23.654+0000] {logging_mixin.py:137} INFO - [2023-02-03T04:55:23.654+0000] {dagbag.py:538} INFO - Filling up the DagBag from /opt/airflow/dags/fifth_dag.py
[2023-02-03T04:55:23.694+0000] {processor.py:753} INFO - DAG(s) dict_keys(['our_first_dag_v4']) retrieved from /opt/airflow/dags/fifth_dag.py
[2023-02-03T04:55:23.754+0000] {logging_mixin.py:137} INFO - [2023-02-03T04:55:23.754+0000] {dag.py:2690} INFO - Sync 1 DAGs
[2023-02-03T04:55:23.810+0000] {processor.py:175} INFO - Processing /opt/airflow/dags/fifth_dag.py took 0.171 seconds
[2023-02-03T04:55:54.133+0000] {processor.py:153} INFO - Started process (PID=1417) to work on /opt/airflow/dags/fifth_dag.py
[2023-02-03T04:55:54.137+0000] {processor.py:743} INFO - Processing file /opt/airflow/dags/fifth_dag.py for tasks to queue
[2023-02-03T04:55:54.138+0000] {logging_mixin.py:137} INFO - [2023-02-03T04:55:54.138+0000] {dagbag.py:538} INFO - Filling up the DagBag from /opt/airflow/dags/fifth_dag.py
[2023-02-03T04:55:54.204+0000] {processor.py:753} INFO - DAG(s) dict_keys(['our_first_dag_v4']) retrieved from /opt/airflow/dags/fifth_dag.py
[2023-02-03T04:55:54.306+0000] {logging_mixin.py:137} INFO - [2023-02-03T04:55:54.306+0000] {dag.py:2690} INFO - Sync 1 DAGs
[2023-02-03T04:55:54.356+0000] {processor.py:175} INFO - Processing /opt/airflow/dags/fifth_dag.py took 0.235 seconds
[2023-02-03T04:56:24.616+0000] {processor.py:153} INFO - Started process (PID=1467) to work on /opt/airflow/dags/fifth_dag.py
[2023-02-03T04:56:24.619+0000] {processor.py:743} INFO - Processing file /opt/airflow/dags/fifth_dag.py for tasks to queue
[2023-02-03T04:56:24.622+0000] {logging_mixin.py:137} INFO - [2023-02-03T04:56:24.621+0000] {dagbag.py:538} INFO - Filling up the DagBag from /opt/airflow/dags/fifth_dag.py
[2023-02-03T04:56:24.695+0000] {processor.py:753} INFO - DAG(s) dict_keys(['our_first_dag_v4']) retrieved from /opt/airflow/dags/fifth_dag.py
[2023-02-03T04:56:24.764+0000] {logging_mixin.py:137} INFO - [2023-02-03T04:56:24.764+0000] {dag.py:2690} INFO - Sync 1 DAGs
[2023-02-03T04:56:24.864+0000] {processor.py:175} INFO - Processing /opt/airflow/dags/fifth_dag.py took 0.255 seconds
[2023-02-03T04:56:55.050+0000] {processor.py:153} INFO - Started process (PID=1504) to work on /opt/airflow/dags/fifth_dag.py
[2023-02-03T04:56:55.053+0000] {processor.py:743} INFO - Processing file /opt/airflow/dags/fifth_dag.py for tasks to queue
[2023-02-03T04:56:55.055+0000] {logging_mixin.py:137} INFO - [2023-02-03T04:56:55.055+0000] {dagbag.py:538} INFO - Filling up the DagBag from /opt/airflow/dags/fifth_dag.py
[2023-02-03T04:56:55.082+0000] {processor.py:753} INFO - DAG(s) dict_keys(['our_first_dag_v4']) retrieved from /opt/airflow/dags/fifth_dag.py
[2023-02-03T04:56:55.148+0000] {logging_mixin.py:137} INFO - [2023-02-03T04:56:55.147+0000] {dag.py:2690} INFO - Sync 1 DAGs
[2023-02-03T04:56:55.187+0000] {processor.py:175} INFO - Processing /opt/airflow/dags/fifth_dag.py took 0.144 seconds
[2023-02-03T04:57:25.228+0000] {processor.py:153} INFO - Started process (PID=1551) to work on /opt/airflow/dags/fifth_dag.py
[2023-02-03T04:57:25.231+0000] {processor.py:743} INFO - Processing file /opt/airflow/dags/fifth_dag.py for tasks to queue
[2023-02-03T04:57:25.234+0000] {logging_mixin.py:137} INFO - [2023-02-03T04:57:25.234+0000] {dagbag.py:538} INFO - Filling up the DagBag from /opt/airflow/dags/fifth_dag.py
[2023-02-03T04:57:25.273+0000] {processor.py:753} INFO - DAG(s) dict_keys(['our_first_dag_v4']) retrieved from /opt/airflow/dags/fifth_dag.py
[2023-02-03T04:57:25.309+0000] {logging_mixin.py:137} INFO - [2023-02-03T04:57:25.309+0000] {dag.py:2690} INFO - Sync 1 DAGs
[2023-02-03T04:57:25.364+0000] {processor.py:175} INFO - Processing /opt/airflow/dags/fifth_dag.py took 0.143 seconds
[2023-02-03T04:57:55.499+0000] {processor.py:153} INFO - Started process (PID=1592) to work on /opt/airflow/dags/fifth_dag.py
[2023-02-03T04:57:55.502+0000] {processor.py:743} INFO - Processing file /opt/airflow/dags/fifth_dag.py for tasks to queue
[2023-02-03T04:57:55.503+0000] {logging_mixin.py:137} INFO - [2023-02-03T04:57:55.503+0000] {dagbag.py:538} INFO - Filling up the DagBag from /opt/airflow/dags/fifth_dag.py
[2023-02-03T04:57:55.534+0000] {processor.py:753} INFO - DAG(s) dict_keys(['our_first_dag_v4']) retrieved from /opt/airflow/dags/fifth_dag.py
[2023-02-03T04:57:55.617+0000] {logging_mixin.py:137} INFO - [2023-02-03T04:57:55.617+0000] {dag.py:2690} INFO - Sync 1 DAGs
[2023-02-03T04:57:55.653+0000] {processor.py:175} INFO - Processing /opt/airflow/dags/fifth_dag.py took 0.158 seconds
[2023-02-03T04:58:25.760+0000] {processor.py:153} INFO - Started process (PID=1640) to work on /opt/airflow/dags/fifth_dag.py
[2023-02-03T04:58:25.762+0000] {processor.py:743} INFO - Processing file /opt/airflow/dags/fifth_dag.py for tasks to queue
[2023-02-03T04:58:25.764+0000] {logging_mixin.py:137} INFO - [2023-02-03T04:58:25.764+0000] {dagbag.py:538} INFO - Filling up the DagBag from /opt/airflow/dags/fifth_dag.py
[2023-02-03T04:58:25.792+0000] {processor.py:753} INFO - DAG(s) dict_keys(['our_first_dag_v4']) retrieved from /opt/airflow/dags/fifth_dag.py
[2023-02-03T04:58:25.827+0000] {logging_mixin.py:137} INFO - [2023-02-03T04:58:25.827+0000] {dag.py:2690} INFO - Sync 1 DAGs
[2023-02-03T04:58:25.869+0000] {processor.py:175} INFO - Processing /opt/airflow/dags/fifth_dag.py took 0.116 seconds
[2023-02-03T04:58:56.085+0000] {processor.py:153} INFO - Started process (PID=1681) to work on /opt/airflow/dags/fifth_dag.py
[2023-02-03T04:58:56.089+0000] {processor.py:743} INFO - Processing file /opt/airflow/dags/fifth_dag.py for tasks to queue
[2023-02-03T04:58:56.091+0000] {logging_mixin.py:137} INFO - [2023-02-03T04:58:56.091+0000] {dagbag.py:538} INFO - Filling up the DagBag from /opt/airflow/dags/fifth_dag.py
[2023-02-03T04:58:56.132+0000] {processor.py:753} INFO - DAG(s) dict_keys(['our_first_dag_v4']) retrieved from /opt/airflow/dags/fifth_dag.py
[2023-02-03T04:58:56.204+0000] {logging_mixin.py:137} INFO - [2023-02-03T04:58:56.203+0000] {dag.py:2690} INFO - Sync 1 DAGs
[2023-02-03T04:58:56.257+0000] {processor.py:175} INFO - Processing /opt/airflow/dags/fifth_dag.py took 0.179 seconds
[2023-02-03T04:59:26.323+0000] {processor.py:153} INFO - Started process (PID=1726) to work on /opt/airflow/dags/fifth_dag.py
[2023-02-03T04:59:26.325+0000] {processor.py:743} INFO - Processing file /opt/airflow/dags/fifth_dag.py for tasks to queue
[2023-02-03T04:59:26.326+0000] {logging_mixin.py:137} INFO - [2023-02-03T04:59:26.326+0000] {dagbag.py:538} INFO - Filling up the DagBag from /opt/airflow/dags/fifth_dag.py
[2023-02-03T04:59:26.365+0000] {processor.py:753} INFO - DAG(s) dict_keys(['our_first_dag_v4']) retrieved from /opt/airflow/dags/fifth_dag.py
[2023-02-03T04:59:26.406+0000] {logging_mixin.py:137} INFO - [2023-02-03T04:59:26.406+0000] {dag.py:2690} INFO - Sync 1 DAGs
[2023-02-03T04:59:26.455+0000] {processor.py:175} INFO - Processing /opt/airflow/dags/fifth_dag.py took 0.139 seconds
[2023-02-03T04:59:56.553+0000] {processor.py:153} INFO - Started process (PID=1769) to work on /opt/airflow/dags/fifth_dag.py
[2023-02-03T04:59:56.556+0000] {processor.py:743} INFO - Processing file /opt/airflow/dags/fifth_dag.py for tasks to queue
[2023-02-03T04:59:56.558+0000] {logging_mixin.py:137} INFO - [2023-02-03T04:59:56.558+0000] {dagbag.py:538} INFO - Filling up the DagBag from /opt/airflow/dags/fifth_dag.py
[2023-02-03T04:59:56.587+0000] {processor.py:753} INFO - DAG(s) dict_keys(['our_first_dag_v4']) retrieved from /opt/airflow/dags/fifth_dag.py
[2023-02-03T04:59:56.656+0000] {logging_mixin.py:137} INFO - [2023-02-03T04:59:56.656+0000] {dag.py:2690} INFO - Sync 1 DAGs
[2023-02-03T04:59:56.700+0000] {processor.py:175} INFO - Processing /opt/airflow/dags/fifth_dag.py took 0.153 seconds
[2023-02-03T05:00:26.789+0000] {processor.py:153} INFO - Started process (PID=1813) to work on /opt/airflow/dags/fifth_dag.py
[2023-02-03T05:00:26.795+0000] {processor.py:743} INFO - Processing file /opt/airflow/dags/fifth_dag.py for tasks to queue
[2023-02-03T05:00:26.797+0000] {logging_mixin.py:137} INFO - [2023-02-03T05:00:26.797+0000] {dagbag.py:538} INFO - Filling up the DagBag from /opt/airflow/dags/fifth_dag.py
[2023-02-03T05:00:26.823+0000] {processor.py:753} INFO - DAG(s) dict_keys(['our_first_dag_v4']) retrieved from /opt/airflow/dags/fifth_dag.py
[2023-02-03T05:00:26.859+0000] {logging_mixin.py:137} INFO - [2023-02-03T05:00:26.859+0000] {dag.py:2690} INFO - Sync 1 DAGs
[2023-02-03T05:00:26.904+0000] {processor.py:175} INFO - Processing /opt/airflow/dags/fifth_dag.py took 0.123 seconds
[2023-02-03T05:00:57.027+0000] {processor.py:153} INFO - Started process (PID=1858) to work on /opt/airflow/dags/fifth_dag.py
[2023-02-03T05:00:57.029+0000] {processor.py:743} INFO - Processing file /opt/airflow/dags/fifth_dag.py for tasks to queue
[2023-02-03T05:00:57.031+0000] {logging_mixin.py:137} INFO - [2023-02-03T05:00:57.031+0000] {dagbag.py:538} INFO - Filling up the DagBag from /opt/airflow/dags/fifth_dag.py
[2023-02-03T05:00:57.058+0000] {processor.py:753} INFO - DAG(s) dict_keys(['our_first_dag_v4']) retrieved from /opt/airflow/dags/fifth_dag.py
[2023-02-03T05:00:57.124+0000] {logging_mixin.py:137} INFO - [2023-02-03T05:00:57.124+0000] {dag.py:2690} INFO - Sync 1 DAGs
[2023-02-03T05:00:57.162+0000] {processor.py:175} INFO - Processing /opt/airflow/dags/fifth_dag.py took 0.143 seconds
[2023-02-03T05:01:27.349+0000] {processor.py:153} INFO - Started process (PID=1903) to work on /opt/airflow/dags/fifth_dag.py
[2023-02-03T05:01:27.351+0000] {processor.py:743} INFO - Processing file /opt/airflow/dags/fifth_dag.py for tasks to queue
[2023-02-03T05:01:27.354+0000] {logging_mixin.py:137} INFO - [2023-02-03T05:01:27.354+0000] {dagbag.py:538} INFO - Filling up the DagBag from /opt/airflow/dags/fifth_dag.py
[2023-02-03T05:01:27.390+0000] {processor.py:753} INFO - DAG(s) dict_keys(['our_first_dag_v4']) retrieved from /opt/airflow/dags/fifth_dag.py
[2023-02-03T05:01:27.426+0000] {logging_mixin.py:137} INFO - [2023-02-03T05:01:27.426+0000] {dag.py:2690} INFO - Sync 1 DAGs
[2023-02-03T05:01:27.484+0000] {processor.py:175} INFO - Processing /opt/airflow/dags/fifth_dag.py took 0.142 seconds
[2023-02-03T05:01:58.428+0000] {processor.py:153} INFO - Started process (PID=1945) to work on /opt/airflow/dags/fifth_dag.py
[2023-02-03T05:01:58.430+0000] {processor.py:743} INFO - Processing file /opt/airflow/dags/fifth_dag.py for tasks to queue
[2023-02-03T05:01:58.432+0000] {logging_mixin.py:137} INFO - [2023-02-03T05:01:58.432+0000] {dagbag.py:538} INFO - Filling up the DagBag from /opt/airflow/dags/fifth_dag.py
[2023-02-03T05:01:58.465+0000] {processor.py:753} INFO - DAG(s) dict_keys(['our_first_dag_v4']) retrieved from /opt/airflow/dags/fifth_dag.py
[2023-02-03T05:01:58.546+0000] {logging_mixin.py:137} INFO - [2023-02-03T05:01:58.545+0000] {dag.py:2690} INFO - Sync 1 DAGs
[2023-02-03T05:01:58.584+0000] {processor.py:175} INFO - Processing /opt/airflow/dags/fifth_dag.py took 0.165 seconds
[2023-02-03T05:02:28.733+0000] {processor.py:153} INFO - Started process (PID=1984) to work on /opt/airflow/dags/fifth_dag.py
[2023-02-03T05:02:28.736+0000] {processor.py:743} INFO - Processing file /opt/airflow/dags/fifth_dag.py for tasks to queue
[2023-02-03T05:02:28.737+0000] {logging_mixin.py:137} INFO - [2023-02-03T05:02:28.737+0000] {dagbag.py:538} INFO - Filling up the DagBag from /opt/airflow/dags/fifth_dag.py
[2023-02-03T05:02:28.761+0000] {processor.py:753} INFO - DAG(s) dict_keys(['our_first_dag_v4']) retrieved from /opt/airflow/dags/fifth_dag.py
[2023-02-03T05:02:28.780+0000] {logging_mixin.py:137} INFO - [2023-02-03T05:02:28.779+0000] {dag.py:2690} INFO - Sync 1 DAGs
[2023-02-03T05:02:28.819+0000] {processor.py:175} INFO - Processing /opt/airflow/dags/fifth_dag.py took 0.092 seconds
[2023-02-03T05:02:59.511+0000] {processor.py:153} INFO - Started process (PID=2033) to work on /opt/airflow/dags/fifth_dag.py
[2023-02-03T05:02:59.514+0000] {processor.py:743} INFO - Processing file /opt/airflow/dags/fifth_dag.py for tasks to queue
[2023-02-03T05:02:59.515+0000] {logging_mixin.py:137} INFO - [2023-02-03T05:02:59.515+0000] {dagbag.py:538} INFO - Filling up the DagBag from /opt/airflow/dags/fifth_dag.py
[2023-02-03T05:02:59.544+0000] {processor.py:753} INFO - DAG(s) dict_keys(['our_first_dag_v4']) retrieved from /opt/airflow/dags/fifth_dag.py
[2023-02-03T05:02:59.617+0000] {logging_mixin.py:137} INFO - [2023-02-03T05:02:59.617+0000] {dag.py:2690} INFO - Sync 1 DAGs
[2023-02-03T05:02:59.653+0000] {processor.py:175} INFO - Processing /opt/airflow/dags/fifth_dag.py took 0.150 seconds
[2023-02-03T05:03:29.899+0000] {processor.py:153} INFO - Started process (PID=2072) to work on /opt/airflow/dags/fifth_dag.py
[2023-02-03T05:03:29.902+0000] {processor.py:743} INFO - Processing file /opt/airflow/dags/fifth_dag.py for tasks to queue
[2023-02-03T05:03:29.904+0000] {logging_mixin.py:137} INFO - [2023-02-03T05:03:29.904+0000] {dagbag.py:538} INFO - Filling up the DagBag from /opt/airflow/dags/fifth_dag.py
[2023-02-03T05:03:29.945+0000] {processor.py:753} INFO - DAG(s) dict_keys(['our_first_dag_v4']) retrieved from /opt/airflow/dags/fifth_dag.py
[2023-02-03T05:03:29.999+0000] {logging_mixin.py:137} INFO - [2023-02-03T05:03:29.999+0000] {dag.py:2690} INFO - Sync 1 DAGs
[2023-02-03T05:03:30.054+0000] {processor.py:175} INFO - Processing /opt/airflow/dags/fifth_dag.py took 0.164 seconds
