[2023-02-03T04:39:29.514+0000] {processor.py:153} INFO - Started process (PID=75) to work on /opt/airflow/dags/forth_dag.py
[2023-02-03T04:39:29.555+0000] {processor.py:743} INFO - Processing file /opt/airflow/dags/forth_dag.py for tasks to queue
[2023-02-03T04:39:29.578+0000] {logging_mixin.py:137} INFO - [2023-02-03T04:39:29.571+0000] {dagbag.py:538} INFO - Filling up the DagBag from /opt/airflow/dags/forth_dag.py
[2023-02-03T04:39:30.594+0000] {processor.py:753} INFO - DAG(s) dict_keys(['our_first_dag_v4']) retrieved from /opt/airflow/dags/forth_dag.py
[2023-02-03T04:39:31.426+0000] {logging_mixin.py:137} INFO - [2023-02-03T04:39:31.424+0000] {dag.py:2690} INFO - Sync 1 DAGs
[2023-02-03T04:39:32.381+0000] {processor.py:175} INFO - Processing /opt/airflow/dags/forth_dag.py took 2.903 seconds
[2023-02-03T04:40:03.452+0000] {processor.py:153} INFO - Started process (PID=106) to work on /opt/airflow/dags/forth_dag.py
[2023-02-03T04:40:03.473+0000] {processor.py:743} INFO - Processing file /opt/airflow/dags/forth_dag.py for tasks to queue
[2023-02-03T04:40:03.477+0000] {logging_mixin.py:137} INFO - [2023-02-03T04:40:03.476+0000] {dagbag.py:538} INFO - Filling up the DagBag from /opt/airflow/dags/forth_dag.py
[2023-02-03T04:40:05.207+0000] {processor.py:753} INFO - DAG(s) dict_keys(['our_first_dag_v4']) retrieved from /opt/airflow/dags/forth_dag.py
[2023-02-03T04:40:06.289+0000] {logging_mixin.py:137} INFO - [2023-02-03T04:40:06.289+0000] {dag.py:2690} INFO - Sync 1 DAGs
[2023-02-03T04:40:06.707+0000] {processor.py:175} INFO - Processing /opt/airflow/dags/forth_dag.py took 3.340 seconds
[2023-02-03T04:40:36.865+0000] {processor.py:153} INFO - Started process (PID=138) to work on /opt/airflow/dags/forth_dag.py
[2023-02-03T04:40:36.872+0000] {processor.py:743} INFO - Processing file /opt/airflow/dags/forth_dag.py for tasks to queue
[2023-02-03T04:40:36.877+0000] {logging_mixin.py:137} INFO - [2023-02-03T04:40:36.877+0000] {dagbag.py:538} INFO - Filling up the DagBag from /opt/airflow/dags/forth_dag.py
[2023-02-03T04:40:36.933+0000] {processor.py:753} INFO - DAG(s) dict_keys(['our_first_dag_v4']) retrieved from /opt/airflow/dags/forth_dag.py
[2023-02-03T04:40:37.033+0000] {logging_mixin.py:137} INFO - [2023-02-03T04:40:37.033+0000] {dag.py:2690} INFO - Sync 1 DAGs
[2023-02-03T04:40:37.094+0000] {processor.py:175} INFO - Processing /opt/airflow/dags/forth_dag.py took 0.238 seconds
[2023-02-03T04:41:08.035+0000] {processor.py:153} INFO - Started process (PID=188) to work on /opt/airflow/dags/forth_dag.py
[2023-02-03T04:41:08.038+0000] {processor.py:743} INFO - Processing file /opt/airflow/dags/forth_dag.py for tasks to queue
[2023-02-03T04:41:08.040+0000] {logging_mixin.py:137} INFO - [2023-02-03T04:41:08.040+0000] {dagbag.py:538} INFO - Filling up the DagBag from /opt/airflow/dags/forth_dag.py
[2023-02-03T04:41:08.073+0000] {processor.py:753} INFO - DAG(s) dict_keys(['our_first_dag_v4']) retrieved from /opt/airflow/dags/forth_dag.py
[2023-02-03T04:41:08.113+0000] {logging_mixin.py:137} INFO - [2023-02-03T04:41:08.113+0000] {dag.py:2690} INFO - Sync 1 DAGs
[2023-02-03T04:41:08.176+0000] {processor.py:175} INFO - Processing /opt/airflow/dags/forth_dag.py took 0.150 seconds
[2023-02-03T04:41:39.079+0000] {processor.py:153} INFO - Started process (PID=226) to work on /opt/airflow/dags/forth_dag.py
[2023-02-03T04:41:39.081+0000] {processor.py:743} INFO - Processing file /opt/airflow/dags/forth_dag.py for tasks to queue
[2023-02-03T04:41:39.083+0000] {logging_mixin.py:137} INFO - [2023-02-03T04:41:39.083+0000] {dagbag.py:538} INFO - Filling up the DagBag from /opt/airflow/dags/forth_dag.py
[2023-02-03T04:41:39.132+0000] {processor.py:753} INFO - DAG(s) dict_keys(['our_first_dag_v4']) retrieved from /opt/airflow/dags/forth_dag.py
[2023-02-03T04:41:39.274+0000] {logging_mixin.py:137} INFO - [2023-02-03T04:41:39.273+0000] {dag.py:2690} INFO - Sync 1 DAGs
[2023-02-03T04:41:39.368+0000] {processor.py:175} INFO - Processing /opt/airflow/dags/forth_dag.py took 0.295 seconds
[2023-02-03T04:42:09.840+0000] {processor.py:153} INFO - Started process (PID=263) to work on /opt/airflow/dags/forth_dag.py
[2023-02-03T04:42:09.842+0000] {processor.py:743} INFO - Processing file /opt/airflow/dags/forth_dag.py for tasks to queue
[2023-02-03T04:42:09.843+0000] {logging_mixin.py:137} INFO - [2023-02-03T04:42:09.843+0000] {dagbag.py:538} INFO - Filling up the DagBag from /opt/airflow/dags/forth_dag.py
[2023-02-03T04:42:09.868+0000] {processor.py:753} INFO - DAG(s) dict_keys(['our_first_dag_v4']) retrieved from /opt/airflow/dags/forth_dag.py
[2023-02-03T04:42:09.896+0000] {logging_mixin.py:137} INFO - [2023-02-03T04:42:09.896+0000] {dag.py:2690} INFO - Sync 1 DAGs
[2023-02-03T04:42:09.939+0000] {processor.py:175} INFO - Processing /opt/airflow/dags/forth_dag.py took 0.104 seconds
[2023-02-03T04:42:40.081+0000] {processor.py:153} INFO - Started process (PID=302) to work on /opt/airflow/dags/forth_dag.py
[2023-02-03T04:42:40.085+0000] {processor.py:743} INFO - Processing file /opt/airflow/dags/forth_dag.py for tasks to queue
[2023-02-03T04:42:40.087+0000] {logging_mixin.py:137} INFO - [2023-02-03T04:42:40.086+0000] {dagbag.py:538} INFO - Filling up the DagBag from /opt/airflow/dags/forth_dag.py
[2023-02-03T04:42:40.126+0000] {processor.py:753} INFO - DAG(s) dict_keys(['our_first_dag_v4']) retrieved from /opt/airflow/dags/forth_dag.py
[2023-02-03T04:42:40.225+0000] {logging_mixin.py:137} INFO - [2023-02-03T04:42:40.225+0000] {dag.py:2690} INFO - Sync 1 DAGs
[2023-02-03T04:42:40.269+0000] {processor.py:175} INFO - Processing /opt/airflow/dags/forth_dag.py took 0.196 seconds
[2023-02-03T04:43:10.647+0000] {processor.py:153} INFO - Started process (PID=352) to work on /opt/airflow/dags/forth_dag.py
[2023-02-03T04:43:10.649+0000] {processor.py:743} INFO - Processing file /opt/airflow/dags/forth_dag.py for tasks to queue
[2023-02-03T04:43:10.651+0000] {logging_mixin.py:137} INFO - [2023-02-03T04:43:10.651+0000] {dagbag.py:538} INFO - Filling up the DagBag from /opt/airflow/dags/forth_dag.py
[2023-02-03T04:43:10.686+0000] {processor.py:753} INFO - DAG(s) dict_keys(['our_first_dag_v4']) retrieved from /opt/airflow/dags/forth_dag.py
[2023-02-03T04:43:10.725+0000] {logging_mixin.py:137} INFO - [2023-02-03T04:43:10.725+0000] {dag.py:2690} INFO - Sync 1 DAGs
[2023-02-03T04:43:10.784+0000] {processor.py:175} INFO - Processing /opt/airflow/dags/forth_dag.py took 0.141 seconds
[2023-02-03T04:43:40.906+0000] {processor.py:153} INFO - Started process (PID=390) to work on /opt/airflow/dags/forth_dag.py
[2023-02-03T04:43:40.908+0000] {processor.py:743} INFO - Processing file /opt/airflow/dags/forth_dag.py for tasks to queue
[2023-02-03T04:43:40.910+0000] {logging_mixin.py:137} INFO - [2023-02-03T04:43:40.910+0000] {dagbag.py:538} INFO - Filling up the DagBag from /opt/airflow/dags/forth_dag.py
[2023-02-03T04:43:40.941+0000] {processor.py:753} INFO - DAG(s) dict_keys(['our_first_dag_v4']) retrieved from /opt/airflow/dags/forth_dag.py
[2023-02-03T04:43:41.050+0000] {logging_mixin.py:137} INFO - [2023-02-03T04:43:41.050+0000] {dag.py:2690} INFO - Sync 1 DAGs
[2023-02-03T04:43:41.099+0000] {processor.py:175} INFO - Processing /opt/airflow/dags/forth_dag.py took 0.199 seconds
[2023-02-03T04:44:11.210+0000] {processor.py:153} INFO - Started process (PID=441) to work on /opt/airflow/dags/forth_dag.py
[2023-02-03T04:44:11.211+0000] {processor.py:743} INFO - Processing file /opt/airflow/dags/forth_dag.py for tasks to queue
[2023-02-03T04:44:11.213+0000] {logging_mixin.py:137} INFO - [2023-02-03T04:44:11.213+0000] {dagbag.py:538} INFO - Filling up the DagBag from /opt/airflow/dags/forth_dag.py
[2023-02-03T04:44:11.243+0000] {processor.py:753} INFO - DAG(s) dict_keys(['our_first_dag_v4']) retrieved from /opt/airflow/dags/forth_dag.py
[2023-02-03T04:44:11.282+0000] {logging_mixin.py:137} INFO - [2023-02-03T04:44:11.282+0000] {dag.py:2690} INFO - Sync 1 DAGs
[2023-02-03T04:44:11.332+0000] {processor.py:175} INFO - Processing /opt/airflow/dags/forth_dag.py took 0.130 seconds
[2023-02-03T04:44:41.716+0000] {processor.py:153} INFO - Started process (PID=484) to work on /opt/airflow/dags/forth_dag.py
[2023-02-03T04:44:41.717+0000] {processor.py:743} INFO - Processing file /opt/airflow/dags/forth_dag.py for tasks to queue
[2023-02-03T04:44:41.719+0000] {logging_mixin.py:137} INFO - [2023-02-03T04:44:41.719+0000] {dagbag.py:538} INFO - Filling up the DagBag from /opt/airflow/dags/forth_dag.py
[2023-02-03T04:44:41.750+0000] {processor.py:753} INFO - DAG(s) dict_keys(['our_first_dag_v4']) retrieved from /opt/airflow/dags/forth_dag.py
[2023-02-03T04:44:41.824+0000] {logging_mixin.py:137} INFO - [2023-02-03T04:44:41.824+0000] {dag.py:2690} INFO - Sync 1 DAGs
[2023-02-03T04:44:41.872+0000] {processor.py:175} INFO - Processing /opt/airflow/dags/forth_dag.py took 0.161 seconds
[2023-02-03T04:45:12.285+0000] {processor.py:153} INFO - Started process (PID=534) to work on /opt/airflow/dags/forth_dag.py
[2023-02-03T04:45:12.291+0000] {processor.py:743} INFO - Processing file /opt/airflow/dags/forth_dag.py for tasks to queue
[2023-02-03T04:45:12.293+0000] {logging_mixin.py:137} INFO - [2023-02-03T04:45:12.293+0000] {dagbag.py:538} INFO - Filling up the DagBag from /opt/airflow/dags/forth_dag.py
[2023-02-03T04:45:12.337+0000] {processor.py:753} INFO - DAG(s) dict_keys(['our_first_dag_v4']) retrieved from /opt/airflow/dags/forth_dag.py
[2023-02-03T04:45:12.405+0000] {logging_mixin.py:137} INFO - [2023-02-03T04:45:12.404+0000] {dag.py:2690} INFO - Sync 1 DAGs
[2023-02-03T04:45:12.462+0000] {processor.py:175} INFO - Processing /opt/airflow/dags/forth_dag.py took 0.186 seconds
[2023-02-03T04:45:43.498+0000] {processor.py:153} INFO - Started process (PID=573) to work on /opt/airflow/dags/forth_dag.py
[2023-02-03T04:45:43.505+0000] {processor.py:743} INFO - Processing file /opt/airflow/dags/forth_dag.py for tasks to queue
[2023-02-03T04:45:43.511+0000] {logging_mixin.py:137} INFO - [2023-02-03T04:45:43.511+0000] {dagbag.py:538} INFO - Filling up the DagBag from /opt/airflow/dags/forth_dag.py
[2023-02-03T04:45:43.699+0000] {processor.py:753} INFO - DAG(s) dict_keys(['our_first_dag_v4']) retrieved from /opt/airflow/dags/forth_dag.py
[2023-02-03T04:45:44.104+0000] {logging_mixin.py:137} INFO - [2023-02-03T04:45:44.104+0000] {dag.py:2690} INFO - Sync 1 DAGs
[2023-02-03T04:45:44.320+0000] {logging_mixin.py:137} WARNING - /home/airflow/.local/lib/python3.7/site-packages/airflow/models/dagbag.py:639 RemovedInAirflow3Warning: DAG.full_filepath is deprecated in favour of fileloc
[2023-02-03T04:45:44.332+0000] {logging_mixin.py:137} INFO - [2023-02-03T04:45:44.321+0000] {dagbag.py:639} ERROR - Failed to write serialized DAG: /opt/airflow/dags/forth_dag.py
Traceback (most recent call last):
  File "/home/airflow/.local/lib/python3.7/site-packages/airflow/models/dagbag.py", line 631, in _serialize_dag_capturing_errors
    session=session,
  File "/home/airflow/.local/lib/python3.7/site-packages/airflow/utils/session.py", line 72, in wrapper
    return func(*args, **kwargs)
  File "/home/airflow/.local/lib/python3.7/site-packages/airflow/models/serialized_dag.py", line 149, in write_dag
    (timezone.utcnow() - timedelta(seconds=min_update_interval)) < cls.last_updated,
  File "/home/airflow/.local/lib/python3.7/site-packages/sqlalchemy/orm/query.py", line 2893, in scalar
    ret = self.one()
  File "/home/airflow/.local/lib/python3.7/site-packages/sqlalchemy/orm/query.py", line 2870, in one
    return self._iter().one()
  File "/home/airflow/.local/lib/python3.7/site-packages/sqlalchemy/orm/query.py", line 2919, in _iter
    execution_options={"_sa_orm_load_options": self.load_options},
  File "/home/airflow/.local/lib/python3.7/site-packages/sqlalchemy/orm/session.py", line 1713, in execute
    conn = self._connection_for_bind(bind)
  File "/home/airflow/.local/lib/python3.7/site-packages/sqlalchemy/orm/session.py", line 1553, in _connection_for_bind
    engine, execution_options
  File "/home/airflow/.local/lib/python3.7/site-packages/sqlalchemy/orm/session.py", line 721, in _connection_for_bind
    self._assert_active()
  File "/home/airflow/.local/lib/python3.7/site-packages/sqlalchemy/orm/session.py", line 608, in _assert_active
    code="7s2a",
sqlalchemy.exc.PendingRollbackError: This Session's transaction has been rolled back due to a previous exception during flush. To begin a new transaction with this Session, first issue Session.rollback(). Original exception was: (psycopg2.errors.UniqueViolation) duplicate key value violates unique constraint "serialized_dag_pkey"
DETAIL:  Key (dag_id)=(our_first_dag_v4) already exists.

[SQL: INSERT INTO serialized_dag (dag_id, fileloc, fileloc_hash, data, data_compressed, last_updated, dag_hash, processor_subdir) VALUES (%(dag_id)s, %(fileloc)s, %(fileloc_hash)s, %(data)s, %(data_compressed)s, %(last_updated)s, %(dag_hash)s, %(processor_subdir)s)]
[parameters: {'dag_id': 'our_first_dag_v4', 'fileloc': '/opt/airflow/dags/forth_dag.py', 'fileloc_hash': 37978168481824656, 'data': '{"__version": 1, "dag": {"_description": "This is our Second dag that we write", "dataset_triggers": [], "timezone": "UTC", "fileloc": "/opt/airflow/ ... (2090 characters truncated) ... .bash", "_is_empty": false, "bash_command": "echo hey, I am task3 and will be running after task1 as task2"}], "dag_dependencies": [], "params": {}}}', 'data_compressed': None, 'last_updated': datetime.datetime(2023, 2, 3, 4, 45, 43, 855918, tzinfo=Timezone('UTC')), 'dag_hash': '38dfdc47e0a7b84204bca3c6278c5726', 'processor_subdir': None}]
(Background on this error at: https://sqlalche.me/e/14/gkpj) (Background on this error at: https://sqlalche.me/e/14/7s2a)
[2023-02-03T04:45:44.335+0000] {logging_mixin.py:137} INFO - [2023-02-03T04:45:44.335+0000] {dag.py:2690} INFO - Sync 1 DAGs
[2023-02-03T04:45:44.338+0000] {processor.py:178} ERROR - Got an exception! Propagating...
Traceback (most recent call last):
  File "/home/airflow/.local/lib/python3.7/site-packages/airflow/dag_processing/processor.py", line 174, in _run_file_processor
    _handle_dag_file_processing()
  File "/home/airflow/.local/lib/python3.7/site-packages/airflow/dag_processing/processor.py", line 158, in _handle_dag_file_processing
    callback_requests=callback_requests,
  File "/home/airflow/.local/lib/python3.7/site-packages/airflow/utils/session.py", line 75, in wrapper
    return func(*args, session=session, **kwargs)
  File "/home/airflow/.local/lib/python3.7/site-packages/airflow/dag_processing/processor.py", line 768, in process_file
    dagbag.sync_to_db(processor_subdir=self._dag_directory, session=session)
  File "/home/airflow/.local/lib/python3.7/site-packages/airflow/utils/session.py", line 72, in wrapper
    return func(*args, **kwargs)
  File "/home/airflow/.local/lib/python3.7/site-packages/airflow/models/dagbag.py", line 645, in sync_to_db
    for attempt in run_with_db_retries(logger=self.log):
  File "/home/airflow/.local/lib/python3.7/site-packages/tenacity/__init__.py", line 384, in __iter__
    do = self.iter(retry_state=retry_state)
  File "/home/airflow/.local/lib/python3.7/site-packages/tenacity/__init__.py", line 351, in iter
    return fut.result()
  File "/usr/local/lib/python3.7/concurrent/futures/_base.py", line 428, in result
    return self.__get_result()
  File "/usr/local/lib/python3.7/concurrent/futures/_base.py", line 384, in __get_result
    raise self._exception
  File "/home/airflow/.local/lib/python3.7/site-packages/airflow/models/dagbag.py", line 660, in sync_to_db
    self.dags.values(), processor_subdir=processor_subdir, session=session
  File "/home/airflow/.local/lib/python3.7/site-packages/airflow/utils/session.py", line 72, in wrapper
    return func(*args, **kwargs)
  File "/home/airflow/.local/lib/python3.7/site-packages/airflow/models/dag.py", line 2701, in bulk_write_to_db
    orm_dags: list[DagModel] = with_row_locks(query, of=DagModel, session=session).all()
  File "/home/airflow/.local/lib/python3.7/site-packages/sqlalchemy/orm/query.py", line 2773, in all
    return self._iter().all()
  File "/home/airflow/.local/lib/python3.7/site-packages/sqlalchemy/orm/query.py", line 2919, in _iter
    execution_options={"_sa_orm_load_options": self.load_options},
  File "/home/airflow/.local/lib/python3.7/site-packages/sqlalchemy/orm/session.py", line 1713, in execute
    conn = self._connection_for_bind(bind)
  File "/home/airflow/.local/lib/python3.7/site-packages/sqlalchemy/orm/session.py", line 1553, in _connection_for_bind
    engine, execution_options
  File "/home/airflow/.local/lib/python3.7/site-packages/sqlalchemy/orm/session.py", line 721, in _connection_for_bind
    self._assert_active()
  File "/home/airflow/.local/lib/python3.7/site-packages/sqlalchemy/orm/session.py", line 608, in _assert_active
    code="7s2a",
sqlalchemy.exc.PendingRollbackError: This Session's transaction has been rolled back due to a previous exception during flush. To begin a new transaction with this Session, first issue Session.rollback(). Original exception was: (psycopg2.errors.UniqueViolation) duplicate key value violates unique constraint "serialized_dag_pkey"
DETAIL:  Key (dag_id)=(our_first_dag_v4) already exists.

[SQL: INSERT INTO serialized_dag (dag_id, fileloc, fileloc_hash, data, data_compressed, last_updated, dag_hash, processor_subdir) VALUES (%(dag_id)s, %(fileloc)s, %(fileloc_hash)s, %(data)s, %(data_compressed)s, %(last_updated)s, %(dag_hash)s, %(processor_subdir)s)]
[parameters: {'dag_id': 'our_first_dag_v4', 'fileloc': '/opt/airflow/dags/forth_dag.py', 'fileloc_hash': 37978168481824656, 'data': '{"__version": 1, "dag": {"_description": "This is our Second dag that we write", "dataset_triggers": [], "timezone": "UTC", "fileloc": "/opt/airflow/ ... (2090 characters truncated) ... .bash", "_is_empty": false, "bash_command": "echo hey, I am task3 and will be running after task1 as task2"}], "dag_dependencies": [], "params": {}}}', 'data_compressed': None, 'last_updated': datetime.datetime(2023, 2, 3, 4, 45, 43, 855918, tzinfo=Timezone('UTC')), 'dag_hash': '38dfdc47e0a7b84204bca3c6278c5726', 'processor_subdir': None}]
(Background on this error at: https://sqlalche.me/e/14/gkpj) (Background on this error at: https://sqlalche.me/e/14/7s2a)
[2023-02-03T04:46:14.413+0000] {processor.py:153} INFO - Started process (PID=611) to work on /opt/airflow/dags/forth_dag.py
[2023-02-03T04:46:14.415+0000] {processor.py:743} INFO - Processing file /opt/airflow/dags/forth_dag.py for tasks to queue
[2023-02-03T04:46:14.416+0000] {logging_mixin.py:137} INFO - [2023-02-03T04:46:14.416+0000] {dagbag.py:538} INFO - Filling up the DagBag from /opt/airflow/dags/forth_dag.py
[2023-02-03T04:46:14.438+0000] {processor.py:753} INFO - DAG(s) dict_keys(['our_first_dag_v4']) retrieved from /opt/airflow/dags/forth_dag.py
[2023-02-03T04:46:14.499+0000] {logging_mixin.py:137} INFO - [2023-02-03T04:46:14.499+0000] {dag.py:2690} INFO - Sync 1 DAGs
[2023-02-03T04:46:14.535+0000] {processor.py:175} INFO - Processing /opt/airflow/dags/forth_dag.py took 0.126 seconds
[2023-02-03T04:46:44.706+0000] {processor.py:153} INFO - Started process (PID=650) to work on /opt/airflow/dags/forth_dag.py
[2023-02-03T04:46:44.709+0000] {processor.py:743} INFO - Processing file /opt/airflow/dags/forth_dag.py for tasks to queue
[2023-02-03T04:46:44.712+0000] {logging_mixin.py:137} INFO - [2023-02-03T04:46:44.712+0000] {dagbag.py:538} INFO - Filling up the DagBag from /opt/airflow/dags/forth_dag.py
[2023-02-03T04:46:44.763+0000] {processor.py:753} INFO - DAG(s) dict_keys(['our_first_dag_v4']) retrieved from /opt/airflow/dags/forth_dag.py
[2023-02-03T04:46:44.816+0000] {logging_mixin.py:137} INFO - [2023-02-03T04:46:44.816+0000] {dag.py:2690} INFO - Sync 1 DAGs
[2023-02-03T04:46:44.870+0000] {processor.py:175} INFO - Processing /opt/airflow/dags/forth_dag.py took 0.171 seconds
[2023-02-03T04:47:15.088+0000] {processor.py:153} INFO - Started process (PID=688) to work on /opt/airflow/dags/forth_dag.py
[2023-02-03T04:47:15.090+0000] {processor.py:743} INFO - Processing file /opt/airflow/dags/forth_dag.py for tasks to queue
[2023-02-03T04:47:15.091+0000] {logging_mixin.py:137} INFO - [2023-02-03T04:47:15.091+0000] {dagbag.py:538} INFO - Filling up the DagBag from /opt/airflow/dags/forth_dag.py
[2023-02-03T04:47:15.114+0000] {processor.py:753} INFO - DAG(s) dict_keys(['our_first_dag_v4']) retrieved from /opt/airflow/dags/forth_dag.py
[2023-02-03T04:47:15.239+0000] {logging_mixin.py:137} INFO - [2023-02-03T04:47:15.239+0000] {dag.py:2690} INFO - Sync 1 DAGs
[2023-02-03T04:47:15.304+0000] {processor.py:175} INFO - Processing /opt/airflow/dags/forth_dag.py took 0.221 seconds
[2023-02-03T04:47:46.230+0000] {processor.py:153} INFO - Started process (PID=737) to work on /opt/airflow/dags/forth_dag.py
[2023-02-03T04:47:46.232+0000] {processor.py:743} INFO - Processing file /opt/airflow/dags/forth_dag.py for tasks to queue
[2023-02-03T04:47:46.233+0000] {logging_mixin.py:137} INFO - [2023-02-03T04:47:46.233+0000] {dagbag.py:538} INFO - Filling up the DagBag from /opt/airflow/dags/forth_dag.py
[2023-02-03T04:47:46.281+0000] {processor.py:753} INFO - DAG(s) dict_keys(['our_first_dag_v4']) retrieved from /opt/airflow/dags/forth_dag.py
[2023-02-03T04:47:46.321+0000] {logging_mixin.py:137} INFO - [2023-02-03T04:47:46.321+0000] {dag.py:2690} INFO - Sync 1 DAGs
[2023-02-03T04:47:46.376+0000] {processor.py:175} INFO - Processing /opt/airflow/dags/forth_dag.py took 0.153 seconds
[2023-02-03T04:48:16.697+0000] {processor.py:153} INFO - Started process (PID=774) to work on /opt/airflow/dags/forth_dag.py
[2023-02-03T04:48:16.700+0000] {processor.py:743} INFO - Processing file /opt/airflow/dags/forth_dag.py for tasks to queue
[2023-02-03T04:48:16.701+0000] {logging_mixin.py:137} INFO - [2023-02-03T04:48:16.701+0000] {dagbag.py:538} INFO - Filling up the DagBag from /opt/airflow/dags/forth_dag.py
[2023-02-03T04:48:16.744+0000] {processor.py:753} INFO - DAG(s) dict_keys(['our_first_dag_v4']) retrieved from /opt/airflow/dags/forth_dag.py
[2023-02-03T04:48:16.876+0000] {logging_mixin.py:137} INFO - [2023-02-03T04:48:16.876+0000] {dag.py:2690} INFO - Sync 1 DAGs
[2023-02-03T04:48:16.922+0000] {processor.py:175} INFO - Processing /opt/airflow/dags/forth_dag.py took 0.233 seconds
[2023-02-03T04:48:47.594+0000] {processor.py:153} INFO - Started process (PID=822) to work on /opt/airflow/dags/forth_dag.py
[2023-02-03T04:48:47.603+0000] {processor.py:743} INFO - Processing file /opt/airflow/dags/forth_dag.py for tasks to queue
[2023-02-03T04:48:47.618+0000] {logging_mixin.py:137} INFO - [2023-02-03T04:48:47.607+0000] {dagbag.py:538} INFO - Filling up the DagBag from /opt/airflow/dags/forth_dag.py
[2023-02-03T04:48:47.668+0000] {processor.py:753} INFO - DAG(s) dict_keys(['our_first_dag_v4']) retrieved from /opt/airflow/dags/forth_dag.py
[2023-02-03T04:48:47.730+0000] {logging_mixin.py:137} INFO - [2023-02-03T04:48:47.729+0000] {dag.py:2690} INFO - Sync 1 DAGs
[2023-02-03T04:48:47.816+0000] {processor.py:175} INFO - Processing /opt/airflow/dags/forth_dag.py took 0.239 seconds
[2023-02-03T04:49:18.596+0000] {processor.py:153} INFO - Started process (PID=863) to work on /opt/airflow/dags/forth_dag.py
[2023-02-03T04:49:18.598+0000] {processor.py:743} INFO - Processing file /opt/airflow/dags/forth_dag.py for tasks to queue
[2023-02-03T04:49:18.599+0000] {logging_mixin.py:137} INFO - [2023-02-03T04:49:18.599+0000] {dagbag.py:538} INFO - Filling up the DagBag from /opt/airflow/dags/forth_dag.py
[2023-02-03T04:49:18.643+0000] {processor.py:753} INFO - DAG(s) dict_keys(['our_first_dag_v4']) retrieved from /opt/airflow/dags/forth_dag.py
[2023-02-03T04:49:18.732+0000] {logging_mixin.py:137} INFO - [2023-02-03T04:49:18.732+0000] {dag.py:2690} INFO - Sync 1 DAGs
[2023-02-03T04:49:18.773+0000] {processor.py:175} INFO - Processing /opt/airflow/dags/forth_dag.py took 0.182 seconds
[2023-02-03T04:49:48.883+0000] {processor.py:153} INFO - Started process (PID=901) to work on /opt/airflow/dags/forth_dag.py
[2023-02-03T04:49:48.885+0000] {processor.py:743} INFO - Processing file /opt/airflow/dags/forth_dag.py for tasks to queue
[2023-02-03T04:49:48.886+0000] {logging_mixin.py:137} INFO - [2023-02-03T04:49:48.886+0000] {dagbag.py:538} INFO - Filling up the DagBag from /opt/airflow/dags/forth_dag.py
[2023-02-03T04:49:48.913+0000] {processor.py:753} INFO - DAG(s) dict_keys(['our_first_dag_v4']) retrieved from /opt/airflow/dags/forth_dag.py
[2023-02-03T04:49:48.957+0000] {logging_mixin.py:137} INFO - [2023-02-03T04:49:48.957+0000] {dag.py:2690} INFO - Sync 1 DAGs
[2023-02-03T04:49:49.028+0000] {processor.py:175} INFO - Processing /opt/airflow/dags/forth_dag.py took 0.150 seconds
[2023-02-03T04:50:19.399+0000] {processor.py:153} INFO - Started process (PID=952) to work on /opt/airflow/dags/forth_dag.py
[2023-02-03T04:50:19.401+0000] {processor.py:743} INFO - Processing file /opt/airflow/dags/forth_dag.py for tasks to queue
[2023-02-03T04:50:19.402+0000] {logging_mixin.py:137} INFO - [2023-02-03T04:50:19.402+0000] {dagbag.py:538} INFO - Filling up the DagBag from /opt/airflow/dags/forth_dag.py
[2023-02-03T04:50:19.435+0000] {processor.py:753} INFO - DAG(s) dict_keys(['our_first_dag_v4']) retrieved from /opt/airflow/dags/forth_dag.py
[2023-02-03T04:50:19.519+0000] {logging_mixin.py:137} INFO - [2023-02-03T04:50:19.518+0000] {dag.py:2690} INFO - Sync 1 DAGs
[2023-02-03T04:50:19.566+0000] {processor.py:175} INFO - Processing /opt/airflow/dags/forth_dag.py took 0.173 seconds
[2023-02-03T04:50:49.744+0000] {processor.py:153} INFO - Started process (PID=990) to work on /opt/airflow/dags/forth_dag.py
[2023-02-03T04:50:49.747+0000] {processor.py:743} INFO - Processing file /opt/airflow/dags/forth_dag.py for tasks to queue
[2023-02-03T04:50:49.748+0000] {logging_mixin.py:137} INFO - [2023-02-03T04:50:49.748+0000] {dagbag.py:538} INFO - Filling up the DagBag from /opt/airflow/dags/forth_dag.py
[2023-02-03T04:50:49.774+0000] {processor.py:753} INFO - DAG(s) dict_keys(['our_first_dag_v4']) retrieved from /opt/airflow/dags/forth_dag.py
[2023-02-03T04:50:49.809+0000] {logging_mixin.py:137} INFO - [2023-02-03T04:50:49.809+0000] {dag.py:2690} INFO - Sync 1 DAGs
[2023-02-03T04:50:49.858+0000] {processor.py:175} INFO - Processing /opt/airflow/dags/forth_dag.py took 0.122 seconds
[2023-02-03T04:51:19.962+0000] {processor.py:153} INFO - Started process (PID=1040) to work on /opt/airflow/dags/forth_dag.py
[2023-02-03T04:51:19.965+0000] {processor.py:743} INFO - Processing file /opt/airflow/dags/forth_dag.py for tasks to queue
[2023-02-03T04:51:19.966+0000] {logging_mixin.py:137} INFO - [2023-02-03T04:51:19.966+0000] {dagbag.py:538} INFO - Filling up the DagBag from /opt/airflow/dags/forth_dag.py
[2023-02-03T04:51:20.003+0000] {processor.py:753} INFO - DAG(s) dict_keys(['our_first_dag_v4']) retrieved from /opt/airflow/dags/forth_dag.py
[2023-02-03T04:51:20.104+0000] {logging_mixin.py:137} INFO - [2023-02-03T04:51:20.104+0000] {dag.py:2690} INFO - Sync 1 DAGs
[2023-02-03T04:51:20.146+0000] {processor.py:175} INFO - Processing /opt/airflow/dags/forth_dag.py took 0.189 seconds
[2023-02-03T04:51:50.335+0000] {processor.py:153} INFO - Started process (PID=1078) to work on /opt/airflow/dags/forth_dag.py
[2023-02-03T04:51:50.337+0000] {processor.py:743} INFO - Processing file /opt/airflow/dags/forth_dag.py for tasks to queue
[2023-02-03T04:51:50.338+0000] {logging_mixin.py:137} INFO - [2023-02-03T04:51:50.338+0000] {dagbag.py:538} INFO - Filling up the DagBag from /opt/airflow/dags/forth_dag.py
[2023-02-03T04:51:50.364+0000] {processor.py:753} INFO - DAG(s) dict_keys(['our_first_dag_v4']) retrieved from /opt/airflow/dags/forth_dag.py
[2023-02-03T04:51:50.401+0000] {logging_mixin.py:137} INFO - [2023-02-03T04:51:50.401+0000] {dag.py:2690} INFO - Sync 1 DAGs
[2023-02-03T04:51:50.454+0000] {processor.py:175} INFO - Processing /opt/airflow/dags/forth_dag.py took 0.125 seconds
[2023-02-03T04:52:21.005+0000] {processor.py:153} INFO - Started process (PID=1129) to work on /opt/airflow/dags/forth_dag.py
[2023-02-03T04:52:21.007+0000] {processor.py:743} INFO - Processing file /opt/airflow/dags/forth_dag.py for tasks to queue
[2023-02-03T04:52:21.009+0000] {logging_mixin.py:137} INFO - [2023-02-03T04:52:21.009+0000] {dagbag.py:538} INFO - Filling up the DagBag from /opt/airflow/dags/forth_dag.py
[2023-02-03T04:52:21.079+0000] {processor.py:753} INFO - DAG(s) dict_keys(['our_first_dag_v4']) retrieved from /opt/airflow/dags/forth_dag.py
[2023-02-03T04:52:21.201+0000] {logging_mixin.py:137} INFO - [2023-02-03T04:52:21.201+0000] {dag.py:2690} INFO - Sync 1 DAGs
[2023-02-03T04:52:21.301+0000] {processor.py:175} INFO - Processing /opt/airflow/dags/forth_dag.py took 0.301 seconds
[2023-02-03T04:52:51.457+0000] {processor.py:153} INFO - Started process (PID=1168) to work on /opt/airflow/dags/forth_dag.py
[2023-02-03T04:52:51.459+0000] {processor.py:743} INFO - Processing file /opt/airflow/dags/forth_dag.py for tasks to queue
[2023-02-03T04:52:51.461+0000] {logging_mixin.py:137} INFO - [2023-02-03T04:52:51.461+0000] {dagbag.py:538} INFO - Filling up the DagBag from /opt/airflow/dags/forth_dag.py
[2023-02-03T04:52:51.495+0000] {processor.py:753} INFO - DAG(s) dict_keys(['our_first_dag_v4']) retrieved from /opt/airflow/dags/forth_dag.py
[2023-02-03T04:52:51.530+0000] {logging_mixin.py:137} INFO - [2023-02-03T04:52:51.530+0000] {dag.py:2690} INFO - Sync 1 DAGs
[2023-02-03T04:52:51.580+0000] {processor.py:175} INFO - Processing /opt/airflow/dags/forth_dag.py took 0.128 seconds
[2023-02-03T04:53:21.796+0000] {processor.py:153} INFO - Started process (PID=1206) to work on /opt/airflow/dags/forth_dag.py
[2023-02-03T04:53:21.799+0000] {processor.py:743} INFO - Processing file /opt/airflow/dags/forth_dag.py for tasks to queue
[2023-02-03T04:53:21.800+0000] {logging_mixin.py:137} INFO - [2023-02-03T04:53:21.800+0000] {dagbag.py:538} INFO - Filling up the DagBag from /opt/airflow/dags/forth_dag.py
[2023-02-03T04:53:21.831+0000] {processor.py:753} INFO - DAG(s) dict_keys(['our_first_dag_v4']) retrieved from /opt/airflow/dags/forth_dag.py
[2023-02-03T04:53:21.942+0000] {logging_mixin.py:137} INFO - [2023-02-03T04:53:21.942+0000] {dag.py:2690} INFO - Sync 1 DAGs
[2023-02-03T04:53:21.987+0000] {processor.py:175} INFO - Processing /opt/airflow/dags/forth_dag.py took 0.200 seconds
[2023-02-03T04:53:52.441+0000] {processor.py:153} INFO - Started process (PID=1255) to work on /opt/airflow/dags/forth_dag.py
[2023-02-03T04:53:52.444+0000] {processor.py:743} INFO - Processing file /opt/airflow/dags/forth_dag.py for tasks to queue
[2023-02-03T04:53:52.446+0000] {logging_mixin.py:137} INFO - [2023-02-03T04:53:52.445+0000] {dagbag.py:538} INFO - Filling up the DagBag from /opt/airflow/dags/forth_dag.py
[2023-02-03T04:53:52.500+0000] {processor.py:753} INFO - DAG(s) dict_keys(['our_first_dag_v4']) retrieved from /opt/airflow/dags/forth_dag.py
[2023-02-03T04:53:52.544+0000] {logging_mixin.py:137} INFO - [2023-02-03T04:53:52.543+0000] {dag.py:2690} INFO - Sync 1 DAGs
[2023-02-03T04:53:52.607+0000] {processor.py:175} INFO - Processing /opt/airflow/dags/forth_dag.py took 0.172 seconds
[2023-02-03T04:54:23.097+0000] {processor.py:153} INFO - Started process (PID=1293) to work on /opt/airflow/dags/forth_dag.py
[2023-02-03T04:54:23.100+0000] {processor.py:743} INFO - Processing file /opt/airflow/dags/forth_dag.py for tasks to queue
[2023-02-03T04:54:23.102+0000] {logging_mixin.py:137} INFO - [2023-02-03T04:54:23.101+0000] {dagbag.py:538} INFO - Filling up the DagBag from /opt/airflow/dags/forth_dag.py
[2023-02-03T04:54:23.143+0000] {processor.py:753} INFO - DAG(s) dict_keys(['our_first_dag_v4']) retrieved from /opt/airflow/dags/forth_dag.py
[2023-02-03T04:54:23.266+0000] {logging_mixin.py:137} INFO - [2023-02-03T04:54:23.266+0000] {dag.py:2690} INFO - Sync 1 DAGs
[2023-02-03T04:54:23.320+0000] {processor.py:175} INFO - Processing /opt/airflow/dags/forth_dag.py took 0.230 seconds
[2023-02-03T04:54:53.375+0000] {processor.py:153} INFO - Started process (PID=1331) to work on /opt/airflow/dags/forth_dag.py
[2023-02-03T04:54:53.378+0000] {processor.py:743} INFO - Processing file /opt/airflow/dags/forth_dag.py for tasks to queue
[2023-02-03T04:54:53.380+0000] {logging_mixin.py:137} INFO - [2023-02-03T04:54:53.379+0000] {dagbag.py:538} INFO - Filling up the DagBag from /opt/airflow/dags/forth_dag.py
[2023-02-03T04:54:53.422+0000] {processor.py:753} INFO - DAG(s) dict_keys(['our_first_dag_v4']) retrieved from /opt/airflow/dags/forth_dag.py
[2023-02-03T04:54:53.470+0000] {logging_mixin.py:137} INFO - [2023-02-03T04:54:53.470+0000] {dag.py:2690} INFO - Sync 1 DAGs
[2023-02-03T04:54:53.537+0000] {processor.py:175} INFO - Processing /opt/airflow/dags/forth_dag.py took 0.170 seconds
[2023-02-03T04:55:23.657+0000] {processor.py:153} INFO - Started process (PID=1380) to work on /opt/airflow/dags/forth_dag.py
[2023-02-03T04:55:23.660+0000] {processor.py:743} INFO - Processing file /opt/airflow/dags/forth_dag.py for tasks to queue
[2023-02-03T04:55:23.662+0000] {logging_mixin.py:137} INFO - [2023-02-03T04:55:23.661+0000] {dagbag.py:538} INFO - Filling up the DagBag from /opt/airflow/dags/forth_dag.py
[2023-02-03T04:55:23.694+0000] {processor.py:753} INFO - DAG(s) dict_keys(['our_first_dag_v4']) retrieved from /opt/airflow/dags/forth_dag.py
[2023-02-03T04:55:23.799+0000] {logging_mixin.py:137} INFO - [2023-02-03T04:55:23.799+0000] {dag.py:2690} INFO - Sync 1 DAGs
[2023-02-03T04:55:23.842+0000] {processor.py:175} INFO - Processing /opt/airflow/dags/forth_dag.py took 0.194 seconds
[2023-02-03T04:55:54.140+0000] {processor.py:153} INFO - Started process (PID=1418) to work on /opt/airflow/dags/forth_dag.py
[2023-02-03T04:55:54.141+0000] {processor.py:743} INFO - Processing file /opt/airflow/dags/forth_dag.py for tasks to queue
[2023-02-03T04:55:54.145+0000] {logging_mixin.py:137} INFO - [2023-02-03T04:55:54.145+0000] {dagbag.py:538} INFO - Filling up the DagBag from /opt/airflow/dags/forth_dag.py
[2023-02-03T04:55:54.204+0000] {processor.py:753} INFO - DAG(s) dict_keys(['our_first_dag_v4']) retrieved from /opt/airflow/dags/forth_dag.py
[2023-02-03T04:55:54.257+0000] {logging_mixin.py:137} INFO - [2023-02-03T04:55:54.256+0000] {dag.py:2690} INFO - Sync 1 DAGs
[2023-02-03T04:55:54.317+0000] {processor.py:175} INFO - Processing /opt/airflow/dags/forth_dag.py took 0.182 seconds
[2023-02-03T04:56:24.650+0000] {processor.py:153} INFO - Started process (PID=1468) to work on /opt/airflow/dags/forth_dag.py
[2023-02-03T04:56:24.653+0000] {processor.py:743} INFO - Processing file /opt/airflow/dags/forth_dag.py for tasks to queue
[2023-02-03T04:56:24.656+0000] {logging_mixin.py:137} INFO - [2023-02-03T04:56:24.656+0000] {dagbag.py:538} INFO - Filling up the DagBag from /opt/airflow/dags/forth_dag.py
[2023-02-03T04:56:24.700+0000] {processor.py:753} INFO - DAG(s) dict_keys(['our_first_dag_v4']) retrieved from /opt/airflow/dags/forth_dag.py
[2023-02-03T04:56:24.831+0000] {logging_mixin.py:137} INFO - [2023-02-03T04:56:24.831+0000] {dag.py:2690} INFO - Sync 1 DAGs
[2023-02-03T04:56:24.900+0000] {processor.py:175} INFO - Processing /opt/airflow/dags/forth_dag.py took 0.262 seconds
[2023-02-03T04:56:55.058+0000] {processor.py:153} INFO - Started process (PID=1505) to work on /opt/airflow/dags/forth_dag.py
[2023-02-03T04:56:55.060+0000] {processor.py:743} INFO - Processing file /opt/airflow/dags/forth_dag.py for tasks to queue
[2023-02-03T04:56:55.061+0000] {logging_mixin.py:137} INFO - [2023-02-03T04:56:55.061+0000] {dagbag.py:538} INFO - Filling up the DagBag from /opt/airflow/dags/forth_dag.py
[2023-02-03T04:56:55.083+0000] {processor.py:753} INFO - DAG(s) dict_keys(['our_first_dag_v4']) retrieved from /opt/airflow/dags/forth_dag.py
[2023-02-03T04:56:55.113+0000] {logging_mixin.py:137} INFO - [2023-02-03T04:56:55.112+0000] {dag.py:2690} INFO - Sync 1 DAGs
[2023-02-03T04:56:55.153+0000] {processor.py:175} INFO - Processing /opt/airflow/dags/forth_dag.py took 0.100 seconds
[2023-02-03T04:57:25.234+0000] {processor.py:153} INFO - Started process (PID=1552) to work on /opt/airflow/dags/forth_dag.py
[2023-02-03T04:57:25.237+0000] {processor.py:743} INFO - Processing file /opt/airflow/dags/forth_dag.py for tasks to queue
[2023-02-03T04:57:25.242+0000] {logging_mixin.py:137} INFO - [2023-02-03T04:57:25.241+0000] {dagbag.py:538} INFO - Filling up the DagBag from /opt/airflow/dags/forth_dag.py
[2023-02-03T04:57:25.288+0000] {processor.py:753} INFO - DAG(s) dict_keys(['our_first_dag_v4']) retrieved from /opt/airflow/dags/forth_dag.py
[2023-02-03T04:57:25.390+0000] {logging_mixin.py:137} INFO - [2023-02-03T04:57:25.390+0000] {dag.py:2690} INFO - Sync 1 DAGs
[2023-02-03T04:57:25.437+0000] {processor.py:175} INFO - Processing /opt/airflow/dags/forth_dag.py took 0.209 seconds
[2023-02-03T04:57:55.509+0000] {processor.py:153} INFO - Started process (PID=1593) to work on /opt/airflow/dags/forth_dag.py
[2023-02-03T04:57:55.511+0000] {processor.py:743} INFO - Processing file /opt/airflow/dags/forth_dag.py for tasks to queue
[2023-02-03T04:57:55.513+0000] {logging_mixin.py:137} INFO - [2023-02-03T04:57:55.513+0000] {dagbag.py:538} INFO - Filling up the DagBag from /opt/airflow/dags/forth_dag.py
[2023-02-03T04:57:55.543+0000] {processor.py:753} INFO - DAG(s) dict_keys(['our_first_dag_v4']) retrieved from /opt/airflow/dags/forth_dag.py
[2023-02-03T04:57:55.580+0000] {logging_mixin.py:137} INFO - [2023-02-03T04:57:55.580+0000] {dag.py:2690} INFO - Sync 1 DAGs
[2023-02-03T04:57:55.625+0000] {processor.py:175} INFO - Processing /opt/airflow/dags/forth_dag.py took 0.123 seconds
[2023-02-03T04:58:25.772+0000] {processor.py:153} INFO - Started process (PID=1641) to work on /opt/airflow/dags/forth_dag.py
[2023-02-03T04:58:25.774+0000] {processor.py:743} INFO - Processing file /opt/airflow/dags/forth_dag.py for tasks to queue
[2023-02-03T04:58:25.775+0000] {logging_mixin.py:137} INFO - [2023-02-03T04:58:25.775+0000] {dagbag.py:538} INFO - Filling up the DagBag from /opt/airflow/dags/forth_dag.py
[2023-02-03T04:58:25.795+0000] {processor.py:753} INFO - DAG(s) dict_keys(['our_first_dag_v4']) retrieved from /opt/airflow/dags/forth_dag.py
[2023-02-03T04:58:25.859+0000] {logging_mixin.py:137} INFO - [2023-02-03T04:58:25.858+0000] {dag.py:2690} INFO - Sync 1 DAGs
[2023-02-03T04:58:25.903+0000] {processor.py:175} INFO - Processing /opt/airflow/dags/forth_dag.py took 0.137 seconds
[2023-02-03T04:58:56.098+0000] {processor.py:153} INFO - Started process (PID=1682) to work on /opt/airflow/dags/forth_dag.py
[2023-02-03T04:58:56.100+0000] {processor.py:743} INFO - Processing file /opt/airflow/dags/forth_dag.py for tasks to queue
[2023-02-03T04:58:56.102+0000] {logging_mixin.py:137} INFO - [2023-02-03T04:58:56.101+0000] {dagbag.py:538} INFO - Filling up the DagBag from /opt/airflow/dags/forth_dag.py
[2023-02-03T04:58:56.144+0000] {processor.py:753} INFO - DAG(s) dict_keys(['our_first_dag_v4']) retrieved from /opt/airflow/dags/forth_dag.py
[2023-02-03T04:58:56.190+0000] {logging_mixin.py:137} INFO - [2023-02-03T04:58:56.190+0000] {dag.py:2690} INFO - Sync 1 DAGs
[2023-02-03T04:58:56.232+0000] {processor.py:175} INFO - Processing /opt/airflow/dags/forth_dag.py took 0.137 seconds
[2023-02-03T04:59:26.335+0000] {processor.py:153} INFO - Started process (PID=1727) to work on /opt/airflow/dags/forth_dag.py
[2023-02-03T04:59:26.337+0000] {processor.py:743} INFO - Processing file /opt/airflow/dags/forth_dag.py for tasks to queue
[2023-02-03T04:59:26.339+0000] {logging_mixin.py:137} INFO - [2023-02-03T04:59:26.339+0000] {dagbag.py:538} INFO - Filling up the DagBag from /opt/airflow/dags/forth_dag.py
[2023-02-03T04:59:26.368+0000] {processor.py:753} INFO - DAG(s) dict_keys(['our_first_dag_v4']) retrieved from /opt/airflow/dags/forth_dag.py
[2023-02-03T04:59:26.449+0000] {logging_mixin.py:137} INFO - [2023-02-03T04:59:26.449+0000] {dag.py:2690} INFO - Sync 1 DAGs
[2023-02-03T04:59:26.499+0000] {processor.py:175} INFO - Processing /opt/airflow/dags/forth_dag.py took 0.173 seconds
[2023-02-03T04:59:56.562+0000] {processor.py:153} INFO - Started process (PID=1770) to work on /opt/airflow/dags/forth_dag.py
[2023-02-03T04:59:56.564+0000] {processor.py:743} INFO - Processing file /opt/airflow/dags/forth_dag.py for tasks to queue
[2023-02-03T04:59:56.565+0000] {logging_mixin.py:137} INFO - [2023-02-03T04:59:56.565+0000] {dagbag.py:538} INFO - Filling up the DagBag from /opt/airflow/dags/forth_dag.py
[2023-02-03T04:59:56.590+0000] {processor.py:753} INFO - DAG(s) dict_keys(['our_first_dag_v4']) retrieved from /opt/airflow/dags/forth_dag.py
[2023-02-03T04:59:56.617+0000] {logging_mixin.py:137} INFO - [2023-02-03T04:59:56.617+0000] {dag.py:2690} INFO - Sync 1 DAGs
[2023-02-03T04:59:56.663+0000] {processor.py:175} INFO - Processing /opt/airflow/dags/forth_dag.py took 0.106 seconds
[2023-02-03T05:00:26.794+0000] {processor.py:153} INFO - Started process (PID=1815) to work on /opt/airflow/dags/forth_dag.py
[2023-02-03T05:00:26.796+0000] {processor.py:743} INFO - Processing file /opt/airflow/dags/forth_dag.py for tasks to queue
[2023-02-03T05:00:26.798+0000] {logging_mixin.py:137} INFO - [2023-02-03T05:00:26.798+0000] {dagbag.py:538} INFO - Filling up the DagBag from /opt/airflow/dags/forth_dag.py
[2023-02-03T05:00:26.823+0000] {processor.py:753} INFO - DAG(s) dict_keys(['our_first_dag_v4']) retrieved from /opt/airflow/dags/forth_dag.py
[2023-02-03T05:00:26.896+0000] {logging_mixin.py:137} INFO - [2023-02-03T05:00:26.896+0000] {dag.py:2690} INFO - Sync 1 DAGs
[2023-02-03T05:00:26.942+0000] {processor.py:175} INFO - Processing /opt/airflow/dags/forth_dag.py took 0.153 seconds
[2023-02-03T05:00:57.036+0000] {processor.py:153} INFO - Started process (PID=1859) to work on /opt/airflow/dags/forth_dag.py
[2023-02-03T05:00:57.038+0000] {processor.py:743} INFO - Processing file /opt/airflow/dags/forth_dag.py for tasks to queue
[2023-02-03T05:00:57.039+0000] {logging_mixin.py:137} INFO - [2023-02-03T05:00:57.039+0000] {dagbag.py:538} INFO - Filling up the DagBag from /opt/airflow/dags/forth_dag.py
[2023-02-03T05:00:57.064+0000] {processor.py:753} INFO - DAG(s) dict_keys(['our_first_dag_v4']) retrieved from /opt/airflow/dags/forth_dag.py
[2023-02-03T05:00:57.091+0000] {logging_mixin.py:137} INFO - [2023-02-03T05:00:57.091+0000] {dag.py:2690} INFO - Sync 1 DAGs
[2023-02-03T05:00:57.131+0000] {processor.py:175} INFO - Processing /opt/airflow/dags/forth_dag.py took 0.100 seconds
[2023-02-03T05:01:27.364+0000] {processor.py:153} INFO - Started process (PID=1904) to work on /opt/airflow/dags/forth_dag.py
[2023-02-03T05:01:27.366+0000] {processor.py:743} INFO - Processing file /opt/airflow/dags/forth_dag.py for tasks to queue
[2023-02-03T05:01:27.368+0000] {logging_mixin.py:137} INFO - [2023-02-03T05:01:27.368+0000] {dagbag.py:538} INFO - Filling up the DagBag from /opt/airflow/dags/forth_dag.py
[2023-02-03T05:01:27.409+0000] {processor.py:753} INFO - DAG(s) dict_keys(['our_first_dag_v4']) retrieved from /opt/airflow/dags/forth_dag.py
[2023-02-03T05:01:27.495+0000] {logging_mixin.py:137} INFO - [2023-02-03T05:01:27.495+0000] {dag.py:2690} INFO - Sync 1 DAGs
[2023-02-03T05:01:27.545+0000] {processor.py:175} INFO - Processing /opt/airflow/dags/forth_dag.py took 0.187 seconds
[2023-02-03T05:01:58.433+0000] {processor.py:153} INFO - Started process (PID=1946) to work on /opt/airflow/dags/forth_dag.py
[2023-02-03T05:01:58.435+0000] {processor.py:743} INFO - Processing file /opt/airflow/dags/forth_dag.py for tasks to queue
[2023-02-03T05:01:58.437+0000] {logging_mixin.py:137} INFO - [2023-02-03T05:01:58.436+0000] {dagbag.py:538} INFO - Filling up the DagBag from /opt/airflow/dags/forth_dag.py
[2023-02-03T05:01:58.465+0000] {processor.py:753} INFO - DAG(s) dict_keys(['our_first_dag_v4']) retrieved from /opt/airflow/dags/forth_dag.py
[2023-02-03T05:01:58.501+0000] {logging_mixin.py:137} INFO - [2023-02-03T05:01:58.500+0000] {dag.py:2690} INFO - Sync 1 DAGs
[2023-02-03T05:01:58.555+0000] {processor.py:175} INFO - Processing /opt/airflow/dags/forth_dag.py took 0.126 seconds
[2023-02-03T05:02:28.619+0000] {processor.py:153} INFO - Started process (PID=1983) to work on /opt/airflow/dags/forth_dag.py
[2023-02-03T05:02:28.623+0000] {processor.py:743} INFO - Processing file /opt/airflow/dags/forth_dag.py for tasks to queue
[2023-02-03T05:02:28.624+0000] {logging_mixin.py:137} INFO - [2023-02-03T05:02:28.624+0000] {dagbag.py:538} INFO - Filling up the DagBag from /opt/airflow/dags/forth_dag.py
[2023-02-03T05:02:28.653+0000] {processor.py:753} INFO - DAG(s) dict_keys(['our_first_dag_v4']) retrieved from /opt/airflow/dags/forth_dag.py
[2023-02-03T05:02:28.740+0000] {logging_mixin.py:137} INFO - [2023-02-03T05:02:28.739+0000] {dag.py:2690} INFO - Sync 1 DAGs
[2023-02-03T05:02:28.783+0000] {processor.py:175} INFO - Processing /opt/airflow/dags/forth_dag.py took 0.169 seconds
[2023-02-03T05:02:59.515+0000] {processor.py:153} INFO - Started process (PID=2034) to work on /opt/airflow/dags/forth_dag.py
[2023-02-03T05:02:59.516+0000] {processor.py:743} INFO - Processing file /opt/airflow/dags/forth_dag.py for tasks to queue
[2023-02-03T05:02:59.519+0000] {logging_mixin.py:137} INFO - [2023-02-03T05:02:59.518+0000] {dagbag.py:538} INFO - Filling up the DagBag from /opt/airflow/dags/forth_dag.py
[2023-02-03T05:02:59.544+0000] {processor.py:753} INFO - DAG(s) dict_keys(['our_first_dag_v4']) retrieved from /opt/airflow/dags/forth_dag.py
[2023-02-03T05:02:59.579+0000] {logging_mixin.py:137} INFO - [2023-02-03T05:02:59.579+0000] {dag.py:2690} INFO - Sync 1 DAGs
[2023-02-03T05:02:59.624+0000] {processor.py:175} INFO - Processing /opt/airflow/dags/forth_dag.py took 0.114 seconds
[2023-02-03T05:03:29.902+0000] {processor.py:153} INFO - Started process (PID=2073) to work on /opt/airflow/dags/forth_dag.py
[2023-02-03T05:03:29.904+0000] {processor.py:743} INFO - Processing file /opt/airflow/dags/forth_dag.py for tasks to queue
[2023-02-03T05:03:29.906+0000] {logging_mixin.py:137} INFO - [2023-02-03T05:03:29.906+0000] {dagbag.py:538} INFO - Filling up the DagBag from /opt/airflow/dags/forth_dag.py
[2023-02-03T05:03:29.945+0000] {processor.py:753} INFO - DAG(s) dict_keys(['our_first_dag_v4']) retrieved from /opt/airflow/dags/forth_dag.py
[2023-02-03T05:03:30.044+0000] {logging_mixin.py:137} INFO - [2023-02-03T05:03:30.044+0000] {dag.py:2690} INFO - Sync 1 DAGs
[2023-02-03T05:03:30.084+0000] {processor.py:175} INFO - Processing /opt/airflow/dags/forth_dag.py took 0.189 seconds
