[2023-02-03T04:39:33.085+0000] {processor.py:153} INFO - Started process (PID=77) to work on /opt/airflow/dags/our_first_dag.py
[2023-02-03T04:39:33.131+0000] {processor.py:743} INFO - Processing file /opt/airflow/dags/our_first_dag.py for tasks to queue
[2023-02-03T04:39:33.171+0000] {logging_mixin.py:137} INFO - [2023-02-03T04:39:33.147+0000] {dagbag.py:538} INFO - Filling up the DagBag from /opt/airflow/dags/our_first_dag.py
[2023-02-03T04:39:33.578+0000] {processor.py:753} INFO - DAG(s) dict_keys(['our_first_dag_v']) retrieved from /opt/airflow/dags/our_first_dag.py
[2023-02-03T04:39:33.929+0000] {logging_mixin.py:137} INFO - [2023-02-03T04:39:33.925+0000] {dag.py:2690} INFO - Sync 1 DAGs
[2023-02-03T04:39:34.210+0000] {logging_mixin.py:137} INFO - [2023-02-03T04:39:34.210+0000] {dag.py:3441} INFO - Setting next_dagrun for our_first_dag_v to 2021-09-19T00:00:00+00:00, run_after=2021-09-20T00:00:00+00:00
[2023-02-03T04:39:34.553+0000] {processor.py:175} INFO - Processing /opt/airflow/dags/our_first_dag.py took 1.632 seconds
[2023-02-03T04:40:07.593+0000] {processor.py:153} INFO - Started process (PID=108) to work on /opt/airflow/dags/our_first_dag.py
[2023-02-03T04:40:07.623+0000] {processor.py:743} INFO - Processing file /opt/airflow/dags/our_first_dag.py for tasks to queue
[2023-02-03T04:40:07.638+0000] {logging_mixin.py:137} INFO - [2023-02-03T04:40:07.638+0000] {dagbag.py:538} INFO - Filling up the DagBag from /opt/airflow/dags/our_first_dag.py
[2023-02-03T04:40:08.179+0000] {processor.py:753} INFO - DAG(s) dict_keys(['our_first_dag_v']) retrieved from /opt/airflow/dags/our_first_dag.py
[2023-02-03T04:40:09.072+0000] {logging_mixin.py:137} INFO - [2023-02-03T04:40:09.062+0000] {dag.py:2690} INFO - Sync 1 DAGs
[2023-02-03T04:40:09.415+0000] {logging_mixin.py:137} INFO - [2023-02-03T04:40:09.415+0000] {dag.py:3441} INFO - Setting next_dagrun for our_first_dag_v to 2021-09-19T00:00:00+00:00, run_after=2021-09-20T00:00:00+00:00
[2023-02-03T04:40:09.700+0000] {processor.py:175} INFO - Processing /opt/airflow/dags/our_first_dag.py took 2.196 seconds
[2023-02-03T04:40:40.454+0000] {processor.py:153} INFO - Started process (PID=150) to work on /opt/airflow/dags/our_first_dag.py
[2023-02-03T04:40:40.476+0000] {processor.py:743} INFO - Processing file /opt/airflow/dags/our_first_dag.py for tasks to queue
[2023-02-03T04:40:40.498+0000] {logging_mixin.py:137} INFO - [2023-02-03T04:40:40.497+0000] {dagbag.py:538} INFO - Filling up the DagBag from /opt/airflow/dags/our_first_dag.py
[2023-02-03T04:40:40.693+0000] {processor.py:753} INFO - DAG(s) dict_keys(['our_first_dag_v']) retrieved from /opt/airflow/dags/our_first_dag.py
[2023-02-03T04:40:40.819+0000] {logging_mixin.py:137} INFO - [2023-02-03T04:40:40.819+0000] {dag.py:2690} INFO - Sync 1 DAGs
[2023-02-03T04:40:40.910+0000] {logging_mixin.py:137} INFO - [2023-02-03T04:40:40.909+0000] {dag.py:3441} INFO - Setting next_dagrun for our_first_dag_v to 2021-09-19T00:00:00+00:00, run_after=2021-09-20T00:00:00+00:00
[2023-02-03T04:40:40.937+0000] {processor.py:175} INFO - Processing /opt/airflow/dags/our_first_dag.py took 0.506 seconds
[2023-02-03T04:41:11.453+0000] {processor.py:153} INFO - Started process (PID=191) to work on /opt/airflow/dags/our_first_dag.py
[2023-02-03T04:41:11.456+0000] {processor.py:743} INFO - Processing file /opt/airflow/dags/our_first_dag.py for tasks to queue
[2023-02-03T04:41:11.458+0000] {logging_mixin.py:137} INFO - [2023-02-03T04:41:11.458+0000] {dagbag.py:538} INFO - Filling up the DagBag from /opt/airflow/dags/our_first_dag.py
[2023-02-03T04:41:11.483+0000] {processor.py:753} INFO - DAG(s) dict_keys(['our_first_dag_v']) retrieved from /opt/airflow/dags/our_first_dag.py
[2023-02-03T04:41:11.511+0000] {logging_mixin.py:137} INFO - [2023-02-03T04:41:11.511+0000] {dag.py:2690} INFO - Sync 1 DAGs
[2023-02-03T04:41:11.534+0000] {logging_mixin.py:137} INFO - [2023-02-03T04:41:11.534+0000] {dag.py:3441} INFO - Setting next_dagrun for our_first_dag_v to 2021-09-19T00:00:00+00:00, run_after=2021-09-20T00:00:00+00:00
[2023-02-03T04:41:11.549+0000] {processor.py:175} INFO - Processing /opt/airflow/dags/our_first_dag.py took 0.101 seconds
[2023-02-03T04:41:41.763+0000] {processor.py:153} INFO - Started process (PID=228) to work on /opt/airflow/dags/our_first_dag.py
[2023-02-03T04:41:41.765+0000] {processor.py:743} INFO - Processing file /opt/airflow/dags/our_first_dag.py for tasks to queue
[2023-02-03T04:41:41.766+0000] {logging_mixin.py:137} INFO - [2023-02-03T04:41:41.766+0000] {dagbag.py:538} INFO - Filling up the DagBag from /opt/airflow/dags/our_first_dag.py
[2023-02-03T04:41:41.802+0000] {processor.py:753} INFO - DAG(s) dict_keys(['our_first_dag_v']) retrieved from /opt/airflow/dags/our_first_dag.py
[2023-02-03T04:41:41.862+0000] {logging_mixin.py:137} INFO - [2023-02-03T04:41:41.862+0000] {dag.py:2690} INFO - Sync 1 DAGs
[2023-02-03T04:41:41.911+0000] {logging_mixin.py:137} INFO - [2023-02-03T04:41:41.911+0000] {dag.py:3441} INFO - Setting next_dagrun for our_first_dag_v to 2021-09-19T00:00:00+00:00, run_after=2021-09-20T00:00:00+00:00
[2023-02-03T04:41:41.984+0000] {processor.py:175} INFO - Processing /opt/airflow/dags/our_first_dag.py took 0.225 seconds
[2023-02-03T04:42:12.108+0000] {processor.py:153} INFO - Started process (PID=265) to work on /opt/airflow/dags/our_first_dag.py
[2023-02-03T04:42:12.109+0000] {processor.py:743} INFO - Processing file /opt/airflow/dags/our_first_dag.py for tasks to queue
[2023-02-03T04:42:12.110+0000] {logging_mixin.py:137} INFO - [2023-02-03T04:42:12.110+0000] {dagbag.py:538} INFO - Filling up the DagBag from /opt/airflow/dags/our_first_dag.py
[2023-02-03T04:42:12.130+0000] {processor.py:753} INFO - DAG(s) dict_keys(['our_first_dag_v']) retrieved from /opt/airflow/dags/our_first_dag.py
[2023-02-03T04:42:12.156+0000] {logging_mixin.py:137} INFO - [2023-02-03T04:42:12.156+0000] {dag.py:2690} INFO - Sync 1 DAGs
[2023-02-03T04:42:12.181+0000] {logging_mixin.py:137} INFO - [2023-02-03T04:42:12.181+0000] {dag.py:3441} INFO - Setting next_dagrun for our_first_dag_v to 2021-09-19T00:00:00+00:00, run_after=2021-09-20T00:00:00+00:00
[2023-02-03T04:42:12.195+0000] {processor.py:175} INFO - Processing /opt/airflow/dags/our_first_dag.py took 0.092 seconds
[2023-02-03T04:42:42.357+0000] {processor.py:153} INFO - Started process (PID=316) to work on /opt/airflow/dags/our_first_dag.py
[2023-02-03T04:42:42.360+0000] {processor.py:743} INFO - Processing file /opt/airflow/dags/our_first_dag.py for tasks to queue
[2023-02-03T04:42:42.364+0000] {logging_mixin.py:137} INFO - [2023-02-03T04:42:42.363+0000] {dagbag.py:538} INFO - Filling up the DagBag from /opt/airflow/dags/our_first_dag.py
[2023-02-03T04:42:42.417+0000] {processor.py:753} INFO - DAG(s) dict_keys(['our_first_dag_v']) retrieved from /opt/airflow/dags/our_first_dag.py
[2023-02-03T04:42:42.465+0000] {logging_mixin.py:137} INFO - [2023-02-03T04:42:42.465+0000] {dag.py:2690} INFO - Sync 1 DAGs
[2023-02-03T04:42:42.518+0000] {logging_mixin.py:137} INFO - [2023-02-03T04:42:42.518+0000] {dag.py:3441} INFO - Setting next_dagrun for our_first_dag_v to 2021-09-19T00:00:00+00:00, run_after=2021-09-20T00:00:00+00:00
[2023-02-03T04:42:42.548+0000] {processor.py:175} INFO - Processing /opt/airflow/dags/our_first_dag.py took 0.204 seconds
[2023-02-03T04:43:12.852+0000] {processor.py:153} INFO - Started process (PID=354) to work on /opt/airflow/dags/our_first_dag.py
[2023-02-03T04:43:12.854+0000] {processor.py:743} INFO - Processing file /opt/airflow/dags/our_first_dag.py for tasks to queue
[2023-02-03T04:43:12.855+0000] {logging_mixin.py:137} INFO - [2023-02-03T04:43:12.855+0000] {dagbag.py:538} INFO - Filling up the DagBag from /opt/airflow/dags/our_first_dag.py
[2023-02-03T04:43:12.879+0000] {processor.py:753} INFO - DAG(s) dict_keys(['our_first_dag_v']) retrieved from /opt/airflow/dags/our_first_dag.py
[2023-02-03T04:43:12.913+0000] {logging_mixin.py:137} INFO - [2023-02-03T04:43:12.913+0000] {dag.py:2690} INFO - Sync 1 DAGs
[2023-02-03T04:43:12.943+0000] {logging_mixin.py:137} INFO - [2023-02-03T04:43:12.943+0000] {dag.py:3441} INFO - Setting next_dagrun for our_first_dag_v to 2021-09-19T00:00:00+00:00, run_after=2021-09-20T00:00:00+00:00
[2023-02-03T04:43:12.964+0000] {processor.py:175} INFO - Processing /opt/airflow/dags/our_first_dag.py took 0.117 seconds
[2023-02-03T04:43:43.122+0000] {processor.py:153} INFO - Started process (PID=401) to work on /opt/airflow/dags/our_first_dag.py
[2023-02-03T04:43:43.124+0000] {processor.py:743} INFO - Processing file /opt/airflow/dags/our_first_dag.py for tasks to queue
[2023-02-03T04:43:43.125+0000] {logging_mixin.py:137} INFO - [2023-02-03T04:43:43.125+0000] {dagbag.py:538} INFO - Filling up the DagBag from /opt/airflow/dags/our_first_dag.py
[2023-02-03T04:43:43.150+0000] {processor.py:753} INFO - DAG(s) dict_keys(['our_first_dag_v']) retrieved from /opt/airflow/dags/our_first_dag.py
[2023-02-03T04:43:43.193+0000] {logging_mixin.py:137} INFO - [2023-02-03T04:43:43.193+0000] {dag.py:2690} INFO - Sync 1 DAGs
[2023-02-03T04:43:43.232+0000] {logging_mixin.py:137} INFO - [2023-02-03T04:43:43.231+0000] {dag.py:3441} INFO - Setting next_dagrun for our_first_dag_v to 2021-09-19T00:00:00+00:00, run_after=2021-09-20T00:00:00+00:00
[2023-02-03T04:43:43.263+0000] {processor.py:175} INFO - Processing /opt/airflow/dags/our_first_dag.py took 0.145 seconds
[2023-02-03T04:44:13.415+0000] {processor.py:153} INFO - Started process (PID=443) to work on /opt/airflow/dags/our_first_dag.py
[2023-02-03T04:44:13.416+0000] {processor.py:743} INFO - Processing file /opt/airflow/dags/our_first_dag.py for tasks to queue
[2023-02-03T04:44:13.418+0000] {logging_mixin.py:137} INFO - [2023-02-03T04:44:13.418+0000] {dagbag.py:538} INFO - Filling up the DagBag from /opt/airflow/dags/our_first_dag.py
[2023-02-03T04:44:13.438+0000] {processor.py:753} INFO - DAG(s) dict_keys(['our_first_dag_v']) retrieved from /opt/airflow/dags/our_first_dag.py
[2023-02-03T04:44:13.465+0000] {logging_mixin.py:137} INFO - [2023-02-03T04:44:13.465+0000] {dag.py:2690} INFO - Sync 1 DAGs
[2023-02-03T04:44:13.491+0000] {logging_mixin.py:137} INFO - [2023-02-03T04:44:13.491+0000] {dag.py:3441} INFO - Setting next_dagrun for our_first_dag_v to 2021-09-19T00:00:00+00:00, run_after=2021-09-20T00:00:00+00:00
[2023-02-03T04:44:13.508+0000] {processor.py:175} INFO - Processing /opt/airflow/dags/our_first_dag.py took 0.098 seconds
[2023-02-03T04:44:43.912+0000] {processor.py:153} INFO - Started process (PID=486) to work on /opt/airflow/dags/our_first_dag.py
[2023-02-03T04:44:43.914+0000] {processor.py:743} INFO - Processing file /opt/airflow/dags/our_first_dag.py for tasks to queue
[2023-02-03T04:44:43.916+0000] {logging_mixin.py:137} INFO - [2023-02-03T04:44:43.915+0000] {dagbag.py:538} INFO - Filling up the DagBag from /opt/airflow/dags/our_first_dag.py
[2023-02-03T04:44:43.938+0000] {processor.py:753} INFO - DAG(s) dict_keys(['our_first_dag_v']) retrieved from /opt/airflow/dags/our_first_dag.py
[2023-02-03T04:44:43.971+0000] {logging_mixin.py:137} INFO - [2023-02-03T04:44:43.971+0000] {dag.py:2690} INFO - Sync 1 DAGs
[2023-02-03T04:44:44.008+0000] {logging_mixin.py:137} INFO - [2023-02-03T04:44:44.007+0000] {dag.py:3441} INFO - Setting next_dagrun for our_first_dag_v to 2021-09-19T00:00:00+00:00, run_after=2021-09-20T00:00:00+00:00
[2023-02-03T04:44:44.029+0000] {processor.py:175} INFO - Processing /opt/airflow/dags/our_first_dag.py took 0.122 seconds
[2023-02-03T04:45:14.540+0000] {processor.py:153} INFO - Started process (PID=536) to work on /opt/airflow/dags/our_first_dag.py
[2023-02-03T04:45:14.542+0000] {processor.py:743} INFO - Processing file /opt/airflow/dags/our_first_dag.py for tasks to queue
[2023-02-03T04:45:14.543+0000] {logging_mixin.py:137} INFO - [2023-02-03T04:45:14.543+0000] {dagbag.py:538} INFO - Filling up the DagBag from /opt/airflow/dags/our_first_dag.py
[2023-02-03T04:45:14.571+0000] {processor.py:753} INFO - DAG(s) dict_keys(['our_first_dag_v']) retrieved from /opt/airflow/dags/our_first_dag.py
[2023-02-03T04:45:14.600+0000] {logging_mixin.py:137} INFO - [2023-02-03T04:45:14.599+0000] {dag.py:2690} INFO - Sync 1 DAGs
[2023-02-03T04:45:14.625+0000] {logging_mixin.py:137} INFO - [2023-02-03T04:45:14.625+0000] {dag.py:3441} INFO - Setting next_dagrun for our_first_dag_v to 2021-09-19T00:00:00+00:00, run_after=2021-09-20T00:00:00+00:00
[2023-02-03T04:45:14.641+0000] {processor.py:175} INFO - Processing /opt/airflow/dags/our_first_dag.py took 0.105 seconds
[2023-02-03T04:45:45.135+0000] {processor.py:153} INFO - Started process (PID=575) to work on /opt/airflow/dags/our_first_dag.py
[2023-02-03T04:45:45.139+0000] {processor.py:743} INFO - Processing file /opt/airflow/dags/our_first_dag.py for tasks to queue
[2023-02-03T04:45:45.142+0000] {logging_mixin.py:137} INFO - [2023-02-03T04:45:45.142+0000] {dagbag.py:538} INFO - Filling up the DagBag from /opt/airflow/dags/our_first_dag.py
[2023-02-03T04:45:45.205+0000] {processor.py:753} INFO - DAG(s) dict_keys(['our_first_dag_v']) retrieved from /opt/airflow/dags/our_first_dag.py
[2023-02-03T04:45:45.303+0000] {logging_mixin.py:137} INFO - [2023-02-03T04:45:45.303+0000] {dag.py:2690} INFO - Sync 1 DAGs
[2023-02-03T04:45:45.330+0000] {logging_mixin.py:137} INFO - [2023-02-03T04:45:45.330+0000] {dag.py:3441} INFO - Setting next_dagrun for our_first_dag_v to 2021-09-19T00:00:00+00:00, run_after=2021-09-20T00:00:00+00:00
[2023-02-03T04:45:45.364+0000] {processor.py:175} INFO - Processing /opt/airflow/dags/our_first_dag.py took 0.241 seconds
[2023-02-03T04:46:15.462+0000] {processor.py:153} INFO - Started process (PID=613) to work on /opt/airflow/dags/our_first_dag.py
[2023-02-03T04:46:15.464+0000] {processor.py:743} INFO - Processing file /opt/airflow/dags/our_first_dag.py for tasks to queue
[2023-02-03T04:46:15.466+0000] {logging_mixin.py:137} INFO - [2023-02-03T04:46:15.466+0000] {dagbag.py:538} INFO - Filling up the DagBag from /opt/airflow/dags/our_first_dag.py
[2023-02-03T04:46:15.489+0000] {processor.py:753} INFO - DAG(s) dict_keys(['our_first_dag_v']) retrieved from /opt/airflow/dags/our_first_dag.py
[2023-02-03T04:46:15.517+0000] {logging_mixin.py:137} INFO - [2023-02-03T04:46:15.517+0000] {dag.py:2690} INFO - Sync 1 DAGs
[2023-02-03T04:46:15.541+0000] {logging_mixin.py:137} INFO - [2023-02-03T04:46:15.541+0000] {dag.py:3441} INFO - Setting next_dagrun for our_first_dag_v to 2021-09-19T00:00:00+00:00, run_after=2021-09-20T00:00:00+00:00
[2023-02-03T04:46:15.559+0000] {processor.py:175} INFO - Processing /opt/airflow/dags/our_first_dag.py took 0.104 seconds
[2023-02-03T04:46:45.984+0000] {processor.py:153} INFO - Started process (PID=652) to work on /opt/airflow/dags/our_first_dag.py
[2023-02-03T04:46:45.986+0000] {processor.py:743} INFO - Processing file /opt/airflow/dags/our_first_dag.py for tasks to queue
[2023-02-03T04:46:45.988+0000] {logging_mixin.py:137} INFO - [2023-02-03T04:46:45.988+0000] {dagbag.py:538} INFO - Filling up the DagBag from /opt/airflow/dags/our_first_dag.py
[2023-02-03T04:46:46.007+0000] {processor.py:753} INFO - DAG(s) dict_keys(['our_first_dag_v']) retrieved from /opt/airflow/dags/our_first_dag.py
[2023-02-03T04:46:46.034+0000] {logging_mixin.py:137} INFO - [2023-02-03T04:46:46.034+0000] {dag.py:2690} INFO - Sync 1 DAGs
[2023-02-03T04:46:46.060+0000] {logging_mixin.py:137} INFO - [2023-02-03T04:46:46.060+0000] {dag.py:3441} INFO - Setting next_dagrun for our_first_dag_v to 2021-09-19T00:00:00+00:00, run_after=2021-09-20T00:00:00+00:00
[2023-02-03T04:46:46.082+0000] {processor.py:175} INFO - Processing /opt/airflow/dags/our_first_dag.py took 0.103 seconds
[2023-02-03T04:47:16.357+0000] {processor.py:153} INFO - Started process (PID=698) to work on /opt/airflow/dags/our_first_dag.py
[2023-02-03T04:47:16.360+0000] {processor.py:743} INFO - Processing file /opt/airflow/dags/our_first_dag.py for tasks to queue
[2023-02-03T04:47:16.365+0000] {logging_mixin.py:137} INFO - [2023-02-03T04:47:16.364+0000] {dagbag.py:538} INFO - Filling up the DagBag from /opt/airflow/dags/our_first_dag.py
[2023-02-03T04:47:16.404+0000] {processor.py:753} INFO - DAG(s) dict_keys(['our_first_dag_v']) retrieved from /opt/airflow/dags/our_first_dag.py
[2023-02-03T04:47:16.532+0000] {logging_mixin.py:137} INFO - [2023-02-03T04:47:16.532+0000] {dag.py:2690} INFO - Sync 1 DAGs
[2023-02-03T04:47:16.631+0000] {logging_mixin.py:137} INFO - [2023-02-03T04:47:16.631+0000] {dag.py:3441} INFO - Setting next_dagrun for our_first_dag_v to 2021-09-19T00:00:00+00:00, run_after=2021-09-20T00:00:00+00:00
[2023-02-03T04:47:16.671+0000] {processor.py:175} INFO - Processing /opt/airflow/dags/our_first_dag.py took 0.335 seconds
[2023-02-03T04:47:47.451+0000] {processor.py:153} INFO - Started process (PID=739) to work on /opt/airflow/dags/our_first_dag.py
[2023-02-03T04:47:47.453+0000] {processor.py:743} INFO - Processing file /opt/airflow/dags/our_first_dag.py for tasks to queue
[2023-02-03T04:47:47.454+0000] {logging_mixin.py:137} INFO - [2023-02-03T04:47:47.454+0000] {dagbag.py:538} INFO - Filling up the DagBag from /opt/airflow/dags/our_first_dag.py
[2023-02-03T04:47:47.476+0000] {processor.py:753} INFO - DAG(s) dict_keys(['our_first_dag_v']) retrieved from /opt/airflow/dags/our_first_dag.py
[2023-02-03T04:47:47.502+0000] {logging_mixin.py:137} INFO - [2023-02-03T04:47:47.502+0000] {dag.py:2690} INFO - Sync 1 DAGs
[2023-02-03T04:47:47.528+0000] {logging_mixin.py:137} INFO - [2023-02-03T04:47:47.528+0000] {dag.py:3441} INFO - Setting next_dagrun for our_first_dag_v to 2021-09-19T00:00:00+00:00, run_after=2021-09-20T00:00:00+00:00
[2023-02-03T04:47:47.545+0000] {processor.py:175} INFO - Processing /opt/airflow/dags/our_first_dag.py took 0.099 seconds
[2023-02-03T04:48:17.964+0000] {processor.py:153} INFO - Started process (PID=776) to work on /opt/airflow/dags/our_first_dag.py
[2023-02-03T04:48:17.966+0000] {processor.py:743} INFO - Processing file /opt/airflow/dags/our_first_dag.py for tasks to queue
[2023-02-03T04:48:17.967+0000] {logging_mixin.py:137} INFO - [2023-02-03T04:48:17.967+0000] {dagbag.py:538} INFO - Filling up the DagBag from /opt/airflow/dags/our_first_dag.py
[2023-02-03T04:48:17.987+0000] {processor.py:753} INFO - DAG(s) dict_keys(['our_first_dag_v']) retrieved from /opt/airflow/dags/our_first_dag.py
[2023-02-03T04:48:18.013+0000] {logging_mixin.py:137} INFO - [2023-02-03T04:48:18.013+0000] {dag.py:2690} INFO - Sync 1 DAGs
[2023-02-03T04:48:18.043+0000] {logging_mixin.py:137} INFO - [2023-02-03T04:48:18.043+0000] {dag.py:3441} INFO - Setting next_dagrun for our_first_dag_v to 2021-09-19T00:00:00+00:00, run_after=2021-09-20T00:00:00+00:00
[2023-02-03T04:48:18.059+0000] {processor.py:175} INFO - Processing /opt/airflow/dags/our_first_dag.py took 0.101 seconds
[2023-02-03T04:48:48.922+0000] {processor.py:153} INFO - Started process (PID=827) to work on /opt/airflow/dags/our_first_dag.py
[2023-02-03T04:48:48.931+0000] {processor.py:743} INFO - Processing file /opt/airflow/dags/our_first_dag.py for tasks to queue
[2023-02-03T04:48:48.935+0000] {logging_mixin.py:137} INFO - [2023-02-03T04:48:48.934+0000] {dagbag.py:538} INFO - Filling up the DagBag from /opt/airflow/dags/our_first_dag.py
[2023-02-03T04:48:48.975+0000] {processor.py:753} INFO - DAG(s) dict_keys(['our_first_dag_v']) retrieved from /opt/airflow/dags/our_first_dag.py
[2023-02-03T04:48:49.029+0000] {logging_mixin.py:137} INFO - [2023-02-03T04:48:49.028+0000] {dag.py:2690} INFO - Sync 1 DAGs
[2023-02-03T04:48:49.072+0000] {logging_mixin.py:137} INFO - [2023-02-03T04:48:49.072+0000] {dag.py:3441} INFO - Setting next_dagrun for our_first_dag_v to 2021-09-19T00:00:00+00:00, run_after=2021-09-20T00:00:00+00:00
[2023-02-03T04:48:49.114+0000] {processor.py:175} INFO - Processing /opt/airflow/dags/our_first_dag.py took 0.210 seconds
[2023-02-03T04:49:19.820+0000] {processor.py:153} INFO - Started process (PID=865) to work on /opt/airflow/dags/our_first_dag.py
[2023-02-03T04:49:19.822+0000] {processor.py:743} INFO - Processing file /opt/airflow/dags/our_first_dag.py for tasks to queue
[2023-02-03T04:49:19.823+0000] {logging_mixin.py:137} INFO - [2023-02-03T04:49:19.823+0000] {dagbag.py:538} INFO - Filling up the DagBag from /opt/airflow/dags/our_first_dag.py
[2023-02-03T04:49:19.843+0000] {processor.py:753} INFO - DAG(s) dict_keys(['our_first_dag_v']) retrieved from /opt/airflow/dags/our_first_dag.py
[2023-02-03T04:49:19.881+0000] {logging_mixin.py:137} INFO - [2023-02-03T04:49:19.881+0000] {dag.py:2690} INFO - Sync 1 DAGs
[2023-02-03T04:49:19.911+0000] {logging_mixin.py:137} INFO - [2023-02-03T04:49:19.911+0000] {dag.py:3441} INFO - Setting next_dagrun for our_first_dag_v to 2021-09-19T00:00:00+00:00, run_after=2021-09-20T00:00:00+00:00
[2023-02-03T04:49:19.930+0000] {processor.py:175} INFO - Processing /opt/airflow/dags/our_first_dag.py took 0.116 seconds
[2023-02-03T04:49:50.126+0000] {processor.py:153} INFO - Started process (PID=916) to work on /opt/airflow/dags/our_first_dag.py
[2023-02-03T04:49:50.128+0000] {processor.py:743} INFO - Processing file /opt/airflow/dags/our_first_dag.py for tasks to queue
[2023-02-03T04:49:50.129+0000] {logging_mixin.py:137} INFO - [2023-02-03T04:49:50.129+0000] {dagbag.py:538} INFO - Filling up the DagBag from /opt/airflow/dags/our_first_dag.py
[2023-02-03T04:49:50.161+0000] {processor.py:753} INFO - DAG(s) dict_keys(['our_first_dag_v']) retrieved from /opt/airflow/dags/our_first_dag.py
[2023-02-03T04:49:50.215+0000] {logging_mixin.py:137} INFO - [2023-02-03T04:49:50.215+0000] {dag.py:2690} INFO - Sync 1 DAGs
[2023-02-03T04:49:50.268+0000] {logging_mixin.py:137} INFO - [2023-02-03T04:49:50.268+0000] {dag.py:3441} INFO - Setting next_dagrun for our_first_dag_v to 2021-09-19T00:00:00+00:00, run_after=2021-09-20T00:00:00+00:00
[2023-02-03T04:49:50.295+0000] {processor.py:175} INFO - Processing /opt/airflow/dags/our_first_dag.py took 0.174 seconds
[2023-02-03T04:50:20.585+0000] {processor.py:153} INFO - Started process (PID=954) to work on /opt/airflow/dags/our_first_dag.py
[2023-02-03T04:50:20.586+0000] {processor.py:743} INFO - Processing file /opt/airflow/dags/our_first_dag.py for tasks to queue
[2023-02-03T04:50:20.588+0000] {logging_mixin.py:137} INFO - [2023-02-03T04:50:20.587+0000] {dagbag.py:538} INFO - Filling up the DagBag from /opt/airflow/dags/our_first_dag.py
[2023-02-03T04:50:20.605+0000] {processor.py:753} INFO - DAG(s) dict_keys(['our_first_dag_v']) retrieved from /opt/airflow/dags/our_first_dag.py
[2023-02-03T04:50:20.639+0000] {logging_mixin.py:137} INFO - [2023-02-03T04:50:20.639+0000] {dag.py:2690} INFO - Sync 1 DAGs
[2023-02-03T04:50:20.666+0000] {logging_mixin.py:137} INFO - [2023-02-03T04:50:20.666+0000] {dag.py:3441} INFO - Setting next_dagrun for our_first_dag_v to 2021-09-19T00:00:00+00:00, run_after=2021-09-20T00:00:00+00:00
[2023-02-03T04:50:20.683+0000] {processor.py:175} INFO - Processing /opt/airflow/dags/our_first_dag.py took 0.103 seconds
[2023-02-03T04:50:50.916+0000] {processor.py:153} INFO - Started process (PID=999) to work on /opt/airflow/dags/our_first_dag.py
[2023-02-03T04:50:50.922+0000] {processor.py:743} INFO - Processing file /opt/airflow/dags/our_first_dag.py for tasks to queue
[2023-02-03T04:50:50.924+0000] {logging_mixin.py:137} INFO - [2023-02-03T04:50:50.924+0000] {dagbag.py:538} INFO - Filling up the DagBag from /opt/airflow/dags/our_first_dag.py
[2023-02-03T04:50:50.957+0000] {processor.py:753} INFO - DAG(s) dict_keys(['our_first_dag_v']) retrieved from /opt/airflow/dags/our_first_dag.py
[2023-02-03T04:50:50.995+0000] {logging_mixin.py:137} INFO - [2023-02-03T04:50:50.994+0000] {dag.py:2690} INFO - Sync 1 DAGs
[2023-02-03T04:50:51.027+0000] {logging_mixin.py:137} INFO - [2023-02-03T04:50:51.026+0000] {dag.py:3441} INFO - Setting next_dagrun for our_first_dag_v to 2021-09-19T00:00:00+00:00, run_after=2021-09-20T00:00:00+00:00
[2023-02-03T04:50:51.051+0000] {processor.py:175} INFO - Processing /opt/airflow/dags/our_first_dag.py took 0.148 seconds
[2023-02-03T04:51:21.163+0000] {processor.py:153} INFO - Started process (PID=1042) to work on /opt/airflow/dags/our_first_dag.py
[2023-02-03T04:51:21.165+0000] {processor.py:743} INFO - Processing file /opt/airflow/dags/our_first_dag.py for tasks to queue
[2023-02-03T04:51:21.166+0000] {logging_mixin.py:137} INFO - [2023-02-03T04:51:21.166+0000] {dagbag.py:538} INFO - Filling up the DagBag from /opt/airflow/dags/our_first_dag.py
[2023-02-03T04:51:21.187+0000] {processor.py:753} INFO - DAG(s) dict_keys(['our_first_dag_v']) retrieved from /opt/airflow/dags/our_first_dag.py
[2023-02-03T04:51:21.215+0000] {logging_mixin.py:137} INFO - [2023-02-03T04:51:21.215+0000] {dag.py:2690} INFO - Sync 1 DAGs
[2023-02-03T04:51:21.239+0000] {logging_mixin.py:137} INFO - [2023-02-03T04:51:21.239+0000] {dag.py:3441} INFO - Setting next_dagrun for our_first_dag_v to 2021-09-19T00:00:00+00:00, run_after=2021-09-20T00:00:00+00:00
[2023-02-03T04:51:21.257+0000] {processor.py:175} INFO - Processing /opt/airflow/dags/our_first_dag.py took 0.099 seconds
[2023-02-03T04:51:51.507+0000] {processor.py:153} INFO - Started process (PID=1080) to work on /opt/airflow/dags/our_first_dag.py
[2023-02-03T04:51:51.509+0000] {processor.py:743} INFO - Processing file /opt/airflow/dags/our_first_dag.py for tasks to queue
[2023-02-03T04:51:51.511+0000] {logging_mixin.py:137} INFO - [2023-02-03T04:51:51.510+0000] {dagbag.py:538} INFO - Filling up the DagBag from /opt/airflow/dags/our_first_dag.py
[2023-02-03T04:51:51.529+0000] {processor.py:753} INFO - DAG(s) dict_keys(['our_first_dag_v']) retrieved from /opt/airflow/dags/our_first_dag.py
[2023-02-03T04:51:51.555+0000] {logging_mixin.py:137} INFO - [2023-02-03T04:51:51.555+0000] {dag.py:2690} INFO - Sync 1 DAGs
[2023-02-03T04:51:51.582+0000] {logging_mixin.py:137} INFO - [2023-02-03T04:51:51.582+0000] {dag.py:3441} INFO - Setting next_dagrun for our_first_dag_v to 2021-09-19T00:00:00+00:00, run_after=2021-09-20T00:00:00+00:00
[2023-02-03T04:51:51.599+0000] {processor.py:175} INFO - Processing /opt/airflow/dags/our_first_dag.py took 0.097 seconds
[2023-02-03T04:52:22.345+0000] {processor.py:153} INFO - Started process (PID=1131) to work on /opt/airflow/dags/our_first_dag.py
[2023-02-03T04:52:22.347+0000] {processor.py:743} INFO - Processing file /opt/airflow/dags/our_first_dag.py for tasks to queue
[2023-02-03T04:52:22.348+0000] {logging_mixin.py:137} INFO - [2023-02-03T04:52:22.348+0000] {dagbag.py:538} INFO - Filling up the DagBag from /opt/airflow/dags/our_first_dag.py
[2023-02-03T04:52:22.370+0000] {processor.py:753} INFO - DAG(s) dict_keys(['our_first_dag_v']) retrieved from /opt/airflow/dags/our_first_dag.py
[2023-02-03T04:52:22.408+0000] {logging_mixin.py:137} INFO - [2023-02-03T04:52:22.408+0000] {dag.py:2690} INFO - Sync 1 DAGs
[2023-02-03T04:52:22.436+0000] {logging_mixin.py:137} INFO - [2023-02-03T04:52:22.436+0000] {dag.py:3441} INFO - Setting next_dagrun for our_first_dag_v to 2021-09-19T00:00:00+00:00, run_after=2021-09-20T00:00:00+00:00
[2023-02-03T04:52:22.457+0000] {processor.py:175} INFO - Processing /opt/airflow/dags/our_first_dag.py took 0.116 seconds
[2023-02-03T04:52:52.636+0000] {processor.py:153} INFO - Started process (PID=1170) to work on /opt/airflow/dags/our_first_dag.py
[2023-02-03T04:52:52.638+0000] {processor.py:743} INFO - Processing file /opt/airflow/dags/our_first_dag.py for tasks to queue
[2023-02-03T04:52:52.639+0000] {logging_mixin.py:137} INFO - [2023-02-03T04:52:52.639+0000] {dagbag.py:538} INFO - Filling up the DagBag from /opt/airflow/dags/our_first_dag.py
[2023-02-03T04:52:52.658+0000] {processor.py:753} INFO - DAG(s) dict_keys(['our_first_dag_v']) retrieved from /opt/airflow/dags/our_first_dag.py
[2023-02-03T04:52:52.684+0000] {logging_mixin.py:137} INFO - [2023-02-03T04:52:52.684+0000] {dag.py:2690} INFO - Sync 1 DAGs
[2023-02-03T04:52:52.709+0000] {logging_mixin.py:137} INFO - [2023-02-03T04:52:52.709+0000] {dag.py:3441} INFO - Setting next_dagrun for our_first_dag_v to 2021-09-19T00:00:00+00:00, run_after=2021-09-20T00:00:00+00:00
[2023-02-03T04:52:52.725+0000] {processor.py:175} INFO - Processing /opt/airflow/dags/our_first_dag.py took 0.092 seconds
[2023-02-03T04:53:23.029+0000] {processor.py:153} INFO - Started process (PID=1217) to work on /opt/airflow/dags/our_first_dag.py
[2023-02-03T04:53:23.032+0000] {processor.py:743} INFO - Processing file /opt/airflow/dags/our_first_dag.py for tasks to queue
[2023-02-03T04:53:23.033+0000] {logging_mixin.py:137} INFO - [2023-02-03T04:53:23.033+0000] {dagbag.py:538} INFO - Filling up the DagBag from /opt/airflow/dags/our_first_dag.py
[2023-02-03T04:53:23.068+0000] {processor.py:753} INFO - DAG(s) dict_keys(['our_first_dag_v']) retrieved from /opt/airflow/dags/our_first_dag.py
[2023-02-03T04:53:23.153+0000] {logging_mixin.py:137} INFO - [2023-02-03T04:53:23.152+0000] {dag.py:2690} INFO - Sync 1 DAGs
[2023-02-03T04:53:23.238+0000] {logging_mixin.py:137} INFO - [2023-02-03T04:53:23.238+0000] {dag.py:3441} INFO - Setting next_dagrun for our_first_dag_v to 2021-09-19T00:00:00+00:00, run_after=2021-09-20T00:00:00+00:00
[2023-02-03T04:53:23.275+0000] {processor.py:175} INFO - Processing /opt/airflow/dags/our_first_dag.py took 0.255 seconds
[2023-02-03T04:53:53.671+0000] {processor.py:153} INFO - Started process (PID=1257) to work on /opt/airflow/dags/our_first_dag.py
[2023-02-03T04:53:53.672+0000] {processor.py:743} INFO - Processing file /opt/airflow/dags/our_first_dag.py for tasks to queue
[2023-02-03T04:53:53.673+0000] {logging_mixin.py:137} INFO - [2023-02-03T04:53:53.673+0000] {dagbag.py:538} INFO - Filling up the DagBag from /opt/airflow/dags/our_first_dag.py
[2023-02-03T04:53:53.693+0000] {processor.py:753} INFO - DAG(s) dict_keys(['our_first_dag_v']) retrieved from /opt/airflow/dags/our_first_dag.py
[2023-02-03T04:53:53.723+0000] {logging_mixin.py:137} INFO - [2023-02-03T04:53:53.723+0000] {dag.py:2690} INFO - Sync 1 DAGs
[2023-02-03T04:53:53.752+0000] {logging_mixin.py:137} INFO - [2023-02-03T04:53:53.751+0000] {dag.py:3441} INFO - Setting next_dagrun for our_first_dag_v to 2021-09-19T00:00:00+00:00, run_after=2021-09-20T00:00:00+00:00
[2023-02-03T04:53:53.767+0000] {processor.py:175} INFO - Processing /opt/airflow/dags/our_first_dag.py took 0.100 seconds
[2023-02-03T04:54:24.347+0000] {processor.py:153} INFO - Started process (PID=1295) to work on /opt/airflow/dags/our_first_dag.py
[2023-02-03T04:54:24.349+0000] {processor.py:743} INFO - Processing file /opt/airflow/dags/our_first_dag.py for tasks to queue
[2023-02-03T04:54:24.350+0000] {logging_mixin.py:137} INFO - [2023-02-03T04:54:24.350+0000] {dagbag.py:538} INFO - Filling up the DagBag from /opt/airflow/dags/our_first_dag.py
[2023-02-03T04:54:24.372+0000] {processor.py:753} INFO - DAG(s) dict_keys(['our_first_dag_v']) retrieved from /opt/airflow/dags/our_first_dag.py
[2023-02-03T04:54:24.400+0000] {logging_mixin.py:137} INFO - [2023-02-03T04:54:24.400+0000] {dag.py:2690} INFO - Sync 1 DAGs
[2023-02-03T04:54:24.447+0000] {logging_mixin.py:137} INFO - [2023-02-03T04:54:24.446+0000] {dag.py:3441} INFO - Setting next_dagrun for our_first_dag_v to 2021-09-19T00:00:00+00:00, run_after=2021-09-20T00:00:00+00:00
[2023-02-03T04:54:24.470+0000] {processor.py:175} INFO - Processing /opt/airflow/dags/our_first_dag.py took 0.127 seconds
[2023-02-03T04:54:54.661+0000] {processor.py:153} INFO - Started process (PID=1342) to work on /opt/airflow/dags/our_first_dag.py
[2023-02-03T04:54:54.669+0000] {processor.py:743} INFO - Processing file /opt/airflow/dags/our_first_dag.py for tasks to queue
[2023-02-03T04:54:54.674+0000] {logging_mixin.py:137} INFO - [2023-02-03T04:54:54.673+0000] {dagbag.py:538} INFO - Filling up the DagBag from /opt/airflow/dags/our_first_dag.py
[2023-02-03T04:54:54.803+0000] {processor.py:753} INFO - DAG(s) dict_keys(['our_first_dag_v']) retrieved from /opt/airflow/dags/our_first_dag.py
[2023-02-03T04:54:54.909+0000] {logging_mixin.py:137} INFO - [2023-02-03T04:54:54.908+0000] {dag.py:2690} INFO - Sync 1 DAGs
[2023-02-03T04:54:54.992+0000] {logging_mixin.py:137} INFO - [2023-02-03T04:54:54.991+0000] {dag.py:3441} INFO - Setting next_dagrun for our_first_dag_v to 2021-09-19T00:00:00+00:00, run_after=2021-09-20T00:00:00+00:00
[2023-02-03T04:54:55.018+0000] {processor.py:175} INFO - Processing /opt/airflow/dags/our_first_dag.py took 0.375 seconds
[2023-02-03T04:55:25.900+0000] {processor.py:153} INFO - Started process (PID=1382) to work on /opt/airflow/dags/our_first_dag.py
[2023-02-03T04:55:25.902+0000] {processor.py:743} INFO - Processing file /opt/airflow/dags/our_first_dag.py for tasks to queue
[2023-02-03T04:55:25.903+0000] {logging_mixin.py:137} INFO - [2023-02-03T04:55:25.903+0000] {dagbag.py:538} INFO - Filling up the DagBag from /opt/airflow/dags/our_first_dag.py
[2023-02-03T04:55:25.925+0000] {processor.py:753} INFO - DAG(s) dict_keys(['our_first_dag_v']) retrieved from /opt/airflow/dags/our_first_dag.py
[2023-02-03T04:55:25.961+0000] {logging_mixin.py:137} INFO - [2023-02-03T04:55:25.961+0000] {dag.py:2690} INFO - Sync 1 DAGs
[2023-02-03T04:55:25.990+0000] {logging_mixin.py:137} INFO - [2023-02-03T04:55:25.990+0000] {dag.py:3441} INFO - Setting next_dagrun for our_first_dag_v to 2021-09-19T00:00:00+00:00, run_after=2021-09-20T00:00:00+00:00
[2023-02-03T04:55:26.011+0000] {processor.py:175} INFO - Processing /opt/airflow/dags/our_first_dag.py took 0.116 seconds
[2023-02-03T04:55:56.392+0000] {processor.py:153} INFO - Started process (PID=1420) to work on /opt/airflow/dags/our_first_dag.py
[2023-02-03T04:55:56.394+0000] {processor.py:743} INFO - Processing file /opt/airflow/dags/our_first_dag.py for tasks to queue
[2023-02-03T04:55:56.396+0000] {logging_mixin.py:137} INFO - [2023-02-03T04:55:56.396+0000] {dagbag.py:538} INFO - Filling up the DagBag from /opt/airflow/dags/our_first_dag.py
[2023-02-03T04:55:56.438+0000] {processor.py:753} INFO - DAG(s) dict_keys(['our_first_dag_v']) retrieved from /opt/airflow/dags/our_first_dag.py
[2023-02-03T04:55:56.487+0000] {logging_mixin.py:137} INFO - [2023-02-03T04:55:56.487+0000] {dag.py:2690} INFO - Sync 1 DAGs
[2023-02-03T04:55:56.543+0000] {logging_mixin.py:137} INFO - [2023-02-03T04:55:56.543+0000] {dag.py:3441} INFO - Setting next_dagrun for our_first_dag_v to 2021-09-19T00:00:00+00:00, run_after=2021-09-20T00:00:00+00:00
[2023-02-03T04:55:56.593+0000] {processor.py:175} INFO - Processing /opt/airflow/dags/our_first_dag.py took 0.206 seconds
[2023-02-03T04:56:26.968+0000] {processor.py:153} INFO - Started process (PID=1470) to work on /opt/airflow/dags/our_first_dag.py
[2023-02-03T04:56:26.971+0000] {processor.py:743} INFO - Processing file /opt/airflow/dags/our_first_dag.py for tasks to queue
[2023-02-03T04:56:26.972+0000] {logging_mixin.py:137} INFO - [2023-02-03T04:56:26.972+0000] {dagbag.py:538} INFO - Filling up the DagBag from /opt/airflow/dags/our_first_dag.py
[2023-02-03T04:56:27.002+0000] {processor.py:753} INFO - DAG(s) dict_keys(['our_first_dag_v']) retrieved from /opt/airflow/dags/our_first_dag.py
[2023-02-03T04:56:27.037+0000] {logging_mixin.py:137} INFO - [2023-02-03T04:56:27.037+0000] {dag.py:2690} INFO - Sync 1 DAGs
[2023-02-03T04:56:27.069+0000] {logging_mixin.py:137} INFO - [2023-02-03T04:56:27.069+0000] {dag.py:3441} INFO - Setting next_dagrun for our_first_dag_v to 2021-09-19T00:00:00+00:00, run_after=2021-09-20T00:00:00+00:00
[2023-02-03T04:56:27.092+0000] {processor.py:175} INFO - Processing /opt/airflow/dags/our_first_dag.py took 0.128 seconds
[2023-02-03T04:56:57.203+0000] {processor.py:153} INFO - Started process (PID=1507) to work on /opt/airflow/dags/our_first_dag.py
[2023-02-03T04:56:57.204+0000] {processor.py:743} INFO - Processing file /opt/airflow/dags/our_first_dag.py for tasks to queue
[2023-02-03T04:56:57.206+0000] {logging_mixin.py:137} INFO - [2023-02-03T04:56:57.206+0000] {dagbag.py:538} INFO - Filling up the DagBag from /opt/airflow/dags/our_first_dag.py
[2023-02-03T04:56:57.228+0000] {processor.py:753} INFO - DAG(s) dict_keys(['our_first_dag_v']) retrieved from /opt/airflow/dags/our_first_dag.py
[2023-02-03T04:56:57.262+0000] {logging_mixin.py:137} INFO - [2023-02-03T04:56:57.262+0000] {dag.py:2690} INFO - Sync 1 DAGs
[2023-02-03T04:56:57.291+0000] {logging_mixin.py:137} INFO - [2023-02-03T04:56:57.291+0000] {dag.py:3441} INFO - Setting next_dagrun for our_first_dag_v to 2021-09-19T00:00:00+00:00, run_after=2021-09-20T00:00:00+00:00
[2023-02-03T04:56:57.310+0000] {processor.py:175} INFO - Processing /opt/airflow/dags/our_first_dag.py took 0.112 seconds
[2023-02-03T04:57:27.428+0000] {processor.py:153} INFO - Started process (PID=1557) to work on /opt/airflow/dags/our_first_dag.py
[2023-02-03T04:57:27.430+0000] {processor.py:743} INFO - Processing file /opt/airflow/dags/our_first_dag.py for tasks to queue
[2023-02-03T04:57:27.431+0000] {logging_mixin.py:137} INFO - [2023-02-03T04:57:27.430+0000] {dagbag.py:538} INFO - Filling up the DagBag from /opt/airflow/dags/our_first_dag.py
[2023-02-03T04:57:27.453+0000] {processor.py:753} INFO - DAG(s) dict_keys(['our_first_dag_v']) retrieved from /opt/airflow/dags/our_first_dag.py
[2023-02-03T04:57:27.480+0000] {logging_mixin.py:137} INFO - [2023-02-03T04:57:27.480+0000] {dag.py:2690} INFO - Sync 1 DAGs
[2023-02-03T04:57:27.503+0000] {logging_mixin.py:137} INFO - [2023-02-03T04:57:27.503+0000] {dag.py:3441} INFO - Setting next_dagrun for our_first_dag_v to 2021-09-19T00:00:00+00:00, run_after=2021-09-20T00:00:00+00:00
[2023-02-03T04:57:27.522+0000] {processor.py:175} INFO - Processing /opt/airflow/dags/our_first_dag.py took 0.099 seconds
[2023-02-03T04:57:57.688+0000] {processor.py:153} INFO - Started process (PID=1595) to work on /opt/airflow/dags/our_first_dag.py
[2023-02-03T04:57:57.690+0000] {processor.py:743} INFO - Processing file /opt/airflow/dags/our_first_dag.py for tasks to queue
[2023-02-03T04:57:57.693+0000] {logging_mixin.py:137} INFO - [2023-02-03T04:57:57.692+0000] {dagbag.py:538} INFO - Filling up the DagBag from /opt/airflow/dags/our_first_dag.py
[2023-02-03T04:57:57.721+0000] {processor.py:753} INFO - DAG(s) dict_keys(['our_first_dag_v']) retrieved from /opt/airflow/dags/our_first_dag.py
[2023-02-03T04:57:57.772+0000] {logging_mixin.py:137} INFO - [2023-02-03T04:57:57.772+0000] {dag.py:2690} INFO - Sync 1 DAGs
[2023-02-03T04:57:57.802+0000] {logging_mixin.py:137} INFO - [2023-02-03T04:57:57.801+0000] {dag.py:3441} INFO - Setting next_dagrun for our_first_dag_v to 2021-09-19T00:00:00+00:00, run_after=2021-09-20T00:00:00+00:00
[2023-02-03T04:57:57.822+0000] {processor.py:175} INFO - Processing /opt/airflow/dags/our_first_dag.py took 0.138 seconds
[2023-02-03T04:58:27.947+0000] {processor.py:153} INFO - Started process (PID=1646) to work on /opt/airflow/dags/our_first_dag.py
[2023-02-03T04:58:27.948+0000] {processor.py:743} INFO - Processing file /opt/airflow/dags/our_first_dag.py for tasks to queue
[2023-02-03T04:58:27.950+0000] {logging_mixin.py:137} INFO - [2023-02-03T04:58:27.950+0000] {dagbag.py:538} INFO - Filling up the DagBag from /opt/airflow/dags/our_first_dag.py
[2023-02-03T04:58:27.973+0000] {processor.py:753} INFO - DAG(s) dict_keys(['our_first_dag_v']) retrieved from /opt/airflow/dags/our_first_dag.py
[2023-02-03T04:58:28.005+0000] {logging_mixin.py:137} INFO - [2023-02-03T04:58:28.005+0000] {dag.py:2690} INFO - Sync 1 DAGs
[2023-02-03T04:58:28.034+0000] {logging_mixin.py:137} INFO - [2023-02-03T04:58:28.034+0000] {dag.py:3441} INFO - Setting next_dagrun for our_first_dag_v to 2021-09-19T00:00:00+00:00, run_after=2021-09-20T00:00:00+00:00
[2023-02-03T04:58:28.052+0000] {processor.py:175} INFO - Processing /opt/airflow/dags/our_first_dag.py took 0.109 seconds
[2023-02-03T04:58:58.313+0000] {processor.py:153} INFO - Started process (PID=1684) to work on /opt/airflow/dags/our_first_dag.py
[2023-02-03T04:58:58.315+0000] {processor.py:743} INFO - Processing file /opt/airflow/dags/our_first_dag.py for tasks to queue
[2023-02-03T04:58:58.317+0000] {logging_mixin.py:137} INFO - [2023-02-03T04:58:58.317+0000] {dagbag.py:538} INFO - Filling up the DagBag from /opt/airflow/dags/our_first_dag.py
[2023-02-03T04:58:58.340+0000] {processor.py:753} INFO - DAG(s) dict_keys(['our_first_dag_v']) retrieved from /opt/airflow/dags/our_first_dag.py
[2023-02-03T04:58:58.371+0000] {logging_mixin.py:137} INFO - [2023-02-03T04:58:58.371+0000] {dag.py:2690} INFO - Sync 1 DAGs
[2023-02-03T04:58:58.399+0000] {logging_mixin.py:137} INFO - [2023-02-03T04:58:58.399+0000] {dag.py:3441} INFO - Setting next_dagrun for our_first_dag_v to 2021-09-19T00:00:00+00:00, run_after=2021-09-20T00:00:00+00:00
[2023-02-03T04:58:58.418+0000] {processor.py:175} INFO - Processing /opt/airflow/dags/our_first_dag.py took 0.110 seconds
[2023-02-03T04:59:28.537+0000] {processor.py:153} INFO - Started process (PID=1734) to work on /opt/airflow/dags/our_first_dag.py
[2023-02-03T04:59:28.539+0000] {processor.py:743} INFO - Processing file /opt/airflow/dags/our_first_dag.py for tasks to queue
[2023-02-03T04:59:28.541+0000] {logging_mixin.py:137} INFO - [2023-02-03T04:59:28.541+0000] {dagbag.py:538} INFO - Filling up the DagBag from /opt/airflow/dags/our_first_dag.py
[2023-02-03T04:59:28.561+0000] {processor.py:753} INFO - DAG(s) dict_keys(['our_first_dag_v']) retrieved from /opt/airflow/dags/our_first_dag.py
[2023-02-03T04:59:28.587+0000] {logging_mixin.py:137} INFO - [2023-02-03T04:59:28.586+0000] {dag.py:2690} INFO - Sync 1 DAGs
[2023-02-03T04:59:28.610+0000] {logging_mixin.py:137} INFO - [2023-02-03T04:59:28.610+0000] {dag.py:3441} INFO - Setting next_dagrun for our_first_dag_v to 2021-09-19T00:00:00+00:00, run_after=2021-09-20T00:00:00+00:00
[2023-02-03T04:59:28.625+0000] {processor.py:175} INFO - Processing /opt/airflow/dags/our_first_dag.py took 0.092 seconds
[2023-02-03T04:59:58.752+0000] {processor.py:153} INFO - Started process (PID=1772) to work on /opt/airflow/dags/our_first_dag.py
[2023-02-03T04:59:58.753+0000] {processor.py:743} INFO - Processing file /opt/airflow/dags/our_first_dag.py for tasks to queue
[2023-02-03T04:59:58.755+0000] {logging_mixin.py:137} INFO - [2023-02-03T04:59:58.755+0000] {dagbag.py:538} INFO - Filling up the DagBag from /opt/airflow/dags/our_first_dag.py
[2023-02-03T04:59:58.779+0000] {processor.py:753} INFO - DAG(s) dict_keys(['our_first_dag_v']) retrieved from /opt/airflow/dags/our_first_dag.py
[2023-02-03T04:59:58.814+0000] {logging_mixin.py:137} INFO - [2023-02-03T04:59:58.814+0000] {dag.py:2690} INFO - Sync 1 DAGs
[2023-02-03T04:59:58.844+0000] {logging_mixin.py:137} INFO - [2023-02-03T04:59:58.844+0000] {dag.py:3441} INFO - Setting next_dagrun for our_first_dag_v to 2021-09-19T00:00:00+00:00, run_after=2021-09-20T00:00:00+00:00
[2023-02-03T04:59:58.861+0000] {processor.py:175} INFO - Processing /opt/airflow/dags/our_first_dag.py took 0.115 seconds
[2023-02-03T05:00:28.962+0000] {processor.py:153} INFO - Started process (PID=1822) to work on /opt/airflow/dags/our_first_dag.py
[2023-02-03T05:00:28.963+0000] {processor.py:743} INFO - Processing file /opt/airflow/dags/our_first_dag.py for tasks to queue
[2023-02-03T05:00:28.964+0000] {logging_mixin.py:137} INFO - [2023-02-03T05:00:28.964+0000] {dagbag.py:538} INFO - Filling up the DagBag from /opt/airflow/dags/our_first_dag.py
[2023-02-03T05:00:28.984+0000] {processor.py:753} INFO - DAG(s) dict_keys(['our_first_dag_v']) retrieved from /opt/airflow/dags/our_first_dag.py
[2023-02-03T05:00:29.009+0000] {logging_mixin.py:137} INFO - [2023-02-03T05:00:29.009+0000] {dag.py:2690} INFO - Sync 1 DAGs
[2023-02-03T05:00:29.032+0000] {logging_mixin.py:137} INFO - [2023-02-03T05:00:29.032+0000] {dag.py:3441} INFO - Setting next_dagrun for our_first_dag_v to 2021-09-19T00:00:00+00:00, run_after=2021-09-20T00:00:00+00:00
[2023-02-03T05:00:29.048+0000] {processor.py:175} INFO - Processing /opt/airflow/dags/our_first_dag.py took 0.091 seconds
[2023-02-03T05:00:59.215+0000] {processor.py:153} INFO - Started process (PID=1861) to work on /opt/airflow/dags/our_first_dag.py
[2023-02-03T05:00:59.217+0000] {processor.py:743} INFO - Processing file /opt/airflow/dags/our_first_dag.py for tasks to queue
[2023-02-03T05:00:59.219+0000] {logging_mixin.py:137} INFO - [2023-02-03T05:00:59.219+0000] {dagbag.py:538} INFO - Filling up the DagBag from /opt/airflow/dags/our_first_dag.py
[2023-02-03T05:00:59.239+0000] {processor.py:753} INFO - DAG(s) dict_keys(['our_first_dag_v']) retrieved from /opt/airflow/dags/our_first_dag.py
[2023-02-03T05:00:59.266+0000] {logging_mixin.py:137} INFO - [2023-02-03T05:00:59.266+0000] {dag.py:2690} INFO - Sync 1 DAGs
[2023-02-03T05:00:59.291+0000] {logging_mixin.py:137} INFO - [2023-02-03T05:00:59.291+0000] {dag.py:3441} INFO - Setting next_dagrun for our_first_dag_v to 2021-09-19T00:00:00+00:00, run_after=2021-09-20T00:00:00+00:00
[2023-02-03T05:00:59.307+0000] {processor.py:175} INFO - Processing /opt/airflow/dags/our_first_dag.py took 0.097 seconds
[2023-02-03T05:01:29.553+0000] {processor.py:153} INFO - Started process (PID=1911) to work on /opt/airflow/dags/our_first_dag.py
[2023-02-03T05:01:29.555+0000] {processor.py:743} INFO - Processing file /opt/airflow/dags/our_first_dag.py for tasks to queue
[2023-02-03T05:01:29.557+0000] {logging_mixin.py:137} INFO - [2023-02-03T05:01:29.557+0000] {dagbag.py:538} INFO - Filling up the DagBag from /opt/airflow/dags/our_first_dag.py
[2023-02-03T05:01:29.577+0000] {processor.py:753} INFO - DAG(s) dict_keys(['our_first_dag_v']) retrieved from /opt/airflow/dags/our_first_dag.py
[2023-02-03T05:01:29.603+0000] {logging_mixin.py:137} INFO - [2023-02-03T05:01:29.603+0000] {dag.py:2690} INFO - Sync 1 DAGs
[2023-02-03T05:01:29.628+0000] {logging_mixin.py:137} INFO - [2023-02-03T05:01:29.628+0000] {dag.py:3441} INFO - Setting next_dagrun for our_first_dag_v to 2021-09-19T00:00:00+00:00, run_after=2021-09-20T00:00:00+00:00
[2023-02-03T05:01:29.644+0000] {processor.py:175} INFO - Processing /opt/airflow/dags/our_first_dag.py took 0.095 seconds
[2023-02-03T05:02:00.645+0000] {processor.py:153} INFO - Started process (PID=1948) to work on /opt/airflow/dags/our_first_dag.py
[2023-02-03T05:02:00.647+0000] {processor.py:743} INFO - Processing file /opt/airflow/dags/our_first_dag.py for tasks to queue
[2023-02-03T05:02:00.648+0000] {logging_mixin.py:137} INFO - [2023-02-03T05:02:00.648+0000] {dagbag.py:538} INFO - Filling up the DagBag from /opt/airflow/dags/our_first_dag.py
[2023-02-03T05:02:00.667+0000] {processor.py:753} INFO - DAG(s) dict_keys(['our_first_dag_v']) retrieved from /opt/airflow/dags/our_first_dag.py
[2023-02-03T05:02:00.695+0000] {logging_mixin.py:137} INFO - [2023-02-03T05:02:00.695+0000] {dag.py:2690} INFO - Sync 1 DAGs
[2023-02-03T05:02:00.719+0000] {logging_mixin.py:137} INFO - [2023-02-03T05:02:00.719+0000] {dag.py:3441} INFO - Setting next_dagrun for our_first_dag_v to 2021-09-19T00:00:00+00:00, run_after=2021-09-20T00:00:00+00:00
[2023-02-03T05:02:00.735+0000] {processor.py:175} INFO - Processing /opt/airflow/dags/our_first_dag.py took 0.095 seconds
[2023-02-03T05:02:30.884+0000] {processor.py:153} INFO - Started process (PID=1995) to work on /opt/airflow/dags/our_first_dag.py
[2023-02-03T05:02:30.888+0000] {processor.py:743} INFO - Processing file /opt/airflow/dags/our_first_dag.py for tasks to queue
[2023-02-03T05:02:30.890+0000] {logging_mixin.py:137} INFO - [2023-02-03T05:02:30.890+0000] {dagbag.py:538} INFO - Filling up the DagBag from /opt/airflow/dags/our_first_dag.py
[2023-02-03T05:02:30.953+0000] {processor.py:753} INFO - DAG(s) dict_keys(['our_first_dag_v']) retrieved from /opt/airflow/dags/our_first_dag.py
[2023-02-03T05:02:31.066+0000] {logging_mixin.py:137} INFO - [2023-02-03T05:02:31.066+0000] {dag.py:2690} INFO - Sync 1 DAGs
[2023-02-03T05:02:31.148+0000] {logging_mixin.py:137} INFO - [2023-02-03T05:02:31.148+0000] {dag.py:3441} INFO - Setting next_dagrun for our_first_dag_v to 2021-09-19T00:00:00+00:00, run_after=2021-09-20T00:00:00+00:00
[2023-02-03T05:02:31.212+0000] {processor.py:175} INFO - Processing /opt/airflow/dags/our_first_dag.py took 0.333 seconds
[2023-02-03T05:03:01.704+0000] {processor.py:153} INFO - Started process (PID=2036) to work on /opt/airflow/dags/our_first_dag.py
[2023-02-03T05:03:01.707+0000] {processor.py:743} INFO - Processing file /opt/airflow/dags/our_first_dag.py for tasks to queue
[2023-02-03T05:03:01.708+0000] {logging_mixin.py:137} INFO - [2023-02-03T05:03:01.708+0000] {dagbag.py:538} INFO - Filling up the DagBag from /opt/airflow/dags/our_first_dag.py
[2023-02-03T05:03:01.740+0000] {processor.py:753} INFO - DAG(s) dict_keys(['our_first_dag_v']) retrieved from /opt/airflow/dags/our_first_dag.py
[2023-02-03T05:03:01.775+0000] {logging_mixin.py:137} INFO - [2023-02-03T05:03:01.775+0000] {dag.py:2690} INFO - Sync 1 DAGs
[2023-02-03T05:03:01.806+0000] {logging_mixin.py:137} INFO - [2023-02-03T05:03:01.806+0000] {dag.py:3441} INFO - Setting next_dagrun for our_first_dag_v to 2021-09-19T00:00:00+00:00, run_after=2021-09-20T00:00:00+00:00
[2023-02-03T05:03:01.826+0000] {processor.py:175} INFO - Processing /opt/airflow/dags/our_first_dag.py took 0.127 seconds
[2023-02-03T05:03:32.113+0000] {processor.py:153} INFO - Started process (PID=2075) to work on /opt/airflow/dags/our_first_dag.py
[2023-02-03T05:03:32.116+0000] {processor.py:743} INFO - Processing file /opt/airflow/dags/our_first_dag.py for tasks to queue
[2023-02-03T05:03:32.117+0000] {logging_mixin.py:137} INFO - [2023-02-03T05:03:32.117+0000] {dagbag.py:538} INFO - Filling up the DagBag from /opt/airflow/dags/our_first_dag.py
[2023-02-03T05:03:32.137+0000] {processor.py:753} INFO - DAG(s) dict_keys(['our_first_dag_v']) retrieved from /opt/airflow/dags/our_first_dag.py
[2023-02-03T05:03:32.163+0000] {logging_mixin.py:137} INFO - [2023-02-03T05:03:32.163+0000] {dag.py:2690} INFO - Sync 1 DAGs
[2023-02-03T05:03:32.188+0000] {logging_mixin.py:137} INFO - [2023-02-03T05:03:32.188+0000] {dag.py:3441} INFO - Setting next_dagrun for our_first_dag_v to 2021-09-19T00:00:00+00:00, run_after=2021-09-20T00:00:00+00:00
[2023-02-03T05:03:32.207+0000] {processor.py:175} INFO - Processing /opt/airflow/dags/our_first_dag.py took 0.099 seconds
