[2023-02-03T04:39:23.188+0000] {processor.py:153} INFO - Started process (PID=71) to work on /opt/airflow/dags/second_dag.py
[2023-02-03T04:39:23.252+0000] {processor.py:743} INFO - Processing file /opt/airflow/dags/second_dag.py for tasks to queue
[2023-02-03T04:39:23.260+0000] {logging_mixin.py:137} INFO - [2023-02-03T04:39:23.259+0000] {dagbag.py:538} INFO - Filling up the DagBag from /opt/airflow/dags/second_dag.py
[2023-02-03T04:39:24.108+0000] {processor.py:753} INFO - DAG(s) dict_keys(['our_first_dag_v2']) retrieved from /opt/airflow/dags/second_dag.py
[2023-02-03T04:39:24.763+0000] {logging_mixin.py:137} INFO - [2023-02-03T04:39:24.762+0000] {dag.py:2690} INFO - Sync 1 DAGs
[2023-02-03T04:39:26.429+0000] {logging_mixin.py:137} INFO - [2023-02-03T04:39:26.407+0000] {dag.py:3441} INFO - Setting next_dagrun for our_first_dag_v2 to 2021-09-19T00:00:00+00:00, run_after=2021-09-20T00:00:00+00:00
[2023-02-03T04:39:26.696+0000] {processor.py:175} INFO - Processing /opt/airflow/dags/second_dag.py took 3.771 seconds
[2023-02-03T04:39:57.766+0000] {processor.py:153} INFO - Started process (PID=96) to work on /opt/airflow/dags/second_dag.py
[2023-02-03T04:39:57.804+0000] {processor.py:743} INFO - Processing file /opt/airflow/dags/second_dag.py for tasks to queue
[2023-02-03T04:39:57.809+0000] {logging_mixin.py:137} INFO - [2023-02-03T04:39:57.808+0000] {dagbag.py:538} INFO - Filling up the DagBag from /opt/airflow/dags/second_dag.py
[2023-02-03T04:39:58.381+0000] {processor.py:753} INFO - DAG(s) dict_keys(['our_first_dag_v2']) retrieved from /opt/airflow/dags/second_dag.py
[2023-02-03T04:39:59.197+0000] {logging_mixin.py:137} INFO - [2023-02-03T04:39:59.191+0000] {dag.py:2690} INFO - Sync 1 DAGs
[2023-02-03T04:39:59.669+0000] {logging_mixin.py:137} INFO - [2023-02-03T04:39:59.668+0000] {dag.py:3441} INFO - Setting next_dagrun for our_first_dag_v2 to 2021-09-19T00:00:00+00:00, run_after=2021-09-20T00:00:00+00:00
[2023-02-03T04:39:59.855+0000] {processor.py:175} INFO - Processing /opt/airflow/dags/second_dag.py took 2.124 seconds
[2023-02-03T04:40:30.503+0000] {processor.py:153} INFO - Started process (PID=136) to work on /opt/airflow/dags/second_dag.py
[2023-02-03T04:40:30.508+0000] {processor.py:743} INFO - Processing file /opt/airflow/dags/second_dag.py for tasks to queue
[2023-02-03T04:40:30.511+0000] {logging_mixin.py:137} INFO - [2023-02-03T04:40:30.510+0000] {dagbag.py:538} INFO - Filling up the DagBag from /opt/airflow/dags/second_dag.py
[2023-02-03T04:40:30.551+0000] {processor.py:753} INFO - DAG(s) dict_keys(['our_first_dag_v2']) retrieved from /opt/airflow/dags/second_dag.py
[2023-02-03T04:40:30.639+0000] {logging_mixin.py:137} INFO - [2023-02-03T04:40:30.639+0000] {dag.py:2690} INFO - Sync 1 DAGs
[2023-02-03T04:40:30.671+0000] {logging_mixin.py:137} INFO - [2023-02-03T04:40:30.671+0000] {dag.py:3441} INFO - Setting next_dagrun for our_first_dag_v2 to 2021-09-19T00:00:00+00:00, run_after=2021-09-20T00:00:00+00:00
[2023-02-03T04:40:30.694+0000] {processor.py:175} INFO - Processing /opt/airflow/dags/second_dag.py took 0.198 seconds
[2023-02-03T04:41:00.806+0000] {processor.py:153} INFO - Started process (PID=174) to work on /opt/airflow/dags/second_dag.py
[2023-02-03T04:41:00.809+0000] {processor.py:743} INFO - Processing file /opt/airflow/dags/second_dag.py for tasks to queue
[2023-02-03T04:41:00.811+0000] {logging_mixin.py:137} INFO - [2023-02-03T04:41:00.810+0000] {dagbag.py:538} INFO - Filling up the DagBag from /opt/airflow/dags/second_dag.py
[2023-02-03T04:41:00.839+0000] {processor.py:753} INFO - DAG(s) dict_keys(['our_first_dag_v2']) retrieved from /opt/airflow/dags/second_dag.py
[2023-02-03T04:41:00.869+0000] {logging_mixin.py:137} INFO - [2023-02-03T04:41:00.869+0000] {dag.py:2690} INFO - Sync 1 DAGs
[2023-02-03T04:41:00.905+0000] {logging_mixin.py:137} INFO - [2023-02-03T04:41:00.904+0000] {dag.py:3441} INFO - Setting next_dagrun for our_first_dag_v2 to 2021-09-19T00:00:00+00:00, run_after=2021-09-20T00:00:00+00:00
[2023-02-03T04:41:00.922+0000] {processor.py:175} INFO - Processing /opt/airflow/dags/second_dag.py took 0.123 seconds
[2023-02-03T04:41:31.847+0000] {processor.py:153} INFO - Started process (PID=214) to work on /opt/airflow/dags/second_dag.py
[2023-02-03T04:41:31.875+0000] {processor.py:743} INFO - Processing file /opt/airflow/dags/second_dag.py for tasks to queue
[2023-02-03T04:41:31.881+0000] {logging_mixin.py:137} INFO - [2023-02-03T04:41:31.880+0000] {dagbag.py:538} INFO - Filling up the DagBag from /opt/airflow/dags/second_dag.py
[2023-02-03T04:41:32.209+0000] {processor.py:753} INFO - DAG(s) dict_keys(['our_first_dag_v2']) retrieved from /opt/airflow/dags/second_dag.py
[2023-02-03T04:41:32.485+0000] {logging_mixin.py:137} INFO - [2023-02-03T04:41:32.485+0000] {dag.py:2690} INFO - Sync 1 DAGs
[2023-02-03T04:41:32.700+0000] {logging_mixin.py:137} INFO - [2023-02-03T04:41:32.699+0000] {dag.py:3441} INFO - Setting next_dagrun for our_first_dag_v2 to 2021-09-19T00:00:00+00:00, run_after=2021-09-20T00:00:00+00:00
[2023-02-03T04:41:32.850+0000] {processor.py:175} INFO - Processing /opt/airflow/dags/second_dag.py took 1.023 seconds
[2023-02-03T04:42:03.587+0000] {processor.py:153} INFO - Started process (PID=250) to work on /opt/airflow/dags/second_dag.py
[2023-02-03T04:42:03.589+0000] {processor.py:743} INFO - Processing file /opt/airflow/dags/second_dag.py for tasks to queue
[2023-02-03T04:42:03.591+0000] {logging_mixin.py:137} INFO - [2023-02-03T04:42:03.590+0000] {dagbag.py:538} INFO - Filling up the DagBag from /opt/airflow/dags/second_dag.py
[2023-02-03T04:42:03.625+0000] {processor.py:753} INFO - DAG(s) dict_keys(['our_first_dag_v2']) retrieved from /opt/airflow/dags/second_dag.py
[2023-02-03T04:42:03.675+0000] {logging_mixin.py:137} INFO - [2023-02-03T04:42:03.675+0000] {dag.py:2690} INFO - Sync 1 DAGs
[2023-02-03T04:42:03.713+0000] {logging_mixin.py:137} INFO - [2023-02-03T04:42:03.713+0000] {dag.py:3441} INFO - Setting next_dagrun for our_first_dag_v2 to 2021-09-19T00:00:00+00:00, run_after=2021-09-20T00:00:00+00:00
[2023-02-03T04:42:03.737+0000] {processor.py:175} INFO - Processing /opt/airflow/dags/second_dag.py took 0.156 seconds
[2023-02-03T04:42:33.880+0000] {processor.py:153} INFO - Started process (PID=300) to work on /opt/airflow/dags/second_dag.py
[2023-02-03T04:42:33.884+0000] {processor.py:743} INFO - Processing file /opt/airflow/dags/second_dag.py for tasks to queue
[2023-02-03T04:42:33.886+0000] {logging_mixin.py:137} INFO - [2023-02-03T04:42:33.885+0000] {dagbag.py:538} INFO - Filling up the DagBag from /opt/airflow/dags/second_dag.py
[2023-02-03T04:42:33.936+0000] {processor.py:753} INFO - DAG(s) dict_keys(['our_first_dag_v2']) retrieved from /opt/airflow/dags/second_dag.py
[2023-02-03T04:42:33.991+0000] {logging_mixin.py:137} INFO - [2023-02-03T04:42:33.990+0000] {dag.py:2690} INFO - Sync 1 DAGs
[2023-02-03T04:42:34.068+0000] {logging_mixin.py:137} INFO - [2023-02-03T04:42:34.067+0000] {dag.py:3441} INFO - Setting next_dagrun for our_first_dag_v2 to 2021-09-19T00:00:00+00:00, run_after=2021-09-20T00:00:00+00:00
[2023-02-03T04:42:34.269+0000] {processor.py:175} INFO - Processing /opt/airflow/dags/second_dag.py took 0.397 seconds
[2023-02-03T04:43:04.361+0000] {processor.py:153} INFO - Started process (PID=338) to work on /opt/airflow/dags/second_dag.py
[2023-02-03T04:43:04.363+0000] {processor.py:743} INFO - Processing file /opt/airflow/dags/second_dag.py for tasks to queue
[2023-02-03T04:43:04.365+0000] {logging_mixin.py:137} INFO - [2023-02-03T04:43:04.365+0000] {dagbag.py:538} INFO - Filling up the DagBag from /opt/airflow/dags/second_dag.py
[2023-02-03T04:43:04.401+0000] {processor.py:753} INFO - DAG(s) dict_keys(['our_first_dag_v2']) retrieved from /opt/airflow/dags/second_dag.py
[2023-02-03T04:43:04.441+0000] {logging_mixin.py:137} INFO - [2023-02-03T04:43:04.441+0000] {dag.py:2690} INFO - Sync 1 DAGs
[2023-02-03T04:43:04.479+0000] {logging_mixin.py:137} INFO - [2023-02-03T04:43:04.479+0000] {dag.py:3441} INFO - Setting next_dagrun for our_first_dag_v2 to 2021-09-19T00:00:00+00:00, run_after=2021-09-20T00:00:00+00:00
[2023-02-03T04:43:04.507+0000] {processor.py:175} INFO - Processing /opt/airflow/dags/second_dag.py took 0.154 seconds
[2023-02-03T04:43:34.730+0000] {processor.py:153} INFO - Started process (PID=388) to work on /opt/airflow/dags/second_dag.py
[2023-02-03T04:43:34.732+0000] {processor.py:743} INFO - Processing file /opt/airflow/dags/second_dag.py for tasks to queue
[2023-02-03T04:43:34.733+0000] {logging_mixin.py:137} INFO - [2023-02-03T04:43:34.733+0000] {dagbag.py:538} INFO - Filling up the DagBag from /opt/airflow/dags/second_dag.py
[2023-02-03T04:43:34.790+0000] {processor.py:753} INFO - DAG(s) dict_keys(['our_first_dag_v2']) retrieved from /opt/airflow/dags/second_dag.py
[2023-02-03T04:43:34.836+0000] {logging_mixin.py:137} INFO - [2023-02-03T04:43:34.836+0000] {dag.py:2690} INFO - Sync 1 DAGs
[2023-02-03T04:43:34.866+0000] {logging_mixin.py:137} INFO - [2023-02-03T04:43:34.865+0000] {dag.py:3441} INFO - Setting next_dagrun for our_first_dag_v2 to 2021-09-19T00:00:00+00:00, run_after=2021-09-20T00:00:00+00:00
[2023-02-03T04:43:34.884+0000] {processor.py:175} INFO - Processing /opt/airflow/dags/second_dag.py took 0.161 seconds
[2023-02-03T04:44:04.982+0000] {processor.py:153} INFO - Started process (PID=426) to work on /opt/airflow/dags/second_dag.py
[2023-02-03T04:44:04.984+0000] {processor.py:743} INFO - Processing file /opt/airflow/dags/second_dag.py for tasks to queue
[2023-02-03T04:44:04.985+0000] {logging_mixin.py:137} INFO - [2023-02-03T04:44:04.984+0000] {dagbag.py:538} INFO - Filling up the DagBag from /opt/airflow/dags/second_dag.py
[2023-02-03T04:44:05.004+0000] {processor.py:753} INFO - DAG(s) dict_keys(['our_first_dag_v2']) retrieved from /opt/airflow/dags/second_dag.py
[2023-02-03T04:44:05.031+0000] {logging_mixin.py:137} INFO - [2023-02-03T04:44:05.031+0000] {dag.py:2690} INFO - Sync 1 DAGs
[2023-02-03T04:44:05.054+0000] {logging_mixin.py:137} INFO - [2023-02-03T04:44:05.054+0000] {dag.py:3441} INFO - Setting next_dagrun for our_first_dag_v2 to 2021-09-19T00:00:00+00:00, run_after=2021-09-20T00:00:00+00:00
[2023-02-03T04:44:05.069+0000] {processor.py:175} INFO - Processing /opt/airflow/dags/second_dag.py took 0.092 seconds
[2023-02-03T04:44:35.523+0000] {processor.py:153} INFO - Started process (PID=482) to work on /opt/airflow/dags/second_dag.py
[2023-02-03T04:44:35.525+0000] {processor.py:743} INFO - Processing file /opt/airflow/dags/second_dag.py for tasks to queue
[2023-02-03T04:44:35.526+0000] {logging_mixin.py:137} INFO - [2023-02-03T04:44:35.526+0000] {dagbag.py:538} INFO - Filling up the DagBag from /opt/airflow/dags/second_dag.py
[2023-02-03T04:44:35.547+0000] {processor.py:753} INFO - DAG(s) dict_keys(['our_first_dag_v2']) retrieved from /opt/airflow/dags/second_dag.py
[2023-02-03T04:44:35.575+0000] {logging_mixin.py:137} INFO - [2023-02-03T04:44:35.575+0000] {dag.py:2690} INFO - Sync 1 DAGs
[2023-02-03T04:44:35.601+0000] {logging_mixin.py:137} INFO - [2023-02-03T04:44:35.601+0000] {dag.py:3441} INFO - Setting next_dagrun for our_first_dag_v2 to 2021-09-19T00:00:00+00:00, run_after=2021-09-20T00:00:00+00:00
[2023-02-03T04:44:35.617+0000] {processor.py:175} INFO - Processing /opt/airflow/dags/second_dag.py took 0.099 seconds
[2023-02-03T04:45:06.034+0000] {processor.py:153} INFO - Started process (PID=520) to work on /opt/airflow/dags/second_dag.py
[2023-02-03T04:45:06.037+0000] {processor.py:743} INFO - Processing file /opt/airflow/dags/second_dag.py for tasks to queue
[2023-02-03T04:45:06.040+0000] {logging_mixin.py:137} INFO - [2023-02-03T04:45:06.039+0000] {dagbag.py:538} INFO - Filling up the DagBag from /opt/airflow/dags/second_dag.py
[2023-02-03T04:45:06.081+0000] {processor.py:753} INFO - DAG(s) dict_keys(['our_first_dag_v2']) retrieved from /opt/airflow/dags/second_dag.py
[2023-02-03T04:45:06.119+0000] {logging_mixin.py:137} INFO - [2023-02-03T04:45:06.119+0000] {dag.py:2690} INFO - Sync 1 DAGs
[2023-02-03T04:45:06.152+0000] {logging_mixin.py:137} INFO - [2023-02-03T04:45:06.152+0000] {dag.py:3441} INFO - Setting next_dagrun for our_first_dag_v2 to 2021-09-19T00:00:00+00:00, run_after=2021-09-20T00:00:00+00:00
[2023-02-03T04:45:06.171+0000] {processor.py:175} INFO - Processing /opt/airflow/dags/second_dag.py took 0.142 seconds
[2023-02-03T04:45:36.514+0000] {processor.py:153} INFO - Started process (PID=559) to work on /opt/airflow/dags/second_dag.py
[2023-02-03T04:45:36.517+0000] {processor.py:743} INFO - Processing file /opt/airflow/dags/second_dag.py for tasks to queue
[2023-02-03T04:45:36.520+0000] {logging_mixin.py:137} INFO - [2023-02-03T04:45:36.519+0000] {dagbag.py:538} INFO - Filling up the DagBag from /opt/airflow/dags/second_dag.py
[2023-02-03T04:45:36.569+0000] {processor.py:753} INFO - DAG(s) dict_keys(['our_first_dag_v2']) retrieved from /opt/airflow/dags/second_dag.py
[2023-02-03T04:45:36.638+0000] {logging_mixin.py:137} INFO - [2023-02-03T04:45:36.637+0000] {dag.py:2690} INFO - Sync 1 DAGs
[2023-02-03T04:45:36.685+0000] {logging_mixin.py:137} INFO - [2023-02-03T04:45:36.685+0000] {dag.py:3441} INFO - Setting next_dagrun for our_first_dag_v2 to 2021-09-19T00:00:00+00:00, run_after=2021-09-20T00:00:00+00:00
[2023-02-03T04:45:36.756+0000] {processor.py:175} INFO - Processing /opt/airflow/dags/second_dag.py took 0.253 seconds
[2023-02-03T04:46:07.081+0000] {processor.py:153} INFO - Started process (PID=597) to work on /opt/airflow/dags/second_dag.py
[2023-02-03T04:46:07.084+0000] {processor.py:743} INFO - Processing file /opt/airflow/dags/second_dag.py for tasks to queue
[2023-02-03T04:46:07.087+0000] {logging_mixin.py:137} INFO - [2023-02-03T04:46:07.087+0000] {dagbag.py:538} INFO - Filling up the DagBag from /opt/airflow/dags/second_dag.py
[2023-02-03T04:46:07.131+0000] {processor.py:753} INFO - DAG(s) dict_keys(['our_first_dag_v2']) retrieved from /opt/airflow/dags/second_dag.py
[2023-02-03T04:46:07.228+0000] {logging_mixin.py:137} INFO - [2023-02-03T04:46:07.227+0000] {dag.py:2690} INFO - Sync 1 DAGs
[2023-02-03T04:46:07.264+0000] {logging_mixin.py:137} INFO - [2023-02-03T04:46:07.264+0000] {dag.py:3441} INFO - Setting next_dagrun for our_first_dag_v2 to 2021-09-19T00:00:00+00:00, run_after=2021-09-20T00:00:00+00:00
[2023-02-03T04:46:07.290+0000] {processor.py:175} INFO - Processing /opt/airflow/dags/second_dag.py took 0.219 seconds
[2023-02-03T04:46:37.507+0000] {processor.py:153} INFO - Started process (PID=648) to work on /opt/airflow/dags/second_dag.py
[2023-02-03T04:46:37.525+0000] {processor.py:743} INFO - Processing file /opt/airflow/dags/second_dag.py for tasks to queue
[2023-02-03T04:46:37.534+0000] {logging_mixin.py:137} INFO - [2023-02-03T04:46:37.533+0000] {dagbag.py:538} INFO - Filling up the DagBag from /opt/airflow/dags/second_dag.py
[2023-02-03T04:46:37.875+0000] {processor.py:753} INFO - DAG(s) dict_keys(['our_first_dag_v2']) retrieved from /opt/airflow/dags/second_dag.py
[2023-02-03T04:46:38.056+0000] {logging_mixin.py:137} INFO - [2023-02-03T04:46:38.056+0000] {dag.py:2690} INFO - Sync 1 DAGs
[2023-02-03T04:46:38.338+0000] {logging_mixin.py:137} INFO - [2023-02-03T04:46:38.314+0000] {dag.py:3441} INFO - Setting next_dagrun for our_first_dag_v2 to 2021-09-19T00:00:00+00:00, run_after=2021-09-20T00:00:00+00:00
[2023-02-03T04:46:38.593+0000] {processor.py:175} INFO - Processing /opt/airflow/dags/second_dag.py took 1.110 seconds
[2023-02-03T04:47:09.035+0000] {processor.py:153} INFO - Started process (PID=686) to work on /opt/airflow/dags/second_dag.py
[2023-02-03T04:47:09.038+0000] {processor.py:743} INFO - Processing file /opt/airflow/dags/second_dag.py for tasks to queue
[2023-02-03T04:47:09.040+0000] {logging_mixin.py:137} INFO - [2023-02-03T04:47:09.040+0000] {dagbag.py:538} INFO - Filling up the DagBag from /opt/airflow/dags/second_dag.py
[2023-02-03T04:47:09.077+0000] {processor.py:753} INFO - DAG(s) dict_keys(['our_first_dag_v2']) retrieved from /opt/airflow/dags/second_dag.py
[2023-02-03T04:47:09.118+0000] {logging_mixin.py:137} INFO - [2023-02-03T04:47:09.118+0000] {dag.py:2690} INFO - Sync 1 DAGs
[2023-02-03T04:47:09.149+0000] {logging_mixin.py:137} INFO - [2023-02-03T04:47:09.149+0000] {dag.py:3441} INFO - Setting next_dagrun for our_first_dag_v2 to 2021-09-19T00:00:00+00:00, run_after=2021-09-20T00:00:00+00:00
[2023-02-03T04:47:09.171+0000] {processor.py:175} INFO - Processing /opt/airflow/dags/second_dag.py took 0.146 seconds
[2023-02-03T04:47:40.109+0000] {processor.py:153} INFO - Started process (PID=723) to work on /opt/airflow/dags/second_dag.py
[2023-02-03T04:47:40.111+0000] {processor.py:743} INFO - Processing file /opt/airflow/dags/second_dag.py for tasks to queue
[2023-02-03T04:47:40.113+0000] {logging_mixin.py:137} INFO - [2023-02-03T04:47:40.113+0000] {dagbag.py:538} INFO - Filling up the DagBag from /opt/airflow/dags/second_dag.py
[2023-02-03T04:47:40.138+0000] {processor.py:753} INFO - DAG(s) dict_keys(['our_first_dag_v2']) retrieved from /opt/airflow/dags/second_dag.py
[2023-02-03T04:47:40.169+0000] {logging_mixin.py:137} INFO - [2023-02-03T04:47:40.169+0000] {dag.py:2690} INFO - Sync 1 DAGs
[2023-02-03T04:47:40.196+0000] {logging_mixin.py:137} INFO - [2023-02-03T04:47:40.196+0000] {dag.py:3441} INFO - Setting next_dagrun for our_first_dag_v2 to 2021-09-19T00:00:00+00:00, run_after=2021-09-20T00:00:00+00:00
[2023-02-03T04:47:40.213+0000] {processor.py:175} INFO - Processing /opt/airflow/dags/second_dag.py took 0.111 seconds
[2023-02-03T04:48:10.339+0000] {processor.py:153} INFO - Started process (PID=772) to work on /opt/airflow/dags/second_dag.py
[2023-02-03T04:48:10.341+0000] {processor.py:743} INFO - Processing file /opt/airflow/dags/second_dag.py for tasks to queue
[2023-02-03T04:48:10.342+0000] {logging_mixin.py:137} INFO - [2023-02-03T04:48:10.342+0000] {dagbag.py:538} INFO - Filling up the DagBag from /opt/airflow/dags/second_dag.py
[2023-02-03T04:48:10.377+0000] {processor.py:753} INFO - DAG(s) dict_keys(['our_first_dag_v2']) retrieved from /opt/airflow/dags/second_dag.py
[2023-02-03T04:48:10.422+0000] {logging_mixin.py:137} INFO - [2023-02-03T04:48:10.422+0000] {dag.py:2690} INFO - Sync 1 DAGs
[2023-02-03T04:48:10.478+0000] {logging_mixin.py:137} INFO - [2023-02-03T04:48:10.477+0000] {dag.py:3441} INFO - Setting next_dagrun for our_first_dag_v2 to 2021-09-19T00:00:00+00:00, run_after=2021-09-20T00:00:00+00:00
[2023-02-03T04:48:10.522+0000] {processor.py:175} INFO - Processing /opt/airflow/dags/second_dag.py took 0.189 seconds
[2023-02-03T04:48:41.018+0000] {processor.py:153} INFO - Started process (PID=809) to work on /opt/airflow/dags/second_dag.py
[2023-02-03T04:48:41.021+0000] {processor.py:743} INFO - Processing file /opt/airflow/dags/second_dag.py for tasks to queue
[2023-02-03T04:48:41.023+0000] {logging_mixin.py:137} INFO - [2023-02-03T04:48:41.023+0000] {dagbag.py:538} INFO - Filling up the DagBag from /opt/airflow/dags/second_dag.py
[2023-02-03T04:48:41.055+0000] {processor.py:753} INFO - DAG(s) dict_keys(['our_first_dag_v2']) retrieved from /opt/airflow/dags/second_dag.py
[2023-02-03T04:48:41.127+0000] {logging_mixin.py:137} INFO - [2023-02-03T04:48:41.127+0000] {dag.py:2690} INFO - Sync 1 DAGs
[2023-02-03T04:48:41.176+0000] {logging_mixin.py:137} INFO - [2023-02-03T04:48:41.175+0000] {dag.py:3441} INFO - Setting next_dagrun for our_first_dag_v2 to 2021-09-19T00:00:00+00:00, run_after=2021-09-20T00:00:00+00:00
[2023-02-03T04:48:41.200+0000] {processor.py:175} INFO - Processing /opt/airflow/dags/second_dag.py took 0.190 seconds
[2023-02-03T04:49:11.322+0000] {processor.py:153} INFO - Started process (PID=849) to work on /opt/airflow/dags/second_dag.py
[2023-02-03T04:49:11.325+0000] {processor.py:743} INFO - Processing file /opt/airflow/dags/second_dag.py for tasks to queue
[2023-02-03T04:49:11.327+0000] {logging_mixin.py:137} INFO - [2023-02-03T04:49:11.326+0000] {dagbag.py:538} INFO - Filling up the DagBag from /opt/airflow/dags/second_dag.py
[2023-02-03T04:49:11.358+0000] {processor.py:753} INFO - DAG(s) dict_keys(['our_first_dag_v2']) retrieved from /opt/airflow/dags/second_dag.py
[2023-02-03T04:49:11.402+0000] {logging_mixin.py:137} INFO - [2023-02-03T04:49:11.402+0000] {dag.py:2690} INFO - Sync 1 DAGs
[2023-02-03T04:49:11.444+0000] {logging_mixin.py:137} INFO - [2023-02-03T04:49:11.444+0000] {dag.py:3441} INFO - Setting next_dagrun for our_first_dag_v2 to 2021-09-19T00:00:00+00:00, run_after=2021-09-20T00:00:00+00:00
[2023-02-03T04:49:11.474+0000] {processor.py:175} INFO - Processing /opt/airflow/dags/second_dag.py took 0.161 seconds
[2023-02-03T04:49:41.650+0000] {processor.py:153} INFO - Started process (PID=899) to work on /opt/airflow/dags/second_dag.py
[2023-02-03T04:49:41.653+0000] {processor.py:743} INFO - Processing file /opt/airflow/dags/second_dag.py for tasks to queue
[2023-02-03T04:49:41.654+0000] {logging_mixin.py:137} INFO - [2023-02-03T04:49:41.654+0000] {dagbag.py:538} INFO - Filling up the DagBag from /opt/airflow/dags/second_dag.py
[2023-02-03T04:49:41.703+0000] {processor.py:753} INFO - DAG(s) dict_keys(['our_first_dag_v2']) retrieved from /opt/airflow/dags/second_dag.py
[2023-02-03T04:49:41.742+0000] {logging_mixin.py:137} INFO - [2023-02-03T04:49:41.742+0000] {dag.py:2690} INFO - Sync 1 DAGs
[2023-02-03T04:49:41.774+0000] {logging_mixin.py:137} INFO - [2023-02-03T04:49:41.774+0000] {dag.py:3441} INFO - Setting next_dagrun for our_first_dag_v2 to 2021-09-19T00:00:00+00:00, run_after=2021-09-20T00:00:00+00:00
[2023-02-03T04:49:41.795+0000] {processor.py:175} INFO - Processing /opt/airflow/dags/second_dag.py took 0.150 seconds
[2023-02-03T04:50:12.134+0000] {processor.py:153} INFO - Started process (PID=938) to work on /opt/airflow/dags/second_dag.py
[2023-02-03T04:50:12.136+0000] {processor.py:743} INFO - Processing file /opt/airflow/dags/second_dag.py for tasks to queue
[2023-02-03T04:50:12.138+0000] {logging_mixin.py:137} INFO - [2023-02-03T04:50:12.138+0000] {dagbag.py:538} INFO - Filling up the DagBag from /opt/airflow/dags/second_dag.py
[2023-02-03T04:50:12.168+0000] {processor.py:753} INFO - DAG(s) dict_keys(['our_first_dag_v2']) retrieved from /opt/airflow/dags/second_dag.py
[2023-02-03T04:50:12.209+0000] {logging_mixin.py:137} INFO - [2023-02-03T04:50:12.209+0000] {dag.py:2690} INFO - Sync 1 DAGs
[2023-02-03T04:50:12.243+0000] {logging_mixin.py:137} INFO - [2023-02-03T04:50:12.243+0000] {dag.py:3441} INFO - Setting next_dagrun for our_first_dag_v2 to 2021-09-19T00:00:00+00:00, run_after=2021-09-20T00:00:00+00:00
[2023-02-03T04:50:12.275+0000] {processor.py:175} INFO - Processing /opt/airflow/dags/second_dag.py took 0.146 seconds
[2023-02-03T04:50:42.465+0000] {processor.py:153} INFO - Started process (PID=988) to work on /opt/airflow/dags/second_dag.py
[2023-02-03T04:50:42.467+0000] {processor.py:743} INFO - Processing file /opt/airflow/dags/second_dag.py for tasks to queue
[2023-02-03T04:50:42.469+0000] {logging_mixin.py:137} INFO - [2023-02-03T04:50:42.469+0000] {dagbag.py:538} INFO - Filling up the DagBag from /opt/airflow/dags/second_dag.py
[2023-02-03T04:50:42.494+0000] {processor.py:753} INFO - DAG(s) dict_keys(['our_first_dag_v2']) retrieved from /opt/airflow/dags/second_dag.py
[2023-02-03T04:50:42.536+0000] {logging_mixin.py:137} INFO - [2023-02-03T04:50:42.536+0000] {dag.py:2690} INFO - Sync 1 DAGs
[2023-02-03T04:50:42.575+0000] {logging_mixin.py:137} INFO - [2023-02-03T04:50:42.575+0000] {dag.py:3441} INFO - Setting next_dagrun for our_first_dag_v2 to 2021-09-19T00:00:00+00:00, run_after=2021-09-20T00:00:00+00:00
[2023-02-03T04:50:42.593+0000] {processor.py:175} INFO - Processing /opt/airflow/dags/second_dag.py took 0.136 seconds
[2023-02-03T04:51:12.690+0000] {processor.py:153} INFO - Started process (PID=1026) to work on /opt/airflow/dags/second_dag.py
[2023-02-03T04:51:12.692+0000] {processor.py:743} INFO - Processing file /opt/airflow/dags/second_dag.py for tasks to queue
[2023-02-03T04:51:12.693+0000] {logging_mixin.py:137} INFO - [2023-02-03T04:51:12.693+0000] {dagbag.py:538} INFO - Filling up the DagBag from /opt/airflow/dags/second_dag.py
[2023-02-03T04:51:12.729+0000] {processor.py:753} INFO - DAG(s) dict_keys(['our_first_dag_v2']) retrieved from /opt/airflow/dags/second_dag.py
[2023-02-03T04:51:12.775+0000] {logging_mixin.py:137} INFO - [2023-02-03T04:51:12.775+0000] {dag.py:2690} INFO - Sync 1 DAGs
[2023-02-03T04:51:12.818+0000] {logging_mixin.py:137} INFO - [2023-02-03T04:51:12.817+0000] {dag.py:3441} INFO - Setting next_dagrun for our_first_dag_v2 to 2021-09-19T00:00:00+00:00, run_after=2021-09-20T00:00:00+00:00
[2023-02-03T04:51:12.842+0000] {processor.py:175} INFO - Processing /opt/airflow/dags/second_dag.py took 0.158 seconds
[2023-02-03T04:51:43.115+0000] {processor.py:153} INFO - Started process (PID=1076) to work on /opt/airflow/dags/second_dag.py
[2023-02-03T04:51:43.118+0000] {processor.py:743} INFO - Processing file /opt/airflow/dags/second_dag.py for tasks to queue
[2023-02-03T04:51:43.120+0000] {logging_mixin.py:137} INFO - [2023-02-03T04:51:43.120+0000] {dagbag.py:538} INFO - Filling up the DagBag from /opt/airflow/dags/second_dag.py
[2023-02-03T04:51:43.163+0000] {processor.py:753} INFO - DAG(s) dict_keys(['our_first_dag_v2']) retrieved from /opt/airflow/dags/second_dag.py
[2023-02-03T04:51:43.255+0000] {logging_mixin.py:137} INFO - [2023-02-03T04:51:43.255+0000] {dag.py:2690} INFO - Sync 1 DAGs
[2023-02-03T04:51:43.289+0000] {logging_mixin.py:137} INFO - [2023-02-03T04:51:43.289+0000] {dag.py:3441} INFO - Setting next_dagrun for our_first_dag_v2 to 2021-09-19T00:00:00+00:00, run_after=2021-09-20T00:00:00+00:00
[2023-02-03T04:51:43.308+0000] {processor.py:175} INFO - Processing /opt/airflow/dags/second_dag.py took 0.204 seconds
[2023-02-03T04:52:13.664+0000] {processor.py:153} INFO - Started process (PID=1115) to work on /opt/airflow/dags/second_dag.py
[2023-02-03T04:52:13.667+0000] {processor.py:743} INFO - Processing file /opt/airflow/dags/second_dag.py for tasks to queue
[2023-02-03T04:52:13.668+0000] {logging_mixin.py:137} INFO - [2023-02-03T04:52:13.668+0000] {dagbag.py:538} INFO - Filling up the DagBag from /opt/airflow/dags/second_dag.py
[2023-02-03T04:52:13.715+0000] {processor.py:753} INFO - DAG(s) dict_keys(['our_first_dag_v2']) retrieved from /opt/airflow/dags/second_dag.py
[2023-02-03T04:52:13.774+0000] {logging_mixin.py:137} INFO - [2023-02-03T04:52:13.774+0000] {dag.py:2690} INFO - Sync 1 DAGs
[2023-02-03T04:52:13.831+0000] {logging_mixin.py:137} INFO - [2023-02-03T04:52:13.831+0000] {dag.py:3441} INFO - Setting next_dagrun for our_first_dag_v2 to 2021-09-19T00:00:00+00:00, run_after=2021-09-20T00:00:00+00:00
[2023-02-03T04:52:13.854+0000] {processor.py:175} INFO - Processing /opt/airflow/dags/second_dag.py took 0.197 seconds
[2023-02-03T04:52:44.307+0000] {processor.py:153} INFO - Started process (PID=1153) to work on /opt/airflow/dags/second_dag.py
[2023-02-03T04:52:44.309+0000] {processor.py:743} INFO - Processing file /opt/airflow/dags/second_dag.py for tasks to queue
[2023-02-03T04:52:44.311+0000] {logging_mixin.py:137} INFO - [2023-02-03T04:52:44.311+0000] {dagbag.py:538} INFO - Filling up the DagBag from /opt/airflow/dags/second_dag.py
[2023-02-03T04:52:44.339+0000] {processor.py:753} INFO - DAG(s) dict_keys(['our_first_dag_v2']) retrieved from /opt/airflow/dags/second_dag.py
[2023-02-03T04:52:44.386+0000] {logging_mixin.py:137} INFO - [2023-02-03T04:52:44.385+0000] {dag.py:2690} INFO - Sync 1 DAGs
[2023-02-03T04:52:44.418+0000] {logging_mixin.py:137} INFO - [2023-02-03T04:52:44.418+0000] {dag.py:3441} INFO - Setting next_dagrun for our_first_dag_v2 to 2021-09-19T00:00:00+00:00, run_after=2021-09-20T00:00:00+00:00
[2023-02-03T04:52:44.436+0000] {processor.py:175} INFO - Processing /opt/airflow/dags/second_dag.py took 0.137 seconds
[2023-02-03T04:53:14.610+0000] {processor.py:153} INFO - Started process (PID=1204) to work on /opt/airflow/dags/second_dag.py
[2023-02-03T04:53:14.612+0000] {processor.py:743} INFO - Processing file /opt/airflow/dags/second_dag.py for tasks to queue
[2023-02-03T04:53:14.614+0000] {logging_mixin.py:137} INFO - [2023-02-03T04:53:14.613+0000] {dagbag.py:538} INFO - Filling up the DagBag from /opt/airflow/dags/second_dag.py
[2023-02-03T04:53:14.643+0000] {processor.py:753} INFO - DAG(s) dict_keys(['our_first_dag_v2']) retrieved from /opt/airflow/dags/second_dag.py
[2023-02-03T04:53:14.691+0000] {logging_mixin.py:137} INFO - [2023-02-03T04:53:14.691+0000] {dag.py:2690} INFO - Sync 1 DAGs
[2023-02-03T04:53:14.724+0000] {logging_mixin.py:137} INFO - [2023-02-03T04:53:14.724+0000] {dag.py:3441} INFO - Setting next_dagrun for our_first_dag_v2 to 2021-09-19T00:00:00+00:00, run_after=2021-09-20T00:00:00+00:00
[2023-02-03T04:53:14.743+0000] {processor.py:175} INFO - Processing /opt/airflow/dags/second_dag.py took 0.139 seconds
[2023-02-03T04:53:45.134+0000] {processor.py:153} INFO - Started process (PID=1241) to work on /opt/airflow/dags/second_dag.py
[2023-02-03T04:53:45.137+0000] {processor.py:743} INFO - Processing file /opt/airflow/dags/second_dag.py for tasks to queue
[2023-02-03T04:53:45.138+0000] {logging_mixin.py:137} INFO - [2023-02-03T04:53:45.138+0000] {dagbag.py:538} INFO - Filling up the DagBag from /opt/airflow/dags/second_dag.py
[2023-02-03T04:53:45.170+0000] {processor.py:753} INFO - DAG(s) dict_keys(['our_first_dag_v2']) retrieved from /opt/airflow/dags/second_dag.py
[2023-02-03T04:53:45.233+0000] {logging_mixin.py:137} INFO - [2023-02-03T04:53:45.233+0000] {dag.py:2690} INFO - Sync 1 DAGs
[2023-02-03T04:53:45.271+0000] {logging_mixin.py:137} INFO - [2023-02-03T04:53:45.270+0000] {dag.py:3441} INFO - Setting next_dagrun for our_first_dag_v2 to 2021-09-19T00:00:00+00:00, run_after=2021-09-20T00:00:00+00:00
[2023-02-03T04:53:45.292+0000] {processor.py:175} INFO - Processing /opt/airflow/dags/second_dag.py took 0.169 seconds
[2023-02-03T04:54:15.607+0000] {processor.py:153} INFO - Started process (PID=1291) to work on /opt/airflow/dags/second_dag.py
[2023-02-03T04:54:15.612+0000] {processor.py:743} INFO - Processing file /opt/airflow/dags/second_dag.py for tasks to queue
[2023-02-03T04:54:15.615+0000] {logging_mixin.py:137} INFO - [2023-02-03T04:54:15.614+0000] {dagbag.py:538} INFO - Filling up the DagBag from /opt/airflow/dags/second_dag.py
[2023-02-03T04:54:15.688+0000] {processor.py:753} INFO - DAG(s) dict_keys(['our_first_dag_v2']) retrieved from /opt/airflow/dags/second_dag.py
[2023-02-03T04:54:15.809+0000] {logging_mixin.py:137} INFO - [2023-02-03T04:54:15.808+0000] {dag.py:2690} INFO - Sync 1 DAGs
[2023-02-03T04:54:15.884+0000] {logging_mixin.py:137} INFO - [2023-02-03T04:54:15.884+0000] {dag.py:3441} INFO - Setting next_dagrun for our_first_dag_v2 to 2021-09-19T00:00:00+00:00, run_after=2021-09-20T00:00:00+00:00
[2023-02-03T04:54:15.961+0000] {processor.py:175} INFO - Processing /opt/airflow/dags/second_dag.py took 0.382 seconds
[2023-02-03T04:54:46.092+0000] {processor.py:153} INFO - Started process (PID=1329) to work on /opt/airflow/dags/second_dag.py
[2023-02-03T04:54:46.095+0000] {processor.py:743} INFO - Processing file /opt/airflow/dags/second_dag.py for tasks to queue
[2023-02-03T04:54:46.097+0000] {logging_mixin.py:137} INFO - [2023-02-03T04:54:46.097+0000] {dagbag.py:538} INFO - Filling up the DagBag from /opt/airflow/dags/second_dag.py
[2023-02-03T04:54:46.154+0000] {processor.py:753} INFO - DAG(s) dict_keys(['our_first_dag_v2']) retrieved from /opt/airflow/dags/second_dag.py
[2023-02-03T04:54:46.200+0000] {logging_mixin.py:137} INFO - [2023-02-03T04:54:46.200+0000] {dag.py:2690} INFO - Sync 1 DAGs
[2023-02-03T04:54:46.234+0000] {logging_mixin.py:137} INFO - [2023-02-03T04:54:46.234+0000] {dag.py:3441} INFO - Setting next_dagrun for our_first_dag_v2 to 2021-09-19T00:00:00+00:00, run_after=2021-09-20T00:00:00+00:00
[2023-02-03T04:54:46.253+0000] {processor.py:175} INFO - Processing /opt/airflow/dags/second_dag.py took 0.170 seconds
[2023-02-03T04:55:16.347+0000] {processor.py:153} INFO - Started process (PID=1366) to work on /opt/airflow/dags/second_dag.py
[2023-02-03T04:55:16.350+0000] {processor.py:743} INFO - Processing file /opt/airflow/dags/second_dag.py for tasks to queue
[2023-02-03T04:55:16.352+0000] {logging_mixin.py:137} INFO - [2023-02-03T04:55:16.352+0000] {dagbag.py:538} INFO - Filling up the DagBag from /opt/airflow/dags/second_dag.py
[2023-02-03T04:55:16.413+0000] {processor.py:753} INFO - DAG(s) dict_keys(['our_first_dag_v2']) retrieved from /opt/airflow/dags/second_dag.py
[2023-02-03T04:55:16.468+0000] {logging_mixin.py:137} INFO - [2023-02-03T04:55:16.468+0000] {dag.py:2690} INFO - Sync 1 DAGs
[2023-02-03T04:55:16.511+0000] {logging_mixin.py:137} INFO - [2023-02-03T04:55:16.511+0000] {dag.py:3441} INFO - Setting next_dagrun for our_first_dag_v2 to 2021-09-19T00:00:00+00:00, run_after=2021-09-20T00:00:00+00:00
[2023-02-03T04:55:16.533+0000] {processor.py:175} INFO - Processing /opt/airflow/dags/second_dag.py took 0.193 seconds
[2023-02-03T04:55:46.734+0000] {processor.py:153} INFO - Started process (PID=1416) to work on /opt/airflow/dags/second_dag.py
[2023-02-03T04:55:46.737+0000] {processor.py:743} INFO - Processing file /opt/airflow/dags/second_dag.py for tasks to queue
[2023-02-03T04:55:46.739+0000] {logging_mixin.py:137} INFO - [2023-02-03T04:55:46.739+0000] {dagbag.py:538} INFO - Filling up the DagBag from /opt/airflow/dags/second_dag.py
[2023-02-03T04:55:46.781+0000] {processor.py:753} INFO - DAG(s) dict_keys(['our_first_dag_v2']) retrieved from /opt/airflow/dags/second_dag.py
[2023-02-03T04:55:46.840+0000] {logging_mixin.py:137} INFO - [2023-02-03T04:55:46.840+0000] {dag.py:2690} INFO - Sync 1 DAGs
[2023-02-03T04:55:46.894+0000] {logging_mixin.py:137} INFO - [2023-02-03T04:55:46.894+0000] {dag.py:3441} INFO - Setting next_dagrun for our_first_dag_v2 to 2021-09-19T00:00:00+00:00, run_after=2021-09-20T00:00:00+00:00
[2023-02-03T04:55:46.934+0000] {processor.py:175} INFO - Processing /opt/airflow/dags/second_dag.py took 0.207 seconds
[2023-02-03T04:56:17.361+0000] {processor.py:153} INFO - Started process (PID=1454) to work on /opt/airflow/dags/second_dag.py
[2023-02-03T04:56:17.365+0000] {processor.py:743} INFO - Processing file /opt/airflow/dags/second_dag.py for tasks to queue
[2023-02-03T04:56:17.367+0000] {logging_mixin.py:137} INFO - [2023-02-03T04:56:17.367+0000] {dagbag.py:538} INFO - Filling up the DagBag from /opt/airflow/dags/second_dag.py
[2023-02-03T04:56:17.425+0000] {processor.py:753} INFO - DAG(s) dict_keys(['our_first_dag_v2']) retrieved from /opt/airflow/dags/second_dag.py
[2023-02-03T04:56:17.490+0000] {logging_mixin.py:137} INFO - [2023-02-03T04:56:17.490+0000] {dag.py:2690} INFO - Sync 1 DAGs
[2023-02-03T04:56:17.548+0000] {logging_mixin.py:137} INFO - [2023-02-03T04:56:17.547+0000] {dag.py:3441} INFO - Setting next_dagrun for our_first_dag_v2 to 2021-09-19T00:00:00+00:00, run_after=2021-09-20T00:00:00+00:00
[2023-02-03T04:56:17.573+0000] {processor.py:175} INFO - Processing /opt/airflow/dags/second_dag.py took 0.219 seconds
[2023-02-03T04:56:47.772+0000] {processor.py:153} INFO - Started process (PID=1492) to work on /opt/airflow/dags/second_dag.py
[2023-02-03T04:56:47.774+0000] {processor.py:743} INFO - Processing file /opt/airflow/dags/second_dag.py for tasks to queue
[2023-02-03T04:56:47.776+0000] {logging_mixin.py:137} INFO - [2023-02-03T04:56:47.775+0000] {dagbag.py:538} INFO - Filling up the DagBag from /opt/airflow/dags/second_dag.py
[2023-02-03T04:56:47.824+0000] {processor.py:753} INFO - DAG(s) dict_keys(['our_first_dag_v2']) retrieved from /opt/airflow/dags/second_dag.py
[2023-02-03T04:56:47.869+0000] {logging_mixin.py:137} INFO - [2023-02-03T04:56:47.868+0000] {dag.py:2690} INFO - Sync 1 DAGs
[2023-02-03T04:56:47.903+0000] {logging_mixin.py:137} INFO - [2023-02-03T04:56:47.903+0000] {dag.py:3441} INFO - Setting next_dagrun for our_first_dag_v2 to 2021-09-19T00:00:00+00:00, run_after=2021-09-20T00:00:00+00:00
[2023-02-03T04:56:47.927+0000] {processor.py:175} INFO - Processing /opt/airflow/dags/second_dag.py took 0.160 seconds
[2023-02-03T04:57:18.058+0000] {processor.py:153} INFO - Started process (PID=1541) to work on /opt/airflow/dags/second_dag.py
[2023-02-03T04:57:18.060+0000] {processor.py:743} INFO - Processing file /opt/airflow/dags/second_dag.py for tasks to queue
[2023-02-03T04:57:18.061+0000] {logging_mixin.py:137} INFO - [2023-02-03T04:57:18.061+0000] {dagbag.py:538} INFO - Filling up the DagBag from /opt/airflow/dags/second_dag.py
[2023-02-03T04:57:18.084+0000] {processor.py:753} INFO - DAG(s) dict_keys(['our_first_dag_v2']) retrieved from /opt/airflow/dags/second_dag.py
[2023-02-03T04:57:18.112+0000] {logging_mixin.py:137} INFO - [2023-02-03T04:57:18.112+0000] {dag.py:2690} INFO - Sync 1 DAGs
[2023-02-03T04:57:18.138+0000] {logging_mixin.py:137} INFO - [2023-02-03T04:57:18.137+0000] {dag.py:3441} INFO - Setting next_dagrun for our_first_dag_v2 to 2021-09-19T00:00:00+00:00, run_after=2021-09-20T00:00:00+00:00
[2023-02-03T04:57:18.154+0000] {processor.py:175} INFO - Processing /opt/airflow/dags/second_dag.py took 0.101 seconds
[2023-02-03T04:57:48.315+0000] {processor.py:153} INFO - Started process (PID=1579) to work on /opt/airflow/dags/second_dag.py
[2023-02-03T04:57:48.318+0000] {processor.py:743} INFO - Processing file /opt/airflow/dags/second_dag.py for tasks to queue
[2023-02-03T04:57:48.319+0000] {logging_mixin.py:137} INFO - [2023-02-03T04:57:48.319+0000] {dagbag.py:538} INFO - Filling up the DagBag from /opt/airflow/dags/second_dag.py
[2023-02-03T04:57:48.363+0000] {processor.py:753} INFO - DAG(s) dict_keys(['our_first_dag_v2']) retrieved from /opt/airflow/dags/second_dag.py
[2023-02-03T04:57:48.402+0000] {logging_mixin.py:137} INFO - [2023-02-03T04:57:48.402+0000] {dag.py:2690} INFO - Sync 1 DAGs
[2023-02-03T04:57:48.432+0000] {logging_mixin.py:137} INFO - [2023-02-03T04:57:48.431+0000] {dag.py:3441} INFO - Setting next_dagrun for our_first_dag_v2 to 2021-09-19T00:00:00+00:00, run_after=2021-09-20T00:00:00+00:00
[2023-02-03T04:57:48.449+0000] {processor.py:175} INFO - Processing /opt/airflow/dags/second_dag.py took 0.143 seconds
[2023-02-03T04:58:18.568+0000] {processor.py:153} INFO - Started process (PID=1629) to work on /opt/airflow/dags/second_dag.py
[2023-02-03T04:58:18.571+0000] {processor.py:743} INFO - Processing file /opt/airflow/dags/second_dag.py for tasks to queue
[2023-02-03T04:58:18.572+0000] {logging_mixin.py:137} INFO - [2023-02-03T04:58:18.572+0000] {dagbag.py:538} INFO - Filling up the DagBag from /opt/airflow/dags/second_dag.py
[2023-02-03T04:58:18.592+0000] {processor.py:753} INFO - DAG(s) dict_keys(['our_first_dag_v2']) retrieved from /opt/airflow/dags/second_dag.py
[2023-02-03T04:58:18.619+0000] {logging_mixin.py:137} INFO - [2023-02-03T04:58:18.619+0000] {dag.py:2690} INFO - Sync 1 DAGs
[2023-02-03T04:58:18.643+0000] {logging_mixin.py:137} INFO - [2023-02-03T04:58:18.642+0000] {dag.py:3441} INFO - Setting next_dagrun for our_first_dag_v2 to 2021-09-19T00:00:00+00:00, run_after=2021-09-20T00:00:00+00:00
[2023-02-03T04:58:18.657+0000] {processor.py:175} INFO - Processing /opt/airflow/dags/second_dag.py took 0.093 seconds
[2023-02-03T04:58:48.858+0000] {processor.py:153} INFO - Started process (PID=1668) to work on /opt/airflow/dags/second_dag.py
[2023-02-03T04:58:48.860+0000] {processor.py:743} INFO - Processing file /opt/airflow/dags/second_dag.py for tasks to queue
[2023-02-03T04:58:48.861+0000] {logging_mixin.py:137} INFO - [2023-02-03T04:58:48.861+0000] {dagbag.py:538} INFO - Filling up the DagBag from /opt/airflow/dags/second_dag.py
[2023-02-03T04:58:48.881+0000] {processor.py:753} INFO - DAG(s) dict_keys(['our_first_dag_v2']) retrieved from /opt/airflow/dags/second_dag.py
[2023-02-03T04:58:48.908+0000] {logging_mixin.py:137} INFO - [2023-02-03T04:58:48.908+0000] {dag.py:2690} INFO - Sync 1 DAGs
[2023-02-03T04:58:48.931+0000] {logging_mixin.py:137} INFO - [2023-02-03T04:58:48.931+0000] {dag.py:3441} INFO - Setting next_dagrun for our_first_dag_v2 to 2021-09-19T00:00:00+00:00, run_after=2021-09-20T00:00:00+00:00
[2023-02-03T04:58:48.946+0000] {processor.py:175} INFO - Processing /opt/airflow/dags/second_dag.py took 0.094 seconds
[2023-02-03T04:59:19.118+0000] {processor.py:153} INFO - Started process (PID=1718) to work on /opt/airflow/dags/second_dag.py
[2023-02-03T04:59:19.120+0000] {processor.py:743} INFO - Processing file /opt/airflow/dags/second_dag.py for tasks to queue
[2023-02-03T04:59:19.121+0000] {logging_mixin.py:137} INFO - [2023-02-03T04:59:19.121+0000] {dagbag.py:538} INFO - Filling up the DagBag from /opt/airflow/dags/second_dag.py
[2023-02-03T04:59:19.149+0000] {processor.py:753} INFO - DAG(s) dict_keys(['our_first_dag_v2']) retrieved from /opt/airflow/dags/second_dag.py
[2023-02-03T04:59:19.183+0000] {logging_mixin.py:137} INFO - [2023-02-03T04:59:19.183+0000] {dag.py:2690} INFO - Sync 1 DAGs
[2023-02-03T04:59:19.206+0000] {logging_mixin.py:137} INFO - [2023-02-03T04:59:19.206+0000] {dag.py:3441} INFO - Setting next_dagrun for our_first_dag_v2 to 2021-09-19T00:00:00+00:00, run_after=2021-09-20T00:00:00+00:00
[2023-02-03T04:59:19.223+0000] {processor.py:175} INFO - Processing /opt/airflow/dags/second_dag.py took 0.112 seconds
[2023-02-03T04:59:49.363+0000] {processor.py:153} INFO - Started process (PID=1756) to work on /opt/airflow/dags/second_dag.py
[2023-02-03T04:59:49.365+0000] {processor.py:743} INFO - Processing file /opt/airflow/dags/second_dag.py for tasks to queue
[2023-02-03T04:59:49.366+0000] {logging_mixin.py:137} INFO - [2023-02-03T04:59:49.366+0000] {dagbag.py:538} INFO - Filling up the DagBag from /opt/airflow/dags/second_dag.py
[2023-02-03T04:59:49.390+0000] {processor.py:753} INFO - DAG(s) dict_keys(['our_first_dag_v2']) retrieved from /opt/airflow/dags/second_dag.py
[2023-02-03T04:59:49.421+0000] {logging_mixin.py:137} INFO - [2023-02-03T04:59:49.421+0000] {dag.py:2690} INFO - Sync 1 DAGs
[2023-02-03T04:59:49.447+0000] {logging_mixin.py:137} INFO - [2023-02-03T04:59:49.447+0000] {dag.py:3441} INFO - Setting next_dagrun for our_first_dag_v2 to 2021-09-19T00:00:00+00:00, run_after=2021-09-20T00:00:00+00:00
[2023-02-03T04:59:49.467+0000] {processor.py:175} INFO - Processing /opt/airflow/dags/second_dag.py took 0.112 seconds
[2023-02-03T05:00:19.606+0000] {processor.py:153} INFO - Started process (PID=1806) to work on /opt/airflow/dags/second_dag.py
[2023-02-03T05:00:19.608+0000] {processor.py:743} INFO - Processing file /opt/airflow/dags/second_dag.py for tasks to queue
[2023-02-03T05:00:19.609+0000] {logging_mixin.py:137} INFO - [2023-02-03T05:00:19.609+0000] {dagbag.py:538} INFO - Filling up the DagBag from /opt/airflow/dags/second_dag.py
[2023-02-03T05:00:19.638+0000] {processor.py:753} INFO - DAG(s) dict_keys(['our_first_dag_v2']) retrieved from /opt/airflow/dags/second_dag.py
[2023-02-03T05:00:19.705+0000] {logging_mixin.py:137} INFO - [2023-02-03T05:00:19.705+0000] {dag.py:2690} INFO - Sync 1 DAGs
[2023-02-03T05:00:19.737+0000] {logging_mixin.py:137} INFO - [2023-02-03T05:00:19.737+0000] {dag.py:3441} INFO - Setting next_dagrun for our_first_dag_v2 to 2021-09-19T00:00:00+00:00, run_after=2021-09-20T00:00:00+00:00
[2023-02-03T05:00:19.760+0000] {processor.py:175} INFO - Processing /opt/airflow/dags/second_dag.py took 0.160 seconds
[2023-02-03T05:00:49.916+0000] {processor.py:153} INFO - Started process (PID=1845) to work on /opt/airflow/dags/second_dag.py
[2023-02-03T05:00:49.918+0000] {processor.py:743} INFO - Processing file /opt/airflow/dags/second_dag.py for tasks to queue
[2023-02-03T05:00:49.920+0000] {logging_mixin.py:137} INFO - [2023-02-03T05:00:49.919+0000] {dagbag.py:538} INFO - Filling up the DagBag from /opt/airflow/dags/second_dag.py
[2023-02-03T05:00:49.940+0000] {processor.py:753} INFO - DAG(s) dict_keys(['our_first_dag_v2']) retrieved from /opt/airflow/dags/second_dag.py
[2023-02-03T05:00:49.967+0000] {logging_mixin.py:137} INFO - [2023-02-03T05:00:49.967+0000] {dag.py:2690} INFO - Sync 1 DAGs
[2023-02-03T05:00:49.993+0000] {logging_mixin.py:137} INFO - [2023-02-03T05:00:49.993+0000] {dag.py:3441} INFO - Setting next_dagrun for our_first_dag_v2 to 2021-09-19T00:00:00+00:00, run_after=2021-09-20T00:00:00+00:00
[2023-02-03T05:00:50.010+0000] {processor.py:175} INFO - Processing /opt/airflow/dags/second_dag.py took 0.097 seconds
[2023-02-03T05:01:20.092+0000] {processor.py:153} INFO - Started process (PID=1895) to work on /opt/airflow/dags/second_dag.py
[2023-02-03T05:01:20.095+0000] {processor.py:743} INFO - Processing file /opt/airflow/dags/second_dag.py for tasks to queue
[2023-02-03T05:01:20.096+0000] {logging_mixin.py:137} INFO - [2023-02-03T05:01:20.096+0000] {dagbag.py:538} INFO - Filling up the DagBag from /opt/airflow/dags/second_dag.py
[2023-02-03T05:01:20.126+0000] {processor.py:753} INFO - DAG(s) dict_keys(['our_first_dag_v2']) retrieved from /opt/airflow/dags/second_dag.py
[2023-02-03T05:01:20.161+0000] {logging_mixin.py:137} INFO - [2023-02-03T05:01:20.161+0000] {dag.py:2690} INFO - Sync 1 DAGs
[2023-02-03T05:01:20.191+0000] {logging_mixin.py:137} INFO - [2023-02-03T05:01:20.191+0000] {dag.py:3441} INFO - Setting next_dagrun for our_first_dag_v2 to 2021-09-19T00:00:00+00:00, run_after=2021-09-20T00:00:00+00:00
[2023-02-03T05:01:20.208+0000] {processor.py:175} INFO - Processing /opt/airflow/dags/second_dag.py took 0.122 seconds
[2023-02-03T05:01:50.265+0000] {processor.py:153} INFO - Started process (PID=1933) to work on /opt/airflow/dags/second_dag.py
[2023-02-03T05:01:50.267+0000] {processor.py:743} INFO - Processing file /opt/airflow/dags/second_dag.py for tasks to queue
[2023-02-03T05:01:50.268+0000] {logging_mixin.py:137} INFO - [2023-02-03T05:01:50.268+0000] {dagbag.py:538} INFO - Filling up the DagBag from /opt/airflow/dags/second_dag.py
[2023-02-03T05:01:50.287+0000] {processor.py:753} INFO - DAG(s) dict_keys(['our_first_dag_v2']) retrieved from /opt/airflow/dags/second_dag.py
[2023-02-03T05:01:50.321+0000] {logging_mixin.py:137} INFO - [2023-02-03T05:01:50.321+0000] {dag.py:2690} INFO - Sync 1 DAGs
[2023-02-03T05:01:50.351+0000] {logging_mixin.py:137} INFO - [2023-02-03T05:01:50.351+0000] {dag.py:3441} INFO - Setting next_dagrun for our_first_dag_v2 to 2021-09-19T00:00:00+00:00, run_after=2021-09-20T00:00:00+00:00
[2023-02-03T05:01:50.369+0000] {processor.py:175} INFO - Processing /opt/airflow/dags/second_dag.py took 0.108 seconds
[2023-02-03T05:02:20.500+0000] {processor.py:153} INFO - Started process (PID=1982) to work on /opt/airflow/dags/second_dag.py
[2023-02-03T05:02:20.502+0000] {processor.py:743} INFO - Processing file /opt/airflow/dags/second_dag.py for tasks to queue
[2023-02-03T05:02:20.503+0000] {logging_mixin.py:137} INFO - [2023-02-03T05:02:20.503+0000] {dagbag.py:538} INFO - Filling up the DagBag from /opt/airflow/dags/second_dag.py
[2023-02-03T05:02:20.547+0000] {processor.py:753} INFO - DAG(s) dict_keys(['our_first_dag_v2']) retrieved from /opt/airflow/dags/second_dag.py
[2023-02-03T05:02:20.582+0000] {logging_mixin.py:137} INFO - [2023-02-03T05:02:20.582+0000] {dag.py:2690} INFO - Sync 1 DAGs
[2023-02-03T05:02:20.611+0000] {logging_mixin.py:137} INFO - [2023-02-03T05:02:20.611+0000] {dag.py:3441} INFO - Setting next_dagrun for our_first_dag_v2 to 2021-09-19T00:00:00+00:00, run_after=2021-09-20T00:00:00+00:00
[2023-02-03T05:02:20.629+0000] {processor.py:175} INFO - Processing /opt/airflow/dags/second_dag.py took 0.133 seconds
[2023-02-03T05:02:51.316+0000] {processor.py:153} INFO - Started process (PID=2020) to work on /opt/airflow/dags/second_dag.py
[2023-02-03T05:02:51.318+0000] {processor.py:743} INFO - Processing file /opt/airflow/dags/second_dag.py for tasks to queue
[2023-02-03T05:02:51.322+0000] {logging_mixin.py:137} INFO - [2023-02-03T05:02:51.322+0000] {dagbag.py:538} INFO - Filling up the DagBag from /opt/airflow/dags/second_dag.py
[2023-02-03T05:02:51.360+0000] {processor.py:753} INFO - DAG(s) dict_keys(['our_first_dag_v2']) retrieved from /opt/airflow/dags/second_dag.py
[2023-02-03T05:02:51.408+0000] {logging_mixin.py:137} INFO - [2023-02-03T05:02:51.408+0000] {dag.py:2690} INFO - Sync 1 DAGs
[2023-02-03T05:02:51.456+0000] {logging_mixin.py:137} INFO - [2023-02-03T05:02:51.455+0000] {dag.py:3441} INFO - Setting next_dagrun for our_first_dag_v2 to 2021-09-19T00:00:00+00:00, run_after=2021-09-20T00:00:00+00:00
[2023-02-03T05:02:51.480+0000] {processor.py:175} INFO - Processing /opt/airflow/dags/second_dag.py took 0.175 seconds
[2023-02-03T05:03:21.805+0000] {processor.py:153} INFO - Started process (PID=2066) to work on /opt/airflow/dags/second_dag.py
[2023-02-03T05:03:21.808+0000] {processor.py:743} INFO - Processing file /opt/airflow/dags/second_dag.py for tasks to queue
[2023-02-03T05:03:21.811+0000] {logging_mixin.py:137} INFO - [2023-02-03T05:03:21.810+0000] {dagbag.py:538} INFO - Filling up the DagBag from /opt/airflow/dags/second_dag.py
[2023-02-03T05:03:21.877+0000] {processor.py:753} INFO - DAG(s) dict_keys(['our_first_dag_v2']) retrieved from /opt/airflow/dags/second_dag.py
[2023-02-03T05:03:21.971+0000] {logging_mixin.py:137} INFO - [2023-02-03T05:03:21.970+0000] {dag.py:2690} INFO - Sync 1 DAGs
[2023-02-03T05:03:22.102+0000] {logging_mixin.py:137} INFO - [2023-02-03T05:03:22.101+0000] {dag.py:3441} INFO - Setting next_dagrun for our_first_dag_v2 to 2021-09-19T00:00:00+00:00, run_after=2021-09-20T00:00:00+00:00
[2023-02-03T05:03:22.151+0000] {processor.py:175} INFO - Processing /opt/airflow/dags/second_dag.py took 0.360 seconds
