[2023-02-03T04:39:32.694+0000] {processor.py:153} INFO - Started process (PID=76) to work on /opt/airflow/dags/third_dag.py
[2023-02-03T04:39:32.702+0000] {processor.py:743} INFO - Processing file /opt/airflow/dags/third_dag.py for tasks to queue
[2023-02-03T04:39:32.713+0000] {logging_mixin.py:137} INFO - [2023-02-03T04:39:32.712+0000] {dagbag.py:538} INFO - Filling up the DagBag from /opt/airflow/dags/third_dag.py
[2023-02-03T04:39:33.383+0000] {processor.py:753} INFO - DAG(s) dict_keys(['our_first_dag_v3']) retrieved from /opt/airflow/dags/third_dag.py
[2023-02-03T04:39:34.013+0000] {logging_mixin.py:137} INFO - [2023-02-03T04:39:34.012+0000] {dag.py:2690} INFO - Sync 1 DAGs
[2023-02-03T04:39:34.182+0000] {logging_mixin.py:137} INFO - [2023-02-03T04:39:34.182+0000] {dag.py:3441} INFO - Setting next_dagrun for our_first_dag_v3 to 2021-09-19T00:00:00+00:00, run_after=2021-09-20T00:00:00+00:00
[2023-02-03T04:39:34.294+0000] {processor.py:175} INFO - Processing /opt/airflow/dags/third_dag.py took 1.635 seconds
[2023-02-03T04:40:06.957+0000] {processor.py:153} INFO - Started process (PID=107) to work on /opt/airflow/dags/third_dag.py
[2023-02-03T04:40:06.992+0000] {processor.py:743} INFO - Processing file /opt/airflow/dags/third_dag.py for tasks to queue
[2023-02-03T04:40:07.006+0000] {logging_mixin.py:137} INFO - [2023-02-03T04:40:07.006+0000] {dagbag.py:538} INFO - Filling up the DagBag from /opt/airflow/dags/third_dag.py
[2023-02-03T04:40:07.580+0000] {processor.py:753} INFO - DAG(s) dict_keys(['our_first_dag_v3']) retrieved from /opt/airflow/dags/third_dag.py
[2023-02-03T04:40:07.961+0000] {logging_mixin.py:137} INFO - [2023-02-03T04:40:07.961+0000] {dag.py:2690} INFO - Sync 1 DAGs
[2023-02-03T04:40:08.293+0000] {logging_mixin.py:137} INFO - [2023-02-03T04:40:08.292+0000] {dag.py:3441} INFO - Setting next_dagrun for our_first_dag_v3 to 2021-09-19T00:00:00+00:00, run_after=2021-09-20T00:00:00+00:00
[2023-02-03T04:40:08.490+0000] {processor.py:175} INFO - Processing /opt/airflow/dags/third_dag.py took 1.575 seconds
[2023-02-03T04:40:39.255+0000] {processor.py:153} INFO - Started process (PID=149) to work on /opt/airflow/dags/third_dag.py
[2023-02-03T04:40:39.263+0000] {processor.py:743} INFO - Processing file /opt/airflow/dags/third_dag.py for tasks to queue
[2023-02-03T04:40:39.267+0000] {logging_mixin.py:137} INFO - [2023-02-03T04:40:39.267+0000] {dagbag.py:538} INFO - Filling up the DagBag from /opt/airflow/dags/third_dag.py
[2023-02-03T04:40:39.378+0000] {processor.py:753} INFO - DAG(s) dict_keys(['our_first_dag_v3']) retrieved from /opt/airflow/dags/third_dag.py
[2023-02-03T04:40:39.490+0000] {logging_mixin.py:137} INFO - [2023-02-03T04:40:39.490+0000] {dag.py:2690} INFO - Sync 1 DAGs
[2023-02-03T04:40:39.574+0000] {logging_mixin.py:137} INFO - [2023-02-03T04:40:39.574+0000] {dag.py:3441} INFO - Setting next_dagrun for our_first_dag_v3 to 2021-09-19T00:00:00+00:00, run_after=2021-09-20T00:00:00+00:00
[2023-02-03T04:40:39.615+0000] {processor.py:175} INFO - Processing /opt/airflow/dags/third_dag.py took 0.389 seconds
[2023-02-03T04:41:10.290+0000] {processor.py:153} INFO - Started process (PID=190) to work on /opt/airflow/dags/third_dag.py
[2023-02-03T04:41:10.294+0000] {processor.py:743} INFO - Processing file /opt/airflow/dags/third_dag.py for tasks to queue
[2023-02-03T04:41:10.296+0000] {logging_mixin.py:137} INFO - [2023-02-03T04:41:10.295+0000] {dagbag.py:538} INFO - Filling up the DagBag from /opt/airflow/dags/third_dag.py
[2023-02-03T04:41:10.326+0000] {processor.py:753} INFO - DAG(s) dict_keys(['our_first_dag_v3']) retrieved from /opt/airflow/dags/third_dag.py
[2023-02-03T04:41:10.362+0000] {logging_mixin.py:137} INFO - [2023-02-03T04:41:10.362+0000] {dag.py:2690} INFO - Sync 1 DAGs
[2023-02-03T04:41:10.390+0000] {logging_mixin.py:137} INFO - [2023-02-03T04:41:10.390+0000] {dag.py:3441} INFO - Setting next_dagrun for our_first_dag_v3 to 2021-09-19T00:00:00+00:00, run_after=2021-09-20T00:00:00+00:00
[2023-02-03T04:41:10.408+0000] {processor.py:175} INFO - Processing /opt/airflow/dags/third_dag.py took 0.126 seconds
[2023-02-03T04:41:41.418+0000] {processor.py:153} INFO - Started process (PID=227) to work on /opt/airflow/dags/third_dag.py
[2023-02-03T04:41:41.421+0000] {processor.py:743} INFO - Processing file /opt/airflow/dags/third_dag.py for tasks to queue
[2023-02-03T04:41:41.423+0000] {logging_mixin.py:137} INFO - [2023-02-03T04:41:41.423+0000] {dagbag.py:538} INFO - Filling up the DagBag from /opt/airflow/dags/third_dag.py
[2023-02-03T04:41:41.473+0000] {processor.py:753} INFO - DAG(s) dict_keys(['our_first_dag_v3']) retrieved from /opt/airflow/dags/third_dag.py
[2023-02-03T04:41:41.575+0000] {logging_mixin.py:137} INFO - [2023-02-03T04:41:41.567+0000] {dag.py:2690} INFO - Sync 1 DAGs
[2023-02-03T04:41:41.693+0000] {logging_mixin.py:137} INFO - [2023-02-03T04:41:41.693+0000] {dag.py:3441} INFO - Setting next_dagrun for our_first_dag_v3 to 2021-09-19T00:00:00+00:00, run_after=2021-09-20T00:00:00+00:00
[2023-02-03T04:41:41.719+0000] {processor.py:175} INFO - Processing /opt/airflow/dags/third_dag.py took 0.309 seconds
[2023-02-03T04:42:11.984+0000] {processor.py:153} INFO - Started process (PID=264) to work on /opt/airflow/dags/third_dag.py
[2023-02-03T04:42:11.986+0000] {processor.py:743} INFO - Processing file /opt/airflow/dags/third_dag.py for tasks to queue
[2023-02-03T04:42:11.987+0000] {logging_mixin.py:137} INFO - [2023-02-03T04:42:11.987+0000] {dagbag.py:538} INFO - Filling up the DagBag from /opt/airflow/dags/third_dag.py
[2023-02-03T04:42:12.010+0000] {processor.py:753} INFO - DAG(s) dict_keys(['our_first_dag_v3']) retrieved from /opt/airflow/dags/third_dag.py
[2023-02-03T04:42:12.038+0000] {logging_mixin.py:137} INFO - [2023-02-03T04:42:12.038+0000] {dag.py:2690} INFO - Sync 1 DAGs
[2023-02-03T04:42:12.062+0000] {logging_mixin.py:137} INFO - [2023-02-03T04:42:12.062+0000] {dag.py:3441} INFO - Setting next_dagrun for our_first_dag_v3 to 2021-09-19T00:00:00+00:00, run_after=2021-09-20T00:00:00+00:00
[2023-02-03T04:42:12.077+0000] {processor.py:175} INFO - Processing /opt/airflow/dags/third_dag.py took 0.097 seconds
[2023-02-03T04:42:42.303+0000] {processor.py:153} INFO - Started process (PID=315) to work on /opt/airflow/dags/third_dag.py
[2023-02-03T04:42:42.309+0000] {processor.py:743} INFO - Processing file /opt/airflow/dags/third_dag.py for tasks to queue
[2023-02-03T04:42:42.313+0000] {logging_mixin.py:137} INFO - [2023-02-03T04:42:42.312+0000] {dagbag.py:538} INFO - Filling up the DagBag from /opt/airflow/dags/third_dag.py
[2023-02-03T04:42:42.393+0000] {processor.py:753} INFO - DAG(s) dict_keys(['our_first_dag_v3']) retrieved from /opt/airflow/dags/third_dag.py
[2023-02-03T04:42:42.453+0000] {logging_mixin.py:137} INFO - [2023-02-03T04:42:42.453+0000] {dag.py:2690} INFO - Sync 1 DAGs
[2023-02-03T04:42:42.513+0000] {logging_mixin.py:137} INFO - [2023-02-03T04:42:42.513+0000] {dag.py:3441} INFO - Setting next_dagrun for our_first_dag_v3 to 2021-09-19T00:00:00+00:00, run_after=2021-09-20T00:00:00+00:00
[2023-02-03T04:42:42.542+0000] {processor.py:175} INFO - Processing /opt/airflow/dags/third_dag.py took 0.254 seconds
[2023-02-03T04:43:12.846+0000] {processor.py:153} INFO - Started process (PID=353) to work on /opt/airflow/dags/third_dag.py
[2023-02-03T04:43:12.849+0000] {processor.py:743} INFO - Processing file /opt/airflow/dags/third_dag.py for tasks to queue
[2023-02-03T04:43:12.851+0000] {logging_mixin.py:137} INFO - [2023-02-03T04:43:12.850+0000] {dagbag.py:538} INFO - Filling up the DagBag from /opt/airflow/dags/third_dag.py
[2023-02-03T04:43:12.879+0000] {processor.py:753} INFO - DAG(s) dict_keys(['our_first_dag_v3']) retrieved from /opt/airflow/dags/third_dag.py
[2023-02-03T04:43:12.913+0000] {logging_mixin.py:137} INFO - [2023-02-03T04:43:12.913+0000] {dag.py:2690} INFO - Sync 1 DAGs
[2023-02-03T04:43:12.943+0000] {logging_mixin.py:137} INFO - [2023-02-03T04:43:12.943+0000] {dag.py:3441} INFO - Setting next_dagrun for our_first_dag_v3 to 2021-09-19T00:00:00+00:00, run_after=2021-09-20T00:00:00+00:00
[2023-02-03T04:43:12.964+0000] {processor.py:175} INFO - Processing /opt/airflow/dags/third_dag.py took 0.128 seconds
[2023-02-03T04:43:43.096+0000] {processor.py:153} INFO - Started process (PID=400) to work on /opt/airflow/dags/third_dag.py
[2023-02-03T04:43:43.098+0000] {processor.py:743} INFO - Processing file /opt/airflow/dags/third_dag.py for tasks to queue
[2023-02-03T04:43:43.100+0000] {logging_mixin.py:137} INFO - [2023-02-03T04:43:43.100+0000] {dagbag.py:538} INFO - Filling up the DagBag from /opt/airflow/dags/third_dag.py
[2023-02-03T04:43:43.144+0000] {processor.py:753} INFO - DAG(s) dict_keys(['our_first_dag_v3']) retrieved from /opt/airflow/dags/third_dag.py
[2023-02-03T04:43:43.184+0000] {logging_mixin.py:137} INFO - [2023-02-03T04:43:43.184+0000] {dag.py:2690} INFO - Sync 1 DAGs
[2023-02-03T04:43:43.228+0000] {logging_mixin.py:137} INFO - [2023-02-03T04:43:43.228+0000] {dag.py:3441} INFO - Setting next_dagrun for our_first_dag_v3 to 2021-09-19T00:00:00+00:00, run_after=2021-09-20T00:00:00+00:00
[2023-02-03T04:43:43.254+0000] {processor.py:175} INFO - Processing /opt/airflow/dags/third_dag.py took 0.163 seconds
[2023-02-03T04:44:13.407+0000] {processor.py:153} INFO - Started process (PID=442) to work on /opt/airflow/dags/third_dag.py
[2023-02-03T04:44:13.411+0000] {processor.py:743} INFO - Processing file /opt/airflow/dags/third_dag.py for tasks to queue
[2023-02-03T04:44:13.412+0000] {logging_mixin.py:137} INFO - [2023-02-03T04:44:13.412+0000] {dagbag.py:538} INFO - Filling up the DagBag from /opt/airflow/dags/third_dag.py
[2023-02-03T04:44:13.435+0000] {processor.py:753} INFO - DAG(s) dict_keys(['our_first_dag_v3']) retrieved from /opt/airflow/dags/third_dag.py
[2023-02-03T04:44:13.465+0000] {logging_mixin.py:137} INFO - [2023-02-03T04:44:13.465+0000] {dag.py:2690} INFO - Sync 1 DAGs
[2023-02-03T04:44:13.491+0000] {logging_mixin.py:137} INFO - [2023-02-03T04:44:13.491+0000] {dag.py:3441} INFO - Setting next_dagrun for our_first_dag_v3 to 2021-09-19T00:00:00+00:00, run_after=2021-09-20T00:00:00+00:00
[2023-02-03T04:44:13.509+0000] {processor.py:175} INFO - Processing /opt/airflow/dags/third_dag.py took 0.110 seconds
[2023-02-03T04:44:43.906+0000] {processor.py:153} INFO - Started process (PID=485) to work on /opt/airflow/dags/third_dag.py
[2023-02-03T04:44:43.908+0000] {processor.py:743} INFO - Processing file /opt/airflow/dags/third_dag.py for tasks to queue
[2023-02-03T04:44:43.910+0000] {logging_mixin.py:137} INFO - [2023-02-03T04:44:43.910+0000] {dagbag.py:538} INFO - Filling up the DagBag from /opt/airflow/dags/third_dag.py
[2023-02-03T04:44:43.937+0000] {processor.py:753} INFO - DAG(s) dict_keys(['our_first_dag_v3']) retrieved from /opt/airflow/dags/third_dag.py
[2023-02-03T04:44:43.971+0000] {logging_mixin.py:137} INFO - [2023-02-03T04:44:43.971+0000] {dag.py:2690} INFO - Sync 1 DAGs
[2023-02-03T04:44:44.008+0000] {logging_mixin.py:137} INFO - [2023-02-03T04:44:44.007+0000] {dag.py:3441} INFO - Setting next_dagrun for our_first_dag_v3 to 2021-09-19T00:00:00+00:00, run_after=2021-09-20T00:00:00+00:00
[2023-02-03T04:44:44.028+0000] {processor.py:175} INFO - Processing /opt/airflow/dags/third_dag.py took 0.128 seconds
[2023-02-03T04:45:14.531+0000] {processor.py:153} INFO - Started process (PID=535) to work on /opt/airflow/dags/third_dag.py
[2023-02-03T04:45:14.534+0000] {processor.py:743} INFO - Processing file /opt/airflow/dags/third_dag.py for tasks to queue
[2023-02-03T04:45:14.535+0000] {logging_mixin.py:137} INFO - [2023-02-03T04:45:14.535+0000] {dagbag.py:538} INFO - Filling up the DagBag from /opt/airflow/dags/third_dag.py
[2023-02-03T04:45:14.561+0000] {processor.py:753} INFO - DAG(s) dict_keys(['our_first_dag_v3']) retrieved from /opt/airflow/dags/third_dag.py
[2023-02-03T04:45:14.596+0000] {logging_mixin.py:137} INFO - [2023-02-03T04:45:14.596+0000] {dag.py:2690} INFO - Sync 1 DAGs
[2023-02-03T04:45:14.622+0000] {logging_mixin.py:137} INFO - [2023-02-03T04:45:14.622+0000] {dag.py:3441} INFO - Setting next_dagrun for our_first_dag_v3 to 2021-09-19T00:00:00+00:00, run_after=2021-09-20T00:00:00+00:00
[2023-02-03T04:45:14.638+0000] {processor.py:175} INFO - Processing /opt/airflow/dags/third_dag.py took 0.113 seconds
[2023-02-03T04:45:45.139+0000] {processor.py:153} INFO - Started process (PID=574) to work on /opt/airflow/dags/third_dag.py
[2023-02-03T04:45:45.143+0000] {processor.py:743} INFO - Processing file /opt/airflow/dags/third_dag.py for tasks to queue
[2023-02-03T04:45:45.146+0000] {logging_mixin.py:137} INFO - [2023-02-03T04:45:45.146+0000] {dagbag.py:538} INFO - Filling up the DagBag from /opt/airflow/dags/third_dag.py
[2023-02-03T04:45:45.205+0000] {processor.py:753} INFO - DAG(s) dict_keys(['our_first_dag_v3']) retrieved from /opt/airflow/dags/third_dag.py
[2023-02-03T04:45:45.287+0000] {logging_mixin.py:137} INFO - [2023-02-03T04:45:45.286+0000] {dag.py:2690} INFO - Sync 1 DAGs
[2023-02-03T04:45:45.318+0000] {logging_mixin.py:137} INFO - [2023-02-03T04:45:45.318+0000] {dag.py:3441} INFO - Setting next_dagrun for our_first_dag_v3 to 2021-09-19T00:00:00+00:00, run_after=2021-09-20T00:00:00+00:00
[2023-02-03T04:45:45.343+0000] {processor.py:175} INFO - Processing /opt/airflow/dags/third_dag.py took 0.214 seconds
[2023-02-03T04:46:15.449+0000] {processor.py:153} INFO - Started process (PID=612) to work on /opt/airflow/dags/third_dag.py
[2023-02-03T04:46:15.452+0000] {processor.py:743} INFO - Processing file /opt/airflow/dags/third_dag.py for tasks to queue
[2023-02-03T04:46:15.455+0000] {logging_mixin.py:137} INFO - [2023-02-03T04:46:15.454+0000] {dagbag.py:538} INFO - Filling up the DagBag from /opt/airflow/dags/third_dag.py
[2023-02-03T04:46:15.482+0000] {processor.py:753} INFO - DAG(s) dict_keys(['our_first_dag_v3']) retrieved from /opt/airflow/dags/third_dag.py
[2023-02-03T04:46:15.510+0000] {logging_mixin.py:137} INFO - [2023-02-03T04:46:15.510+0000] {dag.py:2690} INFO - Sync 1 DAGs
[2023-02-03T04:46:15.535+0000] {logging_mixin.py:137} INFO - [2023-02-03T04:46:15.535+0000] {dag.py:3441} INFO - Setting next_dagrun for our_first_dag_v3 to 2021-09-19T00:00:00+00:00, run_after=2021-09-20T00:00:00+00:00
[2023-02-03T04:46:15.550+0000] {processor.py:175} INFO - Processing /opt/airflow/dags/third_dag.py took 0.108 seconds
[2023-02-03T04:46:45.974+0000] {processor.py:153} INFO - Started process (PID=651) to work on /opt/airflow/dags/third_dag.py
[2023-02-03T04:46:45.978+0000] {processor.py:743} INFO - Processing file /opt/airflow/dags/third_dag.py for tasks to queue
[2023-02-03T04:46:45.980+0000] {logging_mixin.py:137} INFO - [2023-02-03T04:46:45.980+0000] {dagbag.py:538} INFO - Filling up the DagBag from /opt/airflow/dags/third_dag.py
[2023-02-03T04:46:46.004+0000] {processor.py:753} INFO - DAG(s) dict_keys(['our_first_dag_v3']) retrieved from /opt/airflow/dags/third_dag.py
[2023-02-03T04:46:46.032+0000] {logging_mixin.py:137} INFO - [2023-02-03T04:46:46.032+0000] {dag.py:2690} INFO - Sync 1 DAGs
[2023-02-03T04:46:46.059+0000] {logging_mixin.py:137} INFO - [2023-02-03T04:46:46.058+0000] {dag.py:3441} INFO - Setting next_dagrun for our_first_dag_v3 to 2021-09-19T00:00:00+00:00, run_after=2021-09-20T00:00:00+00:00
[2023-02-03T04:46:46.082+0000] {processor.py:175} INFO - Processing /opt/airflow/dags/third_dag.py took 0.118 seconds
[2023-02-03T04:47:16.348+0000] {processor.py:153} INFO - Started process (PID=697) to work on /opt/airflow/dags/third_dag.py
[2023-02-03T04:47:16.354+0000] {processor.py:743} INFO - Processing file /opt/airflow/dags/third_dag.py for tasks to queue
[2023-02-03T04:47:16.358+0000] {logging_mixin.py:137} INFO - [2023-02-03T04:47:16.358+0000] {dagbag.py:538} INFO - Filling up the DagBag from /opt/airflow/dags/third_dag.py
[2023-02-03T04:47:16.420+0000] {processor.py:753} INFO - DAG(s) dict_keys(['our_first_dag_v3']) retrieved from /opt/airflow/dags/third_dag.py
[2023-02-03T04:47:16.481+0000] {logging_mixin.py:137} INFO - [2023-02-03T04:47:16.480+0000] {dag.py:2690} INFO - Sync 1 DAGs
[2023-02-03T04:47:16.530+0000] {logging_mixin.py:137} INFO - [2023-02-03T04:47:16.530+0000] {dag.py:3441} INFO - Setting next_dagrun for our_first_dag_v3 to 2021-09-19T00:00:00+00:00, run_after=2021-09-20T00:00:00+00:00
[2023-02-03T04:47:16.592+0000] {processor.py:175} INFO - Processing /opt/airflow/dags/third_dag.py took 0.279 seconds
[2023-02-03T04:47:47.439+0000] {processor.py:153} INFO - Started process (PID=738) to work on /opt/airflow/dags/third_dag.py
[2023-02-03T04:47:47.442+0000] {processor.py:743} INFO - Processing file /opt/airflow/dags/third_dag.py for tasks to queue
[2023-02-03T04:47:47.444+0000] {logging_mixin.py:137} INFO - [2023-02-03T04:47:47.444+0000] {dagbag.py:538} INFO - Filling up the DagBag from /opt/airflow/dags/third_dag.py
[2023-02-03T04:47:47.468+0000] {processor.py:753} INFO - DAG(s) dict_keys(['our_first_dag_v3']) retrieved from /opt/airflow/dags/third_dag.py
[2023-02-03T04:47:47.498+0000] {logging_mixin.py:137} INFO - [2023-02-03T04:47:47.497+0000] {dag.py:2690} INFO - Sync 1 DAGs
[2023-02-03T04:47:47.526+0000] {logging_mixin.py:137} INFO - [2023-02-03T04:47:47.525+0000] {dag.py:3441} INFO - Setting next_dagrun for our_first_dag_v3 to 2021-09-19T00:00:00+00:00, run_after=2021-09-20T00:00:00+00:00
[2023-02-03T04:47:47.546+0000] {processor.py:175} INFO - Processing /opt/airflow/dags/third_dag.py took 0.115 seconds
[2023-02-03T04:48:17.954+0000] {processor.py:153} INFO - Started process (PID=775) to work on /opt/airflow/dags/third_dag.py
[2023-02-03T04:48:17.957+0000] {processor.py:743} INFO - Processing file /opt/airflow/dags/third_dag.py for tasks to queue
[2023-02-03T04:48:17.959+0000] {logging_mixin.py:137} INFO - [2023-02-03T04:48:17.959+0000] {dagbag.py:538} INFO - Filling up the DagBag from /opt/airflow/dags/third_dag.py
[2023-02-03T04:48:17.982+0000] {processor.py:753} INFO - DAG(s) dict_keys(['our_first_dag_v3']) retrieved from /opt/airflow/dags/third_dag.py
[2023-02-03T04:48:18.010+0000] {logging_mixin.py:137} INFO - [2023-02-03T04:48:18.010+0000] {dag.py:2690} INFO - Sync 1 DAGs
[2023-02-03T04:48:18.038+0000] {logging_mixin.py:137} INFO - [2023-02-03T04:48:18.038+0000] {dag.py:3441} INFO - Setting next_dagrun for our_first_dag_v3 to 2021-09-19T00:00:00+00:00, run_after=2021-09-20T00:00:00+00:00
[2023-02-03T04:48:18.055+0000] {processor.py:175} INFO - Processing /opt/airflow/dags/third_dag.py took 0.108 seconds
[2023-02-03T04:48:48.934+0000] {processor.py:153} INFO - Started process (PID=826) to work on /opt/airflow/dags/third_dag.py
[2023-02-03T04:48:48.943+0000] {processor.py:743} INFO - Processing file /opt/airflow/dags/third_dag.py for tasks to queue
[2023-02-03T04:48:48.949+0000] {logging_mixin.py:137} INFO - [2023-02-03T04:48:48.949+0000] {dagbag.py:538} INFO - Filling up the DagBag from /opt/airflow/dags/third_dag.py
[2023-02-03T04:48:48.989+0000] {processor.py:753} INFO - DAG(s) dict_keys(['our_first_dag_v3']) retrieved from /opt/airflow/dags/third_dag.py
[2023-02-03T04:48:49.042+0000] {logging_mixin.py:137} INFO - [2023-02-03T04:48:49.042+0000] {dag.py:2690} INFO - Sync 1 DAGs
[2023-02-03T04:48:49.080+0000] {logging_mixin.py:137} INFO - [2023-02-03T04:48:49.080+0000] {dag.py:3441} INFO - Setting next_dagrun for our_first_dag_v3 to 2021-09-19T00:00:00+00:00, run_after=2021-09-20T00:00:00+00:00
[2023-02-03T04:48:49.132+0000] {processor.py:175} INFO - Processing /opt/airflow/dags/third_dag.py took 0.216 seconds
[2023-02-03T04:49:19.807+0000] {processor.py:153} INFO - Started process (PID=864) to work on /opt/airflow/dags/third_dag.py
[2023-02-03T04:49:19.810+0000] {processor.py:743} INFO - Processing file /opt/airflow/dags/third_dag.py for tasks to queue
[2023-02-03T04:49:19.812+0000] {logging_mixin.py:137} INFO - [2023-02-03T04:49:19.812+0000] {dagbag.py:538} INFO - Filling up the DagBag from /opt/airflow/dags/third_dag.py
[2023-02-03T04:49:19.836+0000] {processor.py:753} INFO - DAG(s) dict_keys(['our_first_dag_v3']) retrieved from /opt/airflow/dags/third_dag.py
[2023-02-03T04:49:19.875+0000] {logging_mixin.py:137} INFO - [2023-02-03T04:49:19.874+0000] {dag.py:2690} INFO - Sync 1 DAGs
[2023-02-03T04:49:19.905+0000] {logging_mixin.py:137} INFO - [2023-02-03T04:49:19.905+0000] {dag.py:3441} INFO - Setting next_dagrun for our_first_dag_v3 to 2021-09-19T00:00:00+00:00, run_after=2021-09-20T00:00:00+00:00
[2023-02-03T04:49:19.923+0000] {processor.py:175} INFO - Processing /opt/airflow/dags/third_dag.py took 0.123 seconds
[2023-02-03T04:49:50.116+0000] {processor.py:153} INFO - Started process (PID=915) to work on /opt/airflow/dags/third_dag.py
[2023-02-03T04:49:50.119+0000] {processor.py:743} INFO - Processing file /opt/airflow/dags/third_dag.py for tasks to queue
[2023-02-03T04:49:50.122+0000] {logging_mixin.py:137} INFO - [2023-02-03T04:49:50.121+0000] {dagbag.py:538} INFO - Filling up the DagBag from /opt/airflow/dags/third_dag.py
[2023-02-03T04:49:50.153+0000] {processor.py:753} INFO - DAG(s) dict_keys(['our_first_dag_v3']) retrieved from /opt/airflow/dags/third_dag.py
[2023-02-03T04:49:50.203+0000] {logging_mixin.py:137} INFO - [2023-02-03T04:49:50.202+0000] {dag.py:2690} INFO - Sync 1 DAGs
[2023-02-03T04:49:50.254+0000] {logging_mixin.py:137} INFO - [2023-02-03T04:49:50.253+0000] {dag.py:3441} INFO - Setting next_dagrun for our_first_dag_v3 to 2021-09-19T00:00:00+00:00, run_after=2021-09-20T00:00:00+00:00
[2023-02-03T04:49:50.280+0000] {processor.py:175} INFO - Processing /opt/airflow/dags/third_dag.py took 0.183 seconds
[2023-02-03T04:50:20.579+0000] {processor.py:153} INFO - Started process (PID=953) to work on /opt/airflow/dags/third_dag.py
[2023-02-03T04:50:20.582+0000] {processor.py:743} INFO - Processing file /opt/airflow/dags/third_dag.py for tasks to queue
[2023-02-03T04:50:20.583+0000] {logging_mixin.py:137} INFO - [2023-02-03T04:50:20.583+0000] {dagbag.py:538} INFO - Filling up the DagBag from /opt/airflow/dags/third_dag.py
[2023-02-03T04:50:20.604+0000] {processor.py:753} INFO - DAG(s) dict_keys(['our_first_dag_v3']) retrieved from /opt/airflow/dags/third_dag.py
[2023-02-03T04:50:20.639+0000] {logging_mixin.py:137} INFO - [2023-02-03T04:50:20.639+0000] {dag.py:2690} INFO - Sync 1 DAGs
[2023-02-03T04:50:20.666+0000] {logging_mixin.py:137} INFO - [2023-02-03T04:50:20.666+0000] {dag.py:3441} INFO - Setting next_dagrun for our_first_dag_v3 to 2021-09-19T00:00:00+00:00, run_after=2021-09-20T00:00:00+00:00
[2023-02-03T04:50:20.684+0000] {processor.py:175} INFO - Processing /opt/airflow/dags/third_dag.py took 0.110 seconds
[2023-02-03T04:50:50.899+0000] {processor.py:153} INFO - Started process (PID=998) to work on /opt/airflow/dags/third_dag.py
[2023-02-03T04:50:50.903+0000] {processor.py:743} INFO - Processing file /opt/airflow/dags/third_dag.py for tasks to queue
[2023-02-03T04:50:50.904+0000] {logging_mixin.py:137} INFO - [2023-02-03T04:50:50.904+0000] {dagbag.py:538} INFO - Filling up the DagBag from /opt/airflow/dags/third_dag.py
[2023-02-03T04:50:50.940+0000] {processor.py:753} INFO - DAG(s) dict_keys(['our_first_dag_v3']) retrieved from /opt/airflow/dags/third_dag.py
[2023-02-03T04:50:50.991+0000] {logging_mixin.py:137} INFO - [2023-02-03T04:50:50.990+0000] {dag.py:2690} INFO - Sync 1 DAGs
[2023-02-03T04:50:51.024+0000] {logging_mixin.py:137} INFO - [2023-02-03T04:50:51.024+0000] {dag.py:3441} INFO - Setting next_dagrun for our_first_dag_v3 to 2021-09-19T00:00:00+00:00, run_after=2021-09-20T00:00:00+00:00
[2023-02-03T04:50:51.044+0000] {processor.py:175} INFO - Processing /opt/airflow/dags/third_dag.py took 0.151 seconds
[2023-02-03T04:51:21.157+0000] {processor.py:153} INFO - Started process (PID=1041) to work on /opt/airflow/dags/third_dag.py
[2023-02-03T04:51:21.158+0000] {processor.py:743} INFO - Processing file /opt/airflow/dags/third_dag.py for tasks to queue
[2023-02-03T04:51:21.160+0000] {logging_mixin.py:137} INFO - [2023-02-03T04:51:21.159+0000] {dagbag.py:538} INFO - Filling up the DagBag from /opt/airflow/dags/third_dag.py
[2023-02-03T04:51:21.182+0000] {processor.py:753} INFO - DAG(s) dict_keys(['our_first_dag_v3']) retrieved from /opt/airflow/dags/third_dag.py
[2023-02-03T04:51:21.214+0000] {logging_mixin.py:137} INFO - [2023-02-03T04:51:21.214+0000] {dag.py:2690} INFO - Sync 1 DAGs
[2023-02-03T04:51:21.239+0000] {logging_mixin.py:137} INFO - [2023-02-03T04:51:21.239+0000] {dag.py:3441} INFO - Setting next_dagrun for our_first_dag_v3 to 2021-09-19T00:00:00+00:00, run_after=2021-09-20T00:00:00+00:00
[2023-02-03T04:51:21.257+0000] {processor.py:175} INFO - Processing /opt/airflow/dags/third_dag.py took 0.105 seconds
[2023-02-03T04:51:51.501+0000] {processor.py:153} INFO - Started process (PID=1079) to work on /opt/airflow/dags/third_dag.py
[2023-02-03T04:51:51.503+0000] {processor.py:743} INFO - Processing file /opt/airflow/dags/third_dag.py for tasks to queue
[2023-02-03T04:51:51.504+0000] {logging_mixin.py:137} INFO - [2023-02-03T04:51:51.504+0000] {dagbag.py:538} INFO - Filling up the DagBag from /opt/airflow/dags/third_dag.py
[2023-02-03T04:51:51.526+0000] {processor.py:753} INFO - DAG(s) dict_keys(['our_first_dag_v3']) retrieved from /opt/airflow/dags/third_dag.py
[2023-02-03T04:51:51.555+0000] {logging_mixin.py:137} INFO - [2023-02-03T04:51:51.555+0000] {dag.py:2690} INFO - Sync 1 DAGs
[2023-02-03T04:51:51.582+0000] {logging_mixin.py:137} INFO - [2023-02-03T04:51:51.582+0000] {dag.py:3441} INFO - Setting next_dagrun for our_first_dag_v3 to 2021-09-19T00:00:00+00:00, run_after=2021-09-20T00:00:00+00:00
[2023-02-03T04:51:51.600+0000] {processor.py:175} INFO - Processing /opt/airflow/dags/third_dag.py took 0.103 seconds
[2023-02-03T04:52:22.339+0000] {processor.py:153} INFO - Started process (PID=1130) to work on /opt/airflow/dags/third_dag.py
[2023-02-03T04:52:22.343+0000] {processor.py:743} INFO - Processing file /opt/airflow/dags/third_dag.py for tasks to queue
[2023-02-03T04:52:22.344+0000] {logging_mixin.py:137} INFO - [2023-02-03T04:52:22.344+0000] {dagbag.py:538} INFO - Filling up the DagBag from /opt/airflow/dags/third_dag.py
[2023-02-03T04:52:22.370+0000] {processor.py:753} INFO - DAG(s) dict_keys(['our_first_dag_v3']) retrieved from /opt/airflow/dags/third_dag.py
[2023-02-03T04:52:22.408+0000] {logging_mixin.py:137} INFO - [2023-02-03T04:52:22.408+0000] {dag.py:2690} INFO - Sync 1 DAGs
[2023-02-03T04:52:22.436+0000] {logging_mixin.py:137} INFO - [2023-02-03T04:52:22.436+0000] {dag.py:3441} INFO - Setting next_dagrun for our_first_dag_v3 to 2021-09-19T00:00:00+00:00, run_after=2021-09-20T00:00:00+00:00
[2023-02-03T04:52:22.457+0000] {processor.py:175} INFO - Processing /opt/airflow/dags/third_dag.py took 0.126 seconds
[2023-02-03T04:52:52.631+0000] {processor.py:153} INFO - Started process (PID=1169) to work on /opt/airflow/dags/third_dag.py
[2023-02-03T04:52:52.633+0000] {processor.py:743} INFO - Processing file /opt/airflow/dags/third_dag.py for tasks to queue
[2023-02-03T04:52:52.634+0000] {logging_mixin.py:137} INFO - [2023-02-03T04:52:52.634+0000] {dagbag.py:538} INFO - Filling up the DagBag from /opt/airflow/dags/third_dag.py
[2023-02-03T04:52:52.656+0000] {processor.py:753} INFO - DAG(s) dict_keys(['our_first_dag_v3']) retrieved from /opt/airflow/dags/third_dag.py
[2023-02-03T04:52:52.684+0000] {logging_mixin.py:137} INFO - [2023-02-03T04:52:52.684+0000] {dag.py:2690} INFO - Sync 1 DAGs
[2023-02-03T04:52:52.710+0000] {logging_mixin.py:137} INFO - [2023-02-03T04:52:52.710+0000] {dag.py:3441} INFO - Setting next_dagrun for our_first_dag_v3 to 2021-09-19T00:00:00+00:00, run_after=2021-09-20T00:00:00+00:00
[2023-02-03T04:52:52.725+0000] {processor.py:175} INFO - Processing /opt/airflow/dags/third_dag.py took 0.100 seconds
[2023-02-03T04:53:23.012+0000] {processor.py:153} INFO - Started process (PID=1216) to work on /opt/airflow/dags/third_dag.py
[2023-02-03T04:53:23.018+0000] {processor.py:743} INFO - Processing file /opt/airflow/dags/third_dag.py for tasks to queue
[2023-02-03T04:53:23.021+0000] {logging_mixin.py:137} INFO - [2023-02-03T04:53:23.021+0000] {dagbag.py:538} INFO - Filling up the DagBag from /opt/airflow/dags/third_dag.py
[2023-02-03T04:53:23.070+0000] {processor.py:753} INFO - DAG(s) dict_keys(['our_first_dag_v3']) retrieved from /opt/airflow/dags/third_dag.py
[2023-02-03T04:53:23.152+0000] {logging_mixin.py:137} INFO - [2023-02-03T04:53:23.152+0000] {dag.py:2690} INFO - Sync 1 DAGs
[2023-02-03T04:53:23.201+0000] {logging_mixin.py:137} INFO - [2023-02-03T04:53:23.201+0000] {dag.py:3441} INFO - Setting next_dagrun for our_first_dag_v3 to 2021-09-19T00:00:00+00:00, run_after=2021-09-20T00:00:00+00:00
[2023-02-03T04:53:23.238+0000] {processor.py:175} INFO - Processing /opt/airflow/dags/third_dag.py took 0.240 seconds
[2023-02-03T04:53:53.663+0000] {processor.py:153} INFO - Started process (PID=1256) to work on /opt/airflow/dags/third_dag.py
[2023-02-03T04:53:53.667+0000] {processor.py:743} INFO - Processing file /opt/airflow/dags/third_dag.py for tasks to queue
[2023-02-03T04:53:53.668+0000] {logging_mixin.py:137} INFO - [2023-02-03T04:53:53.668+0000] {dagbag.py:538} INFO - Filling up the DagBag from /opt/airflow/dags/third_dag.py
[2023-02-03T04:53:53.692+0000] {processor.py:753} INFO - DAG(s) dict_keys(['our_first_dag_v3']) retrieved from /opt/airflow/dags/third_dag.py
[2023-02-03T04:53:53.723+0000] {logging_mixin.py:137} INFO - [2023-02-03T04:53:53.723+0000] {dag.py:2690} INFO - Sync 1 DAGs
[2023-02-03T04:53:53.752+0000] {logging_mixin.py:137} INFO - [2023-02-03T04:53:53.751+0000] {dag.py:3441} INFO - Setting next_dagrun for our_first_dag_v3 to 2021-09-19T00:00:00+00:00, run_after=2021-09-20T00:00:00+00:00
[2023-02-03T04:53:53.768+0000] {processor.py:175} INFO - Processing /opt/airflow/dags/third_dag.py took 0.110 seconds
[2023-02-03T04:54:24.340+0000] {processor.py:153} INFO - Started process (PID=1294) to work on /opt/airflow/dags/third_dag.py
[2023-02-03T04:54:24.343+0000] {processor.py:743} INFO - Processing file /opt/airflow/dags/third_dag.py for tasks to queue
[2023-02-03T04:54:24.344+0000] {logging_mixin.py:137} INFO - [2023-02-03T04:54:24.344+0000] {dagbag.py:538} INFO - Filling up the DagBag from /opt/airflow/dags/third_dag.py
[2023-02-03T04:54:24.367+0000] {processor.py:753} INFO - DAG(s) dict_keys(['our_first_dag_v3']) retrieved from /opt/airflow/dags/third_dag.py
[2023-02-03T04:54:24.399+0000] {logging_mixin.py:137} INFO - [2023-02-03T04:54:24.399+0000] {dag.py:2690} INFO - Sync 1 DAGs
[2023-02-03T04:54:24.447+0000] {logging_mixin.py:137} INFO - [2023-02-03T04:54:24.446+0000] {dag.py:3441} INFO - Setting next_dagrun for our_first_dag_v3 to 2021-09-19T00:00:00+00:00, run_after=2021-09-20T00:00:00+00:00
[2023-02-03T04:54:24.470+0000] {processor.py:175} INFO - Processing /opt/airflow/dags/third_dag.py took 0.135 seconds
[2023-02-03T04:54:54.658+0000] {processor.py:153} INFO - Started process (PID=1341) to work on /opt/airflow/dags/third_dag.py
[2023-02-03T04:54:54.664+0000] {processor.py:743} INFO - Processing file /opt/airflow/dags/third_dag.py for tasks to queue
[2023-02-03T04:54:54.673+0000] {logging_mixin.py:137} INFO - [2023-02-03T04:54:54.672+0000] {dagbag.py:538} INFO - Filling up the DagBag from /opt/airflow/dags/third_dag.py
[2023-02-03T04:54:54.736+0000] {processor.py:753} INFO - DAG(s) dict_keys(['our_first_dag_v3']) retrieved from /opt/airflow/dags/third_dag.py
[2023-02-03T04:54:54.807+0000] {logging_mixin.py:137} INFO - [2023-02-03T04:54:54.806+0000] {dag.py:2690} INFO - Sync 1 DAGs
[2023-02-03T04:54:54.880+0000] {logging_mixin.py:137} INFO - [2023-02-03T04:54:54.880+0000] {dag.py:3441} INFO - Setting next_dagrun for our_first_dag_v3 to 2021-09-19T00:00:00+00:00, run_after=2021-09-20T00:00:00+00:00
[2023-02-03T04:54:54.942+0000] {processor.py:175} INFO - Processing /opt/airflow/dags/third_dag.py took 0.319 seconds
[2023-02-03T04:55:25.895+0000] {processor.py:153} INFO - Started process (PID=1381) to work on /opt/airflow/dags/third_dag.py
[2023-02-03T04:55:25.898+0000] {processor.py:743} INFO - Processing file /opt/airflow/dags/third_dag.py for tasks to queue
[2023-02-03T04:55:25.899+0000] {logging_mixin.py:137} INFO - [2023-02-03T04:55:25.899+0000] {dagbag.py:538} INFO - Filling up the DagBag from /opt/airflow/dags/third_dag.py
[2023-02-03T04:55:25.925+0000] {processor.py:753} INFO - DAG(s) dict_keys(['our_first_dag_v3']) retrieved from /opt/airflow/dags/third_dag.py
[2023-02-03T04:55:25.961+0000] {logging_mixin.py:137} INFO - [2023-02-03T04:55:25.961+0000] {dag.py:2690} INFO - Sync 1 DAGs
[2023-02-03T04:55:25.990+0000] {logging_mixin.py:137} INFO - [2023-02-03T04:55:25.990+0000] {dag.py:3441} INFO - Setting next_dagrun for our_first_dag_v3 to 2021-09-19T00:00:00+00:00, run_after=2021-09-20T00:00:00+00:00
[2023-02-03T04:55:26.010+0000] {processor.py:175} INFO - Processing /opt/airflow/dags/third_dag.py took 0.124 seconds
[2023-02-03T04:55:56.385+0000] {processor.py:153} INFO - Started process (PID=1419) to work on /opt/airflow/dags/third_dag.py
[2023-02-03T04:55:56.388+0000] {processor.py:743} INFO - Processing file /opt/airflow/dags/third_dag.py for tasks to queue
[2023-02-03T04:55:56.390+0000] {logging_mixin.py:137} INFO - [2023-02-03T04:55:56.390+0000] {dagbag.py:538} INFO - Filling up the DagBag from /opt/airflow/dags/third_dag.py
[2023-02-03T04:55:56.437+0000] {processor.py:753} INFO - DAG(s) dict_keys(['our_first_dag_v3']) retrieved from /opt/airflow/dags/third_dag.py
[2023-02-03T04:55:56.487+0000] {logging_mixin.py:137} INFO - [2023-02-03T04:55:56.487+0000] {dag.py:2690} INFO - Sync 1 DAGs
[2023-02-03T04:55:56.543+0000] {logging_mixin.py:137} INFO - [2023-02-03T04:55:56.543+0000] {dag.py:3441} INFO - Setting next_dagrun for our_first_dag_v3 to 2021-09-19T00:00:00+00:00, run_after=2021-09-20T00:00:00+00:00
[2023-02-03T04:55:56.593+0000] {processor.py:175} INFO - Processing /opt/airflow/dags/third_dag.py took 0.217 seconds
[2023-02-03T04:56:26.962+0000] {processor.py:153} INFO - Started process (PID=1469) to work on /opt/airflow/dags/third_dag.py
[2023-02-03T04:56:26.966+0000] {processor.py:743} INFO - Processing file /opt/airflow/dags/third_dag.py for tasks to queue
[2023-02-03T04:56:26.968+0000] {logging_mixin.py:137} INFO - [2023-02-03T04:56:26.967+0000] {dagbag.py:538} INFO - Filling up the DagBag from /opt/airflow/dags/third_dag.py
[2023-02-03T04:56:26.998+0000] {processor.py:753} INFO - DAG(s) dict_keys(['our_first_dag_v3']) retrieved from /opt/airflow/dags/third_dag.py
[2023-02-03T04:56:27.037+0000] {logging_mixin.py:137} INFO - [2023-02-03T04:56:27.037+0000] {dag.py:2690} INFO - Sync 1 DAGs
[2023-02-03T04:56:27.069+0000] {logging_mixin.py:137} INFO - [2023-02-03T04:56:27.069+0000] {dag.py:3441} INFO - Setting next_dagrun for our_first_dag_v3 to 2021-09-19T00:00:00+00:00, run_after=2021-09-20T00:00:00+00:00
[2023-02-03T04:56:27.092+0000] {processor.py:175} INFO - Processing /opt/airflow/dags/third_dag.py took 0.139 seconds
[2023-02-03T04:56:57.196+0000] {processor.py:153} INFO - Started process (PID=1506) to work on /opt/airflow/dags/third_dag.py
[2023-02-03T04:56:57.198+0000] {processor.py:743} INFO - Processing file /opt/airflow/dags/third_dag.py for tasks to queue
[2023-02-03T04:56:57.199+0000] {logging_mixin.py:137} INFO - [2023-02-03T04:56:57.199+0000] {dagbag.py:538} INFO - Filling up the DagBag from /opt/airflow/dags/third_dag.py
[2023-02-03T04:56:57.222+0000] {processor.py:753} INFO - DAG(s) dict_keys(['our_first_dag_v3']) retrieved from /opt/airflow/dags/third_dag.py
[2023-02-03T04:56:57.257+0000] {logging_mixin.py:137} INFO - [2023-02-03T04:56:57.257+0000] {dag.py:2690} INFO - Sync 1 DAGs
[2023-02-03T04:56:57.287+0000] {logging_mixin.py:137} INFO - [2023-02-03T04:56:57.286+0000] {dag.py:3441} INFO - Setting next_dagrun for our_first_dag_v3 to 2021-09-19T00:00:00+00:00, run_after=2021-09-20T00:00:00+00:00
[2023-02-03T04:56:57.306+0000] {processor.py:175} INFO - Processing /opt/airflow/dags/third_dag.py took 0.115 seconds
[2023-02-03T04:57:27.421+0000] {processor.py:153} INFO - Started process (PID=1556) to work on /opt/airflow/dags/third_dag.py
[2023-02-03T04:57:27.423+0000] {processor.py:743} INFO - Processing file /opt/airflow/dags/third_dag.py for tasks to queue
[2023-02-03T04:57:27.424+0000] {logging_mixin.py:137} INFO - [2023-02-03T04:57:27.424+0000] {dagbag.py:538} INFO - Filling up the DagBag from /opt/airflow/dags/third_dag.py
[2023-02-03T04:57:27.446+0000] {processor.py:753} INFO - DAG(s) dict_keys(['our_first_dag_v3']) retrieved from /opt/airflow/dags/third_dag.py
[2023-02-03T04:57:27.475+0000] {logging_mixin.py:137} INFO - [2023-02-03T04:57:27.475+0000] {dag.py:2690} INFO - Sync 1 DAGs
[2023-02-03T04:57:27.499+0000] {logging_mixin.py:137} INFO - [2023-02-03T04:57:27.499+0000] {dag.py:3441} INFO - Setting next_dagrun for our_first_dag_v3 to 2021-09-19T00:00:00+00:00, run_after=2021-09-20T00:00:00+00:00
[2023-02-03T04:57:27.520+0000] {processor.py:175} INFO - Processing /opt/airflow/dags/third_dag.py took 0.103 seconds
[2023-02-03T04:57:57.683+0000] {processor.py:153} INFO - Started process (PID=1594) to work on /opt/airflow/dags/third_dag.py
[2023-02-03T04:57:57.685+0000] {processor.py:743} INFO - Processing file /opt/airflow/dags/third_dag.py for tasks to queue
[2023-02-03T04:57:57.687+0000] {logging_mixin.py:137} INFO - [2023-02-03T04:57:57.687+0000] {dagbag.py:538} INFO - Filling up the DagBag from /opt/airflow/dags/third_dag.py
[2023-02-03T04:57:57.721+0000] {processor.py:753} INFO - DAG(s) dict_keys(['our_first_dag_v3']) retrieved from /opt/airflow/dags/third_dag.py
[2023-02-03T04:57:57.767+0000] {logging_mixin.py:137} INFO - [2023-02-03T04:57:57.767+0000] {dag.py:2690} INFO - Sync 1 DAGs
[2023-02-03T04:57:57.801+0000] {logging_mixin.py:137} INFO - [2023-02-03T04:57:57.801+0000] {dag.py:3441} INFO - Setting next_dagrun for our_first_dag_v3 to 2021-09-19T00:00:00+00:00, run_after=2021-09-20T00:00:00+00:00
[2023-02-03T04:57:57.822+0000] {processor.py:175} INFO - Processing /opt/airflow/dags/third_dag.py took 0.146 seconds
[2023-02-03T04:58:27.940+0000] {processor.py:153} INFO - Started process (PID=1645) to work on /opt/airflow/dags/third_dag.py
[2023-02-03T04:58:27.943+0000] {processor.py:743} INFO - Processing file /opt/airflow/dags/third_dag.py for tasks to queue
[2023-02-03T04:58:27.944+0000] {logging_mixin.py:137} INFO - [2023-02-03T04:58:27.944+0000] {dagbag.py:538} INFO - Filling up the DagBag from /opt/airflow/dags/third_dag.py
[2023-02-03T04:58:27.973+0000] {processor.py:753} INFO - DAG(s) dict_keys(['our_first_dag_v3']) retrieved from /opt/airflow/dags/third_dag.py
[2023-02-03T04:58:28.005+0000] {logging_mixin.py:137} INFO - [2023-02-03T04:58:28.005+0000] {dag.py:2690} INFO - Sync 1 DAGs
[2023-02-03T04:58:28.034+0000] {logging_mixin.py:137} INFO - [2023-02-03T04:58:28.034+0000] {dag.py:3441} INFO - Setting next_dagrun for our_first_dag_v3 to 2021-09-19T00:00:00+00:00, run_after=2021-09-20T00:00:00+00:00
[2023-02-03T04:58:28.052+0000] {processor.py:175} INFO - Processing /opt/airflow/dags/third_dag.py took 0.119 seconds
[2023-02-03T04:58:58.304+0000] {processor.py:153} INFO - Started process (PID=1683) to work on /opt/airflow/dags/third_dag.py
[2023-02-03T04:58:58.306+0000] {processor.py:743} INFO - Processing file /opt/airflow/dags/third_dag.py for tasks to queue
[2023-02-03T04:58:58.308+0000] {logging_mixin.py:137} INFO - [2023-02-03T04:58:58.308+0000] {dagbag.py:538} INFO - Filling up the DagBag from /opt/airflow/dags/third_dag.py
[2023-02-03T04:58:58.334+0000] {processor.py:753} INFO - DAG(s) dict_keys(['our_first_dag_v3']) retrieved from /opt/airflow/dags/third_dag.py
[2023-02-03T04:58:58.370+0000] {logging_mixin.py:137} INFO - [2023-02-03T04:58:58.370+0000] {dag.py:2690} INFO - Sync 1 DAGs
[2023-02-03T04:58:58.399+0000] {logging_mixin.py:137} INFO - [2023-02-03T04:58:58.399+0000] {dag.py:3441} INFO - Setting next_dagrun for our_first_dag_v3 to 2021-09-19T00:00:00+00:00, run_after=2021-09-20T00:00:00+00:00
[2023-02-03T04:58:58.418+0000] {processor.py:175} INFO - Processing /opt/airflow/dags/third_dag.py took 0.122 seconds
[2023-02-03T04:59:28.533+0000] {processor.py:153} INFO - Started process (PID=1733) to work on /opt/airflow/dags/third_dag.py
[2023-02-03T04:59:28.536+0000] {processor.py:743} INFO - Processing file /opt/airflow/dags/third_dag.py for tasks to queue
[2023-02-03T04:59:28.537+0000] {logging_mixin.py:137} INFO - [2023-02-03T04:59:28.537+0000] {dagbag.py:538} INFO - Filling up the DagBag from /opt/airflow/dags/third_dag.py
[2023-02-03T04:59:28.560+0000] {processor.py:753} INFO - DAG(s) dict_keys(['our_first_dag_v3']) retrieved from /opt/airflow/dags/third_dag.py
[2023-02-03T04:59:28.587+0000] {logging_mixin.py:137} INFO - [2023-02-03T04:59:28.586+0000] {dag.py:2690} INFO - Sync 1 DAGs
[2023-02-03T04:59:28.610+0000] {logging_mixin.py:137} INFO - [2023-02-03T04:59:28.609+0000] {dag.py:3441} INFO - Setting next_dagrun for our_first_dag_v3 to 2021-09-19T00:00:00+00:00, run_after=2021-09-20T00:00:00+00:00
[2023-02-03T04:59:28.625+0000] {processor.py:175} INFO - Processing /opt/airflow/dags/third_dag.py took 0.098 seconds
[2023-02-03T04:59:58.744+0000] {processor.py:153} INFO - Started process (PID=1771) to work on /opt/airflow/dags/third_dag.py
[2023-02-03T04:59:58.748+0000] {processor.py:743} INFO - Processing file /opt/airflow/dags/third_dag.py for tasks to queue
[2023-02-03T04:59:58.749+0000] {logging_mixin.py:137} INFO - [2023-02-03T04:59:58.749+0000] {dagbag.py:538} INFO - Filling up the DagBag from /opt/airflow/dags/third_dag.py
[2023-02-03T04:59:58.779+0000] {processor.py:753} INFO - DAG(s) dict_keys(['our_first_dag_v3']) retrieved from /opt/airflow/dags/third_dag.py
[2023-02-03T04:59:58.814+0000] {logging_mixin.py:137} INFO - [2023-02-03T04:59:58.814+0000] {dag.py:2690} INFO - Sync 1 DAGs
[2023-02-03T04:59:58.844+0000] {logging_mixin.py:137} INFO - [2023-02-03T04:59:58.844+0000] {dag.py:3441} INFO - Setting next_dagrun for our_first_dag_v3 to 2021-09-19T00:00:00+00:00, run_after=2021-09-20T00:00:00+00:00
[2023-02-03T04:59:58.862+0000] {processor.py:175} INFO - Processing /opt/airflow/dags/third_dag.py took 0.127 seconds
[2023-02-03T05:00:28.954+0000] {processor.py:153} INFO - Started process (PID=1821) to work on /opt/airflow/dags/third_dag.py
[2023-02-03T05:00:28.956+0000] {processor.py:743} INFO - Processing file /opt/airflow/dags/third_dag.py for tasks to queue
[2023-02-03T05:00:28.957+0000] {logging_mixin.py:137} INFO - [2023-02-03T05:00:28.957+0000] {dagbag.py:538} INFO - Filling up the DagBag from /opt/airflow/dags/third_dag.py
[2023-02-03T05:00:28.978+0000] {processor.py:753} INFO - DAG(s) dict_keys(['our_first_dag_v3']) retrieved from /opt/airflow/dags/third_dag.py
[2023-02-03T05:00:29.007+0000] {logging_mixin.py:137} INFO - [2023-02-03T05:00:29.007+0000] {dag.py:2690} INFO - Sync 1 DAGs
[2023-02-03T05:00:29.031+0000] {logging_mixin.py:137} INFO - [2023-02-03T05:00:29.031+0000] {dag.py:3441} INFO - Setting next_dagrun for our_first_dag_v3 to 2021-09-19T00:00:00+00:00, run_after=2021-09-20T00:00:00+00:00
[2023-02-03T05:00:29.048+0000] {processor.py:175} INFO - Processing /opt/airflow/dags/third_dag.py took 0.099 seconds
[2023-02-03T05:00:59.209+0000] {processor.py:153} INFO - Started process (PID=1860) to work on /opt/airflow/dags/third_dag.py
[2023-02-03T05:00:59.211+0000] {processor.py:743} INFO - Processing file /opt/airflow/dags/third_dag.py for tasks to queue
[2023-02-03T05:00:59.213+0000] {logging_mixin.py:137} INFO - [2023-02-03T05:00:59.212+0000] {dagbag.py:538} INFO - Filling up the DagBag from /opt/airflow/dags/third_dag.py
[2023-02-03T05:00:59.237+0000] {processor.py:753} INFO - DAG(s) dict_keys(['our_first_dag_v3']) retrieved from /opt/airflow/dags/third_dag.py
[2023-02-03T05:00:59.266+0000] {logging_mixin.py:137} INFO - [2023-02-03T05:00:59.266+0000] {dag.py:2690} INFO - Sync 1 DAGs
[2023-02-03T05:00:59.291+0000] {logging_mixin.py:137} INFO - [2023-02-03T05:00:59.291+0000] {dag.py:3441} INFO - Setting next_dagrun for our_first_dag_v3 to 2021-09-19T00:00:00+00:00, run_after=2021-09-20T00:00:00+00:00
[2023-02-03T05:00:59.307+0000] {processor.py:175} INFO - Processing /opt/airflow/dags/third_dag.py took 0.106 seconds
[2023-02-03T05:01:29.546+0000] {processor.py:153} INFO - Started process (PID=1910) to work on /opt/airflow/dags/third_dag.py
[2023-02-03T05:01:29.548+0000] {processor.py:743} INFO - Processing file /opt/airflow/dags/third_dag.py for tasks to queue
[2023-02-03T05:01:29.550+0000] {logging_mixin.py:137} INFO - [2023-02-03T05:01:29.549+0000] {dagbag.py:538} INFO - Filling up the DagBag from /opt/airflow/dags/third_dag.py
[2023-02-03T05:01:29.571+0000] {processor.py:753} INFO - DAG(s) dict_keys(['our_first_dag_v3']) retrieved from /opt/airflow/dags/third_dag.py
[2023-02-03T05:01:29.601+0000] {logging_mixin.py:137} INFO - [2023-02-03T05:01:29.600+0000] {dag.py:2690} INFO - Sync 1 DAGs
[2023-02-03T05:01:29.626+0000] {logging_mixin.py:137} INFO - [2023-02-03T05:01:29.626+0000] {dag.py:3441} INFO - Setting next_dagrun for our_first_dag_v3 to 2021-09-19T00:00:00+00:00, run_after=2021-09-20T00:00:00+00:00
[2023-02-03T05:01:29.644+0000] {processor.py:175} INFO - Processing /opt/airflow/dags/third_dag.py took 0.102 seconds
[2023-02-03T05:02:00.637+0000] {processor.py:153} INFO - Started process (PID=1947) to work on /opt/airflow/dags/third_dag.py
[2023-02-03T05:02:00.641+0000] {processor.py:743} INFO - Processing file /opt/airflow/dags/third_dag.py for tasks to queue
[2023-02-03T05:02:00.642+0000] {logging_mixin.py:137} INFO - [2023-02-03T05:02:00.642+0000] {dagbag.py:538} INFO - Filling up the DagBag from /opt/airflow/dags/third_dag.py
[2023-02-03T05:02:00.666+0000] {processor.py:753} INFO - DAG(s) dict_keys(['our_first_dag_v3']) retrieved from /opt/airflow/dags/third_dag.py
[2023-02-03T05:02:00.695+0000] {logging_mixin.py:137} INFO - [2023-02-03T05:02:00.695+0000] {dag.py:2690} INFO - Sync 1 DAGs
[2023-02-03T05:02:00.719+0000] {logging_mixin.py:137} INFO - [2023-02-03T05:02:00.719+0000] {dag.py:3441} INFO - Setting next_dagrun for our_first_dag_v3 to 2021-09-19T00:00:00+00:00, run_after=2021-09-20T00:00:00+00:00
[2023-02-03T05:02:00.735+0000] {processor.py:175} INFO - Processing /opt/airflow/dags/third_dag.py took 0.105 seconds
[2023-02-03T05:02:30.875+0000] {processor.py:153} INFO - Started process (PID=1994) to work on /opt/airflow/dags/third_dag.py
[2023-02-03T05:02:30.885+0000] {processor.py:743} INFO - Processing file /opt/airflow/dags/third_dag.py for tasks to queue
[2023-02-03T05:02:30.887+0000] {logging_mixin.py:137} INFO - [2023-02-03T05:02:30.887+0000] {dagbag.py:538} INFO - Filling up the DagBag from /opt/airflow/dags/third_dag.py
[2023-02-03T05:02:30.949+0000] {processor.py:753} INFO - DAG(s) dict_keys(['our_first_dag_v3']) retrieved from /opt/airflow/dags/third_dag.py
[2023-02-03T05:02:31.093+0000] {logging_mixin.py:137} INFO - [2023-02-03T05:02:31.093+0000] {dag.py:2690} INFO - Sync 1 DAGs
[2023-02-03T05:02:31.165+0000] {logging_mixin.py:137} INFO - [2023-02-03T05:02:31.164+0000] {dag.py:3441} INFO - Setting next_dagrun for our_first_dag_v3 to 2021-09-19T00:00:00+00:00, run_after=2021-09-20T00:00:00+00:00
[2023-02-03T05:02:31.201+0000] {processor.py:175} INFO - Processing /opt/airflow/dags/third_dag.py took 0.337 seconds
[2023-02-03T05:03:01.700+0000] {processor.py:153} INFO - Started process (PID=2035) to work on /opt/airflow/dags/third_dag.py
[2023-02-03T05:03:01.703+0000] {processor.py:743} INFO - Processing file /opt/airflow/dags/third_dag.py for tasks to queue
[2023-02-03T05:03:01.705+0000] {logging_mixin.py:137} INFO - [2023-02-03T05:03:01.705+0000] {dagbag.py:538} INFO - Filling up the DagBag from /opt/airflow/dags/third_dag.py
[2023-02-03T05:03:01.740+0000] {processor.py:753} INFO - DAG(s) dict_keys(['our_first_dag_v3']) retrieved from /opt/airflow/dags/third_dag.py
[2023-02-03T05:03:01.775+0000] {logging_mixin.py:137} INFO - [2023-02-03T05:03:01.775+0000] {dag.py:2690} INFO - Sync 1 DAGs
[2023-02-03T05:03:01.806+0000] {logging_mixin.py:137} INFO - [2023-02-03T05:03:01.806+0000] {dag.py:3441} INFO - Setting next_dagrun for our_first_dag_v3 to 2021-09-19T00:00:00+00:00, run_after=2021-09-20T00:00:00+00:00
[2023-02-03T05:03:01.827+0000] {processor.py:175} INFO - Processing /opt/airflow/dags/third_dag.py took 0.136 seconds
[2023-02-03T05:03:32.107+0000] {processor.py:153} INFO - Started process (PID=2074) to work on /opt/airflow/dags/third_dag.py
[2023-02-03T05:03:32.109+0000] {processor.py:743} INFO - Processing file /opt/airflow/dags/third_dag.py for tasks to queue
[2023-02-03T05:03:32.110+0000] {logging_mixin.py:137} INFO - [2023-02-03T05:03:32.110+0000] {dagbag.py:538} INFO - Filling up the DagBag from /opt/airflow/dags/third_dag.py
[2023-02-03T05:03:32.134+0000] {processor.py:753} INFO - DAG(s) dict_keys(['our_first_dag_v3']) retrieved from /opt/airflow/dags/third_dag.py
[2023-02-03T05:03:32.163+0000] {logging_mixin.py:137} INFO - [2023-02-03T05:03:32.163+0000] {dag.py:2690} INFO - Sync 1 DAGs
[2023-02-03T05:03:32.192+0000] {logging_mixin.py:137} INFO - [2023-02-03T05:03:32.192+0000] {dag.py:3441} INFO - Setting next_dagrun for our_first_dag_v3 to 2021-09-19T00:00:00+00:00, run_after=2021-09-20T00:00:00+00:00
[2023-02-03T05:03:32.211+0000] {processor.py:175} INFO - Processing /opt/airflow/dags/third_dag.py took 0.109 seconds
