[2023-02-02T05:18:19.531+0000] {taskinstance.py:1083} INFO - Dependencies all met for <TaskInstance: our_dag_with_python_operator_v07.greet scheduled__2021-10-11T00:00:00+00:00 [queued]>
[2023-02-02T05:18:19.782+0000] {taskinstance.py:1083} INFO - Dependencies all met for <TaskInstance: our_dag_with_python_operator_v07.greet scheduled__2021-10-11T00:00:00+00:00 [queued]>
[2023-02-02T05:18:19.797+0000] {taskinstance.py:1279} INFO - 
--------------------------------------------------------------------------------
[2023-02-02T05:18:19.823+0000] {taskinstance.py:1280} INFO - Starting attempt 1 of 6
[2023-02-02T05:18:19.833+0000] {taskinstance.py:1281} INFO - 
--------------------------------------------------------------------------------
[2023-02-02T05:18:20.118+0000] {taskinstance.py:1300} INFO - Executing <Task(PythonOperator): greet> on 2021-10-11 00:00:00+00:00
[2023-02-02T05:18:20.212+0000] {standard_task_runner.py:55} INFO - Started process 4745 to run task
[2023-02-02T05:18:20.289+0000] {standard_task_runner.py:82} INFO - Running: ['***', 'tasks', 'run', 'our_dag_with_python_operator_v07', 'greet', 'scheduled__2021-10-11T00:00:00+00:00', '--job-id', '636', '--raw', '--subdir', 'DAGS_FOLDER/dag_python_operator.py', '--cfg-path', '/tmp/tmpg3vngovq']
[2023-02-02T05:18:20.377+0000] {standard_task_runner.py:83} INFO - Job 636: Subtask greet
[2023-02-02T05:18:21.276+0000] {task_command.py:388} INFO - Running <TaskInstance: our_dag_with_python_operator_v07.greet scheduled__2021-10-11T00:00:00+00:00 [running]> on host 178c757a8fee
[2023-02-02T05:18:23.448+0000] {taskinstance.py:1509} INFO - Exporting the following env vars:
AIRFLOW_CTX_DAG_OWNER=coder2j
AIRFLOW_CTX_DAG_ID=our_dag_with_python_operator_v07
AIRFLOW_CTX_TASK_ID=greet
AIRFLOW_CTX_EXECUTION_DATE=2021-10-11T00:00:00+00:00
AIRFLOW_CTX_TRY_NUMBER=1
AIRFLOW_CTX_DAG_RUN_ID=scheduled__2021-10-11T00:00:00+00:00
[2023-02-02T05:18:23.508+0000] {logging_mixin.py:137} INFO - some dict:  {'a': 1, 'b': 2}
[2023-02-02T05:18:23.985+0000] {logging_mixin.py:137} INFO - Hello World! My name is Jerry Fridman, and I am 19 years old!
[2023-02-02T05:18:23.989+0000] {python.py:177} INFO - Done. Returned value was: None
[2023-02-02T05:18:24.074+0000] {taskinstance.py:1323} INFO - Marking task as SUCCESS. dag_id=our_dag_with_python_operator_v07, task_id=greet, execution_date=20211011T000000, start_date=20230202T051819, end_date=20230202T051824
[2023-02-02T05:18:24.749+0000] {local_task_job.py:208} INFO - Task exited with return code 0
[2023-02-02T05:18:25.572+0000] {taskinstance.py:2578} INFO - 0 downstream tasks scheduled from follow-on schedule check
