[2023-02-02T14:16:38.733+0000] {taskinstance.py:1083} INFO - Dependencies all met for <TaskInstance: dag_with_catchup_backfill_v1.task1 scheduled__2022-11-17T00:00:00+00:00 [queued]>
[2023-02-02T14:16:40.367+0000] {taskinstance.py:1083} INFO - Dependencies all met for <TaskInstance: dag_with_catchup_backfill_v1.task1 scheduled__2022-11-17T00:00:00+00:00 [queued]>
[2023-02-02T14:16:40.436+0000] {taskinstance.py:1279} INFO - 
--------------------------------------------------------------------------------
[2023-02-02T14:16:40.442+0000] {taskinstance.py:1280} INFO - Starting attempt 4 of 9
[2023-02-02T14:16:40.444+0000] {taskinstance.py:1281} INFO - 
--------------------------------------------------------------------------------
[2023-02-02T14:16:41.697+0000] {taskinstance.py:1300} INFO - Executing <Task(BashOperator): task1> on 2022-11-17 00:00:00+00:00
[2023-02-02T14:16:42.810+0000] {standard_task_runner.py:55} INFO - Started process 15237 to run task
[2023-02-02T14:16:43.139+0000] {standard_task_runner.py:82} INFO - Running: ['***', 'tasks', 'run', 'dag_with_catchup_backfill_v1', 'task1', 'scheduled__2022-11-17T00:00:00+00:00', '--job-id', '1279', '--raw', '--subdir', 'DAGS_FOLDER/dag_with_catchup_and_backfill.py', '--cfg-path', '/tmp/tmpsw2rs7j8']
[2023-02-02T14:16:43.159+0000] {standard_task_runner.py:83} INFO - Job 1279: Subtask task1
[2023-02-02T14:16:48.887+0000] {task_command.py:388} INFO - Running <TaskInstance: dag_with_catchup_backfill_v1.task1 scheduled__2022-11-17T00:00:00+00:00 [running]> on host 178c757a8fee
[2023-02-02T14:16:59.067+0000] {taskinstance.py:1509} INFO - Exporting the following env vars:
AIRFLOW_CTX_DAG_OWNER=archana
AIRFLOW_CTX_DAG_ID=dag_with_catchup_backfill_v1
AIRFLOW_CTX_TASK_ID=task1
AIRFLOW_CTX_EXECUTION_DATE=2022-11-17T00:00:00+00:00
AIRFLOW_CTX_TRY_NUMBER=4
AIRFLOW_CTX_DAG_RUN_ID=scheduled__2022-11-17T00:00:00+00:00
[2023-02-02T14:16:59.186+0000] {subprocess.py:63} INFO - Tmp dir root location: 
 /tmp
[2023-02-02T14:16:59.279+0000] {subprocess.py:75} INFO - Running command: ['/bin/bash', '-c', 'echo This is a simple Bash Command!']
[2023-02-02T14:16:59.921+0000] {subprocess.py:86} INFO - Output:
[2023-02-02T14:17:00.059+0000] {subprocess.py:93} INFO - This is a simple Bash Command!
[2023-02-02T14:17:00.082+0000] {subprocess.py:97} INFO - Command exited with return code 0
[2023-02-02T14:17:01.078+0000] {taskinstance.py:1323} INFO - Marking task as SUCCESS. dag_id=dag_with_catchup_backfill_v1, task_id=task1, execution_date=20221117T000000, start_date=20230202T141638, end_date=20230202T141701
[2023-02-02T14:17:02.671+0000] {local_task_job.py:208} INFO - Task exited with return code 0
[2023-02-02T14:17:03.509+0000] {taskinstance.py:2578} INFO - 0 downstream tasks scheduled from follow-on schedule check
