[2023-02-02T05:12:19.221+0000] {taskinstance.py:1083} INFO - Dependencies all met for <TaskInstance: our_first_dag_v4.third_task scheduled__2021-10-02T00:00:00+00:00 [queued]>
[2023-02-02T05:12:19.454+0000] {taskinstance.py:1083} INFO - Dependencies all met for <TaskInstance: our_first_dag_v4.third_task scheduled__2021-10-02T00:00:00+00:00 [queued]>
[2023-02-02T05:12:19.466+0000] {taskinstance.py:1279} INFO - 
--------------------------------------------------------------------------------
[2023-02-02T05:12:19.469+0000] {taskinstance.py:1280} INFO - Starting attempt 1 of 6
[2023-02-02T05:12:19.471+0000] {taskinstance.py:1281} INFO - 
--------------------------------------------------------------------------------
[2023-02-02T05:12:19.607+0000] {taskinstance.py:1300} INFO - Executing <Task(BashOperator): third_task> on 2021-10-02 00:00:00+00:00
[2023-02-02T05:12:19.681+0000] {standard_task_runner.py:55} INFO - Started process 3363 to run task
[2023-02-02T05:12:19.739+0000] {standard_task_runner.py:82} INFO - Running: ['***', 'tasks', 'run', 'our_first_dag_v4', 'third_task', 'scheduled__2021-10-02T00:00:00+00:00', '--job-id', '228', '--raw', '--subdir', 'DAGS_FOLDER/our_first_dag.py', '--cfg-path', '/tmp/tmpb21u1ek3']
[2023-02-02T05:12:19.774+0000] {standard_task_runner.py:83} INFO - Job 228: Subtask third_task
[2023-02-02T05:12:21.736+0000] {task_command.py:388} INFO - Running <TaskInstance: our_first_dag_v4.third_task scheduled__2021-10-02T00:00:00+00:00 [running]> on host 178c757a8fee
[2023-02-02T05:12:24.477+0000] {taskinstance.py:1509} INFO - Exporting the following env vars:
AIRFLOW_CTX_DAG_OWNER=archana
AIRFLOW_CTX_DAG_ID=our_first_dag_v4
AIRFLOW_CTX_TASK_ID=third_task
AIRFLOW_CTX_EXECUTION_DATE=2021-10-02T00:00:00+00:00
AIRFLOW_CTX_TRY_NUMBER=1
AIRFLOW_CTX_DAG_RUN_ID=scheduled__2021-10-02T00:00:00+00:00
[2023-02-02T05:12:24.651+0000] {subprocess.py:63} INFO - Tmp dir root location: 
 /tmp
[2023-02-02T05:12:24.740+0000] {subprocess.py:75} INFO - Running command: ['/bin/bash', '-c', 'echo hey, I am task3 and will be running after task1 as task2']
[2023-02-02T05:12:25.626+0000] {subprocess.py:86} INFO - Output:
[2023-02-02T05:12:25.853+0000] {subprocess.py:93} INFO - hey, I am task3 and will be running after task1 as task2
[2023-02-02T05:12:25.866+0000] {subprocess.py:97} INFO - Command exited with return code 0
[2023-02-02T05:12:26.797+0000] {taskinstance.py:1323} INFO - Marking task as SUCCESS. dag_id=our_first_dag_v4, task_id=third_task, execution_date=20211002T000000, start_date=20230202T051219, end_date=20230202T051226
[2023-02-02T05:12:27.253+0000] {local_task_job.py:208} INFO - Task exited with return code 0
[2023-02-02T05:12:28.075+0000] {taskinstance.py:2578} INFO - 0 downstream tasks scheduled from follow-on schedule check
