[2023-02-02T14:17:05.868+0000] {taskinstance.py:1083} INFO - Dependencies all met for <TaskInstance: dag_with_catchup_backfill_v1.task1 scheduled__2022-12-05T00:00:00+00:00 [queued]>
[2023-02-02T14:17:08.870+0000] {taskinstance.py:1083} INFO - Dependencies all met for <TaskInstance: dag_with_catchup_backfill_v1.task1 scheduled__2022-12-05T00:00:00+00:00 [queued]>
[2023-02-02T14:17:08.884+0000] {taskinstance.py:1279} INFO - 
--------------------------------------------------------------------------------
[2023-02-02T14:17:08.887+0000] {taskinstance.py:1280} INFO - Starting attempt 1 of 6
[2023-02-02T14:17:08.889+0000] {taskinstance.py:1281} INFO - 
--------------------------------------------------------------------------------
[2023-02-02T14:17:09.391+0000] {taskinstance.py:1300} INFO - Executing <Task(BashOperator): task1> on 2022-12-05 00:00:00+00:00
[2023-02-02T14:17:09.943+0000] {standard_task_runner.py:55} INFO - Started process 15264 to run task
[2023-02-02T14:17:10.754+0000] {standard_task_runner.py:82} INFO - Running: ['***', 'tasks', 'run', 'dag_with_catchup_backfill_v1', 'task1', 'scheduled__2022-12-05T00:00:00+00:00', '--job-id', '1283', '--raw', '--subdir', 'DAGS_FOLDER/dag_with_catchup_and_backfill.py', '--cfg-path', '/tmp/tmpsdr7d5gj']
[2023-02-02T14:17:11.057+0000] {standard_task_runner.py:83} INFO - Job 1283: Subtask task1
[2023-02-02T14:17:18.284+0000] {task_command.py:388} INFO - Running <TaskInstance: dag_with_catchup_backfill_v1.task1 scheduled__2022-12-05T00:00:00+00:00 [running]> on host 178c757a8fee
[2023-02-02T14:17:34.808+0000] {taskinstance.py:1509} INFO - Exporting the following env vars:
AIRFLOW_CTX_DAG_OWNER=archana
AIRFLOW_CTX_DAG_ID=dag_with_catchup_backfill_v1
AIRFLOW_CTX_TASK_ID=task1
AIRFLOW_CTX_EXECUTION_DATE=2022-12-05T00:00:00+00:00
AIRFLOW_CTX_TRY_NUMBER=1
AIRFLOW_CTX_DAG_RUN_ID=scheduled__2022-12-05T00:00:00+00:00
[2023-02-02T14:17:35.074+0000] {subprocess.py:63} INFO - Tmp dir root location: 
 /tmp
[2023-02-02T14:17:35.225+0000] {subprocess.py:75} INFO - Running command: ['/bin/bash', '-c', 'echo This is a simple Bash Command!']
[2023-02-02T14:17:36.460+0000] {subprocess.py:86} INFO - Output:
[2023-02-02T14:17:36.606+0000] {subprocess.py:93} INFO - This is a simple Bash Command!
[2023-02-02T14:17:36.626+0000] {subprocess.py:97} INFO - Command exited with return code 0
[2023-02-02T14:17:39.063+0000] {taskinstance.py:1323} INFO - Marking task as SUCCESS. dag_id=dag_with_catchup_backfill_v1, task_id=task1, execution_date=20221205T000000, start_date=20230202T141706, end_date=20230202T141739
[2023-02-02T14:17:41.525+0000] {local_task_job.py:208} INFO - Task exited with return code 0
[2023-02-02T14:17:43.564+0000] {taskinstance.py:2578} INFO - 0 downstream tasks scheduled from follow-on schedule check
