[2023-02-02T09:21:19.739+0000] {taskinstance.py:1083} INFO - Dependencies all met for <TaskInstance: our_first_dag_v3.second_task scheduled__2021-08-14T00:00:00+00:00 [queued]>
[2023-02-02T09:21:20.015+0000] {taskinstance.py:1083} INFO - Dependencies all met for <TaskInstance: our_first_dag_v3.second_task scheduled__2021-08-14T00:00:00+00:00 [queued]>
[2023-02-02T09:21:20.023+0000] {taskinstance.py:1279} INFO - 
--------------------------------------------------------------------------------
[2023-02-02T09:21:20.039+0000] {taskinstance.py:1280} INFO - Starting attempt 1 of 6
[2023-02-02T09:21:20.046+0000] {taskinstance.py:1281} INFO - 
--------------------------------------------------------------------------------
[2023-02-02T09:21:20.350+0000] {taskinstance.py:1300} INFO - Executing <Task(BashOperator): second_task> on 2021-08-14 00:00:00+00:00
[2023-02-02T09:21:20.652+0000] {standard_task_runner.py:55} INFO - Started process 2872 to run task
[2023-02-02T09:21:20.902+0000] {standard_task_runner.py:82} INFO - Running: ['***', 'tasks', 'run', 'our_first_dag_v3', 'second_task', 'scheduled__2021-08-14T00:00:00+00:00', '--job-id', '845', '--raw', '--subdir', 'DAGS_FOLDER/third_dag.py', '--cfg-path', '/tmp/tmpai23k720']
[2023-02-02T09:21:20.927+0000] {standard_task_runner.py:83} INFO - Job 845: Subtask second_task
[2023-02-02T09:21:23.703+0000] {task_command.py:388} INFO - Running <TaskInstance: our_first_dag_v3.second_task scheduled__2021-08-14T00:00:00+00:00 [running]> on host 178c757a8fee
[2023-02-02T09:21:25.138+0000] {taskinstance.py:1509} INFO - Exporting the following env vars:
AIRFLOW_CTX_DAG_OWNER=archana
AIRFLOW_CTX_DAG_ID=our_first_dag_v3
AIRFLOW_CTX_TASK_ID=second_task
AIRFLOW_CTX_EXECUTION_DATE=2021-08-14T00:00:00+00:00
AIRFLOW_CTX_TRY_NUMBER=1
AIRFLOW_CTX_DAG_RUN_ID=scheduled__2021-08-14T00:00:00+00:00
[2023-02-02T09:21:25.158+0000] {subprocess.py:63} INFO - Tmp dir root location: 
 /tmp
[2023-02-02T09:21:25.178+0000] {subprocess.py:75} INFO - Running command: ['/bin/bash', '-c', 'echo hey, I am task2 and will be running after the task1']
[2023-02-02T09:21:25.549+0000] {subprocess.py:86} INFO - Output:
[2023-02-02T09:21:25.624+0000] {subprocess.py:93} INFO - hey, I am task2 and will be running after the task1
[2023-02-02T09:21:25.636+0000] {subprocess.py:97} INFO - Command exited with return code 0
[2023-02-02T09:21:26.436+0000] {taskinstance.py:1323} INFO - Marking task as SUCCESS. dag_id=our_first_dag_v3, task_id=second_task, execution_date=20210814T000000, start_date=20230202T092119, end_date=20230202T092126
[2023-02-02T09:21:29.799+0000] {local_task_job.py:208} INFO - Task exited with return code 0
[2023-02-02T09:21:31.986+0000] {taskinstance.py:2578} INFO - 0 downstream tasks scheduled from follow-on schedule check
