[2023-02-02T05:17:29.081+0000] {taskinstance.py:1083} INFO - Dependencies all met for <TaskInstance: our_first_dag_v4.third_task scheduled__2022-01-27T00:00:00+00:00 [queued]>
[2023-02-02T05:17:29.136+0000] {taskinstance.py:1083} INFO - Dependencies all met for <TaskInstance: our_first_dag_v4.third_task scheduled__2022-01-27T00:00:00+00:00 [queued]>
[2023-02-02T05:17:29.139+0000] {taskinstance.py:1279} INFO - 
--------------------------------------------------------------------------------
[2023-02-02T05:17:29.148+0000] {taskinstance.py:1280} INFO - Starting attempt 1 of 6
[2023-02-02T05:17:29.161+0000] {taskinstance.py:1281} INFO - 
--------------------------------------------------------------------------------
[2023-02-02T05:17:29.233+0000] {taskinstance.py:1300} INFO - Executing <Task(BashOperator): third_task> on 2022-01-27 00:00:00+00:00
[2023-02-02T05:17:29.347+0000] {standard_task_runner.py:82} INFO - Running: ['***', 'tasks', 'run', 'our_first_dag_v4', 'third_task', 'scheduled__2022-01-27T00:00:00+00:00', '--job-id', '578', '--raw', '--subdir', 'DAGS_FOLDER/our_first_dag.py', '--cfg-path', '/tmp/tmpu_hd79gw']
[2023-02-02T05:17:29.354+0000] {standard_task_runner.py:83} INFO - Job 578: Subtask third_task
[2023-02-02T05:17:29.289+0000] {standard_task_runner.py:55} INFO - Started process 4580 to run task
[2023-02-02T05:17:30.085+0000] {task_command.py:388} INFO - Running <TaskInstance: our_first_dag_v4.third_task scheduled__2022-01-27T00:00:00+00:00 [running]> on host 178c757a8fee
[2023-02-02T05:17:31.258+0000] {taskinstance.py:1509} INFO - Exporting the following env vars:
AIRFLOW_CTX_DAG_OWNER=archana
AIRFLOW_CTX_DAG_ID=our_first_dag_v4
AIRFLOW_CTX_TASK_ID=third_task
AIRFLOW_CTX_EXECUTION_DATE=2022-01-27T00:00:00+00:00
AIRFLOW_CTX_TRY_NUMBER=1
AIRFLOW_CTX_DAG_RUN_ID=scheduled__2022-01-27T00:00:00+00:00
[2023-02-02T05:17:31.307+0000] {subprocess.py:63} INFO - Tmp dir root location: 
 /tmp
[2023-02-02T05:17:31.335+0000] {subprocess.py:75} INFO - Running command: ['/bin/bash', '-c', 'echo hey, I am task3 and will be running after task1 as task2']
[2023-02-02T05:17:31.625+0000] {subprocess.py:86} INFO - Output:
[2023-02-02T05:17:31.633+0000] {subprocess.py:93} INFO - hey, I am task3 and will be running after task1 as task2
[2023-02-02T05:17:31.636+0000] {subprocess.py:97} INFO - Command exited with return code 0
[2023-02-02T05:17:32.032+0000] {taskinstance.py:1323} INFO - Marking task as SUCCESS. dag_id=our_first_dag_v4, task_id=third_task, execution_date=20220127T000000, start_date=20230202T051729, end_date=20230202T051732
[2023-02-02T05:17:32.773+0000] {local_task_job.py:208} INFO - Task exited with return code 0
[2023-02-02T05:17:32.988+0000] {taskinstance.py:2578} INFO - 0 downstream tasks scheduled from follow-on schedule check
