[2023-02-02T05:13:50.482+0000] {taskinstance.py:1083} INFO - Dependencies all met for <TaskInstance: our_first_dag_v4.first_task scheduled__2021-11-15T00:00:00+00:00 [queued]>
[2023-02-02T05:13:50.640+0000] {taskinstance.py:1083} INFO - Dependencies all met for <TaskInstance: our_first_dag_v4.first_task scheduled__2021-11-15T00:00:00+00:00 [queued]>
[2023-02-02T05:13:50.643+0000] {taskinstance.py:1279} INFO - 
--------------------------------------------------------------------------------
[2023-02-02T05:13:50.667+0000] {taskinstance.py:1280} INFO - Starting attempt 1 of 6
[2023-02-02T05:13:50.670+0000] {taskinstance.py:1281} INFO - 
--------------------------------------------------------------------------------
[2023-02-02T05:13:50.832+0000] {taskinstance.py:1300} INFO - Executing <Task(BashOperator): first_task> on 2021-11-15 00:00:00+00:00
[2023-02-02T05:13:50.868+0000] {standard_task_runner.py:55} INFO - Started process 3735 to run task
[2023-02-02T05:13:51.005+0000] {standard_task_runner.py:82} INFO - Running: ['***', 'tasks', 'run', 'our_first_dag_v4', 'first_task', 'scheduled__2021-11-15T00:00:00+00:00', '--job-id', '334', '--raw', '--subdir', 'DAGS_FOLDER/our_first_dag.py', '--cfg-path', '/tmp/tmpvvq_ntnk']
[2023-02-02T05:13:51.020+0000] {standard_task_runner.py:83} INFO - Job 334: Subtask first_task
[2023-02-02T05:13:51.957+0000] {task_command.py:388} INFO - Running <TaskInstance: our_first_dag_v4.first_task scheduled__2021-11-15T00:00:00+00:00 [running]> on host 178c757a8fee
[2023-02-02T05:13:53.166+0000] {taskinstance.py:1509} INFO - Exporting the following env vars:
AIRFLOW_CTX_DAG_OWNER=archana
AIRFLOW_CTX_DAG_ID=our_first_dag_v4
AIRFLOW_CTX_TASK_ID=first_task
AIRFLOW_CTX_EXECUTION_DATE=2021-11-15T00:00:00+00:00
AIRFLOW_CTX_TRY_NUMBER=1
AIRFLOW_CTX_DAG_RUN_ID=scheduled__2021-11-15T00:00:00+00:00
[2023-02-02T05:13:53.203+0000] {subprocess.py:63} INFO - Tmp dir root location: 
 /tmp
[2023-02-02T05:13:53.211+0000] {subprocess.py:75} INFO - Running command: ['/bin/bash', '-c', 'echo hello world, this is the first task!']
[2023-02-02T05:13:53.526+0000] {subprocess.py:86} INFO - Output:
[2023-02-02T05:13:53.555+0000] {subprocess.py:93} INFO - hello world, this is the first task!
[2023-02-02T05:13:53.573+0000] {subprocess.py:97} INFO - Command exited with return code 0
[2023-02-02T05:13:53.832+0000] {taskinstance.py:1323} INFO - Marking task as SUCCESS. dag_id=our_first_dag_v4, task_id=first_task, execution_date=20211115T000000, start_date=20230202T051350, end_date=20230202T051353
[2023-02-02T05:13:54.915+0000] {local_task_job.py:208} INFO - Task exited with return code 0
[2023-02-02T05:13:55.698+0000] {taskinstance.py:2578} INFO - 2 downstream tasks scheduled from follow-on schedule check
