[2023-02-03T04:40:08.106+0000] {taskinstance.py:1083} INFO - Dependencies all met for <TaskInstance: dag_with_taskflow_api_v01.get_age scheduled__2023-02-02T00:00:00+00:00 [queued]>
[2023-02-03T04:40:08.618+0000] {taskinstance.py:1083} INFO - Dependencies all met for <TaskInstance: dag_with_taskflow_api_v01.get_age scheduled__2023-02-02T00:00:00+00:00 [queued]>
[2023-02-03T04:40:08.686+0000] {taskinstance.py:1279} INFO - 
--------------------------------------------------------------------------------
[2023-02-03T04:40:08.701+0000] {taskinstance.py:1280} INFO - Starting attempt 1 of 6
[2023-02-03T04:40:08.738+0000] {taskinstance.py:1281} INFO - 
--------------------------------------------------------------------------------
[2023-02-03T04:40:10.359+0000] {taskinstance.py:1300} INFO - Executing <Task(_PythonDecoratedOperator): get_age> on 2023-02-02 00:00:00+00:00
[2023-02-03T04:40:10.608+0000] {standard_task_runner.py:55} INFO - Started process 105 to run task
[2023-02-03T04:40:10.743+0000] {standard_task_runner.py:82} INFO - Running: ['***', 'tasks', 'run', 'dag_with_taskflow_api_v01', 'get_age', 'scheduled__2023-02-02T00:00:00+00:00', '--job-id', '1353', '--raw', '--subdir', 'DAGS_FOLDER/dag_with_taskflow_api.py', '--cfg-path', '/tmp/tmph2rzn18s']
[2023-02-03T04:40:10.759+0000] {standard_task_runner.py:83} INFO - Job 1353: Subtask get_age
[2023-02-03T04:40:11.501+0000] {task_command.py:388} INFO - Running <TaskInstance: dag_with_taskflow_api_v01.get_age scheduled__2023-02-02T00:00:00+00:00 [running]> on host 178c757a8fee
[2023-02-03T04:40:12.336+0000] {taskinstance.py:1509} INFO - Exporting the following env vars:
AIRFLOW_CTX_DAG_OWNER=archana
AIRFLOW_CTX_DAG_ID=dag_with_taskflow_api_v01
AIRFLOW_CTX_TASK_ID=get_age
AIRFLOW_CTX_EXECUTION_DATE=2023-02-02T00:00:00+00:00
AIRFLOW_CTX_TRY_NUMBER=1
AIRFLOW_CTX_DAG_RUN_ID=scheduled__2023-02-02T00:00:00+00:00
[2023-02-03T04:40:12.350+0000] {python.py:177} INFO - Done. Returned value was: 3
[2023-02-03T04:40:12.494+0000] {taskinstance.py:1323} INFO - Marking task as SUCCESS. dag_id=dag_with_taskflow_api_v01, task_id=get_age, execution_date=20230202T000000, start_date=20230203T044008, end_date=20230203T044012
[2023-02-03T04:40:12.866+0000] {local_task_job.py:208} INFO - Task exited with return code 0
[2023-02-03T04:40:13.050+0000] {taskinstance.py:2578} INFO - 0 downstream tasks scheduled from follow-on schedule check
