[2023-02-02T05:16:39.002+0000] {taskinstance.py:1083} INFO - Dependencies all met for <TaskInstance: our_first_dag_v4.second_task scheduled__2022-01-07T00:00:00+00:00 [queued]>
[2023-02-02T05:16:39.091+0000] {taskinstance.py:1083} INFO - Dependencies all met for <TaskInstance: our_first_dag_v4.second_task scheduled__2022-01-07T00:00:00+00:00 [queued]>
[2023-02-02T05:16:39.094+0000] {taskinstance.py:1279} INFO - 
--------------------------------------------------------------------------------
[2023-02-02T05:16:39.095+0000] {taskinstance.py:1280} INFO - Starting attempt 1 of 6
[2023-02-02T05:16:39.097+0000] {taskinstance.py:1281} INFO - 
--------------------------------------------------------------------------------
[2023-02-02T05:16:39.267+0000] {taskinstance.py:1300} INFO - Executing <Task(BashOperator): second_task> on 2022-01-07 00:00:00+00:00
[2023-02-02T05:16:39.334+0000] {standard_task_runner.py:55} INFO - Started process 4378 to run task
[2023-02-02T05:16:39.539+0000] {standard_task_runner.py:82} INFO - Running: ['***', 'tasks', 'run', 'our_first_dag_v4', 'second_task', 'scheduled__2022-01-07T00:00:00+00:00', '--job-id', '518', '--raw', '--subdir', 'DAGS_FOLDER/our_first_dag.py', '--cfg-path', '/tmp/tmpd8luadrm']
[2023-02-02T05:16:39.567+0000] {standard_task_runner.py:83} INFO - Job 518: Subtask second_task
[2023-02-02T05:16:40.659+0000] {task_command.py:388} INFO - Running <TaskInstance: our_first_dag_v4.second_task scheduled__2022-01-07T00:00:00+00:00 [running]> on host 178c757a8fee
[2023-02-02T05:16:41.495+0000] {taskinstance.py:1509} INFO - Exporting the following env vars:
AIRFLOW_CTX_DAG_OWNER=archana
AIRFLOW_CTX_DAG_ID=our_first_dag_v4
AIRFLOW_CTX_TASK_ID=second_task
AIRFLOW_CTX_EXECUTION_DATE=2022-01-07T00:00:00+00:00
AIRFLOW_CTX_TRY_NUMBER=1
AIRFLOW_CTX_DAG_RUN_ID=scheduled__2022-01-07T00:00:00+00:00
[2023-02-02T05:16:41.507+0000] {subprocess.py:63} INFO - Tmp dir root location: 
 /tmp
[2023-02-02T05:16:41.520+0000] {subprocess.py:75} INFO - Running command: ['/bin/bash', '-c', 'echo hey, I am task2 and will be running after the task1']
[2023-02-02T05:16:41.711+0000] {subprocess.py:86} INFO - Output:
[2023-02-02T05:16:41.742+0000] {subprocess.py:93} INFO - hey, I am task2 and will be running after the task1
[2023-02-02T05:16:41.748+0000] {subprocess.py:97} INFO - Command exited with return code 0
[2023-02-02T05:16:42.026+0000] {taskinstance.py:1323} INFO - Marking task as SUCCESS. dag_id=our_first_dag_v4, task_id=second_task, execution_date=20220107T000000, start_date=20230202T051639, end_date=20230202T051642
[2023-02-02T05:16:42.594+0000] {local_task_job.py:208} INFO - Task exited with return code 0
[2023-02-02T05:16:43.165+0000] {taskinstance.py:2578} INFO - 0 downstream tasks scheduled from follow-on schedule check
