[2023-02-02T09:23:07.086+0000] {taskinstance.py:1083} INFO - Dependencies all met for <TaskInstance: our_first_dag_v3.second_task scheduled__2021-08-25T00:00:00+00:00 [queued]>
[2023-02-02T09:23:07.553+0000] {taskinstance.py:1083} INFO - Dependencies all met for <TaskInstance: our_first_dag_v3.second_task scheduled__2021-08-25T00:00:00+00:00 [queued]>
[2023-02-02T09:23:07.556+0000] {taskinstance.py:1279} INFO - 
--------------------------------------------------------------------------------
[2023-02-02T09:23:07.560+0000] {taskinstance.py:1280} INFO - Starting attempt 1 of 6
[2023-02-02T09:23:07.584+0000] {taskinstance.py:1281} INFO - 
--------------------------------------------------------------------------------
[2023-02-02T09:23:08.883+0000] {taskinstance.py:1300} INFO - Executing <Task(BashOperator): second_task> on 2021-08-25 00:00:00+00:00
[2023-02-02T09:23:09.565+0000] {standard_task_runner.py:55} INFO - Started process 3066 to run task
[2023-02-02T09:23:10.349+0000] {standard_task_runner.py:82} INFO - Running: ['***', 'tasks', 'run', 'our_first_dag_v3', 'second_task', 'scheduled__2021-08-25T00:00:00+00:00', '--job-id', '898', '--raw', '--subdir', 'DAGS_FOLDER/third_dag.py', '--cfg-path', '/tmp/tmph25j7vyt']
[2023-02-02T09:23:10.633+0000] {standard_task_runner.py:83} INFO - Job 898: Subtask second_task
[2023-02-02T09:23:15.943+0000] {task_command.py:388} INFO - Running <TaskInstance: our_first_dag_v3.second_task scheduled__2021-08-25T00:00:00+00:00 [running]> on host 178c757a8fee
[2023-02-02T09:23:20.668+0000] {taskinstance.py:1509} INFO - Exporting the following env vars:
AIRFLOW_CTX_DAG_OWNER=archana
AIRFLOW_CTX_DAG_ID=our_first_dag_v3
AIRFLOW_CTX_TASK_ID=second_task
AIRFLOW_CTX_EXECUTION_DATE=2021-08-25T00:00:00+00:00
AIRFLOW_CTX_TRY_NUMBER=1
AIRFLOW_CTX_DAG_RUN_ID=scheduled__2021-08-25T00:00:00+00:00
[2023-02-02T09:23:20.746+0000] {subprocess.py:63} INFO - Tmp dir root location: 
 /tmp
[2023-02-02T09:23:20.808+0000] {subprocess.py:75} INFO - Running command: ['/bin/bash', '-c', 'echo hey, I am task2 and will be running after the task1']
[2023-02-02T09:23:21.885+0000] {subprocess.py:86} INFO - Output:
[2023-02-02T09:23:22.176+0000] {subprocess.py:93} INFO - hey, I am task2 and will be running after the task1
[2023-02-02T09:23:22.220+0000] {subprocess.py:97} INFO - Command exited with return code 0
[2023-02-02T09:23:23.857+0000] {taskinstance.py:1323} INFO - Marking task as SUCCESS. dag_id=our_first_dag_v3, task_id=second_task, execution_date=20210825T000000, start_date=20230202T092307, end_date=20230202T092323
[2023-02-02T09:23:31.174+0000] {local_task_job.py:208} INFO - Task exited with return code 0
[2023-02-02T09:23:32.394+0000] {taskinstance.py:2578} INFO - 0 downstream tasks scheduled from follow-on schedule check
