[2023-02-02T09:27:30.110+0000] {taskinstance.py:1083} INFO - Dependencies all met for <TaskInstance: our_first_dag_v3.second_task scheduled__2021-09-03T00:00:00+00:00 [queued]>
[2023-02-02T09:27:35.693+0000] {taskinstance.py:1083} INFO - Dependencies all met for <TaskInstance: our_first_dag_v3.second_task scheduled__2021-09-03T00:00:00+00:00 [queued]>
[2023-02-02T09:27:35.861+0000] {taskinstance.py:1279} INFO - 
--------------------------------------------------------------------------------
[2023-02-02T09:27:35.879+0000] {taskinstance.py:1280} INFO - Starting attempt 1 of 6
[2023-02-02T09:27:35.904+0000] {taskinstance.py:1281} INFO - 
--------------------------------------------------------------------------------
[2023-02-02T09:27:46.590+0000] {taskinstance.py:1300} INFO - Executing <Task(BashOperator): second_task> on 2021-09-03 00:00:00+00:00
[2023-02-02T09:27:47.938+0000] {standard_task_runner.py:55} INFO - Started process 3373 to run task
[2023-02-02T09:27:49.020+0000] {standard_task_runner.py:82} INFO - Running: ['***', 'tasks', 'run', 'our_first_dag_v3', 'second_task', 'scheduled__2021-09-03T00:00:00+00:00', '--job-id', '959', '--raw', '--subdir', 'DAGS_FOLDER/third_dag.py', '--cfg-path', '/tmp/tmpgzzlqpds']
[2023-02-02T09:27:49.236+0000] {standard_task_runner.py:83} INFO - Job 959: Subtask second_task
[2023-02-02T09:27:58.763+0000] {task_command.py:388} INFO - Running <TaskInstance: our_first_dag_v3.second_task scheduled__2021-09-03T00:00:00+00:00 [running]> on host 178c757a8fee
[2023-02-02T09:28:08.293+0000] {taskinstance.py:1509} INFO - Exporting the following env vars:
AIRFLOW_CTX_DAG_OWNER=archana
AIRFLOW_CTX_DAG_ID=our_first_dag_v3
AIRFLOW_CTX_TASK_ID=second_task
AIRFLOW_CTX_EXECUTION_DATE=2021-09-03T00:00:00+00:00
AIRFLOW_CTX_TRY_NUMBER=1
AIRFLOW_CTX_DAG_RUN_ID=scheduled__2021-09-03T00:00:00+00:00
[2023-02-02T09:28:08.371+0000] {subprocess.py:63} INFO - Tmp dir root location: 
 /tmp
[2023-02-02T09:28:08.376+0000] {subprocess.py:75} INFO - Running command: ['/bin/bash', '-c', 'echo hey, I am task2 and will be running after the task1']
[2023-02-02T09:28:08.827+0000] {subprocess.py:86} INFO - Output:
[2023-02-02T09:28:08.866+0000] {subprocess.py:93} INFO - hey, I am task2 and will be running after the task1
[2023-02-02T09:28:08.880+0000] {subprocess.py:97} INFO - Command exited with return code 0
[2023-02-02T09:28:11.602+0000] {taskinstance.py:1323} INFO - Marking task as SUCCESS. dag_id=our_first_dag_v3, task_id=second_task, execution_date=20210903T000000, start_date=20230202T092730, end_date=20230202T092811
[2023-02-02T09:28:19.698+0000] {local_task_job.py:208} INFO - Task exited with return code 0
[2023-02-02T09:28:21.046+0000] {taskinstance.py:2578} INFO - 0 downstream tasks scheduled from follow-on schedule check
