[2023-02-01T06:18:29.168+0000] {taskinstance.py:1083} INFO - Dependencies all met for <TaskInstance: our_first_dag.first_task scheduled__2021-09-21T00:00:00+00:00 [queued]>
[2023-02-01T06:18:29.459+0000] {taskinstance.py:1083} INFO - Dependencies all met for <TaskInstance: our_first_dag.first_task scheduled__2021-09-21T00:00:00+00:00 [queued]>
[2023-02-01T06:18:29.465+0000] {taskinstance.py:1279} INFO - 
--------------------------------------------------------------------------------
[2023-02-01T06:18:29.468+0000] {taskinstance.py:1280} INFO - Starting attempt 1 of 6
[2023-02-01T06:18:29.474+0000] {taskinstance.py:1281} INFO - 
--------------------------------------------------------------------------------
[2023-02-01T06:18:29.711+0000] {taskinstance.py:1300} INFO - Executing <Task(BashOperator): first_task> on 2021-09-21 00:00:00+00:00
[2023-02-01T06:18:29.826+0000] {standard_task_runner.py:55} INFO - Started process 2883 to run task
[2023-02-01T06:18:29.962+0000] {standard_task_runner.py:82} INFO - Running: ['***', 'tasks', 'run', 'our_first_dag', 'first_task', 'scheduled__2021-09-21T00:00:00+00:00', '--job-id', '90', '--raw', '--subdir', 'DAGS_FOLDER/our_first_dag.py', '--cfg-path', '/tmp/tmpphkl1c1p']
[2023-02-01T06:18:29.971+0000] {standard_task_runner.py:83} INFO - Job 90: Subtask first_task
[2023-02-01T06:18:36.503+0000] {task_command.py:388} INFO - Running <TaskInstance: our_first_dag.first_task scheduled__2021-09-21T00:00:00+00:00 [running]> on host b58e6c3ede27
[2023-02-01T06:18:44.587+0000] {taskinstance.py:1509} INFO - Exporting the following env vars:
AIRFLOW_CTX_DAG_OWNER=archana
AIRFLOW_CTX_DAG_ID=our_first_dag
AIRFLOW_CTX_TASK_ID=first_task
AIRFLOW_CTX_EXECUTION_DATE=2021-09-21T00:00:00+00:00
AIRFLOW_CTX_TRY_NUMBER=1
AIRFLOW_CTX_DAG_RUN_ID=scheduled__2021-09-21T00:00:00+00:00
[2023-02-01T06:18:45.937+0000] {subprocess.py:63} INFO - Tmp dir root location: 
 /tmp
[2023-02-01T06:18:46.620+0000] {subprocess.py:75} INFO - Running command: ['/bin/bash', '-c', 'echo hello world, this is the first task!']
[2023-02-01T06:18:49.985+0000] {subprocess.py:86} INFO - Output:
[2023-02-01T06:18:50.977+0000] {subprocess.py:93} INFO - hello world, this is the first task!
[2023-02-01T06:18:51.124+0000] {subprocess.py:97} INFO - Command exited with return code 0
