[2023-02-02T05:18:07.419+0000] {taskinstance.py:1083} INFO - Dependencies all met for <TaskInstance: our_dag_with_python_operator_v07.get_name scheduled__2021-10-20T00:00:00+00:00 [queued]>
[2023-02-02T05:18:07.531+0000] {taskinstance.py:1083} INFO - Dependencies all met for <TaskInstance: our_dag_with_python_operator_v07.get_name scheduled__2021-10-20T00:00:00+00:00 [queued]>
[2023-02-02T05:18:07.534+0000] {taskinstance.py:1279} INFO - 
--------------------------------------------------------------------------------
[2023-02-02T05:18:07.535+0000] {taskinstance.py:1280} INFO - Starting attempt 1 of 6
[2023-02-02T05:18:07.536+0000] {taskinstance.py:1281} INFO - 
--------------------------------------------------------------------------------
[2023-02-02T05:18:07.716+0000] {taskinstance.py:1300} INFO - Executing <Task(PythonOperator): get_name> on 2021-10-20 00:00:00+00:00
[2023-02-02T05:18:07.769+0000] {standard_task_runner.py:55} INFO - Started process 4701 to run task
[2023-02-02T05:18:07.846+0000] {standard_task_runner.py:82} INFO - Running: ['***', 'tasks', 'run', 'our_dag_with_python_operator_v07', 'get_name', 'scheduled__2021-10-20T00:00:00+00:00', '--job-id', '622', '--raw', '--subdir', 'DAGS_FOLDER/dag_python_operator.py', '--cfg-path', '/tmp/tmpwbiom3_b']
[2023-02-02T05:18:07.849+0000] {standard_task_runner.py:83} INFO - Job 622: Subtask get_name
[2023-02-02T05:18:09.121+0000] {task_command.py:388} INFO - Running <TaskInstance: our_dag_with_python_operator_v07.get_name scheduled__2021-10-20T00:00:00+00:00 [running]> on host 178c757a8fee
[2023-02-02T05:18:09.801+0000] {taskinstance.py:1509} INFO - Exporting the following env vars:
AIRFLOW_CTX_DAG_OWNER=coder2j
AIRFLOW_CTX_DAG_ID=our_dag_with_python_operator_v07
AIRFLOW_CTX_TASK_ID=get_name
AIRFLOW_CTX_EXECUTION_DATE=2021-10-20T00:00:00+00:00
AIRFLOW_CTX_TRY_NUMBER=1
AIRFLOW_CTX_DAG_RUN_ID=scheduled__2021-10-20T00:00:00+00:00
[2023-02-02T05:18:09.922+0000] {python.py:177} INFO - Done. Returned value was: None
[2023-02-02T05:18:10.066+0000] {taskinstance.py:1323} INFO - Marking task as SUCCESS. dag_id=our_dag_with_python_operator_v07, task_id=get_name, execution_date=20211020T000000, start_date=20230202T051807, end_date=20230202T051810
[2023-02-02T05:18:10.371+0000] {local_task_job.py:208} INFO - Task exited with return code 0
[2023-02-02T05:18:10.689+0000] {taskinstance.py:2578} INFO - 1 downstream tasks scheduled from follow-on schedule check
