[2023-02-02T05:17:51.633+0000] {taskinstance.py:1083} INFO - Dependencies all met for <TaskInstance: our_first_dag_v4.third_task scheduled__2022-02-01T00:00:00+00:00 [queued]>
[2023-02-02T05:17:51.732+0000] {taskinstance.py:1083} INFO - Dependencies all met for <TaskInstance: our_first_dag_v4.third_task scheduled__2022-02-01T00:00:00+00:00 [queued]>
[2023-02-02T05:17:51.738+0000] {taskinstance.py:1279} INFO - 
--------------------------------------------------------------------------------
[2023-02-02T05:17:51.740+0000] {taskinstance.py:1280} INFO - Starting attempt 1 of 6
[2023-02-02T05:17:51.743+0000] {taskinstance.py:1281} INFO - 
--------------------------------------------------------------------------------
[2023-02-02T05:17:51.917+0000] {taskinstance.py:1300} INFO - Executing <Task(BashOperator): third_task> on 2022-02-01 00:00:00+00:00
[2023-02-02T05:17:51.943+0000] {standard_task_runner.py:55} INFO - Started process 4658 to run task
[2023-02-02T05:17:52.050+0000] {standard_task_runner.py:82} INFO - Running: ['***', 'tasks', 'run', 'our_first_dag_v4', 'third_task', 'scheduled__2022-02-01T00:00:00+00:00', '--job-id', '605', '--raw', '--subdir', 'DAGS_FOLDER/our_first_dag.py', '--cfg-path', '/tmp/tmpj9hfq0zk']
[2023-02-02T05:17:52.073+0000] {standard_task_runner.py:83} INFO - Job 605: Subtask third_task
[2023-02-02T05:17:53.084+0000] {task_command.py:388} INFO - Running <TaskInstance: our_first_dag_v4.third_task scheduled__2022-02-01T00:00:00+00:00 [running]> on host 178c757a8fee
[2023-02-02T05:17:54.050+0000] {taskinstance.py:1509} INFO - Exporting the following env vars:
AIRFLOW_CTX_DAG_OWNER=archana
AIRFLOW_CTX_DAG_ID=our_first_dag_v4
AIRFLOW_CTX_TASK_ID=third_task
AIRFLOW_CTX_EXECUTION_DATE=2022-02-01T00:00:00+00:00
AIRFLOW_CTX_TRY_NUMBER=1
AIRFLOW_CTX_DAG_RUN_ID=scheduled__2022-02-01T00:00:00+00:00
[2023-02-02T05:17:54.114+0000] {subprocess.py:63} INFO - Tmp dir root location: 
 /tmp
[2023-02-02T05:17:54.175+0000] {subprocess.py:75} INFO - Running command: ['/bin/bash', '-c', 'echo hey, I am task3 and will be running after task1 as task2']
[2023-02-02T05:17:54.423+0000] {subprocess.py:86} INFO - Output:
[2023-02-02T05:17:54.531+0000] {subprocess.py:93} INFO - hey, I am task3 and will be running after task1 as task2
[2023-02-02T05:17:54.539+0000] {subprocess.py:97} INFO - Command exited with return code 0
[2023-02-02T05:17:54.945+0000] {taskinstance.py:1323} INFO - Marking task as SUCCESS. dag_id=our_first_dag_v4, task_id=third_task, execution_date=20220201T000000, start_date=20230202T051751, end_date=20230202T051754
[2023-02-02T05:17:56.003+0000] {local_task_job.py:208} INFO - Task exited with return code 0
[2023-02-02T05:17:56.570+0000] {taskinstance.py:2578} INFO - 0 downstream tasks scheduled from follow-on schedule check
