[2023-02-02T11:24:47.856+0000] {taskinstance.py:1083} INFO - Dependencies all met for <TaskInstance: dag_with_catchup_backfill_v1.task1 scheduled__2022-11-10T00:00:00+00:00 [queued]>
[2023-02-02T11:24:48.815+0000] {taskinstance.py:1083} INFO - Dependencies all met for <TaskInstance: dag_with_catchup_backfill_v1.task1 scheduled__2022-11-10T00:00:00+00:00 [queued]>
[2023-02-02T11:24:48.913+0000] {taskinstance.py:1279} INFO - 
--------------------------------------------------------------------------------
[2023-02-02T11:24:48.925+0000] {taskinstance.py:1280} INFO - Starting attempt 4 of 6
[2023-02-02T11:24:48.937+0000] {taskinstance.py:1281} INFO - 
--------------------------------------------------------------------------------
[2023-02-02T11:24:49.513+0000] {taskinstance.py:1300} INFO - Executing <Task(BashOperator): task1> on 2022-11-10 00:00:00+00:00
[2023-02-02T11:24:49.816+0000] {standard_task_runner.py:55} INFO - Started process 9206 to run task
[2023-02-02T11:24:50.277+0000] {standard_task_runner.py:82} INFO - Running: ['***', 'tasks', 'run', 'dag_with_catchup_backfill_v1', 'task1', 'scheduled__2022-11-10T00:00:00+00:00', '--job-id', '1056', '--raw', '--subdir', 'DAGS_FOLDER/dag_with_catchup_and_backfill.py', '--cfg-path', '/tmp/tmp11e9_wju']
[2023-02-02T11:24:50.401+0000] {standard_task_runner.py:83} INFO - Job 1056: Subtask task1
[2023-02-02T11:24:54.470+0000] {task_command.py:388} INFO - Running <TaskInstance: dag_with_catchup_backfill_v1.task1 scheduled__2022-11-10T00:00:00+00:00 [running]> on host 178c757a8fee
[2023-02-02T11:24:59.020+0000] {taskinstance.py:1509} INFO - Exporting the following env vars:
AIRFLOW_CTX_DAG_OWNER=archana
AIRFLOW_CTX_DAG_ID=dag_with_catchup_backfill_v1
AIRFLOW_CTX_TASK_ID=task1
AIRFLOW_CTX_EXECUTION_DATE=2022-11-10T00:00:00+00:00
AIRFLOW_CTX_TRY_NUMBER=4
AIRFLOW_CTX_DAG_RUN_ID=scheduled__2022-11-10T00:00:00+00:00
[2023-02-02T11:24:59.389+0000] {subprocess.py:63} INFO - Tmp dir root location: 
 /tmp
[2023-02-02T11:24:59.599+0000] {subprocess.py:75} INFO - Running command: ['/bin/bash', '-c', 'This is a simple Bash Command!']
[2023-02-02T11:25:01.548+0000] {subprocess.py:86} INFO - Output:
[2023-02-02T11:25:01.740+0000] {subprocess.py:93} INFO - /bin/bash: line 1: This: command not found
[2023-02-02T11:25:01.764+0000] {subprocess.py:97} INFO - Command exited with return code 127
[2023-02-02T11:25:04.150+0000] {taskinstance.py:1768} ERROR - Task failed with exception
Traceback (most recent call last):
  File "/home/airflow/.local/lib/python3.7/site-packages/airflow/operators/bash.py", line 197, in execute
    f"Bash command failed. The command returned a non-zero exit code {result.exit_code}."
airflow.exceptions.AirflowException: Bash command failed. The command returned a non-zero exit code 127.
[2023-02-02T11:25:05.174+0000] {taskinstance.py:1323} INFO - Marking task as UP_FOR_RETRY. dag_id=dag_with_catchup_backfill_v1, task_id=task1, execution_date=20221110T000000, start_date=20230202T112448, end_date=20230202T112505
[2023-02-02T11:25:06.486+0000] {standard_task_runner.py:105} ERROR - Failed to execute job 1056 for task task1 (Bash command failed. The command returned a non-zero exit code 127.; 9206)
[2023-02-02T11:25:07.422+0000] {local_task_job.py:208} INFO - Task exited with return code 1
[2023-02-02T11:25:09.014+0000] {taskinstance.py:2578} INFO - 0 downstream tasks scheduled from follow-on schedule check
