[2023-02-02T09:22:18.446+0000] {taskinstance.py:1083} INFO - Dependencies all met for <TaskInstance: our_first_dag_v2.second_task scheduled__2021-08-21T00:00:00+00:00 [queued]>
[2023-02-02T09:22:19.925+0000] {taskinstance.py:1083} INFO - Dependencies all met for <TaskInstance: our_first_dag_v2.second_task scheduled__2021-08-21T00:00:00+00:00 [queued]>
[2023-02-02T09:22:20.045+0000] {taskinstance.py:1279} INFO - 
--------------------------------------------------------------------------------
[2023-02-02T09:22:20.065+0000] {taskinstance.py:1280} INFO - Starting attempt 1 of 6
[2023-02-02T09:22:20.084+0000] {taskinstance.py:1281} INFO - 
--------------------------------------------------------------------------------
[2023-02-02T09:22:21.688+0000] {taskinstance.py:1300} INFO - Executing <Task(BashOperator): second_task> on 2021-08-21 00:00:00+00:00
[2023-02-02T09:22:21.917+0000] {standard_task_runner.py:55} INFO - Started process 2990 to run task
[2023-02-02T09:22:22.419+0000] {standard_task_runner.py:82} INFO - Running: ['***', 'tasks', 'run', 'our_first_dag_v2', 'second_task', 'scheduled__2021-08-21T00:00:00+00:00', '--job-id', '876', '--raw', '--subdir', 'DAGS_FOLDER/second_dag.py', '--cfg-path', '/tmp/tmptg6b_m96']
[2023-02-02T09:22:22.517+0000] {standard_task_runner.py:83} INFO - Job 876: Subtask second_task
[2023-02-02T09:22:27.569+0000] {task_command.py:388} INFO - Running <TaskInstance: our_first_dag_v2.second_task scheduled__2021-08-21T00:00:00+00:00 [running]> on host 178c757a8fee
[2023-02-02T09:22:32.987+0000] {taskinstance.py:1509} INFO - Exporting the following env vars:
AIRFLOW_CTX_DAG_OWNER=archana
AIRFLOW_CTX_DAG_ID=our_first_dag_v2
AIRFLOW_CTX_TASK_ID=second_task
AIRFLOW_CTX_EXECUTION_DATE=2021-08-21T00:00:00+00:00
AIRFLOW_CTX_TRY_NUMBER=1
AIRFLOW_CTX_DAG_RUN_ID=scheduled__2021-08-21T00:00:00+00:00
[2023-02-02T09:22:33.502+0000] {subprocess.py:63} INFO - Tmp dir root location: 
 /tmp
[2023-02-02T09:22:33.734+0000] {subprocess.py:75} INFO - Running command: ['/bin/bash', '-c', 'echo hey, I am task2 and will be running after the task1']
[2023-02-02T09:22:35.975+0000] {subprocess.py:86} INFO - Output:
[2023-02-02T09:22:36.094+0000] {subprocess.py:93} INFO - hey, I am task2 and will be running after the task1
[2023-02-02T09:22:36.100+0000] {subprocess.py:97} INFO - Command exited with return code 0
[2023-02-02T09:22:37.455+0000] {taskinstance.py:1323} INFO - Marking task as SUCCESS. dag_id=our_first_dag_v2, task_id=second_task, execution_date=20210821T000000, start_date=20230202T092218, end_date=20230202T092237
[2023-02-02T09:22:40.079+0000] {local_task_job.py:208} INFO - Task exited with return code 0
[2023-02-02T09:22:41.475+0000] {taskinstance.py:2578} INFO - 0 downstream tasks scheduled from follow-on schedule check
