[2023-02-02T09:24:38.945+0000] {taskinstance.py:1083} INFO - Dependencies all met for <TaskInstance: our_first_dag_v3.first_task scheduled__2021-09-07T00:00:00+00:00 [queued]>
[2023-02-02T09:24:39.667+0000] {taskinstance.py:1083} INFO - Dependencies all met for <TaskInstance: our_first_dag_v3.first_task scheduled__2021-09-07T00:00:00+00:00 [queued]>
[2023-02-02T09:24:39.719+0000] {taskinstance.py:1279} INFO - 
--------------------------------------------------------------------------------
[2023-02-02T09:24:39.723+0000] {taskinstance.py:1280} INFO - Starting attempt 1 of 6
[2023-02-02T09:24:39.729+0000] {taskinstance.py:1281} INFO - 
--------------------------------------------------------------------------------
[2023-02-02T09:24:41.379+0000] {taskinstance.py:1300} INFO - Executing <Task(BashOperator): first_task> on 2021-09-07 00:00:00+00:00
[2023-02-02T09:24:41.648+0000] {standard_task_runner.py:55} INFO - Started process 3197 to run task
[2023-02-02T09:24:41.839+0000] {standard_task_runner.py:82} INFO - Running: ['***', 'tasks', 'run', 'our_first_dag_v3', 'first_task', 'scheduled__2021-09-07T00:00:00+00:00', '--job-id', '926', '--raw', '--subdir', 'DAGS_FOLDER/third_dag.py', '--cfg-path', '/tmp/tmpk91bucoj']
[2023-02-02T09:24:41.926+0000] {standard_task_runner.py:83} INFO - Job 926: Subtask first_task
[2023-02-02T09:24:47.228+0000] {task_command.py:388} INFO - Running <TaskInstance: our_first_dag_v3.first_task scheduled__2021-09-07T00:00:00+00:00 [running]> on host 178c757a8fee
[2023-02-02T09:24:56.107+0000] {taskinstance.py:1509} INFO - Exporting the following env vars:
AIRFLOW_CTX_DAG_OWNER=archana
AIRFLOW_CTX_DAG_ID=our_first_dag_v3
AIRFLOW_CTX_TASK_ID=first_task
AIRFLOW_CTX_EXECUTION_DATE=2021-09-07T00:00:00+00:00
AIRFLOW_CTX_TRY_NUMBER=1
AIRFLOW_CTX_DAG_RUN_ID=scheduled__2021-09-07T00:00:00+00:00
[2023-02-02T09:24:56.216+0000] {subprocess.py:63} INFO - Tmp dir root location: 
 /tmp
[2023-02-02T09:24:56.291+0000] {subprocess.py:75} INFO - Running command: ['/bin/bash', '-c', 'echo hello world, this is the first task!']
[2023-02-02T09:24:57.016+0000] {subprocess.py:86} INFO - Output:
[2023-02-02T09:24:57.156+0000] {subprocess.py:93} INFO - hello world, this is the first task!
[2023-02-02T09:24:57.173+0000] {subprocess.py:97} INFO - Command exited with return code 0
[2023-02-02T09:25:01.180+0000] {taskinstance.py:1323} INFO - Marking task as SUCCESS. dag_id=our_first_dag_v3, task_id=first_task, execution_date=20210907T000000, start_date=20230202T092439, end_date=20230202T092501
[2023-02-02T09:25:10.694+0000] {local_task_job.py:208} INFO - Task exited with return code 0
[2023-02-02T09:25:15.405+0000] {taskinstance.py:2578} INFO - 0 downstream tasks scheduled from follow-on schedule check
