[2023-02-01T04:25:38.358+0000] {taskinstance.py:1083} INFO - Dependencies all met for <TaskInstance: example_bash_operator.also_run_this scheduled__2023-01-31T00:00:00+00:00 [queued]>
[2023-02-01T04:25:38.410+0000] {taskinstance.py:1083} INFO - Dependencies all met for <TaskInstance: example_bash_operator.also_run_this scheduled__2023-01-31T00:00:00+00:00 [queued]>
[2023-02-01T04:25:38.412+0000] {taskinstance.py:1279} INFO - 
--------------------------------------------------------------------------------
[2023-02-01T04:25:38.414+0000] {taskinstance.py:1280} INFO - Starting attempt 1 of 1
[2023-02-01T04:25:38.431+0000] {taskinstance.py:1281} INFO - 
--------------------------------------------------------------------------------
[2023-02-01T04:25:38.491+0000] {taskinstance.py:1300} INFO - Executing <Task(BashOperator): also_run_this> on 2023-01-31 00:00:00+00:00
[2023-02-01T04:25:38.533+0000] {standard_task_runner.py:55} INFO - Started process 940 to run task
[2023-02-01T04:25:38.543+0000] {standard_task_runner.py:82} INFO - Running: ['***', 'tasks', 'run', 'example_bash_operator', 'also_run_this', 'scheduled__2023-01-31T00:00:00+00:00', '--job-id', '25', '--raw', '--subdir', '/home/***/.local/lib/python3.7/site-packages/***/example_dags/example_bash_operator.py', '--cfg-path', '/tmp/tmpl4e6_7y_']
[2023-02-01T04:25:38.546+0000] {standard_task_runner.py:83} INFO - Job 25: Subtask also_run_this
[2023-02-01T04:25:38.980+0000] {task_command.py:388} INFO - Running <TaskInstance: example_bash_operator.also_run_this scheduled__2023-01-31T00:00:00+00:00 [running]> on host 3206a4d67398
[2023-02-01T04:25:39.590+0000] {taskinstance.py:1509} INFO - Exporting the following env vars:
AIRFLOW_CTX_DAG_OWNER=***
AIRFLOW_CTX_DAG_ID=example_bash_operator
AIRFLOW_CTX_TASK_ID=also_run_this
AIRFLOW_CTX_EXECUTION_DATE=2023-01-31T00:00:00+00:00
AIRFLOW_CTX_TRY_NUMBER=1
AIRFLOW_CTX_DAG_RUN_ID=scheduled__2023-01-31T00:00:00+00:00
[2023-02-01T04:25:39.598+0000] {subprocess.py:63} INFO - Tmp dir root location: 
 /tmp
[2023-02-01T04:25:39.602+0000] {subprocess.py:75} INFO - Running command: ['/bin/bash', '-c', 'echo "ti_key=example_bash_operator__also_run_this__20230131"']
[2023-02-01T04:25:39.667+0000] {subprocess.py:86} INFO - Output:
[2023-02-01T04:25:39.672+0000] {subprocess.py:93} INFO - ti_key=example_bash_operator__also_run_this__20230131
[2023-02-01T04:25:39.674+0000] {subprocess.py:97} INFO - Command exited with return code 0
[2023-02-01T04:25:39.799+0000] {taskinstance.py:1323} INFO - Marking task as SUCCESS. dag_id=example_bash_operator, task_id=also_run_this, execution_date=20230131T000000, start_date=20230201T042538, end_date=20230201T042539
[2023-02-01T04:25:39.859+0000] {local_task_job.py:208} INFO - Task exited with return code 0
[2023-02-01T04:25:39.945+0000] {taskinstance.py:2578} INFO - 0 downstream tasks scheduled from follow-on schedule check
