[2023-02-01T06:15:41.668+0000] {taskinstance.py:1083} INFO - Dependencies all met for <TaskInstance: our_first_dag.first_task scheduled__2021-08-08T00:00:00+00:00 [queued]>
[2023-02-01T06:15:41.854+0000] {taskinstance.py:1083} INFO - Dependencies all met for <TaskInstance: our_first_dag.first_task scheduled__2021-08-08T00:00:00+00:00 [queued]>
[2023-02-01T06:15:41.856+0000] {taskinstance.py:1279} INFO - 
--------------------------------------------------------------------------------
[2023-02-01T06:15:41.858+0000] {taskinstance.py:1280} INFO - Starting attempt 1 of 6
[2023-02-01T06:15:41.861+0000] {taskinstance.py:1281} INFO - 
--------------------------------------------------------------------------------
[2023-02-01T06:15:42.217+0000] {taskinstance.py:1300} INFO - Executing <Task(BashOperator): first_task> on 2021-08-08 00:00:00+00:00
[2023-02-01T06:15:42.259+0000] {standard_task_runner.py:55} INFO - Started process 2665 to run task
[2023-02-01T06:15:42.337+0000] {standard_task_runner.py:82} INFO - Running: ['***', 'tasks', 'run', 'our_first_dag', 'first_task', 'scheduled__2021-08-08T00:00:00+00:00', '--job-id', '46', '--raw', '--subdir', 'DAGS_FOLDER/our_first_dag.py', '--cfg-path', '/tmp/tmpvtwwdw2x']
[2023-02-01T06:15:42.345+0000] {standard_task_runner.py:83} INFO - Job 46: Subtask first_task
[2023-02-01T06:15:44.277+0000] {task_command.py:388} INFO - Running <TaskInstance: our_first_dag.first_task scheduled__2021-08-08T00:00:00+00:00 [running]> on host b58e6c3ede27
[2023-02-01T06:15:48.200+0000] {taskinstance.py:1509} INFO - Exporting the following env vars:
AIRFLOW_CTX_DAG_OWNER=archana
AIRFLOW_CTX_DAG_ID=our_first_dag
AIRFLOW_CTX_TASK_ID=first_task
AIRFLOW_CTX_EXECUTION_DATE=2021-08-08T00:00:00+00:00
AIRFLOW_CTX_TRY_NUMBER=1
AIRFLOW_CTX_DAG_RUN_ID=scheduled__2021-08-08T00:00:00+00:00
[2023-02-01T06:15:48.329+0000] {subprocess.py:63} INFO - Tmp dir root location: 
 /tmp
[2023-02-01T06:15:48.429+0000] {subprocess.py:75} INFO - Running command: ['/bin/bash', '-c', 'echo hello world, this is the first task!']
[2023-02-01T06:15:49.399+0000] {subprocess.py:86} INFO - Output:
[2023-02-01T06:15:49.489+0000] {subprocess.py:93} INFO - hello world, this is the first task!
[2023-02-01T06:15:49.515+0000] {subprocess.py:97} INFO - Command exited with return code 0
[2023-02-01T06:15:50.429+0000] {taskinstance.py:1323} INFO - Marking task as SUCCESS. dag_id=our_first_dag, task_id=first_task, execution_date=20210808T000000, start_date=20230201T061541, end_date=20230201T061550
[2023-02-01T06:15:54.951+0000] {local_task_job.py:208} INFO - Task exited with return code 0
[2023-02-01T06:15:55.409+0000] {taskinstance.py:2578} INFO - 0 downstream tasks scheduled from follow-on schedule check
