[2023-02-02T05:17:48.194+0000] {taskinstance.py:1083} INFO - Dependencies all met for <TaskInstance: our_dag_with_python_operator_v07.get_age scheduled__2021-10-15T00:00:00+00:00 [queued]>
[2023-02-02T05:17:48.490+0000] {taskinstance.py:1083} INFO - Dependencies all met for <TaskInstance: our_dag_with_python_operator_v07.get_age scheduled__2021-10-15T00:00:00+00:00 [queued]>
[2023-02-02T05:17:48.499+0000] {taskinstance.py:1279} INFO - 
--------------------------------------------------------------------------------
[2023-02-02T05:17:48.501+0000] {taskinstance.py:1280} INFO - Starting attempt 1 of 6
[2023-02-02T05:17:48.508+0000] {taskinstance.py:1281} INFO - 
--------------------------------------------------------------------------------
[2023-02-02T05:17:49.010+0000] {taskinstance.py:1300} INFO - Executing <Task(PythonOperator): get_age> on 2021-10-15 00:00:00+00:00
[2023-02-02T05:17:49.232+0000] {standard_task_runner.py:82} INFO - Running: ['***', 'tasks', 'run', 'our_dag_with_python_operator_v07', 'get_age', 'scheduled__2021-10-15T00:00:00+00:00', '--job-id', '600', '--raw', '--subdir', 'DAGS_FOLDER/dag_python_operator.py', '--cfg-path', '/tmp/tmpulj9ir21']
[2023-02-02T05:17:49.240+0000] {standard_task_runner.py:83} INFO - Job 600: Subtask get_age
[2023-02-02T05:17:49.185+0000] {standard_task_runner.py:55} INFO - Started process 4650 to run task
[2023-02-02T05:17:49.900+0000] {task_command.py:388} INFO - Running <TaskInstance: our_dag_with_python_operator_v07.get_age scheduled__2021-10-15T00:00:00+00:00 [running]> on host 178c757a8fee
[2023-02-02T05:17:50.935+0000] {taskinstance.py:1509} INFO - Exporting the following env vars:
AIRFLOW_CTX_DAG_OWNER=coder2j
AIRFLOW_CTX_DAG_ID=our_dag_with_python_operator_v07
AIRFLOW_CTX_TASK_ID=get_age
AIRFLOW_CTX_EXECUTION_DATE=2021-10-15T00:00:00+00:00
AIRFLOW_CTX_TRY_NUMBER=1
AIRFLOW_CTX_DAG_RUN_ID=scheduled__2021-10-15T00:00:00+00:00
[2023-02-02T05:17:51.073+0000] {python.py:177} INFO - Done. Returned value was: None
[2023-02-02T05:17:51.187+0000] {taskinstance.py:1323} INFO - Marking task as SUCCESS. dag_id=our_dag_with_python_operator_v07, task_id=get_age, execution_date=20211015T000000, start_date=20230202T051748, end_date=20230202T051751
[2023-02-02T05:17:51.481+0000] {local_task_job.py:208} INFO - Task exited with return code 0
[2023-02-02T05:17:51.990+0000] {taskinstance.py:2578} INFO - 0 downstream tasks scheduled from follow-on schedule check
