[2023-02-01T04:19:42.965+0000] {taskinstance.py:1083} INFO - Dependencies all met for <TaskInstance: example_task_group_decorator.task_group_function__2.task_2 scheduled__2023-01-31T04:19:17.367861+00:00 [queued]>
[2023-02-01T04:19:42.997+0000] {taskinstance.py:1083} INFO - Dependencies all met for <TaskInstance: example_task_group_decorator.task_group_function__2.task_2 scheduled__2023-01-31T04:19:17.367861+00:00 [queued]>
[2023-02-01T04:19:42.999+0000] {taskinstance.py:1279} INFO - 
--------------------------------------------------------------------------------
[2023-02-01T04:19:43.001+0000] {taskinstance.py:1280} INFO - Starting attempt 1 of 1
[2023-02-01T04:19:43.002+0000] {taskinstance.py:1281} INFO - 
--------------------------------------------------------------------------------
[2023-02-01T04:19:43.049+0000] {taskinstance.py:1300} INFO - Executing <Task(_PythonDecoratedOperator): task_group_function__2.task_2> on 2023-01-31 04:19:17.367861+00:00
[2023-02-01T04:19:43.091+0000] {standard_task_runner.py:55} INFO - Started process 570 to run task
[2023-02-01T04:19:43.103+0000] {standard_task_runner.py:82} INFO - Running: ['***', 'tasks', 'run', 'example_task_group_decorator', 'task_group_function__2.task_2', 'scheduled__2023-01-31T04:19:17.367861+00:00', '--job-id', '18', '--raw', '--subdir', '/home/***/.local/lib/python3.7/site-packages/***/example_dags/example_task_group_decorator.py', '--cfg-path', '/tmp/tmpyd1m4dyq']
[2023-02-01T04:19:43.105+0000] {standard_task_runner.py:83} INFO - Job 18: Subtask task_group_function__2.task_2
[2023-02-01T04:19:43.520+0000] {task_command.py:388} INFO - Running <TaskInstance: example_task_group_decorator.task_group_function__2.task_2 scheduled__2023-01-31T04:19:17.367861+00:00 [running]> on host 3206a4d67398
[2023-02-01T04:19:43.918+0000] {taskinstance.py:1509} INFO - Exporting the following env vars:
AIRFLOW_CTX_DAG_OWNER=***
AIRFLOW_CTX_DAG_ID=example_task_group_decorator
AIRFLOW_CTX_TASK_ID=task_group_function__2.task_2
AIRFLOW_CTX_EXECUTION_DATE=2023-01-31T04:19:17.367861+00:00
AIRFLOW_CTX_TRY_NUMBER=1
AIRFLOW_CTX_DAG_RUN_ID=scheduled__2023-01-31T04:19:17.367861+00:00
[2023-02-01T04:19:43.929+0000] {python.py:177} INFO - Done. Returned value was: [ Task2 [ Task1 2 ] ]
[2023-02-01T04:19:44.317+0000] {taskinstance.py:1323} INFO - Marking task as SUCCESS. dag_id=example_task_group_decorator, task_id=task_group_function__2.task_2, execution_date=20230131T041917, start_date=20230201T041942, end_date=20230201T041944
[2023-02-01T04:19:44.793+0000] {local_task_job.py:208} INFO - Task exited with return code 0
[2023-02-01T04:19:45.030+0000] {taskinstance.py:2578} INFO - 0 downstream tasks scheduled from follow-on schedule check
