[2023-02-02T14:21:55.830+0000] {taskinstance.py:1083} INFO - Dependencies all met for <TaskInstance: dag_with_catchup_backfill_v1.task1 scheduled__2023-01-03T00:00:00+00:00 [queued]>
[2023-02-02T14:21:57.241+0000] {taskinstance.py:1083} INFO - Dependencies all met for <TaskInstance: dag_with_catchup_backfill_v1.task1 scheduled__2023-01-03T00:00:00+00:00 [queued]>
[2023-02-02T14:21:57.419+0000] {taskinstance.py:1279} INFO - 
--------------------------------------------------------------------------------
[2023-02-02T14:21:57.490+0000] {taskinstance.py:1280} INFO - Starting attempt 1 of 6
[2023-02-02T14:21:57.500+0000] {taskinstance.py:1281} INFO - 
--------------------------------------------------------------------------------
[2023-02-02T14:22:01.362+0000] {taskinstance.py:1300} INFO - Executing <Task(BashOperator): task1> on 2023-01-03 00:00:00+00:00
[2023-02-02T14:22:02.428+0000] {standard_task_runner.py:55} INFO - Started process 15485 to run task
[2023-02-02T14:22:03.341+0000] {standard_task_runner.py:82} INFO - Running: ['***', 'tasks', 'run', 'dag_with_catchup_backfill_v1', 'task1', 'scheduled__2023-01-03T00:00:00+00:00', '--job-id', '1312', '--raw', '--subdir', 'DAGS_FOLDER/dag_with_catchup_and_backfill.py', '--cfg-path', '/tmp/tmpd4gqz4od']
[2023-02-02T14:22:03.538+0000] {standard_task_runner.py:83} INFO - Job 1312: Subtask task1
[2023-02-02T14:22:20.823+0000] {task_command.py:388} INFO - Running <TaskInstance: dag_with_catchup_backfill_v1.task1 scheduled__2023-01-03T00:00:00+00:00 [running]> on host 178c757a8fee
[2023-02-02T14:22:51.962+0000] {taskinstance.py:1509} INFO - Exporting the following env vars:
AIRFLOW_CTX_DAG_OWNER=archana
AIRFLOW_CTX_DAG_ID=dag_with_catchup_backfill_v1
AIRFLOW_CTX_TASK_ID=task1
AIRFLOW_CTX_EXECUTION_DATE=2023-01-03T00:00:00+00:00
AIRFLOW_CTX_TRY_NUMBER=1
AIRFLOW_CTX_DAG_RUN_ID=scheduled__2023-01-03T00:00:00+00:00
[2023-02-02T14:22:53.595+0000] {subprocess.py:63} INFO - Tmp dir root location: 
 /tmp
[2023-02-02T14:22:54.813+0000] {subprocess.py:75} INFO - Running command: ['/bin/bash', '-c', 'echo This is a simple Bash Command!']
[2023-02-02T14:23:00.987+0000] {subprocess.py:86} INFO - Output:
[2023-02-02T14:23:03.746+0000] {subprocess.py:93} INFO - This is a simple Bash Command!
[2023-02-02T14:23:04.714+0000] {subprocess.py:97} INFO - Command exited with return code 0
[2023-02-02T14:23:37.867+0000] {taskinstance.py:1323} INFO - Marking task as SUCCESS. dag_id=dag_with_catchup_backfill_v1, task_id=task1, execution_date=20230103T000000, start_date=20230202T142156, end_date=20230202T142337
[2023-02-02T14:24:05.388+0000] {local_task_job.py:208} INFO - Task exited with return code 0
[2023-02-02T14:24:16.850+0000] {taskinstance.py:2578} INFO - 0 downstream tasks scheduled from follow-on schedule check
