[2023-02-02T09:21:22.477+0000] {taskinstance.py:1083} INFO - Dependencies all met for <TaskInstance: our_first_dag_v.first_task scheduled__2021-08-17T00:00:00+00:00 [queued]>
[2023-02-02T09:21:22.973+0000] {taskinstance.py:1083} INFO - Dependencies all met for <TaskInstance: our_first_dag_v.first_task scheduled__2021-08-17T00:00:00+00:00 [queued]>
[2023-02-02T09:21:22.979+0000] {taskinstance.py:1279} INFO - 
--------------------------------------------------------------------------------
[2023-02-02T09:21:22.981+0000] {taskinstance.py:1280} INFO - Starting attempt 1 of 6
[2023-02-02T09:21:22.983+0000] {taskinstance.py:1281} INFO - 
--------------------------------------------------------------------------------
[2023-02-02T09:21:23.821+0000] {taskinstance.py:1300} INFO - Executing <Task(BashOperator): first_task> on 2021-08-17 00:00:00+00:00
[2023-02-02T09:21:24.124+0000] {standard_task_runner.py:55} INFO - Started process 2878 to run task
[2023-02-02T09:21:24.292+0000] {standard_task_runner.py:82} INFO - Running: ['***', 'tasks', 'run', 'our_first_dag_v', 'first_task', 'scheduled__2021-08-17T00:00:00+00:00', '--job-id', '851', '--raw', '--subdir', 'DAGS_FOLDER/our_first_dag.py', '--cfg-path', '/tmp/tmprnxs_417']
[2023-02-02T09:21:24.325+0000] {standard_task_runner.py:83} INFO - Job 851: Subtask first_task
[2023-02-02T09:21:26.359+0000] {task_command.py:388} INFO - Running <TaskInstance: our_first_dag_v.first_task scheduled__2021-08-17T00:00:00+00:00 [running]> on host 178c757a8fee
[2023-02-02T09:21:32.208+0000] {taskinstance.py:1509} INFO - Exporting the following env vars:
AIRFLOW_CTX_DAG_OWNER=archana
AIRFLOW_CTX_DAG_ID=our_first_dag_v
AIRFLOW_CTX_TASK_ID=first_task
AIRFLOW_CTX_EXECUTION_DATE=2021-08-17T00:00:00+00:00
AIRFLOW_CTX_TRY_NUMBER=1
AIRFLOW_CTX_DAG_RUN_ID=scheduled__2021-08-17T00:00:00+00:00
[2023-02-02T09:21:32.276+0000] {subprocess.py:63} INFO - Tmp dir root location: 
 /tmp
[2023-02-02T09:21:32.405+0000] {subprocess.py:75} INFO - Running command: ['/bin/bash', '-c', 'echo hello world, this is the first task!']
[2023-02-02T09:21:34.078+0000] {subprocess.py:86} INFO - Output:
[2023-02-02T09:21:34.302+0000] {subprocess.py:93} INFO - hello world, this is the first task!
[2023-02-02T09:21:34.374+0000] {subprocess.py:97} INFO - Command exited with return code 0
[2023-02-02T09:21:37.150+0000] {taskinstance.py:1323} INFO - Marking task as SUCCESS. dag_id=our_first_dag_v, task_id=first_task, execution_date=20210817T000000, start_date=20230202T092122, end_date=20230202T092137
[2023-02-02T09:21:38.266+0000] {local_task_job.py:208} INFO - Task exited with return code 0
[2023-02-02T09:21:39.520+0000] {taskinstance.py:2578} INFO - 0 downstream tasks scheduled from follow-on schedule check
